[2024-03-27 14:44:28] [world] The Player <Tester> has changed their game-mode to Creative
[2024-03-27 15:01:14] [world] The Player <Tester> has changed their game-mode to Creative
[2024-03-27 15:01:19] [world] The Player <Tester> has changed their game-mode to Creative
[2024-03-27 20:12:27] [world] The Player <Tester> has changed their game-mode to Creative
[2024-03-27 22:37:16] [world] The Player <Tester> has changed their game-mode to Creative
[2024-03-27 22:51:42] [world] The Player <Feathery> has changed their game-mode to Creative
[2024-03-27 22:52:29] [world] The Player <Tester> has changed their game-mode to Creative
[2024-03-27 22:57:35] [world] The Player <Tester> has changed their game-mode to Creative
[2024-03-27 23:18:11] [world] The Player <Feathery> has changed their game-mode to Creative
[2024-03-27 23:26:06] [world] The Player <Char> has changed their game-mode to Creative
[2024-03-27 23:29:13] [world] The Player <Milk_Frog> has changed their game-mode to Creative
[2024-03-27 23:29:17] [world] The Player <Char> has changed their game-mode to Creative
[2024-03-27 23:29:42] [world] The Player <Char> has changed their game-mode to Creative
[2024-03-27 23:30:17] [world] The Player <Feathery> has changed their game-mode to Creative
[2024-03-27 23:38:07] [world] The Player <Feathery> has changed their game-mode to Creative
[2024-03-27 23:42:27] [world] The Player <Tester> has changed their game-mode to Creative
[2024-03-27 23:47:36] [world] The Player <xcpc> has changed their game-mode to Creative
[2024-03-27 23:48:47] [world_the_end] The Player <Tester> has changed their game-mode to Creative
[2024-03-27 23:56:54] [world_the_end] The Player <Tester> has changed their game-mode to Creative
[2024-03-28 00:07:57] [world_the_end] The Player <Tester> has changed their game-mode to Creative
[2024-03-28 00:15:25] [world] The Player <Char> has changed their game-mode to Creative
[2024-03-28 00:23:22] [world] The Player <Tester> has changed their game-mode to Creative
[2024-03-28 00:35:22] [world] The Player <Tester> has changed their game-mode to Creative
[2024-03-28 00:36:30] [world] The Player <Tester> has changed their game-mode to Creative
[2024-03-28 00:44:31] [world] The Player <Milk_Frog> has changed their game-mode to Creative
[2024-03-28 00:47:20] [world] The Player <Feathery> has changed their game-mode to Creative
[2024-03-28 00:50:01] [world] The Player <Tester> has changed their game-mode to Creative
