[2024-03-28 01:10:26] [world_the_end] The Player <Char> has changed their game-mode to Creative
[2024-03-28 02:04:27] [world_the_end] The Player <Tester> has changed their game-mode to Creative
[2024-03-28 02:33:34] [world_the_end] The Player <Tester> has changed their game-mode to Creative
[2024-03-28 02:44:43] [world] The Player <Tester> has changed their game-mode to Creative
[2024-03-28 02:56:00] [world_the_end] The Player <Tester> has changed their game-mode to Creative
[2024-03-28 02:59:33] [world_the_end] The Player <Tester> has changed their game-mode to Creative
[2024-03-28 03:00:21] [world_the_end] The Player <Tester> has changed their game-mode to Creative
[2024-03-28 03:56:44] [world] The Player <Milk_Frog> has changed their game-mode to Creative
[2024-03-28 11:44:24] [world] The Player <Tester> has changed their game-mode to Creative
[2024-03-28 12:30:01] [world] The Player <Char> has changed their game-mode to Creative
[2024-03-28 12:31:05] [world] The Player <Char> has changed their game-mode to Creative
[2024-03-28 14:17:29] [world_the_end] The Player <Milk_Frog> has changed their game-mode to Creative
[2024-03-28 14:17:39] [world] The Player <Char> has changed their game-mode to Creative
[2024-03-28 14:20:02] [world] The Player <Char> has changed their game-mode to Creative
[2024-03-28 14:32:53] [world] The Player <Tester> has changed their game-mode to Creative
[2024-03-28 14:46:40] [world] The Player <Tester> has changed their game-mode to Creative
[2024-03-28 15:12:31] [world] The Player <Char> has changed their game-mode to Creative
[2024-03-28 15:56:59] [world] The Player <Tester> has changed their game-mode to Creative
[2024-03-28 16:00:43] [world] The Player <Tester> has changed their game-mode to Creative
[2024-03-28 16:34:05] [world_the_end] The Player <Feathery> has changed their game-mode to Creative
[2024-03-28 16:34:32] [world_the_end] The Player <Feathery> has changed their game-mode to Creative
[2024-03-28 17:05:05] [world] The Player <Tester> has changed their game-mode to Creative
[2024-03-28 21:05:56] [world] The Player <Feathery> has changed their game-mode to Creative
[2024-03-28 21:07:52] [world] The Player <Char> has changed their game-mode to Creative
[2024-03-28 21:11:13] [world_the_end] The Player <Char> has changed their game-mode to Creative
[2024-03-28 21:12:23] [world_the_end] The Player <Feathery> has changed their game-mode to Creative
[2024-03-28 21:13:07] [world_the_end] The Player <Feathery> has changed their game-mode to Creative
[2024-03-29 17:09:50] [world] The Player <Tester> has changed their game-mode to Creative
[2024-03-29 17:10:43] [world] The Player <Tester> has changed their game-mode to Creative
[2024-03-29 17:12:13] [world] The Player <Tester> has changed their game-mode to Creative
[2024-03-29 17:23:12] [world] The Player <Tester> has changed their game-mode to Creative
[2024-03-29 17:29:22] [world] The Player <Tester> has changed their game-mode to Creative
[2024-03-29 17:33:13] [world] The Player <GolemDaWanderer> has changed their game-mode to Creative
[2024-03-29 18:16:14] [world] The Player <Tester> has changed their game-mode to Creative
[2024-03-29 18:30:12] [world] The Player <Tester> has changed their game-mode to Creative
[2024-03-29 21:36:50] [world] The Player <Tester> has changed their game-mode to Creative
[2024-03-29 21:38:10] [world] The Player <Tester> has changed their game-mode to Creative
[2024-03-29 22:09:11] [world] The Player <Tester> has changed their game-mode to Creative
