[2024-03-19 12:31:57] [%world%] The Player <Milk_Frog> has renamed an item to NNA
[2024-03-19 14:02:47] [%world%] The Player <somebody139> has renamed an item to The Feet Tickler
[2024-03-19 14:03:34] [%world%] The Player <sharky> has renamed an item to BEAST
[2024-03-19 14:38:40] [%world%] The Player <Rip_Dogwater> has renamed an item to LOL
[2024-03-19 15:00:07] [%world%] The Player <WienerDogFace> has renamed an item to Thicc Panties
[2024-03-19 15:00:34] [%world%] The Player <WienerDogFace> has renamed an item to Egghead
[2024-03-19 15:00:57] [%world%] The Player <WienerDogFace> has renamed an item to Zaddy
[2024-03-19 15:02:15] [%world%] The Player <WienerDogFace> has renamed an item to Zesty Toes
[2024-03-19 21:49:36] [%world%] The Player <TurtleDuck> has renamed an item to cat
[2024-03-19 23:30:58] [%world%] The Player <NezukoChan> has renamed an item to Wild Wanderer
[2024-03-20 00:40:36] [%world%] The Player <NezukoChan> has renamed an item to Cyra
[2024-03-20 01:23:31] [%world%] The Player <NezukoChan> has renamed an item to Abyssal Fury
[2024-03-20 01:24:01] [%world%] The Player <NezukoChan> has renamed an item to The Silky Way
[2024-03-20 12:47:11] [%world%] The Player <astronomy> has renamed an item to Cyra
[2024-03-20 12:54:51] [%world%] The Player <Tester> has renamed an item to God's Wrath
[2024-03-20 13:58:59] [%world%] The Player <sharky> has renamed an item to BEAST
[2024-03-20 14:31:56] [%world%] The Player <Tester> has renamed an item to LOL
[2024-03-20 14:32:12] [%world%] The Player <Tester> has renamed an item to LOL
[2024-03-20 16:58:59] [%world%] The Player <Tester> has renamed an item to Tester's Helmet
[2024-03-20 16:59:26] [%world%] The Player <Tester> has renamed an item to Tester's Pro Egg
[2024-03-20 17:01:24] [%world%] The Player <Tester> has renamed an item to Tester's Pro Egg
