[2024-03-20 19:46:18] [%world%] The Player <I_am_amazing> has renamed an item to Water Tribe Sword
[2024-03-20 19:48:45] [%world%] The Player <I_am_amazing> has renamed an item to Water Tribe Pick
[2024-03-20 20:03:55] [%world%] The Player <Char> has renamed an item to Test
[2024-03-20 20:13:44] [%world%] The Player <Char> has renamed an item to uwu 
[2024-03-20 20:13:47] [%world%] The Player <Char> has renamed an item to uwu 
[2024-03-20 20:15:34] [%world%] The Player <Char> has renamed an item to Wiener Pusher
[2024-03-20 20:15:40] [%world%] The Player <Char> has renamed an item to Wiener Pusher
[2024-03-20 20:16:37] [%world%] The Player <Tester> has renamed an item to Heavenly Push
[2024-03-20 20:17:35] [%world%] The Player <I_am_amazing> has renamed an item to Water Tribe Sword
[2024-03-20 20:17:46] [%world%] The Player <I_am_amazing> has renamed an item to UwU
[2024-03-20 20:18:27] [%world%] The Player <I_am_amazing> has renamed an item to Water Tribe Apple             
[2024-03-20 20:18:50] [%world%] The Player <Char> has renamed an item to Cheeseburger
[2024-03-20 20:19:33] [%world%] The Player <Char> has renamed an item to Heavenly Push
[2024-03-20 20:19:37] [%world%] The Player <I_am_amazing> has renamed an item to UwU
[2024-03-20 20:21:13] [%world%] The Player <I_am_amazing> has renamed an item to UwU
[2024-03-20 20:21:25] [%world%] The Player <I_am_amazing> has renamed an item to Water Tribe Chestplate
[2024-03-20 20:21:38] [%world%] The Player <Corner1> has renamed an item to Tester Slime
[2024-03-20 20:22:56] [%world%] The Player <I_am_amazing> has renamed an item to GOD UwU
[2024-03-20 20:23:14] [%world%] The Player <I_am_amazing> has renamed an item to Daddy UwU
[2024-03-20 20:28:50] [%world%] The Player <I_am_amazing> has renamed an item to Water Tribe Leggings UwU
[2024-03-20 20:28:53] [%world%] The Player <I_am_amazing> has renamed an item to Water Tribe Leggings 
[2024-03-20 20:29:30] [%world%] The Player <Char> has renamed an item to Strength of the Lorax
[2024-03-20 20:31:53] [%world%] The Player <Char> has renamed an item to Strength of the Lorax
[2024-03-20 20:31:55] [%world%] The Player <Char> has renamed an item to Strength of the Lorax
[2024-03-20 20:32:00] [%world%] The Player <Char> has renamed an item to Strength of the Lorax
[2024-03-20 20:32:02] [%world%] The Player <Char> has renamed an item to Strength of the Lorax
[2024-03-20 20:32:04] [%world%] The Player <Char> has renamed an item to Strength of the Lorax
[2024-03-20 20:35:47] [%world%] The Player <astronomy> has renamed an item to Baby Pigga
[2024-03-20 20:35:59] [%world%] The Player <astronomy> has renamed an item to Bow of Flames
[2024-03-20 20:38:45] [%world%] The Player <I_am_amazing> has renamed an item to UwU daddy
[2024-03-20 20:57:49] [%world%] The Player <hexa> has renamed an item to hexa's big di-
[2024-03-20 20:58:00] [%world%] The Player <hexa> has renamed an item to ball chopper
[2024-03-20 20:58:49] [%world%] The Player <hexa> has renamed an item to i like sex
[2024-03-20 21:15:06] [%world%] The Player <I_am_amazing> has renamed an item to Water Tribe Boots
[2024-03-20 21:19:58] [%world%] The Player <A_Random_Person> has renamed an item to Bing Bongs True Sword
[2024-03-20 22:08:02] [%world%] The Player <astronomy> has renamed an item to Bow of Flames
[2024-03-20 22:12:57] [%world%] The Player <astronomy> has renamed an item to Taste The Painbow
[2024-03-20 22:31:41] [%world%] The Player <astronomy> has renamed an item to Tester's Silk
[2024-03-20 22:31:42] [%world%] The Player <astronomy> has renamed an item to Tester's Silk
[2024-03-20 22:48:35] [%world%] The Player <astronomy> has renamed an item to Rosie
[2024-03-20 23:07:05] [%world%] The Player <astronomy> has renamed an item to Blaze
[2024-03-21 01:17:22] [%world%] The Player <astronomy> has renamed an item to Ishu
[2024-03-21 01:56:58] [%world%] The Player <astronomy> has renamed an item to Cody
[2024-03-21 02:21:45] [%world%] The Player <astronomy> has renamed an item to The Penetrator
[2024-03-21 03:35:24] [%world%] The Player <Heinrich_Himmler> has renamed an item to Your balls are small tester.
[2024-03-21 12:10:45] [%world%] The Player <Tester> has renamed an item to Devil's Treasure
[2024-03-21 12:11:10] [%world%] The Player <Tester> has renamed an item to Heavenly Fortune
[2024-03-21 12:11:21] [%world%] The Player <Tester> has renamed an item to Deforest
[2024-03-21 12:11:32] [%world%] The Player <Tester> has renamed an item to God's Weak Wrath
[2024-03-21 12:12:30] [%world%] The Player <Tester> has renamed an item to Demon's Eye
[2024-03-21 12:13:07] [%world%] The Player <Tester> has renamed an item to Enchanted Golden Apple
[2024-03-21 12:13:30] [%world%] The Player <Tester> has renamed an item to Money
[2024-03-21 12:14:49] [%world%] The Player <Tester> has renamed an item to GroundBreaker
[2024-03-21 12:15:16] [%world%] The Player <Tester> has renamed an item to Apple Of The Heavens
[2024-03-21 12:15:37] [%world%] The Player <Tester> has renamed an item to Coin
[2024-03-21 12:47:26] [%world%] The Player <I_am_amazing> has renamed an item to UwU
[2024-03-21 12:49:12] [%world%] The Player <I_am_amazing> has renamed an item to UwU
[2024-03-21 13:45:55] [%world%] The Player <I_am_amazing> has renamed an item to Block of UwU
[2024-03-21 13:48:59] [%world%] The Player <hexa> has renamed an item to thisgirlhassomepower
