[2024-03-21 20:10:44] [%world%] The Player <Dave_TheCoolGuy> has renamed an item to Rum_Filled_Cum
[2024-03-21 20:18:26] [%world%] The Player <Dave_TheCoolGuy> has renamed an item to Cum_launchere «0»
[2024-03-21 20:19:15] [%world%] The Player <Dave_TheCoolGuy> has renamed an item to Cum_launchere «0»
[2024-03-21 20:19:21] [%world%] The Player <Dave_TheCoolGuy> has renamed an item to Cum_launchere «0»
[2024-03-21 20:19:26] [%world%] The Player <Dave_TheCoolGuy> has renamed an item to Cum_launchere «0»
[2024-03-21 20:19:48] [%world%] The Player <Dave_TheCoolGuy> has renamed an item to Cum_launchere «0»
[2024-03-21 20:20:00] [%world%] The Player <Dave_TheCoolGuy> has renamed an item to Cum_launchere «0»
[2024-03-21 20:20:02] [%world%] The Player <Dave_TheCoolGuy> has renamed an item to Cum_launchere «0»
[2024-03-21 20:20:19] [%world%] The Player <Dave_TheCoolGuy> has renamed an item to Liberator
[2024-03-21 20:20:29] [%world%] The Player <Dave_TheCoolGuy> has renamed an item to LorAxe
[2024-03-21 20:22:49] [%world%] The Player <Dave_TheCoolGuy> has renamed an item to Bazooka «0»
[2024-03-21 21:51:39] [%world%] The Player <astronomy> has renamed an item to Thunder
[2024-03-21 21:51:58] [%world%] The Player <astronomy> has renamed an item to Bolt
[2024-03-21 21:52:13] [%world%] The Player <astronomy> has renamed an item to Grace
[2024-03-21 21:52:26] [%world%] The Player <astronomy> has renamed an item to Bella
[2024-03-21 21:52:37] [%world%] The Player <astronomy> has renamed an item to Chase
[2024-03-21 21:52:50] [%world%] The Player <astronomy> has renamed an item to Zane
[2024-03-21 22:13:34] [%world%] The Player <astronomy> has renamed an item to fishy killer
[2024-03-21 23:39:44] [%world%] The Player <Heinrich_Himmler> has renamed an item to tester's Balls
[2024-03-21 23:40:47] [%world%] The Player <Heinrich_Himmler> has renamed an item to Diamond
[2024-03-22 01:28:22] [%world%] The Player <NezukoChan> has renamed an item to The Remains of Tester's Slimes
[2024-03-22 06:26:39] [%world%] The Player <astronomy> has renamed an item to fishy killer
[2024-03-22 12:38:38] [%world%] The Player <Tester> has renamed an item to God's Treasure
[2024-03-22 13:15:52] [%world%] The Player <hexa> has renamed an item to lady luck
[2024-03-22 13:35:40] [%world%] The Player <I_am_amazing> has renamed an item to UwU
[2024-03-22 13:39:58] [%world%] The Player <I_am_amazing> has renamed an item to The UwUer
[2024-03-22 13:40:10] [%world%] The Player <I_am_amazing> has renamed an item to Chop the UwU
[2024-03-22 13:40:21] [%world%] The Player <I_am_amazing> has renamed an item to Mine that UwU
[2024-03-22 13:40:37] [%world%] The Player <I_am_amazing> has renamed an item to Balz
[2024-03-22 13:43:46] [%world%] The Player <I_am_amazing> has renamed an item to Yummy UwU's
[2024-03-22 13:48:23] [%world%] The Player <I_am_amazing> has renamed an item to UwU
[2024-03-22 13:48:29] [%world%] The Player <I_am_amazing> has renamed an item to UwU
[2024-03-22 13:48:38] [%world%] The Player <I_am_amazing> has renamed an item to UwU
[2024-03-22 13:52:08] [%world%] The Player <hexa> has renamed an item to UwU
[2024-03-22 13:56:06] [%world%] The Player <hexa> has renamed an item to *POW* er
[2024-03-22 14:00:58] [%world%] The Player <hexa> has renamed an item to UwU
[2024-03-22 14:30:05] [%world%] The Player <I_am_amazing> has renamed an item to UwU
[2024-03-22 16:21:04] [%world%] The Player <astronomy> has renamed an item to Spirit
[2024-03-22 16:21:16] [%world%] The Player <astronomy> has renamed an item to Glory
[2024-03-22 17:35:00] [%world%] The Player <VeerIsKKK> has renamed an item to Bick Black Stick
[2024-03-22 17:49:38] [%world%] The Player <I_am_amazing> has renamed an item to The UwUer
[2024-03-22 17:58:29] [%world%] The Player <I_am_amazing> has renamed an item to UwU
[2024-03-22 17:58:59] [%world%] The Player <I_am_amazing> has renamed an item to Block of UwU
[2024-03-22 21:59:54] [%world%] The Player <Marshtomp12345> has renamed an item to Mudkip best
[2024-03-23 14:01:22] [%world%] The Player <Mudkips_Rule> has renamed an item to Water Tribe Helmet``
[2024-03-23 14:06:44] [%world%] The Player <Mudkips_Rule> has renamed an item to Water Tribe Chestplate
[2024-03-23 14:07:57] [%world%] The Player <Mudkips_Rule> has renamed an item to Water Tribe Boots
[2024-03-23 14:07:58] [%world%] The Player <Mudkips_Rule> has renamed an item to Water Tribe Boots
[2024-03-23 14:10:33] [%world%] The Player <Marshtomp12345> has renamed an item to Water Tribe Leggings 
[2024-03-24 01:05:30] [%world%] The Player <Tester> has renamed an item to Heavenly Fortune
