[2024-03-28 02:41:20] [%world%] The Player <Feathery> has renamed an item to sphere
[2024-03-28 02:41:26] [%world%] The Player <Feathery> has renamed an item to cylinder
[2024-03-28 02:41:34] [%world%] The Player <Feathery> has renamed an item to cyli
[2024-03-28 04:07:33] [%world%] The Player <Feathery> has renamed an item to Clyinder
[2024-03-28 04:07:40] [%world%] The Player <Feathery> has renamed an item to Sphere
[2024-03-28 04:08:24] [%world%] The Player <Feathery> has renamed an item to Sphere
[2024-03-28 04:08:49] [%world%] The Player <Feathery> has renamed an item to Smooth
[2024-03-28 05:17:11] [%world%] The Player <Feathery> has renamed an item to Johnny
[2024-03-28 16:06:19] [%world%] The Player <Tester> has renamed an item to Mall Bow
[2024-03-28 16:06:27] [%world%] The Player <Tester> has renamed an item to Mall Arrow
[2024-03-28 16:18:03] [%world%] The Player <Feathery> has renamed an item to Vault token
[2024-03-28 16:18:20] [%world%] The Player <Feathery> has renamed an item to Gate Token
[2024-03-28 16:35:44] [%world%] The Player <Feathery> has renamed an item to <:: Gate Token ::>
[2024-03-28 17:42:30] [%world%] The Player <GolemDaWanderer> has renamed an item to Jimmy (Golem's horse)
[2024-03-28 21:03:26] [%world%] The Player <Feathery> has renamed an item to Thy clowns sickle.
[2024-03-28 22:39:02] [%world%] The Player <Feathery> has renamed an item to Thy Golem's Claymore.
[2024-03-28 22:42:45] [%world%] The Player <Feathery> has renamed an item to Thy Golem's Claymore.
[2024-03-28 22:44:35] [%world%] The Player <Feathery> has renamed an item to Thy Golem's claymore.
[2024-03-29 16:48:58] [%world%] The Player <xcpc> has renamed an item to In case they get in
[2024-03-29 18:04:22] [%world%] The Player <Tester> has renamed an item to Heaven's Treasure
[2024-03-29 18:17:25] [%world%] The Player <GolemDaWanderer> has renamed an item to In memoriam of Jimmy
[2024-03-29 22:47:13] [%world%] The Player <xcpc> has renamed an item to Eat Dirt
[2024-03-29 22:47:23] [%world%] The Player <xcpc> has renamed an item to Deforester
[2024-03-29 22:47:32] [%world%] The Player <xcpc> has renamed an item to Pick Me Please
[2024-03-29 23:57:48] [%world%] The Player <NezukoChan> has renamed an item to Golem's dick
[2024-03-29 23:58:54] [%world%] The Player <NezukoChan> has renamed an item to Diamond
[2024-03-29 23:59:04] [%world%] The Player <NezukoChan> has renamed an item to Diamond B
[2024-03-29 23:59:08] [%world%] The Player <NezukoChan> has renamed an item to Diamond Bo
[2024-03-29 23:59:11] [%world%] The Player <NezukoChan> has renamed an item to Diamond Boo
