[2024-03-25 20:35:44] [world] The Player <GolemDaWanderer> has placed DIRT at X= -10301, Y= 38, Z= 4028
[2024-03-25 20:35:46] [world] The Player <GolemDaWanderer> has placed ENDER_CHEST at X= -10301, Y= 39, Z= 4028
[2024-03-25 20:41:56] [world] The Player <GolemDaWanderer> has placed DIRT at X= -10152, Y= 62, Z= 4113
[2024-03-25 20:42:36] [world] The Player <GolemDaWanderer> has placed SOUL_SAND at X= -10177, Y= 63, Z= 4112
[2024-03-25 20:43:53] [world] The Player <GolemDaWanderer> has placed COBBLESTONE at X= -10176, Y= 63, Z= 4112
[2024-03-25 20:43:54] [world] The Player <GolemDaWanderer> has placed COBBLESTONE at X= -10176, Y= 64, Z= 4112
[2024-03-25 20:43:54] [world] The Player <GolemDaWanderer> has placed COBBLESTONE at X= -10176, Y= 65, Z= 4112
[2024-03-25 20:43:55] [world] The Player <GolemDaWanderer> has placed COBBLESTONE at X= -10176, Y= 66, Z= 4112
[2024-03-25 20:43:56] [world] The Player <GolemDaWanderer> has placed COBBLESTONE at X= -10177, Y= 63, Z= 4111
[2024-03-25 20:43:57] [world] The Player <GolemDaWanderer> has placed COBBLESTONE at X= -10177, Y= 64, Z= 4111
[2024-03-25 20:43:57] [world] The Player <GolemDaWanderer> has placed COBBLESTONE at X= -10177, Y= 65, Z= 4111
[2024-03-25 20:43:58] [world] The Player <GolemDaWanderer> has placed COBBLESTONE at X= -10177, Y= 66, Z= 4111
[2024-03-25 20:43:59] [world] The Player <GolemDaWanderer> has placed COBBLESTONE at X= -10178, Y= 63, Z= 4112
[2024-03-25 20:44:00] [world] The Player <GolemDaWanderer> has placed COBBLESTONE at X= -10178, Y= 64, Z= 4112
[2024-03-25 20:44:00] [world] The Player <GolemDaWanderer> has placed COBBLESTONE at X= -10178, Y= 65, Z= 4112
[2024-03-25 20:44:01] [world] The Player <GolemDaWanderer> has placed COBBLESTONE at X= -10178, Y= 66, Z= 4112
[2024-03-25 20:44:01] [world] The Player <GolemDaWanderer> has placed COBBLESTONE at X= -10177, Y= 64, Z= 4112
[2024-03-25 20:44:02] [world] The Player <GolemDaWanderer> has placed COBBLESTONE at X= -10177, Y= 63, Z= 4113
[2024-03-25 20:44:02] [world] The Player <GolemDaWanderer> has placed COBBLESTONE at X= -10177, Y= 64, Z= 4113
[2024-03-25 20:44:03] [world] The Player <GolemDaWanderer> has placed COBBLESTONE at X= -10177, Y= 65, Z= 4113
[2024-03-25 20:44:03] [world] The Player <GolemDaWanderer> has placed COBBLESTONE at X= -10177, Y= 66, Z= 4113
[2024-03-25 20:44:12] [world] The Player <GolemDaWanderer> has placed COBBLESTONE at X= -10177, Y= 64, Z= 4113
[2024-03-25 20:44:13] [world] The Player <GolemDaWanderer> has placed COBBLESTONE at X= -10177, Y= 65, Z= 4113
[2024-03-25 20:44:14] [world] The Player <GolemDaWanderer> has placed COBBLESTONE at X= -10177, Y= 63, Z= 4114
[2024-03-25 20:44:14] [world] The Player <GolemDaWanderer> has placed COBBLESTONE at X= -10177, Y= 64, Z= 4114
[2024-03-25 20:44:15] [world] The Player <GolemDaWanderer> has placed COBBLESTONE at X= -10177, Y= 65, Z= 4114
[2024-03-25 20:44:23] [world] The Player <GolemDaWanderer> has placed COBBLESTONE at X= -10176, Y= 63, Z= 4115
[2024-03-25 20:44:24] [world] The Player <GolemDaWanderer> has placed COBBLESTONE at X= -10177, Y= 63, Z= 4115
[2024-03-25 20:44:24] [world] The Player <GolemDaWanderer> has placed COBBLESTONE at X= -10177, Y= 64, Z= 4115
[2024-03-25 20:46:09] [world] The Player <GolemDaWanderer> has placed COBBLESTONE at X= -10185, Y= 60, Z= 4109
[2024-03-25 20:46:09] [world] The Player <GolemDaWanderer> has placed COBBLESTONE at X= -10185, Y= 61, Z= 4109
[2024-03-25 20:46:11] [world] The Player <GolemDaWanderer> has placed COBBLESTONE at X= -10185, Y= 62, Z= 4109
[2024-03-25 20:46:26] [world] The Player <GolemDaWanderer> has placed SOUL_SAND at X= -10185, Y= 54, Z= 4105
[2024-03-25 20:47:37] [world] The Player <GolemDaWanderer> has placed COBBLESTONE at X= -10185, Y= 55, Z= 4104
[2024-03-25 20:50:49] [world] The Player <GolemDaWanderer> has placed COBBLESTONE at X= -10185, Y= 55, Z= 4104
[2024-03-25 20:53:46] [world] The Player <GolemDaWanderer> has placed COBBLESTONE at X= -10185, Y= 55, Z= 4104
[2024-03-25 20:53:46] [world] The Player <GolemDaWanderer> has placed COBBLESTONE at X= -10185, Y= 56, Z= 4104
[2024-03-25 20:58:10] [world] The Player <GolemDaWanderer> has placed WORKBENCH at X= -10186, Y= 63, Z= 4109
[2024-03-25 22:32:04] [world] The Player <GolemDaWanderer> has placed OBSIDIAN at X= -10165, Y= 62, Z= 4091
[2024-03-25 22:32:04] [world] The Player <GolemDaWanderer> has placed OBSIDIAN at X= -10165, Y= 62, Z= 4092
[2024-03-25 22:32:05] [world] The Player <GolemDaWanderer> has placed OBSIDIAN at X= -10165, Y= 62, Z= 4093
[2024-03-25 22:32:07] [world] The Player <GolemDaWanderer> has placed OBSIDIAN at X= -10165, Y= 62, Z= 4094
[2024-03-25 22:32:10] [world] The Player <GolemDaWanderer> has placed OBSIDIAN at X= -10163, Y= 62, Z= 4094
[2024-03-25 22:32:10] [world] The Player <GolemDaWanderer> has placed OBSIDIAN at X= -10164, Y= 62, Z= 4094
[2024-03-25 22:32:11] [world] The Player <GolemDaWanderer> has placed OBSIDIAN at X= -10161, Y= 62, Z= 4094
[2024-03-25 22:32:13] [world] The Player <GolemDaWanderer> has placed OBSIDIAN at X= -10162, Y= 62, Z= 4094
[2024-03-25 22:32:14] [world] The Player <GolemDaWanderer> has placed OBSIDIAN at X= -10161, Y= 62, Z= 4093
[2024-03-25 22:32:15] [world] The Player <GolemDaWanderer> has placed OBSIDIAN at X= -10161, Y= 62, Z= 4092
[2024-03-25 22:32:16] [world] The Player <GolemDaWanderer> has placed OBSIDIAN at X= -10161, Y= 62, Z= 4091
[2024-03-25 22:32:16] [world] The Player <GolemDaWanderer> has placed OBSIDIAN at X= -10161, Y= 62, Z= 4090
[2024-03-25 22:32:17] [world] The Player <GolemDaWanderer> has placed OBSIDIAN at X= -10162, Y= 62, Z= 4090
[2024-03-25 22:32:18] [world] The Player <GolemDaWanderer> has placed OBSIDIAN at X= -10163, Y= 62, Z= 4090
[2024-03-25 22:32:18] [world] The Player <GolemDaWanderer> has placed OBSIDIAN at X= -10164, Y= 62, Z= 4090
[2024-03-25 22:32:18] [world] The Player <GolemDaWanderer> has placed OBSIDIAN at X= -10165, Y= 62, Z= 4090
[2024-03-25 22:32:19] [world] The Player <GolemDaWanderer> has placed OBSIDIAN at X= -10165, Y= 63, Z= 4090
[2024-03-25 22:32:20] [world] The Player <GolemDaWanderer> has placed OBSIDIAN at X= -10165, Y= 64, Z= 4090
[2024-03-25 22:32:20] [world] The Player <GolemDaWanderer> has placed OBSIDIAN at X= -10165, Y= 65, Z= 4090
[2024-03-25 22:32:21] [world] The Player <GolemDaWanderer> has placed OBSIDIAN at X= -10165, Y= 66, Z= 4090
[2024-03-25 22:32:25] [world] The Player <GolemDaWanderer> has placed OBSIDIAN at X= -10165, Y= 66, Z= 4091
[2024-03-25 22:32:25] [world] The Player <GolemDaWanderer> has placed OBSIDIAN at X= -10165, Y= 66, Z= 4092
[2024-03-25 22:32:26] [world] The Player <GolemDaWanderer> has placed OBSIDIAN at X= -10165, Y= 66, Z= 4093
[2024-03-25 22:32:28] [world] The Player <GolemDaWanderer> has placed OBSIDIAN at X= -10165, Y= 63, Z= 4094
[2024-03-25 22:32:29] [world] The Player <GolemDaWanderer> has placed OBSIDIAN at X= -10165, Y= 64, Z= 4094
[2024-03-25 22:32:29] [world] The Player <GolemDaWanderer> has placed OBSIDIAN at X= -10165, Y= 65, Z= 4094
[2024-03-25 22:32:30] [world] The Player <GolemDaWanderer> has placed OBSIDIAN at X= -10165, Y= 66, Z= 4094
[2024-03-25 22:32:35] [world] The Player <GolemDaWanderer> has placed OBSIDIAN at X= -10161, Y= 63, Z= 4094
[2024-03-25 22:32:36] [world] The Player <GolemDaWanderer> has placed OBSIDIAN at X= -10161, Y= 64, Z= 4094
[2024-03-25 22:32:36] [world] The Player <GolemDaWanderer> has placed OBSIDIAN at X= -10161, Y= 65, Z= 4094
[2024-03-25 22:32:37] [world] The Player <GolemDaWanderer> has placed OBSIDIAN at X= -10161, Y= 66, Z= 4094
[2024-03-25 22:32:38] [world] The Player <GolemDaWanderer> has placed OBSIDIAN at X= -10164, Y= 66, Z= 4094
[2024-03-25 22:32:38] [world] The Player <GolemDaWanderer> has placed OBSIDIAN at X= -10163, Y= 66, Z= 4094
[2024-03-25 22:32:39] [world] The Player <GolemDaWanderer> has placed OBSIDIAN at X= -10162, Y= 66, Z= 4094
[2024-03-25 22:32:42] [world] The Player <GolemDaWanderer> has placed OBSIDIAN at X= -10161, Y= 66, Z= 4093
[2024-03-25 22:32:43] [world] The Player <GolemDaWanderer> has placed OBSIDIAN at X= -10161, Y= 66, Z= 4092
[2024-03-25 22:32:43] [world] The Player <GolemDaWanderer> has placed OBSIDIAN at X= -10161, Y= 66, Z= 4091
[2024-03-25 22:32:46] [world] The Player <GolemDaWanderer> has placed OBSIDIAN at X= -10161, Y= 63, Z= 4090
[2024-03-25 22:32:46] [world] The Player <GolemDaWanderer> has placed OBSIDIAN at X= -10161, Y= 64, Z= 4090
[2024-03-25 22:32:47] [world] The Player <GolemDaWanderer> has placed OBSIDIAN at X= -10161, Y= 65, Z= 4090
[2024-03-25 22:32:47] [world] The Player <GolemDaWanderer> has placed OBSIDIAN at X= -10161, Y= 66, Z= 4090
[2024-03-25 22:32:49] [world] The Player <GolemDaWanderer> has placed OBSIDIAN at X= -10162, Y= 66, Z= 4090
[2024-03-25 22:32:50] [world] The Player <GolemDaWanderer> has placed OBSIDIAN at X= -10163, Y= 66, Z= 4090
[2024-03-25 22:32:51] [world] The Player <GolemDaWanderer> has placed OBSIDIAN at X= -10164, Y= 66, Z= 4090
[2024-03-25 22:33:14] [world] The Player <GolemDaWanderer> has placed WATER_LILY at X= -10161, Y= 63, Z= 4102
[2024-03-25 22:33:15] [world] The Player <GolemDaWanderer> has placed WATER_LILY at X= -10163, Y= 63, Z= 4101
[2024-03-25 22:33:15] [world] The Player <GolemDaWanderer> has placed WATER_LILY at X= -10164, Y= 63, Z= 4101
[2024-03-25 22:33:15] [world] The Player <GolemDaWanderer> has placed WATER_LILY at X= -10165, Y= 63, Z= 4101
[2024-03-25 22:33:15] [world] The Player <GolemDaWanderer> has placed WATER_LILY at X= -10167, Y= 63, Z= 4100
[2024-03-25 22:33:40] [world] The Player <GolemDaWanderer> has placed WATER_LILY at X= -10162, Y= 63, Z= 4098
[2024-03-25 22:33:46] [world] The Player <GolemDaWanderer> has placed WATER_LILY at X= -10162, Y= 63, Z= 4098
[2024-03-25 22:33:48] [world] The Player <GolemDaWanderer> has placed WATER_LILY at X= -10162, Y= 63, Z= 4097
[2024-03-25 22:33:48] [world] The Player <GolemDaWanderer> has placed WATER_LILY at X= -10162, Y= 63, Z= 4096
[2024-03-25 22:33:48] [world] The Player <GolemDaWanderer> has placed WATER_LILY at X= -10162, Y= 63, Z= 4095
[2024-03-25 22:33:53] [world] The Player <GolemDaWanderer> has placed WATER_LILY at X= -10162, Y= 63, Z= 4099
[2024-03-25 22:33:53] [world] The Player <GolemDaWanderer> has placed WATER_LILY at X= -10162, Y= 63, Z= 4100
[2024-03-25 22:33:53] [world] The Player <GolemDaWanderer> has placed WATER_LILY at X= -10162, Y= 63, Z= 4101
[2024-03-25 22:33:54] [world] The Player <GolemDaWanderer> has placed WATER_LILY at X= -10162, Y= 63, Z= 4102
[2024-03-25 22:33:54] [world] The Player <GolemDaWanderer> has placed WATER_LILY at X= -10162, Y= 63, Z= 4103
[2024-03-25 22:33:54] [world] The Player <GolemDaWanderer> has placed WATER_LILY at X= -10162, Y= 63, Z= 4104
[2024-03-25 22:33:54] [world] The Player <GolemDaWanderer> has placed WATER_LILY at X= -10162, Y= 63, Z= 4105
[2024-03-25 22:33:54] [world] The Player <GolemDaWanderer> has placed WATER_LILY at X= -10162, Y= 63, Z= 4106
[2024-03-25 22:33:55] [world] The Player <GolemDaWanderer> has placed WATER_LILY at X= -10162, Y= 63, Z= 4107
[2024-03-25 22:33:55] [world] The Player <GolemDaWanderer> has placed WATER_LILY at X= -10162, Y= 63, Z= 4108
[2024-03-25 22:34:11] [world] The Player <GolemDaWanderer> has placed WATER_LILY at X= -10162, Y= 63, Z= 4109
[2024-03-25 22:34:14] [world] The Player <GolemDaWanderer> has placed WATER_LILY at X= -10162, Y= 63, Z= 4110
[2024-03-25 22:34:44] [world] The Player <GolemDaWanderer> has placed OBSIDIAN at X= -10163, Y= 63, Z= 4092
[2024-03-25 22:36:18] [world_the_end] The Player <GolemDaWanderer> has placed COBBLESTONE at X= 95, Y= 34, Z= 0
[2024-03-25 22:36:18] [world_the_end] The Player <GolemDaWanderer> has placed COBBLESTONE at X= 94, Y= 34, Z= 0
[2024-03-25 22:36:18] [world_the_end] The Player <GolemDaWanderer> has placed COBBLESTONE at X= 92, Y= 34, Z= 0
[2024-03-25 22:36:19] [world_the_end] The Player <GolemDaWanderer> has placed COBBLESTONE at X= 91, Y= 35, Z= 0
[2024-03-25 22:36:25] [world_the_end] The Player <GolemDaWanderer> has placed COBBLESTONE at X= 90, Y= 36, Z= 0
[2024-03-25 22:36:25] [world_the_end] The Player <GolemDaWanderer> has placed COBBLESTONE at X= 89, Y= 37, Z= 0
[2024-03-25 22:36:26] [world_the_end] The Player <GolemDaWanderer> has placed COBBLESTONE at X= 89, Y= 37, Z= 1
[2024-03-25 22:36:26] [world_the_end] The Player <GolemDaWanderer> has placed COBBLESTONE at X= 89, Y= 38, Z= 1
[2024-03-25 22:36:26] [world_the_end] The Player <GolemDaWanderer> has placed COBBLESTONE at X= 89, Y= 39, Z= 1
[2024-03-25 22:36:27] [world_the_end] The Player <GolemDaWanderer> has placed COBBLESTONE at X= 88, Y= 40, Z= 1
[2024-03-25 22:36:27] [world_the_end] The Player <GolemDaWanderer> has placed COBBLESTONE at X= 88, Y= 41, Z= 1
[2024-03-25 22:36:28] [world_the_end] The Player <GolemDaWanderer> has placed COBBLESTONE at X= 89, Y= 40, Z= 1
[2024-03-25 22:36:29] [world_the_end] The Player <GolemDaWanderer> has placed COBBLESTONE at X= 86, Y= 41, Z= 1
[2024-03-25 22:36:30] [world_the_end] The Player <GolemDaWanderer> has placed COBBLESTONE at X= 87, Y= 41, Z= 1
[2024-03-25 22:36:30] [world_the_end] The Player <GolemDaWanderer> has placed COBBLESTONE at X= 86, Y= 42, Z= 1
[2024-03-25 22:36:31] [world_the_end] The Player <GolemDaWanderer> has placed COBBLESTONE at X= 83, Y= 41, Z= 2
[2024-03-25 22:36:31] [world_the_end] The Player <GolemDaWanderer> has placed COBBLESTONE at X= 82, Y= 42, Z= 3
[2024-03-25 22:36:32] [world_the_end] The Player <GolemDaWanderer> has placed COBBLESTONE at X= 83, Y= 42, Z= 2
[2024-03-25 22:36:41] [world_the_end] The Player <GolemDaWanderer> has placed COBBLESTONE at X= 81, Y= 42, Z= 8
[2024-03-25 22:36:42] [world_the_end] The Player <GolemDaWanderer> has placed COBBLESTONE at X= 80, Y= 43, Z= 8
[2024-03-25 22:36:42] [world_the_end] The Player <GolemDaWanderer> has placed COBBLESTONE at X= 81, Y= 43, Z= 8
[2024-03-25 22:36:43] [world_the_end] The Player <GolemDaWanderer> has placed COBBLESTONE at X= 81, Y= 44, Z= 8
[2024-03-25 22:36:44] [world_the_end] The Player <GolemDaWanderer> has placed COBBLESTONE at X= 82, Y= 42, Z= 8
[2024-03-25 22:36:44] [world_the_end] The Player <GolemDaWanderer> has placed COBBLESTONE at X= 82, Y= 43, Z= 8
[2024-03-25 22:36:46] [world_the_end] The Player <GolemDaWanderer> has placed COBBLESTONE at X= 83, Y= 44, Z= 8
[2024-03-25 22:36:47] [world_the_end] The Player <GolemDaWanderer> has placed COBBLESTONE at X= 84, Y= 44, Z= 8
[2024-03-25 22:37:10] [world_the_end] The Player <GolemDaWanderer> has placed OBSIDIAN at X= 85, Y= 26, Z= 30
[2024-03-25 22:37:19] [world_the_end] The Player <GolemDaWanderer> has placed OBSIDIAN at X= 86, Y= 28, Z= 33
[2024-03-25 22:37:19] [world_the_end] The Player <GolemDaWanderer> has placed OBSIDIAN at X= 86, Y= 29, Z= 33
[2024-03-25 22:37:20] [world_the_end] The Player <GolemDaWanderer> has placed OBSIDIAN at X= 86, Y= 30, Z= 33
[2024-03-25 22:37:20] [world_the_end] The Player <GolemDaWanderer> has placed OBSIDIAN at X= 86, Y= 31, Z= 33
[2024-03-25 22:37:20] [world_the_end] The Player <GolemDaWanderer> has placed OBSIDIAN at X= 87, Y= 31, Z= 33
[2024-03-25 22:37:21] [world_the_end] The Player <GolemDaWanderer> has placed OBSIDIAN at X= 87, Y= 32, Z= 33
[2024-03-25 22:37:21] [world_the_end] The Player <GolemDaWanderer> has placed OBSIDIAN at X= 86, Y= 32, Z= 33
[2024-03-25 22:37:23] [world_the_end] The Player <GolemDaWanderer> has placed OBSIDIAN at X= 87, Y= 29, Z= 33
[2024-03-25 22:37:24] [world_the_end] The Player <GolemDaWanderer> has placed OBSIDIAN at X= 83, Y= 15, Z= 33
[2024-03-25 22:37:56] [world_the_end] The Player <GolemDaWanderer> has placed OBSIDIAN at X= 100, Y= 45, Z= 2
[2024-03-25 22:37:56] [world_the_end] The Player <GolemDaWanderer> has placed OBSIDIAN at X= 100, Y= 46, Z= 2
[2024-03-25 22:37:57] [world_the_end] The Player <GolemDaWanderer> has placed OBSIDIAN at X= 100, Y= 47, Z= 2
[2024-03-25 22:37:58] [world_the_end] The Player <GolemDaWanderer> has placed OBSIDIAN at X= 100, Y= 48, Z= 2
[2024-03-25 22:38:00] [world_the_end] The Player <GolemDaWanderer> has placed OBSIDIAN at X= 100, Y= 50, Z= 3
[2024-03-25 22:38:01] [world_the_end] The Player <GolemDaWanderer> has placed OBSIDIAN at X= 100, Y= 50, Z= 4
[2024-03-25 22:38:01] [world_the_end] The Player <GolemDaWanderer> has placed OBSIDIAN at X= 100, Y= 51, Z= 4
[2024-03-25 22:38:02] [world_the_end] The Player <GolemDaWanderer> has placed OBSIDIAN at X= 100, Y= 52, Z= 4
[2024-03-25 22:38:02] [world_the_end] The Player <GolemDaWanderer> has placed OBSIDIAN at X= 100, Y= 52, Z= 5
[2024-03-25 22:38:02] [world_the_end] The Player <GolemDaWanderer> has placed OBSIDIAN at X= 100, Y= 53, Z= 5
[2024-03-25 22:38:02] [world_the_end] The Player <GolemDaWanderer> has placed OBSIDIAN at X= 100, Y= 53, Z= 6
[2024-03-25 22:38:03] [world_the_end] The Player <GolemDaWanderer> has placed OBSIDIAN at X= 100, Y= 54, Z= 6
[2024-03-25 22:38:03] [world_the_end] The Player <GolemDaWanderer> has placed OBSIDIAN at X= 100, Y= 55, Z= 6
[2024-03-25 22:38:04] [world_the_end] The Player <GolemDaWanderer> has placed OBSIDIAN at X= 100, Y= 56, Z= 6
[2024-03-25 22:38:04] [world_the_end] The Player <GolemDaWanderer> has placed OBSIDIAN at X= 100, Y= 55, Z= 7
[2024-03-25 22:40:03] [world] The Player <Marshtomp17> has placed CHEST at X= -582, Y= 78, Z= 249
[2024-03-25 22:40:09] [world] The Player <Marshtomp17> has placed CHEST at X= -582, Y= 78, Z= 248
[2024-03-25 22:40:14] [world] The Player <Marshtomp17> has placed WALL_SIGN at X= -581, Y= 78, Z= 248
[2024-03-25 22:47:34] [world] The Player <Marshtomp17> has placed NETHER_BRICK at X= -583, Y= 79, Z= 254
[2024-03-25 22:47:39] [world] The Player <Marshtomp17> has placed NETHER_BRICK at X= -583, Y= 79, Z= 244
[2024-03-25 22:47:41] [world] The Player <Marshtomp17> has placed NETHER_BRICK at X= -583, Y= 79, Z= 245
[2024-03-25 22:47:46] [world] The Player <Marshtomp17> has placed NETHER_BRICK at X= -583, Y= 79, Z= 253
[2024-03-25 22:47:46] [world] The Player <Marshtomp17> has placed NETHER_BRICK at X= -583, Y= 79, Z= 252
[2024-03-25 22:47:47] [world] The Player <Marshtomp17> has placed NETHER_BRICK at X= -583, Y= 79, Z= 251
[2024-03-25 22:47:48] [world] The Player <Marshtomp17> has placed NETHER_BRICK at X= -583, Y= 79, Z= 250
[2024-03-25 22:47:49] [world] The Player <Marshtomp17> has placed NETHER_BRICK at X= -583, Y= 79, Z= 249
[2024-03-25 22:47:51] [world] The Player <Marshtomp17> has placed NETHER_BRICK at X= -583, Y= 79, Z= 246
[2024-03-25 22:47:52] [world] The Player <Marshtomp17> has placed NETHER_BRICK at X= -583, Y= 79, Z= 247
[2024-03-25 22:47:53] [world] The Player <Marshtomp17> has placed NETHER_BRICK at X= -583, Y= 79, Z= 248
[2024-03-25 22:47:56] [world] The Player <Marshtomp17> has placed NETHER_BRICK at X= -583, Y= 79, Z= 257
[2024-03-25 22:47:57] [world] The Player <Marshtomp17> has placed NETHER_BRICK at X= -583, Y= 79, Z= 256
[2024-03-25 22:47:58] [world] The Player <Marshtomp17> has placed NETHER_BRICK at X= -583, Y= 79, Z= 255
[2024-03-25 22:48:02] [world] The Player <Marshtomp17> has placed NETHER_BRICK at X= -582, Y= 79, Z= 258
[2024-03-25 22:48:03] [world] The Player <Marshtomp17> has placed NETHER_BRICK at X= -581, Y= 79, Z= 258
[2024-03-25 22:48:06] [world] The Player <Marshtomp17> has placed NETHER_BRICK at X= -572, Y= 79, Z= 258
[2024-03-25 22:48:06] [world] The Player <Marshtomp17> has placed NETHER_BRICK at X= -573, Y= 79, Z= 258
[2024-03-25 22:48:06] [world] The Player <Marshtomp17> has placed NETHER_BRICK at X= -573, Y= 79, Z= 257
[2024-03-25 22:48:07] [world] The Player <Marshtomp17> has placed NETHER_BRICK at X= -574, Y= 79, Z= 257
[2024-03-25 22:48:08] [world] The Player <Marshtomp17> has placed NETHER_BRICK at X= -575, Y= 79, Z= 257
[2024-03-25 22:48:40] [world] The Player <GolemDaWanderer> has placed SKULL at X= -10169, Y= 63, Z= 4116
[2024-03-25 22:48:47] [world] The Player <Marshtomp17> has placed NETHER_BRICK at X= -580, Y= 79, Z= 258
[2024-03-25 22:48:56] [world] The Player <Marshtomp17> has placed NETHER_BRICK at X= -574, Y= 79, Z= 258
[2024-03-25 22:48:58] [world] The Player <Marshtomp17> has placed NETHER_BRICK at X= -575, Y= 79, Z= 258
[2024-03-25 22:49:02] [world] The Player <Marshtomp17> has placed NETHER_BRICK at X= -579, Y= 79, Z= 258
[2024-03-25 22:49:03] [world] The Player <Marshtomp17> has placed NETHER_BRICK at X= -578, Y= 79, Z= 258
[2024-03-25 22:49:50] [world] The Player <Marshtomp17> has placed NETHER_BRICK at X= -571, Y= 79, Z= 250
[2024-03-25 22:49:50] [world] The Player <Marshtomp17> has placed NETHER_BRICK at X= -571, Y= 79, Z= 249
[2024-03-25 22:49:50] [world] The Player <Marshtomp17> has placed NETHER_BRICK at X= -570, Y= 79, Z= 249
[2024-03-25 22:50:35] [world] The Player <Marshtomp17> has placed NETHER_BRICK at X= -571, Y= 79, Z= 244
[2024-03-25 22:50:35] [world] The Player <Marshtomp17> has placed NETHER_BRICK at X= -571, Y= 79, Z= 245
[2024-03-25 22:50:37] [world] The Player <Marshtomp17> has placed NETHER_BRICK at X= -570, Y= 79, Z= 245
[2024-03-25 22:50:38] [world] The Player <Marshtomp17> has placed NETHER_BRICK at X= -571, Y= 79, Z= 246
[2024-03-25 22:50:39] [world] The Player <Marshtomp17> has placed NETHER_BRICK at X= -571, Y= 79, Z= 247
[2024-03-25 22:50:53] [world] The Player <Marshtomp17> has placed NETHER_BRICK at X= -582, Y= 79, Z= 243
[2024-03-25 22:50:57] [world] The Player <Marshtomp17> has placed NETHER_BRICK at X= -581, Y= 79, Z= 243
[2024-03-25 22:50:59] [world] The Player <Marshtomp17> has placed NETHER_BRICK at X= -579, Y= 79, Z= 243
[2024-03-25 22:51:00] [world] The Player <Marshtomp17> has placed NETHER_BRICK at X= -580, Y= 79, Z= 243
[2024-03-25 22:51:03] [world] The Player <Marshtomp17> has placed NETHER_BRICK at X= -574, Y= 79, Z= 243
[2024-03-25 22:51:05] [world] The Player <Marshtomp17> has placed NETHER_BRICK at X= -572, Y= 79, Z= 243
[2024-03-25 22:51:05] [world] The Player <Marshtomp17> has placed NETHER_BRICK at X= -573, Y= 79, Z= 243
[2024-03-25 22:51:07] [world] The Player <Marshtomp17> has placed NETHER_BRICK at X= -575, Y= 79, Z= 243
[2024-03-25 22:51:09] [world] The Player <Marshtomp17> has placed NETHER_BRICK at X= -577, Y= 79, Z= 243
[2024-03-25 22:51:21] [world] The Player <Marshtomp17> has placed NETHER_BRICK at X= -572, Y= 79, Z= 254
[2024-03-25 22:51:22] [world] The Player <Marshtomp17> has placed NETHER_BRICK at X= -573, Y= 79, Z= 254
[2024-03-25 22:51:22] [world] The Player <Marshtomp17> has placed NETHER_BRICK at X= -574, Y= 79, Z= 254
[2024-03-25 22:51:22] [world] The Player <Marshtomp17> has placed NETHER_BRICK at X= -575, Y= 79, Z= 254
[2024-03-25 22:51:22] [world] The Player <Marshtomp17> has placed NETHER_BRICK at X= -576, Y= 79, Z= 254
[2024-03-25 22:51:24] [world] The Player <Marshtomp17> has placed NETHER_BRICK at X= -577, Y= 79, Z= 254
[2024-03-25 22:51:30] [world] The Player <Marshtomp17> has placed NETHER_BRICK at X= -572, Y= 78, Z= 254
[2024-03-25 22:51:32] [world] The Player <Marshtomp17> has placed NETHER_BRICK at X= -575, Y= 79, Z= 253
[2024-03-25 22:51:51] [world] The Player <Marshtomp17> has placed NETHER_BRICK at X= -573, Y= 78, Z= 254
[2024-03-25 22:51:55] [world] The Player <Marshtomp17> has placed NETHER_BRICK at X= -574, Y= 78, Z= 254
[2024-03-25 22:51:56] [world] The Player <Marshtomp17> has placed NETHER_BRICK at X= -575, Y= 78, Z= 254
[2024-03-25 22:51:56] [world] The Player <Marshtomp17> has placed NETHER_BRICK at X= -575, Y= 78, Z= 253
[2024-03-25 22:52:09] [world] The Player <Marshtomp17> has placed NETHER_BRICK at X= -576, Y= 78, Z= 254
[2024-03-25 22:52:10] [world] The Player <Marshtomp17> has placed NETHER_BRICK at X= -577, Y= 78, Z= 254
[2024-03-25 22:52:10] [world] The Player <Marshtomp17> has placed NETHER_BRICK at X= -577, Y= 78, Z= 253
[2024-03-25 22:52:30] [world] The Player <Marshtomp17> has placed NETHER_BRICK at X= -580, Y= 78, Z= 254
[2024-03-25 22:52:33] [world] The Player <Marshtomp17> has placed NETHER_BRICK at X= -580, Y= 79, Z= 254
[2024-03-25 22:52:35] [world] The Player <Marshtomp17> has placed NETHER_BRICK at X= -581, Y= 78, Z= 254
[2024-03-25 22:52:36] [world] The Player <Marshtomp17> has placed NETHER_BRICK at X= -581, Y= 79, Z= 254
[2024-03-25 22:52:37] [world] The Player <Marshtomp17> has placed NETHER_BRICK at X= -582, Y= 78, Z= 254
[2024-03-25 22:52:38] [world] The Player <Marshtomp17> has placed NETHER_BRICK at X= -582, Y= 79, Z= 254
[2024-03-25 22:53:00] [world] The Player <Marshtomp17> has placed WALL_SIGN at X= -580, Y= 79, Z= 253
[2024-03-25 22:53:50] [world] The Player <Marshtomp17> has placed CHEST at X= -582, Y= 78, Z= 245
[2024-03-25 22:53:52] [world] The Player <Marshtomp17> has placed CHEST at X= -582, Y= 78, Z= 246
[2024-03-25 22:53:59] [world] The Player <Marshtomp17> has placed WALL_SIGN at X= -581, Y= 78, Z= 246
[2024-03-25 22:55:40] [world] The Player <Marshtomp17> has placed WALL_SIGN at X= -574, Y= 79, Z= 253
[2024-03-25 23:16:45] [world] The Player <GolemDaWanderer> has placed SAND at X= -978, Y= 66, Z= 991
[2024-03-25 23:16:46] [world] The Player <GolemDaWanderer> has placed SAND at X= -978, Y= 67, Z= 991
[2024-03-25 23:16:52] [world] The Player <GolemDaWanderer> has placed SANDSTONE at X= -974, Y= 70, Z= 985
[2024-03-25 23:16:52] [world] The Player <GolemDaWanderer> has placed SANDSTONE at X= -972, Y= 72, Z= 985
[2024-03-25 23:16:52] [world] The Player <GolemDaWanderer> has placed SANDSTONE at X= -972, Y= 73, Z= 985
[2024-03-25 23:16:53] [world] The Player <GolemDaWanderer> has placed SANDSTONE at X= -972, Y= 72, Z= 984
[2024-03-25 23:16:53] [world] The Player <GolemDaWanderer> has placed SANDSTONE at X= -972, Y= 73, Z= 984
[2024-03-25 23:18:33] [world] The Player <GolemDaWanderer> has placed COBBLESTONE at X= -10177, Y= 63, Z= 4111
[2024-03-25 23:18:48] [world] The Player <GolemDaWanderer> has placed SOUL_SAND at X= -10177, Y= 63, Z= 4112
[2024-03-25 23:21:03] [world] The Player <GolemDaWanderer> has placed COBBLESTONE at X= -10177, Y= 64, Z= 4112
[2024-03-25 23:21:13] [world] The Player <GolemDaWanderer> has placed COBBLESTONE at X= -10178, Y= 65, Z= 4112
[2024-03-25 23:21:18] [world] The Player <GolemDaWanderer> has placed TORCH at X= -10171, Y= 63, Z= 4108
[2024-03-25 23:22:36] [world] The Player <GolemDaWanderer> has placed STONE at X= -10176, Y= 61, Z= 4117
[2024-03-25 23:53:19] [world] The Player <GolemDaWanderer> has placed COBBLESTONE at X= -10175, Y= 58, Z= 4114
[2024-03-25 23:53:19] [world] The Player <GolemDaWanderer> has placed COBBLESTONE at X= -10175, Y= 59, Z= 4114
[2024-03-25 23:53:29] [world] The Player <GolemDaWanderer> has placed COBBLESTONE at X= -10170, Y= 61, Z= 4113
[2024-03-26 00:00:01] [world] The Player <GolemDaWanderer> has placed SPONGE at X= 9999, Y= 70, Z= -9902
[2024-03-26 00:00:22] [world] The Player <NezukoChan> has placed REDSTONE_TORCH_ON at X= 9997, Y= 70, Z= -9905
[2024-03-26 00:00:49] [world] The Player <GolemDaWanderer> has placed SPONGE at X= 9996, Y= 70, Z= -9909
[2024-03-26 00:00:49] [world] The Player <GolemDaWanderer> has placed REDSTONE_TORCH_ON at X= 9996, Y= 70, Z= -9908
[2024-03-26 00:00:53] [world] The Player <GolemDaWanderer> has placed REDSTONE_TORCH_ON at X= 9996, Y= 71, Z= -9909
[2024-03-26 00:00:56] [world] The Player <GolemDaWanderer> has placed REDSTONE_TORCH_ON at X= 9996, Y= 70, Z= -9908
[2024-03-26 00:00:57] [world] The Player <GolemDaWanderer> has placed REDSTONE_TORCH_ON at X= 9997, Y= 70, Z= -9909
[2024-03-26 00:01:12] [world] The Player <NezukoChan> has placed SPONGE at X= 9993, Y= 71, Z= -9913
[2024-03-26 00:01:15] [world] The Player <NezukoChan> has placed SPONGE at X= 9993, Y= 71, Z= -9914
[2024-03-26 00:29:25] [world] The Player <hexa> has placed NETHERRACK at X= 1000064, Y= 60, Z= 1000006
[2024-03-26 00:29:30] [world] The Player <hexa> has placed NETHERRACK at X= 1000064, Y= 60, Z= 1000005
[2024-03-26 00:29:37] [world] The Player <hexa> has placed NETHERRACK at X= 1000062, Y= 59, Z= 1000002
[2024-03-26 00:29:37] [world] The Player <hexa> has placed NETHERRACK at X= 1000062, Y= 59, Z= 1000003
[2024-03-26 00:29:46] [world] The Player <hexa> has placed NETHERRACK at X= 1000064, Y= 60, Z= 1000008
[2024-03-26 00:30:40] [world] The Player <hexa> has placed NETHERRACK at X= 1000041, Y= 61, Z= 1000010
[2024-03-26 00:30:41] [world] The Player <hexa> has placed NETHERRACK at X= 1000041, Y= 61, Z= 1000009
[2024-03-26 00:30:42] [world] The Player <hexa> has placed NETHERRACK at X= 1000040, Y= 61, Z= 1000008
[2024-03-26 00:30:44] [world] The Player <hexa> has placed NETHERRACK at X= 1000039, Y= 61, Z= 1000007
[2024-03-26 00:30:45] [world] The Player <hexa> has placed NETHERRACK at X= 1000038, Y= 61, Z= 1000006
[2024-03-26 00:30:46] [world] The Player <hexa> has placed NETHERRACK at X= 1000037, Y= 61, Z= 1000004
[2024-03-26 00:30:48] [world] The Player <hexa> has placed NETHERRACK at X= 1000036, Y= 61, Z= 1000003
[2024-03-26 00:30:51] [world] The Player <hexa> has placed NETHERRACK at X= 1000034, Y= 61, Z= 1000002
[2024-03-26 00:30:53] [world] The Player <hexa> has placed NETHERRACK at X= 1000033, Y= 61, Z= 1000002
[2024-03-26 00:30:53] [world] The Player <hexa> has placed NETHERRACK at X= 1000032, Y= 61, Z= 1000002
[2024-03-26 00:30:55] [world] The Player <hexa> has placed NETHERRACK at X= 1000031, Y= 61, Z= 1000001
[2024-03-26 00:30:56] [world] The Player <hexa> has placed NETHERRACK at X= 1000030, Y= 61, Z= 1000000
[2024-03-26 00:30:57] [world] The Player <hexa> has placed NETHERRACK at X= 1000030, Y= 61, Z= 999999
[2024-03-26 00:30:58] [world] The Player <hexa> has placed NETHERRACK at X= 1000030, Y= 61, Z= 999998
[2024-03-26 00:30:59] [world] The Player <hexa> has placed NETHERRACK at X= 1000030, Y= 61, Z= 999997
[2024-03-26 00:31:00] [world] The Player <hexa> has placed NETHERRACK at X= 1000030, Y= 61, Z= 999996
[2024-03-26 00:31:01] [world] The Player <hexa> has placed NETHERRACK at X= 1000030, Y= 61, Z= 999995
[2024-03-26 00:31:02] [world] The Player <hexa> has placed NETHERRACK at X= 1000031, Y= 61, Z= 999995
[2024-03-26 00:31:03] [world] The Player <hexa> has placed NETHERRACK at X= 1000031, Y= 61, Z= 999994
[2024-03-26 00:31:05] [world] The Player <hexa> has placed NETHERRACK at X= 1000032, Y= 61, Z= 999993
[2024-03-26 00:31:07] [world] The Player <hexa> has placed NETHERRACK at X= 1000033, Y= 61, Z= 999993
[2024-03-26 00:31:08] [world] The Player <hexa> has placed NETHERRACK at X= 1000034, Y= 61, Z= 999993
[2024-03-26 00:31:09] [world] The Player <hexa> has placed NETHERRACK at X= 1000035, Y= 61, Z= 999993
[2024-03-26 00:31:14] [world] The Player <hexa> has placed NETHERRACK at X= 1000035, Y= 61, Z= 999992
[2024-03-26 00:31:15] [world] The Player <hexa> has placed NETHERRACK at X= 1000036, Y= 61, Z= 999992
[2024-03-26 00:31:16] [world] The Player <hexa> has placed NETHERRACK at X= 1000037, Y= 61, Z= 999992
[2024-03-26 00:31:17] [world] The Player <hexa> has placed NETHERRACK at X= 1000038, Y= 61, Z= 999992
[2024-03-26 00:31:19] [world] The Player <hexa> has placed NETHERRACK at X= 1000039, Y= 61, Z= 999991
[2024-03-26 00:31:21] [world] The Player <hexa> has placed NETHERRACK at X= 1000040, Y= 61, Z= 999991
[2024-03-26 00:31:21] [world] The Player <hexa> has placed NETHERRACK at X= 1000041, Y= 61, Z= 999990
[2024-03-26 00:31:23] [world] The Player <hexa> has placed NETHERRACK at X= 1000042, Y= 61, Z= 999989
[2024-03-26 00:31:24] [world] The Player <hexa> has placed NETHERRACK at X= 1000043, Y= 61, Z= 999989
[2024-03-26 00:31:25] [world] The Player <hexa> has placed NETHERRACK at X= 1000044, Y= 61, Z= 999988
[2024-03-26 00:31:26] [world] The Player <hexa> has placed NETHERRACK at X= 1000045, Y= 61, Z= 999988
[2024-03-26 00:31:28] [world] The Player <hexa> has placed NETHERRACK at X= 1000045, Y= 61, Z= 999987
[2024-03-26 00:31:29] [world] The Player <hexa> has placed NETHERRACK at X= 1000046, Y= 61, Z= 999986
[2024-03-26 00:31:30] [world] The Player <hexa> has placed NETHERRACK at X= 1000047, Y= 61, Z= 999985
[2024-03-26 00:31:32] [world] The Player <hexa> has placed NETHERRACK at X= 1000048, Y= 61, Z= 999985
[2024-03-26 00:31:33] [world] The Player <hexa> has placed NETHERRACK at X= 1000049, Y= 61, Z= 999984
[2024-03-26 00:31:35] [world] The Player <hexa> has placed NETHERRACK at X= 1000049, Y= 61, Z= 999983
[2024-03-26 00:31:37] [world] The Player <hexa> has placed NETHERRACK at X= 1000050, Y= 61, Z= 999982
[2024-03-26 00:31:38] [world] The Player <hexa> has placed NETHERRACK at X= 1000051, Y= 61, Z= 999981
[2024-03-26 00:31:40] [world] The Player <hexa> has placed NETHERRACK at X= 1000052, Y= 61, Z= 999981
[2024-03-26 00:31:40] [world] The Player <hexa> has placed NETHERRACK at X= 1000053, Y= 61, Z= 999981
[2024-03-26 00:31:41] [world] The Player <hexa> has placed NETHERRACK at X= 1000054, Y= 61, Z= 999981
[2024-03-26 00:31:42] [world] The Player <hexa> has placed NETHERRACK at X= 1000055, Y= 61, Z= 999981
[2024-03-26 00:31:43] [world] The Player <hexa> has placed NETHERRACK at X= 1000056, Y= 61, Z= 999981
[2024-03-26 00:31:44] [world] The Player <hexa> has placed NETHERRACK at X= 1000057, Y= 61, Z= 999981
[2024-03-26 00:31:45] [world] The Player <hexa> has placed NETHERRACK at X= 1000058, Y= 61, Z= 999982
[2024-03-26 00:31:46] [world] The Player <hexa> has placed NETHERRACK at X= 1000059, Y= 61, Z= 999982
[2024-03-26 00:31:47] [world] The Player <hexa> has placed NETHERRACK at X= 1000060, Y= 61, Z= 999982
[2024-03-26 00:31:48] [world] The Player <hexa> has placed NETHERRACK at X= 1000061, Y= 61, Z= 999983
[2024-03-26 00:31:50] [world] The Player <hexa> has placed NETHERRACK at X= 1000062, Y= 61, Z= 999984
[2024-03-26 00:31:51] [world] The Player <hexa> has placed NETHERRACK at X= 1000063, Y= 61, Z= 999985
[2024-03-26 00:31:52] [world] The Player <hexa> has placed NETHERRACK at X= 1000064, Y= 61, Z= 999986
[2024-03-26 00:31:53] [world] The Player <hexa> has placed NETHERRACK at X= 1000065, Y= 61, Z= 999986
[2024-03-26 00:33:08] [world] The Player <hexa> has placed TORCH at X= 1000058, Y= 53, Z= 999906
[2024-03-26 00:33:12] [world] The Player <hexa> has placed TORCH at X= 1000048, Y= 51, Z= 999913
[2024-03-26 00:33:53] [world] The Player <hexa> has placed TORCH at X= 1000049, Y= 46, Z= 999922
[2024-03-26 00:33:58] [world] The Player <hexa> has placed TORCH at X= 1000048, Y= 46, Z= 999935
[2024-03-26 00:34:02] [world] The Player <hexa> has placed TORCH at X= 1000050, Y= 45, Z= 999927
[2024-03-26 00:34:25] [world] The Player <hexa> has placed COBBLESTONE at X= 1000063, Y= 57, Z= 999912
[2024-03-26 00:34:30] [world] The Player <hexa> has placed COBBLESTONE at X= 1000064, Y= 59, Z= 999911
[2024-03-26 00:34:40] [world] The Player <hexa> has placed COBBLESTONE at X= 1000064, Y= 60, Z= 999912
[2024-03-26 00:34:46] [world] The Player <hexa> has placed COBBLESTONE at X= 1000064, Y= 61, Z= 999912
[2024-03-26 00:35:34] [world] The Player <hexa> has placed COBBLESTONE at X= 1000071, Y= 45, Z= 999902
[2024-03-26 00:35:34] [world] The Player <hexa> has placed COBBLESTONE at X= 1000071, Y= 45, Z= 999903
[2024-03-26 00:35:34] [world] The Player <hexa> has placed COBBLESTONE at X= 1000071, Y= 46, Z= 999903
[2024-03-26 00:35:34] [world] The Player <hexa> has placed COBBLESTONE at X= 1000072, Y= 47, Z= 999903
[2024-03-26 00:35:36] [world] The Player <hexa> has placed COBBLESTONE at X= 1000074, Y= 48, Z= 999904
[2024-03-26 00:35:37] [world] The Player <hexa> has placed COBBLESTONE at X= 1000074, Y= 49, Z= 999905
[2024-03-26 00:35:38] [world] The Player <hexa> has placed COBBLESTONE at X= 1000074, Y= 50, Z= 999905
[2024-03-26 00:35:38] [world] The Player <hexa> has placed COBBLESTONE at X= 1000074, Y= 51, Z= 999905
[2024-03-26 00:35:39] [world] The Player <hexa> has placed COBBLESTONE at X= 1000074, Y= 52, Z= 999905
[2024-03-26 00:35:39] [world] The Player <hexa> has placed COBBLESTONE at X= 1000074, Y= 53, Z= 999905
[2024-03-26 00:35:40] [world] The Player <hexa> has placed COBBLESTONE at X= 1000074, Y= 54, Z= 999905
[2024-03-26 00:35:40] [world] The Player <hexa> has placed COBBLESTONE at X= 1000074, Y= 55, Z= 999905
[2024-03-26 00:35:43] [world] The Player <hexa> has placed COBBLESTONE at X= 1000074, Y= 55, Z= 999904
[2024-03-26 00:35:45] [world] The Player <hexa> has placed COBBLESTONE at X= 1000075, Y= 55, Z= 999903
[2024-03-26 00:37:29] [world] The Player <hexa> has placed TORCH at X= 500002, Y= 25, Z= 48385
[2024-03-26 00:37:43] [world] The Player <hexa> has placed TRAP_DOOR at X= 500004, Y= 23, Z= 48392
[2024-03-26 00:37:56] [world] The Player <hexa> has placed TRAP_DOOR at X= 500004, Y= 22, Z= 48391
[2024-03-26 00:38:09] [world] The Player <hexa> has placed TRAP_DOOR at X= 500004, Y= 22, Z= 48391
[2024-03-26 00:38:15] [world] The Player <hexa> has placed TRAP_DOOR at X= 500004, Y= 22, Z= 48391
[2024-03-26 00:38:21] [world] The Player <hexa> has placed TRAP_DOOR at X= 500004, Y= 22, Z= 48391
[2024-03-26 00:38:44] [world] The Player <hexa> has placed IRON_ORE at X= 500004, Y= 22, Z= 48392
[2024-03-26 00:38:49] [world] The Player <hexa> has placed TRAP_DOOR at X= 500004, Y= 22, Z= 48391
[2024-03-26 00:39:06] [world] The Player <hexa> has placed TRAP_DOOR at X= 500004, Y= 22, Z= 48392
[2024-03-26 00:39:15] [world] The Player <hexa> has placed TRAP_DOOR at X= 500003, Y= 22, Z= 48392
[2024-03-26 00:39:25] [world] The Player <hexa> has placed TRAP_DOOR at X= 500004, Y= 23, Z= 48392
[2024-03-26 00:39:32] [world] The Player <hexa> has placed TRAP_DOOR at X= 500005, Y= 22, Z= 48392
[2024-03-26 00:39:39] [world] The Player <Marshtomp17> has placed NETHER_BRICK at X= -583, Y= 80, Z= 248
[2024-03-26 00:39:39] [world] The Player <Marshtomp17> has placed NETHER_BRICK at X= -584, Y= 80, Z= 248
[2024-03-26 00:40:15] [world] The Player <hexa> has placed HOPPER at X= 500005, Y= 22, Z= 48392
[2024-03-26 00:40:27] [world] The Player <hexa> has placed TRAP_DOOR at X= 500004, Y= 23, Z= 48392
[2024-03-26 00:41:03] [world] The Player <hexa> has placed HOPPER at X= 500004, Y= 23, Z= 48383
[2024-03-26 00:41:32] [world] The Player <hexa> has placed TRIPWIRE at X= 500004, Y= 24, Z= 48383
[2024-03-26 00:41:54] [world] The Player <hexa> has placed TRAP_DOOR at X= 500004, Y= 24, Z= 48392
[2024-03-26 00:43:04] [world] The Player <GolemDaWanderer> has placed SPONGE at X= 9992, Y= 71, Z= -9913
[2024-03-26 00:43:07] [world] The Player <GolemDaWanderer> has placed REDSTONE_TORCH_ON at X= 9992, Y= 72, Z= -9913
[2024-03-26 00:43:48] [world] The Player <hexa> has placed WALL_SIGN at X= 1000063, Y= 59, Z= 1000009
[2024-03-26 00:43:51] [world] The Player <hexa> has placed WALL_SIGN at X= 1000062, Y= 59, Z= 1000009
[2024-03-26 00:44:15] [world] The Player <hexa> has placed TRAP_DOOR at X= 500004, Y= 25, Z= 48392
[2024-03-26 00:44:18] [world] The Player <hexa> has placed TRAP_DOOR at X= 500004, Y= 26, Z= 48392
[2024-03-26 00:44:25] [world] The Player <hexa> has placed TRAP_DOOR at X= 500004, Y= 27, Z= 48392
[2024-03-26 00:44:43] [world] The Player <GolemDaWanderer> has placed SPONGE at X= 9984, Y= 72, Z= -9938
[2024-03-26 00:44:45] [world] The Player <GolemDaWanderer> has placed REDSTONE_BLOCK at X= 9984, Y= 73, Z= -9938
[2024-03-26 00:44:46] [world] The Player <hexa> has placed TRAP_DOOR at X= 500004, Y= 28, Z= 48392
[2024-03-26 00:44:52] [world] The Player <GolemDaWanderer> has placed REDSTONE_WIRE at X= 9984, Y= 73, Z= -9938
[2024-03-26 00:44:53] [world] The Player <GolemDaWanderer> has placed REDSTONE_WIRE at X= 9985, Y= 72, Z= -9938
[2024-03-26 00:44:54] [world] The Player <GolemDaWanderer> has placed REDSTONE_WIRE at X= 9986, Y= 72, Z= -9938
[2024-03-26 00:44:55] [world] The Player <GolemDaWanderer> has placed REDSTONE_WIRE at X= 9986, Y= 72, Z= -9937
[2024-03-26 00:44:56] [world] The Player <Marshtomp17> has placed WALL_SIGN at X= -581, Y= 78, Z= 248
[2024-03-26 00:44:56] [world] The Player <GolemDaWanderer> has placed REDSTONE_TORCH_ON at X= 9986, Y= 72, Z= -9936
[2024-03-26 00:45:53] [world] The Player <Marshtomp17> has placed WALL_SIGN at X= -581, Y= 78, Z= 246
[2024-03-26 00:46:27] [world] The Player <GolemDaWanderer> has placed REDSTONE_TORCH_ON at X= 9946, Y= 30, Z= -9930
[2024-03-26 00:46:38] [world] The Player <GolemDaWanderer> has placed SPONGE at X= -578, Y= 66, Z= 299
[2024-03-26 00:46:39] [world] The Player <GolemDaWanderer> has placed SPONGE at X= -578, Y= 67, Z= 299
[2024-03-26 00:46:51] [world] The Player <Marshtomp17> has placed WALL_SIGN at X= -582, Y= 79, Z= 248
[2024-03-26 00:47:02] [world] The Player <Marshtomp17> has placed WALL_SIGN at X= -582, Y= 79, Z= 246
[2024-03-26 00:47:50] [world] The Player <GolemDaWanderer> has placed STAINED_CLAY at X= -577, Y= 65, Z= 299
[2024-03-26 00:47:54] [world] The Player <GolemDaWanderer> has placed WOOL at X= -585, Y= 66, Z= 297
[2024-03-26 00:48:00] [world] The Player <GolemDaWanderer> has placed SPONGE at X= -578, Y= 66, Z= 299
[2024-03-26 00:48:00] [world] The Player <GolemDaWanderer> has placed REDSTONE_WIRE at X= -578, Y= 67, Z= 299
[2024-03-26 00:48:01] [world] The Player <GolemDaWanderer> has placed REDSTONE_WIRE at X= -579, Y= 66, Z= 299
[2024-03-26 00:48:02] [world] The Player <GolemDaWanderer> has placed REDSTONE_WIRE at X= -580, Y= 66, Z= 299
[2024-03-26 00:48:03] [world] The Player <GolemDaWanderer> has placed REDSTONE_TORCH_ON at X= -581, Y= 66, Z= 299
[2024-03-26 00:55:00] [world] The Player <Marshtomp17> has placed WALL_SIGN at X= -581, Y= 78, Z= 248
[2024-03-26 00:55:51] [world] The Player <Marshtomp17> has placed WALL_SIGN at X= -581, Y= 78, Z= 248
[2024-03-26 01:07:16] [world] The Player <GolemDaWanderer> has placed WOOL at X= -570, Y= 88, Z= 257
[2024-03-26 01:07:28] [world] The Player <GolemDaWanderer> has placed WOOL at X= -569, Y= 88, Z= 257
[2024-03-26 01:07:32] [world] The Player <GolemDaWanderer> has placed WOOL at X= -570, Y= 88, Z= 257
[2024-03-26 01:09:28] [world] The Player <GolemDaWanderer> has placed QUARTZ_BLOCK at X= -570, Y= 88, Z= 261
[2024-03-26 01:09:28] [world] The Player <GolemDaWanderer> has placed QUARTZ_BLOCK at X= -570, Y= 89, Z= 261
[2024-03-26 01:09:29] [world] The Player <GolemDaWanderer> has placed QUARTZ_BLOCK at X= -570, Y= 90, Z= 261
[2024-03-26 01:09:29] [world] The Player <GolemDaWanderer> has placed QUARTZ_BLOCK at X= -570, Y= 91, Z= 261
[2024-03-26 01:09:43] [world] The Player <GolemDaWanderer> has placed QUARTZ_BLOCK at X= -577, Y= 88, Z= 263
[2024-03-26 01:10:24] [world] The Player <GolemDaWanderer> has placed QUARTZ_BLOCK at X= -577, Y= 87, Z= 264
[2024-03-26 01:10:25] [world] The Player <GolemDaWanderer> has placed QUARTZ_BLOCK at X= -577, Y= 87, Z= 263
[2024-03-26 01:10:41] [world] The Player <GolemDaWanderer> has placed ENDER_CHEST at X= -569, Y= 88, Z= 260
[2024-03-26 01:11:04] [world] The Player <GolemDaWanderer> has placed WOOL at X= -570, Y= 88, Z= 261
[2024-03-26 01:31:32] [world] The Player <NezukoChan> has placed DIRT at X= 10017, Y= 67, Z= -9997
[2024-03-26 01:31:33] [world] The Player <NezukoChan> has placed DIRT at X= 10017, Y= 68, Z= -9997
[2024-03-26 01:31:33] [world] The Player <NezukoChan> has placed DIRT at X= 10017, Y= 69, Z= -9997
[2024-03-26 01:31:34] [world] The Player <NezukoChan> has placed DIRT at X= 10017, Y= 70, Z= -9997
[2024-03-26 01:31:34] [world] The Player <NezukoChan> has placed DIRT at X= 10017, Y= 71, Z= -9997
[2024-03-26 01:31:35] [world] The Player <NezukoChan> has placed DIRT at X= 10017, Y= 72, Z= -9997
[2024-03-26 01:37:55] [world] The Player <Marshtomp17> has placed CHEST at X= -580, Y= 78, Z= 244
[2024-03-26 01:38:00] [world] The Player <Marshtomp17> has placed CHEST at X= -581, Y= 78, Z= 244
[2024-03-26 01:38:07] [world] The Player <Marshtomp17> has placed WALL_SIGN at X= -581, Y= 78, Z= 245
[2024-03-26 01:39:06] [world] The Player <Marshtomp17> has placed WALL_SIGN at X= -581, Y= 78, Z= 245
[2024-03-26 01:39:42] [world] The Player <Marshtomp17> has placed WALL_SIGN at X= -581, Y= 79, Z= 244
[2024-03-26 01:40:24] [world] The Player <Marshtomp17> has placed WALL_SIGN at X= -575, Y= 79, Z= 244
[2024-03-26 01:42:01] [world] The Player <Marshtomp17> has placed WALL_SIGN at X= -574, Y= 79, Z= 244
[2024-03-26 01:42:57] [world] The Player <Marshtomp17> has placed WALL_SIGN at X= -575, Y= 79, Z= 244
[2024-03-26 01:43:52] [world] The Player <Marshtomp17> has placed WALL_SIGN at X= -573, Y= 79, Z= 244
[2024-03-26 01:44:40] [world] The Player <Marshtomp17> has placed WALL_SIGN at X= -581, Y= 79, Z= 253
[2024-03-26 01:45:12] [world] The Player <Marshtomp17> has placed WALL_SIGN at X= -582, Y= 79, Z= 253
[2024-03-26 02:17:05] [world] The Player <GolemDaWanderer> has placed WORKBENCH at X= 10076, Y= 63, Z= -9974
[2024-03-26 11:21:03] [world] The Player <GolemDaWanderer> has placed SPONGE at X= 10007, Y= 66, Z= -9933
[2024-03-26 11:22:26] [world] The Player <GolemDaWanderer> has placed REDSTONE_WIRE at X= 10007, Y= 67, Z= -9933
[2024-03-26 11:22:26] [world] The Player <GolemDaWanderer> has placed REDSTONE_WIRE at X= 10007, Y= 66, Z= -9934
[2024-03-26 11:22:27] [world] The Player <GolemDaWanderer> has placed REDSTONE_WIRE at X= 10007, Y= 66, Z= -9935
[2024-03-26 11:22:27] [world] The Player <GolemDaWanderer> has placed REDSTONE_WIRE at X= 10007, Y= 66, Z= -9936
[2024-03-26 11:22:27] [world] The Player <GolemDaWanderer> has placed REDSTONE_WIRE at X= 10007, Y= 66, Z= -9937
[2024-03-26 11:22:28] [world] The Player <GolemDaWanderer> has placed REDSTONE_WIRE at X= 10007, Y= 65, Z= -9939
[2024-03-26 11:23:12] [world] The Player <GolemDaWanderer> has placed STONE at X= 10007, Y= 63, Z= -9941
[2024-03-26 11:23:12] [world] The Player <GolemDaWanderer> has placed STONE at X= 10007, Y= 64, Z= -9941
[2024-03-26 11:23:17] [world] The Player <GolemDaWanderer> has placed REDSTONE_WIRE at X= 10007, Y= 66, Z= -9938
[2024-03-26 11:23:18] [world] The Player <GolemDaWanderer> has placed REDSTONE_WIRE at X= 10007, Y= 65, Z= -9941
[2024-03-26 11:23:18] [world] The Player <GolemDaWanderer> has placed REDSTONE_WIRE at X= 10007, Y= 65, Z= -9940
[2024-03-26 11:23:19] [world] The Player <GolemDaWanderer> has placed REDSTONE_WIRE at X= 10007, Y= 65, Z= -9942
[2024-03-26 11:23:20] [world] The Player <GolemDaWanderer> has placed REDSTONE_WIRE at X= 10007, Y= 65, Z= -9944
[2024-03-26 11:23:20] [world] The Player <GolemDaWanderer> has placed REDSTONE_WIRE at X= 10007, Y= 65, Z= -9943
[2024-03-26 11:23:21] [world] The Player <GolemDaWanderer> has placed REDSTONE_WIRE at X= 10007, Y= 65, Z= -9945
[2024-03-26 11:23:22] [world] The Player <GolemDaWanderer> has placed REDSTONE_WIRE at X= 10007, Y= 66, Z= -9946
[2024-03-26 11:23:22] [world] The Player <GolemDaWanderer> has placed REDSTONE_WIRE at X= 10007, Y= 66, Z= -9947
[2024-03-26 11:23:24] [world] The Player <GolemDaWanderer> has placed DIODE_BLOCK_OFF at X= 10007, Y= 66, Z= -9948
[2024-03-26 11:23:29] [world] The Player <GolemDaWanderer> has placed REDSTONE_WIRE at X= 10007, Y= 66, Z= -9949
[2024-03-26 11:23:30] [world] The Player <GolemDaWanderer> has placed REDSTONE_WIRE at X= 10007, Y= 66, Z= -9950
[2024-03-26 11:23:30] [world] The Player <GolemDaWanderer> has placed REDSTONE_WIRE at X= 10007, Y= 66, Z= -9951
[2024-03-26 11:23:31] [world] The Player <GolemDaWanderer> has placed REDSTONE_WIRE at X= 10007, Y= 66, Z= -9952
[2024-03-26 11:23:31] [world] The Player <GolemDaWanderer> has placed REDSTONE_WIRE at X= 10007, Y= 66, Z= -9953
[2024-03-26 11:23:32] [world] The Player <GolemDaWanderer> has placed REDSTONE_WIRE at X= 10007, Y= 66, Z= -9954
[2024-03-26 11:23:32] [world] The Player <GolemDaWanderer> has placed REDSTONE_WIRE at X= 10007, Y= 66, Z= -9955
[2024-03-26 11:23:33] [world] The Player <GolemDaWanderer> has placed REDSTONE_WIRE at X= 10007, Y= 66, Z= -9956
[2024-03-26 11:23:33] [world] The Player <GolemDaWanderer> has placed REDSTONE_WIRE at X= 10007, Y= 66, Z= -9957
[2024-03-26 11:23:34] [world] The Player <GolemDaWanderer> has placed REDSTONE_WIRE at X= 10007, Y= 66, Z= -9958
[2024-03-26 11:23:34] [world] The Player <GolemDaWanderer> has placed REDSTONE_WIRE at X= 10007, Y= 66, Z= -9959
[2024-03-26 11:23:42] [world] The Player <GolemDaWanderer> has placed REDSTONE_WIRE at X= 10007, Y= 66, Z= -9960
[2024-03-26 11:23:42] [world] The Player <GolemDaWanderer> has placed REDSTONE_WIRE at X= 10007, Y= 66, Z= -9961
[2024-03-26 11:23:43] [world] The Player <GolemDaWanderer> has placed REDSTONE_WIRE at X= 10007, Y= 66, Z= -9962
[2024-03-26 11:23:43] [world] The Player <GolemDaWanderer> has placed REDSTONE_WIRE at X= 10007, Y= 66, Z= -9963
[2024-03-26 11:23:44] [world] The Player <GolemDaWanderer> has placed REDSTONE_WIRE at X= 10007, Y= 66, Z= -9964
[2024-03-26 11:24:21] [world] The Player <GolemDaWanderer> has placed REDSTONE_TORCH_ON at X= 10007, Y= 66, Z= -9964
[2024-03-26 11:25:06] [world] The Player <GolemDaWanderer> has placed QUARTZ_BLOCK at X= 10010, Y= 64, Z= -9934
[2024-03-26 11:25:10] [world] The Player <GolemDaWanderer> has placed QUARTZ_BLOCK at X= 10008, Y= 62, Z= -9934
[2024-03-26 11:25:23] [world] The Player <GolemDaWanderer> has placed SPONGE at X= 10008, Y= 64, Z= -9937
[2024-03-26 11:25:24] [world] The Player <GolemDaWanderer> has placed REDSTONE_TORCH_ON at X= 10008, Y= 65, Z= -9937
[2024-03-26 11:25:29] [world] The Player <GolemDaWanderer> has placed REDSTONE_WIRE at X= 10008, Y= 65, Z= -9937
[2024-03-26 11:25:32] [world] The Player <GolemDaWanderer> has placed REDSTONE_TORCH_ON at X= 10008, Y= 64, Z= -9936
[2024-03-26 11:25:37] [world] The Player <GolemDaWanderer> has placed REDSTONE_WIRE at X= 10008, Y= 64, Z= -9936
[2024-03-26 11:25:37] [world] The Player <GolemDaWanderer> has placed REDSTONE_TORCH_ON at X= 10009, Y= 64, Z= -9935
[2024-03-26 11:25:39] [world] The Player <GolemDaWanderer> has placed REDSTONE_TORCH_ON at X= 10008, Y= 64, Z= -9935
[2024-03-26 13:04:13] [world] The Player <NezukoChan> has placed STONE at X= -548, Y= 62, Z= 295
[2024-03-26 13:29:00] [world] The Player <NezukoChan> has placed STONE at X= -548, Y= 62, Z= 294
[2024-03-26 13:29:01] [world] The Player <NezukoChan> has placed STONE at X= -547, Y= 62, Z= 294
[2024-03-26 13:29:17] [world] The Player <NezukoChan> has placed STONE at X= -547, Y= 61, Z= 294
[2024-03-26 13:29:17] [world] The Player <NezukoChan> has placed STONE at X= -548, Y= 61, Z= 294
[2024-03-26 13:29:18] [world] The Player <NezukoChan> has placed STONE at X= -546, Y= 62, Z= 294
[2024-03-26 13:33:23] [world] The Player <hexa> has placed TORCH at X= -473, Y= 12, Z= 256
[2024-03-26 13:33:36] [world] The Player <hexa> has placed TORCH at X= -473, Y= 12, Z= 269
[2024-03-26 13:33:54] [world] The Player <hexa> has placed TORCH at X= -473, Y= 12, Z= 283
[2024-03-26 13:34:33] [world] The Player <NezukoChan> has placed ENDER_CHEST at X= -550, Y= 65, Z= 315
[2024-03-26 13:34:33] [world] The Player <NezukoChan> has placed ENDER_CHEST at X= -551, Y= 65, Z= 315
[2024-03-26 13:35:14] [world] The Player <hexa> has placed TORCH at X= -466, Y= 12, Z= 322
[2024-03-26 13:35:29] [world] The Player <hexa> has placed TORCH at X= -466, Y= 12, Z= 337
[2024-03-26 13:36:08] [world] The Player <hexa> has placed TORCH at X= -466, Y= 12, Z= 348
[2024-03-26 13:36:23] [world] The Player <hexa> has placed TORCH at X= -466, Y= 11, Z= 359
[2024-03-26 13:36:28] [world] The Player <hexa> has placed TORCH at X= -466, Y= 11, Z= 360
[2024-03-26 13:36:28] [world] The Player <hexa> has placed TORCH at X= -466, Y= 11, Z= 359
[2024-03-26 13:36:33] [world] The Player <hexa> has placed TORCH at X= -466, Y= 11, Z= 361
[2024-03-26 13:36:39] [world] The Player <hexa> has placed TORCH at X= -466, Y= 12, Z= 362
[2024-03-26 13:36:48] [world] The Player <hexa> has placed TORCH at X= -466, Y= 12, Z= 364
[2024-03-26 13:37:04] [world] The Player <hexa> has placed TORCH at X= -466, Y= 12, Z= 379
[2024-03-26 13:37:26] [world] The Player <hexa> has placed TORCH at X= -466, Y= 12, Z= 389
[2024-03-26 13:38:57] [world] The Player <hexa> has placed TORCH at X= -466, Y= 12, Z= 400
[2024-03-26 13:39:08] [world] The Player <hexa> has placed TORCH at X= -466, Y= 9, Z= 413
[2024-03-26 13:39:53] [world] The Player <hexa> has placed TORCH at X= -466, Y= 12, Z= 428
[2024-03-26 13:45:06] [world] The Player <NezukoChan> has placed DIRT at X= -543, Y= 68, Z= 314
[2024-03-26 20:57:54] [world] The Player <GolemDaWanderer> has placed WORKBENCH at X= 9992, Y= 68, Z= -9950
[2024-03-26 21:00:34] [world] The Player <GolemDaWanderer> has placed CHEST at X= -581, Y= 88, Z= 259
[2024-03-26 21:00:35] [world] The Player <GolemDaWanderer> has placed CHEST at X= -581, Y= 88, Z= 257
[2024-03-26 21:00:36] [world] The Player <GolemDaWanderer> has placed CHEST at X= -581, Y= 88, Z= 255
[2024-03-26 21:00:37] [world] The Player <GolemDaWanderer> has placed CHEST at X= -581, Y= 88, Z= 253
[2024-03-26 21:00:38] [world] The Player <GolemDaWanderer> has placed CHEST at X= -581, Y= 88, Z= 251
[2024-03-26 21:00:39] [world] The Player <GolemDaWanderer> has placed CHEST at X= -581, Y= 88, Z= 249
[2024-03-26 21:00:41] [world] The Player <GolemDaWanderer> has placed CHEST at X= -581, Y= 88, Z= 247
[2024-03-26 21:00:42] [world] The Player <GolemDaWanderer> has placed CHEST at X= -581, Y= 88, Z= 245
[2024-03-26 21:00:54] [world] The Player <GolemDaWanderer> has placed CHEST at X= -581, Y= 88, Z= 243
[2024-03-26 21:01:01] [world] The Player <GolemDaWanderer> has placed WALL_SIGN at X= -580, Y= 88, Z= 259
[2024-03-26 21:01:03] [world] The Player <GolemDaWanderer> has placed WALL_SIGN at X= -580, Y= 88, Z= 257
[2024-03-26 21:01:06] [world] The Player <GolemDaWanderer> has placed WALL_SIGN at X= -580, Y= 88, Z= 255
[2024-03-26 21:01:08] [world] The Player <GolemDaWanderer> has placed WALL_SIGN at X= -580, Y= 88, Z= 253
[2024-03-26 21:01:09] [world] The Player <GolemDaWanderer> has placed WALL_SIGN at X= -580, Y= 88, Z= 251
[2024-03-26 21:01:11] [world] The Player <GolemDaWanderer> has placed WALL_SIGN at X= -580, Y= 88, Z= 249
[2024-03-26 21:01:13] [world] The Player <GolemDaWanderer> has placed WALL_SIGN at X= -580, Y= 88, Z= 247
[2024-03-26 21:01:15] [world] The Player <GolemDaWanderer> has placed WALL_SIGN at X= -580, Y= 88, Z= 245
[2024-03-26 21:01:17] [world] The Player <GolemDaWanderer> has placed WALL_SIGN at X= -580, Y= 88, Z= 243
[2024-03-26 21:01:27] [world] The Player <GolemDaWanderer> has placed CHEST at X= -581, Y= 89, Z= 259
[2024-03-26 21:01:28] [world] The Player <GolemDaWanderer> has placed CHEST at X= -581, Y= 89, Z= 257
[2024-03-26 21:01:30] [world] The Player <GolemDaWanderer> has placed CHEST at X= -581, Y= 89, Z= 255
[2024-03-26 21:01:32] [world] The Player <GolemDaWanderer> has placed WALL_SIGN at X= -580, Y= 89, Z= 255
[2024-03-26 21:01:34] [world] The Player <GolemDaWanderer> has placed WALL_SIGN at X= -580, Y= 89, Z= 257
[2024-03-26 21:01:35] [world] The Player <GolemDaWanderer> has placed WALL_SIGN at X= -580, Y= 89, Z= 259
[2024-03-26 21:01:51] [world] The Player <GolemDaWanderer> has placed WOOL at X= -582, Y= 88, Z= 242
[2024-03-26 21:01:54] [world] The Player <GolemDaWanderer> has placed WOOL at X= -581, Y= 88, Z= 242
[2024-03-26 21:02:47] [world] The Player <GolemDaWanderer> has placed WALL_SIGN at X= -580, Y= 89, Z= 259
[2024-03-26 21:03:44] [world] The Player <GolemDaWanderer> has placed WALL_SIGN at X= -580, Y= 89, Z= 259
[2024-03-26 21:04:43] [world] The Player <GolemDaWanderer> has placed WALL_SIGN at X= -580, Y= 89, Z= 259
[2024-03-26 21:05:17] [world] The Player <GolemDaWanderer> has placed WALL_SIGN at X= -580, Y= 89, Z= 259
[2024-03-26 21:07:42] [world] The Player <GolemDaWanderer> has placed WALL_SIGN at X= -580, Y= 89, Z= 259
[2024-03-26 21:10:30] [world] The Player <GolemDaWanderer> has placed WALL_SIGN at X= -580, Y= 89, Z= 259
[2024-03-26 21:12:02] [world] The Player <GolemDaWanderer> has placed SPONGE at X= -572, Y= 88, Z= 252
[2024-03-26 21:14:14] [world] The Player <GolemDaWanderer> has placed ENDER_CHEST at X= -582, Y= 88, Z= 254
[2024-03-26 21:15:08] [world] The Player <GolemDaWanderer> has placed WORKBENCH at X= -575, Y= 88, Z= 254
[2024-03-26 22:18:42] [world] The Player <GolemDaWanderer> has placed COBBLESTONE at X= -10177, Y= 63, Z= 4112
[2024-03-26 22:18:43] [world] The Player <GolemDaWanderer> has placed COBBLESTONE at X= -10177, Y= 64, Z= 4112
[2024-03-26 22:18:43] [world] The Player <GolemDaWanderer> has placed COBBLESTONE at X= -10177, Y= 65, Z= 4112
[2024-03-26 22:18:44] [world] The Player <GolemDaWanderer> has placed COBBLESTONE at X= -10177, Y= 67, Z= 4111
[2024-03-26 22:18:44] [world] The Player <GolemDaWanderer> has placed COBBLESTONE at X= -10177, Y= 66, Z= 4112
[2024-03-26 22:19:16] [world] The Player <GolemDaWanderer> has placed COBBLESTONE at X= -10176, Y= 62, Z= 4118
[2024-03-26 22:19:18] [world] The Player <GolemDaWanderer> has placed COBBLESTONE at X= -10177, Y= 63, Z= 4118
[2024-03-26 22:19:19] [world] The Player <GolemDaWanderer> has placed COBBLESTONE at X= -10177, Y= 62, Z= 4117
[2024-03-26 22:19:20] [world] The Player <GolemDaWanderer> has placed COBBLESTONE at X= -10177, Y= 62, Z= 4116
[2024-03-26 22:19:36] [world] The Player <GolemDaWanderer> has placed COBBLESTONE at X= -10164, Y= 63, Z= 4125
[2024-03-26 22:19:45] [world] The Player <NezukoChan> has placed SPONGE at X= -590, Y= 56, Z= 329
[2024-03-26 22:19:49] [world] The Player <NezukoChan> has placed SPONGE at X= -590, Y= 56, Z= 333
[2024-03-26 22:20:01] [world] The Player <NezukoChan> has placed SPONGE at X= -579, Y= 56, Z= 333
[2024-03-26 22:20:32] [world] The Player <NezukoChan> has placed SPONGE at X= -567, Y= 56, Z= 333
[2024-03-26 22:20:35] [world] The Player <GolemDaWanderer> has placed COBBLESTONE at X= -10193, Y= 63, Z= 4093
[2024-03-26 22:20:36] [world] The Player <GolemDaWanderer> has placed COBBLESTONE at X= -10193, Y= 64, Z= 4093
