[2024-03-30 13:47:41] [world] The Player <GolemDaWanderer> has placed DIRT at X= 10236, Y= 72, Z= -10484
[2024-03-30 13:47:41] [world] The Player <GolemDaWanderer> has placed DIRT at X= 10241, Y= 72, Z= -10485
[2024-03-30 13:47:42] [world] The Player <GolemDaWanderer> has placed DIRT at X= 10244, Y= 73, Z= -10485
[2024-03-30 14:40:39] [world] The Player <GolemDaWanderer> has placed SUGAR_CANE_BLOCK at X= 10333, Y= 63, Z= -10542
[2024-03-30 14:40:39] [world] The Player <GolemDaWanderer> has placed SUGAR_CANE_BLOCK at X= 10333, Y= 64, Z= -10542
[2024-03-30 14:40:40] [world] The Player <GolemDaWanderer> has placed SUGAR_CANE_BLOCK at X= 10332, Y= 63, Z= -10542
[2024-03-30 19:29:01] [world] The Player <GolemDaWanderer> has placed WORKBENCH at X= 10363, Y= 73, Z= -10933
[2024-03-30 19:31:04] [world] The Player <GolemDaWanderer> has placed ENDER_CHEST at X= 10353, Y= 71, Z= -10966
[2024-03-30 19:31:36] [world] The Player <GolemDaWanderer> has placed ENCHANTMENT_TABLE at X= 10351, Y= 71, Z= -10966
[2024-03-30 19:34:13] [world] The Player <GolemDaWanderer> has placed ANVIL at X= 10341, Y= 64, Z= -11131
[2024-03-31 03:33:47] [world] The Player <GolemDaWanderer> has placed ANVIL at X= -10298, Y= 35, Z= 4026
[2024-03-31 03:34:00] [world] The Player <GolemDaWanderer> has placed ENCHANTMENT_TABLE at X= -10289, Y= 35, Z= 4028
[2024-03-31 03:35:36] [world] The Player <GolemDaWanderer> has placed WORKBENCH at X= -10292, Y= 36, Z= 4030
[2024-03-31 13:08:14] [world] The Player <BTC> has placed DIRT at X= -3130, Y= 63, Z= 832
[2024-03-31 13:08:14] [world] The Player <BTC> has placed DIRT at X= -3130, Y= 62, Z= 832
[2024-03-31 13:08:56] [world] The Player <BTC> has placed ENDER_CHEST at X= -3131, Y= 41, Z= 833
[2024-03-31 13:08:57] [world] The Player <BTC> has placed ENCHANTMENT_TABLE at X= -3131, Y= 41, Z= 831
[2024-03-31 13:09:04] [world] The Player <BTC> has placed ANVIL at X= -3131, Y= 41, Z= 832
[2024-03-31 13:09:53] [world] The Player <BTC> has placed ANVIL at X= -3131, Y= 42, Z= 832
[2024-03-31 13:17:24] [world] The Player <BTC> has placed SANDSTONE at X= -709, Y= 49, Z= 91
[2024-03-31 13:17:24] [world] The Player <BTC> has placed SANDSTONE at X= -710, Y= 49, Z= 91
[2024-03-31 13:17:25] [world] The Player <BTC> has placed SANDSTONE at X= -710, Y= 51, Z= 91
[2024-03-31 13:17:35] [world] The Player <BTC> has placed SANDSTONE at X= -710, Y= 50, Z= 91
[2024-03-31 13:17:36] [world] The Player <BTC> has placed SANDSTONE at X= -711, Y= 50, Z= 92
[2024-03-31 13:17:36] [world] The Player <BTC> has placed SANDSTONE at X= -711, Y= 50, Z= 91
[2024-03-31 13:17:36] [world] The Player <BTC> has placed SANDSTONE at X= -711, Y= 50, Z= 90
