[2024-04-01 12:19:11] [world] The Player <Char> has left at -833, 75, 642
[2024-04-01 12:19:12] [world] The Player <Tester> has left at -33421, 172, 13477
[2024-04-01 12:19:54] [world] The Player <Tester> has left at -33418, 172, 13475
[2024-04-01 12:39:46] [world] The Player <Tester_> has left at -546, 68, 249
[2024-04-01 12:43:49] [world] The Player <Tester_> has left at -547, 68, 253
[2024-04-01 13:32:05] [world] The Player <ViggYee553> has left at -571, 85, 318
[2024-04-01 13:56:26] [world] The Player <GolemDaWanderer> has left at -10301, 39, 4029
[2024-04-01 14:02:42] [world] The Player <GolemDaWanderer> has left at -10301, 39, 4029
[2024-04-01 14:19:05] [world] The Player <GolemDaWanderer> has left at -10301, 39, 4029
[2024-04-01 15:02:02] [world] The Player <GolemDaWanderer> has left at -10301, 39, 4029
[2024-04-01 16:14:41] [world] The Player <GolemDaWanderer> has left at -10301, 39, 4029
[2024-04-01 16:17:06] [world] The Player <Error> has left at -579, 84, 322
[2024-04-01 18:32:19] [world] The Player <Marshtomp12345> has left at -558, 65, 299
[2024-04-01 18:36:43] [world] The Player <GolemDaWanderer> has left at -10301, 39, 4029
[2024-04-01 20:24:32] [world] The Player <GolemDaWanderer> has left at -10298, 35, 4029
[2024-04-01 20:30:50] [world] The Player <GolemDaWanderer> has left at -10298, 35, 4029
[2024-04-01 20:49:12] [world] The Player <GolemDaWanderer> has left at -10299, 35, 4026
[2024-04-01 23:11:22] [world] The Player <xcpc> has left at -311, 70, 274
[2024-04-01 23:12:46] [world] The Player <xcpc> has left at -310, 70, 276
[2024-04-02 01:51:56] [world] The Player <GolemDaWanderer> has left at -10289, 36, 4029
[2024-04-02 02:48:35] [world_nether] The Player <xcpc> has left at -54, 66, -151
[2024-04-02 03:50:23] [world] The Player <FrostYt> has left at -574, 86, 312
[2024-04-02 09:47:30] [world] The Player <BTC> has left at -3128, 41, 833
