[2024-03-17 22:31:55] [world] The Player <bagelz> has left at 1050, 75, 2357
[2024-03-17 22:32:02] [world] The Player <TurtleDuck> has left at -534, 70, 265
[2024-03-17 22:38:47] [world] The Player <Brycethelegend> has left at -556, 88, 252
[2024-03-17 22:47:14] [world] The Player <Brycethelegend> has left at -1593, 12, -209
[2024-03-17 22:47:15] [world_the_end] The Player <NezukoChan> has left at 97, 36, 0
[2024-03-17 22:47:16] [world_the_end] The Player <Tester> has left at -5, 59, -49
[2024-03-17 22:47:54] [world_the_end] The Player <Tester> has left at -9, 57, -52
[2024-03-17 22:49:33] [world] The Player <Tester> has left at -10177, 63, 4115
[2024-03-17 22:50:44] [world] The Player <Heinrich_Himmler> has left at -574, 68, 316
[2024-03-17 22:51:03] [world] The Player <Heinrich_Himmler> has left at -574, 69, 316
[2024-03-17 23:00:50] [world] The Player <Tester> has left at -10179, 63, 4112
[2024-03-17 23:06:27] [world] The Player <Tester> has left at -10181, 60, 4119
[2024-03-17 23:07:17] [world] The Player <Tester> has left at -10184, 65, 4119
[2024-03-17 23:08:52] [world] The Player <Brycethelegend> has left at -554, 79, 374
[2024-03-17 23:09:03] [world] The Player <bagelz> has left at 1035, 105, 2322
[2024-03-17 23:14:48] [world_nether] The Player <Char> has left at -1276, 128, 503
[2024-03-17 23:24:04] [world_nether] The Player <idkwhattoputhere> has left at -1261, 128, 499
[2024-03-17 23:25:13] [world] The Player <Brycethelegend> has left at 3, 72, 1158
[2024-03-17 23:27:32] [world] The Player <Milk_Frog> has left at -576, 65, 280
[2024-03-17 23:27:32] [world] The Player <NezukoChan> has left at -596, 69, 335
[2024-03-17 23:27:32] [world] The Player <TurtleDuck> has left at -563, 74, 278
[2024-03-17 23:28:17] [world] The Player <Milk_Frog_> has left at -877, 65, 432
[2024-03-17 23:29:23] [world] The Player <Char> has left at -576, 79, 284
[2024-03-17 23:42:19] [world] The Player <Milk_Frog> has left at -576, 64, 275
[2024-03-17 23:45:19] [world] The Player <Tester> has left at -562, 88, 270
[2024-03-17 23:46:28] [world] The Player <Tester_> has left at -10178, 63, 4107
[2024-03-17 23:50:46] [world] The Player <bagelz> has left at 1037, 74, 2339
[2024-03-17 23:52:28] [world] The Player <Tester_> has left at -10180, 63, 4116
[2024-03-17 23:52:50] [world] The Player <bagelz> has left at 1037, 74, 2339
[2024-03-17 23:54:18] [world] The Player <Char> has left at -573, 70, 316
[2024-03-18 00:01:30] [world] The Player <TurtleDuck> has left at -580, 73, 285
[2024-03-18 00:15:49] [world] The Player <Tester> has left at -10170, 66, 4119
[2024-03-18 00:16:23] [world_the_end] The Player <NezukoChan> has left at -166, 99, 40
[2024-03-18 00:19:37] [world] The Player <Milk_Frog> has left at -598, 68, 294
[2024-03-18 00:20:42] [world] The Player <TurtleDuck> has left at -583, 73, 279
[2024-03-18 00:24:08] [world] The Player <Tester> has left at -574, 68, 277
[2024-03-18 00:26:29] [world] The Player <NezukoChan> has left at -548, 68, 273
[2024-03-18 00:27:59] [world] The Player <Char> has left at -576, 76, 289
[2024-03-18 00:29:09] [world] The Player <bagelz> has left at 1050, 5, 2457
[2024-03-18 00:41:53] [world_the_end] The Player <Tester> has left at -25, 184, -6
[2024-03-18 00:43:00] [world] The Player <TurtleDuck> has left at -584, 67, 284
[2024-03-18 00:43:06] [world] The Player <Tester> has left at -10187, 63, 4110
[2024-03-18 00:46:25] [world] The Player <Char> has left at -573, 68, 316
[2024-03-18 00:49:26] [world] The Player <idkwhattoputhere> has left at -574, 68, 316
[2024-03-18 00:54:19] [world] The Player <idkwhattoputhere> has left at -590, 68, 261
[2024-03-18 00:58:07] [world] The Player <TurtleDuck> has left at -552, 72, 285
[2024-03-18 01:01:14] [world_the_end] The Player <Tester> has left at 4, 59, -12
[2024-03-18 01:03:50] [world] The Player <Koi> has left at -605, 74, 293
[2024-03-18 01:08:46] [world_nether] The Player <Milk_Frog> has left at 12550, 128, -6
[2024-03-18 01:09:44] [world_nether] The Player <Milk_Frog> has left at 12550, 127, -6
[2024-03-18 01:16:05] [world] The Player <NezukoChan> has left at 99991, 17, 36
[2024-03-18 01:18:08] [world] The Player <TurtleDuckh__uwb> has left at -577, 85, 322
