[2024-03-18 01:29:49] [world] The Player <NezukoChan> has left at 99991, 17, 36
[2024-03-18 01:34:02] [world_the_end] The Player <Tester> has left at 4, 59, -12
[2024-03-18 01:34:08] [world] The Player <NezukoChan> has left at -10190, 63, 4088
[2024-03-18 01:34:08] [world_the_end] The Player <Tester> has left at 4, 59, -12
[2024-03-18 01:37:50] [world] The Player <Tester> has left at -556, 88, 251
[2024-03-18 01:38:23] [world] The Player <Tester> has left at -556, 88, 251
[2024-03-18 01:41:02] [world] The Player <Tester> has left at -557, 88, 281
[2024-03-18 01:44:20] [world] The Player <Tester> has left at -542, 88, 249
[2024-03-18 01:48:11] [world] The Player <Tester> has left at -557, 88, 261
[2024-03-18 01:49:06] [world] The Player <Tester> has left at -557, 88, 261
[2024-03-18 01:49:46] [world] The Player <Tester> has left at -557, 88, 261
[2024-03-18 10:37:21] [world] The Player <sharky> has left at -515, 82, -459
[2024-03-18 11:08:06] [world] The Player <qwerty> has left at -573, 68, 255
[2024-03-18 11:14:24] [world] The Player <Mudkips_Rule> has left at -496, 77, -482
[2024-03-18 11:16:22] [world] The Player <Rip_Dogwater> has left at -719, 65, 300
[2024-03-18 11:17:17] [world] The Player <Rip_Dogwater> has left at -719, 62, 298
[2024-03-18 11:18:07] [world] The Player <Rip_Dogwater> has left at -708, 175, 297
[2024-03-18 11:18:27] [world] The Player <Tester> has left at -558, 88, 274
[2024-03-18 11:19:25] [world] The Player <Rip_Dogwater> has left at -700, 64, 161
[2024-03-18 11:24:07] [world_nether] The Player <qwerty> has left at -145, 70, -94
[2024-03-18 11:24:41] [world] The Player <BigDickRandy> has left at -898, 74, 272
[2024-03-18 11:24:51] [world] The Player <Rip_Dogwater> has left at -728, 67, 187
[2024-03-18 11:25:09] [world_nether] The Player <Mudkips_Rule> has left at -146, 70, -94
[2024-03-18 11:25:10] [world_nether] The Player <qwerty> has left at -143, 67, -101
[2024-03-18 11:25:45] [world] The Player <Rip_Dogwater> has left at -726, 67, 198
[2024-03-18 11:28:38] [world] The Player <sharky> has left at -538, 77, -466
[2024-03-18 11:28:39] [world] The Player <VeerIsKKK> has left at 544, 70, 2254
[2024-03-18 11:28:41] [world] The Player <BigDickRandy> has left at -180, 87, 4283
[2024-03-18 11:29:03] [world] The Player <VeerIsKKK> has left at 558, 64, 2256
[2024-03-18 11:30:41] [world] The Player <BigDickRandy> has left at -178, 87, 4285
[2024-03-18 11:32:10] [world] The Player <VeerIsKKK> has left at 510, 104, 2247
[2024-03-18 11:32:39] [world] The Player <VeerIsKKK> has left at 510, 104, 2247
[2024-03-18 11:33:08] [world_nether] The Player <The_Amazing_Yao> has left at -59, 89, 143
[2024-03-18 11:35:11] [world] The Player <proman50> has left at -570, 69, 314
[2024-03-18 12:10:30] [world] The Player <Sword4001> has left at -565, 68, 265
[2024-03-18 12:10:33] [world_nether] The Player <Mudkips_Rule> has left at -146, 70, -94
[2024-03-18 12:11:28] [world] The Player <MrBlob2U> has left at -694, 12, 165
[2024-03-18 12:11:54] [world] The Player <character> has left at -738, 10, 173
[2024-03-18 12:25:23] [world_nether] The Player <The_Amazing_Yao> has left at -61, 88, 144
[2024-03-18 12:26:08] [world_nether] The Player <Brycethelegend> has left at -119, 46, -78
[2024-03-18 12:27:04] [world_the_end] The Player <NezukoChan> has left at 100, 49, 0
[2024-03-18 12:41:19] [world_the_end] The Player <theproman3387> has left at 39, 63, 11
[2024-03-18 12:42:38] [world_the_end] The Player <NezukoChan> has left at 100, 49, 0
[2024-03-18 12:42:44] [world] The Player <VeerIsKKK> has left at 510, 104, 2247
[2024-03-18 12:54:00] [world] The Player <proman50> has left at -254, 65, 202
[2024-03-18 12:54:06] [world] The Player <VeerIsKKK> has left at -557, 68, 274
[2024-03-18 12:55:06] [world] The Player <NezukoChan> has left at -630, 68, 328
[2024-03-18 12:55:07] [world] The Player <Rip_Dogwater> has left at -10177, 60, 4118
[2024-03-18 12:55:07] [world] The Player <Brycethelegend> has left at -481, 64, 314
[2024-03-18 12:59:56] [world] The Player <kirbo> has left at -845, 45, 1213
[2024-03-18 13:01:40] [world] The Player <WienerDogFace> has left at -578, 66, 297
[2024-03-18 13:03:51] [world] The Player <kirbo> has left at -575, 69, 318
[2024-03-18 13:06:33] [world] The Player <kirbo> has left at -581, 69, 315
[2024-03-18 13:08:55] [world] The Player <Brycethelegend> has left at -583, 68, 289
[2024-03-18 13:10:29] [world] The Player <VeerIsKKK> has left at -432, 74, 281
[2024-03-18 13:19:25] [world] The Player <Tester> has left at -10244, 64, 4104
[2024-03-18 13:30:10] [world] The Player <Tester> has left at -10243, 64, 4105
[2024-03-18 13:31:14] [world_the_end] The Player <VeerIsKKK> has left at 73, 52, 0
[2024-03-18 13:33:05] [world_nether] The Player <The_Amazing_Yao> has left at -61, 88, 144
[2024-03-18 13:34:55] [world] The Player <VeerIsKKK> has left at -576, 69, 320
[2024-03-18 13:35:12] [world] The Player <VeerIsKKK> has left at -576, 69, 320
[2024-03-18 13:35:35] [world_the_end] The Player <Tester> has left at -14, 59, 55
[2024-03-18 13:36:32] [world] The Player <Milk_Frog_> has left at -876, 65, 432
[2024-03-18 13:41:30] [world] The Player <Tester> has left at -10172, 64, 4118
[2024-03-18 13:45:08] [world_nether] The Player <Brycethelegend> has left at -107, 68, -101
[2024-03-18 13:47:38] [world_nether] The Player <Brycethelegend> has left at -107, 68, -101
[2024-03-18 13:47:56] [world] The Player <WienerDogFace> has left at -588, 68, 268
[2024-03-18 13:49:28] [world] The Player <Tester> has left at -10173, 152, 4106
[2024-03-18 13:49:38] [world] The Player <VeerIsKKK> has left at -576, 69, 320
[2024-03-18 13:49:46] [world_nether] The Player <Mudkips_Rule> has left at -147, 68, -96
[2024-03-18 13:50:11] [world] The Player <BigDickRandy> has left at -178, 87, 4285
[2024-03-18 13:50:11] [world] The Player <A_Random_Person> has left at -755, 10, 684
[2024-03-18 13:50:17] [world] The Player <MrBlob2U> has left at -696, 11, 169
[2024-03-18 13:50:21] [world] The Player <sharky> has left at -508, 80, -431
[2024-03-18 13:51:01] [world_nether] The Player <The_Amazing_Yao> has left at -57, 90, 147
[2024-03-18 13:51:08] [world_nether] The Player <qwerty> has left at -136, 67, -87
[2024-03-18 13:51:12] [world] The Player <somebody139> has left at -618, 68, 307
[2024-03-18 13:52:22] [world] The Player <BigDickRandy> has left at -178, 87, 4285
[2024-03-18 13:53:20] [world_nether] The Player <qwerty> has left at -136, 67, -87
[2024-03-18 13:53:40] [world] The Player <digbick> has left at -720, 65, 298
[2024-03-18 13:54:29] [world] The Player <digbick> has left at -720, 65, 298
[2024-03-18 13:55:06] [world] The Player <hi_> has left at -1354, 67, -237
[2024-03-18 13:55:12] [world_the_end] The Player <VeerIsKKK> has left at -44, 64, -8
[2024-03-18 13:55:34] [world] The Player <Rip_Dogwater> has left at -10180, 60, 4119
[2024-03-18 13:55:44] [world] The Player <digbick> has left at -720, 65, 298
[2024-03-18 13:56:00] [world] The Player <digbick> has left at -720, 65, 298
[2024-03-18 13:56:40] [world] The Player <Tester> has left at -10179, 60, 4120
[2024-03-18 13:56:42] [world] The Player <Dio> has left at -630, 74, 318
[2024-03-18 13:56:59] [world] The Player <sharky> has left at -548, 90, -462
[2024-03-18 13:57:19] [world_the_end] The Player <somebody139> has left at -43, 64, -7
[2024-03-18 13:59:17] [world] The Player <Sword4001> has left at -589, 68, 285
[2024-03-18 14:01:02] [world] The Player <Pog4lifepeople> has left at -573, 68, 304
[2024-03-18 14:04:13] [world] The Player <digbick> has left at -722, 65, 297
[2024-03-18 14:04:25] [world] The Player <Biggie_Vinny> has left at -722, 65, 297
[2024-03-18 14:05:28] [world_the_end] The Player <VeerIsKKK> has left at 106, -61, -8
[2024-03-18 14:05:41] [world] The Player <somebody139> has left at -573, 68, 316
[2024-03-18 14:05:44] [world_the_end] The Player <WienerDogFace> has left at 96, 49, 1
[2024-03-18 14:05:46] [world] The Player <VeerIsKKK> has left at -573, 69, 314
[2024-03-18 14:06:13] [world] The Player <Brycethelegend> has left at -585, 8, 202
[2024-03-18 14:06:15] [world] The Player <Mudkips_Rule> has left at -1356, 63, -263
[2024-03-18 14:08:16] [world_nether] The Player <qwerty> has left at -136, 67, -87
[2024-03-18 14:08:24] [world] The Player <BigDickRandy> has left at -178, 87, 4285
[2024-03-18 14:08:27] [world_the_end] The Player <WienerDogFace> has left at 96, 49, 1
[2024-03-18 14:08:29] [world] The Player <VeerIsKKK> has left at -576, 69, 314
[2024-03-18 14:08:33] [world] The Player <BigDickRandy> has left at -178, 87, 4285
[2024-03-18 14:08:44] [world] The Player <A_Random_Person> has left at -612, 64, 321
[2024-03-18 14:09:09] [world] The Player <Tester> has left at -10176, 64, 4118
[2024-03-18 14:11:29] [world] The Player <Rip_Dogwater> has left at -10178, 60, 4119
[2024-03-18 14:12:02] [world] The Player <proman50_> has left at -571, 85, 317
[2024-03-18 14:13:27] [world] The Player <Biggie_Vinny> has left at -780, 11, 297
[2024-03-18 14:14:02] [world] The Player <Dave_TheCoolguy_> has left at -673, 72, 288
[2024-03-18 14:14:50] [world] The Player <I_am_amazing> has left at -596, 11, 594
[2024-03-18 14:17:35] [world] The Player <somebody139> has left at -491, 72, -501
[2024-03-18 14:18:44] [world] The Player <Brycethelegend> has left at -460, 68, 337
[2024-03-18 14:22:48] [world] The Player <somebody139> has left at -574, 69, 313
[2024-03-18 14:28:07] [world] The Player <Brycethelegend> has left at -624, 72, 317
[2024-03-18 14:31:00] [world] The Player <Dave_TheCoolguy_> has left at -703, 69, 277
[2024-03-18 14:31:28] [world] The Player <Biggie_Vinny> has left at -576, 66, 290
[2024-03-18 14:33:43] [world] The Player <The_Amazing_Yao> has left at 516, 24, 2246
[2024-03-18 14:34:56] [world] The Player <BigDickRandy> has left at -178, 87, 4285
[2024-03-18 14:39:46] [world] The Player <sharky> has left at -573, 68, 316
[2024-03-18 14:39:48] [world] The Player <Rip_Dogwater> has left at -10183, 63, 4109
[2024-03-18 14:41:13] [world] The Player <qwerty> has left at -613, 64, 335
[2024-03-18 14:41:18] [world] The Player <qwerty> has left at -613, 64, 335
[2024-03-18 14:41:44] [world] The Player <Rip_Dogwater> has left at -10182, 64, 4107
[2024-03-18 14:44:10] [world] The Player <Rip_Dogwater> has left at -10181, 64, 4118
[2024-03-18 14:44:11] [world] The Player <VeerIsKKK> has left at -609, 64, 329
[2024-03-18 14:44:14] [world] The Player <WienerDogFace> has left at -448, 11, 1411
[2024-03-18 14:44:23] [world] The Player <qweqazz> has left at -542, 64, 324
[2024-03-18 14:44:39] [world] The Player <proman50> has left at -613, 24, 184
[2024-03-18 14:45:01] [world] The Player <MonkeyTrainer> has left at -556, 56, 299
[2024-03-18 14:45:07] [world] The Player <The_Amazing_Yao> has left at 606, 39, 2296
[2024-03-18 14:45:08] [world] The Player <Dave_TheCoolguy_> has left at -689, 75, 305
[2024-03-18 14:45:09] [world] The Player <qwerty> has left at -612, 64, 336
[2024-03-18 14:45:10] [world] The Player <MrBlob2U> has left at -577, 68, 246
[2024-03-18 14:45:19] [world] The Player <Mudkips_Rule> has left at -1360, 65, -268
[2024-03-18 14:45:22] [world] The Player <character> has left at -736, 11, 114
[2024-03-18 14:45:23] [world] The Player <Tester> has left at -560, 88, 270
[2024-03-18 14:46:54] [world] The Player <Dave_TheCoolguy_> has left at -691, 77, 306
[2024-03-18 14:47:32] [world] The Player <Tester> has left at -560, 88, 270
[2024-03-18 14:48:52] [world] The Player <MR_PASTOR_GOD> has left at -571, 85, 316
[2024-03-18 14:49:39] [world] The Player <Rip_Dogwater> has left at -10181, 64, 4118
[2024-03-18 14:49:47] [world] The Player <BigDickRandy> has left at -178, 87, 4285
[2024-03-18 14:50:07] [world] The Player <BigDickRandy> has left at -178, 87, 4285
[2024-03-18 14:50:19] [world] The Player <qwerty> has left at -613, 64, 321
[2024-03-18 14:51:08] [world] The Player <digbick> has left at -752, 75, 264
[2024-03-18 14:51:16] [world] The Player <BigDickRandy> has left at -180, 87, 4284
[2024-03-18 14:51:18] [world] The Player <Tester> has left at -560, 88, 270
[2024-03-18 14:51:44] [world] The Player <qwerty> has left at -613, 64, 321
[2024-03-18 14:51:58] [world] The Player <Brycethelegend> has left at -433, 61, -54
[2024-03-18 14:58:31] [world] The Player <BigDickRandy> has left at -180, 87, 4284
[2024-03-18 15:01:43] [world] The Player <VeerIsKKK> has left at -614, 64, 335
[2024-03-18 15:03:51] [world] The Player <qwerty> has left at -642, 79, 318
[2024-03-18 15:18:28] [world] The Player <Dave_TheCoolguy_> has left at -691, 77, 306
[2024-03-18 15:20:30] [world] The Player <hexa> has left at -564, 68, 421
[2024-03-18 15:22:33] [world] The Player <sharky> has left at -573, 69, 315
[2024-03-18 15:22:54] [world] The Player <Rip_Dogwater> has left at -668, 23, 292
[2024-03-18 15:24:20] [world] The Player <WienerDogFace> has left at -448, 11, 1411
[2024-03-18 15:28:00] [world] The Player <WienerDogFace> has left at -581, 66, 293
[2024-03-18 15:34:02] [world] The Player <Dave_TheCoolguy_> has left at -690, 74, 306
[2024-03-18 15:34:59] [world_nether] The Player <WienerDogFace> has left at -137, 68, -191
[2024-03-18 15:35:40] [world] The Player <Rip_Dogwater> has left at -10177, 60, 4120
[2024-03-18 15:36:45] [world] The Player <MR_PASTOR_GOD> has left at -571, 85, 316
[2024-03-18 15:36:59] [world] The Player <Dave_TheCoolguy_> has left at -690, 75, 304
[2024-03-18 15:37:29] [world] The Player <Rip_Dogwater> has left at -10177, 60, 4120
[2024-03-18 15:43:46] [world] The Player <Uwupapa> has left at -573, 68, 316
[2024-03-18 15:43:49] [world] The Player <MrBlob2U> has left at -612, 24, 183
[2024-03-18 15:43:53] [world] The Player <character> has left at -578, 68, 249
[2024-03-18 15:46:43] [world] The Player <Tester> has left at -9439, 67, 3939
[2024-03-18 15:50:09] [world] The Player <qwerty> has left at -341, 61, -562
[2024-03-18 15:50:11] [world] The Player <Rip_Dogwater> has left at -10181, 64, 4117
[2024-03-18 15:51:23] [world] The Player <WienerDogFace> has left at -984, 10, 1171
[2024-03-18 15:54:31] [world] The Player <General_Rihan> has left at -574, 68, 315
[2024-03-18 15:56:39] [world] The Player <Rip_Dogwater> has left at -586, 68, 278
[2024-03-18 15:56:49] [world] The Player <A_Random_Person> has left at -1098, 64, 235
[2024-03-18 15:57:43] [world] The Player <qwerty> has left at -501, 72, -497
[2024-03-18 16:00:38] [world] The Player <sharky> has left at -574, 69, 314
[2024-03-18 16:01:16] [world] The Player <hi_> has left at -1354, 67, -237
[2024-03-18 16:04:08] [world] The Player <The_Amazing_Yao> has left at 650, 39, 2300
[2024-03-18 16:09:39] [world] The Player <NezukoChan> has left at -569, 68, 335
[2024-03-18 16:11:47] [world] The Player <Rip_WillOfTheD> has left at -573, 68, 316
[2024-03-18 16:13:18] [world] The Player <hexa> has left at -2474, 62, 554
[2024-03-18 16:13:19] [world] The Player <NezukoChan> has left at -627, 69, 341
[2024-03-18 19:30:08] [world] The Player <Sword4001> has left at -757, 77, 175
[2024-03-18 19:31:16] [world] The Player <Sword4001> has left at -757, 77, 175
[2024-03-18 19:40:28] [world] The Player <Char> has left at -582, 73, 276
[2024-03-18 19:50:43] [world] The Player <Gakzilla> has left at -589, 68, 349
[2024-03-18 19:55:29] [world] The Player <Sword4001> has left at -573, 68, 262
[2024-03-18 19:57:07] [world] The Player <Gakzilla> has left at -557, 68, 266
[2024-03-18 20:01:21] [world] The Player <Koi> has left at -654, 68, 242
[2024-03-18 20:02:46] [world] The Player <bagelz> has left at -573, 68, 316
[2024-03-18 20:02:51] [world] The Player <Corner1> has left at -602, 74, 268
[2024-03-18 20:15:14] [world] The Player <Milk_Frog_> has left at -886, 67, 439
[2024-03-18 20:15:42] [world] The Player <bagelz> has left at -546, 64, 289
[2024-03-18 20:22:32] [world] The Player <Milk_Frog> has left at -599, 74, 275
[2024-03-18 20:26:43] [world] The Player <TurtleDuck> has left at -568, 68, 272
[2024-03-18 20:39:19] [world] The Player <Sword4001> has left at -570, 69, 309
[2024-03-18 20:44:28] [world] The Player <Milk_Frog> has left at -603, 68, 328
[2024-03-18 20:46:01] [world] The Player <Corner1> has left at -582, 98, 263
[2024-03-18 20:46:28] [world] The Player <Koi> has left at -609, 75, 328
[2024-03-18 20:48:56] [world] The Player <Koi> has left at -574, 75, 328
[2024-03-18 20:50:44] [world] The Player <NezukoChan> has left at -10165, 100, 4107
[2024-03-18 20:59:55] [world] The Player <NezukoChan> has left at -562, 68, 269
[2024-03-18 21:09:09] [world] The Player <Koi> has left at -579, 89, 246
[2024-03-18 21:28:10] [world] The Player <character> has left at -739, 11, 217
[2024-03-18 21:55:46] [world] The Player <character> has left at -733, 35, 172
[2024-03-18 21:58:19] [world] The Player <TurtleDuck> has left at -587, 68, 267
[2024-03-18 22:42:03] [world] The Player <TurtleDuck> has left at -587, 68, 267
[2024-03-18 22:44:14] [world] The Player <TurtleDuck> has left at -570, 72, 280
[2024-03-18 22:45:02] [world] The Player <Tester> has left at -10176, 64, 4117
[2024-03-18 22:47:06] [world] The Player <astronomy> has left at -572, 86, 316
[2024-03-18 23:02:12] [world] The Player <TurtleDuck> has left at -570, 72, 280
[2024-03-18 23:04:29] [world] The Player <NezukoChan> has left at -574, 68, 317
[2024-03-19 00:17:17] [world] The Player <NezukoChan> has left at -574, 69, 318
[2024-03-19 01:12:25] [world] The Player <TurtleDuck> has left at -555, 75, 277
[2024-03-19 01:15:17] [world] The Player <Milk_Frog> has left at -557, 68, 282
