[2024-03-19 01:30:14] [world] The Player <Milk_Frog_> has left at -886, 67, 439
[2024-03-19 01:44:17] [world_the_end] The Player <NezukoChan> has left at -2, 57, 45
[2024-03-19 11:18:01] [world] The Player <sharky> has left at -573, 68, 316
[2024-03-19 11:19:57] [world] The Player <Koi> has left at -570, 69, 320
[2024-03-19 11:20:49] [world] The Player <Char> has left at -595, 81, 270
[2024-03-19 11:21:07] [world] The Player <Mudkips_Rule> has left at -1310, 72, -215
[2024-03-19 11:22:18] [world] The Player <qwerty> has left at -497, 77, -480
[2024-03-19 11:22:51] [world] The Player <Koi> has left at -570, 69, 325
[2024-03-19 11:26:31] [world] The Player <Rip_Dogwater> has left at -10176, 63, 4114
[2024-03-19 11:28:09] [world] The Player <qwerty> has left at -497, 77, -480
[2024-03-19 11:29:12] [world] The Player <BigDickRandy> has left at -180, 87, 4284
[2024-03-19 11:30:52] [world] The Player <sharky> has left at -496, 72, -501
[2024-03-19 11:31:14] [world] The Player <General_Rihan> has left at -628, 68, 313
[2024-03-19 11:31:21] [world] The Player <I_am_amazing> has left at -609, 68, 297
[2024-03-19 11:31:48] [world] The Player <Char> has left at -698, 84, 308
[2024-03-19 11:49:52] [world] The Player <TurtleDuck> has left at -582, 54, 276
[2024-03-19 11:50:41] [world] The Player <sharky> has left at -500, 63, -485
[2024-03-19 11:51:20] [world] The Player <sharky> has left at -493, 72, -498
[2024-03-19 11:55:18] [world_nether] The Player <Mudkips_Rule> has left at -138, 67, -102
[2024-03-19 11:56:24] [world] The Player <qwerty> has left at -498, 77, -480
[2024-03-19 12:07:49] [world_the_end] The Player <I_am_amazing> has left at -7, 59, 6
[2024-03-19 12:08:30] [world] The Player <qwerty> has left at -567, 69, 307
[2024-03-19 12:15:51] [world] The Player <VeerIsKKK> has left at -569, 72, 282
[2024-03-19 12:18:08] [world] The Player <VeerIsKKK> has left at -569, 72, 282
[2024-03-19 12:21:23] [world] The Player <sharky> has left at -492, 72, -491
[2024-03-19 12:21:27] [world] The Player <YiggDarvler279> has left at -581, 83, 321
[2024-03-19 12:21:42] [world] The Player <I_am_amazing> has left at -498, 77, -480
[2024-03-19 12:21:43] [world] The Player <qwerty> has left at -499, 77, -480
[2024-03-19 12:24:38] [world] The Player <Get_dick_slapped> has left at -578, 84, 324
[2024-03-19 12:27:51] [world] The Player <I_am_amazing> has left at -596, 11, 592
[2024-03-19 12:28:44] [world] The Player <Get_dick_slapped> has left at -578, 84, 324
[2024-03-19 12:30:27] [world] The Player <sharky> has left at -575, 68, 259
[2024-03-19 12:33:23] [world] The Player <General_Rihan> has left at -550, 64, 296
[2024-03-19 12:33:27] [world] The Player <qwerty> has left at -493, 72, -495
[2024-03-19 12:34:40] [world] The Player <Get_dick_slapped> has left at -578, 84, 324
[2024-03-19 12:34:56] [world] The Player <WienerDogFace> has left at -1083, 10, 1452
[2024-03-19 12:34:59] [world] The Player <Dave_TheCoolGuy> has left at -688, 75, 304
[2024-03-19 12:35:01] [world] The Player <sharky> has left at -478, 71, -487
[2024-03-19 12:38:11] [world] The Player <qwerty> has left at -493, 72, -495
[2024-03-19 12:39:48] [world] The Player <WienerDogFace> has left at -1089, 10, 1502
[2024-03-19 12:41:54] [world] The Player <VoolVigg648hb> has left at -492, 77, -504
[2024-03-19 12:45:51] [world] The Player <Char> has left at -591, 77, 289
[2024-03-19 12:47:07] [world] The Player <WienerDogFace> has left at -1088, 11, 1541
[2024-03-19 12:51:16] [world] The Player <sharky> has left at -499, 70, -466
[2024-03-19 12:51:22] [world] The Player <Get_dick_slapped> has left at -710, 57, 89
[2024-03-19 12:52:21] [world_the_end] The Player <hi_> has left at -44, 65, -6
[2024-03-19 12:52:36] [world] The Player <I_am_amazing> has left at -592, 11, 589
[2024-03-19 12:52:37] [world] The Player <Char> has left at -556, 74, 269
[2024-03-19 12:53:05] [world] The Player <Dave_TheCoolGuy> has left at -689, 75, 304
[2024-03-19 12:53:06] [world_nether] The Player <Mudkips_Rule> has left at -146, 70, -88
[2024-03-19 12:53:37] [world] The Player <WienerDogFace> has left at -1007, 8, 1593
[2024-03-19 12:53:59] [world] The Player <dhar> has left at -729, 68, 288
[2024-03-19 12:54:07] [world_nether] The Player <qwerty> has left at -154, 59, -201
[2024-03-19 12:54:33] [world] The Player <digbick> has left at -687, 75, 305
[2024-03-19 12:54:37] [world] The Player <dhar> has left at -729, 68, 288
[2024-03-19 12:54:43] [world_the_end] The Player <hi_> has left at -43, 64, -7
[2024-03-19 12:57:50] [world] The Player <WienerDogFace> has left at -1007, 8, 1593
[2024-03-19 13:12:58] [world] The Player <Milk_Frog> has left at -576, 68, 276
[2024-03-19 13:45:38] [world] The Player <WienerDogFace> has left at -1007, 8, 1593
[2024-03-19 13:50:07] [world] The Player <sharky> has left at -493, 72, -495
[2024-03-19 13:50:07] [world] The Player <somebody139> has left at -494, 72, -494
[2024-03-19 13:50:12] [world] The Player <WienerDogFace> has left at -939, 14, 1601
[2024-03-19 13:50:58] [world] The Player <I_am_amazing> has left at -596, 10, 592
[2024-03-19 13:52:21] [world_nether] The Player <qwerty> has left at -146, 67, -131
[2024-03-19 13:52:42] [world] The Player <digbick> has left at -679, 72, 282
[2024-03-19 13:54:35] [world] The Player <hi_> has left at -573, 66, 302
[2024-03-19 13:55:31] [world] The Player <Rip_Dogwater> has left at -10182, 64, 4108
[2024-03-19 13:55:58] [world] The Player <somebody139> has left at -478, 71, -481
[2024-03-19 13:55:58] [world] The Player <sharky> has left at -477, 72, -489
[2024-03-19 13:55:58] [world] The Player <WienerDogFace> has left at -929, 11, 1668
[2024-03-19 13:55:59] [world] The Player <A_Random_Person> has left at -963, 64, 231
[2024-03-19 13:55:59] [world_nether] The Player <Mudkips_Rule> has left at -134, 70, -86
[2024-03-19 13:56:33] [world] The Player <WienerDogFace> has left at -929, 11, 1665
[2024-03-19 13:57:56] [world] The Player <WienerDogFace> has left at -918, 14, 1646
[2024-03-19 13:57:56] [world] The Player <A_Random_Person> has left at -712, 68, 326
[2024-03-19 13:57:56] [world] The Player <digbick> has left at -684, 73, 284
[2024-03-19 13:57:57] [world_nether] The Player <Mudkips_Rule> has left at -131, 70, -84
[2024-03-19 13:57:57] [world] The Player <sharky> has left at -477, 70, -489
[2024-03-19 13:57:57] [world] The Player <somebody139> has left at -478, 71, -481
[2024-03-19 13:59:26] [world] The Player <somebody139> has left at -478, 71, -481
[2024-03-19 13:59:53] [world] The Player <YiggYeeish194> has left at -572, 86, 307
[2024-03-19 14:00:03] [world] The Player <VeerIsKKK> has left at 511, 104, 2248
[2024-03-19 14:01:24] [world] The Player <TheAmazingYao> has left at -576, 69, 313
[2024-03-19 14:01:24] [world] The Player <minigamer> has left at -573, 68, 316
[2024-03-19 14:02:17] [world] The Player <A_Random_Doggo> has left at -573, 68, 316
[2024-03-19 14:04:55] [world] The Player <sharky> has left at -547, 88, 245
[2024-03-19 14:04:57] [world] The Player <A_Random_Person> has left at -552, 88, 249
[2024-03-19 14:05:01] [world] The Player <The_Amazing_Yao> has left at 628, 42, 2296
[2024-03-19 14:05:04] [world] The Player <WienerDogFace> has left at -456, 10, 1264
[2024-03-19 14:05:10] [world] The Player <VeerIsKKK> has left at -602, 68, 337
[2024-03-19 14:05:14] [world] The Player <somebody139> has left at -597, 68, 334
[2024-03-19 14:05:33] [world] The Player <Brycethelegend> has left at -405, 66, -193
[2024-03-19 14:05:42] [world_the_end] The Player <hi_> has left at 81, 59, 5
[2024-03-19 14:05:44] [world] The Player <Rip_Dogwater> has left at -566, 78, 275
[2024-03-19 14:05:46] [world] The Player <minigamer> has left at -542, 78, 255
[2024-03-19 14:05:46] [world] The Player <qwerty> has left at -574, 89, 266
[2024-03-19 14:07:25] [world] The Player <Get_dick_slapped> has left at -710, 57, 89
[2024-03-19 14:07:42] [world] The Player <Get_dick_slapped> has left at -710, 57, 89
[2024-03-19 14:07:55] [world] The Player <Get_dick_slapped> has left at -710, 57, 89
[2024-03-19 14:08:55] [world] The Player <somebody139> has left at -591, 68, 293
[2024-03-19 14:09:33] [world] The Player <qwerty> has left at -492, 72, -492
[2024-03-19 14:09:39] [world] The Player <Get_dick_slapped> has left at -710, 57, 89
[2024-03-19 14:10:08] [world] The Player <BigDickRandy> has left at -181, 87, 4285
[2024-03-19 14:10:11] [world] The Player <proman50> has left at -612, 24, 183
[2024-03-19 14:10:45] [world] The Player <MrBlob2U> has left at -499, 70, -461
[2024-03-19 14:10:46] [world] The Player <sharky> has left at -500, 70, -462
[2024-03-19 14:10:46] [world] The Player <The_Amazing_Yao> has left at 591, 33, 2306
[2024-03-19 14:10:47] [world] The Player <WienerDogFace> has left at -448, 12, 1408
[2024-03-19 14:10:48] [world] The Player <VeerIsKKK> has left at -627, 68, 296
[2024-03-19 14:10:48] [world_the_end] The Player <hi_> has left at 10, 60, -27
[2024-03-19 14:10:48] [world] The Player <Dave_TheCoolGuy> has left at -684, 76, 306
[2024-03-19 14:10:48] [world_nether] The Player <Mudkips_Rule> has left at -131, 70, -86
[2024-03-19 14:11:39] [world] The Player <WienerDogFace> has left at -449, 11, 1409
[2024-03-19 14:12:57] [world] The Player <sharky> has left at -500, 70, -462
[2024-03-19 14:13:00] [world] The Player <qwerty> has left at -481, 72, -491
[2024-03-19 14:13:02] [world] The Player <Dave_TheCoolGuy> has left at -694, 66, 283
[2024-03-19 14:13:03] [world] The Player <dick_slap> has left at -570, 85, 316
[2024-03-19 14:13:04] [world] The Player <Rip_Dogwater> has left at -10180, 63, 4113
[2024-03-19 14:15:19] [world] The Player <dick_slap> has left at -570, 85, 316
[2024-03-19 14:15:38] [world] The Player <MrBlob2U> has left at -499, 70, -461
[2024-03-19 14:16:06] [world] The Player <WienerDogFace> has left at -575, 66, 292
[2024-03-19 14:16:40] [world] The Player <sharky> has left at -500, 70, -462
[2024-03-19 14:19:58] [world] The Player <qwerty> has left at -501, 72, -496
[2024-03-19 14:20:03] [world] The Player <WienerDogFace> has left at -560, 68, 172
[2024-03-19 14:20:18] [world] The Player <The_Amazing_Yao> has left at 594, 30, 2304
[2024-03-19 14:22:49] [world] The Player <WienerDogFace> has left at -560, 68, 172
[2024-03-19 14:23:27] [world] The Player <MrBlob2U> has left at -613, 60, 206
[2024-03-19 14:24:11] [world] The Player <qwerty> has left at -501, 72, -496
[2024-03-19 14:25:26] [world] The Player <dick_slap> has left at -642, 68, 489
[2024-03-19 14:25:30] [world] The Player <proman50> has left at -611, 48, 189
[2024-03-19 14:25:33] [world] The Player <sharky> has left at -577, 65, -361
[2024-03-19 14:25:35] [world] The Player <MrBlob2U> has left at -613, 63, 205
[2024-03-19 14:25:36] [world] The Player <The_Amazing_Yao> has left at 594, 30, 2304
[2024-03-19 14:41:45] [world] The Player <somebody139> has left at -564, 68, 321
[2024-03-19 14:42:46] [world_nether] The Player <Pog4lifepeople> has left at -106, 41, 474
[2024-03-19 14:43:34] [world] The Player <Rip_WillOfTheD> has left at -428, 64, 195
[2024-03-19 14:43:59] [world] The Player <A_Random_Person> has left at -632, 60, 91
[2024-03-19 14:44:46] [world] The Player <dick_slap> has left at -885, 68, 823
[2024-03-19 14:44:54] [world] The Player <MrBlob2U> has left at -614, 48, 198
[2024-03-19 14:45:04] [world_nether] The Player <Mudkips_Rule> has left at -144, 70, -92
[2024-03-19 14:45:07] [world] The Player <Rip_Dogwater> has left at -10121, 24, 4076
[2024-03-19 14:45:10] [world] The Player <qwerty> has left at -502, 9, -386
[2024-03-19 14:45:12] [world] The Player <The_Amazing_Yao> has left at 622, 30, 2278
[2024-03-19 14:51:53] [world] The Player <sharky> has left at -452, 76, -461
[2024-03-19 15:08:24] [world] The Player <Brycethelegend> has left at -405, 66, -193
[2024-03-19 15:11:04] [world] The Player <Brycethelegend> has left at -577, 68, 249
[2024-03-19 15:11:33] [world] The Player <WienerDogFace> has left at -576, 69, 322
[2024-03-19 15:11:47] [world] The Player <Rip_Dogwater> has left at 9988, 70, 1076
[2024-03-19 17:57:21] [world] The Player <Heinrich_Himmler> has left at -613, 68, 307
[2024-03-19 19:02:26] [world_the_end] The Player <Heinrich_Himmler> has left at 5, 59, 15
[2024-03-19 19:21:37] [world_the_end] The Player <NezukoChan> has left at 100, 50, -2
[2024-03-19 19:37:33] [world] The Player <Tester> has left at -10178, 63, 4115
[2024-03-19 19:54:29] [world] The Player <Heinrich_Himmler> has left at -717, 5, 335
[2024-03-19 20:02:17] [world] The Player <NezukoChan> has left at -626, 68, 348
[2024-03-19 20:02:48] [world_the_end] The Player <Mudkips_Rule> has left at 100, 49, -1
[2024-03-19 20:38:14] [world_nether] The Player <NezukoChan> has left at -73, 79, 10
[2024-03-19 20:50:24] [world] The Player <TurtleDuck> has left at -600, 64, 356
[2024-03-19 20:56:00] [world] The Player <Tester> has left at -564, 68, 248
[2024-03-19 20:59:34] [world] The Player <Tester> has left at -547, 88, 255
[2024-03-19 20:59:54] [world] The Player <astronomy> has left at -547, 88, 257
[2024-03-19 21:01:35] [world] The Player <Mudkips_Rule> has left at -1356, 63, -265
[2024-03-19 21:01:50] [world] The Player <Tester> has left at -559, 88, 273
[2024-03-19 21:01:50] [world] The Player <astronomy> has left at -566, 68, 262
[2024-03-19 21:30:55] [world] The Player <Milk_Frog> has left at -573, 68, 283
[2024-03-19 21:45:27] [world] The Player <TurtleDuck> has left at -575, 65, 335
[2024-03-19 21:50:24] [world] The Player <TurtleDuck> has left at -573, 63, 287
[2024-03-19 21:53:51] [world] The Player <YeeYee150> has left at -566, 83, 318
[2024-03-19 22:34:24] [world] The Player <NezukoChan> has left at -10177, 63, 4111
[2024-03-19 22:34:57] [world] The Player <Tester> has left at -10176, 63, 4110
[2024-03-19 22:39:49] [world] The Player <Tester> has left at -10235, 64, 4108
[2024-03-19 23:07:04] [world] The Player <Tester> has left at -10194, 64, 4153
[2024-03-19 23:21:55] [world] The Player <Tester> has left at -10184, 63, 4101
[2024-03-19 23:23:12] [world] The Player <Tester> has left at -10175, 63, 4112
[2024-03-19 23:28:59] [world] The Player <Mudkips_Rule> has left at -1268, 66, -326
[2024-03-19 23:44:54] [world] The Player <TurtleDuck> has left at -546, 63, 295
[2024-03-19 23:50:04] [world] The Player <NezukoChan> has left at -10170, 64, 4118
[2024-03-19 23:54:33] [world] The Player <Heinrich_Himmler> has left at -683, 5, 352
[2024-03-20 00:21:25] [world_the_end] The Player <Heinrich_Himmler> has left at 49, 63, 9
[2024-03-20 00:24:55] [world] The Player <NezukoChan> has left at -10179, 63, 4111
[2024-03-20 00:47:02] [world] The Player <Tester> has left at -603, 68, 328
[2024-03-20 00:51:03] [world] The Player <Milk_Frog_> has left at -886, 67, 439
[2024-03-20 00:53:06] [world] The Player <Tester> has left at -563, 68, 276
[2024-03-20 00:55:17] [world] The Player <TurtleDuck> has left at -536, 76, 107
[2024-03-20 01:00:59] [world] The Player <TurtleDuck> has left at -513, 69, 257
[2024-03-20 01:28:59] [world] The Player <NezukoChan> has left at 9995, 67, -10000
[2024-03-20 01:34:16] [world] The Player <_hexa> has left at -574, 86, 310
[2024-03-20 01:45:04] [world] The Player <astronomy> has left at 1803, 38, 289
[2024-03-20 01:46:49] [world] The Player <hexa> has left at 1800, 38, 289
[2024-03-20 01:47:05] [world] The Player <astronomy> has left at 1803, 38, 288
[2024-03-20 02:21:54] [world] The Player <astronomy> has left at 1801, 38, 290
[2024-03-20 10:10:09] [world] The Player <GolemDaWanderer> has left at 11256, 69, -10093
[2024-03-20 10:13:15] [world] The Player <GolemDaWanderer> has left at 11256, 69, -10095
[2024-03-20 10:26:16] [world] The Player <NezukoChan> has left at 9984, 68, -10000
[2024-03-20 11:25:49] [world] The Player <qwerty> has left at -492, 72, -489
[2024-03-20 11:26:12] [world] The Player <Mudkips_Rule> has left at -1356, 63, -266
[2024-03-20 11:29:45] [world] The Player <qwerty> has left at -499, 77, -481
[2024-03-20 11:30:51] [world] The Player <Dave_TheCoolGuy> has left at -691, 78, 303
[2024-03-20 11:32:47] [world] The Player <digbick> has left at -685, 71, 313
[2024-03-20 11:33:21] [world] The Player <sharky> has left at -65, 62, -590
[2024-03-20 11:36:41] [world] The Player <digbick> has left at -686, 71, 312
[2024-03-20 12:11:06] [world] The Player <Tester> has left at -2844, 72, 754
[2024-03-20 12:18:43] [world] The Player <NeuzkoChan> has left at -573, 86, 318
[2024-03-20 12:25:37] [world] The Player <Mudkips_Rule> has left at -1356, 63, -266
[2024-03-20 12:29:13] [world] The Player <digbick> has left at -688, 71, 314
[2024-03-20 12:29:24] [world] The Player <suhirat> has left at -568, 84, 318
[2024-03-20 12:32:03] [world] The Player <Tester> has left at -550, 88, 252
[2024-03-20 12:32:25] [world] The Player <sharky> has left at 27, 4, -676
[2024-03-20 12:33:04] [world] The Player <astronomy> has left at -561, 78, 280
[2024-03-20 12:33:05] [world] The Player <NezukoChan> has left at -560, 88, 270
[2024-03-20 12:33:05] [world] The Player <Tester> has left at -559, 79, 270
[2024-03-20 12:33:54] [world_the_end] The Player <hexa> has left at 42, 62, 40
[2024-03-20 12:33:54] [world] The Player <Tester> has left at -557, 68, 256
[2024-03-20 12:34:15] [world] The Player <NezukoChan> has left at -560, 88, 270
[2024-03-20 12:37:42] [world] The Player <NezukoChan> has left at -10177, 64, 4117
[2024-03-20 12:37:43] [world] The Player <astronomy> has left at -430, 72, 7
[2024-03-20 12:41:21] [world] The Player <Tester> has left at -10170, 64, 4117
[2024-03-20 12:41:21] [world] The Player <astronomy> has left at -428, 73, 4
[2024-03-20 12:41:21] [world_the_end] The Player <hexa> has left at -169, 56, 39
[2024-03-20 12:42:59] [world] The Player <sharky> has left at -488, 72, -499
[2024-03-20 12:46:16] [world] The Player <Tester> has left at -514, 70, 257
[2024-03-20 12:46:17] [world] The Player <astronomy> has left at -560, 68, 272
[2024-03-20 12:51:33] [world] The Player <digbick> has left at -689, 71, 312
[2024-03-20 12:51:56] [world] The Player <astronomy> has left at -427, 72, 4
[2024-03-20 12:53:48] [world] The Player <sharky> has left at -493, 72, -494
[2024-03-20 12:54:08] [world] The Player <ananogre> has left at -569, 84, 321
[2024-03-20 12:54:08] [world] The Player <suhiratn_> has left at -575, 86, 321
[2024-03-20 12:54:46] [world] The Player <NezukoChan> has left at -683, 71, 316
[2024-03-20 12:54:51] [world] The Player <digbick> has left at -573, 68, 318
[2024-03-20 12:56:54] [world] The Player <hexa> has left at -614, 68, 320
[2024-03-20 12:57:24] [world] The Player <Tester> has left at -10156, 63, 4107
[2024-03-20 13:02:19] [world] The Player <hexa> has left at -2539, 65, 561
[2024-03-20 13:06:05] [world] The Player <hexa> has left at -2598, 64, 480
[2024-03-20 13:09:55] [world] The Player <hexa> has left at -2807, 69, 233
[2024-03-20 13:11:01] [world] The Player <hexa> has left at -2807, 68, 233
[2024-03-20 13:31:18] [world] The Player <hexa> has left at -2807, 68, 233
[2024-03-20 13:31:59] [world] The Player <hexa> has left at -2807, 68, 233
[2024-03-20 13:50:00] [world] The Player <somebody139> has left at -567, 69, 323
[2024-03-20 13:51:58] [world] The Player <qwerty> has left at -490, 77, -505
[2024-03-20 13:52:12] [world] The Player <sharky> has left at -492, 77, -504
[2024-03-20 13:52:34] [world] The Player <MrBlob2U> has left at -494, 77, -505
[2024-03-20 13:55:56] [world] The Player <digbick> has left at -689, 73, 289
[2024-03-20 13:56:56] [world] The Player <Tester> has left at -10305, 20, 3616
[2024-03-20 13:57:06] [world] The Player <astronomy_> has left at -568, 84, 314
[2024-03-20 13:58:22] [world] The Player <A_Random_Person> has left at -572, 56, 273
[2024-03-20 13:58:23] [world] The Player <hexa> has left at -2844, 79, -26
[2024-03-20 13:58:57] [world] The Player <Brycethelegend> has left at -1355, 63, -259
[2024-03-20 14:02:29] [world] The Player <sharky> has left at -499, 70, -462
[2024-03-20 14:04:22] [world] The Player <MashedProTatoes> has left at -604, 68, 298
[2024-03-20 14:05:07] [world_nether] The Player <Pog4lifepeople> has left at -287, 25, 496
[2024-03-20 14:05:08] [world] The Player <ESPN_creator> has left at -565, 82, 311
[2024-03-20 14:05:08] [world] The Player <Brycethelegend> has left at -1355, 63, -262
[2024-03-20 14:05:10] [world] The Player <Sword4001> has left at -561, 68, 266
[2024-03-20 14:05:14] [world] The Player <astronomy> has left at 1801, 38, 289
[2024-03-20 14:05:20] [world] The Player <NezukoChan> has left at -10188, 63, 4103
[2024-03-20 14:05:23] [world] The Player <VeerIsKKK> has left at 518, 12, 2304
[2024-03-20 14:05:24] [world] The Player <Mudkips_Rule> has left at -1357, 63, -265
[2024-03-20 14:05:27] [world] The Player <A_Random_Person> has left at -582, 68, 229
[2024-03-20 14:05:27] [world_the_end] The Player <qwerty> has left at 102, 46, -1
[2024-03-20 14:05:28] [world] The Player <somebody139> has left at -498, 77, -482
[2024-03-20 14:05:28] [world] The Player <kumquat> has left at -561, 66, 295
[2024-03-20 14:05:40] [world] The Player <I_am_amazing> has left at -1198, 72, 400
[2024-03-20 14:05:43] [world] The Player <WienerDogFace> has left at -450, 12, 1414
[2024-03-20 14:08:13] [world] The Player <Brycethelegend> has left at -1355, 63, -266
[2024-03-20 14:08:13] [world] The Player <DeevVigg823> has left at -567, 83, 309
[2024-03-20 14:08:18] [world] The Player <digbick> has left at -676, 72, 307
[2024-03-20 14:09:16] [world] The Player <Tester> has left at -10169, 64, 4117
[2024-03-20 14:09:26] [world] The Player <Dave_TheCoolGuy> has left at -691, 78, 303
[2024-03-20 14:11:03] [world] The Player <NezukoChan> has left at -10185, 64, 4118
[2024-03-20 14:12:10] [world_nether] The Player <Pog4lifepeople> has left at -287, 24, 497
[2024-03-20 14:12:15] [world] The Player <Dave_TheCoolGuy> has left at -679, 72, 291
[2024-03-20 14:12:16] [world] The Player <sharky> has left at -279, 78, -665
[2024-03-20 14:12:18] [world] The Player <proman50> has left at -611, 31, 211
[2024-03-20 14:12:18] [world] The Player <qwerty> has left at -492, 64, -599
[2024-03-20 14:12:21] [world] The Player <MrBlob2U> has left at -1356, 63, -265
[2024-03-20 14:12:21] [world] The Player <character> has left at -739, 11, 293
[2024-03-20 14:12:21] [world] The Player <astronomy> has left at -577, 68, 246
[2024-03-20 14:12:21] [world] The Player <somebody139> has left at -480, 72, -480
[2024-03-20 14:12:21] [world_the_end] The Player <Brycethelegend> has left at 45, 62, 8
[2024-03-20 14:15:35] [world] The Player <I_am_amazing> has left at -490, 11, -446
[2024-03-20 14:17:29] [world] The Player <VeerIsKKK> has left at -577, 68, 252
[2024-03-20 14:18:33] [world] The Player <Mudkips_Rule> has left at -1356, 63, -265
[2024-03-20 14:20:08] [world] The Player <I_am_amazing> has left at -590, 68, 247
[2024-03-20 14:23:11] [world] The Player <shaved_monkey> has left at -585, 73, 215
[2024-03-20 14:23:32] [world] The Player <shaved_monkey> has left at -585, 70, 215
[2024-03-20 14:25:53] [world] The Player <hexa> has left at -558, 88, 270
[2024-03-20 14:26:19] [world] The Player <sharky> has left at -280, 78, -669
[2024-03-20 14:26:19] [world] The Player <Brycethelegend> has left at -1209, 70, -238
[2024-03-20 14:26:19] [world_the_end] The Player <MrBlob2U> has left at -32, 58, 66
[2024-03-20 14:26:19] [world] The Player <Dave_TheCoolGuy> has left at -680, 72, 325
[2024-03-20 14:26:19] [world] The Player <proman50> has left at -576, 68, 255
[2024-03-20 14:26:20] [world] The Player <Rip_Dogwater> has left at -10174, 64, 4117
[2024-03-20 14:26:20] [world] The Player <Tester> has left at -559, 89, 285
[2024-03-20 14:26:20] [world] The Player <qwerty> has left at -676, 55, -602
[2024-03-20 14:26:21] [world] The Player <astronomy> has left at -571, 68, 250
[2024-03-20 14:27:02] [world] The Player <astronomy> has left at -577, 68, 263
[2024-03-20 14:27:08] [world] The Player <Pog4lifepeople> has left at -568, 68, 252
[2024-03-20 14:27:21] [world] The Player <sharky> has left at -283, 78, -670
[2024-03-20 14:27:27] [world] The Player <Tester> has left at -561, 88, 268
[2024-03-20 14:28:40] [world] The Player <I_am_amazing> has left at -588, 68, 242
[2024-03-20 14:31:28] [world] The Player <sharky> has left at -294, 67, -877
[2024-03-20 14:32:42] [world] The Player <WienerDogFace> has left at -449, 11, 1409
[2024-03-20 14:32:56] [world_the_end] The Player <shaved_monkey> has left at -2, 59, 31
[2024-03-20 14:33:10] [world] The Player <digbick> has left at -691, 71, 315
[2024-03-20 14:33:10] [world] The Player <FungalMonkey> has left at -562, 64, 245
[2024-03-20 14:37:07] [world] The Player <Rip_Dogwater> has left at -10172, 64, 4117
[2024-03-20 14:43:18] [world_the_end] The Player <Mudkips_Rule> has left at 47, 62, 18
[2024-03-20 14:43:36] [world] The Player <Dave_TheCoolGuy> has left at -776, 16, 345
[2024-03-20 14:44:08] [world] The Player <sharky> has left at -719, 67, 277
[2024-03-20 14:44:30] [world] The Player <proman50> has left at -573, 68, 316
[2024-03-20 14:45:07] [world] The Player <Rip_Dogwater> has left at -562, 66, 310
[2024-03-20 14:45:07] [world] The Player <Brycethelegend> has left at -571, 68, 267
[2024-03-20 14:45:07] [world] The Player <astronomy> has left at 1800, 38, 288
[2024-03-20 14:45:09] [world] The Player <MrBlob2U> has left at -591, 68, 289
[2024-03-20 14:45:15] [world] The Player <qwerty> has left at -651, 74, -1260
[2024-03-20 14:45:46] [world] The Player <character> has left at -268, 82, -644
[2024-03-20 14:48:59] [world] The Player <GolemDaWanderer> has left at -606, 68, 302
[2024-03-20 14:50:07] [world_nether] The Player <hexa> has left at -150, 73, -65
[2024-03-20 14:50:10] [world] The Player <MrBlob2U> has left at -614, 47, 206
[2024-03-20 14:52:25] [world] The Player <Tester> has left at -261, 71, 223
[2024-03-20 14:58:46] [world] The Player <GolemDaWanderer> has left at 9993, 67, -10001
[2024-03-20 14:59:04] [world] The Player <Rip_Dogwater> has left at -573, 69, 320
[2024-03-20 14:59:09] [world] The Player <qwerty> has left at -642, 27, -1580
[2024-03-20 14:59:09] [world] The Player <NezukoChan> has left at -10180, 63, 4105
[2024-03-20 15:11:26] [world] The Player <digbick> has left at -692, 75, 310
[2024-03-20 15:13:39] [world] The Player <qwerty> has left at -668, 97, -785
[2024-03-20 15:13:55] [world] The Player <NezukoChan> has left at -530, 64, 317
[2024-03-20 15:17:12] [world] The Player <qwerty> has left at -667, 97, -783
[2024-03-20 15:17:39] [world] The Player <Rip_Dogwater> has left at -10170, 63, 4114
[2024-03-20 15:26:51] [world] The Player <digbick> has left at -689, 71, 313
[2024-03-20 15:31:07] [world] The Player <sharky> has left at -614, 66, 422
[2024-03-20 15:33:14] [world] The Player <digbick> has left at -689, 71, 316
[2024-03-20 15:35:27] [world] The Player <character> has left at -278, 65, -644
[2024-03-20 15:38:43] [world] The Player <hexa> has left at -2296, 9, 1063
[2024-03-20 15:38:43] [world] The Player <digbick> has left at -689, 71, 313
[2024-03-20 15:40:57] [world] The Player <qwerty> has left at -641, 63, -802
[2024-03-20 15:42:45] [world_nether] The Player <MrBlob2U> has left at -69, 81, 3
[2024-03-20 15:43:03] [world] The Player <hexa> has left at -2540, 64, 559
[2024-03-20 15:50:00] [world] The Player <qwerty> has left at -666, 97, -786
[2024-03-20 15:51:17] [world] The Player <NezukoChan> has left at -687, 76, 316
[2024-03-20 15:54:13] [world] The Player <qwerty> has left at -10185, 64, 4117
[2024-03-20 15:56:30] [world_nether] The Player <qwerty> has left at -85, 77, 3
[2024-03-20 15:56:32] [world] The Player <digbick> has left at -681, 5, 314
[2024-03-20 15:56:32] [world] The Player <NezukoChan> has left at -10188, 64, 4123
[2024-03-20 16:02:05] [world] The Player <astronomy> has left at 1802, 38, 289
[2024-03-20 16:02:24] [world] The Player <Pog4lifepeople> has left at -492, 77, -503
[2024-03-20 16:02:25] [world] The Player <WienerDogFace> has left at -448, 12, 1409
[2024-03-20 16:02:26] [world_the_end] The Player <Mudkips_Rule> has left at -13, 58, 32
[2024-03-20 16:03:13] [world] The Player <digbick> has left at -682, 54, 312
[2024-03-20 16:04:34] [world] The Player <Rip_Dogwater> has left at -9981, 65, 4048
[2024-03-20 16:05:46] [world] The Player <Rip_Dogwater> has left at -9944, 68, 4114
[2024-03-20 16:06:40] [world] The Player <astronomy> has left at 1805, 37, 290
[2024-03-20 16:09:05] [world] The Player <hexa> has left at -2542, 61, 557
[2024-03-20 16:09:05] [world] The Player <sharky> has left at -609, 23, 434
[2024-03-20 16:09:05] [world] The Player <qwerty> has left at -1279, 72, -297
[2024-03-20 16:09:06] [world_the_end] The Player <theproman3387> has left at 41, 63, 12
[2024-03-20 16:09:07] [world] The Player <NezukoChan> has left at -10175, 64, 4119
[2024-03-20 16:09:07] [world_the_end] The Player <Pog4lifepeople> has left at 43, 64, 13
[2024-03-20 16:09:07] [world] The Player <astronomy> has left at 1803, 39, 291
[2024-03-20 16:09:08] [world] The Player <Rip_Dogwater> has left at -882, 71, 176
[2024-03-20 16:09:09] [world] The Player <A_Random_Person> has left at -544, 91, 258
[2024-03-20 16:09:09] [world] The Player <Brycethelegend> has left at -1352, 67, -238
[2024-03-20 16:09:09] [world_nether] The Player <Mudkips_Rule> has left at -144, 70, -87
[2024-03-20 16:09:26] [world_the_end] The Player <theproman3387> has left at 41, 63, 12
[2024-03-20 16:10:22] [world] The Player <Rip_Dogwater> has left at -882, 71, 176
[2024-03-20 16:11:14] [world] The Player <A_Random_Person> has left at -548, 88, 245
[2024-03-20 16:11:16] [world] The Player <Rip_Dogwater> has left at -983, 72, 61
[2024-03-20 16:11:27] [world] The Player <NezukoChan> has left at -10173, 64, 4119
[2024-03-20 16:12:56] [world] The Player <astronomy> has left at 1802, 38, 291
[2024-03-20 16:13:04] [world] The Player <Pog4lifepeople> has left at -574, 69, 321
[2024-03-20 16:13:05] [world] The Player <Brycethelegend> has left at -1357, 63, -262
[2024-03-20 16:13:05] [world] The Player <NezukoChan> has left at -10215, 67, 4088
[2024-03-20 16:13:05] [world] The Player <A_Random_Person> has left at -548, 88, 256
[2024-03-20 16:13:09] [world_the_end] The Player <theproman3387> has left at 48, 50, -23
[2024-03-20 16:13:27] [world] The Player <General_Rihan> has left at -1233, 95, -147
[2024-03-20 16:14:10] [world] The Player <Pog4lifepeople> has left at -574, 69, 321
[2024-03-20 16:14:35] [world] The Player <sharky> has left at -619, 66, 422
[2024-03-20 16:16:04] [world] The Player <Rip_Dogwater> has left at -1497, 82, -226
[2024-03-20 16:17:13] [world] The Player <EaglYeer137> has left at -528, 84, 162
[2024-03-20 16:19:12] [world] The Player <sharky> has left at -619, 66, 422
[2024-03-20 16:19:15] [world_nether] The Player <Mudkips_Rule> has left at -144, 70, -86
[2024-03-20 16:19:46] [world] The Player <A_Random_Person> has left at -557, 68, 283
[2024-03-20 16:22:02] [world] The Player <Ters> has left at -619, 66, 423
[2024-03-20 16:24:37] [world] The Player <Rip_Dogwater> has left at -1355, 62, -268
[2024-03-20 16:25:51] [world_nether] The Player <Mudkips_Rule> has left at -146, 70, -89
[2024-03-20 16:28:38] [world] The Player <Rip_WillOfTheD> has left at -428, 64, 195
[2024-03-20 16:29:33] [world] The Player <Rip_WillOfTheD> has left at -413, 71, 241
[2024-03-20 16:29:33] [world] The Player <Pog4lifepeople> has left at -413, 72, 255
[2024-03-20 16:31:50] [world_nether] The Player <Rip_WillOfTheD> has left at -61, 80, 20
[2024-03-20 16:32:04] [world_the_end] The Player <Sword4001> has left at 33, 58, -12
[2024-03-20 16:32:27] [world] The Player <hexa> has left at -2539, 64, 559
[2024-03-20 16:33:55] [world] The Player <Sword4001> has left at -589, 69, 273
[2024-03-20 16:35:33] [world] The Player <Pog4lifepeople> has left at -413, 72, 255
[2024-03-20 16:36:38] [world] The Player <Pog4lifepeople> has left at -413, 72, 255
[2024-03-20 16:39:29] [world] The Player <Rip_Dogwater> has left at -1370, 67, -249
[2024-03-20 16:39:54] [world] The Player <Ters> has left at -619, 66, 423
[2024-03-20 16:40:19] [world] The Player <Jojo> has left at -623, 68, 324
[2024-03-20 16:41:27] [world] The Player <Gorino_Giovanna> has left at -573, 86, 327
[2024-03-20 16:42:02] [world] The Player <qwerty> has left at -1358, 66, -222
[2024-03-20 16:42:09] [world] The Player <A_Random_Person> has left at -1356, 63, -265
[2024-03-20 16:44:30] [world] The Player <sharky> has left at -612, 66, 424
[2024-03-20 16:45:17] [world] The Player <LOL> has left at -165, 28, 200
[2024-03-20 16:45:57] [world] The Player <qwerty> has left at -666, 97, -786
[2024-03-20 16:48:09] [world] The Player <hexa> has left at -2523, 62, 577
[2024-03-20 16:49:28] [world] The Player <Tester> has left at -10176, 64, 4118
[2024-03-20 16:51:02] [world] The Player <Tester> has left at -586, 68, 312
[2024-03-20 16:51:35] [world] The Player <Charmunk> has left at -229, 67, 259
[2024-03-20 16:53:20] [world] The Player <digbickb> has left at -583, 82, 319
[2024-03-20 16:53:25] [world] The Player <CharFake> has left at -573, 68, 316
[2024-03-20 16:54:26] [world] The Player <digbickb> has left at -583, 82, 319
[2024-03-20 16:55:45] [world] The Player <Brycethelegend> has left at -1356, 63, -263
[2024-03-20 16:55:52] [world] The Player <Rip_Slayer_> has left at -592, 68, 280
[2024-03-20 16:56:14] [world] The Player <digbick> has left at -690, 68, 314
[2024-03-20 16:57:25] [world] The Player <digbick> has left at -695, 78, 316
[2024-03-20 17:01:20] [world] The Player <Brycethelegend> has left at -682, 73, 282
[2024-03-20 17:01:27] [world] The Player <Tester> has left at -10181, 60, 4119
[2024-03-20 17:02:53] [world] The Player <Brycethelegend> has left at -682, 73, 282
[2024-03-20 17:06:31] [world] The Player <ronaldo> has left at -564, 82, 319
[2024-03-20 17:08:02] [world] The Player <Brycethelegend> has left at -1340, 67, -232
[2024-03-20 17:10:51] [world] The Player <Clownpierce> has left at -10075, 35, 4131
[2024-03-20 17:18:35] [world] The Player <ronaldo> has left at -579, 66, 237
[2024-03-20 17:23:40] [world] The Player <GolemDaWanderer> has left at 9993, 67, -10001
[2024-03-20 17:25:07] [world] The Player <Tester> has left at -10181, 60, 4119
