[2024-03-20 19:09:49] [world] The Player <Char> has left at -572, 75, 248
[2024-03-20 19:11:22] [world] The Player <NezukoChan> has left at -10177, 65, 4120
[2024-03-20 19:13:39] [world] The Player <Char> has left at -554, 73, 275
[2024-03-20 19:15:16] [world] The Player <NezukoChan> has left at -10177, 64, 4117
[2024-03-20 19:22:12] [world] The Player <NezukoChan> has left at -10184, 63, 4101
[2024-03-20 19:32:08] [world] The Player <I_am_amazing> has left at -1354, 63, -262
[2024-03-20 19:32:15] [world] The Player <Mudkips_Rule> has left at -1356, 63, -263
[2024-03-20 19:37:36] [world] The Player <Tester> has left at -10167, 63, 4116
[2024-03-20 19:39:26] [world] The Player <qwerty> has left at -666, 97, -785
[2024-03-20 19:51:37] [world] The Player <Brycethelegend> has left at -715, 67, 363
[2024-03-20 19:53:18] [world] The Player <Tester> has left at -582, 66, 300
[2024-03-20 19:53:18] [world] The Player <qwerty> has left at -581, 69, 305
[2024-03-20 19:53:20] [world] The Player <NezukoChan> has left at -10182, 8, 3802
[2024-03-20 19:53:20] [world] The Player <hexa> has left at -2539, 64, 559
[2024-03-20 19:53:22] [world] The Player <I_am_amazing> has left at -1410, 8, -339
[2024-03-20 19:53:22] [world] The Player <theproman3387> has left at -530, 72, 105
[2024-03-20 19:53:29] [world] The Player <Tester> has left at -582, 66, 300
[2024-03-20 19:56:43] [world] The Player <qwerty> has left at -640, 63, -807
[2024-03-20 20:00:16] [world] The Player <qwerty> has left at -633, 63, -807
[2024-03-20 20:03:30] [world] The Player <hexa> has left at -2545, 64, 580
[2024-03-20 20:03:33] [world_the_end] The Player <theproman3387> has left at -57, -190, -30
[2024-03-20 20:03:51] [world] The Player <qwerty> has left at -631, 63, -807
[2024-03-20 20:04:01] [world] The Player <Koi> has left at 1801, 38, 289
[2024-03-20 20:09:49] [world] The Player <qwerty> has left at -1321, 68, -247
[2024-03-20 20:10:24] [world] The Player <qwerty> has left at -1324, 65, -224
[2024-03-20 20:10:25] [world] The Player <I_am_amazing> has left at -1594, 11, -346
[2024-03-20 20:10:26] [world] The Player <GolemDaWanderer> has left at 9999, 67, -9986
[2024-03-20 20:19:09] [world] The Player <Tester> has left at -608, 68, 281
[2024-03-20 20:24:31] [world] The Player <Mudkips_Rule> has left at -10175, 64, 4121
[2024-03-20 20:24:31] [world] The Player <NezukoChan> has left at -10175, 64, 4121
[2024-03-20 20:24:31] [world] The Player <hexa> has left at -10175, 64, 4121
[2024-03-20 20:25:17] [world] The Player <Tester> has left at -10177, 63, 4115
[2024-03-20 20:28:47] [world] The Player <hexa> has left at -2528, 64, 577
[2024-03-20 20:34:31] [world] The Player <Corner1> has left at -10168, 63, 4108
[2024-03-20 20:34:37] [world] The Player <Corner1> has left at -10168, 63, 4108
[2024-03-20 20:34:42] [world] The Player <Corner1> has left at -10168, 63, 4108
[2024-03-20 20:34:49] [world] The Player <Corner1> has left at -10168, 63, 4108
[2024-03-20 20:35:42] [world] The Player <Corner1> has left at -10181, 63, 4113
[2024-03-20 20:35:48] [world] The Player <Corner1> has left at -10181, 63, 4113
[2024-03-20 20:36:40] [world] The Player <hexa> has left at -2546, 64, 561
[2024-03-20 20:36:50] [world] The Player <I_am_amazing> has left at -1355, 63, -265
[2024-03-20 20:39:27] [world] The Player <hexa> has left at -2539, 64, 559
[2024-03-20 20:40:11] [world] The Player <VeerIsKKK_> has left at -577, 85, 308
[2024-03-20 20:41:29] [world] The Player <I_am_amazing> has left at -1294, 89, -65
[2024-03-20 20:43:00] [world] The Player <Tester> has left at -10170, 64, 4117
[2024-03-20 20:43:41] [world] The Player <I_am_amazing> has left at -1351, 54, -274
[2024-03-20 20:43:50] [world] The Player <Mudkips_Rule> has left at -1356, 63, -263
[2024-03-20 20:45:26] [world] The Player <VeerIsKKK> has left at -610, 68, 309
[2024-03-20 20:46:00] [world] The Player <VeerIsKKK> has left at -610, 68, 309
[2024-03-20 20:48:13] [world_the_end] The Player <theproman3387> has left at -71, 25, -7
[2024-03-20 20:48:48] [world_the_end] The Player <theproman3387> has left at -71, 25, -7
[2024-03-20 20:50:01] [world_the_end] The Player <theproman3387> has left at -71, 25, -7
[2024-03-20 20:52:35] [world_the_end] The Player <hexa> has left at -1, 59, 28
[2024-03-20 20:56:06] [world] The Player <Tester> has left at -565, 68, 257
[2024-03-20 21:00:03] [world] The Player <hexa> has left at 1806, 39, 289
[2024-03-20 21:02:01] [world] The Player <Tester> has left at -10173, 64, 4120
[2024-03-20 21:03:06] [world] The Player <A_Random_Person> has left at 1801, 38, 283
[2024-03-20 21:05:10] [world] The Player <astronomy> has left at 1801, 38, 282
[2024-03-20 21:06:35] [world] The Player <hexa> has left at 1805, 37, 290
[2024-03-20 21:07:17] [world] The Player <hexa> has left at -573, 68, 316
[2024-03-20 21:16:34] [world] The Player <A_Random_Person> has left at 1801, 38, 283
[2024-03-20 21:30:52] [world] The Player <Mudkips_Rule> has left at -1355, 63, -265
[2024-03-20 21:37:26] [world] The Player <GolemDaWanderer> has left at 9990, 68, -9982
[2024-03-20 21:38:11] [world] The Player <NezukoChan> has left at -10175, 63, 4115
[2024-03-20 21:39:54] [world] The Player <Mudkips_Rule> has left at -1153, 65, -439
[2024-03-20 21:42:40] [world] The Player <GolemDaWanderer> has left at -575, 69, 320
[2024-03-20 21:42:40] [world] The Player <NezukoChan> has left at 9997, 67, -9998
[2024-03-20 21:42:49] [world] The Player <astronomy> has left at 1907, 65, 241
[2024-03-20 21:44:28] [world] The Player <A_Random_Person> has left at -1298, 8, -109
[2024-03-20 21:44:59] [world] The Player <astronomy> has left at 1916, 64, 254
[2024-03-20 21:45:57] [world] The Player <NezukoChan> has left at 1914, 65, 263
[2024-03-20 21:48:18] [world] The Player <NezukoChan> has left at 1914, 65, 263
[2024-03-20 21:48:39] [world] The Player <A_Random_Person> has left at -1297, 11, -102
[2024-03-20 21:51:35] [world] The Player <hexa> has left at -573, 68, 316
[2024-03-20 21:52:39] [world] The Player <NezukoChan> has left at -2542, 61, 557
[2024-03-20 21:53:31] [world] The Player <astronomy> has left at 1804, 38, 289
[2024-03-20 21:53:42] [world] The Player <A_Random_Person> has left at -1295, 10, -63
[2024-03-20 21:54:11] [world] The Player <astronomy> has left at 1804, 38, 289
[2024-03-20 21:58:52] [world] The Player <I_am_amazing> has left at -1272, 12, -370
[2024-03-20 22:03:01] [world] The Player <NezukoChan> has left at -2543, 65, 562
[2024-03-20 22:04:33] [world] The Player <idkwhattoputhere> has left at -590, 68, 261
[2024-03-20 22:06:14] [world] The Player <idkwhattoputhere> has left at -502, 71, 266
[2024-03-20 22:06:26] [world] The Player <idkwhattoputhere> has left at -502, 71, 266
[2024-03-20 22:06:54] [world] The Player <A_Random_Person> has left at -1297, 8, 52
[2024-03-20 22:06:54] [world] The Player <astronomy> has left at 1801, 38, 290
[2024-03-20 22:08:07] [world] The Player <Tester> has left at 1801, 38, 286
[2024-03-20 22:08:08] [world] The Player <hexa> has left at -2542, 62, 558
[2024-03-20 22:08:08] [world] The Player <astronomy> has left at 1801, 38, 290
[2024-03-20 22:09:36] [world] The Player <NezukoChan> has left at -2543, 65, 562
[2024-03-20 22:09:49] [world] The Player <idkwhattoputhere> has left at -569, 69, 327
[2024-03-20 22:10:55] [world] The Player <hexa> has left at -2539, 65, 561
[2024-03-20 22:12:51] [world] The Player <hexa> has left at -573, 68, 316
[2024-03-20 22:14:00] [world] The Player <NezukoChan> has left at -2540, 64, 573
[2024-03-20 22:23:30] [world] The Player <Tester> has left at -2527, 64, 584
[2024-03-20 22:23:55] [world_the_end] The Player <NezukChan> has left at 98, 32, 0
[2024-03-20 22:24:39] [world] The Player <Tester> has left at 1000001, 66, 1000001
[2024-03-20 22:29:32] [world] The Player <Tester> has left at 1000092, 69, 999868
[2024-03-20 22:30:49] [world] The Player <Tester> has left at 1000032, 73, 999833
[2024-03-20 22:32:15] [world] The Player <NezukoChan> has left at -2540, 64, 573
[2024-03-20 22:32:32] [world] The Player <NezukoChan> has left at -2554, 64, 565
[2024-03-20 22:34:12] [world] The Player <Tester> has left at 1000047, 63, 999880
[2024-03-20 22:45:08] [world] The Player <hexa> has left at 1000000, 61, 999999
[2024-03-20 22:46:52] [world] The Player <hexa> has left at 999996, 61, 1000000
[2024-03-20 22:50:17] [world] The Player <Tester> has left at 1000763, 52, 1000806
[2024-03-20 22:56:09] [world] The Player <hexa> has left at 999995, 62, 1000000
[2024-03-20 23:08:20] [world] The Player <astronomy> has left at 1802, 38, 288
[2024-03-20 23:18:50] [world] The Player <NezukoChan> has left at -2554, 64, 565
[2024-03-20 23:18:56] [world] The Player <NezukoChan> has left at -2554, 64, 565
[2024-03-20 23:20:59] [world] The Player <NezukoChan> has left at -2562, 65, 566
[2024-03-20 23:34:42] [world] The Player <A_Random_Person> has left at -552, 88, 246
[2024-03-20 23:35:40] [world_nether] The Player <Brycethelegend> has left at -119, 81, 47
[2024-03-21 00:02:57] [world] The Player <NezukoChan> has left at -2562, 65, 566
[2024-03-21 00:14:16] [world_nether] The Player <Heinrich_Himmler> has left at 12522, 80, 1
[2024-03-21 00:14:25] [world] The Player <Brycethelegend> has left at 958, 67, -141
[2024-03-21 00:27:29] [world] The Player <astronomy> has left at 1800, 38, 289
[2024-03-21 00:31:04] [world] The Player <NezukoChan> has left at 1785, 15, 264
[2024-03-21 00:31:11] [world] The Player <NezukoChan> has left at 1785, 15, 264
[2024-03-21 00:36:40] [world] The Player <GolemDaWanderer> has left at -575, 69, 320
[2024-03-21 00:43:04] [world] The Player <astronomy> has left at 1807, 10, 274
[2024-03-21 00:46:49] [world_nether] The Player <Rip_WillOfTheD> has left at -61, 80, 20
[2024-03-21 00:58:08] [world_the_end] The Player <Rip_WillOfTheD> has left at 39, 62, 44
[2024-03-21 01:05:55] [world] The Player <NezukoChan> has left at -571, 88, 249
[2024-03-21 01:06:20] [world] The Player <NezukoChan> has left at -571, 88, 249
[2024-03-21 01:06:44] [world] The Player <NezukoChan> has left at -571, 88, 249
[2024-03-21 01:26:12] [world] The Player <NezukoChan> has left at -10181, 60, 4120
[2024-03-21 01:41:07] [world] The Player <GolemDaWanderer> has left at -580, 69, 323
[2024-03-21 01:48:05] [world] The Player <GolemDaWanderer> has left at -544, 88, 257
[2024-03-21 02:16:00] [world_nether] The Player <astronomy> has left at -38, 82, 15
[2024-03-21 02:29:52] [world_the_end] The Player <Heinrich_Himmler> has left at -170, 99, 38
[2024-03-21 02:33:35] [world] The Player <digbick> has left at -691, 78, 316
[2024-03-21 02:38:34] [world] The Player <astronomy> has left at -1534, 61, -115
[2024-03-21 02:38:36] [world] The Player <A_Random_Person> has left at -1538, 61, -117
[2024-03-21 02:43:00] [world] The Player <digbick> has left at -692, 77, 310
[2024-03-21 02:46:00] [world] The Player <A_Random_Person> has left at -1536, 50, -117
[2024-03-21 03:14:12] [world] The Player <astronomy> has left at -1536, 50, -117
[2024-03-21 03:46:15] [world] The Player <digbick> has left at -694, 77, 314
[2024-03-21 03:47:39] [world] The Player <Heinrich_Himmler> has left at -574, 69, 319
[2024-03-21 05:03:20] [world] The Player <GolemDaWanderer> has left at -559, 88, 276
[2024-03-21 05:23:42] [world] The Player <GolemDaWanderer> has left at -593, 64, 238
[2024-03-21 09:55:24] [world] The Player <Mudkips_Rule> has left at -1155, 65, -439
[2024-03-21 10:08:00] [world] The Player <A_Random_Person> has left at -1154, 64, -443
[2024-03-21 10:16:52] [world] The Player <Mudkips_Rule> has left at -1153, 65, -439
[2024-03-21 10:29:04] [world] The Player <NezukoChan> has left at 1801, 38, 290
[2024-03-21 10:32:42] [world] The Player <astronomy> has left at 1800, 38, 292
[2024-03-21 11:08:11] [world] The Player <qwerty> has left at -1352, 63, -222
[2024-03-21 11:08:13] [world] The Player <A_Random_Person> has left at -1157, 68, -435
[2024-03-21 11:12:43] [world] The Player <ACE> has left at -618, 66, 423
[2024-03-21 11:14:24] [world] The Player <Clownpierce> has left at -10106, 24, 4106
[2024-03-21 11:14:41] [world] The Player <sharky> has left at -596, 76, 468
[2024-03-21 11:16:42] [world] The Player <ACE> has left at -633, 70, 418
[2024-03-21 11:22:45] [world] The Player <Dave_TheCoolGuy> has left at -690, 75, 304
[2024-03-21 11:25:17] [world] The Player <Mudkips_Rule> has left at -1166, 71, -443
[2024-03-21 11:25:21] [world] The Player <Clownpierce> has left at -929, 64, 304
[2024-03-21 11:25:25] [world] The Player <qwerty> has left at -1167, 69, -433
[2024-03-21 11:25:40] [world] The Player <Helper> has left at -1175, 69, -406
[2024-03-21 11:26:44] [world_the_end] The Player <BigDickRandy> has left at 13, 59, 1
[2024-03-21 11:27:09] [world] The Player <ACE> has left at -771, 62, 251
[2024-03-21 11:27:12] [world] The Player <digbick> has left at -688, 71, 312
[2024-03-21 11:28:44] [world] The Player <Sword4001> has left at -593, 68, 291
[2024-03-21 11:28:46] [world] The Player <BigDickRandy> has left at -574, 68, 277
[2024-03-21 11:29:25] [world] The Player <qwerty> has left at -1153, 65, -438
[2024-03-21 11:31:19] [world_the_end] The Player <hi_> has left at -6, 59, 14
[2024-03-21 11:31:49] [world] The Player <ACE> has left at -768, 63, 245
[2024-03-21 11:31:54] [world] The Player <Dave_TheCoolGuy> has left at -688, 75, 305
[2024-03-21 11:31:56] [world] The Player <WienerDogFace> has left at -448, 12, 1409
[2024-03-21 11:34:18] [world] The Player <A_Random_Person> has left at -1354, 67, -229
[2024-03-21 11:43:56] [world_nether] The Player <hexa> has left at -131, 67, -85
[2024-03-21 11:45:45] [world_nether] The Player <qwerty> has left at -147, 67, -97
[2024-03-21 11:52:32] [world] The Player <dick_slap> has left at -885, 68, 823
[2024-03-21 11:53:10] [world] The Player <hexa> has left at -2067, 63, 409
[2024-03-21 11:53:13] [world] The Player <dick_slap> has left at -883, 69, 821
[2024-03-21 11:53:30] [world] The Player <hexa> has left at -2067, 63, 409
[2024-03-21 11:54:09] [world] The Player <dick_slap> has left at -883, 68, 821
[2024-03-21 11:54:53] [world_nether] The Player <hexa> has left at -131, 67, -85
[2024-03-21 11:55:59] [world] The Player <somebody139> has left at -782, 70, 261
[2024-03-21 11:58:31] [world] The Player <somebody139> has left at -576, 68, 258
[2024-03-21 12:06:08] [world] The Player <qwerty> has left at -632, 62, -787
[2024-03-21 12:09:10] [world] The Player <A_Random_Person> has left at -1536, 50, -117
[2024-03-21 12:10:48] [world] The Player <VeerIsKKK> has left at -573, 68, 316
[2024-03-21 12:17:12] [world] The Player <somebody139> has left at -769, 63, 248
[2024-03-21 12:17:17] [world] The Player <Tester> has left at -10172, 64, 4118
[2024-03-21 12:17:18] [world] The Player <PenguinBoi> has left at -372, 67, -110
[2024-03-21 12:17:22] [world] The Player <ACE> has left at -769, 63, 258
[2024-03-21 12:23:49] [world] The Player <VeerIsKKK> has left at 515, 104, 2247
[2024-03-21 12:25:27] [world_the_end] The Player <hi_> has left at -6, 59, 14
[2024-03-21 12:28:49] [world] The Player <dhar> has left at -729, 68, 288
[2024-03-21 12:29:51] [world] The Player <ACE> has left at -767, 64, 231
[2024-03-21 12:32:09] [world] The Player <ACE> has left at -773, 66, 254
[2024-03-21 12:33:05] [world] The Player <somebody139> has left at -618, 68, 267
[2024-03-21 12:35:13] [world] The Player <Dave_TheCoolGuy> has left at -682, 62, 312
[2024-03-21 12:38:14] [world] The Player <NezukoChan> has left at 1801, 38, 290
[2024-03-21 12:42:21] [world] The Player <WienerDogFace> has left at -383, 65, -128
[2024-03-21 12:43:41] [world] The Player <Tester> has left at -10176, 63, 4115
[2024-03-21 12:44:07] [world] The Player <Bobuz> has left at -362, 89, -66
[2024-03-21 12:44:40] [world] The Player <VeerIsKKK> has left at -671, 11, 133
[2024-03-21 12:45:43] [world] The Player <somebody139> has left at -772, 24, 140
[2024-03-21 12:48:17] [world] The Player <ACE> has left at -774, 62, 255
[2024-03-21 12:49:27] [world] The Player <Brycethelegend> has left at 958, 67, -141
[2024-03-21 12:49:30] [world] The Player <ACEs> has left at -582, 82, 317
[2024-03-21 12:51:51] [world] The Player <Tester> has left at -10162, 63, 4115
[2024-03-21 12:51:53] [world] The Player <dick_slap> has left at -573, 68, 316
[2024-03-21 12:51:56] [world] The Player <General_Rihan> has left at -10247, 76, 4287
[2024-03-21 12:52:15] [world] The Player <I_am_amazing> has left at -1278, 68, -255
[2024-03-21 12:52:23] [world] The Player <dhar> has left at -680, 72, 311
[2024-03-21 12:52:24] [world] The Player <hi_> has left at -1354, 67, -239
[2024-03-21 12:52:26] [world] The Player <Dave_TheCoolGuy> has left at -662, 72, 271
[2024-03-21 12:52:56] [world] The Player <digbick> has left at -684, 72, 302
[2024-03-21 12:53:13] [world] The Player <WienerDogFace> has left at -450, 10, 1411
[2024-03-21 12:53:46] [world] The Player <character> has left at -375, 88, -59
[2024-03-21 12:53:50] [world] The Player <PenguinBoi> has left at -377, 88, -62
[2024-03-21 12:53:51] [world] The Player <Bobuz> has left at -363, 92, -62
[2024-03-21 12:54:11] [world] The Player <A_Random_Person> has left at -1538, 50, -117
[2024-03-21 12:55:27] [world] The Player <NezukoChan> has left at -10155, 63, 4115
[2024-03-21 12:59:57] [world] The Player <kirbo> has left at -570, 69, 320
[2024-03-21 13:00:05] [world] The Player <I_am_amazing> has left at -1355, 62, -263
[2024-03-21 13:00:30] [world] The Player <digbick> has left at -623, 6, 321
[2024-03-21 13:06:12] [world] The Player <Tester> has left at -10174, 64, 4117
[2024-03-21 13:06:17] [world] The Player <I_am_amazing> has left at -1304, 94, -160
[2024-03-21 13:12:10] [world] The Player <Tester> has left at -10174, 64, 4117
[2024-03-21 13:18:09] [world] The Player <hi_> has left at -1355, 67, -240
[2024-03-21 13:18:09] [world] The Player <Tester> has left at -10167, 63, 4115
[2024-03-21 13:29:35] [world_nether] The Player <hexa> has left at -135, 67, -85
[2024-03-21 13:36:13] [world] The Player <Tester> has left at -572, 68, 284
[2024-03-21 13:43:20] [world] The Player <hi_> has left at -1354, 67, -230
[2024-03-21 13:43:28] [world] The Player <WienerDogFace> has left at -450, 10, 1411
[2024-03-21 13:50:09] [world] The Player <dhar> has left at -680, 72, 311
[2024-03-21 13:50:10] [world] The Player <hi_> has left at -1355, 66, -222
[2024-03-21 13:50:11] [world] The Player <Dave_TheCoolGuy> has left at -687, 75, 305
[2024-03-21 13:50:12] [world] The Player <I_am_amazing> has left at -575, 78, 278
[2024-03-21 13:50:12] [world] The Player <Brycethelegend_> has left at -1376, 5, -201
[2024-03-21 13:50:20] [world] The Player <WienerDogFace> has left at -596, 68, 362
[2024-03-21 13:51:12] [world] The Player <qwerty> has left at -631, 65, -791
[2024-03-21 13:51:24] [world] The Player <Clownpierce> has left at -10187, 63, 4103
[2024-03-21 13:51:48] [world] The Player <kirbo> has left at -677, 70, 367
[2024-03-21 13:53:02] [world] The Player <hi_> has left at -1537, 50, -118
[2024-03-21 13:53:23] [world] The Player <Tester> has left at -10181, 64, 4119
[2024-03-21 13:54:08] [world] The Player <NezukoChan> has left at -10155, 63, 4115
[2024-03-21 13:55:11] [world] The Player <Brycethelegend_> has left at -1356, 63, -265
[2024-03-21 13:55:16] [world] The Player <astronomy> has left at 1802, 38, 289
[2024-03-21 13:55:16] [world] The Player <Autistic_Man> has left at -564, 82, 313
[2024-03-21 13:55:17] [world] The Player <Clownpierce> has left at -10221, 66, 4106
[2024-03-21 13:55:17] [world] The Player <A_Random_Person> has left at -1542, 58, -117
[2024-03-21 13:55:18] [world_the_end] The Player <theproman3387> has left at -51, 38, -12
[2024-03-21 13:55:18] [world] The Player <qwerty> has left at -666, 97, -786
[2024-03-21 13:55:18] [world] The Player <NezukoChan> has left at -10183, 63, 4106
[2024-03-21 13:55:19] [world] The Player <hexa> has left at 999994, 60, 1000001
[2024-03-21 13:55:19] [world] The Player <Tester> has left at -10151, 64, 4114
[2024-03-21 13:55:43] [world] The Player <astronomy> has left at 1802, 38, 289
[2024-03-21 13:55:53] [world_the_end] The Player <theproman3387> has left at -51, 38, -12
[2024-03-21 13:56:07] [world] The Player <Tester> has left at -10150, 64, 4115
[2024-03-21 13:56:26] [world] The Player <Autistic_Man> has left at -564, 82, 313
[2024-03-21 13:57:17] [world] The Player <hexa> has left at 999995, 62, 1000001
[2024-03-21 13:57:18] [world] The Player <Brycethelegend_> has left at -1353, 67, -244
[2024-03-21 13:57:24] [world] The Player <Clownpierce> has left at -10214, 67, 4107
[2024-03-21 14:00:27] [world] The Player <Autistic_Man> has left at -1542, 62, -117
[2024-03-21 14:01:06] [world_the_end] The Player <I_am_amazing> has left at -42, 64, -6
[2024-03-21 14:01:12] [world] The Player <Helper> has left at -1638, 71, -87
[2024-03-21 14:02:56] [world] The Player <NezukoChan> has left at -685, 65, 313
[2024-03-21 14:02:57] [world] The Player <Clownpierce> has left at -1287, 94, -125
[2024-03-21 14:02:58] [world] The Player <WienerDogFace> has left at -596, 68, 362
[2024-03-21 14:02:59] [world] The Player <hi_> has left at -1536, 50, -118
[2024-03-21 14:02:59] [world_the_end] The Player <I_am_amazing> has left at -42, 64, -6
[2024-03-21 14:03:02] [world] The Player <digbick> has left at -686, 71, 314
[2024-03-21 14:03:02] [world] The Player <Sword4001> has left at -563, 68, 287
[2024-03-21 14:03:18] [world] The Player <hi_> has left at -1536, 50, -118
[2024-03-21 14:03:33] [world_the_end] The Player <Tester> has left at -167, 67, 45
[2024-03-21 14:03:48] [world] The Player <NezukoChan> has left at -685, 65, 313
[2024-03-21 14:04:08] [world] The Player <character> has left at -371, 78, -75
[2024-03-21 14:04:13] [world] The Player <qwerty> has left at -1371, 67, -263
[2024-03-21 14:04:13] [world] The Player <theproman3387> has left at -577, 56, 274
[2024-03-21 14:04:13] [world] The Player <hexa> has left at 1000001, 66, 1000002
[2024-03-21 14:04:13] [world] The Player <Brycethelegend_> has left at -1352, 69, -239
[2024-03-21 14:04:13] [world] The Player <digbick> has left at -689, 71, 315
[2024-03-21 14:04:13] [world] The Player <hi_> has left at -1536, 50, -118
[2024-03-21 14:04:13] [world] The Player <Clownpierce> has left at -1386, 70, -92
[2024-03-21 14:04:13] [world] The Player <NezukoChan> has left at -685, 65, 312
[2024-03-21 14:04:21] [world] The Player <NezukoChan> has left at -685, 65, 312
[2024-03-21 14:04:22] [world] The Player <A_Random_Person> has left at -1536, 50, -117
[2024-03-21 14:04:22] [world] The Player <astronomy> has left at 1784, 15, 255
[2024-03-21 14:04:22] [world] The Player <theproman3387> has left at -577, 56, 274
[2024-03-21 14:04:28] [world] The Player <A_Random_Person> has left at -1536, 50, -117
[2024-03-21 14:07:59] [world_nether] The Player <Heinrich_Himmler> has left at 12502, 93, -3
[2024-03-21 14:08:46] [world] The Player <WienerDogFace> has left at -597, 68, 317
[2024-03-21 17:13:21] [world] The Player <GolemDaWanderer> has left at -573, 68, 316
[2024-03-21 17:49:36] [world] The Player <Heinrich_Himmler> has left at -687, 72, 298
[2024-03-21 18:45:17] [world] The Player <NezukoChan> has left at -685, 65, 312
[2024-03-21 18:47:34] [world] The Player <NezukoChan> has left at -898, 70, 272
[2024-03-21 19:30:02] [world] The Player <Dave_TheCoolGuy> has left at -683, 209, 328
[2024-03-21 19:34:12] [world] The Player <Dave_TheCoolGuy> has left at -694, 69, 301
[2024-03-21 19:36:55] [world] The Player <NezukoChan> has left at -898, 70, 272
[2024-03-21 19:37:16] [world] The Player <Dave_TheCoolGuy> has left at -688, 75, 304
[2024-03-21 19:37:31] [world] The Player <Dave_TheCoolGuy> has left at -688, 75, 304
[2024-03-21 19:37:42] [world] The Player <Dave_TheCoolGuy> has left at -688, 75, 304
[2024-03-21 19:40:01] [world] The Player <astronomy> has left at 1802, 38, 289
