[2024-03-21 19:44:30] [world] The Player <NezukoChan> has left at -10172, 64, 4118
[2024-03-21 19:47:03] [world] The Player <Dave_TheCoolGuy> has left at -689, 75, 304
[2024-03-21 19:53:19] [world] The Player <astronomy> has left at 1801, 38, 288
[2024-03-21 19:54:47] [world] The Player <NezukoChan> has left at -10180, 64, 4117
[2024-03-21 19:56:35] [world] The Player <Char> has left at -689, 84, 256
[2024-03-21 20:01:49] [world] The Player <character> has left at -368, 85, -61
[2024-03-21 20:11:08] [world] The Player <Char> has left at -731, 91, 294
[2024-03-21 20:12:11] [world] The Player <NezukoChan> has left at -1169, 49, -421
[2024-03-21 20:16:27] [world] The Player <astronomy> has left at -10168, 62, 4104
[2024-03-21 20:21:03] [world] The Player <Char> has left at -682, 71, 306
[2024-03-21 20:28:27] [world] The Player <Mudkips_Rule> has left at -1169, 49, -441
[2024-03-21 20:37:23] [world] The Player <NezukoChan> has left at 1864, 7, 251
[2024-03-21 20:39:12] [world_the_end] The Player <Heinrich_Himmler> has left at 102, 49, -1
[2024-03-21 20:41:45] [world] The Player <hi_> has left at -1153, 64, -439
[2024-03-21 20:42:09] [world] The Player <Mudkips_Rule> has left at -1153, 65, -437
[2024-03-21 20:42:26] [world] The Player <character> has left at -371, 88, -61
[2024-03-21 20:46:00] [world] The Player <astronomy> has left at 1806, 38, 290
[2024-03-21 22:07:07] [world] The Player <Tester> has left at -561, 66, 294
[2024-03-21 22:14:17] [world] The Player <Tester> has left at -10167, 66, 4118
[2024-03-21 22:20:05] [world] The Player <astronomy> has left at -10178, 63, 4104
[2024-03-21 22:21:02] [world] The Player <NezukoChan> has left at 1864, 7, 251
[2024-03-21 22:27:03] [world] The Player <NezukoChan> has left at 1908, 12, 228
[2024-03-21 22:32:41] [world] The Player <Tester> has left at -10243, 65, 4112
[2024-03-21 23:00:49] [world] The Player <Heinrich_Himmler> has left at -974, 65, 259
[2024-03-21 23:10:29] [world] The Player <Heinrich_Himmler> has left at -981, 56, 318
[2024-03-21 23:12:06] [world] The Player <Heinrich_Himmler> has left at -597, 58, 208
[2024-03-21 23:41:25] [world] The Player <NezukoChan> has left at 1908, 12, 228
[2024-03-21 23:53:35] [world] The Player <NezukoChan> has left at 1825, 11, 151
[2024-03-22 00:24:05] [world] The Player <Heinrich_Himmler> has left at -573, 68, 316
[2024-03-22 00:36:02] [world_nether] The Player <NezukoChan> has left at -1262, 50, 515
[2024-03-22 01:23:56] [world] The Player <Tester> has left at -10199, 62, 4081
[2024-03-22 01:29:05] [world_the_end] The Player <Heinrich_Himmler> has left at 11, 59, 11
[2024-03-22 01:40:18] [world] The Player <Tester> has left at -10243, 64, 4110
[2024-03-22 01:42:55] [world] The Player <Tester> has left at -10243, 64, 4110
[2024-03-22 01:46:57] [world] The Player <Tester> has left at -10244, 69, 4150
[2024-03-22 01:54:19] [world] The Player <Tester> has left at -10175, 64, 4123
[2024-03-22 01:55:23] [world] The Player <NezukoChan> has left at -10175, 64, 4119
[2024-03-22 02:01:40] [world] The Player <Tester> has left at -10183, 64, 4107
[2024-03-22 02:08:43] [world] The Player <NezukoChan> has left at -10166, 63, 4101
[2024-03-22 02:09:04] [world] The Player <Tester> has left at -10156, 66, 4099
[2024-03-22 02:14:12] [world] The Player <Tester> has left at -10169, 65, 4097
[2024-03-22 02:22:26] [world_the_end] The Player <Tester> has left at -57, 33, -26
[2024-03-22 02:23:17] [world_the_end] The Player <Tester> has left at -57, -258, -30
[2024-03-22 02:26:11] [world_the_end] The Player <Tester> has left at 11, 58, -98
[2024-03-22 02:33:22] [world_nether] The Player <Heinrich_Himmler> has left at 12501, 129, 2
[2024-03-22 02:37:09] [world_nether] The Player <Tester> has left at 12505, 128, 29
[2024-03-22 02:47:44] [world_the_end] The Player <Tester> has left at -165, 100, 37
[2024-03-22 02:50:39] [world_the_end] The Player <Heinrich_Himmler> has left at -166, 57, 40
[2024-03-22 02:51:19] [world] The Player <Tester> has left at 500, 64, -300
[2024-03-22 02:53:39] [world] The Player <Tester> has left at 487, 64, -318
[2024-03-22 03:01:02] [world] The Player <Tester> has left at -10171, 60, 3996
[2024-03-22 03:02:22] [world] The Player <GolemDaWanderer> has left at -576, 69, 319
[2024-03-22 03:02:28] [world] The Player <astronomy> has left at -10172, 60, 3997
[2024-03-22 03:03:30] [world] The Player <GolemDaWanderer> has left at -578, 70, 321
[2024-03-22 03:06:36] [world] The Player <Tester> has left at -10351, 61, 4119
[2024-03-22 03:07:12] [world] The Player <GolemDaWanderer> has left at -545, 68, 244
[2024-03-22 03:13:05] [world] The Player <Tester> has left at 1804, 39, 287
[2024-03-22 03:17:51] [world] The Player <astronomy> has left at 1797, 38, 283
[2024-03-22 03:30:19] [world_the_end] The Player <Heinrich_Himmler> has left at -167, 57, 42
[2024-03-22 04:07:54] [world] The Player <GolemDaWanderer> has left at -549, 68, 247
[2024-03-22 04:53:24] [world] The Player <Heinrich_Himmler> has left at -569, 69, 323
[2024-03-22 05:17:37] [world] The Player <astronomy> has left at 1805, 38, 289
[2024-03-22 05:18:53] [world] The Player <astronomy> has left at 1806, 36, 289
[2024-03-22 05:19:58] [world] The Player <astronomy> has left at 1805, 22, 294
[2024-03-22 05:21:18] [world] The Player <astronomy> has left at 1805, 22, 294
[2024-03-22 06:36:31] [world] The Player <astronomy> has left at -10157, 63, 4116
[2024-03-22 06:38:03] [world] The Player <astronomy> has left at 1803, 38, 289
[2024-03-22 11:18:18] [world] The Player <Tester> has left at -1539, 50, -117
[2024-03-22 11:20:18] [world] The Player <Tester> has left at -10176, 64, 4118
[2024-03-22 11:20:54] [world] The Player <qwerty> has left at -1357, 63, -265
[2024-03-22 11:20:56] [world] The Player <Mudkips_Rule> has left at -1154, 64, -444
[2024-03-22 11:25:22] [world] The Player <Mudkips_Rule> has left at -1154, 64, -443
[2024-03-22 11:25:22] [world] The Player <qwerty> has left at -632, 63, -807
[2024-03-22 11:31:48] [world] The Player <NezukoChan> has left at -10144, 65, 4134
[2024-03-22 12:12:09] [world] The Player <NezukoChan> has left at -10186, 60, 4118
[2024-03-22 12:12:18] [world] The Player <NezukoChan> has left at -10186, 60, 4118
[2024-03-22 12:17:13] [world_nether] The Player <Tester> has left at -133, 67, -103
[2024-03-22 12:18:36] [world_nether] The Player <hexa> has left at -133, 67, -87
[2024-03-22 12:22:12] [world] The Player <Mudkips_Rule> has left at -1169, 49, -440
[2024-03-22 12:39:07] [world] The Player <NezukoChan> has left at -10206, 64, 4150
[2024-03-22 12:42:40] [world] The Player <Tester> has left at 1000132, 11, 999998
[2024-03-22 12:45:45] [world] The Player <NezukoChan> has left at -10205, 65, 4178
[2024-03-22 12:50:59] [world] The Player <NezukoChan> has left at -10205, 65, 4178
[2024-03-22 12:53:28] [world] The Player <NezukoChan> has left at -10175, 64, 4128
[2024-03-22 13:02:39] [world] The Player <hexa> has left at 500004, 22, 48390
[2024-03-22 13:10:00] [world] The Player <Tester> has left at 500004, 22, 48388
[2024-03-22 13:13:31] [world] The Player <Tester> has left at 500002, 22, 48385
[2024-03-22 13:17:30] [world] The Player <Tester> has left at 1000056, 67, 1000009
[2024-03-22 13:22:32] [world] The Player <Tester> has left at 500004, 22, 48384
[2024-03-22 13:24:46] [world] The Player <Tester> has left at 500004, 22, 48392
[2024-03-22 13:28:56] [world] The Player <Tester> has left at -559, 88, 280
[2024-03-22 13:29:11] [world_nether] The Player <hexa> has left at -144, 67, -102
[2024-03-22 13:31:10] [world] The Player <Tester> has left at -544, 68, 251
[2024-03-22 13:36:41] [world_nether] The Player <hexa> has left at -95, 59, -155
[2024-03-22 13:48:38] [world] The Player <hexa> has left at 1000062, 59, 1000009
[2024-03-22 13:50:07] [world] The Player <Clownpierce> has left at -1357, 62, -266
[2024-03-22 13:50:18] [world] The Player <Autistic_Man> has left at -1542, 62, -117
[2024-03-22 13:50:54] [world] The Player <I_am_amazing> has left at -574, 68, 246
[2024-03-22 13:51:09] [world] The Player <Mudkips_Rule> has left at -1153, 65, -437
[2024-03-22 13:51:32] [world] The Player <Tester> has left at -584, 70, 219
[2024-03-22 13:51:52] [world] The Player <qwerty> has left at -582, 68, 214
[2024-03-22 13:58:51] [world] The Player <hexa> has left at 500002, 22, 48384
[2024-03-22 13:59:15] [world_the_end] The Player <Autistic_Man> has left at 75, 59, 1
[2024-03-22 14:02:00] [world] The Player <Autistic_Man> has left at -1539, 50, -117
[2024-03-22 14:03:24] [world_the_end] The Player <Tester> has left at -164, 99, 42
[2024-03-22 14:03:38] [world] The Player <Tester> has left at -688, 75, 305
[2024-03-22 14:04:00] [world_nether] The Player <Pog4lifepeople> has left at -325, 32, 89
[2024-03-22 14:04:52] [world] The Player <Brycethelegend> has left at -573, 68, 316
[2024-03-22 14:05:05] [world] The Player <Autistic_Man> has left at -554, 73, 140
[2024-03-22 14:05:13] [world] The Player <qwerty> has left at -642, 63, -817
[2024-03-22 14:05:38] [world] The Player <NezukoChan> has left at -682, 71, 299
[2024-03-22 14:05:54] [world] The Player <Mudkips_Rule> has left at -1356, 63, -265
[2024-03-22 14:05:56] [world] The Player <I_am_amazing> has left at -1355, 63, -260
[2024-03-22 14:09:08] [world] The Player <Tester> has left at -1538, 50, -117
[2024-03-22 14:11:31] [world] The Player <I_am_amazing> has left at -1353, 5, -339
[2024-03-22 14:11:53] [world] The Player <kirbo> has left at -724, 70, 521
[2024-03-22 14:14:03] [world] The Player <qwerty> has left at -647, 63, -784
[2024-03-22 14:18:38] [world_the_end] The Player <Heinrich_Himmler> has left at -160, 99, 38
[2024-03-22 14:20:53] [world] The Player <stealthassasin32> has left at -796, 73, -51
[2024-03-22 14:20:54] [world_nether] The Player <hexa> has left at -133, 67, -87
[2024-03-22 14:20:55] [world] The Player <Pog4lifepeople> has left at 3000004, 11, 3000025
[2024-03-22 14:20:57] [world] The Player <character> has left at -369, 93, -56
[2024-03-22 14:21:11] [world] The Player <I_am_amazing> has left at 3000005, 12, 3000027
[2024-03-22 14:21:26] [world_nether] The Player <hexa> has left at -133, 67, -87
[2024-03-22 14:22:57] [world] The Player <I_am_amazing> has left at 3000034, 14, 3000063
[2024-03-22 14:25:12] [world] The Player <EugeneDiggamore> has left at -568, 84, 309
[2024-03-22 14:28:07] [world] The Player <digbick> has left at -765, 10, 437
[2024-03-22 14:29:26] [world] The Player <Clownpierce> has left at -10159, 63, 4100
[2024-03-22 14:29:56] [world] The Player <Tester> has left at -1186, 11, -417
[2024-03-22 14:31:08] [world] The Player <EaglYee212> has left at -554, 65, 302
[2024-03-22 14:31:17] [world] The Player <EaglYee212> has left at -554, 65, 302
[2024-03-22 14:31:34] [world] The Player <stealthassasin32> has left at -668, 97, -783
[2024-03-22 14:31:42] [world] The Player <EaglYee212> has left at -554, 65, 302
[2024-03-22 14:32:31] [world] The Player <qwerty> has left at -666, 97, -786
[2024-03-22 14:33:17] [world] The Player <EaglYee212> has left at -538, 67, 374
[2024-03-22 14:33:27] [world] The Player <proman50> has left at -233, 68, -434
[2024-03-22 14:38:05] [world_nether] The Player <hexa> has left at -29, 34, -27
[2024-03-22 14:38:07] [world] The Player <stealthassasin32> has left at -633, 63, -807
[2024-03-22 14:42:06] [world] The Player <stealthassasin32> has left at -668, 97, -783
[2024-03-22 14:42:13] [world] The Player <proman50> has left at -163, 63, -718
[2024-03-22 14:42:15] [world] The Player <Pog4lifepeople> has left at 999999, 3, 999998
[2024-03-22 14:43:13] [world] The Player <PenguinBoi> has left at -621, 11, -203
[2024-03-22 14:43:18] [world] The Player <Autistic_Man> has left at -1154, 64, -442
[2024-03-22 14:43:28] [world] The Player <Pog4lifepeople> has left at 999999, 3, 999998
[2024-03-22 14:43:54] [world] The Player <Mudkips_Rule> has left at -1169, 49, -440
[2024-03-22 14:44:21] [world] The Player <proman50> has left at -161, 63, -720
[2024-03-22 14:44:54] [world] The Player <character> has left at -367, 87, -58
[2024-03-22 14:45:07] [world] The Player <I_am_amazing> has left at 500019, 13, 500005
[2024-03-22 14:45:09] [world] The Player <qwerty> has left at -573, 68, 316
[2024-03-22 14:45:12] [world] The Player <MrBlob2U> has left at -1357, 63, -262
[2024-03-22 14:49:47] [world] The Player <GolemDaWanderer> has left at -549, 68, 247
[2024-03-22 14:49:58] [world] The Player <A_Random_Person> has left at -1558, 76, -120
[2024-03-22 14:50:32] [world] The Player <NezukoChan> has left at -682, 71, 299
[2024-03-22 14:50:35] [world_nether] The Player <qwerty> has left at -120, 75, 23
[2024-03-22 14:52:33] [world] The Player <Tester> has left at -624, 5, 312
[2024-03-22 14:54:30] [world] The Player <hexa> has left at -681, 71, 314
[2024-03-22 14:59:23] [world] The Player <NezukoChan> has left at -681, 71, 313
[2024-03-22 15:07:44] [world] The Player <qwerty> has left at -666, 97, -786
[2024-03-22 15:07:59] [world] The Player <digbick> has left at -689, 71, 313
[2024-03-22 15:08:24] [world] The Player <digbick> has left at -689, 71, 313
[2024-03-22 15:10:42] [world] The Player <NezukoChan> has left at -10177, 63, 4115
[2024-03-22 15:12:09] [world] The Player <digbick> has left at -662, 42, 313
[2024-03-22 15:26:17] [world] The Player <MrBlob2U> has left at -1373, 68, -223
[2024-03-22 15:34:08] [world] The Player <Tester> has left at 500004, 22, 48384
[2024-03-22 15:42:57] [world_nether] The Player <MrBlob2U> has left at -125, 78, -115
[2024-03-22 15:42:59] [world] The Player <character> has left at -371, 88, -60
[2024-03-22 15:44:05] [world] The Player <DeevYeeg138> has left at -568, 84, 321
[2024-03-22 15:48:14] [world] The Player <hexa> has left at 1000062, 58, 1000008
[2024-03-22 15:51:08] [world] The Player <hexa> has left at 1000062, 47, 1000008
[2024-03-22 15:51:31] [world_nether] The Player <NezukoChan> has left at -1275, 57, 538
[2024-03-22 15:51:37] [world] The Player <okkarim> has left at -1154, 64, -442
[2024-03-22 15:59:08] [world] The Player <hexa> has left at 1000059, 14, 999988
[2024-03-22 16:01:37] [world] The Player <hi_> has left at -1154, 64, -439
[2024-03-22 16:05:10] [world_nether] The Player <NezukoChan> has left at -1278, 32, 591
[2024-03-22 16:05:11] [world_nether] The Player <Brycethelegend> has left at -98, 66, 47
[2024-03-22 16:06:31] [world] The Player <Pog4lifepeople> has left at 1000573, 66, 1000285
[2024-03-22 16:08:19] [world_nether] The Player <NezukoChan> has left at -1278, 32, 591
[2024-03-22 16:08:31] [world] The Player <astronomy_> has left at -568, 84, 314
[2024-03-22 16:08:32] [world_nether] The Player <NezukoChan> has left at -1278, 32, 591
[2024-03-22 16:08:38] [world] The Player <astronomy_> has left at -568, 84, 314
[2024-03-22 16:09:59] [world] The Player <okkarim> has left at -1169, 49, -426
[2024-03-22 16:12:35] [world] The Player <Brycethelegend> has left at -1151, 48, -432
[2024-03-22 16:12:45] [world] The Player <SPADE> has left at -645, 63, -779
[2024-03-22 16:12:50] [world] The Player <hi_> has left at -1154, 64, -439
[2024-03-22 16:13:35] [world] The Player <NezukoChan> has left at 1805, 43, 282
[2024-03-22 16:13:42] [world] The Player <qwerty> has left at -761, 7, -727
[2024-03-22 16:13:56] [world] The Player <Mudkips_Rule> has left at -1168, 48, -429
[2024-03-22 16:15:44] [world] The Player <astronomy> has left at 1802, 38, 289
[2024-03-22 16:15:44] [world] The Player <Pog4lifepeople> has left at 1000587, 66, 1000196
[2024-03-22 16:16:33] [world] The Player <Pog4lifepeople> has left at 1000572, 66, 1000284
[2024-03-22 16:18:37] [world] The Player <qwerty> has left at -758, 7, -727
[2024-03-22 16:18:46] [world] The Player <Mudkips_Rule> has left at -1154, 64, -442
[2024-03-22 16:19:15] [world] The Player <A_Random_Person> has left at -1554, 50, -118
[2024-03-22 16:25:23] [world] The Player <I_am_amazing> has left at 40000, 7, 40000
[2024-03-22 16:25:32] [world] The Player <astronomy> has left at 1802, 38, 285
[2024-03-22 16:29:29] [world] The Player <General_Rihan> has left at -10240, 76, 4288
[2024-03-22 16:29:47] [world] The Player <Mudkips_Rule> has left at -1169, 48, -434
[2024-03-22 16:32:17] [world] The Player <A_Random_Person> has left at -1542, 51, -117
[2024-03-22 16:32:18] [world] The Player <Pog4lifepeople> has left at -600, 68, 271
[2024-03-22 16:34:28] [world] The Player <WienerDogFace> has left at -576, 69, 307
[2024-03-22 16:36:55] [world] The Player <digbick> has left at -617, 6, 330
[2024-03-22 16:40:09] [world] The Player <A_Random_Person> has left at -1170, 49, -440
[2024-03-22 16:40:14] [world] The Player <Mudkips_Rule> has left at -1172, 49, -441
[2024-03-22 16:40:17] [world_the_end] The Player <Pog4lifepeople> has left at 23, 63, 8
[2024-03-22 16:41:13] [world] The Player <hexa> has left at 1000099, 64, 999999
[2024-03-22 16:41:30] [world] The Player <I_am_amazing> has left at 1000098, 64, 999998
[2024-03-22 16:43:21] [world] The Player <hexa> has left at 1000102, 63, 1000006
[2024-03-22 16:43:55] [world] The Player <SPADE> has left at -646, 50, -779
[2024-03-22 16:44:45] [world] The Player <digbick> has left at -705, 68, 318
[2024-03-22 16:46:10] [world] The Player <hexa> has left at 1000104, 64, 999998
[2024-03-22 16:51:08] [world] The Player <Brycethelegend> has left at -1171, 49, -420
[2024-03-22 16:51:23] [world] The Player <Tester> has left at -573, 68, 316
[2024-03-22 16:51:46] [world] The Player <qwerty> has left at -791, 7, -727
[2024-03-22 16:54:27] [world_the_end] The Player <Tester> has left at 29, 63, 10
[2024-03-22 16:54:34] [world] The Player <Pog4lifepeople> has left at 512, 104, 2246
[2024-03-22 16:54:36] [world] The Player <Rip_WillOfTheD> has left at -567, 69, 325
[2024-03-22 16:54:48] [world_the_end] The Player <Tester> has left at 29, 63, 10
[2024-03-22 16:55:21] [world] The Player <Tester> has left at -573, 69, 318
[2024-03-22 16:55:29] [world] The Player <VeerIsKKK> has left at -575, 69, 320
[2024-03-22 16:55:30] [world] The Player <A_Random_Person> has left at -1154, 64, -444
[2024-03-22 16:55:31] [world] The Player <digbick> has left at -712, 68, 315
[2024-03-22 16:55:58] [world] The Player <SPADE> has left at -650, 64, -789
[2024-03-22 16:56:02] [world_nether] The Player <qwerty> has left at -38, 76, -16
[2024-03-22 16:58:32] [world] The Player <Tester> has left at -10182, 60, 4119
[2024-03-22 17:03:21] [world_the_end] The Player <qwerty> has left at 97, 49, 0
[2024-03-22 17:03:28] [world] The Player <SPADE> has left at -649, 64, -789
[2024-03-22 17:07:03] [world_the_end] The Player <qwerty> has left at 96, 50, 1
[2024-03-22 17:07:10] [world] The Player <A_Random_Person> has left at -1154, 64, -442
[2024-03-22 17:08:47] [world] The Player <digbick> has left at -710, 68, 312
[2024-03-22 17:08:47] [world_the_end] The Player <Tester> has left at 80, 41, 27
[2024-03-22 17:08:50] [world] The Player <Rip_WillOfTheD> has left at -571, 69, 315
[2024-03-22 17:09:49] [world] The Player <qwerty> has left at -572, 69, 306
[2024-03-22 17:10:07] [world_the_end] The Player <Tester> has left at 84, 42, 19
[2024-03-22 17:10:31] [world] The Player <Tester> has left at 510, 102, 2240
[2024-03-22 17:10:32] [world] The Player <Rip_WillOfTheD> has left at -573, 68, 316
[2024-03-22 17:10:35] [world] The Player <VeerIsKKK> has left at 511, 102, 2240
[2024-03-22 17:11:23] [world] The Player <VeerIsKKK> has left at 512, 104, 2242
[2024-03-22 17:14:23] [world] The Player <I_am_amazing> has left at 100, 10, 142
[2024-03-22 17:14:28] [world] The Player <digbick> has left at -712, 91, 313
[2024-03-22 17:14:30] [world] The Player <stealthassasin32> has left at -536, 73, 223
[2024-03-22 17:14:31] [world] The Player <Pog4lifepeople> has left at 1000574, 66, 1000286
[2024-03-22 17:15:37] [world] The Player <I_am_amazing> has left at 100, 10, 100
[2024-03-22 17:22:16] [world] The Player <stealthassasin32> has left at 1000847, 60, 1000388
[2024-03-22 17:26:54] [world] The Player <digbick> has left at -709, 91, 314
[2024-03-22 17:29:12] [world] The Player <Tester> has left at 1000570, 68, 1000292
[2024-03-22 17:30:54] [world] The Player <Pog4lifepeople> has left at 1000572, 66, 1000281
[2024-03-22 17:31:05] [world] The Player <VeerIsKKK> has left at 512, 104, 2245
[2024-03-22 17:31:25] [world] The Player <Rip_WillOfTheD> has left at 1000569, 66, 1000289
[2024-03-22 17:33:29] [world] The Player <Pog4lifepeople> has left at 1000566, 66, 1000290
[2024-03-22 17:38:41] [world] The Player <stealthassasin32> has left at -662, 75, -778
[2024-03-22 17:45:06] [world] The Player <VeerIsKKK> has left at -581, 65, 245
[2024-03-22 17:46:04] [world] The Player <Rip_WillOfTheD> has left at -573, 68, 316
[2024-03-22 17:46:09] [world] The Player <Pog4lifepeople> has left at 1000561, 66, 1000289
[2024-03-22 17:47:36] [world_nether] The Player <qwerty> has left at -235, 51, -15
[2024-03-22 17:52:43] [world] The Player <SPADE> has left at -648, 62, -790
[2024-03-22 17:55:12] [world] The Player <I_am_amazing> has left at -40, 7, -85
[2024-03-22 17:56:48] [world_the_end] The Player <qwerty> has left at -10, 59, 1
[2024-03-22 17:57:13] [world] The Player <Pog4lifepeople> has left at 1000566, 68, 1000292
[2024-03-22 18:02:34] [world] The Player <VeerIsKKK> has left at -557, 68, 261
[2024-03-22 18:03:03] [world] The Player <Rip_WillOfTheD> has left at -573, 68, 316
[2024-03-22 18:03:18] [world] The Player <Rip_WillOfTheD> has left at -573, 68, 316
[2024-03-22 18:05:16] [world] The Player <Pog4lifepeople> has left at 1000572, 67, 1000280
[2024-03-22 18:05:20] [world_the_end] The Player <qwerty> has left at 77, 49, -8
[2024-03-22 18:05:26] [world] The Player <Rip_WillOfTheD> has left at 1000571, 66, 1000281
[2024-03-22 18:09:24] [world] The Player <SPADE> has left at -649, 63, -787
[2024-03-22 18:12:55] [world] The Player <I_am_amazing> has left at -600043, 12, 4037
[2024-03-22 18:13:56] [world] The Player <A_Random_Person> has left at -550, 88, 244
[2024-03-22 18:15:06] [world_the_end] The Player <qwerty> has left at 60, 37, 88
[2024-03-22 18:19:45] [world_the_end] The Player <qwerty> has left at 77, 27, -13
[2024-03-22 18:21:23] [world] The Player <qwerty> has left at -573, 68, 316
[2024-03-22 18:39:37] [world] The Player <digbick> has left at -702, 91, 314
[2024-03-22 18:45:42] [world] The Player <NezukoChan> has left at 1800, 38, 288
[2024-03-22 18:55:05] [world] The Player <NezukoChan> has left at 1800, 38, 288
[2024-03-22 18:56:26] [world] The Player <NezukoChan> has left at 1800, 38, 292
[2024-03-22 19:02:33] [world] The Player <astronomy> has left at -688, 71, 305
[2024-03-22 19:04:55] [world_nether] The Player <qwerty> has left at -141, 67, -100
[2024-03-22 19:12:33] [world_nether] The Player <qwerty> has left at -145, 68, -95
[2024-03-22 19:39:01] [world_nether] The Player <qwerty> has left at -140, 67, -102
[2024-03-22 19:49:25] [world] The Player <astronomy> has left at 1800, 38, 285
[2024-03-22 19:57:59] [world] The Player <astronomy> has left at 1800, 38, 285
[2024-03-22 20:01:47] [world] The Player <virt360> has left at -547, 64, 288
[2024-03-22 20:16:57] [world] The Player <Clownpierce> has left at -10159, 63, 4100
[2024-03-22 20:18:41] [world] The Player <Mudkips_Rule> has left at -1169, 49, -441
[2024-03-22 20:24:50] [world] The Player <Clownpierce> has left at -10191, 64, 4017
[2024-03-22 20:29:07] [world] The Player <Clownpierce> has left at -10180, 63, 3944
[2024-03-22 20:41:21] [world] The Player <NezukoChan> has left at -1169, 49, -426
[2024-03-22 20:46:39] [world] The Player <Heinrich_Himmler> has left at -529, 193, 287
[2024-03-22 20:50:50] [world_the_end] The Player <Heinrich_Himmler> has left at 97, 49, -1
[2024-03-22 20:52:03] [world] The Player <Mudkips_Rule> has left at -1358, 67, -244
[2024-03-22 20:59:49] [world] The Player <digbick> has left at -709, 93, 313
[2024-03-22 21:01:11] [world_the_end] The Player <Tester> has left at -166, 60, 42
[2024-03-22 21:02:19] [world_nether] The Player <Heinrich_Himmler> has left at 12502, 128, 2
[2024-03-22 21:12:30] [world] The Player <Mudkips_Rule> has left at -1169, 48, -434
[2024-03-22 21:12:31] [world] The Player <Tester> has left at -10172, 64, 4120
[2024-03-22 21:17:30] [world_nether] The Player <Heinrich_Himmler> has left at 12497, 128, 1
[2024-03-22 21:19:20] [world] The Player <Mudkips_Rule> has left at -1170, 49, -430
[2024-03-22 21:27:44] [world] The Player <Tester> has left at -691, 67, 313
[2024-03-22 21:28:36] [world] The Player <Mudkips_Rule> has left at -1154, 64, -440
[2024-03-22 21:32:50] [world] The Player <Mudkips_Rule> has left at -1170, 49, -417
[2024-03-22 21:35:40] [world] The Player <Mudkips_Rule> has left at -1170, 49, -417
[2024-03-22 21:42:02] [world] The Player <Kidden> has left at -570, 85, 324
[2024-03-22 21:45:18] [world] The Player <Kidden> has left at -570, 85, 324
[2024-03-22 21:54:48] [world] The Player <caiden> has left at -569, 84, 313
[2024-03-22 22:11:43] [world_the_end] The Player <Mudkips_Rule> has left at 41, 62, 33
[2024-03-22 22:16:14] [world] The Player <Marshtomp12345> has left at -545, 64, 292
[2024-03-22 22:46:41] [world_nether] The Player <Heinrich_Himmler> has left at 12503, 128, 1
[2024-03-22 23:22:34] [world_nether] The Player <qwerty> has left at 462, 65, -198
[2024-03-22 23:36:16] [world] The Player <idkwhattoputhere> has left at -1169, 49, -427
[2024-03-22 23:41:54] [world] The Player <NezukoChan> has left at -10172, 64, 4121
[2024-03-22 23:42:52] [world_the_end] The Player <Heinrich_Himmler> has left at -19, 57, -64
[2024-03-22 23:53:17] [world_the_end] The Player <Mudkips_Rule> has left at 41, 62, 33
[2024-03-23 00:08:48] [world] The Player <Mudkips_Rule> has left at -633, 67, 375
[2024-03-23 00:45:10] [world] The Player <Marshtomp12345> has left at -1156, 6, -466
[2024-03-23 00:48:34] [world] The Player <Marshtomp12345> has left at -1147, 5, -463
[2024-03-23 00:51:17] [world] The Player <Marshtomp12345> has left at -1136, 5, -424
[2024-03-23 01:20:28] [world] The Player <Tester> has left at -1171, 49, -432
[2024-03-23 01:23:46] [world] The Player <NezukoChan> has left at -1157, 61, -442
[2024-03-23 01:31:55] [world_nether] The Player <Tester> has left at -133, 67, -122
[2024-03-23 01:35:48] [world_nether] The Player <Mudkips_Rule> has left at -155, 67, -100
[2024-03-23 01:38:29] [world] The Player <Tester> has left at -10170, 64, 4118
[2024-03-23 01:38:56] [world_nether] The Player <Mudkips_Rule> has left at -148, 66, -101
[2024-03-23 01:41:37] [world_nether] The Player <Mudkips_Rule> has left at -147, 67, -101
[2024-03-23 01:43:11] [world] The Player <Tester> has left at -10169, 64, 4125
[2024-03-23 01:44:32] [world] The Player <NezukoChan> has left at -10169, 64, 4125
[2024-03-23 01:58:08] [world] The Player <Tester> has left at -557, 88, 279
[2024-03-23 01:59:28] [world] The Player <Tester> has left at -563, 89, 284
[2024-03-23 02:13:32] [world] The Player <Marshtomp12345> has left at -579, 56, 333
[2024-03-23 02:14:04] [world] The Player <Mudkips_Rule> has left at -543, 92, 259
[2024-03-23 02:18:46] [world_the_end] The Player <Heinrich_Himmler> has left at -13, 78, -63
[2024-03-23 02:24:23] [world] The Player <A_Random_Person> has left at -549, 88, 254
[2024-03-23 03:17:40] [world_nether] The Player <Heinrich_Himmler> has left at 12463, 127, -1
[2024-03-23 04:10:27] [world] The Player <digbick> has left at -696, 77, 314
[2024-03-23 04:57:11] [world] The Player <digbick> has left at -527, 64, 88
[2024-03-23 06:30:07] [world_the_end] The Player <GolemDaWanderer> has left at -165, 57, 35
[2024-03-23 11:56:44] [world] The Player <NezukoChan> has left at -10161, 13, 4076
[2024-03-23 12:25:17] [world] The Player <Tester> has left at -561, 88, 270
[2024-03-23 12:38:42] [world] The Player <caeso> has left at -583, 68, 304
[2024-03-23 12:47:33] [world] The Player <NezukoChan> has left at -10160, 63, 4121
[2024-03-23 13:17:39] [world] The Player <Tester> has left at -561, 88, 264
[2024-03-23 13:24:48] [world] The Player <Mudkips_Rule> has left at -1099, 69, -582
[2024-03-23 13:26:54] [world] The Player <Mudkips_Rule> has left at -1163, 48, -430
[2024-03-23 13:27:59] [world] The Player <Mudkips_Rule> has left at -1163, 48, -430
[2024-03-23 13:42:11] [world] The Player <NezukoChan> has left at -10158, 63, 4122
[2024-03-23 14:15:55] [world] The Player <Marshtomp12345> has left at -556, 32, 336
[2024-03-23 14:16:02] [world] The Player <Mudkips_Rule> has left at -591, 67, 238
[2024-03-23 15:20:00] [world] The Player <NezukoChan> has left at -10180, 63, 4108
[2024-03-23 15:20:42] [world] The Player <character> has left at -372, 78, -76
[2024-03-23 15:23:18] [world] The Player <character> has left at -371, 88, -19
[2024-03-23 15:56:10] [world] The Player <NezukoChan> has left at -10168, 64, 4128
[2024-03-23 16:22:01] [world] The Player <NezukoChan> has left at -10175, 63, 4116
[2024-03-23 17:21:04] [world] The Player <Tester> has left at -10251, 64, 4098
[2024-03-23 17:23:27] [world] The Player <Tester> has left at -10255, 64, 4101
[2024-03-23 17:31:56] [world] The Player <Tester> has left at -10244, 65, 4104
[2024-03-23 17:46:38] [world] The Player <Tester> has left at -10351, 63, 4071
[2024-03-23 17:48:31] [world] The Player <NezukoChan> has left at -10176, 64, 4117
[2024-03-23 17:49:18] [world] The Player <Tester> has left at 9985, 68, -9999
[2024-03-23 17:56:33] [world] The Player <Tester> has left at -10113, 68, 4154
[2024-03-23 18:31:58] [world] The Player <Tester> has left at -10244, 64, 4112
[2024-03-23 18:39:22] [world] The Player <Tester> has left at -10167, 63, 4116
[2024-03-23 18:43:58] [world] The Player <Marshtomp12345> has left at -1163, 9, -388
[2024-03-23 18:44:43] [world] The Player <Marshtomp12345> has left at -1163, 9, -388
[2024-03-23 18:45:44] [world] The Player <NezukoChan> has left at -10172, 64, 4121
[2024-03-23 18:47:39] [world] The Player <Tester> has left at -10248, 61, 4097
[2024-03-23 19:06:15] [world] The Player <Tester> has left at -10169, 64, 4117
[2024-03-23 19:21:23] [world] The Player <Tester> has left at -10245, 62, 4096
[2024-03-23 19:26:57] [world] The Player <NezukoChan> has left at -10208, 64, 4143
[2024-03-23 19:27:17] [world] The Player <NezukoChan> has left at -10208, 64, 4143
[2024-03-23 19:32:14] [world] The Player <Marshtomp12345> has left at -566, 69, 316
[2024-03-23 19:32:18] [world] The Player <Mudkips_Rule> has left at -585, 68, 240
[2024-03-23 19:35:22] [world] The Player <Mudkips_Rule> has left at -1155, 63, -442
[2024-03-23 19:44:27] [world] The Player <Mudkips_Rule> has left at -1154, 64, -442
[2024-03-23 19:44:28] [world] The Player <Marshtomp17> has left at -564, 82, 323
[2024-03-23 20:20:44] [world] The Player <Tester> has left at -10250, 64, 4095
[2024-03-23 20:26:02] [world] The Player <Tester> has left at -10244, 64, 4095
[2024-03-23 20:33:34] [world] The Player <Tester> has left at -10247, 67, 4103
[2024-03-23 20:35:43] [world] The Player <Tester> has left at -10248, 64, 4102
[2024-03-23 20:39:13] [world] The Player <NezukoChan> has left at -10254, 64, 4096
[2024-03-23 20:57:26] [world_nether] The Player <Tester> has left at 2613, 128, 0
[2024-03-23 20:57:35] [world_nether] The Player <NezukoChan> has left at 2415, 128, 0
[2024-03-23 21:22:03] [world_nether] The Player <Heinrich_Himmler> has left at 777, 128, 0
[2024-03-23 21:25:41] [world_nether] The Player <NezukoChan> has left at 2492, 128, -1
[2024-03-23 21:26:34] [world_nether] The Player <Tester> has left at 2526, 128, 0
[2024-03-23 21:50:59] [world_nether] The Player <Tester> has left at 5910, 128, 2
[2024-03-23 22:01:11] [world] The Player <NezukoChan> has left at -10183, 64, 4107
[2024-03-23 22:08:08] [world] The Player <NezukoChan> has left at -10183, 64, 4107
[2024-03-23 22:11:35] [world] The Player <Tester> has left at -10186, 63, 4091
[2024-03-23 22:32:04] [world] The Player <Tester> has left at -10226, 69, 4104
[2024-03-23 23:03:57] [world] The Player <Tester> has left at -10222, 68, 4141
[2024-03-23 23:10:06] [world] The Player <Tester> has left at -10221, 67, 4138
[2024-03-24 00:01:45] [world] The Player <Marshtomp17> has left at -1154, 64, -442
[2024-03-24 00:02:13] [world] The Player <Marshtomp17> has left at -1154, 64, -442
[2024-03-24 00:03:20] [world] The Player <Marshtomp17> has left at -1154, 64, -442
[2024-03-24 00:08:55] [world] The Player <Tester> has left at -1152, 65, -440
[2024-03-24 00:09:07] [world_the_end] The Player <Heinrich_Himmler> has left at 74, 49, -13
[2024-03-24 00:22:50] [world] The Player <NezukoChan> has left at -596, 61, 209
[2024-03-24 01:03:13] [world_the_end] The Player <Heinrich_Himmler> has left at -8, 50, -51
[2024-03-24 01:08:56] [world] The Player <Mudkips_Rule> has left at -570, 78, 254
[2024-03-24 01:08:56] [world] The Player <Marshtomp17> has left at -567, 78, 257
[2024-03-24 01:15:08] [world] The Player <Tester> has left at -10175, 64, 4155
[2024-03-24 01:18:54] [world] The Player <A_Random_Person> has left at -549, 92, 258
[2024-03-24 01:25:53] [world] The Player <A_Random_Person> has left at -548, 88, 253
[2024-03-24 02:28:55] [world] The Player <Tester> has left at -10195, 65, 4150
[2024-03-24 02:47:52] [world] The Player <Tester> has left at -10188, 64, 4153
[2024-03-24 02:52:36] [world] The Player <Tester> has left at -10193, 64, 4150
[2024-03-24 02:58:25] [world] The Player <Tester> has left at -10196, 64, 4152
[2024-03-24 03:07:07] [world] The Player <A_Random_Person> has left at -548, 88, 255
[2024-03-24 03:12:58] [world] The Player <Tester> has left at -1536, 50, -117
[2024-03-24 03:27:50] [world] The Player <Tester> has left at -10205, 64, 4155
[2024-03-24 03:33:52] [world] The Player <Tester> has left at -10200, 64, 4134
[2024-03-24 03:37:32] [world] The Player <Tester> has left at -10188, 64, 4152
[2024-03-24 05:13:12] [world] The Player <GolemDaWanderer> has left at -573, 68, 316
[2024-03-24 05:50:58] [world] The Player <GolemDaWanderer> has left at -712, 67, 313
[2024-03-24 11:32:12] [world] The Player <Tester> has left at -10188, 64, 4156
[2024-03-24 12:08:39] [world] The Player <Tester> has left at -10172, 63, 4115
[2024-03-24 12:09:31] [world] The Player <Tester> has left at -10176, 64, 4116
[2024-03-24 12:11:10] [world] The Player <NezukoChan> has left at -10177, 63, 4114
[2024-03-24 12:25:28] [world] The Player <NezukoChan> has left at -10215, 67, 4160
[2024-03-24 12:38:04] [world] The Player <Tester> has left at -10198, 62, 4102
[2024-03-24 12:42:10] [world] The Player <Brycethelegend> has left at -1170, 49, -420
[2024-03-24 12:55:14] [world_nether] The Player <Brycethelegend> has left at -106, 83, -103
[2024-03-24 12:58:39] [world] The Player <NezukoChan> has left at -10166, 64, 4127
[2024-03-24 13:05:40] [world] The Player <Tester> has left at -10188, 64, 4071
[2024-03-24 13:22:19] [world] The Player <Tester> has left at -10200, 66, 4076
[2024-03-24 13:30:36] [world] The Player <SPADE> has left at -667, 97, -784
[2024-03-24 13:43:53] [world] The Player <A_Random_Person> has left at -548, 88, 255
[2024-03-24 13:44:29] [world] The Player <NezukoChan> has left at -10177, 63, 4113
[2024-03-24 14:37:25] [world] The Player <NezukoChan> has left at -10172, 64, 4118
[2024-03-24 14:38:57] [world] The Player <Milk_Frogw> has left at -566, 83, 314
[2024-03-24 15:04:48] [world] The Player <Tester> has left at -10208, 64, 3971
[2024-03-24 15:17:43] [world] The Player <Tester> has left at -10176, 64, 4116
[2024-03-24 15:26:20] [world] The Player <Tester> has left at -10245, 64, 4096
[2024-03-24 15:26:29] [world] The Player <GolemDaWanderer> has left at -10245, 64, 4099
[2024-03-24 15:31:12] [world] The Player <Tester> has left at -10188, 64, 4155
[2024-03-24 15:51:17] [world_the_end] The Player <Heinrich_Himmler> has left at -14, 90, -66
[2024-03-24 15:51:50] [world_the_end] The Player <Heinrich_Himmler> has left at -14, 90, -66
[2024-03-24 15:58:11] [world_the_end] The Player <Heinrich_Himmler> has left at -11, 91, -68
[2024-03-24 15:59:02] [world_the_end] The Player <Heinrich_Himmler> has left at -11, 90, -66
[2024-03-24 16:14:43] [world] The Player <GolemDaWanderer> has left at 9999, 66, -9998
[2024-03-24 16:33:30] [world] The Player <Tester> has left at -10258, 64, 4103
[2024-03-24 16:38:28] [world] The Player <Tester> has left at -10273, 64, 4086
[2024-03-24 16:39:59] [world] The Player <YeegDarver841> has left at -573, 86, 319
[2024-03-24 16:43:06] [world] The Player <GolemDaWanderer> has left at -10173, 63, 4112
[2024-03-24 16:49:22] [world] The Player <Tester> has left at -10270, 64, 4077
[2024-03-24 17:02:26] [world] The Player <Tester> has left at -10274, 58, 4075
[2024-03-24 17:48:03] [world] The Player <Tester> has left at -10297, 30, 4029
[2024-03-24 18:00:41] [world] The Player <Tester> has left at -10301, 48, 4028
[2024-03-24 18:03:02] [world] The Player <Tester> has left at -10298, 48, 4030
[2024-03-24 18:08:33] [world] The Player <Tester> has left at -10299, 25, 4035
[2024-03-24 18:16:05] [world] The Player <Tester> has left at -10298, 48, 4027
[2024-03-24 18:17:41] [world] The Player <Tester> has left at -10298, 48, 4027
[2024-03-24 18:18:22] [world] The Player <Tester> has left at -10298, 48, 4027
[2024-03-24 18:18:33] [world] The Player <Tester> has left at -10298, 48, 4027
[2024-03-24 18:21:53] [world] The Player <GolemDaWanderer> has left at -10176, 63, 4112
[2024-03-24 18:22:00] [world] The Player <Tester> has left at -10176, 63, 4112
[2024-03-24 18:27:24] [world] The Player <Tester> has left at -10296, 48, 4029
[2024-03-24 18:33:13] [world] The Player <Tester> has left at -10296, 47, 4029
[2024-03-24 18:35:32] [world] The Player <Tester> has left at -10303, 48, 4026
[2024-03-24 18:37:12] [world] The Player <Tester> has left at -10303, 48, 4026
[2024-03-24 18:43:15] [world] The Player <Tester> has left at -10301, 48, 4033
[2024-03-24 18:46:47] [world] The Player <Tester> has left at -10298, 48, 4031
[2024-03-24 18:49:26] [world] The Player <Tester> has left at -10298, 48, 4031
[2024-03-24 18:56:47] [world] The Player <xcpc> has left at -562, 64, 462
[2024-03-24 19:06:14] [world] The Player <GolemDaWanderer> has left at -10175, 64, 4117
[2024-03-24 19:21:50] [world] The Player <Tester> has left at -10297, 43, 4032
[2024-03-24 19:30:57] [world] The Player <Tester> has left at -10298, 35, 4028
[2024-03-24 19:40:36] [world] The Player <Tester> has left at -10299, 42, 4024
[2024-03-24 19:43:39] [world] The Player <Tester> has left at -10299, 48, 4030
[2024-03-24 20:03:28] [world_the_end] The Player <GolemDaWanderer> has left at 36, 63, 22
[2024-03-24 20:08:31] [world] The Player <Tester> has left at -10300, 36, 4028
[2024-03-24 20:13:16] [world] The Player <Tester> has left at -10297, 35, 4028
[2024-03-24 20:13:16] [world] The Player <xcpc> has left at -599, 75, 480
[2024-03-24 20:22:56] [world] The Player <xcpc> has left at -576, 64, 404
[2024-03-24 20:24:40] [world] The Player <Tester> has left at -10291, 35, 4029
[2024-03-24 20:29:22] [world] The Player <Tester> has left at -10296, 35, 4029
[2024-03-24 20:31:56] [world] The Player <Heinrich_Himmler> has left at -562, 68, 257
[2024-03-24 21:10:58] [world] The Player <Tester> has left at -10298, 35, 4030
[2024-03-24 21:13:33] [world] The Player <NezukoChan> has left at -10160, 63, 4120
