[2024-03-24 21:54:49] [world] The Player <Tester> has left at -565, 68, 257
[2024-03-24 21:55:03] [world] The Player <YeeDarvler839> has left at -566, 83, 311
[2024-03-24 21:55:14] [world] The Player <xcpc> has left at -590, 64, 394
[2024-03-24 21:57:45] [world] The Player <Tester> has left at -586, 68, 273
[2024-03-24 21:58:28] [world] The Player <Tester> has left at -594, 68, 274
[2024-03-24 22:01:40] [world] The Player <Tester> has left at -10298, 35, 4027
[2024-03-24 22:04:52] [world] The Player <NezukoChan> has left at -10301, 37, 4028
[2024-03-24 22:14:29] [world] The Player <Tester> has left at -10300, 36, 4028
[2024-03-24 22:14:44] [world] The Player <GolemDaWanderer> has left at -10298, 35, 4030
[2024-03-24 22:14:58] [world] The Player <Tester> has left at -10298, 35, 4028
[2024-03-24 22:18:14] [world] The Player <GolemDaWanderer> has left at -10301, 39, 4029
[2024-03-24 22:19:56] [world] The Player <Tester> has left at -10298, 35, 4028
[2024-03-24 22:24:02] [world] The Player <NezukoChan> has left at -10301, 35, 4028
[2024-03-24 22:25:36] [world] The Player <NezukoChan> has left at -10299, 35, 4025
[2024-03-24 22:29:25] [world_nether] The Player <Brycethelegend> has left at -133, 66, -84
[2024-03-24 22:34:52] [world] The Player <NezukoChan> has left at -10301, 39, 4029
[2024-03-24 23:21:04] [world] The Player <NezukoChan> has left at -10171, 63, 4116
[2024-03-24 23:25:53] [world] The Player <Tester> has left at -573, 68, 260
[2024-03-24 23:42:17] [world] The Player <GolemDaWanderer> has left at -10170, 64, 4117
[2024-03-24 23:55:08] [world_the_end] The Player <Heinrich_Himmler> has left at -13, 86, -66
[2024-03-25 00:33:47] [world] The Player <NezukoChan> has left at -10160, 63, 4112
[2024-03-25 00:52:36] [world] The Player <Brycethelegend> has left at -1356, 63, -265
[2024-03-25 01:09:11] [world] The Player <Brycethelegend> has left at -1278, 73, -225
[2024-03-25 02:05:28] [world] The Player <NezukoChan> has left at -10184, 63, 4106
[2024-03-25 02:19:54] [world_nether] The Player <Heinrich_Himmler> has left at -4, 75, 0
[2024-03-25 02:44:17] [world] The Player <NezukoChan> has left at -10185, 63, 4104
[2024-03-25 03:29:13] [world] The Player <GolemDaWanderer> has left at -10210, 66, 4185
[2024-03-25 11:16:25] [world] The Player <GolemDaWanderer> has left at -10210, 66, 4185
[2024-03-25 13:07:55] [world] The Player <NezukoChan> has left at -10185, 63, 4104
[2024-03-25 13:24:33] [world] The Player <NezukoChan> has left at -10201, 66, 4085
[2024-03-25 13:44:07] [world] The Player <NezukoChan> has left at -10172, 64, 4120
[2024-03-25 16:29:28] [world] The Player <Tester> has left at -573, 68, 260
[2024-03-25 16:57:15] [world] The Player <xcpc> has left at -775, 55, 311
[2024-03-25 18:54:31] [world] The Player <NezukoChan> has left at -10172, 64, 4120
[2024-03-25 20:09:19] [world] The Player <GolemDaWanderer> has left at -10174, 64, 4116
