[2024-03-25 21:21:51] [world] The Player <NezukoChan> has left at -10218, 67, 4088
[2024-03-25 21:58:43] [world] The Player <NezukoChan> has left at -10185, 63, 4111
[2024-03-25 22:43:48] [world] The Player <Tester> has left at -10177, 60, 4121
[2024-03-25 22:45:05] [world] The Player <Tester> has left at -10186, 60, 4120
[2024-03-25 22:56:12] [world] The Player <Marshtomp17> has left at -575, 78, 251
[2024-03-25 22:56:14] [world] The Player <Mudkips_Rule> has left at -577, 78, 251
[2024-03-25 23:01:53] [world] The Player <NezukoChan> has left at -10160, 63, 4117
[2024-03-25 23:17:58] [world_the_end] The Player <TurtleDuck> has left at -40, 64, -7
[2024-03-25 23:21:26] [world] The Player <GolemDaWanderer> has left at -10183, 60, 4119
[2024-03-25 23:23:20] [world] The Player <NezukoChan> has left at -10171, 62, 4117
[2024-03-26 00:01:10] [world] The Player <GolemDaWanderer> has left at 9994, 71, -9911
[2024-03-26 00:03:27] [world] The Player <NezukoChan> has left at 9990, 72, -9931
[2024-03-26 00:38:36] [world] The Player <Mudkips_Rule> has left at -577, 78, 251
[2024-03-26 00:47:56] [world] The Player <hexa> has left at 1000054, 64, 999969
[2024-03-26 01:06:31] [world] The Player <Marshtomp17> has left at -1169, 49, -430
[2024-03-26 01:33:12] [world] The Player <Marshtomp17> has left at -573, 68, 315
[2024-03-26 01:41:17] [world] The Player <GolemDaWanderer> has left at 9999, 66, -9996
[2024-03-26 01:41:17] [world] The Player <Marshtomp17> has left at -575, 78, 246
[2024-03-26 01:41:18] [world] The Player <NezukoChan> has left at -573, 78, 251
[2024-03-26 01:43:00] [world] The Player <NezukoChan> has left at -578, 78, 252
[2024-03-26 01:45:40] [world] The Player <Marshtomp17> has left at -580, 78, 251
[2024-03-26 01:45:43] [world] The Player <Mudkips_Rule> has left at -580, 78, 249
[2024-03-26 01:46:05] [world] The Player <GolemDaWanderer> has left at 10027, 64, -10006
[2024-03-26 03:05:38] [world] The Player <GolemDaWanderer> has left at 9980, 68, -10001
[2024-03-26 11:27:06] [world] The Player <GolemDaWanderer> has left at 10009, 65, -9939
[2024-03-26 12:07:00] [world] The Player <Tester> has left at -10173, 63, 4112
[2024-03-26 12:56:04] [world] The Player <Tester> has left at -10301, 36, 4028
[2024-03-26 13:04:32] [world] The Player <NezukoChan> has left at -562, 66, 291
[2024-03-26 13:07:19] [world] The Player <Tester> has left at -10301, 36, 4028
[2024-03-26 13:40:12] [world] The Player <hexa> has left at -466, 11, 431
[2024-03-26 13:41:23] [world] The Player <NezukoChan> has left at -543, 69, 317
[2024-03-26 13:45:21] [world] The Player <NezukoChan> has left at -556, 56, 321
[2024-03-26 19:15:32] [world] The Player <GolemDaWanderer> has left at 10001, 66, -9968
[2024-03-26 20:22:46] [world] The Player <GolemDaWanderer> has left at 10001, 66, -9968
[2024-03-26 21:02:43] [world] The Player <Tester> has left at -10301, 36, 4028
[2024-03-26 21:12:29] [world] The Player <GolemDaWanderer> has left at -578, 88, 255
[2024-03-26 21:12:36] [world] The Player <Tester> has left at -578, 88, 258
[2024-03-26 21:16:49] [world] The Player <GolemDaWanderer> has left at -565, 68, 255
[2024-03-26 21:33:16] [world_the_end] The Player <Heinrich_Himmler> has left at -13, 57, -61
[2024-03-26 21:35:43] [world_the_end] The Player <Heinrich_Himmler> has left at 100, 46, 0
[2024-03-26 21:38:20] [world] The Player <GolemDaWanderer> has left at -564, 68, 287
[2024-03-26 21:51:53] [world] The Player <Tester> has left at -10174, 64, 4127
[2024-03-26 22:25:44] [world] The Player <GolemDaWanderer> has left at -10645, 58, 4298
[2024-03-26 22:25:44] [world] The Player <NezukoChan> has left at -10194, 63, 4075
[2024-03-26 22:33:19] [world] The Player <GolemDaWanderer> has left at -561, 64, 332
[2024-03-26 22:39:55] [world] The Player <Tester> has left at -642, 77, 314
