[2024-03-26 22:50:10] [world] The Player <Tester> has left at -10164, 71, 4098
[2024-03-26 22:50:25] [world] The Player <Tester_> has left at -10180, 63, 4116
[2024-03-26 22:50:32] [world] The Player <Tester> has left at -10164, 71, 4098
[2024-03-26 22:55:46] [world] The Player <Feather> has left at -567, 83, 312
[2024-03-26 22:57:02] [world] The Player <Tester> has left at -10176, 64, 4125
[2024-03-26 22:57:40] [world] The Player <NezukoChan> has left at -577, 66, 291
[2024-03-26 22:58:58] [world] The Player <Tester> has left at -10176, 64, 4125
[2024-03-26 22:59:42] [world] The Player <Tester> has left at -10176, 64, 4123
[2024-03-26 23:01:25] [world] The Player <Feathery> has left at -576, 66, 298
[2024-03-26 23:01:57] [world] The Player <Tester> has left at -10176, 64, 4123
[2024-03-26 23:03:00] [world] The Player <NezukoChan> has left at -10278, 64, 4101
[2024-03-26 23:19:58] [world_nether] The Player <NezukoChan> has left at -1265, 50, 511
[2024-03-26 23:21:46] [world] The Player <Tester> has left at -604, 68, 315
[2024-03-26 23:27:09] [world] The Player <Tester> has left at -585, 70, 218
[2024-03-26 23:29:19] [world] The Player <Tester> has left at -10181, 61, 4119
[2024-03-26 23:32:00] [world] The Player <GolemDaWanderer> has left at -407, 65, 390
[2024-03-27 00:06:33] [world] The Player <NezukoChan> has left at -10175, 63, 4116
[2024-03-27 01:44:54] [world] The Player <Tester> has left at -10178, 60, 4120
[2024-03-27 02:25:40] [world] The Player <GolemDaWanderer> has left at -413, 64, 383
[2024-03-27 02:25:48] [world] The Player <GolemDaWanderer> has left at -413, 64, 383
[2024-03-27 02:28:36] [world] The Player <GolemDaWanderer> has left at -585, 68, 269
[2024-03-27 02:35:46] [world] The Player <Tester> has left at -617, 68, 279
[2024-03-27 02:38:42] [world] The Player <Tester> has left at -609, 69, 264
[2024-03-27 02:41:48] [world] The Player <Tester> has left at -609, 69, 262
[2024-03-27 02:45:05] [world] The Player <Tester> has left at -609, 69, 256
[2024-03-27 03:01:39] [world] The Player <Tester> has left at -10185, 64, 4119
[2024-03-27 03:21:43] [world] The Player <Tester> has left at -10247, 64, 4112
[2024-03-27 12:19:21] [world] The Player <Tester> has left at -10177, 64, 4123
[2024-03-27 12:22:55] [world] The Player <Tester> has left at -10228, 63, 4043
[2024-03-27 12:32:09] [world] The Player <Tester> has left at -10198, 66, 4047
[2024-03-27 12:37:51] [world] The Player <Tester> has left at -10198, 66, 4047
[2024-03-27 12:38:26] [world] The Player <Tester> has left at -10198, 66, 4047
