[2024-03-27 13:34:44] [world] The Player <Char> has left at -616, 74, 271
[2024-03-27 13:36:11] [world] The Player <Char> has left at -573, 69, 316
[2024-03-27 13:39:27] [world] The Player <Char> has left at -593, 77, 268
[2024-03-27 13:42:18] [world] The Player <Milk_Frog> has left at -580, 67, 278
[2024-03-27 13:55:19] [world] The Player <Char> has left at -525, 99, 299
[2024-03-27 14:41:01] [world] The Player <Milk_Frog> has left at -592, 82, 234
[2024-03-27 14:41:45] [world] The Player <Tester> has left at -591, 68, 239
[2024-03-27 14:43:05] [world] The Player <Tester> has left at -594, 69, 248
[2024-03-27 14:44:00] [world] The Player <Tester> has left at -594, 69, 248
[2024-03-27 14:49:05] [world] The Player <Char> has left at -652, 81, 328
[2024-03-27 14:56:19] [world] The Player <Tester> has left at -596, 68, 370
[2024-03-27 15:01:56] [world] The Player <Milk_Frog> has left at -599, 69, 242
[2024-03-27 15:09:36] [world] The Player <Tester> has left at -591, 68, 349
[2024-03-27 15:10:41] [world] The Player <Char> has left at -647, 81, 330
[2024-03-27 15:11:22] [world] The Player <Tester> has left at -591, 64, 349
[2024-03-27 15:11:22] [world] The Player <Milk_Frog> has left at -595, 70, 297
[2024-03-27 15:12:29] [world] The Player <Char> has left at -647, 81, 330
[2024-03-27 15:12:50] [world] The Player <Milk_Frog> has left at -595, 70, 297
[2024-03-27 15:13:19] [world] The Player <Tester> has left at -587, 68, 350
[2024-03-27 15:19:42] [world] The Player <Tester> has left at -587, 68, 350
[2024-03-27 15:20:28] [world] The Player <Milk_Frog> has left at -595, 70, 297
[2024-03-27 15:20:40] [world] The Player <Char> has left at -647, 81, 330
[2024-03-27 15:41:48] [world] The Player <Tester> has left at -587, 68, 350
[2024-03-27 15:42:08] [world] The Player <Tester> has left at -587, 68, 350
[2024-03-27 15:42:52] [world] The Player <Tester> has left at -587, 68, 350
[2024-03-27 15:43:36] [world] The Player <Tester> has left at -587, 68, 350
[2024-03-27 15:43:56] [world] The Player <Milk_Frog> has left at -595, 70, 297
[2024-03-27 15:44:31] [world] The Player <Char> has left at -647, 81, 330
[2024-03-27 15:45:23] [world] The Player <Char> has left at -637, 82, 310
[2024-03-27 15:55:24] [world] The Player <Milk_Frog> has left at -599, 69, 240
[2024-03-27 16:02:23] [world] The Player <Milk_Frog> has left at -599, 69, 240
[2024-03-27 16:03:36] [world] The Player <Milk_Frog> has left at -599, 69, 240
[2024-03-27 16:10:50] [world] The Player <Char> has left at -637, 82, 310
[2024-03-27 16:10:58] [world] The Player <Char> has left at -637, 82, 310
[2024-03-27 16:12:20] [world] The Player <Milk_Frog> has left at -605, 68, 257
[2024-03-27 16:13:19] [world] The Player <Char> has left at -637, 82, 310
[2024-03-27 16:16:42] [world] The Player <Milk_Frog> has left at -609, 84, 259
[2024-03-27 16:17:11] [world] The Player <Milk_Frog> has left at -608, 84, 252
[2024-03-27 16:34:43] [world] The Player <Tester> has left at -587, 68, 350
[2024-03-27 17:00:41] [world] The Player <Tester> has left at -587, 68, 350
[2024-03-27 17:44:41] [world] The Player <Char> has left at -637, 82, 310
[2024-03-27 17:44:52] [world] The Player <Milk_Frog> has left at -608, 84, 252
[2024-03-27 17:51:47] [world] The Player <Char> has left at -637, 82, 310
[2024-03-27 18:01:40] [world] The Player <Tester> has left at -587, 68, 350
[2024-03-27 18:17:59] [world] The Player <Tester> has left at -587, 68, 350
[2024-03-27 18:20:11] [world] The Player <Tester> has left at -587, 68, 350
[2024-03-27 18:20:39] [world] The Player <Tester> has left at -587, 68, 350
[2024-03-27 18:57:20] [world] The Player <Tester> has left at -586, 71, 346
[2024-03-27 19:02:56] [world] The Player <Tester> has left at -586, 71, 346
[2024-03-27 19:03:37] [world] The Player <Tester> has left at -586, 71, 346
[2024-03-27 19:57:02] [world] The Player <Tester> has left at -594, 73, 251
[2024-03-27 20:01:36] [world] The Player <Tester> has left at -594, 73, 251
[2024-03-27 20:07:21] [world] The Player <Tester> has left at -565, 70, 186
[2024-03-27 20:09:12] [world_the_end] The Player <Tester> has left at -48, 57, -14
[2024-03-27 20:11:51] [world] The Player <Tester> has left at -594, 69, 247
[2024-03-27 20:12:13] [world] The Player <GolemDaWanderer> has left at -600, 69, 246
[2024-03-27 20:12:50] [world] The Player <GolemDaWanderer> has left at -596, 70, 246
[2024-03-27 20:15:57] [world] The Player <Tester> has left at -593, 68, 350
[2024-03-27 20:17:01] [world] The Player <Tester> has left at -567, 71, 362
[2024-03-27 20:34:46] [world] The Player <NezukoChan> has left at -10187, 67, 4048
[2024-03-27 20:35:05] [world] The Player <NezukoChan> has left at -10187, 67, 4048
[2024-03-27 20:41:00] [world] The Player <NezukoChan> has left at -570, 68, 347
[2024-03-27 20:41:45] [world] The Player <NezukoChan> has left at -570, 68, 347
[2024-03-27 21:14:57] [world] The Player <Heinrich_Himmler> has left at -563, 66, 290
[2024-03-27 21:29:49] [world_the_end] The Player <Heinrich_Himmler> has left at -23, 61, -27
[2024-03-27 21:49:35] [world] The Player <Heinrich_Himmler> has left at -604, 68, 346
[2024-03-27 21:58:31] [world] The Player <Heinrich_Himmler> has left at -583, 69, 341
[2024-03-27 21:58:50] [world] The Player <Heinrich_Himmler> has left at -589, 68, 349
[2024-03-27 22:03:51] [world] The Player <Heinrich_Himmler> has left at -580, 69, 347
[2024-03-27 22:19:33] [world] The Player <Tester> has left at -10163, 72, 4099
[2024-03-27 22:23:02] [world] The Player <Tester_> has left at -581, 69, 348
[2024-03-27 22:38:58] [world] The Player <Milk_Frog> has left at -709, 67, 56
[2024-03-27 22:40:36] [world] The Player <Tester> has left at -708, 64, 64
[2024-03-27 22:51:41] [world] The Player <Tester> has left at -730, 66, 23
[2024-03-27 22:53:27] [world] The Player <Tester> has left at -726, 64, 47
[2024-03-27 22:54:53] [world] The Player <Feathery> has left at 1054, 26, 706
[2024-03-27 22:56:18] [world] The Player <Tester> has left at -726, 64, 47
[2024-03-27 23:02:51] [world] The Player <Feathery> has left at 1062, 24, 687
[2024-03-27 23:10:28] [world] The Player <Tester> has left at -680, 64, 209
[2024-03-27 23:10:31] [world] The Player <Feathery> has left at 1060, 62, 709
[2024-03-27 23:13:10] [world] The Player <Tester> has left at 1053, 65, 708
[2024-03-27 23:13:54] [world] The Player <Char> has left at 1049, 70, 715
[2024-03-27 23:13:59] [world] The Player <Feathery> has left at 1048, 70, 716
[2024-03-27 23:14:00] [world] The Player <Tester> has left at 1060, 60, 711
[2024-03-27 23:15:09] [world] The Player <Feathery> has left at 1053, 64, 704
[2024-03-27 23:15:10] [world] The Player <Char> has left at 1053, 60, 715
[2024-03-27 23:18:22] [world] The Player <Feathery> has left at 1057, 58, 712
[2024-03-27 23:18:22] [world] The Player <Char> has left at 1057, 60, 710
[2024-03-27 23:21:45] [world] The Player <Char> has left at 1054, 26, 698
[2024-03-27 23:21:47] [world] The Player <Feathery> has left at 1055, 24, 692
[2024-03-27 23:21:48] [world] The Player <Milk_Frog> has left at 1054, 25, 712
[2024-03-27 23:29:39] [world] The Player <Milk_Frog> has left at 1057, 24, 690
[2024-03-27 23:29:41] [world_nether] The Player <Heinrich_Himmler> has left at -75, 77, 16
[2024-03-27 23:35:18] [world] The Player <NezukoChan> has left at 1055, 25, 696
[2024-03-27 23:38:49] [world] The Player <Char> has left at -584, 67, 301
[2024-03-27 23:40:49] [world_the_end] The Player <NezukoChan> has left at -1, 63, 14
[2024-03-27 23:41:02] [world] The Player <NezukoChanAlt> has left at -573, 86, 307
[2024-03-27 23:50:58] [world_the_end] The Player <Tester> has left at 32, 62, 74
[2024-03-27 23:51:25] [world] The Player <GolemDaWanderer> has left at -548, 63, 365
[2024-03-27 23:53:00] [world_the_end] The Player <Tester> has left at 12, 40, 110
[2024-03-27 23:56:45] [world] The Player <xcpc> has left at -453, 71, 254
[2024-03-27 23:57:16] [world_the_end] The Player <Tester> has left at 27, 63, 78
[2024-03-27 23:58:49] [world_the_end] The Player <NezukoChan> has left at 97, 50, 1
[2024-03-27 23:58:55] [world_the_end] The Player <Feathery> has left at 30, 66, 59
[2024-03-28 00:08:50] [world_the_end] The Player <Tester> has left at -93, 104, -58
[2024-03-28 00:13:31] [world] The Player <GolemDaWanderer> has left at -518, 65, 281
[2024-03-28 00:13:31] [world] The Player <Feathery> has left at -521, 68, 282
[2024-03-28 00:13:31] [world] The Player <Heinrich_Himmler> has left at -517, 65, 310
[2024-03-28 00:13:31] [world] The Player <NezukoChan> has left at -580, 63, 368
[2024-03-28 00:13:47] [world_the_end] The Player <Tester> has left at -65, 104, -39
[2024-03-28 00:13:54] [world_the_end] The Player <Tester> has left at -65, 104, -39
[2024-03-28 00:14:55] [world] The Player <NezukoChan> has left at -674, 71, 366
[2024-03-28 00:15:09] [world] The Player <NezukoChan> has left at -675, 70, 362
[2024-03-28 00:15:15] [world] The Player <Char> has left at -584, 67, 301
[2024-03-28 00:15:27] [world] The Player <NezukoChan> has left at -675, 70, 362
[2024-03-28 00:15:51] [world] The Player <Char> has left at -519, 69, 286
[2024-03-28 00:16:06] [world] The Player <Tester> has left at -519, 61, 283
[2024-03-28 00:16:29] [world] The Player <Feathery> has left at -518, 61, 284
[2024-03-28 00:19:03] [world] The Player <Char> has left at -588, 73, 280
[2024-03-28 00:19:51] [world_nether] The Player <Heinrich_Himmler> has left at 207, 55, 75
[2024-03-28 00:27:20] [world] The Player <xcpc> has left at -444, 59, 244
[2024-03-28 00:27:21] [world] The Player <Tester> has left at -519, 57, 285
[2024-03-28 00:27:52] [world] The Player <Feathery> has left at -524, 74, 285
[2024-03-28 00:31:59] [world] The Player <NezukoChan> has left at -561, 68, 276
[2024-03-28 00:32:56] [world] The Player <NezukoChan> has left at -548, 64, 310
[2024-03-28 00:40:06] [world] The Player <Tester> has left at -10179, 71, 4107
[2024-03-28 00:41:28] [world] The Player <defnotnezuko> has left at -10184, 63, 4102
[2024-03-28 00:41:28] [world] The Player <Feathery> has left at -449, 71, 296
[2024-03-28 00:41:29] [world] The Player <xcpc> has left at -437, 72, 289
[2024-03-28 00:44:13] [world] The Player <Feathery> has left at -10172, 63, 4117
[2024-03-28 00:46:01] [world] The Player <defnotnezuko> has left at -10187, 63, 4101
[2024-03-28 00:46:25] [world] The Player <xcpc> has left at -462, 72, 237
[2024-03-28 00:46:27] [world] The Player <Milk_Frog> has left at -10186, 71, 4106
[2024-03-28 00:46:51] [world] The Player <Feathery> has left at -10175, 64, 4125
[2024-03-28 00:46:54] [world] The Player <ASTRID> has left at -580, 83, 305
[2024-03-28 00:48:50] [world] The Player <Tester> has left at -10179, 71, 4107
[2024-03-28 00:48:58] [world] The Player <Feathery> has left at -598, 78, 256
[2024-03-28 00:49:08] [world] The Player <ASTRID> has left at -580, 83, 305
[2024-03-28 00:50:49] [world] The Player <Milk_Frog> has left at -606, 71, 287
[2024-03-28 00:50:54] [world] The Player <Feathery> has left at -599, 71, 267
[2024-03-28 00:51:13] [world] The Player <Tester> has left at -10181, 63, 4110
[2024-03-28 00:51:13] [world] The Player <Feathery> has left at -593, 71, 261
