[2024-03-28 00:57:03] [world_the_end] The Player <Heinrich_Himmler> has left at -4, 58, -70
[2024-03-28 01:01:53] [world] The Player <Feathery> has left at -605, 79, 272
[2024-03-28 01:08:35] [world_the_end] The Player <Heinrich_Himmler> has left at 3, 58, 66
[2024-03-28 01:11:16] [world_the_end] The Player <Char> has left at -12, 66, -71
[2024-03-28 01:11:30] [world] The Player <xcpc> has left at -453, 71, 255
[2024-03-28 01:34:51] [world] The Player <Tester> has left at -10181, 63, 4110
[2024-03-28 01:38:23] [world] The Player <Tester> has left at -10181, 63, 4110
[2024-03-28 01:45:23] [world] The Player <Feathery> has left at -726, 65, 315
[2024-03-28 01:57:46] [world] The Player <Tester> has left at -10288, 112, 3830
[2024-03-28 01:59:51] [world] The Player <Heinrich_Himmler> has left at -573, 69, 320
[2024-03-28 02:00:57] [world] The Player <Tester> has left at -10325, 76, 3821
[2024-03-28 02:02:57] [world] The Player <Tester> has left at -10345, 68, 3813
[2024-03-28 02:03:49] [world] The Player <Milk_Frog> has left at -595, 70, 252
[2024-03-28 02:24:55] [world_the_end] The Player <Heinrich_Himmler> has left at -25, 58, 8
[2024-03-28 02:59:23] [world_the_end] The Player <Feathery> has left at -110, 1, 338
[2024-03-28 03:04:44] [world] The Player <Tester> has left at 12900800, 90, 1
[2024-03-28 03:04:58] [world] The Player <Heinrich_Himmler> has left at -711, 91, 314
[2024-03-28 03:08:33] [world] The Player <Tester> has left at 12900800, 90, 1
[2024-03-28 03:08:44] [world] The Player <Heinrich_Himmler> has left at -906, 30, 565
[2024-03-28 03:09:23] [world] The Player <Heinrich_Himmler> has left at -906, 30, 565
[2024-03-28 03:09:55] [world] The Player <Tester> has left at -866, 12, 628
[2024-03-28 03:32:25] [world] The Player <Feathery> has left at -637, 73, 189
[2024-03-28 03:45:01] [world] The Player <Feathery> has left at -594, 65, 310
[2024-03-28 04:06:21] [world_the_end] The Player <Feathery> has left at 70, 66, -15
[2024-03-28 04:55:39] [world_the_end] The Player <Milk_Frog> has left at -40, 65, -10
[2024-03-28 05:24:05] [world_the_end] The Player <Feathery> has left at 311, 15, -155
[2024-03-28 05:33:38] [world_the_end] The Player <Feathery> has left at 322, 15, -136
[2024-03-28 12:28:03] [world] The Player <Tester> has left at -580, 69, 339
[2024-03-28 14:12:19] [world] The Player <defnotnezuko> has left at -569, 69, 342
[2024-03-28 14:14:07] [world] The Player <Milk_Frogd> has left at -570, 85, 313
[2024-03-28 14:14:51] [world] The Player <defnotnezuko> has left at -580, 69, 350
[2024-03-28 14:15:53] [world_the_end] The Player <Heinrich_Himmler> has left at 93, 72, -1
[2024-03-28 14:21:05] [world] The Player <Heinrich_Himmler> has left at -808, 73, 655
[2024-03-28 14:24:33] [world] The Player <NezukoChan> has left at -573, 68, 316
[2024-03-28 14:25:22] [world] The Player <Char> has left at -393, 69, -167
[2024-03-28 14:28:54] [world] The Player <Milk_Frog> has left at -601, 75, 269
[2024-03-28 14:44:17] [world] The Player <Char> has left at -435, 65, -133
[2024-03-28 14:48:47] [world] The Player <Char> has left at -435, 65, -132
[2024-03-28 14:59:17] [world] The Player <xcpc> has left at -444, 56, 314
[2024-03-28 15:04:24] [world] The Player <Tester> has left at -428, 10, 284
[2024-03-28 15:04:24] [world] The Player <xcpc> has left at -454, 8, 316
[2024-03-28 15:04:46] [world] The Player <Char> has left at -438, 86, -154
[2024-03-28 15:07:53] [world] The Player <xcpc> has left at -483, 11, 294
[2024-03-28 15:15:43] [world] The Player <xcpc> has left at -452, 71, 254
[2024-03-28 15:16:17] [world] The Player <Char> has left at -570, 72, 310
[2024-03-28 15:18:39] [world] The Player <xcpc> has left at -452, 71, 255
[2024-03-28 15:23:33] [world] The Player <Char> has left at -563, 68, 328
[2024-03-28 15:30:46] [world] The Player <EaglDeev463> has left at -573, 86, 323
[2024-03-28 15:50:22] [world] The Player <Milk_Frog> has left at -596, 68, 288
[2024-03-28 16:08:51] [world] The Player <Milk_Frog> has left at -597, 68, 289
[2024-03-28 16:21:27] [world] The Player <xcpc> has left at -445, 72, 276
[2024-03-28 16:23:20] [world_the_end] The Player <Feathery> has left at 277, 18, -90
[2024-03-28 16:51:43] [world] The Player <GolemDaWanderer> has left at -584, 69, 339
[2024-03-28 16:52:20] [world] The Player <Tester> has left at -585, 69, 341
[2024-03-28 16:59:03] [world_the_end] The Player <Feathery> has left at 281, 24, -114
[2024-03-28 17:03:54] [world] The Player <ASTRID> has left at -545, 68, 245
[2024-03-28 17:05:43] [world] The Player <Tester> has left at -229, 71, 157
[2024-03-28 17:07:04] [world] The Player <Tester> has left at -229, 71, 157
[2024-03-28 17:14:24] [world] The Player <GolemDaWanderer> has left at -581, 69, 340
[2024-03-28 17:14:24] [world] The Player <Tester> has left at -587, 72, 348
[2024-03-28 17:18:51] [world] The Player <Heinrich_Himmler> has left at -603, 68, 302
[2024-03-28 17:22:37] [world] The Player <Milk_Frog> has left at -598, 68, 290
[2024-03-28 17:23:46] [world] The Player <Heinrich_Himmler> has left at -604, 68, 288
[2024-03-28 17:24:36] [world] The Player <Milk_Frog> has left at -611, 72, 295
[2024-03-28 17:33:19] [world] The Player <Tester> has left at -565, 68, 339
[2024-03-28 17:35:16] [world] The Player <GolemDaWanderer> has left at -548, 68, 246
[2024-03-28 17:48:37] [world_nether] The Player <Milk_Frog> has left at -272, 128, -5
[2024-03-28 17:48:53] [world] The Player <GolemDaWanderer> has left at -10195, 58, 4037
[2024-03-28 17:51:48] [world_nether] The Player <Heinrich_Himmler> has left at -326, 53, -96
[2024-03-28 17:58:33] [world] The Player <Milk_Frog> has left at -301, 70, 277
[2024-03-28 18:13:54] [world] The Player <xcpc> has left at -294, 13, 209
[2024-03-28 18:14:21] [world] The Player <xcpc> has left at -294, 13, 209
[2024-03-28 18:35:01] [world] The Player <Milk_Frog> has left at -301, 70, 277
[2024-03-28 18:57:33] [world] The Player <xcpc> has left at -282, 69, 275
[2024-03-28 19:18:42] [world] The Player <Milk_Frog> has left at -301, 70, 277
[2024-03-28 19:22:01] [world] The Player <Milk_Frog> has left at -314, 67, 273
[2024-03-28 19:24:37] [world] The Player <Milk_Frog> has left at -145, 68, 381
[2024-03-28 19:57:32] [world_the_end] The Player <Tester> has left at 294, 29, -164
[2024-03-28 20:03:33] [world] The Player <Tester> has left at -605, 77, 355
[2024-03-28 20:03:34] [world] The Player <Feathery> has left at -605, 71, 359
[2024-03-28 20:03:35] [world] The Player <BTC> has left at -570, 85, 320
[2024-03-28 20:14:05] [world] The Player <Tester> has left at -616, 71, 346
[2024-03-28 20:16:01] [world] The Player <Tester> has left at -603, 68, 287
[2024-03-28 20:16:14] [world] The Player <Feathery> has left at -604, 68, 288
[2024-03-28 20:16:32] [world] The Player <BTC> has left at -694, 17, 303
[2024-03-28 20:21:24] [world] The Player <Tester> has left at -597, 68, 324
[2024-03-28 20:21:24] [world] The Player <Feathery> has left at -602, 73, 349
[2024-03-28 20:21:25] [world] The Player <BTC> has left at -438, 66, 213
[2024-03-28 20:21:54] [world] The Player <BTC> has left at -438, 66, 213
[2024-03-28 20:22:24] [world] The Player <BTC> has left at -405, 64, 205
[2024-03-28 20:26:01] [world] The Player <Char> has left at -563, 68, 328
[2024-03-28 20:27:55] [world] The Player <BTC> has left at 590, 62, 126
[2024-03-28 20:30:07] [world] The Player <Milk_Frog> has left at -617, 72, 252
[2024-03-28 20:30:57] [world] The Player <Tester> has left at -557, 70, 326
[2024-03-28 20:31:19] [world] The Player <Feathery> has left at -608, 74, 340
[2024-03-28 20:35:02] [world] The Player <BTC> has left at 607, 62, 126
[2024-03-28 20:35:33] [world] The Player <Feathery> has left at -606, 78, 352
[2024-03-28 20:39:58] [world] The Player <Feathery> has left at -601, 89, 345
[2024-03-28 20:43:12] [world] The Player <BTC> has left at 782, 27, 142
[2024-03-28 20:44:21] [world] The Player <Tester> has left at -630, 68, 286
[2024-03-28 20:49:19] [world] The Player <BTC> has left at 782, 27, 142
[2024-03-28 20:53:49] [world] The Player <BTC> has left at 722, 11, 71
[2024-03-28 21:05:29] [world] The Player <BTC> has left at 621, 10, 213
[2024-03-28 21:05:31] [world] The Player <Feathery> has left at 621, 11, 216
[2024-03-28 21:10:11] [world] The Player <Feathery> has left at 623, 11, 223
[2024-03-28 21:11:59] [world_the_end] The Player <Char> has left at 279, 52, -59
[2024-03-28 21:12:47] [world_the_end] The Player <BTC> has left at 0, 58, -80
[2024-03-28 21:14:06] [world] The Player <Feathery> has left at -583, 73, 325
[2024-03-28 21:16:00] [world_the_end] The Player <TurtleDuck> has left at -43, 64, -10
[2024-03-28 21:16:34] [world_the_end] The Player <TurtleDuck> has left at -43, 64, -10
[2024-03-28 21:19:22] [world_the_end] The Player <BTC> has left at -8, 57, -73
[2024-03-28 21:21:14] [world_the_end] The Player <BTC> has left at -14, 62, -17
[2024-03-28 21:23:49] [world_the_end] The Player <BTC> has left at -17, 59, 28
[2024-03-28 21:25:06] [world] The Player <BTC> has left at -536, 69, 358
[2024-03-28 21:27:31] [world] The Player <BTC> has left at -554, 62, 435
[2024-03-28 21:30:54] [world] The Player <BTC> has left at -735, 65, 529
[2024-03-28 21:32:01] [world] The Player <BTC> has left at -735, 65, 529
[2024-03-28 21:32:45] [world] The Player <BTC> has left at -735, 65, 529
[2024-03-28 22:00:19] [world] The Player <Feathery> has left at -583, 73, 325
[2024-03-28 22:16:41] [world_the_end] The Player <Feathery> has left at 108, 51, 0
[2024-03-28 22:39:26] [world] The Player <BTC> has left at -572, 69, 314
[2024-03-28 22:39:26] [world] The Player <Feathery> has left at -550, 88, 245
[2024-03-28 22:39:26] [world_the_end] The Player <GolemDaWanderer> has left at 88, 59, -10
[2024-03-28 22:40:05] [world] The Player <BTC> has left at -572, 69, 314
[2024-03-28 22:46:48] [world] The Player <BTC> has left at -724, 65, -25
[2024-03-28 22:48:07] [world] The Player <BTC> has left at -721, 53, -25
[2024-03-28 22:48:35] [world] The Player <BTC> has left at -724, 53, -21
[2024-03-28 22:48:49] [world] The Player <BTC> has left at -724, 53, -21
[2024-03-28 22:50:13] [world] The Player <BTC> has left at -724, 53, -21
[2024-03-28 22:53:40] [world] The Player <NezukoChan> has left at -542, 64, 320
[2024-03-28 23:07:04] [world] The Player <xcpc> has left at -310, 70, 284
[2024-03-28 23:19:53] [world_the_end] The Player <Feathery> has left at 102, 60, 3
[2024-03-28 23:24:15] [world] The Player <xcpc> has left at -312, 74, 272
[2024-03-28 23:28:48] [world] The Player <BTC> has left at -1018, 42, 780
[2024-03-28 23:41:54] [world] The Player <BTC___> has left at -583, 82, 309
[2024-03-28 23:42:05] [world] The Player <BTC___> has left at -583, 82, 309
[2024-03-28 23:42:47] [world] The Player <BTC> has left at -1018, 42, 780
[2024-03-28 23:52:35] [world_the_end] The Player <Feathery> has left at 95, 77, -7
[2024-03-28 23:56:56] [world_the_end] The Player <Feathery> has left at 92, 77, -13
[2024-03-28 23:59:57] [world] The Player <Feathery> has left at 1055, 26, 705
[2024-03-29 00:15:26] [world] The Player <GolemDaWanderer> has left at -10176, 63, 4113
[2024-03-29 00:15:26] [world] The Player <BTC> has left at -1014, 66, 575
[2024-03-29 00:17:25] [world] The Player <BTC> has left at -1040, 68, 579
[2024-03-29 00:17:25] [world] The Player <Tester> has left at -10151, 63, 4116
[2024-03-29 00:17:25] [world] The Player <Feathery> has left at 1056, 39, 713
[2024-03-29 00:17:25] [world] The Player <GolemDaWanderer> has left at -10152, 64, 4119
[2024-03-29 00:18:00] [world] The Player <BTC> has left at -1040, 67, 579
[2024-03-29 00:18:14] [world] The Player <BTC> has left at -1040, 67, 579
[2024-03-29 00:18:47] [world] The Player <GolemDaWanderer> has left at -10184, 64, 4118
[2024-03-29 00:18:49] [world_the_end] The Player <Tester> has left at 102, 50, 5
[2024-03-29 00:18:50] [world] The Player <BTC> has left at -1055, 66, 590
[2024-03-29 00:19:38] [world_the_end] The Player <Char> has left at 280, 56, -78
[2024-03-29 00:19:41] [world_the_end] The Player <Feathery> has left at 84, 79, -19
[2024-03-29 00:19:49] [world_the_end] The Player <Tester> has left at 17, 89, 13
[2024-03-29 00:20:27] [world] The Player <GolemDaWanderer> has left at -10160, 63, 4123
[2024-03-29 00:22:10] [world_the_end] The Player <Feathery> has left at 84, 79, -19
[2024-03-29 00:22:24] [world_the_end] The Player <Char> has left at 280, 56, -78
[2024-03-29 00:23:02] [world_the_end] The Player <Char> has left at 280, 56, -78
[2024-03-29 00:24:48] [world] The Player <BTC> has left at -1999, 62, 536
[2024-03-29 00:28:47] [world] The Player <CharAlt> has left at -555, 68, 266
[2024-03-29 00:29:06] [world_the_end] The Player <Char> has left at 280, 56, -78
[2024-03-29 00:29:28] [world] The Player <BTC> has left at -3004, 64, 524
[2024-03-29 00:40:11] [world] The Player <BTC> has left at -3639, 63, 303
[2024-03-29 00:40:46] [world_the_end] The Player <Char> has left at 280, 56, -78
[2024-03-29 00:40:51] [world_the_end] The Player <Tester> has left at 17, 89, 13
[2024-03-29 00:41:35] [world] The Player <GolemDaWanderer> has left at -10158, 63, 4122
[2024-03-29 00:44:03] [world_the_end] The Player <Feathery> has left at 84, 79, -19
[2024-03-29 00:55:08] [world] The Player <GolemDaWanderer> has left at -10229, 65, 4076
[2024-03-29 01:06:13] [world_the_end] The Player <Char> has left at 280, 56, -78
[2024-03-29 01:25:11] [world] The Player <BTC> has left at -3572, 9, 152
[2024-03-29 01:29:14] [world_the_end] The Player <BTC> has left at -47, 46, 1
[2024-03-29 01:37:26] [world] The Player <BTC> has left at -654, 68, 316
[2024-03-29 02:01:30] [world_the_end] The Player <Tester> has left at 81, 52, 39
[2024-03-29 02:11:09] [world_the_end] The Player <Tester> has left at 81, 52, 39
[2024-03-29 02:15:08] [world_the_end] The Player <Tester> has left at 81, 52, 39
[2024-03-29 02:19:18] [world_the_end] The Player <Feathery> has left at 87, 81, -19
[2024-03-29 03:10:57] [world_the_end] The Player <Tester> has left at 81, 52, 39
[2024-03-29 03:30:22] [world] The Player <GolemDaWanderer> has left at -10170, 70, 4138
[2024-03-29 03:55:50] [world] The Player <BTC> has left at -3401, 64, 443
[2024-03-29 04:08:26] [world] The Player <BTC> has left at -3349, 66, 956
[2024-03-29 04:33:47] [world] The Player <Feathery> has left at 1049, 24, 685
[2024-03-29 05:19:07] [world] The Player <GolemDaWanderer> has left at -531, 67, 372
[2024-03-29 06:42:33] [world] The Player <BTC> has left at -3349, 66, 956
[2024-03-29 10:54:20] [world_the_end] The Player <Tester> has left at 76, 64, -2
[2024-03-29 10:56:57] [world_the_end] The Player <Tester> has left at 76, 64, -2
[2024-03-29 11:00:45] [world_the_end] The Player <Tester> has left at 76, 64, -2
[2024-03-29 11:39:19] [world_the_end] The Player <Tester> has left at 76, 64, -2
[2024-03-29 11:59:13] [world_the_end] The Player <Tester> has left at 76, 64, -2
[2024-03-29 12:02:34] [world_the_end] The Player <Tester> has left at 76, 64, -2
[2024-03-29 12:07:53] [world_the_end] The Player <Tester> has left at 76, 63, -2
[2024-03-29 12:54:20] [world_the_end] The Player <Tester> has left at 76, 63, -2
[2024-03-29 13:29:58] [world] The Player <GolemDaWanderer> has left at -10230, 70, 4218
[2024-03-29 13:33:31] [world] The Player <GolemDaWanderer> has left at -10173, 63, 4115
[2024-03-29 13:47:02] [world] The Player <GolemDaWanderer> has left at -10173, 63, 4115
[2024-03-29 14:21:36] [world] The Player <GolemDaWanderer> has left at -10173, 63, 4115
[2024-03-29 15:07:17] [world] The Player <NezukoChan> has left at -10173, 64, 4120
[2024-03-29 15:41:34] [world_the_end] The Player <Tester> has left at 89, 80, -21
[2024-03-29 16:02:57] [world] The Player <Tester> has left at -597, 68, 341
[2024-03-29 16:03:02] [world] The Player <xcpc> has left at -598, 68, 333
[2024-03-29 16:21:37] [world] The Player <Tester> has left at -597, 68, 341
[2024-03-29 16:35:14] [world] The Player <GolemDaWanderer> has left at -10155, 63, 4114
[2024-03-29 16:35:15] [world] The Player <xcpc> has left at -312, 64, 274
[2024-03-29 16:46:05] [world] The Player <Tester> has left at -607, 77, 294
[2024-03-29 16:50:20] [world] The Player <xcpc> has left at -310, 70, 274
[2024-03-29 16:50:43] [world] The Player <xcpc> has left at -310, 70, 276
[2024-03-29 16:51:18] [world] The Player <xcpc> has left at -309, 70, 279
[2024-03-29 16:52:06] [world] The Player <xcpc> has left at -309, 70, 279
[2024-03-29 17:14:02] [world] The Player <Tester> has left at -310, 70, 279
[2024-03-29 17:15:54] [world] The Player <Tester> has left at -306, 70, 270
[2024-03-29 17:18:27] [world] The Player <Tester> has left at -302, 70, 278
[2024-03-29 17:18:32] [world] The Player <xcpc> has left at -309, 70, 279
[2024-03-29 17:18:39] [world] The Player <GolemDaWanderer> has left at -10150, 63, 4116
[2024-03-29 17:19:31] [world] The Player <Tester> has left at -287, 69, 276
[2024-03-29 17:24:37] [world] The Player <Tester> has left at -10078, 64, 4089
[2024-03-29 17:25:18] [world] The Player <Tester_> has left at -585, 69, 346
[2024-03-29 17:28:44] [world] The Player <Tester> has left at -10209, 64, 3964
[2024-03-29 17:31:14] [world] The Player <xcpc> has left at -310, 70, 275
[2024-03-29 17:45:19] [world] The Player <Tester> has left at -10209, 70, 3973
[2024-03-29 17:52:51] [world] The Player <xcpc> has left at -309, 70, 279
[2024-03-29 17:57:06] [world] The Player <xcpc> has left at -309, 70, 270
[2024-03-29 17:57:10] [world] The Player <GolemDaWanderer> has left at -518, 65, 319
[2024-03-29 17:57:10] [world] The Player <Tester> has left at -308, 72, 284
[2024-03-29 17:59:04] [world] The Player <Tester> has left at -309, 77, 280
[2024-03-29 18:19:58] [world_nether] The Player <idkwhattoputhere> has left at -1265, 128, 502
[2024-03-29 18:20:01] [world_nether] The Player <NezukoChan> has left at -1514, 128, 904
[2024-03-29 18:29:30] [world] The Player <Tester> has left at -10298, 35, 4028
[2024-03-29 18:31:20] [world] The Player <xcpc> has left at -10299, 35, 4024
[2024-03-29 18:41:22] [world] The Player <Tester> has left at -10296, 35, 4028
[2024-03-29 18:45:01] [world] The Player <GolemDaWanderer> has left at -10295, 35, 4028
[2024-03-29 18:45:01] [world] The Player <xcpc> has left at -10174, 62, 4116
[2024-03-29 18:45:01] [world] The Player <Tester> has left at -10298, 35, 4029
[2024-03-29 18:48:25] [world_nether] The Player <NezukoChan> has left at -1897, 128, 1223
[2024-03-29 18:48:26] [world] The Player <Tester> has left at -10296, 35, 4028
[2024-03-29 18:48:51] [world] The Player <GolemDaWanderer> has left at -10159, 63, 4113
[2024-03-29 18:49:00] [world] The Player <xcpc> has left at -10209, 67, 4094
[2024-03-29 18:49:33] [world_nether] The Player <NezukoChan> has left at -1897, 128, 1223
[2024-03-29 18:52:20] [world] The Player <GolemDaWanderer> has left at -10216, 68, 4077
[2024-03-29 18:52:22] [world_nether] The Player <NezukoChan> has left at -1897, 128, 1223
[2024-03-29 18:55:17] [world_nether] The Player <NezukoChan> has left at -1969, 128, 1253
[2024-03-29 18:58:10] [world] The Player <xcpc> has left at -311, 63, 277
[2024-03-29 19:01:24] [world_nether] The Player <NezukoChan> has left at -1966, 128, 1268
[2024-03-29 19:03:21] [world_nether] The Player <NezukoChan> has left at -1966, 128, 1268
[2024-03-29 19:03:29] [world] The Player <GolemDaWanderer> has left at -10181, 63, 4110
[2024-03-29 19:21:00] [world_the_end] The Player <GolemDaWanderer> has left at 118, 84, -28
[2024-03-29 19:31:55] [world] The Player <xcpc> has left at -313, 63, 273
[2024-03-29 20:40:01] [world] The Player <Tester> has left at -10299, 51, 4034
[2024-03-29 21:00:40] [world_the_end] The Player <GolemDaWanderer> has left at 52, 62, -3
[2024-03-29 21:19:34] [world] The Player <Tester> has left at -10299, 51, 4034
[2024-03-29 21:40:26] [world] The Player <Tester> has left at -884, 68, 826
[2024-03-29 21:40:40] [world] The Player <xcpc> has left at -176, 69, 200
[2024-03-29 22:14:51] [world] The Player <Tester> has left at -274, 6, 265
[2024-03-29 22:15:05] [world] The Player <xcpc> has left at -270, 6, 267
[2024-03-29 22:16:42] [world] The Player <Tester> has left at -613, 66, 423
[2024-03-29 22:39:03] [world] The Player <xcpc> has left at -255, 21, 255
[2024-03-29 23:05:39] [world] The Player <Mudkips_Rule> has left at -1168, 49, -429
[2024-03-29 23:05:42] [world] The Player <Marshtomp17> has left at -579, 78, 246
[2024-03-29 23:25:13] [world] The Player <xcpc> has left at -266, 10, 227
[2024-03-29 23:52:22] [world] The Player <xcpc> has left at -556, 123, -49
[2024-03-29 23:52:29] [world_the_end] The Player <GolemDaWanderer> has left at 88, 82, 61
[2024-03-29 23:55:20] [world] The Player <Tester> has left at -556, 121, -118
[2024-03-29 23:55:41] [world] The Player <xcpc> has left at -674, 123, 122
[2024-03-29 23:59:06] [world] The Player <xcpc> has left at -730, 36, 193
[2024-03-30 00:05:42] [world] The Player <NezukoChan> has left at -574, 68, 316
[2024-03-30 00:15:43] [world_the_end] The Player <GolemDaWanderer> has left at -24, 221, -41
[2024-03-30 00:15:45] [world] The Player <xcpc> has left at -292, 71, 283
[2024-03-30 00:16:26] [world] The Player <xcpc> has left at -309, 70, 276
[2024-03-30 00:16:50] [world_the_end] The Player <GolemDaWanderer> has left at -4, 57, -74
[2024-03-30 00:17:33] [world_the_end] The Player <GolemDaWanderer> has left at 5, 59, -64
[2024-03-30 00:27:38] [world] The Player <Mudkips_Rule> has left at -1172, 49, -428
[2024-03-30 00:31:14] [world] The Player <xcpc> has left at -311, 70, 274
[2024-03-30 01:11:25] [world] The Player <Char> has left at -644, 74, 270
[2024-03-30 03:32:28] [world] The Player <GolemDaWanderer> has left at 10152, 66, -10508
[2024-03-30 11:30:44] [world] The Player <Tester> has left at -556, 121, -118
[2024-03-30 11:31:14] [world] The Player <Tester_> has left at -578, 69, 352
[2024-03-30 11:47:36] [world] The Player <Tester> has left at -544, 43, -73
[2024-03-30 12:12:45] [world] The Player <Charmunk> has left at -229, 67, 259
[2024-03-30 12:13:13] [world] The Player <Char> has left at -635, 77, 303
[2024-03-30 12:16:33] [world] The Player <Tester> has left at -544, 43, -73
[2024-03-30 12:21:02] [world] The Player <Tester> has left at -544, 43, -73
[2024-03-30 12:42:13] [world] The Player <Char> has left at -635, 77, 303
[2024-03-30 12:42:18] [world] The Player <Tester> has left at -544, 43, -73
[2024-03-30 12:51:27] [world] The Player <Char> has left at -635, 77, 303
[2024-03-30 12:51:41] [world] The Player <Char> has left at -635, 77, 303
[2024-03-30 12:52:09] [world] The Player <Char> has left at -635, 77, 303
[2024-03-30 12:52:25] [world] The Player <Char> has left at -635, 77, 303
[2024-03-30 12:52:29] [world] The Player <Tester> has left at -544, 43, -73
[2024-03-30 12:52:38] [world] The Player <Char> has left at -635, 77, 303
[2024-03-30 12:53:12] [world] The Player <Char> has left at -635, 77, 303
[2024-03-30 12:53:49] [world] The Player <Tester> has left at -544, 43, -73
[2024-03-30 12:54:09] [world] The Player <Tester> has left at -544, 43, -73
[2024-03-30 12:55:51] [world] The Player <Char> has left at -635, 77, 303
[2024-03-30 12:55:59] [world] The Player <Tester> has left at -544, 43, -73
