[2024-03-30 13:06:26] [world] The Player <Tester_Testing> has left at -573, 86, 314
[2024-03-30 14:20:04] [world] The Player <Tester_Testing> has left at -572, 69, 317
[2024-03-30 14:22:39] [world] The Player <GolemDaWanderer> has left at 10358, 65, -10501
[2024-03-30 14:46:00] [world] The Player <GolemDaWanderer> has left at 10357, 74, -10566
[2024-03-30 16:22:34] [world] The Player <GolemDaWanderer> has left at 10342, 71, -10571
[2024-03-30 19:15:32] [world] The Player <GolemDaWanderer> has left at 10337, 71, -10891
[2024-03-30 19:19:25] [world] The Player <GolemDaWanderer> has left at 10339, 71, -10880
[2024-03-30 19:25:02] [world] The Player <GolemDaWanderer> has left at 10342, 72, -10924
[2024-03-30 19:43:14] [world] The Player <GolemDaWanderer> has left at -10301, 39, 4029
[2024-03-30 20:24:49] [world] The Player <Mudkips_Rule> has left at -1172, 49, -428
[2024-03-30 20:26:04] [world] The Player <Marshtomp1234> has left at -565, 82, 322
[2024-03-30 20:27:47] [world] The Player <Marshtomp12345> has left at -553, 68, 325
[2024-03-30 20:32:36] [world] The Player <Mudkips_Rule> has left at -1153, 65, -437
[2024-03-31 02:48:46] [world] The Player <GolemDaWanderer> has left at -10301, 39, 4029
[2024-03-31 10:02:13] [world] The Player <BTC> has left at -3091, 64, 996
[2024-03-31 10:37:32] [world] The Player <BTC> has left at -3130, 62, 832
[2024-03-31 10:54:35] [world] The Player <GolemDaWanderer> has left at -10301, 39, 4029
[2024-03-31 12:53:21] [world] The Player <GolemDaWanderer> has left at -10298, 35, 4030
[2024-03-31 12:58:48] [world] The Player <GolemDaWanderer> has left at -10298, 35, 4029
[2024-03-31 13:13:27] [world] The Player <BTC> has left at -704, 64, 209
