[2024-03-31 13:19:58] [world] The Player <BTC> has left at -3130, 41, 832
[2024-03-31 13:30:13] [world] The Player <Char> has left at -559, 75, 304
[2024-03-31 13:30:38] [world] The Player <BTC> has left at -3129, 41, 832
[2024-03-31 13:30:45] [world] The Player <Tester> has left at -556, 59, -108
[2024-03-31 13:31:10] [world] The Player <BTC> has left at -3129, 41, 832
[2024-03-31 13:31:11] [world] The Player <GolemDaWanderer> has left at -560, 64, -162
[2024-03-31 13:41:26] [world] The Player <BTC> has left at -3127, 41, 833
[2024-03-31 13:47:02] [world] The Player <Tester> has left at -556, 56, -112
[2024-03-31 14:11:26] [world] The Player <GolemDaWanderer> has left at -546, 63, -79
[2024-03-31 14:15:47] [world] The Player <BTC> has left at -798, 73, -62
[2024-03-31 14:36:58] [world] The Player <GolemDaWanderer> has left at -455, 69, -103
[2024-03-31 14:52:54] [world] The Player <Tester> has left at -585, 69, 359
[2024-03-31 14:53:38] [world] The Player <GolemDaWanderer> has left at -584, 69, 342
[2024-03-31 16:24:00] [world] The Player <Tester> has left at -624, 69, 254
[2024-03-31 16:26:18] [world] The Player <Tester> has left at -624, 69, 254
[2024-03-31 16:31:41] [world] The Player <Tester> has left at -624, 69, 254
[2024-03-31 16:33:43] [world] The Player <Tester> has left at -578, 69, 325
[2024-03-31 16:41:15] [world] The Player <BTC> has left at -552, 63, -79
[2024-03-31 17:01:02] [world] The Player <Tester> has left at -10342, 63, 4019
[2024-03-31 17:01:43] [world] The Player <GolemDaWanderer> has left at -10430, 63, 3973
[2024-03-31 17:01:45] [world_nether] The Player <BTC> has left at -3, 54, -40
[2024-03-31 17:05:19] [world] The Player <GolemDaWanderer> has left at -10430, 63, 4016
[2024-03-31 17:07:12] [world] The Player <BTC> has left at -566, 69, 356
[2024-03-31 17:14:52] [world] The Player <Tester> has left at -631, 69, 479
[2024-03-31 17:14:53] [world] The Player <BTC> has left at -618, 70, 468
[2024-03-31 17:20:52] [world] The Player <Char> has left at -623, 71, 459
[2024-03-31 17:25:38] [world] The Player <BTC> has left at -3126, 41, 832
[2024-03-31 18:07:51] [world] The Player <Tester> has left at -9589, 64, 3845
[2024-03-31 18:13:59] [world] The Player <GolemDaWanderer> has left at -9657, 75, 3811
[2024-03-31 18:26:22] [world] The Player <Marshtomp17> has left at -580, 78, 246
[2024-03-31 18:44:08] [world] The Player <GolemDaWanderer> has left at -9536, 85, 3742
[2024-03-31 19:15:07] [world] The Player <GolemDaWanderer> has left at -9504, 74, 3750
[2024-03-31 22:35:19] [world_the_end] The Player <GolemDaWanderer> has left at -42, 68, -8
[2024-04-01 00:00:10] [world_the_end] The Player <GolemDaWanderer> has left at -42, 68, -8
[2024-04-01 01:46:10] [world] The Player <Char> has left at -623, 71, 459
[2024-04-01 01:50:02] [world] The Player <Char> has left at -623, 74, 455
[2024-04-01 04:41:18] [world_the_end] The Player <GolemDaWanderer> has left at -42, 68, -8
