[2024-03-20 20:31:08] /give Char book{Enchantments:[{id:16,lvl:25}]}
[2024-03-20 20:31:13] give Char book{Enchantments:[{id:16,lvl:25}]}
[2024-03-20 20:36:16] reload
[2024-03-20 20:38:20] enchant Char minecraft:looting 99
[2024-03-20 20:38:26] pl
[2024-03-20 20:39:18] af bgod UPDATING AGAIN, JUST RELOG DONT FREAK OUT
[2024-03-20 20:39:20] reload
[2024-03-20 20:40:01] enchant Char minecraft:silk_touch 99
[2024-03-20 20:40:03] enchant Char minecraft:silk_touch 5
[2024-03-20 20:40:04] pl
[2024-03-20 20:41:51] af bgod and another one... sorry
[2024-03-20 20:41:53] reload
[2024-03-20 20:44:00] enchantments
[2024-03-20 20:44:03] help EnhancedEnchants
[2024-03-20 20:44:57] uadd
[2024-03-20 20:44:58] uhelp
[2024-03-20 20:47:59] reload
[2024-03-20 20:51:46] stop
[2024-03-20 21:13:14] af bgod gotta go my mom walked over lol
[2024-03-20 21:13:26] execute
[2024-03-20 21:13:27] ride
[2024-03-20 21:29:04] af bgod cheeseburger
[2024-03-20 21:48:29] reload
[2024-03-20 21:51:14] tp hexa Char
[2024-03-21 12:28:12] list
[2024-03-21 12:28:16] pardon 
[2024-03-21 12:28:20] pardon 
[2024-03-21 12:28:24] pardon I_am_amazing
