[2024-03-21 19:52:26] stop
[2024-03-21 20:11:26] af bgod I may have just crashed the server my bad
[2024-03-21 20:11:32] reloa
[2024-03-21 20:11:33] reload
[2024-03-21 20:11:47] stop
[2024-03-21 20:12:20] kick Dave_TheCoolGuy
[2024-03-21 20:14:40] give Dave_TheCoolGuy oak_logs 16
[2024-03-21 20:14:42] give Dave_TheCoolGuy oak_log 16
[2024-03-21 20:14:45] give Dave_TheCoolGuy oak_wood 16
[2024-03-21 20:14:49] give Dave_TheCoolGuy 17 1
[2024-03-21 20:14:53] give Dave_TheCoolGuy id:17
[2024-03-21 20:14:58] give Dave_TheCoolGuy 17
[2024-03-21 20:15:36] give Dave_TheCoolGuy oak_log
[2024-03-21 20:15:47] give Dave_TheCoolGuy oak_wood 
[2024-03-21 20:15:49] give Dave_TheCoolGuy oak_wood 
[2024-03-21 20:16:02] give Dave_TheCoolGuy Oak_wood 
[2024-03-21 20:16:10] tp Dave_TheCoolGuy 1 1 1
[2024-03-21 20:16:13] tp Dave_TheCoolGuy 1 1 1
[2024-03-21 20:16:14] tp Dave_TheCoolGuy 1 1 1
[2024-03-21 20:16:14] tp Dave_TheCoolGuy 1 1 1
[2024-03-21 20:16:14] tp Dave_TheCoolGuy 1 1 1
[2024-03-21 20:16:14] tp Dave_TheCoolGuy 1 1 1
[2024-03-21 20:16:15] tp Dave_TheCoolGuy 1 1 1
[2024-03-21 20:16:15] tp Dave_TheCoolGuy 1 1 1
[2024-03-21 20:16:15] tp Dave_TheCoolGuy 1 1 1
[2024-03-21 20:16:16] tp Dave_TheCoolGuy 1 1 1
[2024-03-21 20:16:16] tp Dave_TheCoolGuy 1 1 1
[2024-03-21 20:16:16] tp Dave_TheCoolGuy 1 1 1
[2024-03-21 20:16:17] tp Dave_TheCoolGuy 1 1 1
[2024-03-21 20:16:17] tp Dave_TheCoolGuy 1 1 1
[2024-03-21 20:16:17] tp Dave_TheCoolGuy 1 1 1
[2024-03-21 20:16:18] tp Dave_TheCoolGuy 1 1 1
[2024-03-21 20:16:19] e
[2024-03-21 20:16:20] e
[2024-03-21 20:16:58] warp spawn Dave_TheCoolGuy
[2024-03-21 20:17:01] warp shop Dave_TheCoolGuy
[2024-03-21 20:17:05] warp Dave_TheCoolGuy spawn
[2024-03-21 20:17:08] warp Dave_TheCoolGuy spawn
[2024-03-21 20:17:38] reload
[2024-03-21 20:32:10] reload
[2024-03-21 20:32:41] stop
[2024-03-21 20:35:05] sf create Church of God
[2024-03-21 20:35:08] sf create Church of God
[2024-03-21 20:35:09] sf create Church of God
[2024-03-21 20:35:10] sf create Church of God
[2024-03-22 00:59:53] list
[2024-03-22 01:00:11] tab player Tester tabsuffix &0&l[&a&3Staff&0&l] &a
[2024-03-22 01:00:18] tab player Tester tagprefix &0&l[&a&3Staff&0&l] &a
[2024-03-22 01:00:21] af annouce check tab
[2024-03-22 01:00:25] af bgod check tab
[2024-03-22 01:00:31] now nuke da server fr fr
[2024-03-22 01:00:35] af bgod now nuke da server fr fr
[2024-03-22 01:00:46] user Tester
[2024-03-22 01:00:49] user setgroup mod
[2024-03-22 13:15:34] kill I_am_amazing
[2024-03-22 13:15:38] tp I_am_amazing 1 1 1
[2024-03-22 13:16:03] lsit
[2024-03-22 13:16:04] list
[2024-03-22 13:16:06] spark healthreport
[2024-03-22 13:16:12] lagg clear
[2024-03-22 13:16:13] spark healthreport
[2024-03-22 13:17:30] kick Tester Flying is not allowed on this server.
[2024-03-22 13:18:11] af freeze hexa
[2024-03-22 13:18:18] af freeze hexa
[2024-03-22 13:18:23] af zap Tester
[2024-03-22 13:18:32] af invsee Tester
[2024-03-22 13:18:40] af zap Tester
[2024-03-22 13:18:44] af bgod no...
[2024-03-22 13:19:17] af dropparty
[2024-03-22 13:19:22] af explode Tester
[2024-03-22 13:19:28] af explode I_am_amazing
[2024-03-22 13:19:31] af explode hexa
[2024-03-22 13:19:44] balance
[2024-03-22 13:23:45] tp Char hexa
[2024-03-22 13:33:45] user I_am_amazing
[2024-03-22 13:33:47] world world
[2024-03-22 13:33:52] user setgroup mod
[2024-03-22 13:33:55] user I_am_amazing
[2024-03-22 13:33:58] user setgroup mod
[2024-03-22 14:03:15] tp Char digbick
[2024-03-22 14:11:57] pardon I_am_amazing
[2024-03-24 15:14:20] list
[2024-03-24 15:14:41] list
[2024-03-24 15:14:57] list
[2024-03-24 15:15:05] list
[2024-03-24 15:15:15] list
[2024-03-24 16:13:56] pl
[2024-03-24 19:36:34] list
[2024-03-24 21:18:00] list
[2024-03-24 21:18:19] af bgod SERVER IS SHUTTING DOWN TO UPGRADE (Doubling server POWER WOOHOOO)
[2024-03-24 21:18:20] list
[2024-03-24 21:18:33] af bgod will be down for about 5 min
[2024-03-24 21:18:37] stop
