[2024-03-27 13:34:52] stop
[2024-03-27 13:35:35] tp Char 1 1 1
[2024-03-27 14:42:59] ab player Tester tabprefix &0&l[&a&lJr Builder&0&l] &a
[2024-03-27 14:43:02] tab player Tester tabprefix &0&l[&a&lJr Builder&0&l] &a
[2024-03-27 14:43:05] user Tester
[2024-03-27 14:43:09] user setgroup mod
[2024-03-27 14:43:13] user setgroup Builder
[2024-03-27 14:43:41] user setgroup builder
[2024-03-27 16:09:46] reload
[2024-03-27 18:05:35] reload
[2024-03-27 20:23:59] say tes
[2024-03-27 21:04:49] find
[2024-03-27 21:08:42] af freeze tester
[2024-03-27 21:08:45] deop Tester
[2024-03-27 21:08:48] af freeze Tester
[2024-03-27 21:08:50] op Tester
[2024-03-27 21:29:13] reload
[2024-03-27 21:37:39] tp Tester @e
[2024-03-27 21:37:43] tp @e
[2024-03-27 22:17:46] stop
[2024-03-27 23:14:03] af bgod my game crashed
[2024-03-27 23:14:08] stop
[2024-03-27 23:18:34] af bgod ahhh crashes
[2024-03-27 23:21:49] af bgod crashes :sob
[2024-03-27 23:31:05] af freeze Feathery
[2024-03-27 23:39:53] list
[2024-03-27 23:39:55] list
[2024-03-27 23:40:00] af bgod restarting server to clear lag
[2024-03-27 23:40:02] stop
[2024-03-28 00:31:16] list
[2024-03-28 00:33:13] list
[2024-03-28 00:36:40] list
[2024-03-28 00:36:43] list
[2024-03-28 00:36:50] af bgod yall mind if i restart server rq?
[2024-03-28 00:36:59] af bgod it can wait
[2024-03-28 00:37:03] af bgod k ill wait
[2024-03-28 00:53:42] l
[2024-03-28 00:53:43] slist
[2024-03-28 00:53:45] list
[2024-03-28 00:54:41] af bgod mind if i do a quick restart now?
[2024-03-28 00:54:41] list
[2024-03-28 00:54:48] stop
