[2024-03-18 11:18:27] [world] The Player <qwerty> has crafted 3 of INK SACK at X= -497, Y= 77, Z= -481
[2024-03-18 11:18:27] [world] The Player <qwerty> has crafted 3 of INK SACK at X= -497, Y= 77, Z= -481
[2024-03-18 11:22:07] [world] The Player <sharky> has crafted 1 of DIAMOND BOOTS at X= -494, Y= 72, Z= -500
[2024-03-18 11:26:25] [world] The Player <sharky> has crafted 4 of WOOD at X= -531, Y= 70, Z= -466
[2024-03-18 11:26:28] [world] The Player <sharky> has crafted 1 of WORKBENCH at X= -531, Y= 70, Z= -466
[2024-03-18 11:29:10] [world] The Player <BigDickRandy> has crafted 1 of GOLD INGOT at X= -180, Y= 87, Z= 4283
[2024-03-18 11:29:17] [world] The Player <BigDickRandy> has crafted 1 of GOLD INGOT at X= -180, Y= 87, Z= 4283
[2024-03-18 11:31:44] [world] The Player <VeerIsKKK> has crafted 1 of SUGAR at X= 508, Y= 106, Z= 2246
[2024-03-18 11:31:44] [world] The Player <VeerIsKKK> has crafted 1 of SUGAR at X= 508, Y= 106, Z= 2246
[2024-03-18 11:31:45] [world] The Player <VeerIsKKK> has crafted 1 of SUGAR at X= 508, Y= 106, Z= 2246
[2024-03-18 11:31:45] [world] The Player <VeerIsKKK> has crafted 1 of SUGAR at X= 508, Y= 106, Z= 2246
[2024-03-18 11:31:45] [world] The Player <VeerIsKKK> has crafted 1 of SUGAR at X= 508, Y= 106, Z= 2246
[2024-03-18 11:31:45] [world] The Player <VeerIsKKK> has crafted 1 of SUGAR at X= 508, Y= 106, Z= 2246
[2024-03-18 12:01:43] [world] The Player <character> has crafted 4 of WOOD at X= -731, Y= 35, Z= 171
[2024-03-18 12:01:45] [world] The Player <character> has crafted 4 of WOOD at X= -731, Y= 35, Z= 171
[2024-03-18 12:02:05] [world] The Player <character> has crafted 4 of STICK at X= -732, Y= 35, Z= 172
[2024-03-18 12:02:05] [world] The Player <character> has crafted 4 of STICK at X= -732, Y= 35, Z= 172
[2024-03-18 12:02:05] [world] The Player <character> has crafted 4 of STICK at X= -732, Y= 35, Z= 172
[2024-03-18 12:02:06] [world] The Player <character> has crafted 4 of STICK at X= -732, Y= 35, Z= 172
[2024-03-18 12:02:21] [world] The Player <character> has crafted 1 of IRON PICKAXE at X= -732, Y= 35, Z= 172
[2024-03-18 12:02:21] [world] The Player <character> has crafted 1 of IRON PICKAXE at X= -732, Y= 35, Z= 172
[2024-03-18 12:02:22] [world] The Player <character> has crafted 1 of IRON PICKAXE at X= -732, Y= 35, Z= 172
[2024-03-18 12:02:22] [world] The Player <character> has crafted 1 of IRON PICKAXE at X= -732, Y= 35, Z= 172
[2024-03-18 12:02:25] [world] The Player <character> has crafted 1 of IRON PICKAXE at X= -732, Y= 35, Z= 172
[2024-03-18 12:02:34] [world] The Player <character> has crafted 1 of IRON PICKAXE at X= -732, Y= 35, Z= 172
[2024-03-18 12:02:37] [world] The Player <character> has crafted 1 of IRON PICKAXE at X= -732, Y= 35, Z= 172
[2024-03-18 12:02:40] [world] The Player <character> has crafted 1 of IRON PICKAXE at X= -732, Y= 35, Z= 172
[2024-03-18 12:02:42] [world] The Player <character> has crafted 1 of IRON PICKAXE at X= -732, Y= 35, Z= 172
[2024-03-18 12:02:52] [world] The Player <character> has crafted 1 of IRON PICKAXE at X= -732, Y= 35, Z= 172
[2024-03-18 12:03:18] [world] The Player <character> has crafted 1 of IRON PICKAXE at X= -732, Y= 35, Z= 172
[2024-03-18 12:05:21] [world] The Player <Brycethelegend> has crafted 4 of WOOD at X= 56, Y= 64, Z= 1271
[2024-03-18 12:05:21] [world] The Player <Brycethelegend> has crafted 4 of WOOD at X= 56, Y= 64, Z= 1271
[2024-03-18 12:05:36] [world] The Player <Brycethelegend> has crafted 4 of WOOD at X= 59, Y= 65, Z= 1271
[2024-03-18 12:05:42] [world] The Player <Brycethelegend> has crafted 1 of WORKBENCH at X= 59, Y= 65, Z= 1271
[2024-03-18 12:06:04] [world] The Player <Brycethelegend> has crafted 1 of BOAT at X= 60, Y= 65, Z= 1272
[2024-03-18 12:15:14] [world] The Player <Brycethelegend> has crafted 1 of WOOL at X= -522, Y= 65, Z= 310
[2024-03-18 12:15:15] [world] The Player <Brycethelegend> has crafted 1 of WOOL at X= -522, Y= 65, Z= 310
[2024-03-18 12:15:15] [world] The Player <Brycethelegend> has crafted 1 of WOOL at X= -522, Y= 65, Z= 310
[2024-03-18 12:15:15] [world] The Player <Brycethelegend> has crafted 1 of WOOL at X= -522, Y= 65, Z= 310
[2024-03-18 12:15:15] [world] The Player <Brycethelegend> has crafted 1 of WOOL at X= -522, Y= 65, Z= 310
[2024-03-18 12:15:16] [world] The Player <Brycethelegend> has crafted 1 of WOOL at X= -522, Y= 65, Z= 310
[2024-03-18 12:15:16] [world] The Player <Brycethelegend> has crafted 1 of WOOL at X= -522, Y= 65, Z= 310
[2024-03-18 12:15:16] [world] The Player <Brycethelegend> has crafted 1 of WOOL at X= -522, Y= 65, Z= 310
[2024-03-18 12:15:16] [world] The Player <Brycethelegend> has crafted 1 of WOOL at X= -522, Y= 65, Z= 310
[2024-03-18 12:15:16] [world] The Player <Brycethelegend> has crafted 1 of WOOL at X= -522, Y= 65, Z= 310
[2024-03-18 12:15:17] [world] The Player <Brycethelegend> has crafted 1 of WOOL at X= -522, Y= 65, Z= 310
[2024-03-18 12:15:17] [world] The Player <Brycethelegend> has crafted 1 of WOOL at X= -522, Y= 65, Z= 310
[2024-03-18 12:15:17] [world] The Player <Brycethelegend> has crafted 1 of WOOL at X= -522, Y= 65, Z= 310
[2024-03-18 12:15:17] [world] The Player <Brycethelegend> has crafted 1 of WOOL at X= -522, Y= 65, Z= 310
[2024-03-18 12:15:18] [world] The Player <Brycethelegend> has crafted 1 of WOOL at X= -522, Y= 65, Z= 310
[2024-03-18 12:15:18] [world] The Player <Brycethelegend> has crafted 1 of WOOL at X= -522, Y= 65, Z= 310
[2024-03-18 12:22:08] [world_nether] The Player <Brycethelegend> has crafted 1 of GLOWSTONE at X= -57, Y= 35, Z= 76
[2024-03-18 12:22:08] [world_nether] The Player <Brycethelegend> has crafted 1 of GLOWSTONE at X= -57, Y= 35, Z= 76
[2024-03-18 12:22:08] [world_nether] The Player <Brycethelegend> has crafted 1 of GLOWSTONE at X= -57, Y= 35, Z= 76
[2024-03-18 12:22:09] [world_nether] The Player <Brycethelegend> has crafted 1 of GLOWSTONE at X= -57, Y= 35, Z= 76
[2024-03-18 12:22:09] [world_nether] The Player <Brycethelegend> has crafted 1 of GLOWSTONE at X= -57, Y= 35, Z= 76
[2024-03-18 12:22:09] [world_nether] The Player <Brycethelegend> has crafted 1 of GLOWSTONE at X= -57, Y= 35, Z= 76
[2024-03-18 12:22:09] [world_nether] The Player <Brycethelegend> has crafted 1 of GLOWSTONE at X= -57, Y= 35, Z= 76
[2024-03-18 12:22:09] [world_nether] The Player <Brycethelegend> has crafted 1 of GLOWSTONE at X= -57, Y= 35, Z= 76
[2024-03-18 12:22:10] [world_nether] The Player <Brycethelegend> has crafted 1 of GLOWSTONE at X= -57, Y= 35, Z= 76
[2024-03-18 12:22:10] [world_nether] The Player <Brycethelegend> has crafted 1 of GLOWSTONE at X= -57, Y= 35, Z= 76
[2024-03-18 12:22:10] [world_nether] The Player <Brycethelegend> has crafted 1 of GLOWSTONE at X= -57, Y= 35, Z= 76
[2024-03-18 12:22:10] [world_nether] The Player <Brycethelegend> has crafted 1 of GLOWSTONE at X= -57, Y= 35, Z= 76
[2024-03-18 12:22:11] [world_nether] The Player <Brycethelegend> has crafted 1 of GLOWSTONE at X= -57, Y= 35, Z= 76
[2024-03-18 12:22:11] [world_nether] The Player <Brycethelegend> has crafted 1 of GLOWSTONE at X= -57, Y= 35, Z= 76
[2024-03-18 12:22:11] [world_nether] The Player <Brycethelegend> has crafted 1 of GLOWSTONE at X= -57, Y= 35, Z= 76
[2024-03-18 12:22:11] [world_nether] The Player <Brycethelegend> has crafted 1 of GLOWSTONE at X= -57, Y= 35, Z= 76
[2024-03-18 12:22:30] [world_nether] The Player <Brycethelegend> has crafted 1 of GLOWSTONE at X= -58, Y= 35, Z= 78
[2024-03-18 12:22:30] [world_nether] The Player <Brycethelegend> has crafted 1 of GLOWSTONE at X= -58, Y= 35, Z= 78
[2024-03-18 12:22:31] [world_nether] The Player <Brycethelegend> has crafted 1 of GLOWSTONE at X= -58, Y= 35, Z= 78
[2024-03-18 12:22:31] [world_nether] The Player <Brycethelegend> has crafted 1 of GLOWSTONE at X= -58, Y= 35, Z= 78
[2024-03-18 12:22:31] [world_nether] The Player <Brycethelegend> has crafted 1 of GLOWSTONE at X= -58, Y= 35, Z= 78
[2024-03-18 12:22:31] [world_nether] The Player <Brycethelegend> has crafted 1 of GLOWSTONE at X= -58, Y= 35, Z= 78
[2024-03-18 12:22:31] [world_nether] The Player <Brycethelegend> has crafted 1 of GLOWSTONE at X= -58, Y= 35, Z= 78
[2024-03-18 12:22:32] [world_nether] The Player <Brycethelegend> has crafted 1 of GLOWSTONE at X= -58, Y= 35, Z= 78
[2024-03-18 12:22:32] [world_nether] The Player <Brycethelegend> has crafted 1 of GLOWSTONE at X= -58, Y= 35, Z= 78
[2024-03-18 12:22:32] [world_nether] The Player <Brycethelegend> has crafted 1 of GLOWSTONE at X= -58, Y= 35, Z= 78
[2024-03-18 12:22:32] [world_nether] The Player <Brycethelegend> has crafted 1 of GLOWSTONE at X= -58, Y= 35, Z= 78
[2024-03-18 12:22:32] [world_nether] The Player <Brycethelegend> has crafted 1 of GLOWSTONE at X= -58, Y= 35, Z= 78
[2024-03-18 12:44:13] [world_nether] The Player <Brycethelegend> has crafted 1 of QUARTZ BLOCK at X= -95, Y= 72, Z= -212
[2024-03-18 12:44:13] [world_nether] The Player <Brycethelegend> has crafted 1 of QUARTZ BLOCK at X= -95, Y= 72, Z= -212
[2024-03-18 12:44:14] [world_nether] The Player <Brycethelegend> has crafted 1 of QUARTZ BLOCK at X= -95, Y= 72, Z= -212
[2024-03-18 12:44:14] [world_nether] The Player <Brycethelegend> has crafted 1 of QUARTZ BLOCK at X= -95, Y= 72, Z= -212
[2024-03-18 12:44:14] [world_nether] The Player <Brycethelegend> has crafted 1 of QUARTZ BLOCK at X= -95, Y= 72, Z= -212
[2024-03-18 12:44:14] [world_nether] The Player <Brycethelegend> has crafted 1 of QUARTZ BLOCK at X= -95, Y= 72, Z= -212
[2024-03-18 13:07:39] [world] The Player <VeerIsKKK> has crafted 1 of DIAMOND BOOTS at X= 511, Y= 104, Z= 2247
[2024-03-18 13:09:13] [world] The Player <Tester> has crafted 9 of REDSTONE at X= -558, Y= 88, Z= 270
[2024-03-18 13:09:17] [world] The Player <Tester> has crafted 1 of REDSTONE TORCH ON at X= -558, Y= 88, Z= 270
[2024-03-18 13:09:21] [world] The Player <Tester> has crafted 1 of REDSTONE TORCH ON at X= -558, Y= 88, Z= 270
[2024-03-18 13:11:45] [world] The Player <Tester> has crafted 2 of TRIPWIRE HOOK at X= -561, Y= 88, Z= 269
[2024-03-18 13:13:00] [world] The Player <Tester> has crafted 1 of WORKBENCH at X= -10240, Y= 64, Z= 4103
[2024-03-18 13:15:23] [world] The Player <Tester> has crafted 1 of DIODE at X= -10245, Y= 64, Z= 4102
[2024-03-18 13:15:24] [world] The Player <Tester> has crafted 1 of DIODE at X= -10245, Y= 64, Z= 4102
[2024-03-18 13:15:30] [world] The Player <Tester> has crafted 1 of DIODE at X= -10245, Y= 64, Z= 4102
[2024-03-18 13:15:35] [world] The Player <Tester> has crafted 1 of DIODE at X= -10245, Y= 64, Z= 4102
[2024-03-18 13:15:41] [world] The Player <Tester> has crafted 1 of REDSTONE TORCH ON at X= -10245, Y= 64, Z= 4102
[2024-03-18 13:15:42] [world] The Player <Tester> has crafted 1 of REDSTONE TORCH ON at X= -10245, Y= 64, Z= 4102
[2024-03-18 13:15:42] [world] The Player <Tester> has crafted 1 of REDSTONE TORCH ON at X= -10245, Y= 64, Z= 4102
[2024-03-18 13:15:42] [world] The Player <Tester> has crafted 1 of REDSTONE TORCH ON at X= -10245, Y= 64, Z= 4102
[2024-03-18 13:15:43] [world] The Player <Tester> has crafted 1 of REDSTONE TORCH ON at X= -10245, Y= 64, Z= 4102
[2024-03-18 13:15:48] [world] The Player <Tester> has crafted 1 of DIODE at X= -10245, Y= 64, Z= 4102
[2024-03-18 13:16:07] [world] The Player <Tester> has crafted 4 of STONE at X= -10245, Y= 64, Z= 4102
[2024-03-18 13:39:47] [world_the_end] The Player <Tester> has crafted 1 of STORAGE MINECART at X= -169, Y= 57, Z= 38
[2024-03-18 13:42:09] [world] The Player <Tester> has crafted 9 of EMERALD at X= -10174, Y= 64, Z= 4117
[2024-03-18 13:55:37] [world_nether] The Player <Brycethelegend> has crafted 1 of QUARTZ BLOCK at X= -119, Y= 36, Z= -104
[2024-03-18 13:55:37] [world_nether] The Player <Brycethelegend> has crafted 1 of QUARTZ BLOCK at X= -119, Y= 36, Z= -104
[2024-03-18 13:55:37] [world_nether] The Player <Brycethelegend> has crafted 1 of QUARTZ BLOCK at X= -119, Y= 36, Z= -104
[2024-03-18 13:55:38] [world_nether] The Player <Brycethelegend> has crafted 1 of QUARTZ BLOCK at X= -119, Y= 36, Z= -104
[2024-03-18 13:55:38] [world_nether] The Player <Brycethelegend> has crafted 1 of QUARTZ BLOCK at X= -119, Y= 36, Z= -104
[2024-03-18 13:55:38] [world_nether] The Player <Brycethelegend> has crafted 1 of QUARTZ BLOCK at X= -119, Y= 36, Z= -104
[2024-03-18 13:55:38] [world_nether] The Player <Brycethelegend> has crafted 1 of QUARTZ BLOCK at X= -119, Y= 36, Z= -104
[2024-03-18 13:55:38] [world_nether] The Player <Brycethelegend> has crafted 1 of QUARTZ BLOCK at X= -119, Y= 36, Z= -104
[2024-03-18 13:56:24] [world] The Player <I_am_amazing> has crafted 4 of WOOD at X= -594, Y= 11, Z= 590
[2024-03-18 13:56:27] [world] The Player <I_am_amazing> has crafted 4 of STICK at X= -594, Y= 11, Z= 590
[2024-03-18 13:56:27] [world] The Player <I_am_amazing> has crafted 4 of STICK at X= -594, Y= 11, Z= 590
[2024-03-18 13:56:27] [world] The Player <I_am_amazing> has crafted 4 of STICK at X= -594, Y= 11, Z= 590
[2024-03-18 13:56:27] [world] The Player <I_am_amazing> has crafted 4 of STICK at X= -594, Y= 11, Z= 590
[2024-03-18 13:56:28] [world] The Player <I_am_amazing> has crafted 4 of STICK at X= -594, Y= 11, Z= 590
[2024-03-18 13:56:28] [world] The Player <I_am_amazing> has crafted 4 of STICK at X= -594, Y= 11, Z= 590
[2024-03-18 13:56:28] [world] The Player <I_am_amazing> has crafted 4 of STICK at X= -594, Y= 11, Z= 590
[2024-03-18 13:56:28] [world] The Player <I_am_amazing> has crafted 4 of STICK at X= -594, Y= 11, Z= 590
[2024-03-18 13:56:28] [world] The Player <I_am_amazing> has crafted 4 of STICK at X= -594, Y= 11, Z= 590
[2024-03-18 13:56:28] [world] The Player <I_am_amazing> has crafted 4 of STICK at X= -594, Y= 11, Z= 590
[2024-03-18 13:56:53] [world] The Player <I_am_amazing> has crafted 1 of IRON PICKAXE at X= -594, Y= 11, Z= 590
[2024-03-18 14:01:01] [world] The Player <Mudkips_Rule> has crafted 1 of BREWING STAND ITEM at X= -1355, Y= 63, Z= -265
[2024-03-18 14:01:58] [world] The Player <I_am_amazing> has crafted 1 of IRON PICKAXE at X= -594, Y= 11, Z= 589
[2024-03-18 14:03:31] [world] The Player <character> has crafted 1 of FURNACE at X= -735, Y= 35, Z= 172
[2024-03-18 14:03:32] [world] The Player <character> has crafted 1 of FURNACE at X= -735, Y= 35, Z= 172
[2024-03-18 14:04:39] [world] The Player <sharky> has crafted 1 of TNT at X= -494, Y= 72, Z= -501
[2024-03-18 14:04:39] [world] The Player <sharky> has crafted 1 of TNT at X= -494, Y= 72, Z= -501
[2024-03-18 14:04:40] [world] The Player <sharky> has crafted 1 of TNT at X= -494, Y= 72, Z= -501
[2024-03-18 14:04:47] [world] The Player <sharky> has crafted 1 of TNT at X= -494, Y= 72, Z= -501
[2024-03-18 14:09:02] [world] The Player <sharky> has crafted 1 of DIAMOND CHESTPLATE at X= -494, Y= 72, Z= -499
[2024-03-18 14:10:54] [world] The Player <Dave_TheCoolguy_> has crafted 4 of STICK at X= -583, Y= 68, Z= 257
[2024-03-18 14:10:54] [world] The Player <Dave_TheCoolguy_> has crafted 4 of STICK at X= -583, Y= 68, Z= 257
[2024-03-18 14:10:54] [world] The Player <Dave_TheCoolguy_> has crafted 4 of STICK at X= -583, Y= 68, Z= 257
[2024-03-18 14:11:45] [world] The Player <Dave_TheCoolguy_> has crafted 1 of WORKBENCH at X= -625, Y= 68, Z= 246
[2024-03-18 14:11:58] [world] The Player <Dave_TheCoolguy_> has crafted 1 of DIAMOND SWORD at X= -625, Y= 68, Z= 246
[2024-03-18 14:12:34] [world] The Player <MrBlob2U> has crafted 4 of STICK at X= -613, Y= 47, Z= 205
[2024-03-18 14:13:06] [world] The Player <MrBlob2U> has crafted 1 of DIAMOND SWORD at X= -613, Y= 47, Z= 205
[2024-03-18 14:14:36] [world] The Player <WienerDogFace> has crafted 1 of WORKBENCH at X= -585, Y= 68, Z= 306
[2024-03-18 14:14:47] [world] The Player <MrBlob2U> has crafted 1 of DIAMOND PICKAXE at X= -614, Y= 47, Z= 205
[2024-03-18 14:16:32] [world] The Player <Brycethelegend> has crafted 3 of INK SACK at X= -621, Y= 68, Z= 241
[2024-03-18 14:16:33] [world] The Player <Brycethelegend> has crafted 3 of INK SACK at X= -621, Y= 68, Z= 241
[2024-03-18 14:16:33] [world] The Player <Brycethelegend> has crafted 3 of INK SACK at X= -621, Y= 68, Z= 241
[2024-03-18 14:16:33] [world] The Player <Brycethelegend> has crafted 3 of INK SACK at X= -621, Y= 68, Z= 241
[2024-03-18 14:16:33] [world] The Player <Brycethelegend> has crafted 3 of INK SACK at X= -621, Y= 68, Z= 241
[2024-03-18 14:19:44] [world] The Player <character> has crafted 1 of DIAMOND SWORD at X= -733, Y= 35, Z= 172
[2024-03-18 14:20:01] [world] The Player <character> has crafted 1 of DIAMOND CHESTPLATE at X= -733, Y= 35, Z= 172
[2024-03-18 14:21:35] [world] The Player <VeerIsKKK> has crafted 1 of GOLD INGOT at X= 509, Y= 104, Z= 2247
[2024-03-18 14:22:23] [world] The Player <sharky> has crafted 1 of DIAMOND SPADE at X= -493, Y= 72, Z= -499
[2024-03-18 14:24:16] [world] The Player <qwerty> has crafted 1 of BUCKET at X= -495, Y= 72, Z= -500
[2024-03-18 14:25:54] [world] The Player <Dave_TheCoolguy_> has crafted 4 of WOOD at X= -688, Y= 71, Z= 307
[2024-03-18 14:25:54] [world] The Player <Dave_TheCoolguy_> has crafted 4 of WOOD at X= -688, Y= 71, Z= 307
[2024-03-18 14:25:54] [world] The Player <Dave_TheCoolguy_> has crafted 4 of WOOD at X= -688, Y= 71, Z= 307
[2024-03-18 14:25:54] [world] The Player <Dave_TheCoolguy_> has crafted 4 of WOOD at X= -688, Y= 71, Z= 307
[2024-03-18 14:25:55] [world] The Player <Dave_TheCoolguy_> has crafted 4 of WOOD at X= -688, Y= 71, Z= 307
[2024-03-18 14:25:55] [world] The Player <Dave_TheCoolguy_> has crafted 4 of WOOD at X= -688, Y= 71, Z= 307
[2024-03-18 14:25:55] [world] The Player <Dave_TheCoolguy_> has crafted 4 of WOOD at X= -688, Y= 71, Z= 307
[2024-03-18 14:25:56] [world] The Player <Dave_TheCoolguy_> has crafted 4 of WOOD at X= -688, Y= 71, Z= 307
[2024-03-18 14:25:56] [world] The Player <Dave_TheCoolguy_> has crafted 4 of WOOD at X= -688, Y= 71, Z= 307
[2024-03-18 14:25:56] [world] The Player <Dave_TheCoolguy_> has crafted 4 of WOOD at X= -688, Y= 71, Z= 307
[2024-03-18 14:25:56] [world] The Player <Dave_TheCoolguy_> has crafted 4 of WOOD at X= -688, Y= 71, Z= 307
[2024-03-18 14:25:57] [world] The Player <Dave_TheCoolguy_> has crafted 4 of WOOD at X= -688, Y= 71, Z= 307
[2024-03-18 14:26:15] [world] The Player <Tester> has crafted 4 of STICK at X= -10123, Y= 23, Z= 4105
[2024-03-18 14:26:15] [world] The Player <Tester> has crafted 4 of STICK at X= -10123, Y= 23, Z= 4105
[2024-03-18 14:26:16] [world] The Player <Tester> has crafted 4 of STICK at X= -10123, Y= 23, Z= 4105
[2024-03-18 14:26:16] [world] The Player <Tester> has crafted 4 of STICK at X= -10123, Y= 23, Z= 4105
[2024-03-18 14:26:22] [world] The Player <Tester> has crafted 4 of TORCH at X= -10123, Y= 23, Z= 4105
[2024-03-18 14:27:30] [world] The Player <proman50> has crafted 4 of TORCH at X= -743, Y= 46, Z= 324
[2024-03-18 14:27:35] [world] The Player <WienerDogFace> has crafted 4 of STICK at X= -248, Y= 67, Z= 1075
[2024-03-18 14:28:21] [world] The Player <WienerDogFace> has crafted 1 of BOW at X= -248, Y= 67, Z= 1075
[2024-03-18 14:29:22] [world] The Player <proman50> has crafted 1 of STONE PICKAXE at X= -745, Y= 46, Z= 324
[2024-03-18 14:29:23] [world] The Player <sharky> has crafted 1 of FLINT AND STEEL at X= -494, Y= 72, Z= -501
[2024-03-18 14:32:03] [world] The Player <MonkeyTrainer> has crafted 1 of IRON PICKAXE at X= -590, Y= 56, Z= 322
[2024-03-18 14:32:18] [world] The Player <Dave_TheCoolguy_> has crafted 1 of STONE PICKAXE at X= -687, Y= 70, Z= 304
[2024-03-18 14:34:39] [world] The Player <Dave_TheCoolguy_> has crafted 1 of STONE AXE at X= -687, Y= 71, Z= 305
[2024-03-18 14:35:13] [world] The Player <MrBlob2U> has crafted 4 of STICK at X= -614, Y= 47, Z= 206
[2024-03-18 14:35:19] [world] The Player <MrBlob2U> has crafted 3 of SIGN at X= -614, Y= 47, Z= 206
[2024-03-18 14:36:26] [world] The Player <proman50> has crafted 4 of STICK at X= -688, Y= 69, Z= 235
[2024-03-18 14:37:00] [world] The Player <proman50> has crafted 1 of STONE PICKAXE at X= -708, Y= 64, Z= 238
[2024-03-18 14:37:11] [world] The Player <proman50> has crafted 1 of STONE PICKAXE at X= -708, Y= 64, Z= 238
[2024-03-18 14:37:15] [world] The Player <MrBlob2U> has crafted 6 of STEP at X= -614, Y= 47, Z= 206
[2024-03-18 14:38:42] [world] The Player <The_Amazing_Yao> has crafted 4 of STICK at X= 530, Y= 45, Z= 2256
[2024-03-18 14:38:52] [world] The Player <The_Amazing_Yao> has crafted 4 of TORCH at X= 530, Y= 45, Z= 2256
[2024-03-18 14:38:53] [world] The Player <The_Amazing_Yao> has crafted 4 of TORCH at X= 530, Y= 45, Z= 2256
[2024-03-18 14:38:53] [world] The Player <The_Amazing_Yao> has crafted 4 of TORCH at X= 530, Y= 45, Z= 2256
[2024-03-18 14:38:53] [world] The Player <The_Amazing_Yao> has crafted 4 of TORCH at X= 530, Y= 45, Z= 2256
[2024-03-18 14:40:16] [world] The Player <Dave_TheCoolguy_> has crafted 4 of WOOD at X= -689, Y= 71, Z= 304
[2024-03-18 14:40:17] [world] The Player <Dave_TheCoolguy_> has crafted 4 of WOOD at X= -689, Y= 71, Z= 304
[2024-03-18 14:40:17] [world] The Player <Dave_TheCoolguy_> has crafted 4 of WOOD at X= -689, Y= 71, Z= 304
[2024-03-18 14:40:17] [world] The Player <Dave_TheCoolguy_> has crafted 4 of WOOD at X= -689, Y= 71, Z= 304
[2024-03-18 14:40:17] [world] The Player <Dave_TheCoolguy_> has crafted 4 of WOOD at X= -689, Y= 71, Z= 304
[2024-03-18 14:40:17] [world] The Player <Dave_TheCoolguy_> has crafted 4 of WOOD at X= -689, Y= 71, Z= 304
[2024-03-18 14:40:18] [world] The Player <Dave_TheCoolguy_> has crafted 4 of WOOD at X= -689, Y= 71, Z= 304
[2024-03-18 14:40:18] [world] The Player <Dave_TheCoolguy_> has crafted 4 of WOOD at X= -689, Y= 71, Z= 304
[2024-03-18 14:40:18] [world] The Player <Dave_TheCoolguy_> has crafted 4 of WOOD at X= -689, Y= 71, Z= 304
[2024-03-18 14:40:18] [world] The Player <Dave_TheCoolguy_> has crafted 4 of WOOD at X= -689, Y= 71, Z= 304
[2024-03-18 14:40:18] [world] The Player <Dave_TheCoolguy_> has crafted 4 of WOOD at X= -689, Y= 71, Z= 304
[2024-03-18 14:40:19] [world] The Player <Dave_TheCoolguy_> has crafted 4 of WOOD at X= -689, Y= 71, Z= 304
[2024-03-18 14:40:19] [world] The Player <Dave_TheCoolguy_> has crafted 4 of WOOD at X= -689, Y= 71, Z= 304
[2024-03-18 14:40:20] [world] The Player <Dave_TheCoolguy_> has crafted 4 of WOOD at X= -689, Y= 71, Z= 304
[2024-03-18 14:40:20] [world] The Player <Dave_TheCoolguy_> has crafted 4 of WOOD at X= -689, Y= 71, Z= 304
[2024-03-18 14:40:21] [world] The Player <Dave_TheCoolguy_> has crafted 4 of WOOD at X= -689, Y= 71, Z= 304
[2024-03-18 14:40:21] [world] The Player <Dave_TheCoolguy_> has crafted 4 of WOOD at X= -689, Y= 71, Z= 304
[2024-03-18 14:40:34] [world] The Player <Dave_TheCoolguy_> has crafted 4 of WOOD STAIRS at X= -689, Y= 71, Z= 304
[2024-03-18 14:41:00] [world] The Player <VeerIsKKK> has crafted 1 of BREWING STAND ITEM at X= 510, Y= 104, Z= 2246
[2024-03-18 14:41:03] [world] The Player <Dave_TheCoolguy_> has crafted 4 of COBBLESTONE STAIRS at X= -688, Y= 71, Z= 304
[2024-03-18 14:41:32] [world] The Player <VeerIsKKK> has crafted 2 of BLAZE POWDER at X= 510, Y= 104, Z= 2248
[2024-03-18 14:41:33] [world] The Player <VeerIsKKK> has crafted 2 of BLAZE POWDER at X= 510, Y= 104, Z= 2248
[2024-03-18 14:41:33] [world] The Player <VeerIsKKK> has crafted 2 of BLAZE POWDER at X= 510, Y= 104, Z= 2248
[2024-03-18 14:41:33] [world] The Player <VeerIsKKK> has crafted 2 of BLAZE POWDER at X= 510, Y= 104, Z= 2248
[2024-03-18 14:44:09] [world] The Player <Dave_TheCoolguy_> has crafted 4 of WOOD at X= -690, Y= 75, Z= 305
[2024-03-18 14:44:09] [world] The Player <Dave_TheCoolguy_> has crafted 4 of WOOD at X= -690, Y= 75, Z= 305
[2024-03-18 14:44:09] [world] The Player <Dave_TheCoolguy_> has crafted 4 of WOOD at X= -690, Y= 75, Z= 305
[2024-03-18 14:44:10] [world] The Player <Dave_TheCoolguy_> has crafted 4 of WOOD at X= -690, Y= 75, Z= 305
[2024-03-18 14:44:10] [world] The Player <Dave_TheCoolguy_> has crafted 4 of WOOD at X= -690, Y= 75, Z= 305
[2024-03-18 14:44:10] [world] The Player <Dave_TheCoolguy_> has crafted 4 of WOOD at X= -690, Y= 75, Z= 305
[2024-03-18 14:44:10] [world] The Player <Dave_TheCoolguy_> has crafted 4 of WOOD at X= -690, Y= 75, Z= 305
[2024-03-18 14:44:11] [world] The Player <Dave_TheCoolguy_> has crafted 4 of WOOD at X= -690, Y= 75, Z= 305
[2024-03-18 14:44:11] [world] The Player <Dave_TheCoolguy_> has crafted 4 of WOOD at X= -690, Y= 75, Z= 305
[2024-03-18 14:44:11] [world] The Player <Dave_TheCoolguy_> has crafted 4 of WOOD at X= -690, Y= 75, Z= 305
[2024-03-18 14:44:11] [world] The Player <Dave_TheCoolguy_> has crafted 4 of WOOD at X= -690, Y= 75, Z= 305
[2024-03-18 14:44:11] [world] The Player <Dave_TheCoolguy_> has crafted 4 of WOOD at X= -690, Y= 75, Z= 305
[2024-03-18 14:44:12] [world] The Player <Dave_TheCoolguy_> has crafted 4 of WOOD at X= -690, Y= 75, Z= 305
[2024-03-18 14:44:12] [world] The Player <Dave_TheCoolguy_> has crafted 4 of WOOD at X= -690, Y= 75, Z= 305
[2024-03-18 14:44:12] [world] The Player <Dave_TheCoolguy_> has crafted 4 of WOOD at X= -690, Y= 75, Z= 305
[2024-03-18 14:44:12] [world] The Player <Dave_TheCoolguy_> has crafted 4 of WOOD at X= -690, Y= 75, Z= 305
[2024-03-18 15:14:00] [world] The Player <Rip_Dogwater> has crafted 4 of WOOD at X= -575, Y= 68, Z= 249
[2024-03-18 15:14:00] [world] The Player <Rip_Dogwater> has crafted 4 of WOOD at X= -575, Y= 68, Z= 249
[2024-03-18 15:14:01] [world] The Player <Rip_Dogwater> has crafted 4 of WOOD at X= -575, Y= 68, Z= 249
[2024-03-18 15:14:01] [world] The Player <Rip_Dogwater> has crafted 4 of WOOD at X= -575, Y= 68, Z= 249
[2024-03-18 15:14:04] [world] The Player <Rip_Dogwater> has crafted 1 of WORKBENCH at X= -575, Y= 68, Z= 249
[2024-03-18 15:14:24] [world] The Player <hexa> has crafted 4 of WOOD at X= -622, Y= 67, Z= 238
[2024-03-18 15:14:24] [world] The Player <hexa> has crafted 4 of WOOD at X= -622, Y= 67, Z= 238
[2024-03-18 15:14:27] [world] The Player <hexa> has crafted 1 of WORKBENCH at X= -622, Y= 67, Z= 238
[2024-03-18 15:15:00] [world] The Player <hexa> has crafted 4 of STICK at X= -619, Y= 67, Z= 232
[2024-03-18 15:15:23] [world] The Player <hexa> has crafted 1 of IRON SWORD at X= -619, Y= 67, Z= 232
[2024-03-18 15:15:32] [world] The Player <hexa> has crafted 1 of IRON AXE at X= -619, Y= 67, Z= 232
[2024-03-18 15:18:03] [world] The Player <hexa> has crafted 1 of IRON CHESTPLATE at X= -562, Y= 67, Z= 413
[2024-03-18 15:18:07] [world] The Player <hexa> has crafted 1 of IRON LEGGINGS at X= -562, Y= 67, Z= 413
[2024-03-18 15:18:11] [world] The Player <hexa> has crafted 4 of STICK at X= -562, Y= 67, Z= 413
[2024-03-18 15:18:14] [world] The Player <hexa> has crafted 1 of IRON PICKAXE at X= -562, Y= 67, Z= 413
[2024-03-18 15:18:15] [world] The Player <hexa> has crafted 1 of IRON PICKAXE at X= -562, Y= 67, Z= 413
[2024-03-18 15:22:11] [world] The Player <Dave_TheCoolguy_> has crafted 4 of WOOD STAIRS at X= -689, Y= 71, Z= 304
[2024-03-18 15:22:49] [world] The Player <Dave_TheCoolguy_> has crafted 4 of WOOD STAIRS at X= -689, Y= 71, Z= 304
[2024-03-18 15:23:55] [world_nether] The Player <qwerty> has crafted 4 of WOOD at X= -68, Y= 44, Z= 43
[2024-03-18 15:23:55] [world] The Player <Dave_TheCoolguy_> has crafted 1 of INK SACK at X= -685, Y= 71, Z= 305
[2024-03-18 15:23:55] [world] The Player <Dave_TheCoolguy_> has crafted 1 of INK SACK at X= -685, Y= 71, Z= 305
[2024-03-18 15:23:55] [world] The Player <Dave_TheCoolguy_> has crafted 1 of INK SACK at X= -685, Y= 71, Z= 305
[2024-03-18 15:23:58] [world_nether] The Player <qwerty> has crafted 1 of WORKBENCH at X= -68, Y= 44, Z= 43
[2024-03-18 15:23:58] [world] The Player <Dave_TheCoolguy_> has crafted 1 of INK SACK at X= -685, Y= 71, Z= 305
[2024-03-18 15:23:59] [world] The Player <Dave_TheCoolguy_> has crafted 1 of INK SACK at X= -685, Y= 71, Z= 305
[2024-03-18 15:23:59] [world] The Player <Dave_TheCoolguy_> has crafted 1 of INK SACK at X= -685, Y= 71, Z= 305
[2024-03-18 15:24:03] [world] The Player <Dave_TheCoolguy_> has crafted 2 of INK SACK at X= -685, Y= 71, Z= 305
[2024-03-18 15:24:03] [world] The Player <Dave_TheCoolguy_> has crafted 2 of INK SACK at X= -685, Y= 71, Z= 305
[2024-03-18 15:24:03] [world] The Player <Dave_TheCoolguy_> has crafted 2 of INK SACK at X= -685, Y= 71, Z= 305
[2024-03-18 15:24:14] [world] The Player <Dave_TheCoolguy_> has crafted 1 of WOOL at X= -685, Y= 71, Z= 305
[2024-03-18 15:24:14] [world_nether] The Player <qwerty> has crafted 3 of PAPER at X= -68, Y= 47, Z= 47
[2024-03-18 15:24:14] [world] The Player <Dave_TheCoolguy_> has crafted 1 of WOOL at X= -685, Y= 71, Z= 305
[2024-03-18 15:24:14] [world] The Player <Dave_TheCoolguy_> has crafted 1 of WOOL at X= -685, Y= 71, Z= 305
[2024-03-18 15:24:15] [world_nether] The Player <qwerty> has crafted 3 of PAPER at X= -68, Y= 47, Z= 47
[2024-03-18 15:24:15] [world] The Player <Dave_TheCoolguy_> has crafted 1 of WOOL at X= -685, Y= 71, Z= 305
[2024-03-18 15:24:15] [world_nether] The Player <qwerty> has crafted 3 of PAPER at X= -68, Y= 47, Z= 47
[2024-03-18 15:24:15] [world_nether] The Player <qwerty> has crafted 3 of PAPER at X= -68, Y= 47, Z= 47
[2024-03-18 15:24:23] [world_nether] The Player <qwerty> has crafted 1 of BOOK at X= -68, Y= 47, Z= 47
[2024-03-18 15:24:34] [world] The Player <Dave_TheCoolguy_> has crafted 1 of BED at X= -688, Y= 71, Z= 304
[2024-03-18 15:25:26] [world] The Player <Dave_TheCoolguy_> has crafted 1 of CHEST at X= -688, Y= 75, Z= 304
[2024-03-18 15:27:07] [world] The Player <Dave_TheCoolguy_> has crafted 3 of FENCE at X= -688, Y= 75, Z= 304
[2024-03-18 15:27:22] [world] The Player <Dave_TheCoolguy_> has crafted 3 of FENCE at X= -688, Y= 75, Z= 304
[2024-03-18 15:29:50] [world] The Player <Dave_TheCoolguy_> has crafted 3 of SIGN at X= -688, Y= 75, Z= 305
[2024-03-18 15:32:01] [world] The Player <Dave_TheCoolguy_> has crafted 3 of SPRUCE DOOR ITEM at X= -689, Y= 75, Z= 305
[2024-03-18 15:33:00] [world] The Player <qwerty> has crafted 1 of BOOK at X= -495, Y= 72, Z= -499
[2024-03-18 15:33:00] [world] The Player <qwerty> has crafted 1 of BOOK at X= -495, Y= 72, Z= -499
[2024-03-18 15:33:00] [world] The Player <qwerty> has crafted 1 of BOOK at X= -495, Y= 72, Z= -499
[2024-03-18 15:37:55] [world] The Player <qwerty> has crafted 3 of PAPER at X= -494, Y= 72, Z= -501
[2024-03-18 15:37:55] [world] The Player <qwerty> has crafted 3 of PAPER at X= -494, Y= 72, Z= -501
[2024-03-18 15:37:56] [world] The Player <qwerty> has crafted 1 of SUGAR at X= -494, Y= 72, Z= -501
[2024-03-18 15:37:56] [world] The Player <qwerty> has crafted 1 of SUGAR at X= -494, Y= 72, Z= -501
[2024-03-18 15:37:59] [world] The Player <qwerty> has crafted 1 of SUGAR at X= -494, Y= 72, Z= -501
[2024-03-18 15:37:59] [world] The Player <qwerty> has crafted 1 of SUGAR at X= -494, Y= 72, Z= -501
[2024-03-18 15:38:05] [world] The Player <qwerty> has crafted 1 of BOOK at X= -494, Y= 72, Z= -501
[2024-03-18 15:38:06] [world] The Player <qwerty> has crafted 1 of BOOK at X= -494, Y= 72, Z= -501
[2024-03-18 15:49:10] [world] The Player <WienerDogFace> has crafted 4 of STICK at X= -978, Y= 11, Z= 1144
[2024-03-18 15:50:42] [world] The Player <WienerDogFace> has crafted 4 of TORCH at X= -978, Y= 11, Z= 1144
[2024-03-18 15:56:37] [world] The Player <qwerty> has crafted 4 of WOOD at X= -495, Y= 72, Z= -498
[2024-03-18 15:56:37] [world] The Player <qwerty> has crafted 4 of WOOD at X= -495, Y= 72, Z= -498
[2024-03-18 15:56:37] [world] The Player <qwerty> has crafted 4 of WOOD at X= -495, Y= 72, Z= -498
[2024-03-18 15:56:42] [world] The Player <qwerty> has crafted 1 of CHEST at X= -495, Y= 72, Z= -498
[2024-03-18 16:10:55] [world] The Player <Mudkips_Rule> has crafted 1 of SUGAR at X= -1353, Y= 67, Z= -240
[2024-03-18 16:10:55] [world] The Player <Mudkips_Rule> has crafted 1 of SUGAR at X= -1353, Y= 67, Z= -240
[2024-03-18 16:10:55] [world] The Player <Mudkips_Rule> has crafted 1 of SUGAR at X= -1353, Y= 67, Z= -240
[2024-03-18 16:10:55] [world] The Player <Mudkips_Rule> has crafted 1 of SUGAR at X= -1353, Y= 67, Z= -240
[2024-03-18 16:10:55] [world] The Player <Mudkips_Rule> has crafted 1 of SUGAR at X= -1353, Y= 67, Z= -240
[2024-03-18 16:10:56] [world] The Player <Mudkips_Rule> has crafted 1 of SUGAR at X= -1353, Y= 67, Z= -240
[2024-03-18 16:10:56] [world] The Player <Mudkips_Rule> has crafted 1 of SUGAR at X= -1353, Y= 67, Z= -240
[2024-03-18 16:10:57] [world] The Player <Mudkips_Rule> has crafted 1 of SUGAR at X= -1353, Y= 67, Z= -240
[2024-03-18 16:10:57] [world] The Player <Mudkips_Rule> has crafted 1 of SUGAR at X= -1353, Y= 67, Z= -240
[2024-03-18 16:10:57] [world] The Player <Mudkips_Rule> has crafted 1 of SUGAR at X= -1353, Y= 67, Z= -240
[2024-03-18 16:10:57] [world] The Player <Mudkips_Rule> has crafted 1 of SUGAR at X= -1353, Y= 67, Z= -240
[2024-03-18 16:10:58] [world] The Player <Mudkips_Rule> has crafted 1 of SUGAR at X= -1353, Y= 67, Z= -240
[2024-03-18 16:12:33] [world] The Player <Mudkips_Rule> has crafted 1 of FERMENTED SPIDER EYE at X= -1354, Y= 67, Z= -237
[2024-03-18 16:12:33] [world] The Player <Mudkips_Rule> has crafted 1 of FERMENTED SPIDER EYE at X= -1354, Y= 67, Z= -237
[2024-03-18 16:12:35] [world] The Player <Mudkips_Rule> has crafted 1 of FERMENTED SPIDER EYE at X= -1354, Y= 67, Z= -237
[2024-03-18 16:12:35] [world] The Player <Mudkips_Rule> has crafted 1 of FERMENTED SPIDER EYE at X= -1354, Y= 67, Z= -237
[2024-03-18 16:12:36] [world] The Player <Mudkips_Rule> has crafted 1 of FERMENTED SPIDER EYE at X= -1354, Y= 67, Z= -237
[2024-03-18 19:18:39] [world] The Player <Sword4001> has crafted 4 of WOOD at X= -577, Y= 68, Z= 250
[2024-03-18 19:18:48] [world] The Player <Sword4001> has crafted 1 of WORKBENCH at X= -577, Y= 68, Z= 250
[2024-03-18 19:19:24] [world] The Player <Sword4001> has crafted 1 of IRON LEGGINGS at X= -587, Y= 68, Z= 240
[2024-03-18 19:19:30] [world] The Player <Sword4001> has crafted 1 of IRON HELMET at X= -587, Y= 68, Z= 240
[2024-03-18 19:19:40] [world] The Player <Sword4001> has crafted 1 of IRON BOOTS at X= -587, Y= 68, Z= 240
[2024-03-18 21:16:57] [world] The Player <character> has crafted 4 of WOOD at X= -730, Y= 15, Z= 93
[2024-03-18 21:16:57] [world] The Player <character> has crafted 4 of WOOD at X= -730, Y= 15, Z= 93
[2024-03-18 21:16:57] [world] The Player <character> has crafted 4 of WOOD at X= -730, Y= 15, Z= 93
[2024-03-18 21:16:57] [world] The Player <character> has crafted 4 of WOOD at X= -730, Y= 15, Z= 93
[2024-03-18 21:16:58] [world] The Player <character> has crafted 4 of WOOD at X= -730, Y= 15, Z= 93
[2024-03-18 21:16:58] [world] The Player <character> has crafted 4 of WOOD at X= -730, Y= 15, Z= 93
[2024-03-18 21:16:58] [world] The Player <character> has crafted 4 of WOOD at X= -730, Y= 15, Z= 93
[2024-03-18 21:16:58] [world] The Player <character> has crafted 4 of WOOD at X= -730, Y= 15, Z= 93
[2024-03-18 21:16:59] [world] The Player <character> has crafted 4 of WOOD at X= -730, Y= 15, Z= 93
[2024-03-18 21:16:59] [world] The Player <character> has crafted 4 of WOOD at X= -730, Y= 15, Z= 93
[2024-03-18 21:16:59] [world] The Player <character> has crafted 4 of WOOD at X= -730, Y= 15, Z= 93
[2024-03-18 21:16:59] [world] The Player <character> has crafted 4 of WOOD at X= -730, Y= 15, Z= 93
[2024-03-18 21:17:04] [world] The Player <character> has crafted 4 of STICK at X= -730, Y= 15, Z= 93
[2024-03-18 21:17:05] [world] The Player <character> has crafted 4 of STICK at X= -730, Y= 15, Z= 93
[2024-03-18 21:17:05] [world] The Player <character> has crafted 4 of STICK at X= -730, Y= 15, Z= 93
[2024-03-18 21:17:05] [world] The Player <character> has crafted 4 of STICK at X= -730, Y= 15, Z= 93
[2024-03-18 21:17:06] [world] The Player <character> has crafted 4 of STICK at X= -730, Y= 15, Z= 93
[2024-03-18 21:17:18] [world] The Player <character> has crafted 4 of TORCH at X= -730, Y= 15, Z= 93
[2024-03-18 21:17:18] [world] The Player <character> has crafted 4 of TORCH at X= -730, Y= 15, Z= 93
[2024-03-18 21:17:19] [world] The Player <character> has crafted 4 of TORCH at X= -730, Y= 15, Z= 93
[2024-03-18 21:17:19] [world] The Player <character> has crafted 4 of TORCH at X= -730, Y= 15, Z= 93
[2024-03-18 21:17:19] [world] The Player <character> has crafted 4 of TORCH at X= -730, Y= 15, Z= 93
[2024-03-18 21:17:19] [world] The Player <character> has crafted 4 of TORCH at X= -730, Y= 15, Z= 93
[2024-03-18 21:17:20] [world] The Player <character> has crafted 4 of TORCH at X= -730, Y= 15, Z= 93
[2024-03-18 21:17:20] [world] The Player <character> has crafted 4 of TORCH at X= -730, Y= 15, Z= 93
[2024-03-18 21:17:20] [world] The Player <character> has crafted 4 of TORCH at X= -730, Y= 15, Z= 93
[2024-03-18 21:17:20] [world] The Player <character> has crafted 4 of TORCH at X= -730, Y= 15, Z= 93
[2024-03-18 21:17:20] [world] The Player <character> has crafted 4 of TORCH at X= -730, Y= 15, Z= 93
