[2024-03-28 01:05:10] [world_the_end] The Player <Heinrich_Himmler> has crafted 1 of FURNACE at X= -14, Y= 62, Z= -66
[2024-03-28 02:14:55] [world_the_end] The Player <Heinrich_Himmler> has crafted 9 of COAL at X= 34, Y= 14, Z= 195
[2024-03-28 02:14:55] [world_the_end] The Player <Heinrich_Himmler> has crafted 9 of COAL at X= 34, Y= 14, Z= 195
[2024-03-28 02:14:55] [world_the_end] The Player <Heinrich_Himmler> has crafted 9 of COAL at X= 34, Y= 14, Z= 195
[2024-03-28 02:14:56] [world_the_end] The Player <Heinrich_Himmler> has crafted 9 of COAL at X= 34, Y= 14, Z= 195
[2024-03-28 02:14:56] [world_the_end] The Player <Heinrich_Himmler> has crafted 9 of COAL at X= 34, Y= 14, Z= 195
[2024-03-28 02:14:56] [world_the_end] The Player <Heinrich_Himmler> has crafted 9 of COAL at X= 34, Y= 14, Z= 195
[2024-03-28 02:14:59] [world_the_end] The Player <Heinrich_Himmler> has crafted 9 of COAL at X= 34, Y= 14, Z= 195
[2024-03-28 02:14:59] [world_the_end] The Player <Heinrich_Himmler> has crafted 9 of COAL at X= 34, Y= 14, Z= 195
[2024-03-28 02:14:59] [world_the_end] The Player <Heinrich_Himmler> has crafted 9 of COAL at X= 34, Y= 14, Z= 195
[2024-03-28 02:14:59] [world_the_end] The Player <Heinrich_Himmler> has crafted 9 of COAL at X= 34, Y= 14, Z= 195
[2024-03-28 02:14:59] [world_the_end] The Player <Heinrich_Himmler> has crafted 9 of COAL at X= 34, Y= 14, Z= 195
[2024-03-28 02:14:59] [world_the_end] The Player <Heinrich_Himmler> has crafted 9 of COAL at X= 34, Y= 14, Z= 195
[2024-03-28 02:15:00] [world_the_end] The Player <Heinrich_Himmler> has crafted 9 of COAL at X= 34, Y= 14, Z= 195
[2024-03-28 02:15:01] [world_the_end] The Player <Heinrich_Himmler> has crafted 9 of COAL at X= 34, Y= 14, Z= 195
[2024-03-28 02:15:02] [world_the_end] The Player <Heinrich_Himmler> has crafted 9 of COAL at X= 34, Y= 14, Z= 195
[2024-03-28 02:15:02] [world_the_end] The Player <Heinrich_Himmler> has crafted 9 of COAL at X= 34, Y= 14, Z= 195
[2024-03-28 02:15:02] [world_the_end] The Player <Heinrich_Himmler> has crafted 9 of COAL at X= 34, Y= 14, Z= 195
[2024-03-28 02:15:02] [world_the_end] The Player <Heinrich_Himmler> has crafted 9 of COAL at X= 34, Y= 14, Z= 195
[2024-03-28 02:15:02] [world_the_end] The Player <Heinrich_Himmler> has crafted 9 of COAL at X= 34, Y= 14, Z= 195
[2024-03-28 02:15:03] [world_the_end] The Player <Heinrich_Himmler> has crafted 9 of COAL at X= 34, Y= 14, Z= 195
[2024-03-28 02:15:03] [world_the_end] The Player <Heinrich_Himmler> has crafted 9 of COAL at X= 34, Y= 14, Z= 195
[2024-03-28 02:15:03] [world_the_end] The Player <Heinrich_Himmler> has crafted 9 of COAL at X= 34, Y= 14, Z= 195
[2024-03-28 02:15:03] [world_the_end] The Player <Heinrich_Himmler> has crafted 9 of COAL at X= 34, Y= 14, Z= 195
[2024-03-28 02:15:03] [world_the_end] The Player <Heinrich_Himmler> has crafted 9 of COAL at X= 34, Y= 14, Z= 195
[2024-03-28 02:15:04] [world_the_end] The Player <Heinrich_Himmler> has crafted 9 of COAL at X= 34, Y= 14, Z= 195
[2024-03-28 02:15:04] [world_the_end] The Player <Heinrich_Himmler> has crafted 9 of COAL at X= 34, Y= 14, Z= 195
[2024-03-28 02:15:05] [world_the_end] The Player <Heinrich_Himmler> has crafted 9 of COAL at X= 34, Y= 14, Z= 195
[2024-03-28 02:15:05] [world_the_end] The Player <Heinrich_Himmler> has crafted 9 of COAL at X= 34, Y= 14, Z= 195
[2024-03-28 02:15:05] [world_the_end] The Player <Heinrich_Himmler> has crafted 9 of COAL at X= 34, Y= 14, Z= 195
[2024-03-28 02:17:54] [world_the_end] The Player <Heinrich_Himmler> has crafted 1 of BUCKET at X= -14, Y= 62, Z= -65
[2024-03-28 04:44:03] [world_the_end] The Player <Milk_Frog> has crafted 1 of BREWING STAND ITEM at X= -13, Y= 62, Z= -66
[2024-03-28 15:12:15] [world] The Player <xcpc> has crafted 1 of IRON BOOTS at X= -453, Y= 71, Z= 255
[2024-03-28 15:12:31] [world] The Player <xcpc> has crafted 1 of IRON HELMET at X= -453, Y= 71, Z= 255
[2024-03-28 15:14:02] [world] The Player <xcpc> has crafted 1 of IRON CHESTPLATE at X= -453, Y= 71, Z= 255
[2024-03-28 15:19:45] [world] The Player <xcpc> has crafted 1 of BUCKET at X= -451, Y= 71, Z= 255
[2024-03-28 15:27:49] [world] The Player <xcpc> has crafted 1 of IRON PICKAXE at X= -452, Y= 71, Z= 254
[2024-03-28 15:50:47] [world] The Player <xcpc> has crafted 1 of BOAT at X= -514, Y= 63, Z= 464
[2024-03-28 15:59:04] [world] The Player <xcpc> has crafted 1 of IRON SWORD at X= -597, Y= 69, Z= 374
[2024-03-28 16:10:30] [world] The Player <GolemDaWanderer> has crafted 1 of QUARTZ BLOCK at X= -580, Y= 69, Z= 348
[2024-03-28 17:05:25] [world] The Player <xcpc> has crafted 3 of INK SACK at X= -305, Y= 70, Z= 278
[2024-03-28 17:08:14] [world] The Player <xcpc> has crafted 4 of WOOD at X= -307, Y= 70, Z= 279
[2024-03-28 17:08:15] [world] The Player <xcpc> has crafted 4 of WOOD at X= -307, Y= 70, Z= 279
[2024-03-28 17:22:47] [world] The Player <xcpc> has crafted 4 of STICK at X= -308, Y= 70, Z= 275
[2024-03-28 17:22:51] [world] The Player <xcpc> has crafted 3 of LADDER at X= -308, Y= 70, Z= 275
[2024-03-28 17:23:10] [world] The Player <xcpc> has crafted 1 of IRON SPADE at X= -309, Y= 70, Z= 274
[2024-03-28 17:23:12] [world] The Player <xcpc> has crafted 4 of STICK at X= -309, Y= 70, Z= 274
[2024-03-28 17:23:17] [world] The Player <xcpc> has crafted 1 of IRON AXE at X= -309, Y= 70, Z= 274
[2024-03-28 17:24:58] [world] The Player <xcpc> has crafted 1 of IRON PICKAXE at X= -307, Y= 70, Z= 274
[2024-03-28 17:35:11] [world] The Player <xcpc> has crafted 4 of WOOD at X= -309, Y= 70, Z= 275
[2024-03-28 17:55:45] [world] The Player <xcpc> has crafted 4 of TORCH at X= -309, Y= 70, Z= 276
[2024-03-28 17:56:50] [world] The Player <xcpc> has crafted 4 of SMOOTH BRICK at X= -309, Y= 70, Z= 275
[2024-03-28 17:58:15] [world] The Player <xcpc> has crafted 4 of SMOOTH BRICK at X= -308, Y= 70, Z= 275
[2024-03-28 17:58:54] [world] The Player <xcpc> has crafted 4 of STICK at X= -308, Y= 70, Z= 275
[2024-03-28 17:58:58] [world] The Player <xcpc> has crafted 1 of IRON PICKAXE at X= -308, Y= 70, Z= 275
[2024-03-28 17:59:21] [world] The Player <xcpc> has crafted 4 of SMOOTH BRICK at X= -308, Y= 70, Z= 275
[2024-03-28 18:00:27] [world] The Player <xcpc> has crafted 4 of SMOOTH BRICK at X= -308, Y= 70, Z= 275
[2024-03-28 18:00:48] [world] The Player <xcpc> has crafted 4 of SMOOTH BRICK at X= -308, Y= 70, Z= 275
[2024-03-28 18:03:11] [world] The Player <xcpc> has crafted 4 of SMOOTH BRICK at X= -308, Y= 70, Z= 275
[2024-03-28 18:04:19] [world] The Player <xcpc> has crafted 4 of SMOOTH BRICK at X= -308, Y= 70, Z= 274
[2024-03-28 18:15:35] [world] The Player <xcpc> has crafted 4 of STICK at X= -308, Y= 70, Z= 274
[2024-03-28 18:15:39] [world] The Player <xcpc> has crafted 3 of SIGN at X= -308, Y= 70, Z= 274
[2024-03-28 18:19:03] [world] The Player <xcpc> has crafted 1 of BUCKET at X= -294, Y= 13, Z= 209
[2024-03-28 18:26:26] [world] The Player <xcpc> has crafted 1 of WORKBENCH at X= -273, Y= 44, Z= 244
[2024-03-28 18:26:33] [world] The Player <xcpc> has crafted 1 of IRON SPADE at X= -273, Y= 44, Z= 244
[2024-03-28 18:30:40] [world] The Player <xcpc> has crafted 1 of CHEST at X= -308, Y= 70, Z= 276
[2024-03-28 18:31:13] [world] The Player <xcpc> has crafted 2 of TRIPWIRE HOOK at X= -308, Y= 70, Z= 274
[2024-03-28 18:31:27] [world] The Player <xcpc> has crafted 4 of WOOD at X= -308, Y= 70, Z= 274
[2024-03-28 18:31:31] [world] The Player <xcpc> has crafted 1 of CHEST at X= -308, Y= 70, Z= 274
[2024-03-28 18:31:40] [world] The Player <xcpc> has crafted 1 of TRAPPED CHEST at X= -308, Y= 70, Z= 275
[2024-03-28 18:32:26] [world] The Player <xcpc> has crafted 4 of SMOOTH BRICK at X= -308, Y= 70, Z= 276
[2024-03-28 18:36:24] [world] The Player <xcpc> has crafted 1 of BUCKET at X= -308, Y= 70, Z= 275
[2024-03-28 18:41:57] [world] The Player <xcpc> has crafted 1 of IRON BLOCK at X= -308, Y= 70, Z= 275
[2024-03-28 18:41:59] [world] The Player <xcpc> has crafted 9 of IRON INGOT at X= -308, Y= 70, Z= 275
[2024-03-28 18:42:03] [world] The Player <xcpc> has crafted 1 of IRON BLOCK at X= -308, Y= 70, Z= 275
[2024-03-28 18:42:10] [world] The Player <xcpc> has crafted 1 of IRON BLOCK at X= -307, Y= 70, Z= 275
[2024-03-28 18:42:23] [world] The Player <xcpc> has crafted 1 of REDSTONE BLOCK at X= -307, Y= 70, Z= 274
[2024-03-28 18:42:26] [world] The Player <xcpc> has crafted 9 of REDSTONE at X= -307, Y= 70, Z= 274
[2024-03-28 18:42:43] [world] The Player <xcpc> has crafted 1 of REDSTONE BLOCK at X= -307, Y= 70, Z= 274
[2024-03-28 18:47:34] [world] The Player <xcpc> has crafted 4 of WOOD at X= -308, Y= 70, Z= 274
[2024-03-28 18:47:37] [world] The Player <xcpc> has crafted 4 of STICK at X= -308, Y= 70, Z= 274
[2024-03-28 18:47:39] [world] The Player <xcpc> has crafted 4 of STICK at X= -308, Y= 70, Z= 274
[2024-03-28 18:48:13] [world] The Player <xcpc> has crafted 3 of FENCE at X= -308, Y= 70, Z= 274
[2024-03-28 18:48:20] [world] The Player <xcpc> has crafted 3 of FENCE at X= -308, Y= 70, Z= 274
[2024-03-28 18:49:43] [world] The Player <xcpc> has crafted 4 of STICK at X= -309, Y= 70, Z= 275
[2024-03-28 18:49:47] [world] The Player <xcpc> has crafted 3 of FENCE at X= -309, Y= 70, Z= 275
[2024-03-28 18:52:02] [world] The Player <xcpc> has crafted 3 of CARPET at X= -308, Y= 70, Z= 275
[2024-03-28 18:52:04] [world] The Player <xcpc> has crafted 3 of CARPET at X= -308, Y= 70, Z= 275
[2024-03-28 18:52:06] [world] The Player <xcpc> has crafted 3 of CARPET at X= -308, Y= 70, Z= 275
[2024-03-28 18:52:10] [world] The Player <xcpc> has crafted 1 of BED at X= -308, Y= 70, Z= 275
[2024-03-28 18:53:04] [world] The Player <xcpc> has crafted 1 of WOOL at X= -308, Y= 70, Z= 275
[2024-03-28 18:53:06] [world] The Player <xcpc> has crafted 3 of CARPET at X= -308, Y= 70, Z= 275
[2024-03-28 18:53:49] [world] The Player <xcpc> has crafted 1 of INK SACK at X= -303, Y= 70, Z= 276
[2024-03-28 20:23:20] [world] The Player <BTC> has crafted 4 of WOOD at X= -230, Y= 71, Z= 153
[2024-03-28 20:23:31] [world] The Player <BTC> has crafted 1 of WORKBENCH at X= -230, Y= 71, Z= 153
[2024-03-28 20:23:31] [world] The Player <BTC> has crafted 4 of STICK at X= -230, Y= 71, Z= 153
[2024-03-28 20:23:32] [world] The Player <BTC> has crafted 4 of STICK at X= -230, Y= 71, Z= 153
[2024-03-28 20:23:35] [world] The Player <BTC> has crafted 4 of STICK at X= -230, Y= 71, Z= 153
[2024-03-28 20:23:37] [world] The Player <BTC> has crafted 4 of STICK at X= -230, Y= 71, Z= 153
[2024-03-28 20:23:52] [world] The Player <BTC> has crafted 1 of FURNACE at X= -230, Y= 71, Z= 153
[2024-03-28 20:25:22] [world] The Player <BTC> has crafted 1 of BOAT at X= -165, Y= 66, Z= 128
[2024-03-28 20:52:10] [world] The Player <BTC> has crafted 1 of IRON PICKAXE at X= 733, Y= 11, Z= 90
[2024-03-28 21:00:42] [world] The Player <BTC> has crafted 1 of DIAMOND PICKAXE at X= 621, Y= 9, Z= 149
[2024-03-28 23:09:55] [world] The Player <xcpc> has crafted 4 of STICK at X= -308, Y= 70, Z= 275
[2024-03-28 23:09:59] [world] The Player <xcpc> has crafted 1 of IRON AXE at X= -308, Y= 70, Z= 275
[2024-03-28 23:13:25] [world] The Player <xcpc> has crafted 1 of SHEARS at X= -308, Y= 70, Z= 275
[2024-03-28 23:21:15] [world] The Player <xcpc> has crafted 3 of SIGN at X= -307, Y= 70, Z= 275
[2024-03-28 23:22:54] [world] The Player <xcpc> has crafted 4 of STICK at X= -314, Y= 64, Z= 274
[2024-03-28 23:22:58] [world] The Player <xcpc> has crafted 4 of WOOD at X= -314, Y= 64, Z= 274
[2024-03-28 23:23:00] [world] The Player <xcpc> has crafted 1 of WORKBENCH at X= -314, Y= 64, Z= 274
[2024-03-28 23:23:10] [world] The Player <xcpc> has crafted 3 of LADDER at X= -313, Y= 64, Z= 274
[2024-03-29 00:15:10] [world] The Player <BTC> has crafted 4 of WOOD at X= -1003, Y= 64, Z= 591
[2024-03-29 00:15:18] [world] The Player <BTC> has crafted 1 of WORKBENCH at X= -1003, Y= 64, Z= 591
[2024-03-29 00:15:18] [world] The Player <BTC> has crafted 4 of STICK at X= -1003, Y= 64, Z= 591
[2024-03-29 00:24:00] [world] The Player <BTC> has crafted 1 of WORKBENCH at X= -1761, Y= 62, Z= 536
[2024-03-29 00:24:08] [world] The Player <BTC> has crafted 1 of BOAT at X= -1762, Y= 63, Z= 536
[2024-03-29 00:33:36] [world] The Player <BTC> has crafted 1 of WORKBENCH at X= -3050, Y= 30, Z= 517
[2024-03-29 00:33:59] [world] The Player <BTC> has crafted 1 of CHEST at X= -3049, Y= 30, Z= 518
[2024-03-29 01:00:38] [world] The Player <BTC> has crafted 4 of WOOD at X= -3553, Y= 6, Z= 238
[2024-03-29 01:00:45] [world] The Player <BTC> has crafted 1 of WORKBENCH at X= -3553, Y= 6, Z= 238
[2024-03-29 01:00:55] [world] The Player <BTC> has crafted 1 of DIAMOND PICKAXE at X= -3553, Y= 7, Z= 238
[2024-03-29 01:17:30] [world] The Player <BTC> has crafted 4 of WOOD at X= -3570, Y= 9, Z= 152
[2024-03-29 01:17:31] [world] The Player <BTC> has crafted 4 of WOOD at X= -3570, Y= 9, Z= 152
[2024-03-29 01:17:31] [world] The Player <BTC> has crafted 4 of WOOD at X= -3570, Y= 9, Z= 152
[2024-03-29 01:17:31] [world] The Player <BTC> has crafted 4 of WOOD at X= -3570, Y= 9, Z= 152
[2024-03-29 01:17:32] [world] The Player <BTC> has crafted 4 of WOOD at X= -3570, Y= 9, Z= 152
[2024-03-29 01:17:32] [world] The Player <BTC> has crafted 4 of WOOD at X= -3570, Y= 9, Z= 152
[2024-03-29 01:17:32] [world] The Player <BTC> has crafted 4 of WOOD at X= -3570, Y= 9, Z= 152
[2024-03-29 01:17:32] [world] The Player <BTC> has crafted 4 of WOOD at X= -3570, Y= 9, Z= 152
[2024-03-29 01:17:33] [world] The Player <BTC> has crafted 4 of WOOD at X= -3570, Y= 9, Z= 152
[2024-03-29 01:17:33] [world] The Player <BTC> has crafted 4 of WOOD at X= -3570, Y= 9, Z= 152
[2024-03-29 01:17:33] [world] The Player <BTC> has crafted 4 of WOOD at X= -3570, Y= 9, Z= 152
[2024-03-29 01:17:36] [world] The Player <BTC> has crafted 4 of WOOD at X= -3570, Y= 9, Z= 152
[2024-03-29 01:17:44] [world] The Player <BTC> has crafted 1 of WORKBENCH at X= -3569, Y= 9, Z= 152
[2024-03-29 01:17:58] [world] The Player <BTC> has crafted 4 of TORCH at X= -3570, Y= 9, Z= 152
[2024-03-29 01:20:00] [world] The Player <BTC> has crafted 3 of PAPER at X= -3571, Y= 9, Z= 151
[2024-03-29 01:20:05] [world] The Player <BTC> has crafted 1 of BOOK at X= -3571, Y= 9, Z= 151
[2024-03-29 01:20:25] [world] The Player <BTC> has crafted 1 of ENCHANTMENT TABLE at X= -3571, Y= 9, Z= 151
[2024-03-29 01:21:45] [world] The Player <BTC> has crafted 1 of DIAMOND CHESTPLATE at X= -3571, Y= 9, Z= 151
[2024-03-29 01:21:48] [world] The Player <BTC> has crafted 1 of DIAMOND HELMET at X= -3571, Y= 9, Z= 151
[2024-03-29 01:21:54] [world] The Player <BTC> has crafted 1 of DIAMOND BOOTS at X= -3571, Y= 9, Z= 151
[2024-03-29 01:22:02] [world] The Player <BTC> has crafted 1 of DIAMOND LEGGINGS at X= -3571, Y= 9, Z= 151
[2024-03-29 01:23:24] [world] The Player <BTC> has crafted 1 of CHEST at X= -3571, Y= 9, Z= 152
[2024-03-29 01:23:25] [world] The Player <BTC> has crafted 1 of CHEST at X= -3571, Y= 9, Z= 152
[2024-03-29 01:23:25] [world] The Player <BTC> has crafted 1 of CHEST at X= -3571, Y= 9, Z= 152
[2024-03-29 01:23:26] [world] The Player <BTC> has crafted 1 of CHEST at X= -3571, Y= 9, Z= 152
[2024-03-29 01:23:26] [world] The Player <BTC> has crafted 1 of CHEST at X= -3571, Y= 9, Z= 152
[2024-03-29 16:27:41] [world] The Player <xcpc> has crafted 1 of FURNACE at X= -313, Y= 64, Z= 275
[2024-03-29 16:28:47] [world] The Player <xcpc> has crafted 1 of IRON SPADE at X= -308, Y= 70, Z= 275
[2024-03-29 16:29:05] [world] The Player <xcpc> has crafted 4 of WOOD at X= -310, Y= 70, Z= 274
[2024-03-29 16:29:55] [world] The Player <xcpc> has crafted 4 of WOOD STAIRS at X= -308, Y= 70, Z= 274
[2024-03-29 16:31:09] [world] The Player <xcpc> has crafted 4 of WOOD STAIRS at X= -310, Y= 70, Z= 274
[2024-03-29 16:31:57] [world] The Player <xcpc> has crafted 4 of WOOD STAIRS at X= -309, Y= 70, Z= 275
[2024-03-29 16:36:05] [world] The Player <xcpc> has crafted 4 of WOOD STAIRS at X= -310, Y= 70, Z= 275
[2024-03-29 16:36:07] [world] The Player <xcpc> has crafted 4 of WOOD STAIRS at X= -310, Y= 70, Z= 275
[2024-03-29 16:36:46] [world] The Player <xcpc> has crafted 4 of WOOD STAIRS at X= -308, Y= 70, Z= 274
[2024-03-29 16:37:33] [world] The Player <xcpc> has crafted 3 of INK SACK at X= -308, Y= 70, Z= 275
[2024-03-29 16:41:01] [world] The Player <xcpc> has crafted 4 of WOOD at X= -309, Y= 70, Z= 274
[2024-03-29 16:41:05] [world] The Player <xcpc> has crafted 1 of CHEST at X= -309, Y= 70, Z= 274
[2024-03-29 16:44:29] [world] The Player <xcpc> has crafted 4 of STONE at X= -310, Y= 70, Z= 274
[2024-03-29 16:44:43] [world] The Player <xcpc> has crafted 4 of STONE at X= -310, Y= 70, Z= 274
[2024-03-29 16:44:46] [world] The Player <xcpc> has crafted 4 of STONE at X= -310, Y= 70, Z= 274
[2024-03-29 16:48:25] [world] The Player <xcpc> has crafted 1 of ITEM FRAME at X= -308, Y= 70, Z= 274
[2024-03-29 16:48:44] [world] The Player <xcpc> has crafted 1 of ANVIL at X= -307, Y= 70, Z= 275
[2024-03-29 16:49:25] [world] The Player <xcpc> has crafted 1 of IRON BLOCK at X= -308, Y= 70, Z= 275
[2024-03-29 17:13:31] [world] The Player <xcpc> has crafted 9 of DIAMOND at X= -308, Y= 70, Z= 278
[2024-03-29 17:28:09] [world] The Player <xcpc> has crafted 1 of DIAMOND PICKAXE at X= -308, Y= 70, Z= 275
[2024-03-29 17:28:57] [world] The Player <xcpc> has crafted 4 of WOOD at X= -308, Y= 70, Z= 275
[2024-03-29 17:29:09] [world] The Player <xcpc> has crafted 4 of WOOD STAIRS at X= -308, Y= 70, Z= 275
[2024-03-29 17:29:41] [world] The Player <GolemDaWanderer> has crafted 1 of INK SACK at X= -10174, Y= 63, Z= 4116
[2024-03-29 17:39:56] [world] The Player <xcpc> has crafted 4 of SMOOTH BRICK at X= -311, Y= 64, Z= 274
[2024-03-29 17:55:16] [world] The Player <xcpc> has crafted 1 of DIAMOND AXE at X= -310, Y= 70, Z= 275
[2024-03-29 18:05:21] [world] The Player <xcpc> has crafted 4 of WOOD STAIRS at X= -308, Y= 70, Z= 275
[2024-03-29 18:08:35] [world] The Player <xcpc> has crafted 1 of HOPPER at X= -309, Y= 70, Z= 275
[2024-03-29 18:12:39] [world] The Player <xcpc> has crafted 9 of IRON INGOT at X= -307, Y= 70, Z= 278
[2024-03-29 18:13:34] [world] The Player <xcpc> has crafted 1 of HOPPER at X= -308, Y= 70, Z= 274
[2024-03-29 18:13:36] [world] The Player <xcpc> has crafted 1 of SHEARS at X= -308, Y= 70, Z= 274
[2024-03-29 18:56:32] [world] The Player <xcpc> has crafted 4 of WOOD at X= -313, Y= 63, Z= 274
[2024-03-29 18:56:37] [world] The Player <xcpc> has crafted 1 of CHEST at X= -313, Y= 63, Z= 274
[2024-03-29 19:11:13] [world] The Player <xcpc> has crafted 4 of WOOD at X= -314, Y= 74, Z= 274
[2024-03-29 19:22:42] [world] The Player <xcpc> has crafted 4 of SMOOTH BRICK at X= -313, Y= 63, Z= 273
[2024-03-29 19:30:11] [world] The Player <xcpc> has crafted 4 of SMOOTH BRICK at X= -308, Y= 70, Z= 275
[2024-03-29 19:30:53] [world] The Player <xcpc> has crafted 4 of SMOOTH BRICK at X= -309, Y= 70, Z= 275
[2024-03-29 19:46:30] [world] The Player <xcpc> has crafted 4 of SMOOTH BRICK at X= -313, Y= 63, Z= 273
[2024-03-29 21:52:25] [world] The Player <xcpc> has crafted 4 of TORCH at X= -263, Y= 35, Z= 251
[2024-03-29 22:52:39] [world] The Player <xcpc> has crafted 4 of STONE at X= -309, Y= 70, Z= 275
[2024-03-29 22:55:58] [world] The Player <xcpc> has crafted 4 of STONE at X= -256, Y= 13, Z= 247
[2024-03-29 22:59:01] [world] The Player <xcpc> has crafted 1 of BOW at X= -310, Y= 64, Z= 277
[2024-03-29 22:59:04] [world] The Player <xcpc> has crafted 1 of BOW at X= -310, Y= 64, Z= 277
[2024-03-29 22:59:08] [world] The Player <xcpc> has crafted 1 of BOW at X= -310, Y= 64, Z= 277
[2024-03-29 22:59:11] [world] The Player <xcpc> has crafted 1 of BOW at X= -310, Y= 64, Z= 277
[2024-03-29 22:59:14] [world] The Player <xcpc> has crafted 1 of BOW at X= -310, Y= 64, Z= 277
[2024-03-29 23:06:10] [world] The Player <xcpc> has crafted 4 of STONE at X= -314, Y= 64, Z= 274
[2024-03-29 23:14:25] [world] The Player <xcpc> has crafted 1 of ENCHANTMENT TABLE at X= -308, Y= 70, Z= 275
[2024-03-29 23:15:12] [world] The Player <xcpc> has crafted 3 of PAPER at X= -313, Y= 64, Z= 273
[2024-03-29 23:15:19] [world] The Player <xcpc> has crafted 1 of BOOK at X= -313, Y= 64, Z= 273
[2024-03-29 23:15:36] [world] The Player <xcpc> has crafted 4 of WOOD at X= -314, Y= 70, Z= 273
[2024-03-29 23:15:47] [world] The Player <xcpc> has crafted 1 of BOOKSHELF at X= -310, Y= 70, Z= 275
[2024-03-29 23:18:33] [world] The Player <xcpc> has crafted 1 of SHEARS at X= -293, Y= 80, Z= 284
[2024-03-29 23:22:20] [world] The Player <xcpc> has crafted 4 of WOOD at X= -312, Y= 64, Z= 274
[2024-03-29 23:22:40] [world] The Player <xcpc> has crafted 1 of BOOKSHELF at X= -313, Y= 64, Z= 274
[2024-03-29 23:24:48] [world] The Player <xcpc> has crafted 1 of WORKBENCH at X= -263, Y= 11, Z= 231
[2024-03-29 23:24:54] [world] The Player <xcpc> has crafted 1 of BUCKET at X= -263, Y= 11, Z= 231
