[2024-04-01 12:19:19] [world] The Player <Tester> has joined at -33421, 172, 13477 and their IP is null
[2024-04-01 12:19:56] [world] The Player <Char> has joined at -833, 75, 642 and their IP is null
[2024-04-01 12:20:00] [world] The Player <Tester> has joined at -33418, 172, 13475 and their IP is null
[2024-04-01 12:38:53] [world] The Player <Tester_> has joined at -578, 69, 352 and their IP is null
[2024-04-01 12:42:11] [world] The Player <Tester_> has joined at -546, 68, 249 and their IP is null
[2024-04-01 13:18:41] [world] The Player <ViggYee553> has joined at -571, 86, 318 and their IP is null
[2024-04-01 13:47:13] [world_the_end] The Player <GolemDaWanderer> has joined at -42, 68, -8 and their IP is null
[2024-04-01 13:58:23] [world] The Player <GolemDaWanderer> has joined at -10301, 39, 4029 and their IP is null
[2024-04-01 14:08:33] [world] The Player <GolemDaWanderer> has joined at -10301, 39, 4029 and their IP is null
[2024-04-01 15:00:31] [world] The Player <GolemDaWanderer> has joined at -10301, 39, 4029 and their IP is null
[2024-04-01 16:14:00] [world] The Player <GolemDaWanderer> has joined at -10301, 39, 4029 and their IP is null
[2024-04-01 16:16:52] [world] The Player <Error> has joined at -578, 85, 315 and their IP is null
[2024-04-01 17:38:31] [world] The Player <GolemDaWanderer> has joined at -10301, 39, 4029 and their IP is null
[2024-04-01 18:10:18] [world] The Player <Marshtomp12345> has joined at -553, 68, 325 and their IP is null
[2024-04-01 20:22:25] [world] The Player <GolemDaWanderer> has joined at -10301, 39, 4029 and their IP is null
[2024-04-01 20:30:38] [world] The Player <GolemDaWanderer> has joined at -10298, 35, 4029 and their IP is null
[2024-04-01 20:35:40] [world] The Player <GolemDaWanderer> has joined at -10298, 35, 4029 and their IP is null
[2024-04-01 23:11:16] [world] The Player <xcpc> has joined at -311, 70, 274 and their IP is null
[2024-04-01 23:12:28] [world] The Player <xcpc> has joined at -311, 70, 274 and their IP is null
[2024-04-02 01:51:44] [world] The Player <GolemDaWanderer> has joined at -10299, 35, 4026 and their IP is null
[2024-04-02 02:11:28] [world] The Player <xcpc> has joined at -310, 70, 276 and their IP is null
[2024-04-02 03:50:13] [world] The Player <FrostYt> has joined at -574, 87, 312 and their IP is null
[2024-04-02 09:45:48] [world] The Player <BTC> has joined at -3126, 41, 832 and their IP is null
