[2024-03-17 22:32:00] [world] The Player <bagelz> has joined at 1050, 75, 2357 and their IP is null
[2024-03-17 22:32:05] [world] The Player <TurtleDuck> has joined at -534, 70, 265 and their IP is null
[2024-03-17 22:35:37] [world] The Player <Tester> has joined at -10195, 63, 4092 and their IP is null
[2024-03-17 22:38:38] [world] The Player <Brycethelegend> has joined at -556, 88, 252 and their IP is null
[2024-03-17 22:38:49] [world] The Player <Brycethelegend> has joined at -556, 88, 252 and their IP is null
[2024-03-17 22:45:30] [world] The Player <NezukoChan> has joined at -10182, 63, 4109 and their IP is null
[2024-03-17 22:47:18] [world_the_end] The Player <NezukoChan> has joined at 97, 36, 0 and their IP is null
[2024-03-17 22:47:18] [world] The Player <Brycethelegend> has joined at -1593, 12, -209 and their IP is null
[2024-03-17 22:47:18] [world_the_end] The Player <Tester> has joined at -5, 59, -49 and their IP is null
[2024-03-17 22:47:56] [world_the_end] The Player <Tester> has joined at -9, 57, -52 and their IP is null
[2024-03-17 22:49:36] [world] The Player <Tester> has joined at -10177, 63, 4115 and their IP is null
[2024-03-17 22:50:49] [world] The Player <Heinrich_Himmler> has joined at -574, 68, 316 and their IP is null
[2024-03-17 23:01:21] [world] The Player <Tester> has joined at -10179, 63, 4112 and their IP is null
[2024-03-17 23:06:59] [world] The Player <Tester> has joined at -10181, 60, 4119 and their IP is null
[2024-03-17 23:11:40] [world] The Player <Char> has joined at -566, 75, 268 and their IP is null
[2024-03-17 23:11:41] [world] The Player <Milk_Frog> has joined at 3997, 66, -1862 and their IP is null
[2024-03-17 23:11:43] [world_nether] The Player <NezukoChan> has joined at -1265, 121, 504 and their IP is null
[2024-03-17 23:11:44] [world] The Player <TurtleDuck> has joined at 3992, 65, -1878 and their IP is null
[2024-03-17 23:11:51] [world] The Player <Brycethelegend> has joined at -554, 79, 374 and their IP is null
[2024-03-17 23:20:31] [world_nether] The Player <idkwhattoputhere> has joined at -6, 36, -17 and their IP is null
[2024-03-17 23:27:44] [world] The Player <NezukoChan> has joined at -596, 69, 335 and their IP is null
[2024-03-17 23:28:13] [world] The Player <Milk_Frog_> has joined at -877, 65, 432 and their IP is null
[2024-03-17 23:28:14] [world_nether] The Player <Char> has joined at -1276, 128, 503 and their IP is null
[2024-03-17 23:28:30] [world] The Player <Milk_Frog> has joined at -576, 65, 280 and their IP is null
[2024-03-17 23:34:38] [world] The Player <bagelz> has joined at 1035, 105, 2322 and their IP is null
[2024-03-17 23:35:56] [world] The Player <Tester> has joined at -10184, 65, 4119 and their IP is null
[2024-03-17 23:45:25] [world] The Player <Tester_> has joined at -10172, 63, 4113 and their IP is null
[2024-03-17 23:46:02] [world] The Player <Char> has joined at -576, 79, 284 and their IP is null
[2024-03-17 23:47:02] [world] The Player <Tester_> has joined at -10178, 63, 4107 and their IP is null
[2024-03-17 23:52:38] [world] The Player <Tester> has joined at -562, 88, 270 and their IP is null
[2024-03-17 23:52:46] [world] The Player <bagelz> has joined at 1037, 74, 2339 and their IP is null
[2024-03-17 23:52:53] [world] The Player <bagelz> has joined at 1037, 74, 2339 and their IP is null
[2024-03-17 23:56:28] [world] The Player <TurtleDuck> has joined at -563, 74, 278 and their IP is null
[2024-03-18 00:05:54] [world] The Player <Milk_Frog> has joined at -576, 64, 275 and their IP is null
[2024-03-18 00:05:57] [world] The Player <Koi> has joined at -612, 66, 369 and their IP is null
[2024-03-18 00:14:37] [world] The Player <Char> has joined at -573, 70, 316 and their IP is null
[2024-03-18 00:15:52] [world] The Player <Tester> has joined at -10170, 66, 4119 and their IP is null
[2024-03-18 00:16:26] [world_the_end] The Player <NezukoChan> has joined at -166, 99, 40 and their IP is null
[2024-03-18 00:18:48] [world] The Player <TurtleDuck> has joined at -580, 73, 285 and their IP is null
[2024-03-18 00:21:01] [world] The Player <TurtleDuck> has joined at -583, 73, 279 and their IP is null
[2024-03-18 00:23:21] [world] The Player <Heinrich_Himmler> has joined at -574, 69, 316 and their IP is null
[2024-03-18 00:24:10] [world] The Player <Tester> has joined at -574, 68, 277 and their IP is null
[2024-03-18 00:32:25] [world] The Player <Char> has joined at -576, 76, 289 and their IP is null
[2024-03-18 00:35:20] [world] The Player <Milk_Frog> has joined at -598, 68, 294 and their IP is null
[2024-03-18 00:41:57] [world_the_end] The Player <Tester> has joined at -25, 184, -6 and their IP is null
[2024-03-18 00:43:16] [world] The Player <TurtleDuck> has joined at -584, 67, 284 and their IP is null
[2024-03-18 00:43:41] [world] The Player <Tester> has joined at -10187, 63, 4110 and their IP is null
[2024-03-18 00:49:20] [world_nether] The Player <idkwhattoputhere> has joined at -1261, 128, 499 and their IP is null
[2024-03-18 00:49:28] [world] The Player <idkwhattoputhere> has joined at -574, 68, 316 and their IP is null
[2024-03-18 00:54:31] [world] The Player <NezukoChan> has joined at -548, 68, 273 and their IP is null
[2024-03-18 01:09:35] [world_nether] The Player <Milk_Frog> has joined at 12550, 128, -6 and their IP is null
[2024-03-18 01:17:59] [world] The Player <TurtleDuckh__uwb> has joined at -577, 85, 322 and their IP is null
[2024-03-18 01:18:21] [world] The Player <TurtleDuck> has joined at -552, 72, 285 and their IP is null
