[2024-03-18 01:29:43] [world] The Player <NezukoChan> has joined at 99991, 17, 36 and their IP is null
[2024-03-18 01:29:51] [world] The Player <NezukoChan> has joined at 99991, 17, 36 and their IP is null
[2024-03-18 01:33:56] [world_the_end] The Player <Tester> has joined at 4, 59, -12 and their IP is null
[2024-03-18 01:34:05] [world_the_end] The Player <Tester> has joined at 4, 59, -12 and their IP is null
[2024-03-18 01:34:36] [world_the_end] The Player <Tester> has joined at 4, 59, -12 and their IP is null
[2024-03-18 01:38:17] [world] The Player <Tester> has joined at -556, 88, 251 and their IP is null
[2024-03-18 01:38:25] [world] The Player <Tester> has joined at -556, 88, 251 and their IP is null
[2024-03-18 01:41:37] [world] The Player <Tester> has joined at -557, 88, 281 and their IP is null
[2024-03-18 01:47:08] [world] The Player <Tester> has joined at -542, 88, 249 and their IP is null
[2024-03-18 01:48:21] [world] The Player <Tester> has joined at -557, 88, 261 and their IP is null
[2024-03-18 01:49:38] [world] The Player <Tester> has joined at -557, 88, 261 and their IP is null
[2024-03-18 10:35:19] [world] The Player <sharky> has joined at -525, 70, -456 and their IP is null
[2024-03-18 11:04:52] [world] The Player <qwerty> has joined at -497, 77, -481 and their IP is null
[2024-03-18 11:09:12] [world] The Player <qwerty> has joined at -573, 68, 255 and their IP is null
[2024-03-18 11:11:10] [world] The Player <Mudkips_Rule> has joined at -1532, 69, -78 and their IP is null
[2024-03-18 11:11:32] [world] The Player <Rip_Dogwater> has joined at -622, 66, 434 and their IP is null
[2024-03-18 11:16:55] [world] The Player <Rip_Dogwater> has joined at -719, 65, 300 and their IP is null
[2024-03-18 11:17:01] [world] The Player <Mudkips_Rule> has joined at -496, 77, -482 and their IP is null
[2024-03-18 11:17:22] [world] The Player <Rip_Dogwater> has joined at -719, 62, 298 and their IP is null
[2024-03-18 11:17:40] [world] The Player <Tester> has joined at -557, 88, 261 and their IP is null
[2024-03-18 11:17:43] [world] The Player <sharky> has joined at -515, 82, -459 and their IP is null
[2024-03-18 11:18:11] [world] The Player <Rip_Dogwater> has joined at -708, 175, 297 and their IP is null
[2024-03-18 11:19:49] [world] The Player <BigDickRandy> has joined at -770, 10, 340 and their IP is null
[2024-03-18 11:23:51] [world] The Player <Rip_Dogwater> has joined at -700, 64, 161 and their IP is null
[2024-03-18 11:24:33] [world_nether] The Player <qwerty> has joined at -145, 70, -94 and their IP is null
[2024-03-18 11:25:15] [world] The Player <BigDickRandy> has joined at -898, 74, 272 and their IP is null
[2024-03-18 11:25:15] [world] The Player <Rip_Dogwater> has joined at -728, 67, 187 and their IP is null
[2024-03-18 11:25:43] [world] The Player <VeerIsKKK> has joined at 512, 105, 2251 and their IP is null
[2024-03-18 11:28:41] [world] The Player <sharky> has joined at -538, 77, -466 and their IP is null
[2024-03-18 11:28:41] [world] The Player <VeerIsKKK> has joined at 544, 70, 2254 and their IP is null
[2024-03-18 11:28:43] [world] The Player <BigDickRandy> has joined at -180, 87, 4283 and their IP is null
[2024-03-18 11:30:12] [world_nether] The Player <The_Amazing_Yao> has joined at -63, 85, 145 and their IP is null
[2024-03-18 11:30:36] [world] The Player <proman50> has joined at -535, 72, 234 and their IP is null
[2024-03-18 11:30:55] [world] The Player <VeerIsKKK> has joined at 558, 64, 2256 and their IP is null
[2024-03-18 11:32:28] [world] The Player <VeerIsKKK> has joined at 510, 104, 2247 and their IP is null
[2024-03-18 11:57:43] [world] The Player <character> has joined at -738, 10, 172 and their IP is null
[2024-03-18 12:03:39] [world] The Player <Brycethelegend> has joined at 3, 72, 1158 and their IP is null
[2024-03-18 12:04:26] [world] The Player <MrBlob2U> has joined at -613, 24, 184 and their IP is null
[2024-03-18 12:06:03] [world] The Player <Sword4001> has joined at -598, 68, 288 and their IP is null
[2024-03-18 12:06:04] [world_nether] The Player <Mudkips_Rule> has joined at -146, 70, -94 and their IP is null
[2024-03-18 12:07:28] [world] The Player <NezukoChan> has joined at -10190, 63, 4088 and their IP is null
[2024-03-18 12:24:43] [world] The Player <theproman3387> has joined at -574, 65, 265 and their IP is null
[2024-03-18 12:25:02] [world_nether] The Player <The_Amazing_Yao> has joined at -59, 89, 143 and their IP is null
[2024-03-18 12:25:39] [world] The Player <Rip_Dogwater> has joined at -726, 67, 198 and their IP is null
[2024-03-18 12:38:31] [world_nether] The Player <Brycethelegend> has joined at -119, 46, -78 and their IP is null
[2024-03-18 12:42:15] [world] The Player <VeerIsKKK> has joined at 510, 104, 2247 and their IP is null
[2024-03-18 12:42:24] [world_the_end] The Player <NezukoChan> has joined at 100, 49, 0 and their IP is null
[2024-03-18 12:45:31] [world] The Player <Tester> has joined at -558, 88, 274 and their IP is null
[2024-03-18 12:47:38] [world] The Player <proman50> has joined at -570, 69, 314 and their IP is null
[2024-03-18 12:50:05] [world_the_end] The Player <NezukoChan> has joined at 100, 49, 0 and their IP is null
[2024-03-18 12:51:18] [world] The Player <VeerIsKKK> has joined at 510, 104, 2247 and their IP is null
[2024-03-18 12:58:09] [world] The Player <Brycethelegend> has joined at -481, 64, 314 and their IP is null
[2024-03-18 12:59:41] [world] The Player <kirbo> has joined at -845, 62, 1213 and their IP is null
[2024-03-18 13:01:08] [world] The Player <WienerDogFace> has joined at -573, 66, 295 and their IP is null
[2024-03-18 13:03:08] [world] The Player <kirbo> has joined at -845, 45, 1213 and their IP is null
[2024-03-18 13:05:58] [world] The Player <kirbo> has joined at -575, 69, 318 and their IP is null
[2024-03-18 13:06:03] [world] The Player <VeerIsKKK> has joined at -557, 68, 274 and their IP is null
[2024-03-18 13:20:19] [world] The Player <Tester> has joined at -10244, 64, 4104 and their IP is null
[2024-03-18 13:28:17] [world] The Player <VeerIsKKK> has joined at -432, 74, 281 and their IP is null
[2024-03-18 13:31:17] [world_the_end] The Player <VeerIsKKK> has joined at 73, 52, 0 and their IP is null
[2024-03-18 13:31:48] [world] The Player <Tester> has joined at -10243, 64, 4105 and their IP is null
[2024-03-18 13:32:40] [world_nether] The Player <The_Amazing_Yao> has joined at -61, 88, 144 and their IP is null
[2024-03-18 13:35:04] [world] The Player <VeerIsKKK> has joined at -576, 69, 320 and their IP is null
[2024-03-18 13:36:24] [world] The Player <Milk_Frog_> has joined at -876, 66, 432 and their IP is null
[2024-03-18 13:36:46] [world_the_end] The Player <Tester> has joined at -14, 59, 55 and their IP is null
[2024-03-18 13:39:43] [world] The Player <WienerDogFace> has joined at -578, 66, 297 and their IP is null
[2024-03-18 13:41:57] [world] The Player <Tester> has joined at -10172, 64, 4118 and their IP is null
[2024-03-18 13:42:49] [world] The Player <Brycethelegend> has joined at -583, 68, 289 and their IP is null
[2024-03-18 13:46:20] [world] The Player <Rip_Dogwater> has joined at -10177, 60, 4118 and their IP is null
[2024-03-18 13:46:47] [world] The Player <A_Random_Person> has joined at -759, 10, 606 and their IP is null
[2024-03-18 13:47:12] [world_nether] The Player <Brycethelegend> has joined at -107, 68, -101 and their IP is null
[2024-03-18 13:47:43] [world] The Player <Sword4001> has joined at -565, 68, 265 and their IP is null
[2024-03-18 13:47:46] [world_nether] The Player <Mudkips_Rule> has joined at -146, 70, -94 and their IP is null
[2024-03-18 13:48:09] [world] The Player <sharky> has joined at -542, 81, -466 and their IP is null
[2024-03-18 13:48:17] [world_nether] The Player <The_Amazing_Yao> has joined at -61, 88, 144 and their IP is null
[2024-03-18 13:48:28] [world_nether] The Player <qwerty> has joined at -143, 67, -101 and their IP is null
[2024-03-18 13:48:33] [world] The Player <MrBlob2U> has joined at -694, 12, 165 and their IP is null
[2024-03-18 13:48:52] [world] The Player <somebody139> has joined at -578, 85, 317 and their IP is null
[2024-03-18 13:49:18] [world] The Player <VeerIsKKK> has joined at -576, 69, 320 and their IP is null
[2024-03-18 13:49:30] [world] The Player <Tester> has joined at -10173, 152, 4106 and their IP is null
[2024-03-18 13:50:02] [world] The Player <BigDickRandy> has joined at -178, 87, 4285 and their IP is null
[2024-03-18 13:51:34] [world] The Player <A_Random_Person> has joined at -755, 10, 684 and their IP is null
[2024-03-18 13:51:38] [world_nether] The Player <Mudkips_Rule> has joined at -147, 68, -96 and their IP is null
[2024-03-18 13:52:01] [world] The Player <VeerIsKKK> has joined at -576, 69, 320 and their IP is null
[2024-03-18 13:52:13] [world] The Player <BigDickRandy> has joined at -178, 87, 4285 and their IP is null
[2024-03-18 13:52:13] [world_nether] The Player <Brycethelegend> has joined at -107, 68, -101 and their IP is null
[2024-03-18 13:52:47] [world] The Player <hi_> has joined at -1353, 67, -241 and their IP is null
[2024-03-18 13:52:51] [world] The Player <character> has joined at -738, 10, 173 and their IP is null
[2024-03-18 13:52:56] [world_nether] The Player <qwerty> has joined at -136, 67, -87 and their IP is null
[2024-03-18 13:52:57] [world] The Player <sharky> has joined at -508, 80, -431 and their IP is null
[2024-03-18 13:53:07] [world] The Player <digbick> has joined at -723, 73, 298 and their IP is null
[2024-03-18 13:53:28] [world] The Player <WienerDogFace> has joined at -588, 68, 268 and their IP is null
[2024-03-18 13:53:41] [world] The Player <somebody139> has joined at -618, 68, 307 and their IP is null
[2024-03-18 13:54:18] [world] The Player <digbick> has joined at -720, 65, 298 and their IP is null
[2024-03-18 13:54:56] [world] The Player <I_am_amazing> has joined at -586, 68, 303 and their IP is null
[2024-03-18 13:55:06] [world] The Player <Dio> has joined at -588, 69, 273 and their IP is null
[2024-03-18 13:55:29] [world] The Player <digbick> has joined at -720, 65, 298 and their IP is null
[2024-03-18 13:55:33] [world_the_end] The Player <VeerIsKKK> has joined at -44, 64, -8 and their IP is null
[2024-03-18 13:55:56] [world] The Player <digbick> has joined at -720, 65, 298 and their IP is null
[2024-03-18 13:56:57] [world_nether] The Player <Pog4lifepeople> has joined at -75, 72, 20 and their IP is null
[2024-03-18 13:57:04] [world] The Player <sharky> has joined at -548, 90, -462 and their IP is null
[2024-03-18 13:57:10] [world] The Player <Tester> has joined at -10179, 60, 4120 and their IP is null
[2024-03-18 13:57:46] [world_the_end] The Player <somebody139> has joined at -43, 64, -7 and their IP is null
[2024-03-18 14:01:46] [world] The Player <digbick> has joined at -720, 65, 298 and their IP is null
[2024-03-18 14:04:00] [world] The Player <Biggie_Vinny> has joined at -722, 65, 297 and their IP is null
[2024-03-18 14:05:31] [world_the_end] The Player <VeerIsKKK> has joined at 106, -61, -8 and their IP is null
[2024-03-18 14:06:51] [world] The Player <MrBlob2U> has joined at -696, 11, 169 and their IP is null
[2024-03-18 14:07:27] [world] The Player <VeerIsKKK> has joined at -573, 69, 314 and their IP is null
[2024-03-18 14:08:03] [world_nether] The Player <qwerty> has joined at -136, 67, -87 and their IP is null
[2024-03-18 14:08:16] [world] The Player <BigDickRandy> has joined at -178, 87, 4285 and their IP is null
[2024-03-18 14:08:23] [world_the_end] The Player <WienerDogFace> has joined at 96, 49, 1 and their IP is null
[2024-03-18 14:08:24] [world] The Player <somebody139> has joined at -573, 68, 316 and their IP is null
[2024-03-18 14:08:26] [world] The Player <Brycethelegend> has joined at -585, 8, 202 and their IP is null
[2024-03-18 14:08:28] [world] The Player <BigDickRandy> has joined at -178, 87, 4285 and their IP is null
[2024-03-18 14:08:43] [world] The Player <Dave_TheCoolguy_> has joined at -565, 57, 295 and their IP is null
[2024-03-18 14:08:58] [world_nether] The Player <The_Amazing_Yao> has joined at -57, 90, 147 and their IP is null
[2024-03-18 14:09:58] [world_the_end] The Player <WienerDogFace> has joined at 96, 49, 1 and their IP is null
[2024-03-18 14:10:45] [world] The Player <Rip_Dogwater> has joined at -10180, 60, 4119 and their IP is null
[2024-03-18 14:11:06] [world] The Player <proman50_> has joined at -571, 86, 317 and their IP is null
[2024-03-18 14:11:46] [world_the_end] The Player <MonkeyTrainer> has joined at 99, 23, -2 and their IP is null
[2024-03-18 14:11:50] [world] The Player <Biggie_Vinny> has joined at -722, 65, 297 and their IP is null
[2024-03-18 14:12:38] [world] The Player <proman50> has joined at -254, 65, 202 and their IP is null
[2024-03-18 14:12:40] [world] The Player <VeerIsKKK> has joined at -576, 69, 314 and their IP is null
[2024-03-18 14:13:31] [world] The Player <Tester> has joined at -10176, 64, 4118 and their IP is null
[2024-03-18 14:16:16] [world] The Player <Dave_TheCoolguy_> has joined at -673, 72, 288 and their IP is null
[2024-03-18 14:16:41] [world] The Player <Rip_Dogwater> has joined at -10178, 60, 4119 and their IP is null
[2024-03-18 14:18:21] [world_nether] The Player <qwerty> has joined at -136, 67, -87 and their IP is null
[2024-03-18 14:18:35] [world] The Player <somebody139> has joined at -491, 72, -501 and their IP is null
[2024-03-18 14:20:37] [world] The Player <Brycethelegend> has joined at -460, 68, 337 and their IP is null
[2024-03-18 14:22:59] [world] The Player <Biggie_Vinny> has joined at -780, 11, 297 and their IP is null
[2024-03-18 14:31:02] [world] The Player <Dave_TheCoolguy_> has joined at -703, 69, 277 and their IP is null
[2024-03-18 14:34:52] [world] The Player <BigDickRandy> has joined at -178, 87, 4285 and their IP is null
[2024-03-18 14:37:01] [world] The Player <The_Amazing_Yao> has joined at 516, 24, 2246 and their IP is null
[2024-03-18 14:39:45] [world] The Player <Mudkips_Rule> has joined at -1356, 63, -263 and their IP is null
[2024-03-18 14:39:57] [world] The Player <Rip_Dogwater> has joined at -10183, 63, 4109 and their IP is null
[2024-03-18 14:41:15] [world] The Player <qwerty> has joined at -613, 64, 335 and their IP is null
[2024-03-18 14:41:28] [world] The Player <qweqazz> has joined at -579, 84, 317 and their IP is null
[2024-03-18 14:41:55] [world] The Player <Rip_Dogwater> has joined at -10182, 64, 4107 and their IP is null
[2024-03-18 14:44:39] [world] The Player <qwerty> has joined at -613, 64, 335 and their IP is null
[2024-03-18 14:45:32] [world] The Player <Dave_TheCoolguy_> has joined at -689, 75, 305 and their IP is null
[2024-03-18 14:47:18] [world] The Player <Tester> has joined at -560, 88, 270 and their IP is null
[2024-03-18 14:48:16] [world] The Player <Brycethelegend> has joined at -624, 72, 317 and their IP is null
[2024-03-18 14:48:19] [world] The Player <digbick> has joined at -722, 65, 297 and their IP is null
[2024-03-18 14:48:38] [world] The Player <MR_PASTOR_GOD> has joined at -571, 86, 316 and their IP is null
[2024-03-18 14:49:00] [world] The Player <qwerty> has joined at -612, 64, 336 and their IP is null
[2024-03-18 14:49:32] [world] The Player <Rip_Dogwater> has joined at -10181, 64, 4118 and their IP is null
[2024-03-18 14:49:37] [world] The Player <BigDickRandy> has joined at -178, 87, 4285 and their IP is null
[2024-03-18 14:49:41] [world] The Player <Rip_Dogwater> has joined at -10181, 64, 4118 and their IP is null
[2024-03-18 14:50:01] [world] The Player <BigDickRandy> has joined at -178, 87, 4285 and their IP is null
[2024-03-18 14:50:11] [world] The Player <BigDickRandy> has joined at -178, 87, 4285 and their IP is null
[2024-03-18 14:50:45] [world] The Player <Tester> has joined at -560, 88, 270 and their IP is null
[2024-03-18 14:51:33] [world] The Player <qwerty> has joined at -613, 64, 321 and their IP is null
[2024-03-18 14:58:23] [world] The Player <BigDickRandy> has joined at -180, 87, 4284 and their IP is null
[2024-03-18 15:00:50] [world] The Player <qwerty> has joined at -613, 64, 321 and their IP is null
[2024-03-18 15:01:00] [world] The Player <VeerIsKKK> has joined at -609, 64, 329 and their IP is null
[2024-03-18 15:03:53] [world] The Player <qwerty> has joined at -642, 79, 318 and their IP is null
[2024-03-18 15:05:49] [world] The Player <hexa> has joined at -572, 86, 320 and their IP is null
[2024-03-18 15:10:52] [world] The Player <MR_PASTOR_GOD> has joined at -571, 85, 316 and their IP is null
[2024-03-18 15:18:24] [world] The Player <Dave_TheCoolguy_> has joined at -691, 77, 306 and their IP is null
[2024-03-18 15:18:31] [world] The Player <Dave_TheCoolguy_> has joined at -691, 77, 306 and their IP is null
[2024-03-18 15:19:06] [world] The Player <sharky> has joined at -573, 68, 316 and their IP is null
[2024-03-18 15:24:05] [world] The Player <WienerDogFace> has joined at -448, 11, 1411 and their IP is null
[2024-03-18 15:24:23] [world] The Player <WienerDogFace> has joined at -448, 11, 1411 and their IP is null
[2024-03-18 15:28:43] [world] The Player <WienerDogFace> has joined at -581, 66, 293 and their IP is null
[2024-03-18 15:29:01] [world] The Player <character> has joined at -736, 11, 114 and their IP is null
[2024-03-18 15:29:01] [world] The Player <MrBlob2U> has joined at -577, 68, 246 and their IP is null
[2024-03-18 15:30:16] [world] The Player <Rip_Dogwater> has joined at -668, 23, 292 and their IP is null
[2024-03-18 15:35:57] [world] The Player <Dave_TheCoolguy_> has joined at -690, 74, 306 and their IP is null
[2024-03-18 15:36:40] [world] The Player <Tester> has joined at -560, 88, 270 and their IP is null
[2024-03-18 15:36:52] [world] The Player <A_Random_Person> has joined at -612, 64, 321 and their IP is null
[2024-03-18 15:37:25] [world] The Player <Rip_Dogwater> has joined at -10177, 60, 4120 and their IP is null
[2024-03-18 15:37:52] [world] The Player <Uwupapa> has joined at -602, 66, 254 and their IP is null
[2024-03-18 15:37:52] [world_nether] The Player <WienerDogFace> has joined at -137, 68, -191 and their IP is null
[2024-03-18 15:47:45] [world] The Player <Rip_Dogwater> has joined at -10177, 60, 4120 and their IP is null
[2024-03-18 15:51:48] [world] The Player <qwerty> has joined at -341, 61, -562 and their IP is null
[2024-03-18 15:52:02] [world] The Player <Rip_Dogwater> has joined at -10181, 64, 4117 and their IP is null
[2024-03-18 15:52:36] [world] The Player <WienerDogFace> has joined at -984, 10, 1171 and their IP is null
[2024-03-18 15:52:59] [world] The Player <General_Rihan> has joined at -672, 13, -193 and their IP is null
[2024-03-18 15:53:33] [world] The Player <hexa> has joined at -564, 68, 421 and their IP is null
[2024-03-18 15:54:37] [world] The Player <NezukoChan> has joined at -630, 68, 328 and their IP is null
[2024-03-18 15:59:54] [world] The Player <Mudkips_Rule> has joined at -1360, 65, -268 and their IP is null
[2024-03-18 16:00:15] [world] The Player <sharky> has joined at -573, 69, 315 and their IP is null
[2024-03-18 16:00:31] [world] The Player <The_Amazing_Yao> has joined at 606, 39, 2296 and their IP is null
[2024-03-18 16:01:04] [world] The Player <hi_> has joined at -1354, 67, -237 and their IP is null
[2024-03-18 16:06:39] [world] The Player <Rip_WillOfTheD> has joined at 511, 104, 2248 and their IP is null
[2024-03-18 16:09:55] [world] The Player <NezukoChan> has joined at -569, 68, 335 and their IP is null
[2024-03-18 16:11:55] [world] The Player <Rip_WillOfTheD> has joined at -573, 68, 316 and their IP is null
[2024-03-18 16:13:28] [world] The Player <NezukoChan> has joined at -627, 69, 341 and their IP is null
[2024-03-18 16:13:33] [world] The Player <hexa> has joined at -2474, 62, 554 and their IP is null
[2024-03-18 19:15:34] [world] The Player <Sword4001> has joined at -589, 68, 285 and their IP is null
[2024-03-18 19:30:41] [world] The Player <Sword4001> has joined at -757, 77, 175 and their IP is null
[2024-03-18 19:37:32] [world] The Player <Koi> has joined at -10179, 62, 4113 and their IP is null
[2024-03-18 19:37:58] [world] The Player <Char> has joined at -601, 69, 323 and their IP is null
[2024-03-18 19:39:12] [world] The Player <Gakzilla> has joined at -572, 68, 268 and their IP is null
[2024-03-18 19:51:06] [world] The Player <Corner1> has joined at -609, 64, 328 and their IP is null
[2024-03-18 19:52:56] [world] The Player <Sword4001> has joined at -757, 77, 175 and their IP is null
[2024-03-18 19:52:57] [world] The Player <Gakzilla> has joined at -589, 68, 349 and their IP is null
[2024-03-18 19:59:05] [world] The Player <bagelz> has joined at 1050, 5, 2457 and their IP is null
[2024-03-18 20:09:51] [world] The Player <TurtleDuck> has joined at -639, 71, 381 and their IP is null
[2024-03-18 20:14:20] [world] The Player <bagelz> has joined at -573, 68, 316 and their IP is null
[2024-03-18 20:14:55] [world] The Player <Milk_Frog_> has joined at -876, 65, 432 and their IP is null
[2024-03-18 20:16:11] [world] The Player <Milk_Frog> has joined at -2875, 63, 807 and their IP is null
[2024-03-18 20:21:44] [world] The Player <Corner1> has joined at -602, 74, 268 and their IP is null
[2024-03-18 20:22:54] [world] The Player <Milk_Frog> has joined at -599, 74, 275 and their IP is null
[2024-03-18 20:23:01] [world] The Player <Sword4001> has joined at -573, 68, 262 and their IP is null
[2024-03-18 20:34:11] [world] The Player <NezukoChan> has joined at -627, 69, 341 and their IP is null
[2024-03-18 20:36:54] [world] The Player <Koi> has joined at -654, 68, 242 and their IP is null
[2024-03-18 20:47:07] [world] The Player <Koi> has joined at -609, 75, 328 and their IP is null
[2024-03-18 20:49:28] [world] The Player <Koi> has joined at -574, 75, 328 and their IP is null
[2024-03-18 20:50:47] [world] The Player <NezukoChan> has joined at -10165, 100, 4107 and their IP is null
[2024-03-18 21:08:12] [world] The Player <character> has joined at -578, 68, 249 and their IP is null
[2024-03-18 21:22:46] [world] The Player <NezukoChan> has joined at -562, 68, 269 and their IP is null
[2024-03-18 21:30:00] [world] The Player <character> has joined at -739, 11, 217 and their IP is null
[2024-03-18 21:45:28] [world] The Player <TurtleDuck> has joined at -568, 68, 272 and their IP is null
[2024-03-18 22:39:16] [world] The Player <Tester> has joined at -9439, 67, 3939 and their IP is null
[2024-03-18 22:41:48] [world] The Player <TurtleDuck> has joined at -587, 68, 267 and their IP is null
[2024-03-18 22:42:17] [world] The Player <TurtleDuck> has joined at -587, 68, 267 and their IP is null
[2024-03-18 22:42:28] [world] The Player <astronomy> has joined at -572, 86, 316 and their IP is null
[2024-03-18 23:02:03] [world] The Player <TurtleDuck> has joined at -570, 72, 280 and their IP is null
[2024-03-19 00:15:24] [world] The Player <NezukoChan> has joined at -574, 68, 317 and their IP is null
[2024-03-19 00:21:36] [world] The Player <TurtleDuck> has joined at -570, 72, 280 and their IP is null
[2024-03-19 00:38:47] [world] The Player <Milk_Frog> has joined at -603, 68, 328 and their IP is null
[2024-03-19 01:10:48] [world] The Player <Koi> has joined at -579, 89, 246 and their IP is null
