[2024-03-19 01:29:58] [world] The Player <Milk_Frog_> has joined at -886, 67, 439 and their IP is null
[2024-03-19 01:37:08] [world] The Player <NezukoChan> has joined at -574, 69, 318 and their IP is null
[2024-03-19 11:17:14] [world] The Player <Mudkips_Rule> has joined at -1352, 68, -236 and their IP is null
[2024-03-19 11:17:14] [world] The Player <sharky> has joined at -574, 69, 314 and their IP is null
[2024-03-19 11:17:14] [world] The Player <Char> has joined at -582, 73, 276 and their IP is null
[2024-03-19 11:17:31] [world] The Player <Koi> has joined at -572, 58, 269 and their IP is null
[2024-03-19 11:17:34] [world] The Player <Rip_Dogwater> has joined at -586, 68, 278 and their IP is null
[2024-03-19 11:17:49] [world] The Player <qwerty> has joined at -501, 72, -497 and their IP is null
[2024-03-19 11:20:07] [world] The Player <sharky> has joined at -573, 68, 316 and their IP is null
[2024-03-19 11:20:16] [world] The Player <Koi> has joined at -570, 69, 320 and their IP is null
[2024-03-19 11:22:22] [world] The Player <TurtleDuck> has joined at -555, 75, 277 and their IP is null
[2024-03-19 11:27:51] [world] The Player <qwerty> has joined at -497, 77, -480 and their IP is null
[2024-03-19 11:29:02] [world] The Player <BigDickRandy> has joined at -180, 87, 4284 and their IP is null
[2024-03-19 11:29:28] [world] The Player <I_am_amazing> has joined at -596, 11, 594 and their IP is null
[2024-03-19 11:29:41] [world] The Player <Char> has joined at -595, 81, 270 and their IP is null
[2024-03-19 11:30:01] [world] The Player <General_Rihan> has joined at -574, 68, 315 and their IP is null
[2024-03-19 11:41:54] [world] The Player <Mudkips_Rule> has joined at -1310, 72, -215 and their IP is null
[2024-03-19 11:47:26] [world] The Player <sharky> has joined at -496, 72, -501 and their IP is null
[2024-03-19 11:51:04] [world] The Player <sharky> has joined at -500, 63, -485 and their IP is null
[2024-03-19 11:55:40] [world] The Player <qwerty> has joined at -497, 77, -480 and their IP is null
[2024-03-19 11:58:30] [world] The Player <qwerty> has joined at -498, 77, -480 and their IP is null
[2024-03-19 12:05:54] [world] The Player <I_am_amazing> has joined at -609, 68, 297 and their IP is null
[2024-03-19 12:08:53] [world_the_end] The Player <I_am_amazing> has joined at -7, 59, 6 and their IP is null
[2024-03-19 12:08:59] [world] The Player <qwerty> has joined at -567, 69, 307 and their IP is null
[2024-03-19 12:12:44] [world] The Player <VeerIsKKK> has joined at -614, 64, 335 and their IP is null
[2024-03-19 12:17:56] [world] The Player <VeerIsKKK> has joined at -569, 72, 282 and their IP is null
[2024-03-19 12:18:35] [world] The Player <sharky> has joined at -493, 72, -498 and their IP is null
[2024-03-19 12:20:29] [world] The Player <YiggDarvler279> has joined at -581, 83, 321 and their IP is null
[2024-03-19 12:22:54] [world] The Player <I_am_amazing> has joined at -498, 77, -480 and their IP is null
[2024-03-19 12:23:06] [world] The Player <WienerDogFace> has joined at -1083, 10, 1440 and their IP is null
[2024-03-19 12:24:25] [world] The Player <Get_dick_slapped> has joined at -578, 85, 324 and their IP is null
[2024-03-19 12:24:40] [world] The Player <qwerty> has joined at -499, 77, -480 and their IP is null
[2024-03-19 12:24:49] [world] The Player <sharky> has joined at -492, 72, -491 and their IP is null
[2024-03-19 12:25:00] [world] The Player <Get_dick_slapped> has joined at -578, 84, 324 and their IP is null
[2024-03-19 12:27:00] [world] The Player <Dave_TheCoolGuy> has joined at -581, 83, 309 and their IP is null
[2024-03-19 12:30:24] [world] The Player <Milk_Frog> has joined at -557, 69, 279 and their IP is null
[2024-03-19 12:30:56] [world] The Player <sharky> has joined at -575, 68, 259 and their IP is null
[2024-03-19 12:31:24] [world] The Player <General_Rihan> has joined at -628, 68, 313 and their IP is null
[2024-03-19 12:32:58] [world] The Player <Get_dick_slapped> has joined at -578, 84, 324 and their IP is null
[2024-03-19 12:35:15] [world] The Player <General_Rihan> has joined at -550, 64, 296 and their IP is null
[2024-03-19 12:36:47] [world] The Player <sharky> has joined at -478, 71, -487 and their IP is null
[2024-03-19 12:36:47] [world] The Player <Milk_Frog> has joined at -1083, 10, 1453 and their IP is null
[2024-03-19 12:36:48] [world] The Player <Get_dick_slapped> has joined at -578, 84, 324 and their IP is null
[2024-03-19 12:36:51] [world] The Player <WienerDogFace> has joined at -1083, 10, 1452 and their IP is null
[2024-03-19 12:37:35] [world] The Player <Dave_TheCoolGuy> has joined at -688, 75, 304 and their IP is null
[2024-03-19 12:37:59] [world] The Player <qwerty> has joined at -493, 72, -495 and their IP is null
[2024-03-19 12:38:59] [world] The Player <VoolVigg648hb> has joined at -568, 84, 321 and their IP is null
[2024-03-19 12:40:13] [world] The Player <WienerDogFace> has joined at -1089, 10, 1502 and their IP is null
[2024-03-19 12:40:34] [world] The Player <dhar> has joined at -780, 11, 301 and their IP is null
[2024-03-19 12:40:36] [world] The Player <hi_> has joined at -1354, 67, -237 and their IP is null
[2024-03-19 12:40:59] [world] The Player <digbick> has joined at -752, 75, 264 and their IP is null
[2024-03-19 12:41:55] [world] The Player <qwerty> has joined at -493, 72, -495 and their IP is null
[2024-03-19 12:43:39] [world] The Player <Char> has joined at -698, 84, 308 and their IP is null
[2024-03-19 12:47:15] [world_nether] The Player <Mudkips_Rule> has joined at -138, 67, -102 and their IP is null
[2024-03-19 12:47:16] [world] The Player <WienerDogFace> has joined at -1088, 11, 1541 and their IP is null
[2024-03-19 12:48:17] [world] The Player <I_am_amazing> has joined at -596, 11, 592 and their IP is null
[2024-03-19 12:49:56] [world] The Player <Char> has joined at -591, 77, 289 and their IP is null
[2024-03-19 12:54:15] [world_the_end] The Player <hi_> has joined at -44, 65, -6 and their IP is null
[2024-03-19 12:54:16] [world] The Player <dhar> has joined at -729, 68, 288 and their IP is null
[2024-03-19 12:57:16] [world] The Player <WienerDogFace> has joined at -1007, 8, 1593 and their IP is null
[2024-03-19 13:45:08] [world] The Player <WienerDogFace> has joined at -1007, 8, 1593 and their IP is null
[2024-03-19 13:45:44] [world] The Player <Rip_Dogwater> has joined at -10176, 63, 4114 and their IP is null
[2024-03-19 13:45:46] [world] The Player <WienerDogFace> has joined at -1007, 8, 1593 and their IP is null
[2024-03-19 13:46:31] [world] The Player <I_am_amazing> has joined at -592, 11, 589 and their IP is null
[2024-03-19 13:47:43] [world] The Player <sharky> has joined at -499, 70, -466 and their IP is null
[2024-03-19 13:48:13] [world] The Player <digbick> has joined at -687, 75, 305 and their IP is null
[2024-03-19 13:48:50] [world_nether] The Player <qwerty> has joined at -154, 59, -201 and their IP is null
[2024-03-19 13:49:29] [world] The Player <somebody139> has joined at -574, 69, 313 and their IP is null
[2024-03-19 13:51:26] [world] The Player <somebody139> has joined at -494, 72, -494 and their IP is null
[2024-03-19 13:51:40] [world] The Player <sharky> has joined at -493, 72, -495 and their IP is null
[2024-03-19 13:52:55] [world] The Player <WienerDogFace> has joined at -939, 14, 1601 and their IP is null
[2024-03-19 13:53:18] [world] The Player <A_Random_Person> has joined at -1098, 64, 235 and their IP is null
[2024-03-19 13:53:26] [world_the_end] The Player <hi_> has joined at -43, 64, -7 and their IP is null
[2024-03-19 13:53:46] [world] The Player <Gakzilla> has joined at -557, 68, 266 and their IP is null
[2024-03-19 13:53:54] [world_nether] The Player <Mudkips_Rule> has joined at -146, 70, -88 and their IP is null
[2024-03-19 13:56:08] [world] The Player <WienerDogFace> has joined at -929, 11, 1668 and their IP is null
[2024-03-19 13:56:39] [world] The Player <WienerDogFace> has joined at -929, 11, 1665 and their IP is null
[2024-03-19 13:56:41] [world] The Player <A_Random_Person> has joined at -963, 64, 231 and their IP is null
[2024-03-19 13:56:51] [world] The Player <digbick> has joined at -679, 72, 282 and their IP is null
[2024-03-19 13:56:59] [world_nether] The Player <Mudkips_Rule> has joined at -134, 70, -86 and their IP is null
[2024-03-19 13:57:20] [world] The Player <sharky> has joined at -477, 72, -489 and their IP is null
[2024-03-19 13:57:34] [world] The Player <somebody139> has joined at -478, 71, -481 and their IP is null
[2024-03-19 13:58:54] [world_nether] The Player <qwerty> has joined at -146, 67, -131 and their IP is null
[2024-03-19 13:58:55] [world] The Player <MrBlob2U> has joined at -612, 24, 183 and their IP is null
[2024-03-19 13:58:55] [world] The Player <A_Random_Doggo> has joined at -567, 84, 315 and their IP is null
[2024-03-19 13:58:56] [world] The Player <somebody139> has joined at -478, 71, -481 and their IP is null
[2024-03-19 13:58:56] [world] The Player <sharky> has joined at -477, 70, -489 and their IP is null
[2024-03-19 13:58:56] [world] The Player <WienerDogFace> has joined at -918, 14, 1646 and their IP is null
[2024-03-19 13:58:56] [world] The Player <Rip_Dogwater> has joined at -10182, 64, 4108 and their IP is null
[2024-03-19 13:59:05] [world] The Player <YiggYeeish194> has joined at -569, 85, 313 and their IP is null
[2024-03-19 13:59:08] [world] The Player <hi_> has joined at -573, 66, 302 and their IP is null
[2024-03-19 13:59:11] [world] The Player <VeerIsKKK> has joined at -569, 72, 282 and their IP is null
[2024-03-19 13:59:30] [world] The Player <minigamer> has joined at -1550, 11, -204 and their IP is null
[2024-03-19 13:59:41] [world] The Player <somebody139> has joined at -478, 71, -481 and their IP is null
[2024-03-19 14:00:24] [world] The Player <TheAmazingYao> has joined at -581, 83, 316 and their IP is null
[2024-03-19 14:00:57] [world] The Player <VeerIsKKK> has joined at 511, 104, 2248 and their IP is null
[2024-03-19 14:01:36] [world] The Player <Brycethelegend> has joined at -433, 61, -54 and their IP is null
[2024-03-19 14:01:37] [world] The Player <The_Amazing_Yao> has joined at 650, 39, 2300 and their IP is null
[2024-03-19 14:02:02] [world] The Player <minigamer> has joined at -573, 68, 316 and their IP is null
[2024-03-19 14:02:55] [world] The Player <A_Random_Person> has joined at -712, 68, 326 and their IP is null
[2024-03-19 14:06:46] [world] The Player <sharky> has joined at -547, 88, 245 and their IP is null
[2024-03-19 14:07:03] [world] The Player <The_Amazing_Yao> has joined at 628, 42, 2296 and their IP is null
[2024-03-19 14:07:06] [world] The Player <Get_dick_slapped> has joined at -710, 57, 89 and their IP is null
[2024-03-19 14:07:29] [world] The Player <Get_dick_slapped> has joined at -710, 57, 89 and their IP is null
[2024-03-19 14:07:33] [world] The Player <qwerty> has joined at -574, 89, 266 and their IP is null
[2024-03-19 14:07:35] [world] The Player <WienerDogFace> has joined at -456, 10, 1264 and their IP is null
[2024-03-19 14:07:36] [world] The Player <somebody139> has joined at -597, 68, 334 and their IP is null
[2024-03-19 14:07:42] [world] The Player <VeerIsKKK> has joined at -602, 68, 337 and their IP is null
[2024-03-19 14:07:47] [world] The Player <Get_dick_slapped> has joined at -710, 57, 89 and their IP is null
[2024-03-19 14:07:48] [world_the_end] The Player <hi_> has joined at 81, 59, 5 and their IP is null
[2024-03-19 14:07:58] [world] The Player <Get_dick_slapped> has joined at -710, 57, 89 and their IP is null
[2024-03-19 14:08:09] [world] The Player <Dave_TheCoolGuy> has joined at -689, 75, 304 and their IP is null
[2024-03-19 14:08:46] [world] The Player <BigDickRandy> has joined at -180, 87, 4284 and their IP is null
[2024-03-19 14:09:00] [world] The Player <proman50> has joined at -613, 24, 184 and their IP is null
[2024-03-19 14:09:25] [world_nether] The Player <Mudkips_Rule> has joined at -131, 70, -84 and their IP is null
[2024-03-19 14:10:57] [world] The Player <WienerDogFace> has joined at -448, 12, 1408 and their IP is null
[2024-03-19 14:10:59] [world] The Player <qwerty> has joined at -492, 72, -492 and their IP is null
[2024-03-19 14:11:04] [world] The Player <Dave_TheCoolGuy> has joined at -684, 76, 306 and their IP is null
[2024-03-19 14:11:08] [world] The Player <sharky> has joined at -500, 70, -462 and their IP is null
[2024-03-19 14:11:15] [world] The Player <dick_slap> has joined at -570, 85, 316 and their IP is null
[2024-03-19 14:11:22] [world] The Player <Rip_Dogwater> has joined at -566, 78, 275 and their IP is null
[2024-03-19 14:13:41] [world] The Player <WienerDogFace> has joined at -449, 11, 1409 and their IP is null
[2024-03-19 14:14:21] [world] The Player <dick_slap> has joined at -570, 85, 316 and their IP is null
[2024-03-19 14:15:29] [world] The Player <MrBlob2U> has joined at -499, 70, -461 and their IP is null
[2024-03-19 14:15:35] [world] The Player <proman50> has joined at -612, 24, 183 and their IP is null
[2024-03-19 14:15:37] [world] The Player <dick_slap> has joined at -570, 85, 316 and their IP is null
[2024-03-19 14:15:50] [world] The Player <MrBlob2U> has joined at -499, 70, -461 and their IP is null
[2024-03-19 14:16:11] [world] The Player <sharky> has joined at -500, 70, -462 and their IP is null
[2024-03-19 14:17:44] [world] The Player <qwerty> has joined at -481, 72, -491 and their IP is null
[2024-03-19 14:17:51] [world] The Player <WienerDogFace> has joined at -575, 66, 292 and their IP is null
[2024-03-19 14:18:40] [world] The Player <sharky> has joined at -500, 70, -462 and their IP is null
[2024-03-19 14:19:13] [world] The Player <The_Amazing_Yao> has joined at 591, 33, 2306 and their IP is null
[2024-03-19 14:22:28] [world] The Player <WienerDogFace> has joined at -560, 68, 172 and their IP is null
[2024-03-19 14:23:45] [world] The Player <MrBlob2U> has joined at -613, 60, 206 and their IP is null
[2024-03-19 14:23:50] [world] The Player <qwerty> has joined at -501, 72, -496 and their IP is null
[2024-03-19 14:24:39] [world] The Player <The_Amazing_Yao> has joined at 594, 30, 2304 and their IP is null
[2024-03-19 14:30:02] [world] The Player <somebody139> has joined at -591, 68, 293 and their IP is null
[2024-03-19 14:30:07] [world] The Player <The_Amazing_Yao> has joined at 594, 30, 2304 and their IP is null
[2024-03-19 14:30:49] [world] The Player <The_Amazing_Yao> has joined at 594, 30, 2304 and their IP is null
[2024-03-19 14:30:49] [world] The Player <somebody139> has joined at -591, 68, 293 and their IP is null
[2024-03-19 14:31:19] [world] The Player <MrBlob2U> has joined at -613, 63, 205 and their IP is null
[2024-03-19 14:31:21] [world] The Player <Pog4lifepeople> has joined at -573, 68, 304 and their IP is null
[2024-03-19 14:31:22] [world] The Player <qwerty> has joined at -501, 72, -496 and their IP is null
[2024-03-19 14:31:23] [world] The Player <dick_slap> has joined at -642, 68, 489 and their IP is null
[2024-03-19 14:32:10] [world] The Player <Rip_WillOfTheD> has joined at -512, 72, 247 and their IP is null
[2024-03-19 14:33:08] [world] The Player <Rip_Dogwater> has joined at -10180, 63, 4113 and their IP is null
[2024-03-19 14:34:57] [world] The Player <A_Random_Person> has joined at -552, 88, 249 and their IP is null
[2024-03-19 14:41:11] [world_nether] The Player <Mudkips_Rule> has joined at -131, 70, -86 and their IP is null
[2024-03-19 14:46:38] [world] The Player <sharky> has joined at -577, 65, -361 and their IP is null
[2024-03-19 14:47:47] [world] The Player <Rip_Dogwater> has joined at -10121, 24, 4076 and their IP is null
[2024-03-19 14:51:58] [world] The Player <WienerDogFace> has joined at -560, 68, 172 and their IP is null
[2024-03-19 15:08:15] [world] The Player <Brycethelegend> has joined at -405, 66, -193 and their IP is null
[2024-03-19 15:08:27] [world] The Player <Brycethelegend> has joined at -405, 66, -193 and their IP is null
[2024-03-19 17:53:15] [world] The Player <Heinrich_Himmler> has joined at -641, 11, 416 and their IP is null
[2024-03-19 18:40:40] [world] The Player <Heinrich_Himmler> has joined at -613, 68, 307 and their IP is null
[2024-03-19 19:03:18] [world_the_end] The Player <Heinrich_Himmler> has joined at 5, 59, 15 and their IP is null
[2024-03-19 19:15:22] [world_the_end] The Player <NezukoChan> has joined at -2, 57, 45 and their IP is null
[2024-03-19 19:34:42] [world_the_end] The Player <NezukoChan> has joined at 100, 50, -2 and their IP is null
[2024-03-19 19:36:01] [world] The Player <Tester> has joined at -10176, 64, 4117 and their IP is null
[2024-03-19 20:01:21] [world_nether] The Player <Mudkips_Rule> has joined at -144, 70, -92 and their IP is null
[2024-03-19 20:04:03] [world] The Player <NezukoChan> has joined at -626, 68, 348 and their IP is null
[2024-03-19 20:04:13] [world] The Player <TurtleDuck> has joined at -582, 54, 276 and their IP is null
[2024-03-19 20:04:21] [world_the_end] The Player <Mudkips_Rule> has joined at 100, 49, -1 and their IP is null
[2024-03-19 20:17:22] [world] The Player <astronomy> has joined at -572, 86, 316 and their IP is null
[2024-03-19 20:38:15] [world] The Player <Tester> has joined at -10178, 63, 4115 and their IP is null
[2024-03-19 20:56:52] [world] The Player <Tester> has joined at -564, 68, 248 and their IP is null
[2024-03-19 20:59:57] [world] The Player <Tester> has joined at -547, 88, 255 and their IP is null
[2024-03-19 21:00:05] [world] The Player <astronomy> has joined at -547, 88, 257 and their IP is null
[2024-03-19 21:12:25] [world] The Player <Milk_Frog> has joined at -562, 68, 282 and their IP is null
[2024-03-19 21:15:02] [world] The Player <Char> has joined at -608, 76, 265 and their IP is null
[2024-03-19 21:31:17] [world] The Player <Char> has joined at -575, 73, 282 and their IP is null
[2024-03-19 21:44:47] [world] The Player <TurtleDuck> has joined at -600, 64, 356 and their IP is null
[2024-03-19 21:45:30] [world] The Player <TurtleDuck> has joined at -575, 65, 335 and their IP is null
[2024-03-19 21:53:47] [world] The Player <YeeYee150> has joined at -566, 83, 318 and their IP is null
[2024-03-19 22:01:25] [world] The Player <Char> has joined at -577, 73, 280 and their IP is null
[2024-03-19 22:21:04] [world_nether] The Player <NezukoChan> has joined at -73, 79, 10 and their IP is null
[2024-03-19 22:26:59] [world] The Player <Tester> has joined at -559, 88, 273 and their IP is null
[2024-03-19 22:35:28] [world] The Player <Tester> has joined at -10176, 63, 4110 and their IP is null
[2024-03-19 22:40:42] [world] The Player <Tester> has joined at -10235, 64, 4108 and their IP is null
[2024-03-19 23:11:08] [world] The Player <NezukoChan> has joined at -10177, 63, 4111 and their IP is null
[2024-03-19 23:18:27] [world] The Player <Tester> has joined at -10194, 64, 4153 and their IP is null
[2024-03-19 23:21:59] [world] The Player <Tester> has joined at -10184, 63, 4101 and their IP is null
[2024-03-19 23:22:25] [world] The Player <Mudkips_Rule> has joined at -1356, 63, -265 and their IP is null
[2024-03-19 23:32:07] [world] The Player <TurtleDuck> has joined at -573, 63, 287 and their IP is null
[2024-03-19 23:52:03] [world] The Player <Heinrich_Himmler> has joined at -717, 5, 335 and their IP is null
[2024-03-19 23:57:04] [world] The Player <Heinrich_Himmler> has joined at -683, 5, 352 and their IP is null
[2024-03-20 00:07:58] [world] The Player <NezukoChan> has joined at -10170, 64, 4118 and their IP is null
[2024-03-20 00:18:52] [world] The Player <TurtleDuck> has joined at -546, 63, 295 and their IP is null
[2024-03-20 00:21:15] [world] The Player <astronomy> has joined at -566, 68, 262 and their IP is null
[2024-03-20 00:22:51] [world] The Player <Tester> has joined at -10175, 63, 4112 and their IP is null
[2024-03-20 00:24:58] [world] The Player <NezukoChan> has joined at -10179, 63, 4111 and their IP is null
[2024-03-20 00:49:48] [world] The Player <Tester> has joined at -603, 68, 328 and their IP is null
[2024-03-20 00:50:57] [world] The Player <Milk_Frog_> has joined at -886, 67, 439 and their IP is null
[2024-03-20 00:55:27] [world] The Player <TurtleDuck> has joined at -536, 76, 107 and their IP is null
[2024-03-20 01:34:09] [world] The Player <_hexa> has joined at -574, 87, 310 and their IP is null
[2024-03-20 01:34:42] [world] The Player <hexa> has joined at -2474, 62, 554 and their IP is null
[2024-03-20 01:45:52] [world] The Player <astronomy> has joined at 1803, 38, 289 and their IP is null
[2024-03-20 01:47:22] [world] The Player <astronomy> has joined at 1803, 38, 288 and their IP is null
[2024-03-20 10:10:00] [world] The Player <GolemDaWanderer> has joined at 11256, 69, -10093 and their IP is null
[2024-03-20 10:12:37] [world] The Player <GolemDaWanderer> has joined at 11256, 69, -10093 and their IP is null
[2024-03-20 10:25:33] [world] The Player <NezukoChan> has joined at 9995, 67, -10000 and their IP is null
[2024-03-20 11:16:03] [world] The Player <Mudkips_Rule> has joined at -1268, 66, -326 and their IP is null
[2024-03-20 11:18:03] [world] The Player <digbick> has joined at -684, 73, 284 and their IP is null
[2024-03-20 11:20:14] [world] The Player <sharky> has joined at -452, 76, -461 and their IP is null
[2024-03-20 11:22:50] [world] The Player <qwerty> has joined at -502, 9, -386 and their IP is null
[2024-03-20 11:23:53] [world] The Player <Dave_TheCoolGuy> has joined at -694, 66, 283 and their IP is null
[2024-03-20 11:29:01] [world] The Player <qwerty> has joined at -492, 72, -489 and their IP is null
[2024-03-20 11:33:28] [world] The Player <digbick> has joined at -685, 71, 313 and their IP is null
[2024-03-20 11:37:45] [world] The Player <digbick> has joined at -686, 71, 312 and their IP is null
[2024-03-20 11:45:19] [world] The Player <hexa> has joined at 1800, 38, 289 and their IP is null
[2024-03-20 11:54:31] [world] The Player <Tester> has joined at -563, 68, 276 and their IP is null
[2024-03-20 12:11:38] [world] The Player <Tester> has joined at -2844, 72, 754 and their IP is null
[2024-03-20 12:18:28] [world] The Player <NeuzkoChan> has joined at -573, 87, 318 and their IP is null
[2024-03-20 12:19:08] [world] The Player <NezukoChan> has joined at 9984, 68, -10000 and their IP is null
[2024-03-20 12:21:21] [world] The Player <Mudkips_Rule> has joined at -1356, 63, -266 and their IP is null
[2024-03-20 12:25:24] [world] The Player <astronomy> has joined at 1801, 38, 290 and their IP is null
[2024-03-20 12:26:06] [world] The Player <sharky> has joined at -65, 62, -590 and their IP is null
[2024-03-20 12:29:03] [world] The Player <suhirat> has joined at -568, 84, 318 and their IP is null
[2024-03-20 12:32:30] [world] The Player <Tester> has joined at -550, 88, 252 and their IP is null
[2024-03-20 12:33:28] [world] The Player <Tester> has joined at -559, 79, 270 and their IP is null
[2024-03-20 12:33:48] [world] The Player <astronomy> has joined at -561, 78, 280 and their IP is null
[2024-03-20 12:33:50] [world] The Player <NezukoChan> has joined at -560, 88, 270 and their IP is null
[2024-03-20 12:34:11] [world] The Player <Tester> has joined at -557, 68, 256 and their IP is null
[2024-03-20 12:34:12] [world_the_end] The Player <hexa> has joined at 42, 62, 40 and their IP is null
[2024-03-20 12:34:40] [world] The Player <NezukoChan> has joined at -560, 88, 270 and their IP is null
[2024-03-20 12:38:47] [world] The Player <NezukoChan> has joined at -10177, 64, 4117 and their IP is null
[2024-03-20 12:38:49] [world] The Player <astronomy> has joined at -430, 72, 7 and their IP is null
[2024-03-20 12:41:35] [world] The Player <sharky> has joined at 27, 4, -676 and their IP is null
[2024-03-20 12:41:40] [world] The Player <astronomy> has joined at -428, 73, 4 and their IP is null
[2024-03-20 12:41:48] [world] The Player <Tester> has joined at -10170, 64, 4117 and their IP is null
[2024-03-20 12:42:30] [world_the_end] The Player <hexa> has joined at -169, 56, 39 and their IP is null
[2024-03-20 12:44:09] [world] The Player <sharky> has joined at -488, 72, -499 and their IP is null
[2024-03-20 12:46:47] [world] The Player <astronomy> has joined at -560, 68, 272 and their IP is null
[2024-03-20 12:47:03] [world] The Player <Tester> has joined at -514, 70, 257 and their IP is null
[2024-03-20 12:50:41] [world] The Player <digbick> has joined at -688, 71, 314 and their IP is null
[2024-03-20 12:52:20] [world] The Player <digbick> has joined at -689, 71, 312 and their IP is null
[2024-03-20 12:52:52] [world] The Player <suhiratn_> has joined at -575, 86, 321 and their IP is null
[2024-03-20 12:53:57] [world] The Player <ananogre> has joined at -569, 85, 321 and their IP is null
[2024-03-20 13:00:51] [world] The Player <hexa> has joined at -614, 68, 320 and their IP is null
[2024-03-20 13:03:08] [world] The Player <hexa> has joined at -2539, 65, 561 and their IP is null
[2024-03-20 13:06:31] [world] The Player <hexa> has joined at -2598, 64, 480 and their IP is null
[2024-03-20 13:10:54] [world] The Player <hexa> has joined at -2807, 69, 233 and their IP is null
[2024-03-20 13:31:04] [world] The Player <hexa> has joined at -2807, 68, 233 and their IP is null
[2024-03-20 13:31:48] [world] The Player <hexa> has joined at -2807, 68, 233 and their IP is null
[2024-03-20 13:36:15] [world] The Player <Tester> has joined at -10156, 63, 4107 and their IP is null
[2024-03-20 13:46:37] [world] The Player <digbick> has joined at -573, 68, 318 and their IP is null
[2024-03-20 13:47:41] [world] The Player <sharky> has joined at -493, 72, -494 and their IP is null
[2024-03-20 13:49:00] [world] The Player <MrBlob2U> has joined at -614, 48, 198 and their IP is null
[2024-03-20 13:49:08] [world] The Player <somebody139> has joined at -564, 68, 321 and their IP is null
[2024-03-20 13:49:15] [world] The Player <qwerty> has joined at -499, 77, -481 and their IP is null
[2024-03-20 13:52:08] [world] The Player <hexa> has joined at -2807, 68, 233 and their IP is null
[2024-03-20 13:52:11] [world] The Player <Sword4001> has joined at -570, 69, 309 and their IP is null
[2024-03-20 13:52:11] [world] The Player <Mudkips_Rule> has joined at -1356, 63, -266 and their IP is null
[2024-03-20 13:53:04] [world] The Player <MrBlob2U> has joined at -494, 77, -505 and their IP is null
[2024-03-20 13:53:27] [world] The Player <I_am_amazing> has joined at -596, 10, 592 and their IP is null
[2024-03-20 13:53:43] [world] The Player <kumquat> has joined at -567, 84, 322 and their IP is null
[2024-03-20 13:53:46] [world] The Player <sharky> has joined at -492, 77, -504 and their IP is null
[2024-03-20 13:53:47] [world] The Player <character> has joined at -733, 35, 172 and their IP is null
[2024-03-20 13:53:55] [world] The Player <qwerty> has joined at -490, 77, -505 and their IP is null
[2024-03-20 13:54:48] [world] The Player <somebody139> has joined at -567, 69, 323 and their IP is null
[2024-03-20 13:54:57] [world] The Player <Brycethelegend> has joined at -577, 68, 249 and their IP is null
[2024-03-20 13:55:09] [world] The Player <NezukoChan> has joined at -683, 71, 316 and their IP is null
[2024-03-20 13:55:23] [world] The Player <VeerIsKKK> has joined at -627, 68, 296 and their IP is null
[2024-03-20 13:55:35] [world] The Player <ESPN_creator> has joined at -565, 83, 311 and their IP is null
[2024-03-20 13:56:01] [world] The Player <digbick> has joined at -689, 73, 289 and their IP is null
[2024-03-20 13:56:07] [world] The Player <astronomy_> has joined at -568, 84, 314 and their IP is null
[2024-03-20 13:56:17] [world] The Player <WienerDogFace> has joined at -576, 69, 322 and their IP is null
[2024-03-20 13:56:50] [world_nether] The Player <Pog4lifepeople> has joined at -106, 41, 474 and their IP is null
[2024-03-20 13:56:54] [world] The Player <A_Random_Person> has joined at -632, 60, 91 and their IP is null
[2024-03-20 13:57:23] [world] The Player <Tester> has joined at -10305, 20, 3616 and their IP is null
[2024-03-20 13:57:35] [world] The Player <astronomy> has joined at -427, 72, 4 and their IP is null
[2024-03-20 13:58:26] [world] The Player <hexa> has joined at -2844, 79, -26 and their IP is null
[2024-03-20 13:58:27] [world] The Player <A_Random_Person> has joined at -572, 56, 273 and their IP is null
[2024-03-20 13:59:16] [world] The Player <Brycethelegend> has joined at -1355, 63, -259 and their IP is null
[2024-03-20 14:00:13] [world] The Player <Rip_Dogwater> has joined at 9988, 70, 1076 and their IP is null
[2024-03-20 14:01:08] [world] The Player <MashedProTatoes> has joined at -594, 68, 265 and their IP is null
[2024-03-20 14:06:15] [world] The Player <I_am_amazing> has joined at -1198, 72, 400 and their IP is null
[2024-03-20 14:07:12] [world] The Player <VeerIsKKK> has joined at 518, 12, 2304 and their IP is null
[2024-03-20 14:07:17] [world] The Player <Brycethelegend> has joined at -1355, 63, -262 and their IP is null
[2024-03-20 14:07:21] [world_the_end] The Player <qwerty> has joined at 102, 46, -1 and their IP is null
[2024-03-20 14:07:48] [world] The Player <DeevVigg823> has joined at -567, 84, 309 and their IP is null
[2024-03-20 14:07:52] [world] The Player <proman50> has joined at -611, 48, 189 and their IP is null
[2024-03-20 14:08:05] [world] The Player <astronomy> has joined at 1801, 38, 289 and their IP is null
[2024-03-20 14:08:06] [world] The Player <sharky> has joined at -499, 70, -462 and their IP is null
[2024-03-20 14:08:14] [world] The Player <somebody139> has joined at -498, 77, -482 and their IP is null
[2024-03-20 14:08:30] [world] The Player <Brycethelegend> has joined at -1355, 63, -266 and their IP is null
[2024-03-20 14:08:35] [world] The Player <digbick> has joined at -676, 72, 307 and their IP is null
[2024-03-20 14:09:20] [world] The Player <Dave_TheCoolGuy> has joined at -691, 78, 303 and their IP is null
[2024-03-20 14:09:29] [world] The Player <Dave_TheCoolGuy> has joined at -691, 78, 303 and their IP is null
[2024-03-20 14:09:39] [world] The Player <Mudkips_Rule> has joined at -1357, 63, -265 and their IP is null
[2024-03-20 14:10:30] [world] The Player <NezukoChan> has joined at -10188, 63, 4103 and their IP is null
[2024-03-20 14:11:42] [world_nether] The Player <Pog4lifepeople> has joined at -287, 25, 496 and their IP is null
[2024-03-20 14:12:24] [world] The Player <Tester> has joined at -10169, 64, 4117 and their IP is null
[2024-03-20 14:12:28] [world] The Player <sharky> has joined at -279, 78, -665 and their IP is null
[2024-03-20 14:12:28] [world_the_end] The Player <Brycethelegend> has joined at 45, 62, 8 and their IP is null
[2024-03-20 14:12:28] [world] The Player <MrBlob2U> has joined at -1356, 63, -265 and their IP is null
[2024-03-20 14:12:29] [world] The Player <Dave_TheCoolGuy> has joined at -679, 72, 291 and their IP is null
[2024-03-20 14:12:29] [world] The Player <qwerty> has joined at -492, 64, -599 and their IP is null
[2024-03-20 14:12:29] [world] The Player <proman50> has joined at -611, 31, 211 and their IP is null
[2024-03-20 14:12:30] [world] The Player <astronomy> has joined at -577, 68, 246 and their IP is null
[2024-03-20 14:12:31] [world] The Player <character> has joined at -739, 11, 293 and their IP is null
[2024-03-20 14:13:04] [world_nether] The Player <Pog4lifepeople> has joined at -287, 24, 497 and their IP is null
[2024-03-20 14:16:24] [world] The Player <I_am_amazing> has joined at -490, 11, -446 and their IP is null
[2024-03-20 14:18:20] [world] The Player <shaved_monkey> has joined at -569, 85, 310 and their IP is null
[2024-03-20 14:23:17] [world] The Player <shaved_monkey> has joined at -585, 73, 215 and their IP is null
[2024-03-20 14:23:35] [world] The Player <shaved_monkey> has joined at -585, 70, 215 and their IP is null
[2024-03-20 14:26:24] [world] The Player <Tester> has joined at -559, 89, 285 and their IP is null
[2024-03-20 14:26:25] [world] The Player <sharky> has joined at -280, 78, -669 and their IP is null
[2024-03-20 14:26:26] [world] The Player <Dave_TheCoolGuy> has joined at -680, 72, 325 and their IP is null
[2024-03-20 14:26:26] [world] The Player <proman50> has joined at -576, 68, 255 and their IP is null
[2024-03-20 14:26:26] [world] The Player <Rip_Dogwater> has joined at -10174, 64, 4117 and their IP is null
[2024-03-20 14:26:27] [world] The Player <astronomy> has joined at -571, 68, 250 and their IP is null
[2024-03-20 14:26:27] [world] The Player <Brycethelegend> has joined at -1209, 70, -238 and their IP is null
[2024-03-20 14:26:27] [world_the_end] The Player <MrBlob2U> has joined at -32, 58, 66 and their IP is null
[2024-03-20 14:26:27] [world] The Player <qwerty> has joined at -676, 55, -602 and their IP is null
[2024-03-20 14:27:33] [world] The Player <sharky> has joined at -283, 78, -670 and their IP is null
[2024-03-20 14:27:36] [world] The Player <astronomy> has joined at -577, 68, 263 and their IP is null
[2024-03-20 14:27:42] [world] The Player <Tester> has joined at -561, 88, 268 and their IP is null
[2024-03-20 14:27:53] [world] The Player <I_am_amazing> has joined at -590, 68, 247 and their IP is null
[2024-03-20 14:28:10] [world] The Player <Mudkips_Rule> has joined at -1356, 63, -265 and their IP is null
[2024-03-20 14:28:26] [world] The Player <GolemDaWanderer> has joined at 11256, 69, -10095 and their IP is null
[2024-03-20 14:30:03] [world] The Player <WienerDogFace> has joined at -450, 12, 1414 and their IP is null
[2024-03-20 14:30:32] [world] The Player <FungalMonkey> has joined at -583, 82, 306 and their IP is null
[2024-03-20 14:31:48] [world] The Player <sharky> has joined at -294, 67, -877 and their IP is null
[2024-03-20 14:37:16] [world] The Player <Rip_Dogwater> has joined at -10172, 64, 4117 and their IP is null
[2024-03-20 14:44:15] [world] The Player <hexa> has joined at -558, 88, 270 and their IP is null
[2024-03-20 14:47:51] [world] The Player <MrBlob2U> has joined at -591, 68, 289 and their IP is null
[2024-03-20 14:48:11] [world] The Player <qwerty> has joined at -651, 74, -1260 and their IP is null
[2024-03-20 14:49:57] [world] The Player <Rip_Dogwater> has joined at -562, 66, 310 and their IP is null
[2024-03-20 14:50:37] [world] The Player <digbick> has joined at -691, 71, 315 and their IP is null
[2024-03-20 14:50:57] [world_nether] The Player <hexa> has joined at -150, 73, -65 and their IP is null
[2024-03-20 14:51:27] [world] The Player <GolemDaWanderer> has joined at -606, 68, 302 and their IP is null
[2024-03-20 14:53:51] [world] The Player <NezukoChan> has joined at -10185, 64, 4118 and their IP is null
[2024-03-20 14:59:09] [world] The Player <Rip_Dogwater> has joined at -573, 69, 320 and their IP is null
[2024-03-20 14:59:20] [world] The Player <NezukoChan> has joined at -10180, 63, 4105 and their IP is null
[2024-03-20 14:59:21] [world] The Player <qwerty> has joined at -642, 27, -1580 and their IP is null
[2024-03-20 15:14:58] [world] The Player <qwerty> has joined at -668, 97, -785 and their IP is null
[2024-03-20 15:20:17] [world] The Player <digbick> has joined at -692, 75, 310 and their IP is null
[2024-03-20 15:23:57] [world] The Player <character> has joined at -268, 82, -644 and their IP is null
[2024-03-20 15:24:18] [world] The Player <sharky> has joined at -719, 67, 277 and their IP is null
[2024-03-20 15:25:37] [world] The Player <MrBlob2U> has joined at -614, 47, 206 and their IP is null
[2024-03-20 15:26:41] [world] The Player <qwerty> has joined at -667, 97, -783 and their IP is null
[2024-03-20 15:27:52] [world] The Player <Rip_Dogwater> has joined at -10170, 63, 4114 and their IP is null
[2024-03-20 15:31:30] [world] The Player <digbick> has joined at -689, 71, 313 and their IP is null
[2024-03-20 15:35:46] [world] The Player <digbick> has joined at -689, 71, 316 and their IP is null
[2024-03-20 15:40:01] [world] The Player <digbick> has joined at -689, 71, 313 and their IP is null
[2024-03-20 15:40:03] [world] The Player <hexa> has joined at -2296, 9, 1063 and their IP is null
[2024-03-20 15:43:25] [world] The Player <qwerty> has joined at -641, 63, -802 and their IP is null
[2024-03-20 15:44:46] [world] The Player <NezukoChan> has joined at -530, 64, 317 and their IP is null
[2024-03-20 15:49:18] [world] The Player <hexa> has joined at -2540, 64, 559 and their IP is null
[2024-03-20 15:51:52] [world] The Player <qwerty> has joined at -666, 97, -786 and their IP is null
[2024-03-20 15:52:49] [world] The Player <NezukoChan> has joined at -687, 76, 316 and their IP is null
[2024-03-20 15:53:26] [world] The Player <General_Rihan> has joined at -550, 64, 296 and their IP is null
[2024-03-20 15:54:05] [world] The Player <Brycethelegend> has joined at -571, 68, 267 and their IP is null
[2024-03-20 15:54:15] [world] The Player <qwerty> has joined at -10185, 64, 4117 and their IP is null
[2024-03-20 15:54:41] [world] The Player <astronomy> has joined at 1800, 38, 288 and their IP is null
[2024-03-20 15:55:29] [world] The Player <sharky> has joined at -614, 66, 422 and their IP is null
[2024-03-20 15:56:09] [world_the_end] The Player <Mudkips_Rule> has joined at 47, 62, 18 and their IP is null
[2024-03-20 15:56:44] [world] The Player <NezukoChan> has joined at -10188, 64, 4123 and their IP is null
[2024-03-20 15:56:59] [world_nether] The Player <qwerty> has joined at -85, 77, 3 and their IP is null
[2024-03-20 15:57:18] [world] The Player <digbick> has joined at -681, 5, 314 and their IP is null
[2024-03-20 15:59:06] [world] The Player <Pog4lifepeople> has joined at -568, 68, 252 and their IP is null
[2024-03-20 16:01:44] [world] The Player <WienerDogFace> has joined at -449, 11, 1409 and their IP is null
[2024-03-20 16:02:14] [world] The Player <astronomy> has joined at 1802, 38, 289 and their IP is null
[2024-03-20 16:03:34] [world] The Player <Pog4lifepeople> has joined at -492, 77, -503 and their IP is null
[2024-03-20 16:03:40] [world_the_end] The Player <Mudkips_Rule> has joined at -13, 58, 32 and their IP is null
[2024-03-20 16:04:52] [world] The Player <Rip_Dogwater> has joined at -9981, 65, 4048 and their IP is null
[2024-03-20 16:05:35] [world] The Player <A_Random_Person> has joined at -582, 68, 229 and their IP is null
[2024-03-20 16:06:42] [world] The Player <Rip_Dogwater> has joined at -9944, 68, 4114 and their IP is null
[2024-03-20 16:07:11] [world_the_end] The Player <theproman3387> has joined at 39, 63, 11 and their IP is null
[2024-03-20 16:07:34] [world] The Player <astronomy> has joined at 1805, 37, 290 and their IP is null
[2024-03-20 16:09:14] [world] The Player <qwerty> has joined at -1279, 72, -297 and their IP is null
[2024-03-20 16:09:14] [world_nether] The Player <Mudkips_Rule> has joined at -144, 70, -87 and their IP is null
[2024-03-20 16:09:14] [world] The Player <NezukoChan> has joined at -10175, 64, 4119 and their IP is null
[2024-03-20 16:09:15] [world] The Player <sharky> has joined at -609, 23, 434 and their IP is null
[2024-03-20 16:09:16] [world_the_end] The Player <theproman3387> has joined at 41, 63, 12 and their IP is null
[2024-03-20 16:09:31] [world_the_end] The Player <theproman3387> has joined at 41, 63, 12 and their IP is null
[2024-03-20 16:09:31] [world] The Player <astronomy> has joined at 1803, 39, 291 and their IP is null
[2024-03-20 16:09:41] [world] The Player <A_Random_Person> has joined at -544, 91, 258 and their IP is null
[2024-03-20 16:10:02] [world] The Player <hexa> has joined at -2542, 61, 557 and their IP is null
[2024-03-20 16:10:15] [world] The Player <Rip_Dogwater> has joined at -882, 71, 176 and their IP is null
[2024-03-20 16:10:30] [world] The Player <Rip_Dogwater> has joined at -882, 71, 176 and their IP is null
[2024-03-20 16:10:37] [world] The Player <Brycethelegend> has joined at -1352, 67, -238 and their IP is null
[2024-03-20 16:10:49] [world_the_end] The Player <Pog4lifepeople> has joined at 43, 64, 13 and their IP is null
[2024-03-20 16:11:35] [world] The Player <Rip_Dogwater> has joined at -983, 72, 61 and their IP is null
[2024-03-20 16:11:37] [world] The Player <A_Random_Person> has joined at -548, 88, 245 and their IP is null
[2024-03-20 16:11:47] [world] The Player <NezukoChan> has joined at -10173, 64, 4119 and their IP is null
[2024-03-20 16:13:31] [world] The Player <Pog4lifepeople> has joined at -574, 69, 321 and their IP is null
[2024-03-20 16:13:44] [world] The Player <A_Random_Person> has joined at -548, 88, 256 and their IP is null
[2024-03-20 16:14:13] [world] The Player <EaglYeer137> has joined at -573, 87, 306 and their IP is null
[2024-03-20 16:18:26] [world] The Player <Rip_Dogwater> has joined at -1497, 82, -226 and their IP is null
[2024-03-20 16:19:04] [world] The Player <sharky> has joined at -619, 66, 422 and their IP is null
[2024-03-20 16:19:58] [world] The Player <Ters> has joined at -566, 83, 312 and their IP is null
[2024-03-20 16:24:30] [world] The Player <A_Random_Person> has joined at -557, 68, 283 and their IP is null
[2024-03-20 16:24:49] [world] The Player <Rip_Dogwater> has joined at -1355, 62, -268 and their IP is null
[2024-03-20 16:25:19] [world_nether] The Player <Mudkips_Rule> has joined at -144, 70, -86 and their IP is null
[2024-03-20 16:26:09] [world] The Player <Pog4lifepeople> has joined at -574, 69, 321 and their IP is null
[2024-03-20 16:27:22] [world] The Player <Sword4001> has joined at -561, 68, 266 and their IP is null
[2024-03-20 16:28:28] [world] The Player <Rip_WillOfTheD> has joined at -428, 64, 195 and their IP is null
[2024-03-20 16:28:47] [world] The Player <Rip_WillOfTheD> has joined at -428, 64, 195 and their IP is null
[2024-03-20 16:30:54] [world] The Player <Rip_WillOfTheD> has joined at -413, 71, 241 and their IP is null
[2024-03-20 16:32:23] [world_the_end] The Player <Sword4001> has joined at 33, 58, -12 and their IP is null
[2024-03-20 16:32:39] [world] The Player <hexa> has joined at -2539, 64, 559 and their IP is null
[2024-03-20 16:35:30] [world] The Player <Pog4lifepeople> has joined at -413, 72, 255 and their IP is null
[2024-03-20 16:36:32] [world] The Player <Pog4lifepeople> has joined at -413, 72, 255 and their IP is null
[2024-03-20 16:36:54] [world] The Player <Jojo> has joined at -574, 87, 319 and their IP is null
[2024-03-20 16:39:18] [world] The Player <Ters> has joined at -619, 66, 423 and their IP is null
[2024-03-20 16:39:53] [world] The Player <LOL> has joined at -574, 87, 322 and their IP is null
[2024-03-20 16:40:37] [world] The Player <sharky> has joined at -619, 66, 422 and their IP is null
[2024-03-20 16:40:45] [world] The Player <Gorino_Giovanna> has joined at -565, 83, 308 and their IP is null
[2024-03-20 16:42:31] [world] The Player <qwerty> has joined at -1358, 66, -222 and their IP is null
[2024-03-20 16:42:33] [world] The Player <Tester> has joined at -261, 71, 223 and their IP is null
[2024-03-20 16:50:01] [world] The Player <Tester> has joined at -10176, 64, 4118 and their IP is null
[2024-03-20 16:51:23] [world] The Player <Charmunk> has joined at -229, 67, 259 and their IP is null
[2024-03-20 16:51:32] [world] The Player <Rip_Slayer_> has joined at -581, 83, 318 and their IP is null
[2024-03-20 16:51:50] [world] The Player <digbickb> has joined at -583, 82, 319 and their IP is null
[2024-03-20 16:51:54] [world] The Player <Tester> has joined at -586, 68, 312 and their IP is null
[2024-03-20 16:51:58] [world] The Player <CharFake> has joined at -571, 86, 322 and their IP is null
[2024-03-20 16:53:26] [world] The Player <digbickb> has joined at -583, 82, 319 and their IP is null
[2024-03-20 16:53:30] [world] The Player <Brycethelegend> has joined at -1357, 63, -262 and their IP is null
[2024-03-20 16:54:44] [world] The Player <digbick> has joined at -682, 54, 312 and their IP is null
[2024-03-20 16:56:15] [world] The Player <Brycethelegend> has joined at -1356, 63, -263 and their IP is null
[2024-03-20 16:56:20] [world] The Player <Clownpierce> has joined at -579, 84, 310 and their IP is null
[2024-03-20 16:56:51] [world] The Player <digbick> has joined at -690, 68, 314 and their IP is null
[2024-03-20 17:02:19] [world] The Player <Brycethelegend> has joined at -682, 73, 282 and their IP is null
[2024-03-20 17:02:56] [world] The Player <Brycethelegend> has joined at -682, 73, 282 and their IP is null
[2024-03-20 17:03:34] [world] The Player <ronaldo> has joined at -564, 82, 319 and their IP is null
[2024-03-20 17:07:14] [world] The Player <ronaldo> has joined at -564, 82, 319 and their IP is null
[2024-03-20 17:13:23] [world] The Player <Clownpierce> has joined at -10075, 35, 4131 and their IP is null
[2024-03-20 17:17:31] [world] The Player <hola> has joined at -564, 82, 316 and their IP is null
[2024-03-20 17:23:33] [world] The Player <GolemDaWanderer> has joined at 9993, 67, -10001 and their IP is null
[2024-03-20 17:23:56] [world] The Player <Tester> has joined at -10181, 60, 4119 and their IP is null
