[2024-03-20 19:09:40] [world] The Player <Char> has joined at -572, 75, 248 and their IP is null
[2024-03-20 19:09:43] [world] The Player <NezukoChan> has joined at -10215, 67, 4088 and their IP is null
[2024-03-20 19:09:52] [world] The Player <Char> has joined at -572, 75, 248 and their IP is null
[2024-03-20 19:11:23] [world] The Player <NezukoChan> has joined at -10177, 65, 4120 and their IP is null
[2024-03-20 19:18:57] [world_nether] The Player <Mudkips_Rule> has joined at -146, 70, -89 and their IP is null
[2024-03-20 19:19:02] [world] The Player <I_am_amazing> has joined at -588, 68, 242 and their IP is null
[2024-03-20 19:20:48] [world] The Player <NezukoChan> has joined at -10177, 64, 4117 and their IP is null
[2024-03-20 19:23:55] [world] The Player <NezukoChan> has joined at -10184, 63, 4101 and their IP is null
[2024-03-20 19:30:55] [world] The Player <hexa> has joined at -2523, 62, 577 and their IP is null
[2024-03-20 19:32:52] [world] The Player <Brycethelegend> has joined at -1340, 67, -232 and their IP is null
[2024-03-20 19:34:10] [world] The Player <I_am_amazing> has joined at -1354, 63, -262 and their IP is null
[2024-03-20 19:34:35] [world] The Player <qwerty> has joined at -666, 97, -786 and their IP is null
[2024-03-20 19:35:05] [world] The Player <Mudkips_Rule> has joined at -1356, 63, -263 and their IP is null
[2024-03-20 19:35:26] [world] The Player <Tester> has joined at -10181, 60, 4119 and their IP is null
[2024-03-20 19:39:51] [world] The Player <Tester> has joined at -10167, 63, 4116 and their IP is null
[2024-03-20 19:42:59] [world_the_end] The Player <theproman3387> has joined at 48, 50, -23 and their IP is null
[2024-03-20 19:49:34] [world] The Player <qwerty> has joined at -666, 97, -785 and their IP is null
[2024-03-20 19:53:24] [world] The Player <Tester> has joined at -582, 66, 300 and their IP is null
[2024-03-20 19:53:28] [world] The Player <qwerty> has joined at -581, 69, 305 and their IP is null
[2024-03-20 19:53:29] [world] The Player <hexa> has joined at -2539, 64, 559 and their IP is null
[2024-03-20 19:53:31] [world] The Player <I_am_amazing> has joined at -1410, 8, -339 and their IP is null
[2024-03-20 19:53:32] [world] The Player <theproman3387> has joined at -530, 72, 105 and their IP is null
[2024-03-20 19:53:32] [world] The Player <Tester> has joined at -582, 66, 300 and their IP is null
[2024-03-20 19:55:57] [world] The Player <Corner1> has joined at -585, 76, 215 and their IP is null
[2024-03-20 19:57:28] [world] The Player <Koi> has joined at -616, 68, 300 and their IP is null
[2024-03-20 19:58:20] [world] The Player <qwerty> has joined at -640, 63, -807 and their IP is null
[2024-03-20 20:00:56] [world] The Player <astronomy> has joined at 1802, 38, 291 and their IP is null
[2024-03-20 20:00:59] [world] The Player <qwerty> has joined at -633, 63, -807 and their IP is null
[2024-03-20 20:02:03] [world] The Player <Char> has joined at -554, 73, 275 and their IP is null
[2024-03-20 20:03:31] [world] The Player <hexa> has joined at -2545, 64, 580 and their IP is null
[2024-03-20 20:03:40] [world_the_end] The Player <theproman3387> has joined at -57, -190, -30 and their IP is null
[2024-03-20 20:04:26] [world] The Player <GolemDaWanderer> has joined at 9993, 67, -10001 and their IP is null
[2024-03-20 20:07:24] [world] The Player <qwerty> has joined at -631, 63, -807 and their IP is null
[2024-03-20 20:10:04] [world] The Player <qwerty> has joined at -1321, 68, -247 and their IP is null
[2024-03-20 20:10:30] [world] The Player <I_am_amazing> has joined at -1594, 11, -346 and their IP is null
[2024-03-20 20:19:13] [world] The Player <A_Random_Person> has joined at -1356, 63, -265 and their IP is null
[2024-03-20 20:19:37] [world] The Player <Tester> has joined at -608, 68, 281 and their IP is null
[2024-03-20 20:24:05] [world] The Player <NezukoChan> has joined at -10182, 8, 3802 and their IP is null
[2024-03-20 20:24:42] [world] The Player <hexa> has joined at -10175, 64, 4121 and their IP is null
[2024-03-20 20:24:44] [world] The Player <Mudkips_Rule> has joined at -10175, 64, 4121 and their IP is null
[2024-03-20 20:24:45] [world] The Player <NezukoChan> has joined at -10175, 64, 4121 and their IP is null
[2024-03-20 20:25:31] [world] The Player <Tester> has joined at -10177, 63, 4115 and their IP is null
[2024-03-20 20:28:50] [world] The Player <hexa> has joined at -2528, 64, 577 and their IP is null
[2024-03-20 20:34:33] [world] The Player <Corner1> has joined at -10168, 63, 4108 and their IP is null
[2024-03-20 20:34:38] [world] The Player <Corner1> has joined at -10168, 63, 4108 and their IP is null
[2024-03-20 20:34:43] [world] The Player <Corner1> has joined at -10168, 63, 4108 and their IP is null
[2024-03-20 20:34:51] [world] The Player <Corner1> has joined at -10168, 63, 4108 and their IP is null
[2024-03-20 20:35:43] [world] The Player <Corner1> has joined at -10181, 63, 4113 and their IP is null
[2024-03-20 20:36:46] [world] The Player <hexa> has joined at -2546, 64, 561 and their IP is null
[2024-03-20 20:37:01] [world] The Player <I_am_amazing> has joined at -1355, 63, -265 and their IP is null
[2024-03-20 20:39:27] [world] The Player <hexa> has joined at -2539, 64, 559 and their IP is null
[2024-03-20 20:40:02] [world] The Player <VeerIsKKK_> has joined at -577, 85, 308 and their IP is null
[2024-03-20 20:40:18] [world] The Player <VeerIsKKK> has joined at -577, 68, 252 and their IP is null
[2024-03-20 20:41:38] [world] The Player <I_am_amazing> has joined at -1294, 89, -65 and their IP is null
[2024-03-20 20:44:32] [world] The Player <Tester> has joined at -10170, 64, 4117 and their IP is null
[2024-03-20 20:45:46] [world] The Player <VeerIsKKK> has joined at -610, 68, 309 and their IP is null
[2024-03-20 20:48:18] [world_the_end] The Player <theproman3387> has joined at -71, 25, -7 and their IP is null
[2024-03-20 20:48:52] [world_the_end] The Player <theproman3387> has joined at -71, 25, -7 and their IP is null
[2024-03-20 20:52:05] [world_the_end] The Player <hexa> has joined at -1, 59, 28 and their IP is null
[2024-03-20 20:52:05] [world] The Player <astronomy> has joined at 1801, 38, 290 and their IP is null
[2024-03-20 20:52:05] [world] The Player <Tester> has joined at -10163, 63, 4110 and their IP is null
[2024-03-20 20:53:14] [world_the_end] The Player <hexa> has joined at -1, 59, 28 and their IP is null
[2024-03-20 20:57:47] [world] The Player <Tester> has joined at -565, 68, 257 and their IP is null
[2024-03-20 20:57:56] [world] The Player <A_Random_Person> has joined at -572, 69, 318 and their IP is null
[2024-03-20 21:02:06] [world] The Player <NezukoChan> has joined at 1802, 38, 290 and their IP is null
[2024-03-20 21:03:58] [world] The Player <hexa> has joined at 1806, 39, 289 and their IP is null
[2024-03-20 21:05:20] [world] The Player <astronomy> has joined at 1801, 38, 282 and their IP is null
[2024-03-20 21:06:37] [world] The Player <hexa> has joined at 1805, 37, 290 and their IP is null
[2024-03-20 21:07:21] [world] The Player <hexa> has joined at -573, 68, 316 and their IP is null
[2024-03-20 21:12:43] [world] The Player <Mudkips_Rule> has joined at -1356, 63, -263 and their IP is null
[2024-03-20 21:13:42] [world] The Player <I_am_amazing> has joined at -1351, 54, -274 and their IP is null
[2024-03-20 21:16:29] [world] The Player <A_Random_Person> has joined at 1801, 38, 283 and their IP is null
[2024-03-20 21:16:37] [world] The Player <A_Random_Person> has joined at 1801, 38, 283 and their IP is null
[2024-03-20 21:32:22] [world] The Player <Mudkips_Rule> has joined at -1355, 63, -265 and their IP is null
[2024-03-20 21:36:44] [world] The Player <GolemDaWanderer> has joined at 9999, 67, -9986 and their IP is null
[2024-03-20 21:38:14] [world] The Player <NezukoChan> has joined at -10175, 63, 4115 and their IP is null
[2024-03-20 21:39:10] [world] The Player <GolemDaWanderer> has joined at 9990, 68, -9982 and their IP is null
[2024-03-20 21:42:45] [world] The Player <NezukoChan> has joined at 9997, 67, -9998 and their IP is null
[2024-03-20 21:43:02] [world] The Player <astronomy> has joined at 1907, 65, 241 and their IP is null
[2024-03-20 21:45:20] [world] The Player <astronomy> has joined at 1916, 64, 254 and their IP is null
[2024-03-20 21:46:48] [world] The Player <A_Random_Person> has joined at -1298, 8, -109 and their IP is null
[2024-03-20 21:48:12] [world] The Player <NezukoChan> has joined at 1914, 65, 263 and their IP is null
[2024-03-20 21:48:22] [world] The Player <NezukoChan> has joined at 1914, 65, 263 and their IP is null
[2024-03-20 21:48:42] [world] The Player <A_Random_Person> has joined at -1297, 11, -102 and their IP is null
[2024-03-20 21:51:46] [world] The Player <hexa> has joined at -573, 68, 316 and their IP is null
[2024-03-20 21:53:17] [world] The Player <NezukoChan> has joined at -2542, 61, 557 and their IP is null
[2024-03-20 21:54:02] [world] The Player <astronomy> has joined at 1804, 38, 289 and their IP is null
[2024-03-20 21:54:05] [world] The Player <A_Random_Person> has joined at -1295, 10, -63 and their IP is null
[2024-03-20 21:54:15] [world] The Player <astronomy> has joined at 1804, 38, 289 and their IP is null
[2024-03-20 21:55:03] [world] The Player <Tester> has joined at -10173, 64, 4120 and their IP is null
[2024-03-20 22:04:28] [world] The Player <idkwhattoputhere> has joined at -590, 68, 261 and their IP is null
[2024-03-20 22:04:36] [world] The Player <idkwhattoputhere> has joined at -590, 68, 261 and their IP is null
[2024-03-20 22:06:20] [world] The Player <idkwhattoputhere> has joined at -502, 71, 266 and their IP is null
[2024-03-20 22:06:29] [world] The Player <idkwhattoputhere> has joined at -502, 71, 266 and their IP is null
[2024-03-20 22:07:01] [world] The Player <astronomy> has joined at 1801, 38, 290 and their IP is null
[2024-03-20 22:07:05] [world] The Player <A_Random_Person> has joined at -1297, 8, 52 and their IP is null
[2024-03-20 22:08:19] [world] The Player <hexa> has joined at -2542, 62, 558 and their IP is null
[2024-03-20 22:08:42] [world] The Player <Tester> has joined at 1801, 38, 286 and their IP is null
[2024-03-20 22:08:59] [world] The Player <NezukoChan> has joined at -2543, 65, 562 and their IP is null
[2024-03-20 22:09:39] [world] The Player <NezukoChan> has joined at -2543, 65, 562 and their IP is null
[2024-03-20 22:09:46] [world] The Player <astronomy> has joined at 1801, 38, 290 and their IP is null
[2024-03-20 22:11:06] [world] The Player <hexa> has joined at -2539, 65, 561 and their IP is null
[2024-03-20 22:14:54] [world] The Player <NezukChan> has joined at -565, 83, 314 and their IP is null
[2024-03-20 22:19:15] [world] The Player <hexa> has joined at -573, 68, 316 and their IP is null
[2024-03-20 22:24:18] [world] The Player <Tester> has joined at -2527, 64, 584 and their IP is null
[2024-03-20 22:25:12] [world] The Player <Tester> has joined at 1000001, 66, 1000001 and their IP is null
[2024-03-20 22:29:36] [world] The Player <Tester> has joined at 1000092, 69, 999868 and their IP is null
[2024-03-20 22:30:52] [world] The Player <Tester> has joined at 1000032, 73, 999833 and their IP is null
[2024-03-20 22:32:12] [world] The Player <NezukoChan> has joined at -2540, 64, 573 and their IP is null
[2024-03-20 22:32:18] [world] The Player <NezukoChan> has joined at -2540, 64, 573 and their IP is null
[2024-03-20 22:35:46] [world] The Player <Tester> has joined at 1000047, 63, 999880 and their IP is null
[2024-03-20 22:45:11] [world] The Player <hexa> has joined at 1000000, 61, 999999 and their IP is null
[2024-03-20 22:47:01] [world] The Player <hexa> has joined at 999996, 61, 1000000 and their IP is null
[2024-03-20 23:15:11] [world] The Player <Brycethelegend> has joined at -715, 67, 363 and their IP is null
[2024-03-20 23:18:45] [world] The Player <NezukoChan> has joined at -2554, 64, 565 and their IP is null
[2024-03-20 23:18:54] [world] The Player <NezukoChan> has joined at -2554, 64, 565 and their IP is null
[2024-03-20 23:19:00] [world] The Player <NezukoChan> has joined at -2554, 64, 565 and their IP is null
[2024-03-20 23:36:49] [world_nether] The Player <Brycethelegend> has joined at -119, 81, 47 and their IP is null
[2024-03-21 00:02:51] [world] The Player <NezukoChan> has joined at -2562, 65, 566 and their IP is null
[2024-03-21 00:03:22] [world] The Player <NezukoChan> has joined at -2562, 65, 566 and their IP is null
[2024-03-21 00:09:56] [world_the_end] The Player <Heinrich_Himmler> has joined at 49, 63, 9 and their IP is null
[2024-03-21 00:22:39] [world] The Player <astronomy> has joined at 1802, 38, 288 and their IP is null
[2024-03-21 00:26:59] [world_nether] The Player <Heinrich_Himmler> has joined at 12522, 80, 1 and their IP is null
[2024-03-21 00:27:33] [world] The Player <astronomy> has joined at 1800, 38, 289 and their IP is null
[2024-03-21 00:30:48] [world] The Player <A_Random_Person> has joined at -552, 88, 246 and their IP is null
[2024-03-21 00:31:07] [world] The Player <NezukoChan> has joined at 1785, 15, 264 and their IP is null
[2024-03-21 00:31:14] [world] The Player <NezukoChan> has joined at 1785, 15, 264 and their IP is null
[2024-03-21 00:36:12] [world] The Player <GolemDaWanderer> has joined at -575, 69, 320 and their IP is null
[2024-03-21 00:43:20] [world] The Player <astronomy> has joined at 1807, 10, 274 and their IP is null
[2024-03-21 00:46:39] [world_nether] The Player <Rip_WillOfTheD> has joined at -61, 80, 20 and their IP is null
[2024-03-21 00:46:53] [world_nether] The Player <Rip_WillOfTheD> has joined at -61, 80, 20 and their IP is null
[2024-03-21 01:06:13] [world] The Player <NezukoChan> has joined at -571, 88, 249 and their IP is null
[2024-03-21 01:06:40] [world] The Player <NezukoChan> has joined at -571, 88, 249 and their IP is null
[2024-03-21 01:06:47] [world] The Player <NezukoChan> has joined at -571, 88, 249 and their IP is null
[2024-03-21 01:39:32] [world] The Player <GolemDaWanderer> has joined at -575, 69, 320 and their IP is null
[2024-03-21 01:42:36] [world] The Player <GolemDaWanderer> has joined at -580, 69, 323 and their IP is null
[2024-03-21 02:17:48] [world_nether] The Player <astronomy> has joined at -38, 82, 15 and their IP is null
[2024-03-21 02:24:32] [world] The Player <digbick> has joined at -695, 78, 316 and their IP is null
[2024-03-21 02:37:34] [world] The Player <digbick> has joined at -691, 78, 316 and their IP is null
[2024-03-21 02:39:05] [world] The Player <astronomy> has joined at -1534, 61, -115 and their IP is null
[2024-03-21 02:39:06] [world] The Player <A_Random_Person> has joined at -1538, 61, -117 and their IP is null
[2024-03-21 02:43:52] [world] The Player <digbick> has joined at -692, 77, 310 and their IP is null
[2024-03-21 03:02:08] [world_the_end] The Player <Heinrich_Himmler> has joined at -170, 99, 38 and their IP is null
[2024-03-21 04:58:31] [world] The Player <GolemDaWanderer> has joined at -544, 88, 257 and their IP is null
[2024-03-21 05:04:45] [world] The Player <GolemDaWanderer> has joined at -559, 88, 276 and their IP is null
[2024-03-21 09:37:01] [world] The Player <Mudkips_Rule> has joined at -1153, 65, -439 and their IP is null
[2024-03-21 09:55:53] [world] The Player <Mudkips_Rule> has joined at -1155, 65, -439 and their IP is null
[2024-03-21 09:56:46] [world] The Player <A_Random_Person> has joined at -1536, 50, -117 and their IP is null
[2024-03-21 10:21:27] [world] The Player <astronomy> has joined at -1536, 50, -117 and their IP is null
[2024-03-21 10:25:36] [world] The Player <NezukoChan> has joined at -10181, 60, 4120 and their IP is null
[2024-03-21 10:55:06] [world] The Player <A_Random_Person> has joined at -1154, 64, -443 and their IP is null
[2024-03-21 11:06:35] [world] The Player <qwerty> has joined at -1324, 65, -224 and their IP is null
[2024-03-21 11:09:03] [world] The Player <qwerty> has joined at -1352, 63, -222 and their IP is null
[2024-03-21 11:09:40] [world] The Player <ACE> has joined at -570, 85, 314 and their IP is null
[2024-03-21 11:11:30] [world] The Player <Clownpierce> has joined at -10181, 60, 4120 and their IP is null
[2024-03-21 11:12:57] [world] The Player <sharky> has joined at -612, 66, 424 and their IP is null
[2024-03-21 11:14:53] [world] The Player <Clownpierce> has joined at -10106, 24, 4106 and their IP is null
[2024-03-21 11:14:57] [world] The Player <ACE> has joined at -618, 66, 423 and their IP is null
[2024-03-21 11:17:16] [world] The Player <Mudkips_Rule> has joined at -1153, 65, -439 and their IP is null
[2024-03-21 11:17:33] [world] The Player <Dave_TheCoolGuy> has joined at -776, 16, 345 and their IP is null
[2024-03-21 11:18:20] [world] The Player <ACE> has joined at -633, 70, 418 and their IP is null
[2024-03-21 11:20:02] [world] The Player <Sword4001> has joined at -589, 69, 273 and their IP is null
[2024-03-21 11:23:29] [world] The Player <Helper> has joined at -564, 68, 257 and their IP is null
[2024-03-21 11:24:19] [world] The Player <BigDickRandy> has joined at -181, 87, 4285 and their IP is null
[2024-03-21 11:25:21] [world] The Player <Dave_TheCoolGuy> has joined at -690, 75, 304 and their IP is null
[2024-03-21 11:25:51] [world_the_end] The Player <hi_> has joined at 10, 60, -27 and their IP is null
[2024-03-21 11:26:26] [world] The Player <digbick> has joined at -694, 77, 314 and their IP is null
[2024-03-21 11:27:24] [world_the_end] The Player <BigDickRandy> has joined at 13, 59, 1 and their IP is null
[2024-03-21 11:27:38] [world] The Player <ACE> has joined at -771, 62, 251 and their IP is null
[2024-03-21 11:27:53] [world] The Player <qwerty> has joined at -1167, 69, -433 and their IP is null
[2024-03-21 11:29:37] [world] The Player <A_Random_Person> has joined at -1157, 68, -435 and their IP is null
[2024-03-21 11:30:09] [world] The Player <qwerty> has joined at -1153, 65, -438 and their IP is null
[2024-03-21 11:30:29] [world] The Player <hexa> has joined at 999995, 62, 1000000 and their IP is null
[2024-03-21 11:31:28] [world] The Player <WienerDogFace> has joined at -448, 12, 1409 and their IP is null
[2024-03-21 11:44:20] [world_nether] The Player <hexa> has joined at -131, 67, -85 and their IP is null
[2024-03-21 11:46:53] [world_nether] The Player <qwerty> has joined at -147, 67, -97 and their IP is null
[2024-03-21 11:48:19] [world] The Player <ACE> has joined at -768, 63, 245 and their IP is null
[2024-03-21 11:51:19] [world] The Player <dick_slap> has joined at -885, 68, 823 and their IP is null
[2024-03-21 11:52:04] [world] The Player <somebody139> has joined at -480, 72, -480 and their IP is null
[2024-03-21 11:52:37] [world] The Player <dick_slap> has joined at -885, 68, 823 and their IP is null
[2024-03-21 11:53:25] [world] The Player <hexa> has joined at -2067, 63, 409 and their IP is null
[2024-03-21 11:53:33] [world] The Player <hexa> has joined at -2067, 63, 409 and their IP is null
[2024-03-21 11:53:56] [world] The Player <dick_slap> has joined at -883, 69, 821 and their IP is null
[2024-03-21 11:54:13] [world] The Player <dick_slap> has joined at -883, 68, 821 and their IP is null
[2024-03-21 11:56:16] [world] The Player <somebody139> has joined at -782, 70, 261 and their IP is null
[2024-03-21 11:59:36] [world] The Player <Tester> has joined at 1000763, 52, 1000806 and their IP is null
[2024-03-21 12:00:03] [world] The Player <somebody139> has joined at -576, 68, 258 and their IP is null
[2024-03-21 12:03:18] [world] The Player <WienerDogFace> has joined at -448, 12, 1409 and their IP is null
[2024-03-21 12:06:14] [world] The Player <VeerIsKKK> has joined at -610, 68, 309 and their IP is null
[2024-03-21 12:06:50] [world] The Player <A_Random_Person> has joined at -1354, 67, -229 and their IP is null
[2024-03-21 12:07:15] [world] The Player <character> has joined at -278, 65, -644 and their IP is null
[2024-03-21 12:07:53] [world] The Player <Bobuz> has joined at -519, 72, 243 and their IP is null
[2024-03-21 12:09:28] [world] The Player <A_Random_Person> has joined at -1536, 50, -117 and their IP is null
[2024-03-21 12:09:44] [world] The Player <PenguinBoi> has joined at -573, 87, 313 and their IP is null
[2024-03-21 12:10:55] [world] The Player <VeerIsKKK> has joined at -573, 68, 316 and their IP is null
[2024-03-21 12:18:01] [world] The Player <PenguinBoi> has joined at -372, 67, -110 and their IP is null
[2024-03-21 12:18:47] [world] The Player <ACE> has joined at -769, 63, 258 and their IP is null
[2024-03-21 12:18:48] [world] The Player <somebody139> has joined at -769, 63, 248 and their IP is null
[2024-03-21 12:22:43] [world] The Player <Tester> has joined at -10172, 64, 4118 and their IP is null
[2024-03-21 12:24:33] [world] The Player <VeerIsKKK> has joined at 515, 104, 2247 and their IP is null
[2024-03-21 12:25:21] [world_the_end] The Player <hi_> has joined at -6, 59, 14 and their IP is null
[2024-03-21 12:25:34] [world_the_end] The Player <hi_> has joined at -6, 59, 14 and their IP is null
[2024-03-21 12:25:38] [world] The Player <General_Rihan> has joined at -1233, 95, -147 and their IP is null
[2024-03-21 12:26:38] [world] The Player <Dave_TheCoolGuy> has joined at -688, 75, 305 and their IP is null
[2024-03-21 12:28:27] [world] The Player <I_am_amazing> has joined at -1272, 12, -370 and their IP is null
[2024-03-21 12:28:49] [world] The Player <dhar> has joined at -729, 68, 288 and their IP is null
[2024-03-21 12:28:51] [world] The Player <dhar> has joined at -729, 68, 288 and their IP is null
[2024-03-21 12:31:05] [world] The Player <ACE> has joined at -767, 64, 231 and their IP is null
[2024-03-21 12:31:31] [world] The Player <digbick> has joined at -688, 71, 312 and their IP is null
[2024-03-21 12:32:25] [world] The Player <ACE> has joined at -773, 66, 254 and their IP is null
[2024-03-21 12:36:02] [world] The Player <Dave_TheCoolGuy> has joined at -682, 62, 312 and their IP is null
[2024-03-21 12:36:12] [world] The Player <somebody139> has joined at -618, 68, 267 and their IP is null
[2024-03-21 12:38:05] [world] The Player <NezukoChan> has joined at 1801, 38, 290 and their IP is null
[2024-03-21 12:39:24] [world] The Player <NezukoChan> has joined at 1801, 38, 290 and their IP is null
[2024-03-21 12:46:43] [world] The Player <Tester> has joined at -10176, 63, 4115 and their IP is null
[2024-03-21 12:46:57] [world] The Player <Bobuz> has joined at -362, 89, -66 and their IP is null
[2024-03-21 12:48:43] [world] The Player <WienerDogFace> has joined at -383, 65, -128 and their IP is null
[2024-03-21 12:49:15] [world] The Player <ACEs> has joined at -582, 83, 317 and their IP is null
[2024-03-21 12:49:20] [world] The Player <Brycethelegend> has joined at 958, 67, -141 and their IP is null
[2024-03-21 12:56:48] [world] The Player <I_am_amazing> has joined at -1278, 68, -255 and their IP is null
[2024-03-21 12:57:52] [world] The Player <digbick> has joined at -684, 72, 302 and their IP is null
[2024-03-21 12:58:24] [world] The Player <kirbo> has joined at -581, 69, 315 and their IP is null
[2024-03-21 13:03:19] [world] The Player <I_am_amazing> has joined at -1355, 62, -263 and their IP is null
[2024-03-21 13:04:59] [world] The Player <Tester> has joined at -10162, 63, 4115 and their IP is null
[2024-03-21 13:07:05] [world] The Player <Tester> has joined at -10174, 64, 4117 and their IP is null
[2024-03-21 13:15:55] [world] The Player <hi_> has joined at -1354, 67, -239 and their IP is null
[2024-03-21 13:17:49] [world] The Player <Tester> has joined at -10174, 64, 4117 and their IP is null
[2024-03-21 13:18:37] [world] The Player <hi_> has joined at -1355, 67, -240 and their IP is null
[2024-03-21 13:19:30] [world] The Player <Tester> has joined at -10167, 63, 4115 and their IP is null
[2024-03-21 13:24:10] [world_nether] The Player <hexa> has joined at -131, 67, -85 and their IP is null
[2024-03-21 13:30:23] [world_nether] The Player <hexa> has joined at -135, 67, -85 and their IP is null
[2024-03-21 13:36:34] [world] The Player <Tester> has joined at -572, 68, 284 and their IP is null
[2024-03-21 13:37:34] [world] The Player <I_am_amazing> has joined at -1304, 94, -160 and their IP is null
[2024-03-21 13:42:57] [world] The Player <WienerDogFace> has joined at -450, 10, 1411 and their IP is null
[2024-03-21 13:44:40] [world] The Player <WienerDogFace> has joined at -450, 10, 1411 and their IP is null
[2024-03-21 13:45:41] [world] The Player <Clownpierce> has joined at -929, 64, 304 and their IP is null
[2024-03-21 13:47:36] [world] The Player <digbick> has joined at -623, 6, 321 and their IP is null
[2024-03-21 13:47:51] [world] The Player <Sword4001> has joined at -593, 68, 291 and their IP is null
[2024-03-21 13:47:58] [world] The Player <Brycethelegend_> has joined at -583, 88, 241 and their IP is null
[2024-03-21 13:48:07] [world] The Player <hi_> has joined at -1354, 67, -230 and their IP is null
[2024-03-21 13:48:10] [world] The Player <qwerty> has joined at -632, 62, -787 and their IP is null
[2024-03-21 13:48:24] [world] The Player <Dave_TheCoolGuy> has joined at -662, 72, 271 and their IP is null
[2024-03-21 13:49:50] [world] The Player <dhar> has joined at -680, 72, 311 and their IP is null
[2024-03-21 13:51:00] [world] The Player <hi_> has joined at -1355, 66, -222 and their IP is null
[2024-03-21 13:51:15] [world] The Player <kirbo> has joined at -570, 69, 320 and their IP is null
[2024-03-21 13:52:09] [world] The Player <astronomy> has joined at 1800, 38, 292 and their IP is null
[2024-03-21 13:52:18] [world] The Player <I_am_amazing> has joined at -575, 78, 278 and their IP is null
[2024-03-21 13:52:19] [world] The Player <Clownpierce> has joined at -10187, 63, 4103 and their IP is null
[2024-03-21 13:52:20] [world] The Player <A_Random_Person> has joined at -1538, 50, -117 and their IP is null
[2024-03-21 13:52:51] [world] The Player <Brycethelegend_> has joined at -1376, 5, -201 and their IP is null
[2024-03-21 13:53:21] [world] The Player <Helper> has joined at -1175, 69, -406 and their IP is null
[2024-03-21 13:53:34] [world] The Player <qwerty> has joined at -631, 65, -791 and their IP is null
[2024-03-21 13:53:40] [world_the_end] The Player <theproman3387> has joined at -71, 25, -7 and their IP is null
[2024-03-21 13:54:00] [world] The Player <NezukoChan> has joined at -10155, 63, 4115 and their IP is null
[2024-03-21 13:54:11] [world] The Player <NezukoChan> has joined at -10155, 63, 4115 and their IP is null
[2024-03-21 13:54:28] [world] The Player <Tester> has joined at -10181, 64, 4119 and their IP is null
[2024-03-21 13:55:02] [world] The Player <Autistic_Man> has joined at -564, 82, 313 and their IP is null
[2024-03-21 13:55:33] [world] The Player <NezukoChan> has joined at -10183, 63, 4106 and their IP is null
[2024-03-21 13:55:33] [world] The Player <hexa> has joined at 999994, 60, 1000001 and their IP is null
[2024-03-21 13:55:33] [world] The Player <qwerty> has joined at -666, 97, -786 and their IP is null
[2024-03-21 13:55:35] [world] The Player <Autistic_Man> has joined at -564, 82, 313 and their IP is null
[2024-03-21 13:55:35] [world] The Player <astronomy> has joined at 1802, 38, 289 and their IP is null
[2024-03-21 13:55:35] [world_the_end] The Player <theproman3387> has joined at -51, 38, -12 and their IP is null
[2024-03-21 13:55:37] [world] The Player <Tester> has joined at -10151, 64, 4114 and their IP is null
[2024-03-21 13:55:38] [world] The Player <A_Random_Person> has joined at -1542, 58, -117 and their IP is null
[2024-03-21 13:55:38] [world] The Player <Brycethelegend_> has joined at -1356, 63, -265 and their IP is null
[2024-03-21 13:55:40] [world] The Player <character> has joined at -375, 88, -59 and their IP is null
[2024-03-21 13:55:40] [world] The Player <Clownpierce> has joined at -10221, 66, 4106 and their IP is null
[2024-03-21 13:55:47] [world] The Player <astronomy> has joined at 1802, 38, 289 and their IP is null
[2024-03-21 13:55:58] [world_the_end] The Player <theproman3387> has joined at -51, 38, -12 and their IP is null
[2024-03-21 13:56:38] [world] The Player <Autistic_Man> has joined at -564, 82, 313 and their IP is null
[2024-03-21 13:56:58] [world] The Player <Tester> has joined at -10150, 64, 4115 and their IP is null
[2024-03-21 13:57:18] [world] The Player <hexa> has joined at 999995, 62, 1000001 and their IP is null
[2024-03-21 13:57:19] [world] The Player <Heinrich_Himmler> has joined at -574, 69, 319 and their IP is null
[2024-03-21 13:57:27] [world] The Player <Brycethelegend_> has joined at -1353, 67, -244 and their IP is null
[2024-03-21 13:57:38] [world] The Player <Clownpierce> has joined at -10214, 67, 4107 and their IP is null
[2024-03-21 14:00:22] [world] The Player <hi_> has joined at -1537, 50, -118 and their IP is null
[2024-03-21 14:02:24] [world] The Player <WienerDogFace> has joined at -596, 68, 362 and their IP is null
[2024-03-21 14:02:29] [world_the_end] The Player <I_am_amazing> has joined at -42, 64, -6 and their IP is null
[2024-03-21 14:03:13] [world] The Player <hi_> has joined at -1536, 50, -118 and their IP is null
[2024-03-21 14:03:18] [world] The Player <digbick> has joined at -686, 71, 314 and their IP is null
[2024-03-21 14:03:22] [world] The Player <hi_> has joined at -1536, 50, -118 and their IP is null
[2024-03-21 14:03:27] [world] The Player <Clownpierce> has joined at -1287, 94, -125 and their IP is null
[2024-03-21 14:03:45] [world] The Player <NezukoChan> has joined at -685, 65, 313 and their IP is null
[2024-03-21 14:03:54] [world] The Player <NezukoChan> has joined at -685, 65, 313 and their IP is null
[2024-03-21 14:04:18] [world] The Player <NezukoChan> has joined at -685, 65, 312 and their IP is null
[2024-03-21 14:04:20] [world] The Player <theproman3387> has joined at -577, 56, 274 and their IP is null
[2024-03-21 14:04:25] [world] The Player <A_Random_Person> has joined at -1536, 50, -117 and their IP is null
[2024-03-21 14:08:21] [world] The Player <WienerDogFace> has joined at -596, 68, 362 and their IP is null
[2024-03-21 17:13:10] [world] The Player <GolemDaWanderer> has joined at -593, 64, 238 and their IP is null
[2024-03-21 17:41:35] [world_nether] The Player <Heinrich_Himmler> has joined at 12502, 93, -3 and their IP is null
[2024-03-21 18:45:12] [world] The Player <NezukoChan> has joined at -685, 65, 312 and their IP is null
[2024-03-21 18:45:20] [world] The Player <NezukoChan> has joined at -685, 65, 312 and their IP is null
[2024-03-21 19:22:56] [world] The Player <Dave_TheCoolGuy> has joined at -687, 75, 305 and their IP is null
[2024-03-21 19:23:08] [world] The Player <astronomy> has joined at 1784, 15, 255 and their IP is null
[2024-03-21 19:30:08] [world] The Player <Dave_TheCoolGuy> has joined at -683, 209, 328 and their IP is null
[2024-03-21 19:30:15] [world] The Player <Mudkips_Rule> has joined at -1166, 71, -443 and their IP is null
[2024-03-21 19:30:48] [world] The Player <hi_> has joined at -1536, 50, -118 and their IP is null
[2024-03-21 19:34:17] [world] The Player <Dave_TheCoolGuy> has joined at -694, 69, 301 and their IP is null
[2024-03-21 19:34:46] [world] The Player <character> has joined at -371, 78, -75 and their IP is null
[2024-03-21 19:36:51] [world] The Player <NezukoChan> has joined at -898, 70, 272 and their IP is null
[2024-03-21 19:36:58] [world] The Player <NezukoChan> has joined at -898, 70, 272 and their IP is null
[2024-03-21 19:37:21] [world] The Player <Dave_TheCoolGuy> has joined at -688, 75, 304 and their IP is null
[2024-03-21 19:37:34] [world] The Player <Dave_TheCoolGuy> has joined at -688, 75, 304 and their IP is null
[2024-03-21 19:37:57] [world] The Player <Dave_TheCoolGuy> has joined at -688, 75, 304 and their IP is null
[2024-03-21 19:40:45] [world] The Player <astronomy> has joined at 1802, 38, 289 and their IP is null
