[2024-03-21 19:44:25] [world] The Player <Dave_TheCoolGuy> has joined at -678, 72, 295 and their IP is null
[2024-03-21 19:44:25] [world] The Player <NezukoChan> has joined at -10172, 64, 4118 and their IP is null
[2024-03-21 19:44:28] [world] The Player <astronomy> has joined at 1802, 38, 289 and their IP is null
[2024-03-21 19:44:30] [world] The Player <character> has joined at -383, 78, -71 and their IP is null
[2024-03-21 19:44:32] [world] The Player <NezukoChan> has joined at -10172, 64, 4118 and their IP is null
[2024-03-21 19:44:36] [world] The Player <Mudkips_Rule> has joined at -1153, 65, -440 and their IP is null
[2024-03-21 19:45:03] [world] The Player <hi_> has joined at -1152, 65, -439 and their IP is null
[2024-03-21 19:47:10] [world] The Player <Dave_TheCoolGuy> has joined at -689, 75, 304 and their IP is null
[2024-03-21 19:52:49] [world] The Player <astronomy> has joined at 1801, 38, 288 and their IP is null
[2024-03-21 19:52:49] [world] The Player <Mudkips_Rule> has joined at -1166, 52, -442 and their IP is null
[2024-03-21 19:52:49] [world_the_end] The Player <hi_> has joined at -33, 58, 60 and their IP is null
[2024-03-21 19:52:49] [world] The Player <Dave_TheCoolGuy> has joined at -682, 76, 306 and their IP is null
[2024-03-21 19:52:50] [world] The Player <character> has joined at -386, 77, -69 and their IP is null
[2024-03-21 19:52:50] [world] The Player <Char> has joined at -726, 102, 338 and their IP is null
[2024-03-21 19:53:23] [world] The Player <astronomy> has joined at 1801, 38, 288 and their IP is null
[2024-03-21 19:54:41] [world] The Player <NezukoChan> has joined at -10180, 64, 4117 and their IP is null
[2024-03-21 19:54:50] [world] The Player <NezukoChan> has joined at -10180, 64, 4117 and their IP is null
[2024-03-21 20:08:29] [world] The Player <Char> has joined at -689, 84, 256 and their IP is null
[2024-03-21 20:12:06] [world] The Player <Mudkips_Rule> has joined at -1169, 49, -438 and their IP is null
[2024-03-21 20:12:07] [world] The Player <NezukoChan> has joined at -1169, 49, -421 and their IP is null
[2024-03-21 20:12:13] [world] The Player <NezukoChan> has joined at -1169, 49, -421 and their IP is null
[2024-03-21 20:12:32] [world_nether] The Player <astronomy> has joined at -1273, 15, 387 and their IP is null
[2024-03-21 20:12:35] [world] The Player <hi_> has joined at -1536, 50, -117 and their IP is null
[2024-03-21 20:17:46] [world] The Player <Char> has joined at -687, 71, 306 and their IP is null
[2024-03-21 20:17:59] [world] The Player <astronomy> has joined at -10168, 62, 4104 and their IP is null
[2024-03-21 20:20:19] [world] The Player <Heinrich_Himmler> has joined at -687, 72, 298 and their IP is null
[2024-03-21 20:25:01] [world] The Player <Char> has joined at -682, 71, 306 and their IP is null
[2024-03-21 20:29:18] [world] The Player <Mudkips_Rule> has joined at -1169, 49, -441 and their IP is null
[2024-03-21 20:33:11] [world] The Player <hi_> has joined at -571, 69, 319 and their IP is null
[2024-03-21 20:33:12] [world] The Player <Mudkips_Rule> has joined at -1169, 49, -439 and their IP is null
[2024-03-21 20:33:12] [world_the_end] The Player <Heinrich_Himmler> has joined at -173, 55, 39 and their IP is null
[2024-03-21 20:33:12] [world] The Player <astronomy> has joined at 1796, 39, 281 and their IP is null
[2024-03-21 20:33:13] [world] The Player <NezukoChan> has joined at 1807, 10, 242 and their IP is null
[2024-03-21 20:40:10] [world] The Player <character> has joined at -368, 85, -61 and their IP is null
[2024-03-21 20:58:15] [world] The Player <astronomy> has joined at 1806, 38, 290 and their IP is null
[2024-03-21 21:24:52] [world_the_end] The Player <Tester> has joined at -167, 67, 45 and their IP is null
[2024-03-21 22:07:49] [world] The Player <Tester> has joined at -561, 66, 294 and their IP is null
[2024-03-21 22:14:20] [world] The Player <Tester> has joined at -10167, 66, 4118 and their IP is null
[2024-03-21 22:20:58] [world] The Player <NezukoChan> has joined at 1864, 7, 251 and their IP is null
[2024-03-21 22:21:04] [world] The Player <NezukoChan> has joined at 1864, 7, 251 and their IP is null
[2024-03-21 22:22:10] [world_the_end] The Player <Heinrich_Himmler> has joined at 102, 49, -1 and their IP is null
[2024-03-21 23:01:04] [world] The Player <Heinrich_Himmler> has joined at -974, 65, 259 and their IP is null
[2024-03-21 23:10:39] [world] The Player <Heinrich_Himmler> has joined at -981, 56, 318 and their IP is null
[2024-03-21 23:12:08] [world] The Player <Heinrich_Himmler> has joined at -597, 58, 208 and their IP is null
[2024-03-21 23:41:21] [world] The Player <NezukoChan> has joined at 1908, 12, 228 and their IP is null
[2024-03-21 23:41:27] [world] The Player <NezukoChan> has joined at 1908, 12, 228 and their IP is null
[2024-03-21 23:58:29] [world] The Player <NezukoChan> has joined at 1825, 11, 151 and their IP is null
[2024-03-22 00:51:56] [world] The Player <Tester> has joined at -10243, 65, 4112 and their IP is null
[2024-03-22 01:26:39] [world] The Player <Heinrich_Himmler> has joined at -573, 68, 316 and their IP is null
[2024-03-22 01:26:48] [world_nether] The Player <NezukoChan> has joined at -1262, 50, 515 and their IP is null
[2024-03-22 01:32:34] [world] The Player <Tester> has joined at -10199, 62, 4081 and their IP is null
[2024-03-22 01:42:10] [world] The Player <Tester> has joined at -10243, 64, 4110 and their IP is null
[2024-03-22 01:43:35] [world] The Player <Tester> has joined at -10243, 64, 4110 and their IP is null
[2024-03-22 01:47:02] [world] The Player <Tester> has joined at -10244, 69, 4150 and their IP is null
[2024-03-22 01:54:56] [world] The Player <Tester> has joined at -10175, 64, 4123 and their IP is null
[2024-03-22 02:01:44] [world] The Player <Tester> has joined at -10183, 64, 4107 and their IP is null
[2024-03-22 02:07:21] [world] The Player <NezukoChan> has joined at -10175, 64, 4119 and their IP is null
[2024-03-22 02:09:07] [world] The Player <Tester> has joined at -10156, 66, 4099 and their IP is null
[2024-03-22 02:14:15] [world] The Player <Tester> has joined at -10169, 65, 4097 and their IP is null
[2024-03-22 02:15:07] [world_the_end] The Player <Heinrich_Himmler> has joined at 11, 59, 11 and their IP is null
[2024-03-22 02:22:32] [world_the_end] The Player <Tester> has joined at -57, 33, -26 and their IP is null
[2024-03-22 02:23:37] [world_the_end] The Player <Tester> has joined at -57, -258, -30 and their IP is null
[2024-03-22 02:27:54] [world_the_end] The Player <Tester> has joined at 11, 58, -98 and their IP is null
[2024-03-22 02:35:42] [world_nether] The Player <Heinrich_Himmler> has joined at 12501, 129, 2 and their IP is null
[2024-03-22 02:37:17] [world_nether] The Player <Tester> has joined at 12505, 128, 29 and their IP is null
[2024-03-22 02:48:38] [world_the_end] The Player <Tester> has joined at -165, 100, 37 and their IP is null
[2024-03-22 02:50:05] [world] The Player <astronomy> has joined at -10178, 63, 4104 and their IP is null
[2024-03-22 02:53:23] [world] The Player <Tester> has joined at 500, 64, -300 and their IP is null
[2024-03-22 02:54:50] [world] The Player <Tester> has joined at 487, 64, -318 and their IP is null
[2024-03-22 02:58:36] [world] The Player <GolemDaWanderer> has joined at -573, 68, 316 and their IP is null
[2024-03-22 03:01:30] [world] The Player <Tester> has joined at -10171, 60, 3996 and their IP is null
[2024-03-22 03:02:30] [world] The Player <astronomy> has joined at -10172, 60, 3997 and their IP is null
[2024-03-22 03:02:47] [world] The Player <GolemDaWanderer> has joined at -576, 69, 319 and their IP is null
[2024-03-22 03:05:35] [world] The Player <GolemDaWanderer> has joined at -578, 70, 321 and their IP is null
[2024-03-22 03:06:38] [world] The Player <Tester> has joined at -10351, 61, 4119 and their IP is null
[2024-03-22 03:10:31] [world_the_end] The Player <Heinrich_Himmler> has joined at -166, 57, 40 and their IP is null
[2024-03-22 03:57:19] [world_the_end] The Player <Heinrich_Himmler> has joined at -167, 57, 42 and their IP is null
[2024-03-22 04:07:38] [world] The Player <GolemDaWanderer> has joined at -545, 68, 244 and their IP is null
[2024-03-22 04:54:35] [world] The Player <astronomy> has joined at 1797, 38, 283 and their IP is null
[2024-03-22 05:18:11] [world] The Player <astronomy> has joined at 1805, 38, 289 and their IP is null
[2024-03-22 05:19:14] [world] The Player <astronomy> has joined at 1806, 36, 289 and their IP is null
[2024-03-22 05:20:30] [world] The Player <astronomy> has joined at 1805, 22, 294 and their IP is null
[2024-03-22 05:23:08] [world] The Player <astronomy> has joined at 1805, 22, 294 and their IP is null
[2024-03-22 06:36:42] [world] The Player <astronomy> has joined at -10157, 63, 4116 and their IP is null
[2024-03-22 11:05:09] [world] The Player <Tester> has joined at 1804, 39, 287 and their IP is null
[2024-03-22 11:15:53] [world] The Player <Mudkips_Rule> has joined at -1153, 65, -437 and their IP is null
[2024-03-22 11:18:43] [world] The Player <Tester> has joined at -1539, 50, -117 and their IP is null
[2024-03-22 11:19:47] [world] The Player <qwerty> has joined at -1371, 67, -263 and their IP is null
[2024-03-22 11:21:08] [world] The Player <Mudkips_Rule> has joined at -1154, 64, -444 and their IP is null
[2024-03-22 11:21:12] [world] The Player <qwerty> has joined at -1357, 63, -265 and their IP is null
[2024-03-22 11:28:53] [world] The Player <NezukoChan> has joined at -10166, 63, 4101 and their IP is null
[2024-03-22 11:56:26] [world] The Player <Tester> has joined at -10176, 64, 4118 and their IP is null
[2024-03-22 12:04:11] [world] The Player <NezukoChan> has joined at -10144, 65, 4134 and their IP is null
[2024-03-22 12:12:15] [world] The Player <NezukoChan> has joined at -10186, 60, 4118 and their IP is null
[2024-03-22 12:12:21] [world] The Player <NezukoChan> has joined at -10186, 60, 4118 and their IP is null
[2024-03-22 12:14:34] [world] The Player <hexa> has joined at 1000001, 66, 1000002 and their IP is null
[2024-03-22 12:17:15] [world_nether] The Player <Tester> has joined at -133, 67, -103 and their IP is null
[2024-03-22 12:17:41] [world] The Player <Mudkips_Rule> has joined at -1154, 64, -443 and their IP is null
[2024-03-22 12:18:39] [world_nether] The Player <hexa> has joined at -133, 67, -87 and their IP is null
[2024-03-22 12:39:39] [world] The Player <NezukoChan> has joined at -10206, 64, 4150 and their IP is null
[2024-03-22 12:43:05] [world] The Player <Tester> has joined at 1000132, 11, 999998 and their IP is null
[2024-03-22 12:50:55] [world] The Player <NezukoChan> has joined at -10205, 65, 4178 and their IP is null
[2024-03-22 12:51:02] [world] The Player <NezukoChan> has joined at -10205, 65, 4178 and their IP is null
[2024-03-22 13:06:49] [world] The Player <hexa> has joined at 500004, 22, 48390 and their IP is null
[2024-03-22 13:11:56] [world] The Player <Tester> has joined at 500004, 22, 48388 and their IP is null
[2024-03-22 13:14:30] [world] The Player <Tester> has joined at 500002, 22, 48385 and their IP is null
[2024-03-22 13:14:48] [world_the_end] The Player <I_am_amazing> has joined at -42, 64, -6 and their IP is null
[2024-03-22 13:17:32] [world] The Player <Tester> has joined at 1000056, 67, 1000009 and their IP is null
[2024-03-22 13:22:53] [world] The Player <Tester> has joined at 500004, 22, 48384 and their IP is null
[2024-03-22 13:25:08] [world] The Player <Tester> has joined at 500004, 22, 48392 and their IP is null
[2024-03-22 13:29:16] [world] The Player <Tester> has joined at -559, 88, 280 and their IP is null
[2024-03-22 13:29:50] [world_nether] The Player <hexa> has joined at -144, 67, -102 and their IP is null
[2024-03-22 13:31:32] [world] The Player <Tester> has joined at -544, 68, 251 and their IP is null
[2024-03-22 13:36:48] [world_nether] The Player <hexa> has joined at -95, 59, -155 and their IP is null
[2024-03-22 13:46:53] [world] The Player <Clownpierce> has joined at -1386, 70, -92 and their IP is null
[2024-03-22 13:48:43] [world] The Player <hexa> has joined at 1000062, 59, 1000009 and their IP is null
[2024-03-22 13:48:54] [world] The Player <Mudkips_Rule> has joined at -1169, 49, -440 and their IP is null
[2024-03-22 13:49:50] [world] The Player <Autistic_Man> has joined at -1542, 62, -117 and their IP is null
[2024-03-22 13:49:51] [world] The Player <qwerty> has joined at -632, 63, -807 and their IP is null
[2024-03-22 13:51:09] [world] The Player <Autistic_Man> has joined at -1542, 62, -117 and their IP is null
[2024-03-22 13:52:05] [world] The Player <Tester> has joined at -584, 70, 219 and their IP is null
[2024-03-22 13:52:26] [world] The Player <character> has joined at -371, 88, -61 and their IP is null
[2024-03-22 13:52:28] [world] The Player <Mudkips_Rule> has joined at -1153, 65, -437 and their IP is null
[2024-03-22 13:52:41] [world] The Player <I_am_amazing> has joined at -574, 68, 246 and their IP is null
[2024-03-22 13:54:38] [world] The Player <qwerty> has joined at -582, 68, 214 and their IP is null
[2024-03-22 13:55:06] [world] The Player <NezukoChan> has joined at -10175, 64, 4128 and their IP is null
[2024-03-22 13:55:52] [world] The Player <A_Random_Person> has joined at -1536, 50, -117 and their IP is null
[2024-03-22 13:56:50] [world] The Player <Heinrich_Himmler> has joined at -569, 69, 323 and their IP is null
[2024-03-22 13:57:25] [world] The Player <Pog4lifepeople> has joined at -413, 72, 255 and their IP is null
[2024-03-22 13:59:17] [world_the_end] The Player <Autistic_Man> has joined at 75, 59, 1 and their IP is null
[2024-03-22 13:59:17] [world] The Player <hexa> has joined at 500002, 22, 48384 and their IP is null
[2024-03-22 14:00:24] [world] The Player <digbick> has joined at -689, 71, 315 and their IP is null
[2024-03-22 14:02:41] [world] The Player <Autistic_Man> has joined at -1539, 50, -117 and their IP is null
[2024-03-22 14:03:27] [world_the_end] The Player <Tester> has joined at -164, 99, 42 and their IP is null
[2024-03-22 14:04:13] [world] The Player <Brycethelegend> has joined at 958, 67, -141 and their IP is null
[2024-03-22 14:04:16] [world] The Player <Tester> has joined at -688, 75, 305 and their IP is null
[2024-03-22 14:06:03] [world] The Player <I_am_amazing> has joined at -1355, 63, -260 and their IP is null
[2024-03-22 14:07:16] [world] The Player <Autistic_Man> has joined at -554, 73, 140 and their IP is null
[2024-03-22 14:07:25] [world] The Player <Mudkips_Rule> has joined at -1356, 63, -265 and their IP is null
[2024-03-22 14:07:48] [world] The Player <kirbo> has joined at -677, 70, 367 and their IP is null
[2024-03-22 14:07:51] [world] The Player <qwerty> has joined at -642, 63, -817 and their IP is null
[2024-03-22 14:09:24] [world_nether] The Player <MrBlob2U> has joined at -69, 81, 3 and their IP is null
[2024-03-22 14:09:31] [world_nether] The Player <Pog4lifepeople> has joined at -325, 32, 89 and their IP is null
[2024-03-22 14:10:59] [world] The Player <proman50> has joined at -573, 68, 316 and their IP is null
[2024-03-22 14:12:15] [world] The Player <I_am_amazing> has joined at -1353, 5, -339 and their IP is null
[2024-03-22 14:14:20] [world] The Player <Clownpierce> has joined at -1357, 62, -266 and their IP is null
[2024-03-22 14:14:42] [world] The Player <stealthassasin32> has joined at -583, 82, 311 and their IP is null
[2024-03-22 14:21:05] [world] The Player <stealthassasin32> has joined at -796, 73, -51 and their IP is null
[2024-03-22 14:21:07] [world] The Player <Pog4lifepeople> has joined at 3000004, 11, 3000025 and their IP is null
[2024-03-22 14:21:14] [world] The Player <I_am_amazing> has joined at 3000005, 12, 3000027 and their IP is null
[2024-03-22 14:21:14] [world_nether] The Player <hexa> has joined at -133, 67, -87 and their IP is null
[2024-03-22 14:22:38] [world] The Player <character> has joined at -369, 93, -56 and their IP is null
[2024-03-22 14:23:04] [world] The Player <EugeneDiggamore> has joined at -568, 84, 309 and their IP is null
[2024-03-22 14:23:05] [world] The Player <I_am_amazing> has joined at 3000034, 14, 3000063 and their IP is null
[2024-03-22 14:23:57] [world] The Player <EaglYee212> has joined at -579, 84, 322 and their IP is null
[2024-03-22 14:26:23] [world] The Player <Tester> has joined at -1538, 50, -117 and their IP is null
[2024-03-22 14:28:10] [world_nether] The Player <hexa> has joined at -133, 67, -87 and their IP is null
[2024-03-22 14:31:09] [world] The Player <EaglYee212> has joined at -554, 65, 302 and their IP is null
[2024-03-22 14:31:20] [world] The Player <EaglYee212> has joined at -554, 65, 302 and their IP is null
[2024-03-22 14:31:45] [world] The Player <qwerty> has joined at -647, 63, -784 and their IP is null
[2024-03-22 14:31:47] [world] The Player <EaglYee212> has joined at -554, 65, 302 and their IP is null
[2024-03-22 14:32:48] [world] The Player <stealthassasin32> has joined at -668, 97, -783 and their IP is null
[2024-03-22 14:33:31] [world] The Player <proman50> has joined at -233, 68, -434 and their IP is null
[2024-03-22 14:33:49] [world] The Player <PenguinBoi> has joined at -377, 88, -62 and their IP is null
[2024-03-22 14:38:12] [world] The Player <stealthassasin32> has joined at -633, 63, -807 and their IP is null
[2024-03-22 14:38:39] [world_nether] The Player <hexa> has joined at -29, 34, -27 and their IP is null
[2024-03-22 14:42:06] [world] The Player <Tester> has joined at -1186, 11, -417 and their IP is null
[2024-03-22 14:42:16] [world] The Player <qwerty> has joined at -666, 97, -786 and their IP is null
[2024-03-22 14:42:17] [world] The Player <proman50> has joined at -163, 63, -718 and their IP is null
[2024-03-22 14:42:25] [world] The Player <Pog4lifepeople> has joined at 999999, 3, 999998 and their IP is null
[2024-03-22 14:48:30] [world] The Player <qwerty> has joined at -573, 68, 316 and their IP is null
[2024-03-22 14:48:51] [world] The Player <GolemDaWanderer> has joined at -549, 68, 247 and their IP is null
[2024-03-22 14:49:20] [world] The Player <digbick> has joined at -765, 10, 437 and their IP is null
[2024-03-22 14:50:26] [world] The Player <NezukoChan> has joined at -682, 71, 299 and their IP is null
[2024-03-22 14:50:35] [world] The Player <NezukoChan> has joined at -682, 71, 299 and their IP is null
[2024-03-22 14:54:31] [world] The Player <hexa> has joined at -681, 71, 314 and their IP is null
[2024-03-22 15:00:10] [world] The Player <NezukoChan> has joined at -681, 71, 313 and their IP is null
[2024-03-22 15:06:52] [world_nether] The Player <qwerty> has joined at -120, 75, 23 and their IP is null
[2024-03-22 15:08:21] [world] The Player <digbick> has joined at -689, 71, 313 and their IP is null
[2024-03-22 15:08:45] [world] The Player <digbick> has joined at -689, 71, 313 and their IP is null
[2024-03-22 15:20:22] [world] The Player <digbick> has joined at -662, 42, 313 and their IP is null
[2024-03-22 15:23:01] [world] The Player <MrBlob2U> has joined at -1357, 63, -262 and their IP is null
[2024-03-22 15:25:26] [world] The Player <character> has joined at -367, 87, -58 and their IP is null
[2024-03-22 15:27:11] [world] The Player <Tester> has joined at -624, 5, 312 and their IP is null
[2024-03-22 15:32:48] [world] The Player <A_Random_Person> has joined at -1558, 76, -120 and their IP is null
[2024-03-22 15:32:55] [world] The Player <MrBlob2U> has joined at -1373, 68, -223 and their IP is null
[2024-03-22 15:35:25] [world] The Player <Mudkips_Rule> has joined at -1169, 49, -440 and their IP is null
[2024-03-22 15:43:53] [world] The Player <DeevYeeg138> has joined at -568, 84, 321 and their IP is null
[2024-03-22 15:44:31] [world] The Player <okkarim> has joined at -577, 85, 312 and their IP is null
[2024-03-22 15:46:28] [world] The Player <NezukoChan> has joined at -10177, 63, 4115 and their IP is null
[2024-03-22 15:46:50] [world] The Player <Pog4lifepeople> has joined at 999999, 3, 999998 and their IP is null
[2024-03-22 15:48:45] [world] The Player <hexa> has joined at 1000062, 58, 1000008 and their IP is null
[2024-03-22 15:51:20] [world] The Player <qwerty> has joined at -666, 97, -786 and their IP is null
[2024-03-22 15:52:37] [world_nether] The Player <NezukoChan> has joined at -1275, 57, 538 and their IP is null
[2024-03-22 15:54:03] [world] The Player <SPADE> has joined at -583, 82, 314 and their IP is null
[2024-03-22 15:55:20] [world] The Player <Brycethelegend> has joined at -573, 68, 316 and their IP is null
[2024-03-22 15:55:27] [world] The Player <okkarim> has joined at -1154, 64, -442 and their IP is null
[2024-03-22 15:56:26] [world] The Player <hexa> has joined at 1000062, 47, 1000008 and their IP is null
[2024-03-22 15:58:59] [world] The Player <hi_> has joined at -1153, 64, -439 and their IP is null
[2024-03-22 16:05:38] [world_nether] The Player <Brycethelegend> has joined at -98, 66, 47 and their IP is null
[2024-03-22 16:06:50] [world] The Player <Pog4lifepeople> has joined at 1000573, 66, 1000285 and their IP is null
[2024-03-22 16:07:42] [world] The Player <hi_> has joined at -1154, 64, -439 and their IP is null
[2024-03-22 16:08:12] [world_nether] The Player <NezukoChan> has joined at -1278, 32, 591 and their IP is null
[2024-03-22 16:08:25] [world] The Player <astronomy_> has joined at -568, 84, 314 and their IP is null
[2024-03-22 16:08:25] [world_nether] The Player <NezukoChan> has joined at -1278, 32, 591 and their IP is null
[2024-03-22 16:08:33] [world] The Player <astronomy_> has joined at -568, 84, 314 and their IP is null
[2024-03-22 16:08:37] [world_nether] The Player <NezukoChan> has joined at -1278, 32, 591 and their IP is null
[2024-03-22 16:09:01] [world] The Player <astronomy> has joined at 1803, 38, 289 and their IP is null
[2024-03-22 16:15:09] [world] The Player <Mudkips_Rule> has joined at -1168, 48, -429 and their IP is null
[2024-03-22 16:15:48] [world] The Player <Pog4lifepeople> has joined at 1000587, 66, 1000196 and their IP is null
[2024-03-22 16:15:57] [world] The Player <astronomy> has joined at 1802, 38, 289 and their IP is null
[2024-03-22 16:18:25] [world] The Player <qwerty> has joined at -761, 7, -727 and their IP is null
[2024-03-22 16:18:39] [world] The Player <SPADE> has joined at -645, 63, -779 and their IP is null
[2024-03-22 16:21:29] [world] The Player <I_am_amazing> has joined at 500019, 13, 500005 and their IP is null
[2024-03-22 16:21:34] [world] The Player <Pog4lifepeople> has joined at 1000572, 66, 1000284 and their IP is null
[2024-03-22 16:22:54] [world] The Player <General_Rihan> has joined at -10247, 76, 4287 and their IP is null
[2024-03-22 16:23:27] [world] The Player <A_Random_Person> has joined at -1554, 50, -118 and their IP is null
[2024-03-22 16:25:25] [world] The Player <I_am_amazing> has joined at 40000, 7, 40000 and their IP is null
[2024-03-22 16:26:42] [world] The Player <Mudkips_Rule> has joined at -1154, 64, -442 and their IP is null
[2024-03-22 16:27:44] [world] The Player <WienerDogFace> has joined at -597, 68, 317 and their IP is null
[2024-03-22 16:30:37] [world] The Player <Mudkips_Rule> has joined at -1169, 48, -434 and their IP is null
[2024-03-22 16:33:49] [world] The Player <A_Random_Person> has joined at -1542, 51, -117 and their IP is null
[2024-03-22 16:34:03] [world] The Player <Pog4lifepeople> has joined at -600, 68, 271 and their IP is null
[2024-03-22 16:35:09] [world] The Player <hexa> has joined at 1000059, 14, 999988 and their IP is null
[2024-03-22 16:37:31] [world] The Player <digbick> has joined at -617, 6, 330 and their IP is null
[2024-03-22 16:41:17] [world] The Player <hexa> has joined at 1000099, 64, 999999 and their IP is null
[2024-03-22 16:43:38] [world] The Player <hexa> has joined at 1000102, 63, 1000006 and their IP is null
[2024-03-22 16:47:56] [world] The Player <Tester> has joined at 500004, 22, 48384 and their IP is null
[2024-03-22 16:48:07] [world] The Player <SPADE> has joined at -646, 50, -779 and their IP is null
[2024-03-22 16:48:32] [world] The Player <Brycethelegend> has joined at -1151, 48, -432 and their IP is null
[2024-03-22 16:48:33] [world] The Player <qwerty> has joined at -758, 7, -727 and their IP is null
[2024-03-22 16:49:18] [world] The Player <digbick> has joined at -705, 68, 318 and their IP is null
[2024-03-22 16:49:49] [world_the_end] The Player <Pog4lifepeople> has joined at 23, 63, 8 and their IP is null
[2024-03-22 16:50:35] [world] The Player <A_Random_Person> has joined at -1170, 49, -440 and their IP is null
[2024-03-22 16:51:25] [world] The Player <Tester> has joined at -573, 68, 316 and their IP is null
[2024-03-22 16:51:32] [world_the_end] The Player <Rip_WillOfTheD> has joined at 39, 62, 44 and their IP is null
[2024-03-22 16:52:43] [world] The Player <VeerIsKKK> has joined at -671, 11, 133 and their IP is null
[2024-03-22 16:53:16] [world] The Player <qwerty> has joined at -791, 7, -727 and their IP is null
[2024-03-22 16:54:30] [world_the_end] The Player <Tester> has joined at 29, 63, 10 and their IP is null
[2024-03-22 16:54:52] [world_the_end] The Player <Tester> has joined at 29, 63, 10 and their IP is null
[2024-03-22 16:55:23] [world] The Player <Tester> has joined at -573, 69, 318 and their IP is null
[2024-03-22 17:02:08] [world] The Player <Rip_WillOfTheD> has joined at -567, 69, 325 and their IP is null
[2024-03-22 17:02:33] [world_nether] The Player <qwerty> has joined at -38, 76, -16 and their IP is null
[2024-03-22 17:02:36] [world] The Player <digbick> has joined at -712, 68, 315 and their IP is null
[2024-03-22 17:02:39] [world] The Player <A_Random_Person> has joined at -1154, 64, -444 and their IP is null
[2024-03-22 17:02:51] [world] The Player <VeerIsKKK> has joined at -575, 69, 320 and their IP is null
[2024-03-22 17:02:56] [world] The Player <SPADE> has joined at -650, 64, -789 and their IP is null
[2024-03-22 17:02:56] [world] The Player <Pog4lifepeople> has joined at 512, 104, 2246 and their IP is null
[2024-03-22 17:03:26] [world_the_end] The Player <qwerty> has joined at 97, 49, 0 and their IP is null
[2024-03-22 17:06:22] [world] The Player <Tester> has joined at -10182, 60, 4119 and their IP is null
[2024-03-22 17:07:33] [world_the_end] The Player <qwerty> has joined at 96, 50, 1 and their IP is null
[2024-03-22 17:09:35] [world] The Player <Rip_WillOfTheD> has joined at -571, 69, 315 and their IP is null
[2024-03-22 17:09:41] [world_the_end] The Player <Tester> has joined at 80, 41, 27 and their IP is null
[2024-03-22 17:09:41] [world] The Player <digbick> has joined at -710, 68, 312 and their IP is null
[2024-03-22 17:10:09] [world] The Player <stealthassasin32> has joined at -668, 97, -783 and their IP is null
[2024-03-22 17:10:09] [world_the_end] The Player <Tester> has joined at 84, 42, 19 and their IP is null
[2024-03-22 17:10:33] [world] The Player <Tester> has joined at 510, 102, 2240 and their IP is null
[2024-03-22 17:10:53] [world] The Player <Rip_WillOfTheD> has joined at -573, 68, 316 and their IP is null
[2024-03-22 17:10:58] [world] The Player <VeerIsKKK> has joined at 511, 102, 2240 and their IP is null
[2024-03-22 17:11:00] [world] The Player <I_am_amazing> has joined at 1000098, 64, 999998 and their IP is null
[2024-03-22 17:11:26] [world] The Player <VeerIsKKK> has joined at 512, 104, 2242 and their IP is null
[2024-03-22 17:14:39] [world] The Player <stealthassasin32> has joined at -536, 73, 223 and their IP is null
[2024-03-22 17:14:43] [world] The Player <I_am_amazing> has joined at 100, 10, 142 and their IP is null
[2024-03-22 17:14:56] [world] The Player <digbick> has joined at -712, 91, 313 and their IP is null
[2024-03-22 17:15:05] [world] The Player <Pog4lifepeople> has joined at 1000574, 66, 1000286 and their IP is null
[2024-03-22 17:23:23] [world] The Player <stealthassasin32> has joined at 1000847, 60, 1000388 and their IP is null
[2024-03-22 17:27:22] [world] The Player <SPADE> has joined at -649, 64, -789 and their IP is null
[2024-03-22 17:31:25] [world] The Player <VeerIsKKK> has joined at 512, 104, 2245 and their IP is null
[2024-03-22 17:31:27] [world] The Player <Pog4lifepeople> has joined at 1000572, 66, 1000281 and their IP is null
[2024-03-22 17:31:28] [world] The Player <Rip_WillOfTheD> has joined at 1000569, 66, 1000289 and their IP is null
[2024-03-22 17:33:44] [world] The Player <Pog4lifepeople> has joined at 1000566, 66, 1000290 and their IP is null
[2024-03-22 17:37:27] [world] The Player <I_am_amazing> has joined at 100, 10, 100 and their IP is null
[2024-03-22 17:38:29] [world] The Player <A_Random_Person> has joined at -1154, 64, -442 and their IP is null
[2024-03-22 17:38:55] [world] The Player <qwerty> has joined at -572, 69, 306 and their IP is null
[2024-03-22 17:48:29] [world] The Player <VeerIsKKK> has joined at -581, 65, 245 and their IP is null
[2024-03-22 17:48:35] [world_nether] The Player <qwerty> has joined at -235, 51, -15 and their IP is null
[2024-03-22 17:51:42] [world] The Player <Pog4lifepeople> has joined at 1000561, 66, 1000289 and their IP is null
[2024-03-22 17:54:07] [world] The Player <SPADE> has joined at -648, 62, -790 and their IP is null
[2024-03-22 17:55:21] [world] The Player <I_am_amazing> has joined at -40, 7, -85 and their IP is null
[2024-03-22 17:57:49] [world_the_end] The Player <qwerty> has joined at -10, 59, 1 and their IP is null
[2024-03-22 17:58:27] [world] The Player <Pog4lifepeople> has joined at 1000566, 68, 1000292 and their IP is null
[2024-03-22 18:02:53] [world] The Player <Rip_WillOfTheD> has joined at -573, 68, 316 and their IP is null
[2024-03-22 18:03:08] [world] The Player <Rip_WillOfTheD> has joined at -573, 68, 316 and their IP is null
[2024-03-22 18:03:24] [world] The Player <Rip_WillOfTheD> has joined at -573, 68, 316 and their IP is null
[2024-03-22 18:11:37] [world_the_end] The Player <qwerty> has joined at 77, 49, -8 and their IP is null
[2024-03-22 18:17:09] [world_the_end] The Player <qwerty> has joined at 60, 37, 88 and their IP is null
[2024-03-22 18:19:48] [world_the_end] The Player <qwerty> has joined at 77, 27, -13 and their IP is null
[2024-03-22 18:37:37] [world] The Player <digbick> has joined at -709, 91, 314 and their IP is null
[2024-03-22 18:39:47] [world] The Player <digbick> has joined at -702, 91, 314 and their IP is null
[2024-03-22 18:44:48] [world] The Player <NezukoChan> has joined at 1805, 43, 282 and their IP is null
[2024-03-22 18:45:20] [world] The Player <qwerty> has joined at -573, 68, 316 and their IP is null
[2024-03-22 18:55:01] [world] The Player <NezukoChan> has joined at 1800, 38, 288 and their IP is null
[2024-03-22 18:55:08] [world] The Player <NezukoChan> has joined at 1800, 38, 288 and their IP is null
[2024-03-22 19:00:04] [world] The Player <astronomy> has joined at 1802, 38, 285 and their IP is null
[2024-03-22 19:02:34] [world] The Player <astronomy> has joined at -688, 71, 305 and their IP is null
[2024-03-22 19:06:42] [world_nether] The Player <qwerty> has joined at -141, 67, -100 and their IP is null
[2024-03-22 19:38:33] [world_nether] The Player <qwerty> has joined at -145, 68, -95 and their IP is null
[2024-03-22 19:49:42] [world] The Player <astronomy> has joined at 1800, 38, 285 and their IP is null
[2024-03-22 19:59:26] [world] The Player <virt360> has joined at -572, 86, 319 and their IP is null
[2024-03-22 20:05:27] [world_the_end] The Player <Heinrich_Himmler> has joined at -160, 99, 38 and their IP is null
[2024-03-22 20:14:22] [world] The Player <Mudkips_Rule> has joined at -1172, 49, -441 and their IP is null
[2024-03-22 20:16:49] [world] The Player <Clownpierce> has joined at -10159, 63, 4100 and their IP is null
[2024-03-22 20:17:00] [world] The Player <Clownpierce> has joined at -10159, 63, 4100 and their IP is null
[2024-03-22 20:26:09] [world] The Player <Clownpierce> has joined at -10191, 64, 4017 and their IP is null
[2024-03-22 20:28:50] [world] The Player <Mudkips_Rule> has joined at -1169, 49, -441 and their IP is null
[2024-03-22 20:28:53] [world] The Player <NezukoChan> has joined at 1800, 38, 292 and their IP is null
[2024-03-22 20:41:05] [world] The Player <Tester> has joined at 1000570, 68, 1000292 and their IP is null
[2024-03-22 20:48:51] [world] The Player <Heinrich_Himmler> has joined at -529, 193, 287 and their IP is null
[2024-03-22 20:50:52] [world_the_end] The Player <Heinrich_Himmler> has joined at 97, 49, -1 and their IP is null
[2024-03-22 20:52:06] [world] The Player <Mudkips_Rule> has joined at -1358, 67, -244 and their IP is null
[2024-03-22 21:01:15] [world_the_end] The Player <Tester> has joined at -166, 60, 42 and their IP is null
[2024-03-22 21:03:07] [world_nether] The Player <Heinrich_Himmler> has joined at 12502, 128, 2 and their IP is null
[2024-03-22 21:17:00] [world] The Player <Mudkips_Rule> has joined at -1169, 48, -434 and their IP is null
[2024-03-22 21:20:40] [world] The Player <Tester> has joined at -10172, 64, 4120 and their IP is null
[2024-03-22 21:22:19] [world] The Player <Mudkips_Rule> has joined at -1170, 49, -430 and their IP is null
[2024-03-22 21:29:53] [world] The Player <Mudkips_Rule> has joined at -1154, 64, -440 and their IP is null
[2024-03-22 21:35:25] [world] The Player <Mudkips_Rule> has joined at -1170, 49, -417 and their IP is null
[2024-03-22 21:35:46] [world] The Player <Mudkips_Rule> has joined at -1170, 49, -417 and their IP is null
[2024-03-22 21:36:42] [world] The Player <Marshtomp12345> has joined at -564, 82, 315 and their IP is null
[2024-03-22 21:41:58] [world] The Player <Kidden> has joined at -570, 85, 324 and their IP is null
[2024-03-22 21:44:40] [world] The Player <Kidden> has joined at -570, 85, 324 and their IP is null
[2024-03-22 21:49:42] [world_nether] The Player <Heinrich_Himmler> has joined at 12497, 128, 1 and their IP is null
[2024-03-22 21:53:37] [world] The Player <caiden> has joined at -569, 85, 313 and their IP is null
[2024-03-22 23:02:34] [world_nether] The Player <qwerty> has joined at -140, 67, -102 and their IP is null
[2024-03-22 23:29:28] [world_nether] The Player <Heinrich_Himmler> has joined at 12503, 128, 1 and their IP is null
[2024-03-22 23:29:41] [world] The Player <NezukoChan> has joined at -1169, 49, -426 and their IP is null
[2024-03-22 23:35:14] [world] The Player <idkwhattoputhere> has joined at -569, 69, 327 and their IP is null
[2024-03-22 23:53:02] [world_the_end] The Player <Mudkips_Rule> has joined at 41, 62, 33 and their IP is null
[2024-03-22 23:54:03] [world] The Player <Marshtomp12345> has joined at -545, 64, 292 and their IP is null
[2024-03-22 23:54:17] [world_the_end] The Player <Mudkips_Rule> has joined at 41, 62, 33 and their IP is null
[2024-03-22 23:55:50] [world_the_end] The Player <Heinrich_Himmler> has joined at -19, 57, -64 and their IP is null
[2024-03-23 00:43:08] [world] The Player <Mudkips_Rule> has joined at -633, 67, 375 and their IP is null
[2024-03-23 00:47:59] [world] The Player <Marshtomp12345> has joined at -1156, 6, -466 and their IP is null
[2024-03-23 00:50:41] [world] The Player <Marshtomp12345> has joined at -1147, 5, -463 and their IP is null
[2024-03-23 01:11:08] [world] The Player <NezukoChan> has joined at -10172, 64, 4121 and their IP is null
[2024-03-23 01:13:00] [world] The Player <Tester> has joined at -691, 67, 313 and their IP is null
[2024-03-23 01:21:17] [world] The Player <Tester> has joined at -1171, 49, -432 and their IP is null
[2024-03-23 01:29:26] [world] The Player <NezukoChan> has joined at -1157, 61, -442 and their IP is null
[2024-03-23 01:31:57] [world_nether] The Player <Tester> has joined at -133, 67, -122 and their IP is null
[2024-03-23 01:37:46] [world] The Player <Marshtomp12345> has joined at -1136, 5, -424 and their IP is null
[2024-03-23 01:38:04] [world_nether] The Player <Mudkips_Rule> has joined at -155, 67, -100 and their IP is null
[2024-03-23 01:39:23] [world] The Player <Tester> has joined at -10170, 64, 4118 and their IP is null
[2024-03-23 01:40:04] [world_nether] The Player <Mudkips_Rule> has joined at -148, 66, -101 and their IP is null
[2024-03-23 01:41:45] [world_nether] The Player <Mudkips_Rule> has joined at -147, 67, -101 and their IP is null
[2024-03-23 01:43:54] [world] The Player <Tester> has joined at -10169, 64, 4125 and their IP is null
[2024-03-23 01:46:26] [world] The Player <A_Random_Person> has joined at -550, 88, 244 and their IP is null
[2024-03-23 01:58:10] [world] The Player <Tester> has joined at -557, 88, 279 and their IP is null
[2024-03-23 02:26:29] [world_the_end] The Player <Heinrich_Himmler> has joined at -13, 78, -63 and their IP is null
[2024-03-23 03:57:13] [world] The Player <digbick> has joined at -709, 93, 313 and their IP is null
[2024-03-23 04:13:37] [world] The Player <digbick> has joined at -696, 77, 314 and their IP is null
[2024-03-23 05:47:48] [world] The Player <GolemDaWanderer> has joined at -549, 68, 247 and their IP is null
[2024-03-23 11:22:12] [world] The Player <NezukoChan> has joined at -10169, 64, 4125 and their IP is null
[2024-03-23 12:09:45] [world] The Player <NezukoChan> has joined at -10161, 13, 4076 and their IP is null
[2024-03-23 12:18:40] [world] The Player <Tester> has joined at -563, 89, 284 and their IP is null
[2024-03-23 12:25:51] [world] The Player <Tester> has joined at -561, 88, 270 and their IP is null
[2024-03-23 12:34:18] [world] The Player <caeso> has joined at -575, 86, 323 and their IP is null
[2024-03-23 13:05:47] [world] The Player <Mudkips_Rule> has joined at -543, 92, 259 and their IP is null
[2024-03-23 13:24:57] [world] The Player <Mudkips_Rule> has joined at -1099, 69, -582 and their IP is null
[2024-03-23 13:27:16] [world] The Player <Mudkips_Rule> has joined at -1163, 48, -430 and their IP is null
[2024-03-23 13:39:20] [world] The Player <NezukoChan> has joined at -10160, 63, 4121 and their IP is null
[2024-03-23 13:54:12] [world] The Player <Mudkips_Rule> has joined at -1163, 48, -430 and their IP is null
[2024-03-23 14:09:01] [world] The Player <Marshtomp12345> has joined at -579, 56, 333 and their IP is null
[2024-03-23 15:11:59] [world] The Player <character> has joined at -371, 88, -60 and their IP is null
[2024-03-23 15:19:12] [world] The Player <NezukoChan> has joined at -10158, 63, 4122 and their IP is null
[2024-03-23 15:21:08] [world] The Player <character> has joined at -372, 78, -76 and their IP is null
[2024-03-23 15:34:47] [world] The Player <NezukoChan> has joined at -10180, 63, 4108 and their IP is null
[2024-03-23 16:18:31] [world] The Player <NezukoChan> has joined at -10168, 64, 4128 and their IP is null
[2024-03-23 16:54:42] [world] The Player <NezukoChan> has joined at -10175, 63, 4116 and their IP is null
[2024-03-23 17:08:05] [world] The Player <Tester> has joined at -561, 88, 264 and their IP is null
[2024-03-23 17:21:31] [world] The Player <Tester> has joined at -10251, 64, 4098 and their IP is null
[2024-03-23 17:27:03] [world] The Player <Tester> has joined at -10255, 64, 4101 and their IP is null
[2024-03-23 17:34:31] [world] The Player <Tester> has joined at -10244, 65, 4104 and their IP is null
[2024-03-23 17:47:03] [world] The Player <Tester> has joined at -10351, 63, 4071 and their IP is null
[2024-03-23 17:48:40] [world] The Player <NezukoChan> has joined at -10176, 64, 4117 and their IP is null
[2024-03-23 17:49:54] [world] The Player <Tester> has joined at 9985, 68, -9999 and their IP is null
[2024-03-23 18:28:24] [world] The Player <Tester> has joined at -10113, 68, 4154 and their IP is null
[2024-03-23 18:32:42] [world] The Player <Tester> has joined at -10244, 64, 4112 and their IP is null
[2024-03-23 18:33:20] [world] The Player <Marshtomp12345> has joined at -556, 32, 336 and their IP is null
[2024-03-23 18:41:08] [world] The Player <Tester> has joined at -10167, 63, 4116 and their IP is null
[2024-03-23 18:44:09] [world] The Player <Marshtomp12345> has joined at -1163, 9, -388 and their IP is null
[2024-03-23 18:44:48] [world] The Player <Marshtomp12345> has joined at -1163, 9, -388 and their IP is null
[2024-03-23 18:47:48] [world] The Player <Tester> has joined at -10248, 61, 4097 and their IP is null
[2024-03-23 19:06:50] [world] The Player <Tester> has joined at -10169, 64, 4117 and their IP is null
[2024-03-23 19:24:17] [world] The Player <NezukoChan> has joined at -10172, 64, 4121 and their IP is null
[2024-03-23 19:27:03] [world] The Player <NezukoChan> has joined at -10208, 64, 4143 and their IP is null
[2024-03-23 19:31:07] [world] The Player <Mudkips_Rule> has joined at -591, 67, 238 and their IP is null
[2024-03-23 19:33:12] [world] The Player <Mudkips_Rule> has joined at -585, 68, 240 and their IP is null
[2024-03-23 19:40:16] [world] The Player <NezukoChan> has joined at -10208, 64, 4143 and their IP is null
[2024-03-23 19:41:03] [world] The Player <Mudkips_Rule> has joined at -1155, 63, -442 and their IP is null
[2024-03-23 19:42:38] [world] The Player <Marshtomp17> has joined at -571, 86, 312 and their IP is null
[2024-03-23 19:57:27] [world] The Player <Tester> has joined at -10245, 62, 4096 and their IP is null
[2024-03-23 20:21:10] [world] The Player <Tester> has joined at -10250, 64, 4095 and their IP is null
[2024-03-23 20:27:33] [world] The Player <Tester> has joined at -10244, 64, 4095 and their IP is null
[2024-03-23 20:35:20] [world] The Player <Tester> has joined at -10247, 67, 4103 and their IP is null
[2024-03-23 20:36:29] [world] The Player <Tester> has joined at -10248, 64, 4102 and their IP is null
[2024-03-23 20:47:02] [world] The Player <NezukoChan> has joined at -10254, 64, 4096 and their IP is null
[2024-03-23 20:51:13] [world_nether] The Player <Heinrich_Himmler> has joined at 12463, 127, -1 and their IP is null
[2024-03-23 20:58:16] [world_nether] The Player <Tester> has joined at 2613, 128, 0 and their IP is null
[2024-03-23 21:10:20] [world_nether] The Player <NezukoChan> has joined at 2415, 128, 0 and their IP is null
[2024-03-23 21:27:44] [world_nether] The Player <Tester> has joined at 2526, 128, 0 and their IP is null
[2024-03-23 21:36:18] [world_nether] The Player <NezukoChan> has joined at 2492, 128, -1 and their IP is null
[2024-03-23 21:51:29] [world_nether] The Player <Tester> has joined at 5910, 128, 2 and their IP is null
[2024-03-23 22:08:04] [world] The Player <NezukoChan> has joined at -10183, 64, 4107 and their IP is null
[2024-03-23 22:08:10] [world] The Player <NezukoChan> has joined at -10183, 64, 4107 and their IP is null
[2024-03-23 22:12:37] [world] The Player <Tester> has joined at -10186, 63, 4091 and their IP is null
[2024-03-23 22:17:16] [world_nether] The Player <Heinrich_Himmler> has joined at 777, 128, 0 and their IP is null
[2024-03-23 22:32:07] [world] The Player <Tester> has joined at -10226, 69, 4104 and their IP is null
[2024-03-23 23:06:35] [world] The Player <Tester> has joined at -10222, 68, 4141 and their IP is null
[2024-03-23 23:10:30] [world] The Player <Tester> has joined at -10221, 67, 4138 and their IP is null
[2024-03-23 23:59:56] [world] The Player <Mudkips_Rule> has joined at -1154, 64, -442 and their IP is null
[2024-03-24 00:00:58] [world] The Player <Marshtomp17> has joined at -564, 82, 323 and their IP is null
[2024-03-24 00:01:58] [world] The Player <Marshtomp17> has joined at -1154, 64, -442 and their IP is null
[2024-03-24 00:03:05] [world] The Player <Marshtomp17> has joined at -1154, 64, -442 and their IP is null
[2024-03-24 00:03:28] [world] The Player <Marshtomp17> has joined at -1154, 64, -442 and their IP is null
[2024-03-24 00:17:03] [world] The Player <Tester> has joined at -1152, 65, -440 and their IP is null
[2024-03-24 00:25:51] [world_the_end] The Player <Heinrich_Himmler> has joined at 74, 49, -13 and their IP is null
[2024-03-24 01:14:01] [world] The Player <A_Random_Person> has joined at -549, 88, 254 and their IP is null
[2024-03-24 01:15:47] [world] The Player <Tester> has joined at -10175, 64, 4155 and their IP is null
[2024-03-24 01:19:06] [world] The Player <A_Random_Person> has joined at -549, 92, 258 and their IP is null
[2024-03-24 02:05:50] [world] The Player <A_Random_Person> has joined at -548, 88, 253 and their IP is null
[2024-03-24 02:30:38] [world] The Player <Tester> has joined at -10195, 65, 4150 and their IP is null
[2024-03-24 02:48:47] [world] The Player <Tester> has joined at -10188, 64, 4153 and their IP is null
[2024-03-24 02:53:22] [world] The Player <Tester> has joined at -10193, 64, 4150 and their IP is null
[2024-03-24 03:00:29] [world] The Player <Tester> has joined at -10196, 64, 4152 and their IP is null
[2024-03-24 03:13:06] [world] The Player <Tester> has joined at -1536, 50, -117 and their IP is null
[2024-03-24 03:28:19] [world] The Player <Tester> has joined at -10205, 64, 4155 and their IP is null
[2024-03-24 03:34:21] [world] The Player <Tester> has joined at -10200, 64, 4134 and their IP is null
[2024-03-24 05:05:11] [world_the_end] The Player <GolemDaWanderer> has joined at -165, 57, 35 and their IP is null
[2024-03-24 05:37:43] [world] The Player <GolemDaWanderer> has joined at -573, 68, 316 and their IP is null
[2024-03-24 11:20:30] [world] The Player <Tester> has joined at -10188, 64, 4152 and their IP is null
[2024-03-24 11:33:23] [world] The Player <Tester> has joined at -10188, 64, 4156 and their IP is null
[2024-03-24 11:48:08] [world] The Player <NezukoChan> has joined at -596, 61, 209 and their IP is null
[2024-03-24 12:08:53] [world] The Player <Tester> has joined at -10172, 63, 4115 and their IP is null
[2024-03-24 12:10:52] [world] The Player <Tester> has joined at -10176, 64, 4116 and their IP is null
[2024-03-24 12:13:31] [world] The Player <NezukoChan> has joined at -10177, 63, 4114 and their IP is null
[2024-03-24 12:19:52] [world] The Player <Brycethelegend> has joined at -1171, 49, -420 and their IP is null
[2024-03-24 12:38:28] [world] The Player <Tester> has joined at -10198, 62, 4102 and their IP is null
[2024-03-24 12:40:37] [world] The Player <NezukoChan> has joined at -10215, 67, 4160 and their IP is null
[2024-03-24 12:46:52] [world] The Player <Brycethelegend> has joined at -1170, 49, -420 and their IP is null
[2024-03-24 12:49:02] [world] The Player <SPADE> has joined at -649, 63, -787 and their IP is null
[2024-03-24 13:07:36] [world] The Player <Tester> has joined at -10188, 64, 4071 and their IP is null
[2024-03-24 13:33:16] [world] The Player <A_Random_Person> has joined at -548, 88, 255 and their IP is null
[2024-03-24 13:36:01] [world] The Player <NezukoChan> has joined at -10166, 64, 4127 and their IP is null
[2024-03-24 14:13:08] [world_the_end] The Player <Heinrich_Himmler> has joined at -8, 50, -51 and their IP is null
[2024-03-24 14:35:45] [world] The Player <NezukoChan> has joined at -10177, 63, 4113 and their IP is null
[2024-03-24 14:38:53] [world] The Player <Milk_Frogw> has joined at -566, 83, 314 and their IP is null
[2024-03-24 14:55:58] [world] The Player <Tester> has joined at -10200, 66, 4076 and their IP is null
[2024-03-24 15:05:38] [world] The Player <Tester> has joined at -10208, 64, 3971 and their IP is null
[2024-03-24 15:13:12] [world] The Player <GolemDaWanderer> has joined at -712, 67, 313 and their IP is null
[2024-03-24 15:17:46] [world] The Player <Tester> has joined at -10176, 64, 4116 and their IP is null
[2024-03-24 15:26:31] [world] The Player <GolemDaWanderer> has joined at -10245, 64, 4099 and their IP is null
[2024-03-24 15:26:43] [world] The Player <Tester> has joined at -10245, 64, 4096 and their IP is null
[2024-03-24 15:33:03] [world] The Player <Tester> has joined at -10188, 64, 4155 and their IP is null
[2024-03-24 15:51:26] [world_the_end] The Player <Heinrich_Himmler> has joined at -14, 90, -66 and their IP is null
[2024-03-24 15:53:27] [world_the_end] The Player <Heinrich_Himmler> has joined at -14, 90, -66 and their IP is null
[2024-03-24 15:58:15] [world_the_end] The Player <Heinrich_Himmler> has joined at -11, 91, -68 and their IP is null
[2024-03-24 16:14:45] [world] The Player <GolemDaWanderer> has joined at 9999, 66, -9998 and their IP is null
[2024-03-24 16:35:11] [world] The Player <Tester> has joined at -10258, 64, 4103 and their IP is null
[2024-03-24 16:39:11] [world] The Player <YeegDarver841> has joined at -573, 87, 319 and their IP is null
[2024-03-24 16:39:29] [world] The Player <Tester> has joined at -10273, 64, 4086 and their IP is null
[2024-03-24 16:50:08] [world] The Player <Tester> has joined at -10270, 64, 4077 and their IP is null
[2024-03-24 17:27:52] [world] The Player <Tester> has joined at -10274, 58, 4075 and their IP is null
[2024-03-24 17:48:40] [world] The Player <Tester> has joined at -10297, 30, 4029 and their IP is null
[2024-03-24 18:01:28] [world] The Player <Tester> has joined at -10301, 48, 4028 and their IP is null
[2024-03-24 18:07:10] [world] The Player <Tester> has joined at -10298, 48, 4030 and their IP is null
[2024-03-24 18:09:16] [world] The Player <Tester> has joined at -10299, 25, 4035 and their IP is null
[2024-03-24 18:15:39] [world] The Player <GolemDaWanderer> has joined at -10173, 63, 4112 and their IP is null
[2024-03-24 18:17:35] [world] The Player <Tester> has joined at -10298, 48, 4027 and their IP is null
[2024-03-24 18:17:44] [world] The Player <Tester> has joined at -10298, 48, 4027 and their IP is null
[2024-03-24 18:18:26] [world] The Player <Tester> has joined at -10298, 48, 4027 and their IP is null
[2024-03-24 18:19:00] [world] The Player <Tester> has joined at -10298, 48, 4027 and their IP is null
[2024-03-24 18:21:55] [world] The Player <GolemDaWanderer> has joined at -10176, 63, 4112 and their IP is null
[2024-03-24 18:22:28] [world] The Player <Tester> has joined at -10176, 63, 4112 and their IP is null
[2024-03-24 18:27:51] [world] The Player <Tester> has joined at -10296, 48, 4029 and their IP is null
[2024-03-24 18:33:46] [world] The Player <Tester> has joined at -10296, 47, 4029 and their IP is null
[2024-03-24 18:37:08] [world] The Player <Tester> has joined at -10303, 48, 4026 and their IP is null
[2024-03-24 18:37:15] [world] The Player <Tester> has joined at -10303, 48, 4026 and their IP is null
[2024-03-24 18:45:56] [world] The Player <Tester> has joined at -10301, 48, 4033 and their IP is null
[2024-03-24 18:49:19] [world] The Player <Tester> has joined at -10298, 48, 4031 and their IP is null
[2024-03-24 18:49:30] [world] The Player <Tester> has joined at -10298, 48, 4031 and their IP is null
[2024-03-24 18:52:25] [world] The Player <xcpc> has joined at -576, 86, 309 and their IP is null
[2024-03-24 19:07:15] [world] The Player <GolemDaWanderer> has joined at -10175, 64, 4117 and their IP is null
[2024-03-24 19:22:10] [world] The Player <Tester> has joined at -10297, 43, 4032 and their IP is null
[2024-03-24 19:32:02] [world] The Player <Tester> has joined at -10298, 35, 4028 and their IP is null
[2024-03-24 19:41:14] [world] The Player <Tester> has joined at -10299, 42, 4024 and their IP is null
[2024-03-24 19:45:24] [world] The Player <Tester> has joined at -10299, 48, 4030 and their IP is null
[2024-03-24 20:07:50] [world_the_end] The Player <Heinrich_Himmler> has joined at -11, 90, -66 and their IP is null
[2024-03-24 20:08:56] [world] The Player <Tester> has joined at -10300, 36, 4028 and their IP is null
[2024-03-24 20:11:06] [world] The Player <xcpc> has joined at -562, 64, 462 and their IP is null
[2024-03-24 20:13:21] [world] The Player <xcpc> has joined at -599, 75, 480 and their IP is null
[2024-03-24 20:13:32] [world] The Player <Tester> has joined at -10297, 35, 4028 and their IP is null
[2024-03-24 20:25:04] [world] The Player <Tester> has joined at -10291, 35, 4029 and their IP is null
[2024-03-24 20:29:49] [world] The Player <Tester> has joined at -10296, 35, 4029 and their IP is null
[2024-03-24 20:33:41] [world_the_end] The Player <GolemDaWanderer> has joined at 36, 63, 22 and their IP is null
[2024-03-24 21:13:03] [world] The Player <NezukoChan> has joined at -10172, 64, 4118 and their IP is null
[2024-03-24 21:13:35] [world] The Player <Tester> has joined at -10298, 35, 4030 and their IP is null
[2024-03-24 21:13:58] [world] The Player <NezukoChan> has joined at -10160, 63, 4120 and their IP is null
