[2024-03-24 21:45:17] [world] The Player <GolemDaWanderer> has joined at -10301, 39, 4029 and their IP is null
[2024-03-24 21:51:42] [world] The Player <Tester> has joined at -10301, 27, 4029 and their IP is null
[2024-03-24 21:54:45] [world] The Player <xcpc> has joined at -576, 64, 404 and their IP is null
[2024-03-24 21:54:54] [world] The Player <YeeDarvler839> has joined at -566, 83, 311 and their IP is null
[2024-03-24 21:55:18] [world] The Player <NezukoChan> has joined at -10298, 35, 4030 and their IP is null
[2024-03-24 21:56:49] [world] The Player <Tester> has joined at -565, 68, 257 and their IP is null
[2024-03-24 21:57:47] [world] The Player <Tester> has joined at -586, 68, 273 and their IP is null
[2024-03-24 21:58:32] [world] The Player <Tester> has joined at -594, 68, 274 and their IP is null
[2024-03-24 22:01:42] [world] The Player <Tester> has joined at -10298, 35, 4027 and their IP is null
[2024-03-24 22:05:05] [world] The Player <NezukoChan> has joined at -10301, 37, 4028 and their IP is null
[2024-03-24 22:14:43] [world] The Player <Tester> has joined at -10300, 36, 4028 and their IP is null
[2024-03-24 22:14:45] [world] The Player <GolemDaWanderer> has joined at -10298, 35, 4030 and their IP is null
[2024-03-24 22:18:11] [world] The Player <Tester> has joined at -10298, 35, 4028 and their IP is null
[2024-03-24 22:18:38] [world] The Player <GolemDaWanderer> has joined at -10301, 39, 4029 and their IP is null
[2024-03-24 22:24:39] [world] The Player <NezukoChan> has joined at -10301, 35, 4028 and their IP is null
[2024-03-24 22:26:33] [world] The Player <NezukoChan> has joined at -10299, 35, 4025 and their IP is null
[2024-03-24 22:28:00] [world_nether] The Player <Brycethelegend> has joined at -106, 83, -103 and their IP is null
[2024-03-24 23:01:26] [world] The Player <Tester> has joined at -10298, 35, 4028 and their IP is null
[2024-03-24 23:18:18] [world] The Player <NezukoChan> has joined at -10301, 39, 4029 and their IP is null
[2024-03-24 23:38:10] [world] The Player <Heinrich_Himmler> has joined at -562, 68, 257 and their IP is null
[2024-03-25 00:08:58] [world_nether] The Player <Brycethelegend> has joined at -133, 66, -84 and their IP is null
[2024-03-25 00:14:36] [world] The Player <NezukoChan> has joined at -10171, 63, 4116 and their IP is null
[2024-03-25 00:33:51] [world] The Player <NezukoChan> has joined at -10160, 63, 4112 and their IP is null
[2024-03-25 00:52:39] [world] The Player <Brycethelegend> has joined at -1356, 63, -265 and their IP is null
[2024-03-25 01:31:16] [world_the_end] The Player <Heinrich_Himmler> has joined at -13, 86, -66 and their IP is null
[2024-03-25 02:43:45] [world] The Player <NezukoChan> has joined at -10184, 63, 4106 and their IP is null
[2024-03-25 03:04:29] [world] The Player <GolemDaWanderer> has joined at -10170, 64, 4117 and their IP is null
[2024-03-25 11:16:18] [world] The Player <GolemDaWanderer> has joined at -10210, 66, 4185 and their IP is null
[2024-03-25 13:07:49] [world] The Player <NezukoChan> has joined at -10185, 63, 4104 and their IP is null
[2024-03-25 13:07:57] [world] The Player <NezukoChan> has joined at -10185, 63, 4104 and their IP is null
[2024-03-25 13:24:42] [world] The Player <NezukoChan> has joined at -10201, 66, 4085 and their IP is null
[2024-03-25 16:21:29] [world] The Player <Tester> has joined at -573, 68, 260 and their IP is null
[2024-03-25 16:46:35] [world] The Player <xcpc> has joined at -590, 64, 394 and their IP is null
[2024-03-25 18:54:25] [world] The Player <NezukoChan> has joined at -10172, 64, 4120 and their IP is null
[2024-03-25 19:14:52] [world] The Player <GolemDaWanderer> has joined at -10210, 66, 4185 and their IP is null
