[2024-03-25 20:23:56] [world] The Player <GolemDaWanderer> has joined at -10174, 64, 4116 and their IP is null
[2024-03-25 21:18:47] [world] The Player <NezukoChan> has joined at -10172, 64, 4120 and their IP is null
[2024-03-25 21:58:18] [world] The Player <NezukoChan> has joined at -10218, 67, 4088 and their IP is null
[2024-03-25 22:24:18] [world] The Player <NezukoChan> has joined at -10185, 63, 4111 and their IP is null
[2024-03-25 22:25:45] [world] The Player <Mudkips_Rule> has joined at -570, 78, 254 and their IP is null
[2024-03-25 22:28:13] [world] The Player <Marshtomp17> has joined at -567, 78, 257 and their IP is null
[2024-03-25 22:41:27] [world] The Player <Tester> has joined at -573, 68, 260 and their IP is null
[2024-03-25 22:43:51] [world] The Player <Tester> has joined at -10177, 60, 4121 and their IP is null
[2024-03-25 23:07:02] [world] The Player <TurtleDuck> has joined at -513, 69, 257 and their IP is null
[2024-03-25 23:21:30] [world] The Player <GolemDaWanderer> has joined at -10183, 60, 4119 and their IP is null
[2024-03-25 23:22:09] [world] The Player <NezukoChan> has joined at -10160, 63, 4117 and their IP is null
[2024-03-25 23:58:09] [world] The Player <NezukoChan> has joined at -10171, 62, 4117 and their IP is null
[2024-03-26 00:28:29] [world] The Player <hexa> has joined at 1000104, 64, 999998 and their IP is null
[2024-03-26 00:37:40] [world] The Player <Marshtomp17> has joined at -575, 78, 251 and their IP is null
[2024-03-26 00:38:22] [world] The Player <Mudkips_Rule> has joined at -577, 78, 251 and their IP is null
[2024-03-26 00:38:53] [world] The Player <Mudkips_Rule> has joined at -577, 78, 251 and their IP is null
[2024-03-26 00:42:17] [world] The Player <GolemDaWanderer> has joined at 9994, 71, -9911 and their IP is null
[2024-03-26 01:06:45] [world] The Player <Marshtomp17> has joined at -1169, 49, -430 and their IP is null
[2024-03-26 01:30:31] [world] The Player <NezukoChan> has joined at 9990, 72, -9931 and their IP is null
[2024-03-26 01:33:22] [world] The Player <Marshtomp17> has joined at -573, 68, 315 and their IP is null
[2024-03-26 01:41:41] [world] The Player <Marshtomp17> has joined at -575, 78, 246 and their IP is null
[2024-03-26 01:42:44] [world] The Player <NezukoChan> has joined at -573, 78, 251 and their IP is null
[2024-03-26 01:45:41] [world] The Player <GolemDaWanderer> has joined at 9999, 66, -9996 and their IP is null
[2024-03-26 02:14:36] [world] The Player <GolemDaWanderer> has joined at 10027, 64, -10006 and their IP is null
[2024-03-26 11:19:33] [world] The Player <GolemDaWanderer> has joined at 9980, 68, -10001 and their IP is null
[2024-03-26 12:01:39] [world] The Player <Tester> has joined at -10186, 60, 4120 and their IP is null
[2024-03-26 12:48:59] [world] The Player <Tester> has joined at -10173, 63, 4112 and their IP is null
[2024-03-26 13:02:39] [world] The Player <NezukoChan> has joined at -578, 78, 252 and their IP is null
[2024-03-26 13:06:20] [world] The Player <Tester> has joined at -10301, 36, 4028 and their IP is null
[2024-03-26 13:20:13] [world] The Player <NezukoChan> has joined at -562, 66, 291 and their IP is null
[2024-03-26 13:25:40] [world] The Player <hexa> has joined at 1000054, 64, 999969 and their IP is null
[2024-03-26 13:42:33] [world] The Player <NezukoChan> has joined at -543, 69, 317 and their IP is null
[2024-03-26 19:15:15] [world] The Player <GolemDaWanderer> has joined at 10009, 65, -9939 and their IP is null
[2024-03-26 20:22:42] [world] The Player <GolemDaWanderer> has joined at 10001, 66, -9968 and their IP is null
[2024-03-26 20:57:13] [world] The Player <GolemDaWanderer> has joined at 10001, 66, -9968 and their IP is null
[2024-03-26 21:01:47] [world] The Player <Tester> has joined at -10301, 36, 4028 and their IP is null
[2024-03-26 21:02:48] [world] The Player <Tester> has joined at -10301, 36, 4028 and their IP is null
[2024-03-26 21:13:33] [world] The Player <GolemDaWanderer> has joined at -578, 88, 255 and their IP is null
[2024-03-26 21:30:50] [world_nether] The Player <Heinrich_Himmler> has joined at -4, 75, 0 and their IP is null
[2024-03-26 21:33:33] [world_the_end] The Player <Heinrich_Himmler> has joined at -13, 57, -61 and their IP is null
[2024-03-26 21:37:15] [world] The Player <GolemDaWanderer> has joined at -565, 68, 255 and their IP is null
[2024-03-26 21:49:09] [world] The Player <Tester> has joined at -578, 88, 258 and their IP is null
[2024-03-26 22:17:28] [world] The Player <GolemDaWanderer> has joined at -564, 68, 287 and their IP is null
[2024-03-26 22:18:21] [world] The Player <NezukoChan> has joined at -556, 56, 321 and their IP is null
[2024-03-26 22:27:34] [world] The Player <NezukoChan> has joined at -10194, 63, 4075 and their IP is null
[2024-03-26 22:32:07] [world] The Player <GolemDaWanderer> has joined at -10645, 58, 4298 and their IP is null
[2024-03-26 22:34:52] [world] The Player <Tester> has joined at -10174, 64, 4127 and their IP is null
[2024-03-26 22:39:57] [world] The Player <Tester> has joined at -642, 77, 314 and their IP is null
