[2024-03-26 22:49:41] [world] The Player <Tester> has joined at -10164, 71, 4098 and their IP is null
[2024-03-26 22:50:06] [world] The Player <Tester_> has joined at -10180, 63, 4116 and their IP is null
[2024-03-26 22:50:32] [world] The Player <Tester> has joined at -10164, 71, 4098 and their IP is null
[2024-03-26 22:50:35] [world] The Player <Tester> has joined at -10164, 71, 4098 and their IP is null
[2024-03-26 22:51:00] [world] The Player <NezukoChan> has joined at -10162, 61, 4093 and their IP is null
[2024-03-26 22:53:19] [world] The Player <Feather> has joined at -567, 84, 312 and their IP is null
[2024-03-26 22:57:58] [world] The Player <NezukoChan> has joined at -577, 66, 291 and their IP is null
[2024-03-26 22:58:49] [world] The Player <Tester> has joined at -10176, 64, 4125 and their IP is null
[2024-03-26 22:59:01] [world] The Player <Tester> has joined at -10176, 64, 4125 and their IP is null
[2024-03-26 22:59:47] [world] The Player <Tester> has joined at -10176, 64, 4123 and their IP is null
[2024-03-26 23:00:08] [world] The Player <Feathery> has joined at -571, 86, 318 and their IP is null
[2024-03-26 23:04:18] [world] The Player <Feathery> has joined at -576, 66, 298 and their IP is null
[2024-03-26 23:07:56] [world] The Player <NezukoChan> has joined at -10278, 64, 4101 and their IP is null
[2024-03-26 23:16:22] [world] The Player <Tester> has joined at -10176, 64, 4123 and their IP is null
[2024-03-26 23:21:48] [world] The Player <Tester> has joined at -604, 68, 315 and their IP is null
[2024-03-26 23:27:11] [world] The Player <Tester> has joined at -585, 70, 218 and their IP is null
[2024-03-26 23:30:40] [world] The Player <GolemDaWanderer> has joined at -561, 64, 332 and their IP is null
[2024-03-26 23:50:41] [world_nether] The Player <NezukoChan> has joined at -1265, 50, 511 and their IP is null
[2024-03-27 01:43:08] [world] The Player <Tester> has joined at -10181, 61, 4119 and their IP is null
[2024-03-27 02:25:04] [world] The Player <GolemDaWanderer> has joined at -407, 65, 390 and their IP is null
[2024-03-27 02:25:44] [world] The Player <GolemDaWanderer> has joined at -413, 64, 383 and their IP is null
[2024-03-27 02:25:52] [world] The Player <GolemDaWanderer> has joined at -413, 64, 383 and their IP is null
[2024-03-27 02:33:04] [world] The Player <Tester> has joined at -10178, 60, 4120 and their IP is null
[2024-03-27 02:37:12] [world] The Player <Tester> has joined at -617, 68, 279 and their IP is null
[2024-03-27 02:39:42] [world] The Player <Tester> has joined at -609, 69, 264 and their IP is null
[2024-03-27 02:42:41] [world] The Player <Tester> has joined at -609, 69, 262 and their IP is null
[2024-03-27 02:55:33] [world] The Player <Tester> has joined at -609, 69, 256 and their IP is null
[2024-03-27 03:01:51] [world] The Player <Tester> has joined at -10185, 64, 4119 and their IP is null
[2024-03-27 12:13:05] [world] The Player <Tester> has joined at -10247, 64, 4112 and their IP is null
[2024-03-27 12:19:25] [world] The Player <Tester> has joined at -10177, 64, 4123 and their IP is null
[2024-03-27 12:25:43] [world] The Player <Tester> has joined at -10228, 63, 4043 and their IP is null
[2024-03-27 12:37:24] [world] The Player <Tester> has joined at -10198, 66, 4047 and their IP is null
[2024-03-27 12:38:03] [world] The Player <Tester> has joined at -10198, 66, 4047 and their IP is null
