[2024-03-27 13:34:32] [world] The Player <Char> has joined at -616, 74, 271 and their IP is null
[2024-03-27 13:35:26] [world] The Player <Char> has joined at -616, 74, 271 and their IP is null
[2024-03-27 13:36:20] [world] The Player <Char> has joined at -573, 69, 316 and their IP is null
[2024-03-27 13:39:41] [world] The Player <Char> has joined at -593, 77, 268 and their IP is null
[2024-03-27 13:39:52] [world] The Player <Milk_Frog> has joined at -604, 71, 270 and their IP is null
[2024-03-27 13:42:22] [world] The Player <Milk_Frog> has joined at -580, 67, 278 and their IP is null
[2024-03-27 14:33:57] [world] The Player <Tester> has joined at -10198, 66, 4047 and their IP is null
[2024-03-27 14:41:09] [world] The Player <Milk_Frog> has joined at -592, 82, 234 and their IP is null
[2024-03-27 14:41:50] [world] The Player <Tester> has joined at -591, 68, 239 and their IP is null
[2024-03-27 14:41:51] [world] The Player <Char> has joined at -525, 99, 299 and their IP is null
[2024-03-27 14:43:36] [world] The Player <Tester> has joined at -594, 69, 248 and their IP is null
[2024-03-27 14:44:17] [world] The Player <Tester> has joined at -594, 69, 248 and their IP is null
[2024-03-27 14:58:17] [world] The Player <Tester> has joined at -596, 68, 370 and their IP is null
[2024-03-27 15:10:09] [world] The Player <Tester> has joined at -591, 68, 349 and their IP is null
[2024-03-27 15:10:31] [world] The Player <Char> has joined at -652, 81, 328 and their IP is null
[2024-03-27 15:10:42] [world] The Player <Milk_Frog> has joined at -599, 69, 242 and their IP is null
[2024-03-27 15:12:22] [world] The Player <Char> has joined at -647, 81, 330 and their IP is null
[2024-03-27 15:12:33] [world] The Player <Tester> has joined at -591, 64, 349 and their IP is null
[2024-03-27 15:12:36] [world] The Player <Milk_Frog> has joined at -595, 70, 297 and their IP is null
[2024-03-27 15:19:35] [world] The Player <Tester> has joined at -587, 68, 350 and their IP is null
[2024-03-27 15:20:20] [world] The Player <Milk_Frog> has joined at -595, 70, 297 and their IP is null
[2024-03-27 15:20:32] [world] The Player <Char> has joined at -647, 81, 330 and their IP is null
[2024-03-27 15:41:43] [world] The Player <Tester> has joined at -587, 68, 350 and their IP is null
[2024-03-27 15:42:03] [world] The Player <Tester> has joined at -587, 68, 350 and their IP is null
[2024-03-27 15:42:44] [world] The Player <Tester> has joined at -587, 68, 350 and their IP is null
[2024-03-27 15:43:32] [world] The Player <Tester> has joined at -587, 68, 350 and their IP is null
[2024-03-27 15:43:47] [world] The Player <Milk_Frog> has joined at -595, 70, 297 and their IP is null
[2024-03-27 15:44:21] [world] The Player <Char> has joined at -647, 81, 330 and their IP is null
[2024-03-27 15:45:11] [world] The Player <Char> has joined at -647, 81, 330 and their IP is null
[2024-03-27 15:52:44] [world] The Player <Milk_Frog> has joined at -595, 70, 297 and their IP is null
[2024-03-27 16:02:13] [world] The Player <Milk_Frog> has joined at -599, 69, 240 and their IP is null
[2024-03-27 16:03:30] [world] The Player <Milk_Frog> has joined at -599, 69, 240 and their IP is null
[2024-03-27 16:08:35] [world] The Player <Milk_Frog> has joined at -599, 69, 240 and their IP is null
[2024-03-27 16:10:47] [world] The Player <Char> has joined at -637, 82, 310 and their IP is null
[2024-03-27 16:10:54] [world] The Player <Char> has joined at -637, 82, 310 and their IP is null
[2024-03-27 16:13:16] [world] The Player <Char> has joined at -637, 82, 310 and their IP is null
[2024-03-27 16:14:01] [world] The Player <Milk_Frog> has joined at -605, 68, 257 and their IP is null
[2024-03-27 16:16:46] [world] The Player <Milk_Frog> has joined at -609, 84, 259 and their IP is null
[2024-03-27 16:34:34] [world] The Player <Tester> has joined at -587, 68, 350 and their IP is null
[2024-03-27 17:00:32] [world] The Player <Tester> has joined at -587, 68, 350 and their IP is null
[2024-03-27 17:44:37] [world] The Player <Char> has joined at -637, 82, 310 and their IP is null
[2024-03-27 17:44:45] [world] The Player <Milk_Frog> has joined at -608, 84, 252 and their IP is null
[2024-03-27 17:51:19] [world] The Player <Char> has joined at -637, 82, 310 and their IP is null
[2024-03-27 18:01:35] [world] The Player <Tester> has joined at -587, 68, 350 and their IP is null
[2024-03-27 18:14:52] [world] The Player <Tester> has joined at -587, 68, 350 and their IP is null
[2024-03-27 18:20:06] [world] The Player <Tester> has joined at -587, 68, 350 and their IP is null
[2024-03-27 18:20:34] [world] The Player <Tester> has joined at -587, 68, 350 and their IP is null
[2024-03-27 18:56:57] [world] The Player <Tester> has joined at -587, 68, 350 and their IP is null
[2024-03-27 19:02:19] [world] The Player <Tester> has joined at -586, 71, 346 and their IP is null
[2024-03-27 19:03:25] [world] The Player <Tester> has joined at -586, 71, 346 and their IP is null
[2024-03-27 19:54:21] [world] The Player <Tester> has joined at -586, 71, 346 and their IP is null
[2024-03-27 20:00:33] [world] The Player <Tester> has joined at -594, 73, 251 and their IP is null
[2024-03-27 20:01:44] [world] The Player <Tester> has joined at -594, 73, 251 and their IP is null
[2024-03-27 20:02:57] [world] The Player <GolemDaWanderer> has joined at -585, 68, 269 and their IP is null
[2024-03-27 20:07:27] [world] The Player <Tester> has joined at -565, 70, 186 and their IP is null
[2024-03-27 20:09:16] [world_the_end] The Player <Tester> has joined at -48, 57, -14 and their IP is null
[2024-03-27 20:11:54] [world] The Player <Tester> has joined at -594, 69, 247 and their IP is null
[2024-03-27 20:12:15] [world] The Player <GolemDaWanderer> has joined at -600, 69, 246 and their IP is null
[2024-03-27 20:16:06] [world] The Player <Tester> has joined at -593, 68, 350 and their IP is null
[2024-03-27 20:17:03] [world] The Player <Tester> has joined at -567, 71, 362 and their IP is null
[2024-03-27 20:32:00] [world] The Player <NezukoChan> has joined at -10175, 63, 4116 and their IP is null
[2024-03-27 20:34:59] [world] The Player <NezukoChan> has joined at -10187, 67, 4048 and their IP is null
[2024-03-27 20:35:08] [world] The Player <NezukoChan> has joined at -10187, 67, 4048 and their IP is null
[2024-03-27 20:41:35] [world] The Player <NezukoChan> has joined at -570, 68, 347 and their IP is null
[2024-03-27 20:47:44] [world_the_end] The Player <Heinrich_Himmler> has joined at 100, 46, 0 and their IP is null
[2024-03-27 21:15:04] [world] The Player <Heinrich_Himmler> has joined at -563, 66, 290 and their IP is null
[2024-03-27 21:29:57] [world_the_end] The Player <Heinrich_Himmler> has joined at -23, 61, -27 and their IP is null
[2024-03-27 21:55:32] [world] The Player <Heinrich_Himmler> has joined at -604, 68, 346 and their IP is null
[2024-03-27 21:58:36] [world] The Player <Heinrich_Himmler> has joined at -583, 69, 341 and their IP is null
[2024-03-27 21:58:53] [world] The Player <Heinrich_Himmler> has joined at -589, 68, 349 and their IP is null
[2024-03-27 22:04:28] [world] The Player <Heinrich_Himmler> has joined at -580, 69, 347 and their IP is null
[2024-03-27 22:15:01] [world] The Player <Tester> has joined at -11000, 71, 4100 and their IP is null
[2024-03-27 22:15:01] [world] The Player <Char> has joined at -547, 72, 338 and their IP is null
[2024-03-27 22:15:25] [world] The Player <Feathery> has joined at 1049, 25, 678 and their IP is null
[2024-03-27 22:19:16] [world] The Player <Tester> has joined at -10163, 72, 4099 and their IP is null
[2024-03-27 22:19:40] [world] The Player <Tester_> has joined at -10180, 63, 4116 and their IP is null
[2024-03-27 22:20:21] [world] The Player <Feathery> has joined at 1067, 24, 684 and their IP is null
[2024-03-27 22:23:08] [world] The Player <Tester> has joined at -10163, 72, 4099 and their IP is null
[2024-03-27 22:33:57] [world] The Player <Milk_Frog> has joined at -594, 68, 270 and their IP is null
[2024-03-27 22:48:47] [world] The Player <Tester> has joined at -708, 64, 64 and their IP is null
[2024-03-27 22:51:43] [world] The Player <Tester> has joined at -730, 66, 23 and their IP is null
[2024-03-27 22:56:03] [world] The Player <Tester> has joined at -726, 64, 47 and their IP is null
[2024-03-27 22:56:43] [world] The Player <Tester> has joined at -726, 64, 47 and their IP is null
[2024-03-27 23:07:46] [world] The Player <Feathery> has joined at 1062, 24, 687 and their IP is null
[2024-03-27 23:10:36] [world] The Player <Tester> has joined at -680, 64, 209 and their IP is null
[2024-03-27 23:10:36] [world] The Player <Feathery> has joined at 1060, 62, 709 and their IP is null
[2024-03-27 23:11:40] [world] The Player <Char> has joined at -592, 81, 284 and their IP is null
[2024-03-27 23:13:15] [world] The Player <Tester> has joined at 1053, 65, 708 and their IP is null
[2024-03-27 23:14:03] [world] The Player <Tester> has joined at 1060, 60, 711 and their IP is null
[2024-03-27 23:14:21] [world] The Player <Feathery> has joined at 1048, 70, 716 and their IP is null
[2024-03-27 23:14:21] [world] The Player <Char> has joined at 1049, 70, 715 and their IP is null
[2024-03-27 23:15:16] [world] The Player <Feathery> has joined at 1053, 64, 704 and their IP is null
[2024-03-27 23:15:16] [world] The Player <Char> has joined at 1053, 60, 715 and their IP is null
[2024-03-27 23:15:28] [world] The Player <Milk_Frog> has joined at -709, 67, 56 and their IP is null
[2024-03-27 23:18:38] [world] The Player <Char> has joined at 1057, 60, 710 and their IP is null
[2024-03-27 23:18:55] [world] The Player <Feathery> has joined at 1057, 58, 712 and their IP is null
[2024-03-27 23:21:52] [world] The Player <Feathery> has joined at 1055, 24, 692 and their IP is null
[2024-03-27 23:21:57] [world] The Player <Char> has joined at 1054, 26, 698 and their IP is null
[2024-03-27 23:22:21] [world] The Player <Heinrich_Himmler> has joined at -720, 68, 315 and their IP is null
[2024-03-27 23:22:21] [world] The Player <Milk_Frog> has joined at 1054, 25, 712 and their IP is null
[2024-03-27 23:29:28] [world] The Player <NezukoChan> has joined at -570, 68, 347 and their IP is null
[2024-03-27 23:32:10] [world] The Player <GolemDaWanderer> has joined at -596, 70, 246 and their IP is null
[2024-03-27 23:35:22] [world] The Player <NezukoChan> has joined at 1055, 25, 696 and their IP is null
[2024-03-27 23:35:54] [world] The Player <xcpc> has joined at -775, 55, 311 and their IP is null
[2024-03-27 23:37:30] [world] The Player <Tester> has joined at 1060, 60, 711 and their IP is null
[2024-03-27 23:40:19] [world_the_end] The Player <NezukoChan> has joined at -1, 63, 14 and their IP is null
[2024-03-27 23:40:19] [world] The Player <GolemDaWanderer> has joined at -541, 68, 255 and their IP is null
[2024-03-27 23:40:20] [world_the_end] The Player <xcpc> has joined at 80, 59, 1 and their IP is null
[2024-03-27 23:40:32] [world] The Player <Tester> has joined at -10208, 67, 4103 and their IP is null
[2024-03-27 23:40:53] [world] The Player <NezukoChanAlt> has joined at -573, 87, 307 and their IP is null
[2024-03-27 23:41:08] [world_the_end] The Player <NezukoChan> has joined at -1, 63, 14 and their IP is null
[2024-03-27 23:44:33] [world_the_end] The Player <Feathery> has joined at -1, 63, 15 and their IP is null
[2024-03-27 23:44:42] [world_nether] The Player <Heinrich_Himmler> has joined at -75, 77, 16 and their IP is null
[2024-03-27 23:51:44] [world_the_end] The Player <Tester> has joined at 32, 62, 74 and their IP is null
[2024-03-27 23:53:20] [world_the_end] The Player <Tester> has joined at 12, 40, 110 and their IP is null
[2024-03-27 23:54:35] [world] The Player <GolemDaWanderer> has joined at -548, 63, 365 and their IP is null
[2024-03-27 23:57:19] [world_the_end] The Player <Tester> has joined at 27, 63, 78 and their IP is null
[2024-03-27 23:59:22] [world_the_end] The Player <Feathery> has joined at 30, 66, 59 and their IP is null
[2024-03-27 23:59:23] [world_the_end] The Player <NezukoChan> has joined at 97, 50, 1 and their IP is null
[2024-03-28 00:13:13] [world_the_end] The Player <Tester> has joined at -93, 104, -58 and their IP is null
[2024-03-28 00:13:35] [world] The Player <NezukoChan> has joined at -580, 63, 368 and their IP is null
[2024-03-28 00:13:36] [world] The Player <Heinrich_Himmler> has joined at -517, 65, 310 and their IP is null
[2024-03-28 00:13:50] [world_the_end] The Player <Tester> has joined at -65, 104, -39 and their IP is null
[2024-03-28 00:14:03] [world_the_end] The Player <Tester> has joined at -65, 104, -39 and their IP is null
[2024-03-28 00:14:19] [world] The Player <Feathery> has joined at -521, 68, 282 and their IP is null
[2024-03-28 00:14:59] [world] The Player <NezukoChan> has joined at -674, 71, 366 and their IP is null
[2024-03-28 00:15:10] [world] The Player <Char> has joined at -584, 67, 301 and their IP is null
[2024-03-28 00:15:12] [world] The Player <NezukoChan> has joined at -675, 70, 362 and their IP is null
[2024-03-28 00:15:18] [world] The Player <Char> has joined at -584, 67, 301 and their IP is null
[2024-03-28 00:15:29] [world] The Player <NezukoChan> has joined at -675, 70, 362 and their IP is null
[2024-03-28 00:15:57] [world] The Player <Char> has joined at -519, 69, 286 and their IP is null
[2024-03-28 00:16:23] [world] The Player <Tester> has joined at -519, 61, 283 and their IP is null
[2024-03-28 00:17:35] [world] The Player <Feathery> has joined at -518, 61, 284 and their IP is null
[2024-03-28 00:24:38] [world] The Player <xcpc> has joined at -453, 71, 254 and their IP is null
[2024-03-28 00:27:45] [world] The Player <Tester> has joined at -519, 57, 285 and their IP is null
[2024-03-28 00:28:06] [world] The Player <xcpc> has joined at -444, 59, 244 and their IP is null
[2024-03-28 00:32:07] [world] The Player <NezukoChan> has joined at -561, 68, 276 and their IP is null
[2024-03-28 00:33:07] [world] The Player <defnotnezuko> has joined at -10177, 64, 4119 and their IP is null
[2024-03-28 00:40:16] [world] The Player <Feathery> has joined at -524, 74, 285 and their IP is null
[2024-03-28 00:41:33] [world] The Player <defnotnezuko> has joined at -10184, 63, 4102 and their IP is null
[2024-03-28 00:41:47] [world] The Player <Feathery> has joined at -449, 71, 296 and their IP is null
[2024-03-28 00:41:50] [world] The Player <xcpc> has joined at -437, 72, 289 and their IP is null
[2024-03-28 00:44:02] [world] The Player <Milk_Frog> has joined at 1057, 24, 690 and their IP is null
[2024-03-28 00:45:35] [world] The Player <Feathery> has joined at -10172, 63, 4117 and their IP is null
[2024-03-28 00:45:48] [world] The Player <ASTRID> has joined at -580, 84, 309 and their IP is null
[2024-03-28 00:46:58] [world] The Player <Milk_Frog> has joined at -10186, 71, 4106 and their IP is null
[2024-03-28 00:46:59] [world] The Player <Feathery> has joined at -10175, 64, 4125 and their IP is null
[2024-03-28 00:47:06] [world_nether] The Player <Heinrich_Himmler> has joined at 207, 55, 75 and their IP is null
[2024-03-28 00:47:39] [world] The Player <ASTRID> has joined at -580, 83, 305 and their IP is null
[2024-03-28 00:47:46] [world] The Player <xcpc> has joined at -462, 72, 237 and their IP is null
[2024-03-28 00:48:09] [world] The Player <Tester> has joined at -10179, 71, 4107 and their IP is null
[2024-03-28 00:49:06] [world] The Player <Feathery> has joined at -598, 78, 256 and their IP is null
[2024-03-28 00:49:42] [world] The Player <Tester> has joined at -10179, 71, 4107 and their IP is null
[2024-03-28 00:51:05] [world] The Player <Feathery> has joined at -599, 71, 267 and their IP is null
