[2024-03-28 00:55:33] [world] The Player <xcpc> has joined at -454, 69, 262 and their IP is null
[2024-03-28 00:55:37] [world_the_end] The Player <Heinrich_Himmler> has joined at -16, 60, -66 and their IP is null
[2024-03-28 00:55:47] [world] The Player <Char> has joined at -588, 73, 280 and their IP is null
[2024-03-28 00:59:59] [world_the_end] The Player <Heinrich_Himmler> has joined at -4, 58, -70 and their IP is null
[2024-03-28 01:00:26] [world] The Player <Feathery> has joined at -593, 71, 261 and their IP is null
[2024-03-28 01:34:27] [world] The Player <Tester> has joined at -10181, 63, 4110 and their IP is null
[2024-03-28 01:38:13] [world] The Player <Tester> has joined at -10181, 63, 4110 and their IP is null
[2024-03-28 01:44:05] [world] The Player <Feathery> has joined at -605, 79, 272 and their IP is null
[2024-03-28 01:51:16] [world] The Player <Tester> has joined at -10181, 63, 4110 and their IP is null
[2024-03-28 01:58:10] [world] The Player <Tester> has joined at -10288, 112, 3830 and their IP is null
[2024-03-28 01:58:18] [world_the_end] The Player <Heinrich_Himmler> has joined at 3, 58, 66 and their IP is null
[2024-03-28 02:01:00] [world] The Player <Tester> has joined at -10325, 76, 3821 and their IP is null
[2024-03-28 02:03:04] [world] The Player <Tester> has joined at -10345, 68, 3813 and their IP is null
[2024-03-28 02:03:18] [world] The Player <Milk_Frog> has joined at -606, 71, 287 and their IP is null
[2024-03-28 02:03:50] [world] The Player <Heinrich_Himmler> has joined at -573, 69, 320 and their IP is null
[2024-03-28 02:12:24] [world] The Player <Feathery> has joined at -726, 65, 315 and their IP is null
[2024-03-28 02:49:14] [world_the_end] The Player <Heinrich_Himmler> has joined at -25, 58, 8 and their IP is null
[2024-03-28 03:05:44] [world] The Player <Heinrich_Himmler> has joined at -711, 91, 314 and their IP is null
[2024-03-28 03:08:10] [world] The Player <Tester> has joined at 12900800, 90, 1 and their IP is null
[2024-03-28 03:08:39] [world] The Player <Tester> has joined at 12900800, 90, 1 and their IP is null
[2024-03-28 03:09:01] [world] The Player <Heinrich_Himmler> has joined at -906, 30, 565 and their IP is null
[2024-03-28 03:21:44] [world_the_end] The Player <Feathery> has joined at -110, 1, 338 and their IP is null
[2024-03-28 03:42:15] [world] The Player <Feathery> has joined at -637, 73, 189 and their IP is null
[2024-03-28 03:45:34] [world] The Player <Milk_Frog> has joined at -595, 70, 252 and their IP is null
[2024-03-28 04:00:49] [world] The Player <Feathery> has joined at -594, 65, 310 and their IP is null
[2024-03-28 04:06:47] [world_the_end] The Player <Feathery> has joined at 70, 66, -15 and their IP is null
[2024-03-28 05:31:52] [world_the_end] The Player <Feathery> has joined at 311, 15, -155 and their IP is null
[2024-03-28 11:38:52] [world] The Player <Tester> has joined at -866, 12, 628 and their IP is null
[2024-03-28 12:28:38] [world] The Player <Tester> has joined at -580, 69, 339 and their IP is null
[2024-03-28 12:28:46] [world_the_end] The Player <Char> has joined at -12, 66, -71 and their IP is null
[2024-03-28 13:55:42] [world] The Player <defnotnezuko> has joined at -10187, 63, 4101 and their IP is null
[2024-03-28 14:13:45] [world] The Player <Milk_Frogd> has joined at -570, 85, 313 and their IP is null
[2024-03-28 14:14:16] [world] The Player <defnotnezuko> has joined at -569, 69, 342 and their IP is null
[2024-03-28 14:14:24] [world] The Player <Heinrich_Himmler> has joined at -906, 30, 565 and their IP is null
[2024-03-28 14:15:17] [world] The Player <NezukoChan> has joined at -548, 64, 310 and their IP is null
[2024-03-28 14:16:01] [world_the_end] The Player <Heinrich_Himmler> has joined at 93, 72, -1 and their IP is null
[2024-03-28 14:29:14] [world] The Player <Tester> has joined at -569, 69, 348 and their IP is null
[2024-03-28 14:42:44] [world] The Player <Char> has joined at -393, 69, -167 and their IP is null
[2024-03-28 14:45:42] [world] The Player <xcpc> has joined at -453, 71, 255 and their IP is null
[2024-03-28 14:46:23] [world] The Player <Char> has joined at -435, 65, -133 and their IP is null
[2024-03-28 14:58:21] [world] The Player <Char> has joined at -435, 65, -132 and their IP is null
[2024-03-28 14:59:17] [world] The Player <xcpc> has joined at -444, 56, 314 and their IP is null
[2024-03-28 15:04:25] [world] The Player <xcpc> has joined at -454, 8, 316 and their IP is null
[2024-03-28 15:04:51] [world] The Player <Char> has joined at -438, 86, -154 and their IP is null
[2024-03-28 15:07:57] [world] The Player <xcpc> has joined at -483, 11, 294 and their IP is null
[2024-03-28 15:15:45] [world] The Player <xcpc> has joined at -452, 71, 254 and their IP is null
[2024-03-28 15:16:11] [world] The Player <Milk_Frog> has joined at -601, 75, 269 and their IP is null
[2024-03-28 15:18:39] [world] The Player <xcpc> has joined at -452, 71, 255 and their IP is null
[2024-03-28 15:29:40] [world] The Player <EaglDeev463> has joined at -573, 87, 323 and their IP is null
[2024-03-28 15:51:06] [world] The Player <Milk_Frog> has joined at -596, 68, 288 and their IP is null
[2024-03-28 15:53:21] [world] The Player <Tester> has joined at -428, 10, 284 and their IP is null
[2024-03-28 15:59:55] [world] The Player <GolemDaWanderer> has joined at -518, 65, 281 and their IP is null
[2024-03-28 16:13:17] [world_the_end] The Player <Feathery> has joined at 322, 15, -136 and their IP is null
[2024-03-28 16:24:41] [world_the_end] The Player <Feathery> has joined at 277, 18, -90 and their IP is null
[2024-03-28 16:53:32] [world] The Player <xcpc> has joined at -445, 72, 276 and their IP is null
[2024-03-28 17:02:14] [world] The Player <ASTRID> has joined at -580, 83, 305 and their IP is null
[2024-03-28 17:04:17] [world] The Player <Tester> has joined at -585, 69, 341 and their IP is null
[2024-03-28 17:06:57] [world] The Player <Tester> has joined at -229, 71, 157 and their IP is null
[2024-03-28 17:07:01] [world] The Player <GolemDaWanderer> has joined at -584, 69, 339 and their IP is null
[2024-03-28 17:07:23] [world] The Player <Tester> has joined at -229, 71, 157 and their IP is null
[2024-03-28 17:14:30] [world] The Player <Tester> has joined at -587, 72, 348 and their IP is null
[2024-03-28 17:15:00] [world] The Player <Heinrich_Himmler> has joined at -808, 73, 655 and their IP is null
[2024-03-28 17:19:24] [world] The Player <Milk_Frog> has joined at -597, 68, 289 and their IP is null
[2024-03-28 17:22:59] [world] The Player <Heinrich_Himmler> has joined at -603, 68, 302 and their IP is null
[2024-03-28 17:24:01] [world] The Player <Milk_Frog> has joined at -598, 68, 290 and their IP is null
[2024-03-28 17:31:38] [world] The Player <GolemDaWanderer> has joined at -581, 69, 340 and their IP is null
[2024-03-28 17:35:22] [world] The Player <GolemDaWanderer> has joined at -548, 68, 246 and their IP is null
[2024-03-28 17:36:38] [world] The Player <Heinrich_Himmler> has joined at -604, 68, 288 and their IP is null
[2024-03-28 17:47:52] [world] The Player <Milk_Frog> has joined at -611, 72, 295 and their IP is null
[2024-03-28 17:48:57] [world_nether] The Player <Milk_Frog> has joined at -272, 128, -5 and their IP is null
[2024-03-28 18:13:58] [world] The Player <xcpc> has joined at -294, 13, 209 and their IP is null
[2024-03-28 18:14:42] [world] The Player <xcpc> has joined at -294, 13, 209 and their IP is null
[2024-03-28 18:33:27] [world] The Player <Milk_Frog> has joined at -301, 70, 277 and their IP is null
[2024-03-28 19:18:29] [world] The Player <Milk_Frog> has joined at -301, 70, 277 and their IP is null
[2024-03-28 19:19:00] [world] The Player <Milk_Frog> has joined at -301, 70, 277 and their IP is null
[2024-03-28 19:22:33] [world] The Player <Milk_Frog> has joined at -314, 67, 273 and their IP is null
[2024-03-28 19:30:37] [world] The Player <Tester> has joined at -565, 68, 339 and their IP is null
[2024-03-28 19:53:58] [world_the_end] The Player <Feathery> has joined at 281, 24, -114 and their IP is null
[2024-03-28 19:58:43] [world_the_end] The Player <Tester> has joined at 294, 29, -164 and their IP is null
[2024-03-28 20:02:33] [world] The Player <BTC> has joined at -570, 85, 320 and their IP is null
[2024-03-28 20:03:40] [world] The Player <Tester> has joined at -605, 77, 355 and their IP is null
[2024-03-28 20:03:55] [world] The Player <Feathery> has joined at -605, 71, 359 and their IP is null
[2024-03-28 20:03:56] [world] The Player <BTC> has joined at -570, 85, 320 and their IP is null
[2024-03-28 20:14:17] [world] The Player <Tester> has joined at -616, 71, 346 and their IP is null
[2024-03-28 20:16:41] [world] The Player <BTC> has joined at -694, 17, 303 and their IP is null
[2024-03-28 20:16:45] [world] The Player <Feathery> has joined at -604, 68, 288 and their IP is null
[2024-03-28 20:16:49] [world] The Player <Tester> has joined at -603, 68, 287 and their IP is null
[2024-03-28 20:21:41] [world] The Player <BTC> has joined at -438, 66, 213 and their IP is null
[2024-03-28 20:21:45] [world] The Player <Tester> has joined at -597, 68, 324 and their IP is null
[2024-03-28 20:21:53] [world] The Player <Feathery> has joined at -602, 73, 349 and their IP is null
[2024-03-28 20:22:05] [world] The Player <BTC> has joined at -438, 66, 213 and their IP is null
[2024-03-28 20:22:35] [world] The Player <Milk_Frog> has joined at -145, 68, 381 and their IP is null
[2024-03-28 20:22:36] [world] The Player <BTC> has joined at -405, 64, 205 and their IP is null
[2024-03-28 20:26:01] [world] The Player <Char> has joined at -563, 68, 328 and their IP is null
[2024-03-28 20:31:24] [world] The Player <Feathery> has joined at -608, 74, 340 and their IP is null
[2024-03-28 20:32:09] [world] The Player <Tester> has joined at -557, 70, 326 and their IP is null
[2024-03-28 20:34:22] [world] The Player <BTC> has joined at 590, 62, 126 and their IP is null
[2024-03-28 20:36:35] [world] The Player <Feathery> has joined at -606, 78, 352 and their IP is null
[2024-03-28 20:41:06] [world] The Player <BTC> has joined at 607, 62, 126 and their IP is null
[2024-03-28 20:49:02] [world] The Player <BTC> has joined at 782, 27, 142 and their IP is null
[2024-03-28 20:49:29] [world] The Player <BTC> has joined at 782, 27, 142 and their IP is null
[2024-03-28 20:54:13] [world] The Player <BTC> has joined at 722, 11, 71 and their IP is null
[2024-03-28 20:59:13] [world] The Player <Feathery> has joined at -601, 89, 345 and their IP is null
[2024-03-28 21:05:47] [world] The Player <Feathery> has joined at 621, 11, 216 and their IP is null
[2024-03-28 21:05:56] [world] The Player <BTC> has joined at 621, 10, 213 and their IP is null
[2024-03-28 21:06:02] [world] The Player <Char> has joined at -563, 68, 328 and their IP is null
[2024-03-28 21:10:16] [world] The Player <Feathery> has joined at 623, 11, 223 and their IP is null
[2024-03-28 21:15:34] [world_the_end] The Player <TurtleDuck> has joined at -40, 64, -7 and their IP is null
[2024-03-28 21:16:28] [world_the_end] The Player <TurtleDuck> has joined at -43, 64, -10 and their IP is null
[2024-03-28 21:18:32] [world_the_end] The Player <BTC> has joined at 0, 58, -80 and their IP is null
[2024-03-28 21:19:30] [world_the_end] The Player <BTC> has joined at -8, 57, -73 and their IP is null
[2024-03-28 21:22:49] [world_the_end] The Player <BTC> has joined at -14, 62, -17 and their IP is null
[2024-03-28 21:24:16] [world_the_end] The Player <BTC> has joined at -17, 59, 28 and their IP is null
[2024-03-28 21:25:34] [world] The Player <BTC> has joined at -536, 69, 358 and their IP is null
[2024-03-28 21:29:10] [world] The Player <BTC> has joined at -554, 62, 435 and their IP is null
[2024-03-28 21:31:39] [world] The Player <BTC> has joined at -735, 65, 529 and their IP is null
[2024-03-28 21:32:36] [world] The Player <BTC> has joined at -735, 65, 529 and their IP is null
[2024-03-28 21:50:25] [world] The Player <BTC> has joined at -735, 65, 529 and their IP is null
[2024-03-28 22:00:11] [world] The Player <Feathery> has joined at -583, 73, 325 and their IP is null
[2024-03-28 22:00:49] [world] The Player <Feathery> has joined at -583, 73, 325 and their IP is null
[2024-03-28 22:16:52] [world_the_end] The Player <Feathery> has joined at 108, 51, 0 and their IP is null
[2024-03-28 22:20:15] [world] The Player <GolemDaWanderer> has joined at -10195, 58, 4037 and their IP is null
[2024-03-28 22:39:55] [world] The Player <BTC> has joined at -572, 69, 314 and their IP is null
[2024-03-28 22:39:58] [world_the_end] The Player <GolemDaWanderer> has joined at 88, 59, -10 and their IP is null
[2024-03-28 22:40:07] [world] The Player <Feathery> has joined at -550, 88, 245 and their IP is null
[2024-03-28 22:40:12] [world] The Player <BTC> has joined at -572, 69, 314 and their IP is null
[2024-03-28 22:40:23] [world] The Player <NezukoChan> has joined at -573, 68, 316 and their IP is null
[2024-03-28 22:46:55] [world] The Player <BTC> has joined at -724, 65, -25 and their IP is null
[2024-03-28 22:48:15] [world] The Player <BTC> has joined at -721, 53, -25 and their IP is null
[2024-03-28 22:48:43] [world] The Player <BTC> has joined at -724, 53, -21 and their IP is null
[2024-03-28 22:49:57] [world] The Player <BTC> has joined at -724, 53, -21 and their IP is null
[2024-03-28 22:50:19] [world] The Player <BTC> has joined at -724, 53, -21 and their IP is null
[2024-03-28 23:00:58] [world] The Player <xcpc> has joined at -282, 69, 275 and their IP is null
[2024-03-28 23:07:07] [world] The Player <xcpc> has joined at -310, 70, 284 and their IP is null
[2024-03-28 23:41:33] [world] The Player <BTC___> has joined at -583, 82, 309 and their IP is null
[2024-03-28 23:42:00] [world] The Player <BTC___> has joined at -583, 82, 309 and their IP is null
[2024-03-28 23:42:21] [world] The Player <BTC> has joined at -1018, 42, 780 and their IP is null
[2024-03-28 23:49:54] [world_the_end] The Player <Feathery> has joined at 102, 60, 3 and their IP is null
[2024-03-28 23:55:13] [world_the_end] The Player <Feathery> has joined at 95, 77, -7 and their IP is null
[2024-03-28 23:58:40] [world_the_end] The Player <Feathery> has joined at 92, 77, -13 and their IP is null
[2024-03-29 00:09:25] [world] The Player <BTC> has joined at -1018, 42, 780 and their IP is null
[2024-03-29 00:16:02] [world] The Player <BTC> has joined at -1014, 66, 575 and their IP is null
[2024-03-29 00:16:02] [world] The Player <Tester> has joined at -630, 68, 286 and their IP is null
[2024-03-29 00:16:47] [world] The Player <Feathery> has joined at 1055, 26, 705 and their IP is null
[2024-03-29 00:16:47] [world] The Player <GolemDaWanderer> has joined at -10176, 63, 4113 and their IP is null
[2024-03-29 00:17:52] [world] The Player <BTC> has joined at -1040, 68, 579 and their IP is null
[2024-03-29 00:17:54] [world] The Player <Tester> has joined at -10151, 63, 4116 and their IP is null
[2024-03-29 00:18:00] [world] The Player <Feathery> has joined at 1056, 39, 713 and their IP is null
[2024-03-29 00:18:06] [world] The Player <BTC> has joined at -1040, 67, 579 and their IP is null
[2024-03-29 00:18:07] [world] The Player <GolemDaWanderer> has joined at -10152, 64, 4119 and their IP is null
[2024-03-29 00:18:21] [world] The Player <BTC> has joined at -1040, 67, 579 and their IP is null
[2024-03-29 00:18:54] [world_the_end] The Player <Tester> has joined at 102, 50, 5 and their IP is null
[2024-03-29 00:18:56] [world] The Player <BTC> has joined at -1055, 66, 590 and their IP is null
[2024-03-29 00:19:09] [world_the_end] The Player <Char> has joined at 279, 52, -59 and their IP is null
[2024-03-29 00:19:14] [world] The Player <GolemDaWanderer> has joined at -10184, 64, 4118 and their IP is null
[2024-03-29 00:22:01] [world_the_end] The Player <Feathery> has joined at 84, 79, -19 and their IP is null
[2024-03-29 00:22:20] [world_the_end] The Player <Char> has joined at 280, 56, -78 and their IP is null
[2024-03-29 00:22:58] [world_the_end] The Player <Char> has joined at 280, 56, -78 and their IP is null
[2024-03-29 00:25:18] [world] The Player <BTC> has joined at -1999, 62, 536 and their IP is null
[2024-03-29 00:28:42] [world] The Player <CharAlt> has joined at -555, 68, 266 and their IP is null
[2024-03-29 00:29:03] [world_the_end] The Player <Char> has joined at 280, 56, -78 and their IP is null
[2024-03-29 00:31:10] [world] The Player <BTC> has joined at -3004, 64, 524 and their IP is null
[2024-03-29 00:40:41] [world_the_end] The Player <Tester> has joined at 17, 89, 13 and their IP is null
[2024-03-29 00:40:43] [world_the_end] The Player <Char> has joined at 280, 56, -78 and their IP is null
[2024-03-29 00:41:17] [world] The Player <GolemDaWanderer> has joined at -10160, 63, 4123 and their IP is null
[2024-03-29 00:44:00] [world_the_end] The Player <Feathery> has joined at 84, 79, -19 and their IP is null
[2024-03-29 00:44:35] [world] The Player <BTC> has joined at -3639, 63, 303 and their IP is null
[2024-03-29 00:53:01] [world] The Player <GolemDaWanderer> has joined at -10158, 63, 4122 and their IP is null
[2024-03-29 01:06:07] [world_the_end] The Player <Char> has joined at 280, 56, -78 and their IP is null
[2024-03-29 01:26:00] [world] The Player <BTC> has joined at -3572, 9, 152 and their IP is null
[2024-03-29 01:29:20] [world_the_end] The Player <BTC> has joined at -47, 46, 1 and their IP is null
[2024-03-29 01:59:39] [world_the_end] The Player <Tester> has joined at 17, 89, 13 and their IP is null
[2024-03-29 02:11:03] [world_the_end] The Player <Tester> has joined at 81, 52, 39 and their IP is null
[2024-03-29 02:14:58] [world_the_end] The Player <Tester> has joined at 81, 52, 39 and their IP is null
[2024-03-29 02:18:25] [world_the_end] The Player <Feathery> has joined at 84, 79, -19 and their IP is null
[2024-03-29 03:10:16] [world_the_end] The Player <Tester> has joined at 81, 52, 39 and their IP is null
[2024-03-29 03:14:11] [world] The Player <GolemDaWanderer> has joined at -10229, 65, 4076 and their IP is null
[2024-03-29 03:35:37] [world] The Player <BTC> has joined at -654, 68, 316 and their IP is null
[2024-03-29 03:37:40] [world] The Player <GolemDaWanderer> has joined at -10170, 70, 4138 and their IP is null
[2024-03-29 03:58:11] [world] The Player <BTC> has joined at -3401, 64, 443 and their IP is null
[2024-03-29 04:29:31] [world_the_end] The Player <Feathery> has joined at 87, 81, -19 and their IP is null
[2024-03-29 06:42:22] [world] The Player <BTC> has joined at -3349, 66, 956 and their IP is null
[2024-03-29 10:53:08] [world_the_end] The Player <Tester> has joined at 81, 52, 39 and their IP is null
[2024-03-29 10:56:50] [world_the_end] The Player <Tester> has joined at 76, 64, -2 and their IP is null
[2024-03-29 11:00:39] [world_the_end] The Player <Tester> has joined at 76, 64, -2 and their IP is null
[2024-03-29 11:39:10] [world_the_end] The Player <Tester> has joined at 76, 64, -2 and their IP is null
[2024-03-29 11:59:05] [world_the_end] The Player <Tester> has joined at 76, 64, -2 and their IP is null
[2024-03-29 12:02:14] [world_the_end] The Player <Tester> has joined at 76, 64, -2 and their IP is null
[2024-03-29 12:07:33] [world_the_end] The Player <Tester> has joined at 76, 64, -2 and their IP is null
[2024-03-29 12:54:12] [world_the_end] The Player <Tester> has joined at 76, 63, -2 and their IP is null
[2024-03-29 13:08:41] [world] The Player <GolemDaWanderer> has joined at -531, 67, 372 and their IP is null
[2024-03-29 13:30:31] [world] The Player <GolemDaWanderer> has joined at -10230, 70, 4218 and their IP is null
[2024-03-29 13:46:40] [world] The Player <GolemDaWanderer> has joined at -10173, 63, 4115 and their IP is null
[2024-03-29 14:21:27] [world] The Player <GolemDaWanderer> has joined at -10173, 63, 4115 and their IP is null
[2024-03-29 14:56:23] [world] The Player <NezukoChan> has joined at -542, 64, 320 and their IP is null
[2024-03-29 15:41:14] [world_the_end] The Player <Tester> has joined at 76, 63, -2 and their IP is null
[2024-03-29 16:00:41] [world_the_end] The Player <Tester> has joined at 89, 80, -21 and their IP is null
[2024-03-29 16:01:19] [world] The Player <xcpc> has joined at -312, 74, 272 and their IP is null
[2024-03-29 16:06:22] [world] The Player <GolemDaWanderer> has joined at -10173, 63, 4115 and their IP is null
[2024-03-29 16:19:03] [world] The Player <xcpc> has joined at -598, 68, 333 and their IP is null
[2024-03-29 16:20:52] [world] The Player <Tester> has joined at -597, 68, 341 and their IP is null
[2024-03-29 16:35:18] [world] The Player <xcpc> has joined at -312, 64, 274 and their IP is null
[2024-03-29 16:45:25] [world] The Player <Tester> has joined at -597, 68, 341 and their IP is null
[2024-03-29 16:50:23] [world] The Player <xcpc> has joined at -310, 70, 274 and their IP is null
[2024-03-29 16:50:58] [world] The Player <xcpc> has joined at -310, 70, 276 and their IP is null
[2024-03-29 16:51:59] [world] The Player <xcpc> has joined at -309, 70, 279 and their IP is null
[2024-03-29 16:52:45] [world] The Player <Tester> has joined at -607, 77, 294 and their IP is null
[2024-03-29 16:52:49] [world] The Player <xcpc> has joined at -309, 70, 279 and their IP is null
[2024-03-29 17:14:06] [world] The Player <Tester> has joined at -310, 70, 279 and their IP is null
[2024-03-29 17:15:56] [world] The Player <Tester> has joined at -306, 70, 270 and their IP is null
[2024-03-29 17:17:59] [world] The Player <GolemDaWanderer> has joined at -10155, 63, 4114 and their IP is null
[2024-03-29 17:18:44] [world] The Player <xcpc> has joined at -309, 70, 279 and their IP is null
[2024-03-29 17:19:04] [world] The Player <Tester> has joined at -302, 70, 278 and their IP is null
[2024-03-29 17:19:41] [world] The Player <Tester> has joined at -287, 69, 276 and their IP is null
[2024-03-29 17:21:20] [world] The Player <GolemDaWanderer> has joined at -10150, 63, 4116 and their IP is null
[2024-03-29 17:24:44] [world] The Player <Tester_> has joined at -581, 69, 348 and their IP is null
[2024-03-29 17:25:25] [world] The Player <Tester> has joined at -10078, 64, 4089 and their IP is null
[2024-03-29 17:28:46] [world] The Player <Tester> has joined at -10209, 64, 3964 and their IP is null
[2024-03-29 17:37:37] [world] The Player <xcpc> has joined at -310, 70, 275 and their IP is null
[2024-03-29 17:51:23] [world] The Player <Tester> has joined at -10209, 70, 3973 and their IP is null
[2024-03-29 17:52:53] [world] The Player <xcpc> has joined at -309, 70, 279 and their IP is null
[2024-03-29 17:57:18] [world] The Player <xcpc> has joined at -309, 70, 270 and their IP is null
[2024-03-29 17:57:18] [world] The Player <Tester> has joined at -308, 72, 284 and their IP is null
[2024-03-29 17:58:11] [world] The Player <NezukoChan> has joined at -10173, 64, 4120 and their IP is null
[2024-03-29 17:59:28] [world] The Player <Tester> has joined at -309, 77, 280 and their IP is null
[2024-03-29 18:05:29] [world] The Player <GolemDaWanderer> has joined at -518, 65, 319 and their IP is null
[2024-03-29 18:06:33] [world] The Player <idkwhattoputhere> has joined at -1169, 49, -427 and their IP is null
[2024-03-29 18:29:40] [world] The Player <Tester> has joined at -10298, 35, 4028 and their IP is null
[2024-03-29 18:31:23] [world] The Player <xcpc> has joined at -10299, 35, 4024 and their IP is null
[2024-03-29 18:41:44] [world] The Player <Tester> has joined at -10296, 35, 4028 and their IP is null
[2024-03-29 18:45:06] [world] The Player <GolemDaWanderer> has joined at -10295, 35, 4028 and their IP is null
[2024-03-29 18:45:33] [world] The Player <xcpc> has joined at -10174, 62, 4116 and their IP is null
[2024-03-29 18:45:44] [world_nether] The Player <NezukoChan> has joined at -1514, 128, 904 and their IP is null
[2024-03-29 18:47:58] [world] The Player <Tester> has joined at -10298, 35, 4029 and their IP is null
[2024-03-29 18:48:58] [world_nether] The Player <NezukoChan> has joined at -1897, 128, 1223 and their IP is null
[2024-03-29 18:50:38] [world] The Player <xcpc> has joined at -10209, 67, 4094 and their IP is null
[2024-03-29 18:50:50] [world] The Player <GolemDaWanderer> has joined at -10159, 63, 4113 and their IP is null
[2024-03-29 18:52:06] [world_nether] The Player <NezukoChan> has joined at -1897, 128, 1223 and their IP is null
[2024-03-29 18:52:26] [world_nether] The Player <NezukoChan> has joined at -1897, 128, 1223 and their IP is null
[2024-03-29 18:56:20] [world_nether] The Player <NezukoChan> has joined at -1969, 128, 1253 and their IP is null
[2024-03-29 18:58:46] [world] The Player <xcpc> has joined at -311, 63, 277 and their IP is null
[2024-03-29 18:59:35] [world] The Player <GolemDaWanderer> has joined at -10216, 68, 4077 and their IP is null
[2024-03-29 19:02:36] [world_nether] The Player <NezukoChan> has joined at -1966, 128, 1268 and their IP is null
[2024-03-29 19:03:43] [world] The Player <GolemDaWanderer> has joined at -10181, 63, 4110 and their IP is null
[2024-03-29 19:46:01] [world] The Player <xcpc> has joined at -313, 63, 273 and their IP is null
[2024-03-29 19:51:36] [world_the_end] The Player <GolemDaWanderer> has joined at 118, 84, -28 and their IP is null
[2024-03-29 20:31:08] [world] The Player <Tester> has joined at -10296, 35, 4028 and their IP is null
[2024-03-29 21:14:47] [world] The Player <Tester> has joined at -10299, 51, 4034 and their IP is null
[2024-03-29 21:25:04] [world] The Player <Tester> has joined at -10299, 51, 4034 and their IP is null
[2024-03-29 21:46:05] [world] The Player <Tester> has joined at -884, 68, 826 and their IP is null
[2024-03-29 21:48:03] [world] The Player <xcpc> has joined at -176, 69, 200 and their IP is null
[2024-03-29 22:15:44] [world] The Player <Tester> has joined at -274, 6, 265 and their IP is null
[2024-03-29 22:22:44] [world] The Player <xcpc> has joined at -270, 6, 267 and their IP is null
[2024-03-29 22:41:41] [world] The Player <Marshtomp17> has joined at -580, 78, 251 and their IP is null
[2024-03-29 22:43:16] [world] The Player <xcpc> has joined at -255, 21, 255 and their IP is null
[2024-03-29 22:47:00] [world] The Player <Mudkips_Rule> has joined at -580, 78, 249 and their IP is null
[2024-03-29 23:25:12] [world] The Player <Tester> has joined at -613, 66, 423 and their IP is null
[2024-03-29 23:29:55] [world] The Player <xcpc> has joined at -266, 10, 227 and their IP is null
[2024-03-29 23:49:37] [world_the_end] The Player <GolemDaWanderer> has joined at 52, 62, -3 and their IP is null
[2024-03-29 23:52:43] [world_the_end] The Player <GolemDaWanderer> has joined at 88, 82, 61 and their IP is null
[2024-03-29 23:52:45] [world] The Player <xcpc> has joined at -556, 123, -49 and their IP is null
[2024-03-29 23:53:19] [world_nether] The Player <NezukoChan> has joined at -1966, 128, 1268 and their IP is null
[2024-03-29 23:55:47] [world] The Player <xcpc> has joined at -674, 123, 122 and their IP is null
[2024-03-30 00:00:35] [world] The Player <xcpc> has joined at -730, 36, 193 and their IP is null
[2024-03-30 00:15:52] [world] The Player <xcpc> has joined at -292, 71, 283 and their IP is null
[2024-03-30 00:16:30] [world_the_end] The Player <GolemDaWanderer> has joined at -24, 221, -41 and their IP is null
[2024-03-30 00:16:57] [world_the_end] The Player <GolemDaWanderer> has joined at -4, 57, -74 and their IP is null
[2024-03-30 00:17:41] [world] The Player <Mudkips_Rule> has joined at -1168, 49, -429 and their IP is null
[2024-03-30 00:25:04] [world] The Player <xcpc> has joined at -309, 70, 276 and their IP is null
[2024-03-30 01:05:43] [world_the_end] The Player <Char> has joined at 280, 56, -78 and their IP is null
[2024-03-30 01:58:59] [world_the_end] The Player <GolemDaWanderer> has joined at 5, 59, -64 and their IP is null
[2024-03-30 11:30:10] [world] The Player <Tester> has joined at -556, 121, -118 and their IP is null
[2024-03-30 11:30:53] [world] The Player <Tester_> has joined at -585, 69, 346 and their IP is null
[2024-03-30 11:31:22] [world] The Player <Tester> has joined at -556, 121, -118 and their IP is null
[2024-03-30 12:12:35] [world] The Player <Charmunk> has joined at -229, 67, 259 and their IP is null
[2024-03-30 12:12:52] [world] The Player <Char> has joined at -644, 74, 270 and their IP is null
[2024-03-30 12:16:26] [world] The Player <Tester> has joined at -544, 43, -73 and their IP is null
[2024-03-30 12:20:51] [world] The Player <Tester> has joined at -544, 43, -73 and their IP is null
[2024-03-30 12:42:08] [world] The Player <Tester> has joined at -544, 43, -73 and their IP is null
[2024-03-30 12:42:09] [world] The Player <Char> has joined at -635, 77, 303 and their IP is null
[2024-03-30 12:51:20] [world] The Player <Char> has joined at -635, 77, 303 and their IP is null
[2024-03-30 12:51:37] [world] The Player <Char> has joined at -635, 77, 303 and their IP is null
[2024-03-30 12:52:04] [world] The Player <Char> has joined at -635, 77, 303 and their IP is null
[2024-03-30 12:52:17] [world] The Player <Char> has joined at -635, 77, 303 and their IP is null
[2024-03-30 12:52:21] [world] The Player <Tester> has joined at -544, 43, -73 and their IP is null
[2024-03-30 12:52:36] [world] The Player <Char> has joined at -635, 77, 303 and their IP is null
[2024-03-30 12:53:10] [world] The Player <Char> has joined at -635, 77, 303 and their IP is null
[2024-03-30 12:53:28] [world] The Player <Tester> has joined at -544, 43, -73 and their IP is null
[2024-03-30 12:54:02] [world] The Player <Tester> has joined at -544, 43, -73 and their IP is null
[2024-03-30 12:55:46] [world] The Player <Char> has joined at -635, 77, 303 and their IP is null
[2024-03-30 12:55:50] [world] The Player <Tester> has joined at -544, 43, -73 and their IP is null
[2024-03-30 12:56:18] [world] The Player <Tester> has joined at -544, 43, -73 and their IP is null
[2024-03-30 12:56:22] [world] The Player <Char> has joined at -635, 77, 303 and their IP is null
