[2024-03-30 13:06:04] [world] The Player <Tester_Testing> has joined at -573, 87, 314 and their IP is null
[2024-03-30 13:47:11] [world] The Player <GolemDaWanderer> has joined at 10152, 66, -10508 and their IP is null
[2024-03-30 14:18:52] [world] The Player <Tester_Testing> has joined at -573, 86, 314 and their IP is null
[2024-03-30 14:36:19] [world] The Player <GolemDaWanderer> has joined at 10358, 65, -10501 and their IP is null
[2024-03-30 16:22:23] [world] The Player <GolemDaWanderer> has joined at 10357, 74, -10566 and their IP is null
[2024-03-30 19:12:09] [world] The Player <GolemDaWanderer> has joined at 10342, 71, -10571 and their IP is null
[2024-03-30 19:16:03] [world] The Player <GolemDaWanderer> has joined at 10337, 71, -10891 and their IP is null
[2024-03-30 19:20:36] [world] The Player <GolemDaWanderer> has joined at 10339, 71, -10880 and their IP is null
[2024-03-30 19:25:13] [world] The Player <GolemDaWanderer> has joined at 10342, 72, -10924 and their IP is null
[2024-03-30 20:23:47] [world] The Player <Mudkips_Rule> has joined at -1172, 49, -428 and their IP is null
[2024-03-30 20:25:57] [world] The Player <Marshtomp1234> has joined at -565, 83, 322 and their IP is null
[2024-03-30 20:26:41] [world] The Player <Marshtomp12345> has joined at -566, 69, 316 and their IP is null
[2024-03-30 20:27:35] [world] The Player <Mudkips_Rule> has joined at -1172, 49, -428 and their IP is null
[2024-03-31 02:05:05] [world] The Player <GolemDaWanderer> has joined at -10301, 39, 4029 and their IP is null
[2024-03-31 03:25:42] [world] The Player <GolemDaWanderer> has joined at -10301, 39, 4029 and their IP is null
[2024-03-31 09:58:46] [world] The Player <BTC> has joined at -3349, 66, 956 and their IP is null
[2024-03-31 10:34:28] [world] The Player <BTC> has joined at -3091, 64, 996 and their IP is null
[2024-03-31 12:47:13] [world] The Player <GolemDaWanderer> has joined at -10301, 39, 4029 and their IP is null
[2024-03-31 12:53:33] [world] The Player <GolemDaWanderer> has joined at -10298, 35, 4030 and their IP is null
[2024-03-31 12:59:36] [world] The Player <GolemDaWanderer> has joined at -10298, 35, 4029 and their IP is null
[2024-03-31 13:07:54] [world] The Player <BTC> has joined at -3130, 62, 832 and their IP is null
[2024-03-31 13:15:31] [world] The Player <BTC> has joined at -704, 64, 209 and their IP is null
