[2024-03-31 13:20:22] [world] The Player <BTC> has joined at -3130, 41, 832 and their IP is null
[2024-03-31 13:30:59] [world] The Player <BTC> has joined at -3129, 41, 832 and their IP is null
[2024-03-31 13:31:37] [world] The Player <BTC> has joined at -3129, 41, 832 and their IP is null
[2024-03-31 13:32:13] [world] The Player <Tester> has joined at -556, 59, -108 and their IP is null
[2024-03-31 14:00:28] [world] The Player <GolemDaWanderer> has joined at -560, 64, -162 and their IP is null
[2024-03-31 14:09:29] [world] The Player <BTC> has joined at -3127, 41, 833 and their IP is null
[2024-03-31 14:30:38] [world] The Player <GolemDaWanderer> has joined at -546, 63, -79 and their IP is null
[2024-03-31 14:37:30] [world] The Player <GolemDaWanderer> has joined at -455, 69, -103 and their IP is null
[2024-03-31 14:51:58] [world] The Player <Tester> has joined at -556, 56, -112 and their IP is null
[2024-03-31 16:22:55] [world] The Player <Tester> has joined at -585, 69, 359 and their IP is null
[2024-03-31 16:24:11] [world] The Player <Tester> has joined at -624, 69, 254 and their IP is null
[2024-03-31 16:30:22] [world] The Player <BTC> has joined at -798, 73, -62 and their IP is null
[2024-03-31 16:30:55] [world] The Player <Tester> has joined at -624, 69, 254 and their IP is null
[2024-03-31 16:32:32] [world] The Player <Tester> has joined at -624, 69, 254 and their IP is null
[2024-03-31 16:35:12] [world] The Player <Tester> has joined at -578, 69, 325 and their IP is null
[2024-03-31 16:41:33] [world] The Player <BTC> has joined at -552, 63, -79 and their IP is null
[2024-03-31 16:55:00] [world] The Player <GolemDaWanderer> has joined at -584, 69, 342 and their IP is null
[2024-03-31 17:02:18] [world_nether] The Player <BTC> has joined at -3, 54, -40 and their IP is null
[2024-03-31 17:03:06] [world] The Player <GolemDaWanderer> has joined at -10430, 63, 3973 and their IP is null
[2024-03-31 17:03:24] [world] The Player <Tester> has joined at -10342, 63, 4019 and their IP is null
[2024-03-31 17:10:46] [world] The Player <BTC> has joined at -566, 69, 356 and their IP is null
[2024-03-31 17:14:59] [world] The Player <Tester> has joined at -631, 69, 479 and their IP is null
[2024-03-31 17:15:15] [world] The Player <BTC> has joined at -618, 70, 468 and their IP is null
[2024-03-31 17:15:24] [world] The Player <Char> has joined at -559, 75, 304 and their IP is null
[2024-03-31 17:27:08] [world] The Player <GolemDaWanderer> has joined at -10430, 63, 4016 and their IP is null
[2024-03-31 18:21:42] [world] The Player <GolemDaWanderer> has joined at -9657, 75, 3811 and their IP is null
[2024-03-31 18:22:44] [world] The Player <Marshtomp17> has joined at -579, 78, 246 and their IP is null
[2024-03-31 18:45:10] [world] The Player <GolemDaWanderer> has joined at -9536, 85, 3742 and their IP is null
[2024-03-31 19:18:52] [world] The Player <GolemDaWanderer> has joined at -9504, 74, 3750 and their IP is null
[2024-03-31 22:48:15] [world_the_end] The Player <GolemDaWanderer> has joined at -42, 68, -8 and their IP is null
[2024-04-01 01:46:06] [world] The Player <Char> has joined at -623, 71, 459 and their IP is null
[2024-04-01 01:49:56] [world] The Player <Char> has joined at -623, 71, 459 and their IP is null
[2024-04-01 02:14:19] [world_the_end] The Player <GolemDaWanderer> has joined at -42, 68, -8 and their IP is null
[2024-04-01 11:58:05] [world] The Player <Tester> has joined at -9589, 64, 3845 and their IP is null
[2024-04-01 12:12:24] [world] The Player <Char> has joined at -623, 74, 455 and their IP is null
