[2024-03-25 20:25:16] [world] The Player <GolemDaWanderer> has broke WOOD at X= -10152, Y= 62, Z= 4113
[2024-03-25 20:35:02] [world] The Player <GolemDaWanderer> has broke SKULL at X= -10299, Y= 36, Z= 4027
[2024-03-25 20:36:07] [world] The Player <GolemDaWanderer> has broke ENDER_CHEST at X= -10301, Y= 39, Z= 4028
[2024-03-25 20:36:09] [world] The Player <GolemDaWanderer> has broke DIRT at X= -10301, Y= 38, Z= 4028
[2024-03-25 20:38:02] [world] The Player <GolemDaWanderer> has broke COBBLESTONE at X= -10301, Y= 26, Z= 4029
[2024-03-25 20:38:03] [world] The Player <GolemDaWanderer> has broke COBBLESTONE at X= -10300, Y= 26, Z= 4029
[2024-03-25 20:38:04] [world] The Player <GolemDaWanderer> has broke STONE at X= -10300, Y= 25, Z= 4029
[2024-03-25 20:38:04] [world] The Player <GolemDaWanderer> has broke STONE at X= -10301, Y= 25, Z= 4029
[2024-03-25 20:38:04] [world] The Player <GolemDaWanderer> has broke STONE at X= -10300, Y= 24, Z= 4029
[2024-03-25 20:38:05] [world] The Player <GolemDaWanderer> has broke STONE at X= -10299, Y= 25, Z= 4029
[2024-03-25 20:39:49] [world] The Player <GolemDaWanderer> has broke COBBLESTONE at X= -10301, Y= 26, Z= 4028
[2024-03-25 20:44:06] [world] The Player <GolemDaWanderer> has broke COBBLESTONE at X= -10177, Y= 64, Z= 4112
[2024-03-25 20:44:10] [world] The Player <GolemDaWanderer> has broke COBBLESTONE at X= -10177, Y= 64, Z= 4113
[2024-03-25 20:44:11] [world] The Player <GolemDaWanderer> has broke COBBLESTONE at X= -10177, Y= 65, Z= 4113
[2024-03-25 20:45:50] [world] The Player <GolemDaWanderer> has broke WOOD at X= -10185, Y= 62, Z= 4109
[2024-03-25 20:45:52] [world] The Player <GolemDaWanderer> has broke WOOD at X= -10185, Y= 61, Z= 4109
[2024-03-25 20:45:55] [world] The Player <GolemDaWanderer> has broke WOOD at X= -10185, Y= 60, Z= 4109
[2024-03-25 20:46:14] [world] The Player <GolemDaWanderer> has broke WOOD at X= -10185, Y= 62, Z= 4105
[2024-03-25 20:46:15] [world] The Player <GolemDaWanderer> has broke WOOD at X= -10185, Y= 61, Z= 4105
[2024-03-25 20:46:16] [world] The Player <GolemDaWanderer> has broke WOOD at X= -10185, Y= 60, Z= 4105
[2024-03-25 20:46:17] [world] The Player <GolemDaWanderer> has broke WOOD at X= -10185, Y= 59, Z= 4105
[2024-03-25 20:46:19] [world] The Player <GolemDaWanderer> has broke DIRT at X= -10185, Y= 58, Z= 4105
[2024-03-25 20:46:21] [world] The Player <GolemDaWanderer> has broke STONE at X= -10185, Y= 57, Z= 4105
[2024-03-25 20:46:21] [world] The Player <GolemDaWanderer> has broke STONE at X= -10185, Y= 56, Z= 4105
[2024-03-25 20:46:22] [world] The Player <GolemDaWanderer> has broke STONE at X= -10185, Y= 55, Z= 4105
[2024-03-25 20:46:25] [world] The Player <GolemDaWanderer> has broke DIRT at X= -10185, Y= 54, Z= 4105
[2024-03-25 20:47:11] [world] The Player <GolemDaWanderer> has broke STONE at X= -10185, Y= 56, Z= 4104
[2024-03-25 20:47:11] [world] The Player <GolemDaWanderer> has broke STONE at X= -10185, Y= 55, Z= 4104
[2024-03-25 20:47:12] [world] The Player <GolemDaWanderer> has broke STONE at X= -10185, Y= 55, Z= 4103
[2024-03-25 20:47:12] [world] The Player <GolemDaWanderer> has broke STONE at X= -10185, Y= 56, Z= 4103
[2024-03-25 20:47:17] [world] The Player <GolemDaWanderer> has broke STONE at X= -10186, Y= 56, Z= 4103
[2024-03-25 20:47:18] [world] The Player <GolemDaWanderer> has broke STONE at X= -10186, Y= 55, Z= 4103
[2024-03-25 20:47:18] [world] The Player <GolemDaWanderer> has broke STONE at X= -10186, Y= 56, Z= 4102
[2024-03-25 20:47:18] [world] The Player <GolemDaWanderer> has broke STONE at X= -10186, Y= 55, Z= 4102
[2024-03-25 20:47:19] [world] The Player <GolemDaWanderer> has broke STONE at X= -10185, Y= 56, Z= 4102
[2024-03-25 20:47:19] [world] The Player <GolemDaWanderer> has broke STONE at X= -10185, Y= 55, Z= 4102
[2024-03-25 20:47:20] [world] The Player <GolemDaWanderer> has broke STONE at X= -10185, Y= 56, Z= 4101
[2024-03-25 20:47:20] [world] The Player <GolemDaWanderer> has broke STONE at X= -10185, Y= 55, Z= 4101
[2024-03-25 20:47:21] [world] The Player <GolemDaWanderer> has broke STONE at X= -10186, Y= 56, Z= 4101
[2024-03-25 20:47:21] [world] The Player <GolemDaWanderer> has broke STONE at X= -10186, Y= 55, Z= 4101
[2024-03-25 20:47:21] [world] The Player <GolemDaWanderer> has broke STONE at X= -10186, Y= 54, Z= 4102
[2024-03-25 20:47:22] [world] The Player <GolemDaWanderer> has broke STONE at X= -10186, Y= 54, Z= 4101
[2024-03-25 20:47:22] [world] The Player <GolemDaWanderer> has broke STONE at X= -10185, Y= 54, Z= 4101
[2024-03-25 20:47:22] [world] The Player <GolemDaWanderer> has broke STONE at X= -10185, Y= 54, Z= 4102
[2024-03-25 20:50:45] [world] The Player <GolemDaWanderer> has broke COBBLESTONE at X= -10185, Y= 55, Z= 4104
[2024-03-25 20:50:52] [world] The Player <GolemDaWanderer> has broke COBBLESTONE at X= -10185, Y= 55, Z= 4104
[2024-03-25 22:33:06] [world] The Player <GolemDaWanderer> has broke WATER_LILY at X= -10159, Y= 63, Z= 4100
[2024-03-25 22:33:06] [world] The Player <GolemDaWanderer> has broke WATER_LILY at X= -10159, Y= 63, Z= 4101
[2024-03-25 22:33:07] [world] The Player <GolemDaWanderer> has broke WATER_LILY at X= -10159, Y= 63, Z= 4102
[2024-03-25 22:33:07] [world] The Player <GolemDaWanderer> has broke WATER_LILY at X= -10159, Y= 63, Z= 4103
[2024-03-25 22:33:08] [world] The Player <GolemDaWanderer> has broke WATER_LILY at X= -10159, Y= 63, Z= 4104
[2024-03-25 22:33:18] [world] The Player <GolemDaWanderer> has broke WATER_LILY at X= -10167, Y= 63, Z= 4100
[2024-03-25 22:33:19] [world] The Player <GolemDaWanderer> has broke WATER_LILY at X= -10165, Y= 63, Z= 4101
[2024-03-25 22:33:19] [world] The Player <GolemDaWanderer> has broke WATER_LILY at X= -10164, Y= 63, Z= 4101
[2024-03-25 22:33:20] [world] The Player <GolemDaWanderer> has broke WATER_LILY at X= -10163, Y= 63, Z= 4101
[2024-03-25 22:33:21] [world] The Player <GolemDaWanderer> has broke WATER_LILY at X= -10161, Y= 63, Z= 4102
[2024-03-25 22:33:22] [world] The Player <GolemDaWanderer> has broke WATER_LILY at X= -10158, Y= 63, Z= 4102
[2024-03-25 22:33:22] [world] The Player <GolemDaWanderer> has broke WATER_LILY at X= -10158, Y= 63, Z= 4103
[2024-03-25 22:33:23] [world] The Player <GolemDaWanderer> has broke WATER_LILY at X= -10158, Y= 63, Z= 4104
[2024-03-25 22:33:24] [world] The Player <GolemDaWanderer> has broke WATER_LILY at X= -10160, Y= 63, Z= 4104
[2024-03-25 22:33:25] [world] The Player <GolemDaWanderer> has broke WATER_LILY at X= -10162, Y= 63, Z= 4105
[2024-03-25 22:33:25] [world] The Player <GolemDaWanderer> has broke WATER_LILY at X= -10161, Y= 63, Z= 4105
[2024-03-25 22:33:27] [world] The Player <GolemDaWanderer> has broke WATER_LILY at X= -10162, Y= 63, Z= 4107
[2024-03-25 22:33:27] [world] The Player <GolemDaWanderer> has broke WATER_LILY at X= -10162, Y= 63, Z= 4108
[2024-03-25 22:33:27] [world] The Player <GolemDaWanderer> has broke WATER_LILY at X= -10162, Y= 63, Z= 4109
[2024-03-25 22:33:42] [world] The Player <GolemDaWanderer> has broke WATER_LILY at X= -10162, Y= 63, Z= 4098
[2024-03-25 22:34:05] [world] The Player <GolemDaWanderer> has broke WATER_LILY at X= -10163, Y= 63, Z= 4096
[2024-03-25 22:34:05] [world] The Player <GolemDaWanderer> has broke WATER_LILY at X= -10164, Y= 63, Z= 4096
[2024-03-25 22:34:54] [world_the_end] The Player <GolemDaWanderer> has broke OBSIDIAN at X= 100, Y= 48, Z= 0
[2024-03-25 22:34:58] [world_the_end] The Player <GolemDaWanderer> has broke OBSIDIAN at X= 100, Y= 48, Z= 1
[2024-03-25 22:35:02] [world_the_end] The Player <GolemDaWanderer> has broke OBSIDIAN at X= 100, Y= 48, Z= 2
[2024-03-25 22:35:23] [world_the_end] The Player <GolemDaWanderer> has broke COBBLESTONE at X= 101, Y= 48, Z= -1
[2024-03-25 22:35:24] [world_the_end] The Player <GolemDaWanderer> has broke COBBLESTONE at X= 101, Y= 46, Z= -1
[2024-03-25 22:35:31] [world_the_end] The Player <GolemDaWanderer> has broke OBSIDIAN at X= 100, Y= 48, Z= -1
[2024-03-25 22:35:35] [world_the_end] The Player <GolemDaWanderer> has broke OBSIDIAN at X= 101, Y= 48, Z= 0
[2024-03-25 22:35:38] [world_the_end] The Player <GolemDaWanderer> has broke OBSIDIAN at X= 101, Y= 48, Z= 1
[2024-03-25 22:35:39] [world_the_end] The Player <GolemDaWanderer> has broke COBBLESTONE at X= 101, Y= 49, Z= 3
[2024-03-25 22:35:42] [world_the_end] The Player <GolemDaWanderer> has broke OBSIDIAN at X= 101, Y= 48, Z= 2
[2024-03-25 22:37:40] [world_the_end] The Player <GolemDaWanderer> has broke OBSIDIAN at X= 99, Y= 48, Z= 0
[2024-03-25 22:37:47] [world_the_end] The Player <GolemDaWanderer> has broke OBSIDIAN at X= 99, Y= 48, Z= 1
[2024-03-25 22:38:51] [world] The Player <GolemDaWanderer> has broke COBBLESTONE at X= -608, Y= 65, Z= 329
[2024-03-25 22:39:50] [world] The Player <GolemDaWanderer> has broke REDSTONE_BLOCK at X= -578, Y= 59, Z= 267
[2024-03-25 22:39:51] [world] The Player <GolemDaWanderer> has broke STONE at X= -579, Y= 57, Z= 268
[2024-03-25 22:41:32] [world_the_end] The Player <GolemDaWanderer> has broke REDSTONE_WIRE at X= 65, Y= 61, Z= 9
[2024-03-25 22:41:32] [world_the_end] The Player <GolemDaWanderer> has broke REDSTONE_WIRE at X= 66, Y= 61, Z= 9
[2024-03-25 22:43:14] [world] The Player <Tester> has broke DIRT at X= -10181, Y= 62, Z= 4119
[2024-03-25 22:43:16] [world] The Player <Tester> has broke DIRT at X= -10181, Y= 61, Z= 4119
[2024-03-25 22:43:33] [world] The Player <GolemDaWanderer> has broke COBBLESTONE at X= -10177, Y= 63, Z= 4111
[2024-03-25 22:43:36] [world] The Player <GolemDaWanderer> has broke COBBLESTONE at X= -10176, Y= 63, Z= 4112
[2024-03-25 22:48:34] [world] The Player <Marshtomp17> has broke NETHER_BRICK at X= -575, Y= 79, Z= 257
[2024-03-25 22:48:35] [world] The Player <Marshtomp17> has broke NETHER_BRICK at X= -574, Y= 79, Z= 257
[2024-03-25 22:48:35] [world] The Player <Marshtomp17> has broke NETHER_BRICK at X= -573, Y= 79, Z= 257
[2024-03-25 22:48:42] [world] The Player <GolemDaWanderer> has broke SKULL at X= -10169, Y= 63, Z= 4116
[2024-03-25 22:50:28] [world] The Player <Marshtomp17> has broke NETHER_BRICK at X= -570, Y= 79, Z= 249
[2024-03-25 22:50:42] [world] The Player <Marshtomp17> has broke NETHER_BRICK at X= -571, Y= 79, Z= 247
[2024-03-25 22:50:44] [world] The Player <Marshtomp17> has broke NETHER_BRICK at X= -570, Y= 79, Z= 245
[2024-03-25 22:51:44] [world] The Player <Marshtomp17> has broke NETHER_BRICK at X= -575, Y= 79, Z= 253
[2024-03-25 22:52:04] [world] The Player <Marshtomp17> has broke NETHER_BRICK at X= -575, Y= 78, Z= 253
[2024-03-25 22:52:20] [world] The Player <Marshtomp17> has broke NETHER_BRICK at X= -577, Y= 78, Z= 253
[2024-03-25 23:09:37] [world_the_end] The Player <TurtleDuck> has broke OBSIDIAN at X= 25, Y= 84, Z= -87
[2024-03-25 23:09:37] [world_the_end] The Player <TurtleDuck> has broke OBSIDIAN at X= 26, Y= 84, Z= -87
[2024-03-25 23:09:37] [world_the_end] The Player <TurtleDuck> has broke OBSIDIAN at X= 26, Y= 83, Z= -87
[2024-03-25 23:09:38] [world_the_end] The Player <TurtleDuck> has broke OBSIDIAN at X= 25, Y= 83, Z= -87
[2024-03-25 23:09:38] [world_the_end] The Player <TurtleDuck> has broke OBSIDIAN at X= 25, Y= 82, Z= -87
[2024-03-25 23:09:38] [world_the_end] The Player <TurtleDuck> has broke OBSIDIAN at X= 25, Y= 81, Z= -87
[2024-03-25 23:18:27] [world] The Player <GolemDaWanderer> has broke SOUL_SAND at X= -10177, Y= 63, Z= 4112
[2024-03-25 23:18:29] [world] The Player <GolemDaWanderer> has broke COBBLESTONE at X= -10176, Y= 64, Z= 4112
[2024-03-25 23:18:30] [world] The Player <GolemDaWanderer> has broke COBBLESTONE at X= -10178, Y= 65, Z= 4112
[2024-03-25 23:19:08] [world] The Player <GolemDaWanderer> has broke DIAMOND_BLOCK at X= -10170, Y= 62, Z= 4114
[2024-03-25 23:19:09] [world] The Player <GolemDaWanderer> has broke DIAMOND_BLOCK at X= -10171, Y= 62, Z= 4114
[2024-03-25 23:19:10] [world] The Player <GolemDaWanderer> has broke DIAMOND_BLOCK at X= -10172, Y= 62, Z= 4114
[2024-03-25 23:19:10] [world] The Player <GolemDaWanderer> has broke DIAMOND_BLOCK at X= -10173, Y= 62, Z= 4114
[2024-03-25 23:19:11] [world] The Player <GolemDaWanderer> has broke DIAMOND_BLOCK at X= -10174, Y= 62, Z= 4114
[2024-03-25 23:19:12] [world] The Player <GolemDaWanderer> has broke STONE at X= -10175, Y= 62, Z= 4114
[2024-03-25 23:19:12] [world] The Player <GolemDaWanderer> has broke STONE at X= -10176, Y= 62, Z= 4114
[2024-03-25 23:19:47] [world] The Player <GolemDaWanderer> has broke DIAMOND_BLOCK at X= -10171, Y= 62, Z= 4115
[2024-03-25 23:19:48] [world] The Player <GolemDaWanderer> has broke DIAMOND_BLOCK at X= -10172, Y= 62, Z= 4115
[2024-03-25 23:19:49] [world] The Player <GolemDaWanderer> has broke DIAMOND_BLOCK at X= -10173, Y= 62, Z= 4115
[2024-03-25 23:19:49] [world] The Player <GolemDaWanderer> has broke DIAMOND_BLOCK at X= -10174, Y= 62, Z= 4115
[2024-03-25 23:19:50] [world] The Player <GolemDaWanderer> has broke DIAMOND_BLOCK at X= -10175, Y= 62, Z= 4115
[2024-03-25 23:19:51] [world] The Player <GolemDaWanderer> has broke DIAMOND_BLOCK at X= -10175, Y= 62, Z= 4114
[2024-03-25 23:19:52] [world] The Player <GolemDaWanderer> has broke DIAMOND_BLOCK at X= -10175, Y= 62, Z= 4113
[2024-03-25 23:19:52] [world] The Player <GolemDaWanderer> has broke DIAMOND_BLOCK at X= -10176, Y= 62, Z= 4113
[2024-03-25 23:19:53] [world] The Player <GolemDaWanderer> has broke DIAMOND_BLOCK at X= -10176, Y= 62, Z= 4114
[2024-03-25 23:19:53] [world] The Player <GolemDaWanderer> has broke DIAMOND_BLOCK at X= -10177, Y= 62, Z= 4114
[2024-03-25 23:19:54] [world] The Player <GolemDaWanderer> has broke DIAMOND_BLOCK at X= -10177, Y= 62, Z= 4113
[2024-03-25 23:19:55] [world] The Player <GolemDaWanderer> has broke DIAMOND_BLOCK at X= -10176, Y= 62, Z= 4115
[2024-03-25 23:19:56] [world] The Player <GolemDaWanderer> has broke DIAMOND_BLOCK at X= -10177, Y= 62, Z= 4115
[2024-03-25 23:19:56] [world] The Player <GolemDaWanderer> has broke DIAMOND_BLOCK at X= -10177, Y= 62, Z= 4116
[2024-03-25 23:19:57] [world] The Player <GolemDaWanderer> has broke DIAMOND_BLOCK at X= -10176, Y= 62, Z= 4116
[2024-03-25 23:19:58] [world] The Player <GolemDaWanderer> has broke DIAMOND_BLOCK at X= -10175, Y= 62, Z= 4116
[2024-03-25 23:19:59] [world] The Player <GolemDaWanderer> has broke DIAMOND_BLOCK at X= -10175, Y= 62, Z= 4117
[2024-03-25 23:19:59] [world] The Player <GolemDaWanderer> has broke DIAMOND_BLOCK at X= -10175, Y= 63, Z= 4117
[2024-03-25 23:20:00] [world] The Player <GolemDaWanderer> has broke DIAMOND_BLOCK at X= -10176, Y= 63, Z= 4117
[2024-03-25 23:20:01] [world] The Player <GolemDaWanderer> has broke DIAMOND_BLOCK at X= -10176, Y= 62, Z= 4117
[2024-03-25 23:20:02] [world] The Player <GolemDaWanderer> has broke DIAMOND_BLOCK at X= -10177, Y= 63, Z= 4117
[2024-03-25 23:20:02] [world] The Player <GolemDaWanderer> has broke DIAMOND_BLOCK at X= -10177, Y= 62, Z= 4117
[2024-03-25 23:20:03] [world] The Player <GolemDaWanderer> has broke DIAMOND_BLOCK at X= -10177, Y= 63, Z= 4116
[2024-03-25 23:20:06] [world] The Player <GolemDaWanderer> has broke DIAMOND_BLOCK at X= -10176, Y= 63, Z= 4118
[2024-03-25 23:20:06] [world] The Player <GolemDaWanderer> has broke DIAMOND_BLOCK at X= -10177, Y= 63, Z= 4118
[2024-03-25 23:20:09] [world] The Player <GolemDaWanderer> has broke DIAMOND_BLOCK at X= -10175, Y= 63, Z= 4118
[2024-03-25 23:20:09] [world] The Player <GolemDaWanderer> has broke DIAMOND_BLOCK at X= -10175, Y= 62, Z= 4118
[2024-03-25 23:20:10] [world] The Player <GolemDaWanderer> has broke DIAMOND_BLOCK at X= -10174, Y= 63, Z= 4118
[2024-03-25 23:20:11] [world] The Player <GolemDaWanderer> has broke DIAMOND_BLOCK at X= -10174, Y= 62, Z= 4118
[2024-03-25 23:20:12] [world] The Player <GolemDaWanderer> has broke DIAMOND_BLOCK at X= -10174, Y= 63, Z= 4117
[2024-03-25 23:20:12] [world] The Player <GolemDaWanderer> has broke DIAMOND_BLOCK at X= -10174, Y= 62, Z= 4117
[2024-03-25 23:20:13] [world] The Player <GolemDaWanderer> has broke DIAMOND_BLOCK at X= -10174, Y= 62, Z= 4116
[2024-03-25 23:20:14] [world] The Player <GolemDaWanderer> has broke DIAMOND_BLOCK at X= -10173, Y= 62, Z= 4116
[2024-03-25 23:20:14] [world] The Player <GolemDaWanderer> has broke DIAMOND_BLOCK at X= -10172, Y= 62, Z= 4116
[2024-03-25 23:20:15] [world] The Player <GolemDaWanderer> has broke DIAMOND_BLOCK at X= -10171, Y= 62, Z= 4116
[2024-03-25 23:20:15] [world] The Player <GolemDaWanderer> has broke DIAMOND_BLOCK at X= -10171, Y= 62, Z= 4117
[2024-03-25 23:20:16] [world] The Player <GolemDaWanderer> has broke DIAMOND_BLOCK at X= -10170, Y= 62, Z= 4116
[2024-03-25 23:20:22] [world] The Player <GolemDaWanderer> has broke DIAMOND_BLOCK at X= -10170, Y= 63, Z= 4117
[2024-03-25 23:20:23] [world] The Player <GolemDaWanderer> has broke DIAMOND_BLOCK at X= -10170, Y= 62, Z= 4117
[2024-03-25 23:20:27] [world] The Player <GolemDaWanderer> has broke DIAMOND_BLOCK at X= -10171, Y= 63, Z= 4118
[2024-03-25 23:20:27] [world] The Player <GolemDaWanderer> has broke DIAMOND_BLOCK at X= -10170, Y= 63, Z= 4118
[2024-03-25 23:20:28] [world] The Player <GolemDaWanderer> has broke DIAMOND_BLOCK at X= -10170, Y= 62, Z= 4118
[2024-03-25 23:20:29] [world] The Player <GolemDaWanderer> has broke DIAMOND_BLOCK at X= -10171, Y= 62, Z= 4118
[2024-03-25 23:20:32] [world] The Player <GolemDaWanderer> has broke DIAMOND_BLOCK at X= -10172, Y= 63, Z= 4118
[2024-03-25 23:20:33] [world] The Player <GolemDaWanderer> has broke DIAMOND_BLOCK at X= -10172, Y= 62, Z= 4118
[2024-03-25 23:20:33] [world] The Player <GolemDaWanderer> has broke DIAMOND_BLOCK at X= -10172, Y= 62, Z= 4117
[2024-03-25 23:20:34] [world] The Player <GolemDaWanderer> has broke DIAMOND_BLOCK at X= -10173, Y= 63, Z= 4117
[2024-03-25 23:20:37] [world] The Player <GolemDaWanderer> has broke DIAMOND_BLOCK at X= -10173, Y= 63, Z= 4118
[2024-03-25 23:20:38] [world] The Player <GolemDaWanderer> has broke DIAMOND_BLOCK at X= -10173, Y= 62, Z= 4118
[2024-03-25 23:20:39] [world] The Player <GolemDaWanderer> has broke DIAMOND_BLOCK at X= -10173, Y= 62, Z= 4117
[2024-03-25 23:22:35] [world] The Player <GolemDaWanderer> has broke STONE at X= -10176, Y= 61, Z= 4117
[2024-03-25 23:53:15] [world] The Player <GolemDaWanderer> has broke STONE at X= -10175, Y= 60, Z= 4114
[2024-03-25 23:53:15] [world] The Player <GolemDaWanderer> has broke STONE at X= -10175, Y= 61, Z= 4114
[2024-03-25 23:53:25] [world] The Player <GolemDaWanderer> has broke STONE at X= -10175, Y= 61, Z= 4113
[2024-03-25 23:55:31] [world] The Player <GolemDaWanderer> has broke STONE at X= -10172, Y= 63, Z= 4119
[2024-03-26 00:00:34] [world] The Player <GolemDaWanderer> has broke REDSTONE_TORCH_ON at X= 9997, Y= 70, Z= -9905
[2024-03-26 00:00:52] [world] The Player <GolemDaWanderer> has broke REDSTONE_TORCH_ON at X= 9996, Y= 70, Z= -9908
[2024-03-26 00:00:54] [world] The Player <GolemDaWanderer> has broke REDSTONE_TORCH_ON at X= 9996, Y= 71, Z= -9909
[2024-03-26 00:00:56] [world] The Player <GolemDaWanderer> has broke REDSTONE_TORCH_ON at X= 9996, Y= 70, Z= -9908
[2024-03-26 00:00:59] [world] The Player <GolemDaWanderer> has broke REDSTONE_TORCH_ON at X= 9997, Y= 70, Z= -9909
[2024-03-26 00:29:27] [world] The Player <hexa> has broke NETHERRACK at X= 1000064, Y= 60, Z= 1000006
[2024-03-26 00:29:27] [world] The Player <hexa> has broke STONE at X= 1000064, Y= 60, Z= 1000005
[2024-03-26 00:29:43] [world] The Player <hexa> has broke STONE at X= 1000064, Y= 60, Z= 1000008
[2024-03-26 00:32:04] [world] The Player <hexa> has broke SUGAR_CANE_BLOCK at X= 1000046, Y= 63, Z= 999978
[2024-03-26 00:33:01] [world] The Player <hexa> has broke GRAVEL at X= 1000064, Y= 59, Z= 999912
[2024-03-26 00:33:15] [world] The Player <hexa> has broke IRON_ORE at X= 1000047, Y= 52, Z= 999917
[2024-03-26 00:33:17] [world] The Player <hexa> has broke IRON_ORE at X= 1000047, Y= 52, Z= 999918
[2024-03-26 00:33:20] [world] The Player <hexa> has broke IRON_ORE at X= 1000047, Y= 53, Z= 999918
[2024-03-26 00:33:21] [world] The Player <hexa> has broke IRON_ORE at X= 1000046, Y= 52, Z= 999918
[2024-03-26 00:33:23] [world] The Player <hexa> has broke IRON_ORE at X= 1000047, Y= 53, Z= 999919
[2024-03-26 00:33:23] [world] The Player <hexa> has broke STONE at X= 1000047, Y= 52, Z= 999919
[2024-03-26 00:33:25] [world] The Player <hexa> has broke IRON_ORE at X= 1000047, Y= 54, Z= 999918
[2024-03-26 00:33:26] [world] The Player <hexa> has broke IRON_ORE at X= 1000047, Y= 54, Z= 999919
[2024-03-26 00:33:27] [world] The Player <hexa> has broke IRON_ORE at X= 1000048, Y= 53, Z= 999918
[2024-03-26 00:33:27] [world] The Player <hexa> has broke IRON_ORE at X= 1000048, Y= 53, Z= 999919
[2024-03-26 00:33:28] [world] The Player <hexa> has broke IRON_ORE at X= 1000048, Y= 54, Z= 999919
[2024-03-26 00:33:28] [world] The Player <hexa> has broke IRON_ORE at X= 1000048, Y= 54, Z= 999918
[2024-03-26 00:33:28] [world] The Player <hexa> has broke STONE at X= 1000048, Y= 55, Z= 999919
[2024-03-26 00:33:29] [world] The Player <hexa> has broke STONE at X= 1000048, Y= 52, Z= 999918
[2024-03-26 00:33:30] [world] The Player <hexa> has broke STONE at X= 1000048, Y= 52, Z= 999919
[2024-03-26 00:33:31] [world] The Player <hexa> has broke STONE at X= 1000049, Y= 53, Z= 999918
[2024-03-26 00:33:32] [world] The Player <hexa> has broke IRON_ORE at X= 1000049, Y= 53, Z= 999919
[2024-03-26 00:33:32] [world] The Player <hexa> has broke IRON_ORE at X= 1000049, Y= 54, Z= 999919
[2024-03-26 00:33:34] [world] The Player <hexa> has broke STONE at X= 1000049, Y= 51, Z= 999918
[2024-03-26 00:33:34] [world] The Player <hexa> has broke STONE at X= 1000049, Y= 51, Z= 999919
[2024-03-26 00:33:35] [world] The Player <hexa> has broke STONE at X= 1000049, Y= 52, Z= 999919
[2024-03-26 00:33:35] [world] The Player <hexa> has broke STONE at X= 1000050, Y= 52, Z= 999919
[2024-03-26 00:33:36] [world] The Player <hexa> has broke STONE at X= 1000049, Y= 52, Z= 999918
[2024-03-26 00:33:37] [world] The Player <hexa> has broke STONE at X= 1000049, Y= 50, Z= 999918
[2024-03-26 00:33:44] [world] The Player <hexa> has broke STONE at X= 1000045, Y= 48, Z= 999920
[2024-03-26 00:33:45] [world] The Player <hexa> has broke IRON_ORE at X= 1000045, Y= 49, Z= 999920
[2024-03-26 00:33:46] [world] The Player <hexa> has broke IRON_ORE at X= 1000045, Y= 50, Z= 999920
[2024-03-26 00:34:36] [world] The Player <hexa> has broke DIRT at X= 1000064, Y= 61, Z= 999911
[2024-03-26 00:34:42] [world] The Player <hexa> has broke GRASS at X= 1000064, Y= 62, Z= 999911
[2024-03-26 00:37:31] [world] The Player <hexa> has broke TORCH at X= 500002, Y= 25, Z= 48385
[2024-03-26 00:38:04] [world] The Player <hexa> has broke TRAP_DOOR at X= 500004, Y= 22, Z= 48391
[2024-03-26 00:38:12] [world] The Player <hexa> has broke TRAP_DOOR at X= 500004, Y= 22, Z= 48391
[2024-03-26 00:38:17] [world] The Player <hexa> has broke TRAP_DOOR at X= 500004, Y= 22, Z= 48391
[2024-03-26 00:38:24] [world] The Player <hexa> has broke TRAP_DOOR at X= 500004, Y= 22, Z= 48391
[2024-03-26 00:38:55] [world] The Player <hexa> has broke IRON_ORE at X= 500004, Y= 22, Z= 48392
[2024-03-26 00:39:10] [world] The Player <hexa> has broke TRAP_DOOR at X= 500004, Y= 23, Z= 48392
[2024-03-26 00:39:21] [world] The Player <hexa> has broke TRAP_DOOR at X= 500003, Y= 22, Z= 48392
[2024-03-26 00:39:27] [world] The Player <hexa> has broke TRAP_DOOR at X= 500004, Y= 23, Z= 48392
[2024-03-26 00:39:28] [world] The Player <Marshtomp17> has broke NETHER_BRICK at X= -583, Y= 80, Z= 248
[2024-03-26 00:39:46] [world] The Player <hexa> has broke TRAP_DOOR at X= 500004, Y= 22, Z= 48392
[2024-03-26 00:39:47] [world] The Player <hexa> has broke TRAP_DOOR at X= 500005, Y= 22, Z= 48392
[2024-03-26 00:39:48] [world] The Player <Marshtomp17> has broke NETHER_BRICK at X= -584, Y= 80, Z= 248
[2024-03-26 00:43:10] [world] The Player <GolemDaWanderer> has broke REDSTONE_TORCH_ON at X= 9992, Y= 72, Z= -9913
[2024-03-26 00:43:41] [world] The Player <hexa> has broke WALL_SIGN at X= 1000063, Y= 59, Z= 1000008
[2024-03-26 00:43:53] [world] The Player <hexa> has broke WALL_SIGN at X= 1000062, Y= 59, Z= 1000008
[2024-03-26 00:44:41] [world] The Player <hexa> has broke STONE at X= 500004, Y= 28, Z= 48392
[2024-03-26 00:44:42] [world] The Player <hexa> has broke STONE at X= 500004, Y= 29, Z= 48392
[2024-03-26 00:44:46] [world] The Player <GolemDaWanderer> has broke REDSTONE_BLOCK at X= 9984, Y= 73, Z= -9938
[2024-03-26 00:44:53] [world] The Player <hexa> has broke STONE at X= 500005, Y= 29, Z= 48392
[2024-03-26 00:44:53] [world] The Player <Marshtomp17> has broke WALL_SIGN at X= -581, Y= 78, Z= 248
[2024-03-26 00:44:53] [world] The Player <hexa> has broke STONE at X= 500005, Y= 28, Z= 48392
[2024-03-26 00:44:55] [world] The Player <hexa> has broke STONE at X= 500006, Y= 29, Z= 48392
[2024-03-26 00:44:55] [world] The Player <hexa> has broke STONE at X= 500006, Y= 28, Z= 48392
[2024-03-26 00:44:57] [world] The Player <hexa> has broke STONE at X= 500007, Y= 29, Z= 48392
[2024-03-26 00:44:57] [world] The Player <GolemDaWanderer> has broke REDSTONE_TORCH_ON at X= 9986, Y= 72, Z= -9936
[2024-03-26 00:45:01] [world] The Player <GolemDaWanderer> has broke GRAVEL at X= 9984, Y= 71, Z= -9938
[2024-03-26 00:45:01] [world] The Player <GolemDaWanderer> has broke REDSTONE_WIRE at X= 9985, Y= 72, Z= -9938
[2024-03-26 00:45:02] [world] The Player <GolemDaWanderer> has broke REDSTONE_WIRE at X= 9986, Y= 72, Z= -9938
[2024-03-26 00:45:02] [world] The Player <GolemDaWanderer> has broke REDSTONE_WIRE at X= 9986, Y= 72, Z= -9937
[2024-03-26 00:45:03] [world] The Player <hexa> has broke STONE at X= 500006, Y= 27, Z= 48392
[2024-03-26 00:45:50] [world] The Player <GolemDaWanderer> has broke LONG_GRASS at X= 9998, Y= 69, Z= -9943
[2024-03-26 00:45:50] [world] The Player <Marshtomp17> has broke WALL_SIGN at X= -581, Y= 78, Z= 246
[2024-03-26 00:45:53] [world] The Player <GolemDaWanderer> has broke GRASS at X= 9997, Y= 69, Z= -9942
[2024-03-26 00:46:49] [world] The Player <GolemDaWanderer> has broke WOOL at X= -585, Y= 67, Z= 297
[2024-03-26 00:46:55] [world] The Player <GolemDaWanderer> has broke STAINED_CLAY at X= -577, Y= 65, Z= 299
[2024-03-26 00:49:08] [world] The Player <GolemDaWanderer> has broke REDSTONE_TORCH_ON at X= -581, Y= 66, Z= 299
[2024-03-26 00:49:09] [world] The Player <GolemDaWanderer> has broke REDSTONE_WIRE at X= -580, Y= 66, Z= 299
[2024-03-26 00:49:09] [world] The Player <GolemDaWanderer> has broke REDSTONE_WIRE at X= -579, Y= 66, Z= 299
[2024-03-26 00:54:55] [world] The Player <Marshtomp17> has broke WALL_SIGN at X= -581, Y= 78, Z= 248
[2024-03-26 01:01:19] [world] The Player <GolemDaWanderer> has broke STONE at X= -1170, Y= 48, Z= -421
[2024-03-26 01:01:20] [world] The Player <GolemDaWanderer> has broke STONE at X= -1169, Y= 48, Z= -421
[2024-03-26 01:01:21] [world] The Player <GolemDaWanderer> has broke STONE at X= -1169, Y= 47, Z= -421
[2024-03-26 01:07:14] [world] The Player <GolemDaWanderer> has broke WOOL at X= -570, Y= 88, Z= 257
[2024-03-26 01:07:25] [world] The Player <GolemDaWanderer> has broke WOOL at X= -570, Y= 88, Z= 257
[2024-03-26 01:07:30] [world] The Player <GolemDaWanderer> has broke WOOL at X= -569, Y= 88, Z= 257
[2024-03-26 01:09:26] [world] The Player <GolemDaWanderer> has broke WOOL at X= -570, Y= 88, Z= 261
[2024-03-26 01:09:46] [world] The Player <GolemDaWanderer> has broke QUARTZ_BLOCK at X= -577, Y= 88, Z= 263
[2024-03-26 01:09:46] [world] The Player <GolemDaWanderer> has broke QUARTZ_BLOCK at X= -577, Y= 87, Z= 263
[2024-03-26 01:09:46] [world] The Player <GolemDaWanderer> has broke QUARTZ_BLOCK at X= -577, Y= 87, Z= 264
[2024-03-26 01:10:49] [world] The Player <GolemDaWanderer> has broke ENDER_CHEST at X= -569, Y= 88, Z= 260
[2024-03-26 01:10:57] [world] The Player <GolemDaWanderer> has broke QUARTZ_BLOCK at X= -570, Y= 89, Z= 261
[2024-03-26 01:10:57] [world] The Player <GolemDaWanderer> has broke QUARTZ_BLOCK at X= -570, Y= 88, Z= 261
[2024-03-26 01:10:58] [world] The Player <GolemDaWanderer> has broke QUARTZ_BLOCK at X= -570, Y= 90, Z= 261
[2024-03-26 01:10:58] [world] The Player <GolemDaWanderer> has broke QUARTZ_BLOCK at X= -570, Y= 91, Z= 261
[2024-03-26 01:29:08] [world] The Player <Mudkips_Rule> has broke LOG at X= -1176, Y= 73, Z= -435
[2024-03-26 01:29:09] [world] The Player <Mudkips_Rule> has broke LOG at X= -1176, Y= 74, Z= -435
[2024-03-26 01:29:09] [world] The Player <Mudkips_Rule> has broke LOG at X= -1176, Y= 75, Z= -435
[2024-03-26 01:29:10] [world] The Player <Mudkips_Rule> has broke LOG at X= -1176, Y= 76, Z= -435
[2024-03-26 01:29:21] [world] The Player <Mudkips_Rule> has broke LOG at X= -1177, Y= 73, Z= -435
[2024-03-26 01:29:22] [world] The Player <Mudkips_Rule> has broke LOG at X= -1177, Y= 74, Z= -435
[2024-03-26 01:29:23] [world] The Player <Mudkips_Rule> has broke LOG at X= -1177, Y= 75, Z= -435
[2024-03-26 01:29:23] [world] The Player <Mudkips_Rule> has broke LOG at X= -1177, Y= 76, Z= -435
[2024-03-26 01:29:27] [world] The Player <Mudkips_Rule> has broke LOG at X= -1177, Y= 73, Z= -434
[2024-03-26 01:29:28] [world] The Player <Mudkips_Rule> has broke LOG at X= -1177, Y= 74, Z= -434
[2024-03-26 01:29:32] [world] The Player <Mudkips_Rule> has broke LOG at X= -1177, Y= 75, Z= -434
[2024-03-26 01:29:32] [world] The Player <Mudkips_Rule> has broke LOG at X= -1177, Y= 76, Z= -434
[2024-03-26 01:29:36] [world] The Player <Mudkips_Rule> has broke LOG at X= -1176, Y= 74, Z= -434
[2024-03-26 01:29:36] [world] The Player <Mudkips_Rule> has broke LOG at X= -1176, Y= 75, Z= -434
[2024-03-26 01:29:42] [world] The Player <Mudkips_Rule> has broke LOG at X= -1176, Y= 73, Z= -434
[2024-03-26 01:29:46] [world] The Player <Mudkips_Rule> has broke LOG at X= -1176, Y= 76, Z= -434
[2024-03-26 01:29:49] [world] The Player <Mudkips_Rule> has broke LOG at X= -1176, Y= 77, Z= -434
[2024-03-26 01:42:51] [world] The Player <Marshtomp17> has broke WALL_SIGN at X= -575, Y= 79, Z= 244
[2024-03-26 01:46:03] [world] The Player <GolemDaWanderer> has broke LONG_GRASS at X= 10027, Y= 64, Z= -10006
[2024-03-26 02:14:46] [world] The Player <GolemDaWanderer> has broke LOG at X= 10046, Y= 64, Z= -10012
[2024-03-26 02:14:47] [world] The Player <GolemDaWanderer> has broke LOG at X= 10046, Y= 63, Z= -10012
[2024-03-26 02:14:48] [world] The Player <GolemDaWanderer> has broke LOG at X= 10046, Y= 65, Z= -10012
[2024-03-26 02:14:48] [world] The Player <GolemDaWanderer> has broke LOG at X= 10046, Y= 66, Z= -10012
[2024-03-26 02:14:49] [world] The Player <GolemDaWanderer> has broke LOG at X= 10046, Y= 67, Z= -10012
[2024-03-26 02:14:51] [world] The Player <GolemDaWanderer> has broke LOG at X= 10049, Y= 64, Z= -10010
[2024-03-26 02:14:52] [world] The Player <GolemDaWanderer> has broke LEAVES at X= 10048, Y= 65, Z= -10010
[2024-03-26 02:14:54] [world] The Player <GolemDaWanderer> has broke LOG at X= 10049, Y= 63, Z= -10010
[2024-03-26 02:14:54] [world] The Player <GolemDaWanderer> has broke LOG at X= 10049, Y= 65, Z= -10010
[2024-03-26 02:14:55] [world] The Player <GolemDaWanderer> has broke LOG at X= 10049, Y= 66, Z= -10010
[2024-03-26 02:14:56] [world] The Player <GolemDaWanderer> has broke LOG at X= 10049, Y= 67, Z= -10010
[2024-03-26 02:15:01] [world] The Player <GolemDaWanderer> has broke LOG at X= 10057, Y= 64, Z= -10010
[2024-03-26 02:15:02] [world] The Player <GolemDaWanderer> has broke LOG at X= 10057, Y= 63, Z= -10010
[2024-03-26 02:15:03] [world] The Player <GolemDaWanderer> has broke LOG at X= 10057, Y= 65, Z= -10010
[2024-03-26 02:15:04] [world] The Player <GolemDaWanderer> has broke LOG at X= 10057, Y= 66, Z= -10010
[2024-03-26 02:15:04] [world] The Player <GolemDaWanderer> has broke LOG at X= 10057, Y= 67, Z= -10010
[2024-03-26 02:15:07] [world] The Player <GolemDaWanderer> has broke LOG at X= 10055, Y= 64, Z= -10005
[2024-03-26 02:15:08] [world] The Player <GolemDaWanderer> has broke LOG at X= 10055, Y= 63, Z= -10005
[2024-03-26 02:15:08] [world] The Player <GolemDaWanderer> has broke LOG at X= 10055, Y= 65, Z= -10005
[2024-03-26 02:15:09] [world] The Player <GolemDaWanderer> has broke LOG at X= 10055, Y= 66, Z= -10005
[2024-03-26 02:15:10] [world] The Player <GolemDaWanderer> has broke LOG at X= 10055, Y= 67, Z= -10005
[2024-03-26 02:15:11] [world] The Player <GolemDaWanderer> has broke LOG at X= 10055, Y= 68, Z= -10005
[2024-03-26 02:15:15] [world] The Player <GolemDaWanderer> has broke LOG at X= 10059, Y= 64, Z= -9998
[2024-03-26 02:15:16] [world] The Player <GolemDaWanderer> has broke LOG at X= 10059, Y= 65, Z= -9998
[2024-03-26 02:15:17] [world] The Player <GolemDaWanderer> has broke LOG at X= 10059, Y= 66, Z= -9998
[2024-03-26 02:15:18] [world] The Player <GolemDaWanderer> has broke LEAVES at X= 10060, Y= 65, Z= -9998
[2024-03-26 02:15:19] [world] The Player <GolemDaWanderer> has broke LOG at X= 10059, Y= 67, Z= -9998
[2024-03-26 02:15:23] [world] The Player <GolemDaWanderer> has broke LOG at X= 10066, Y= 64, Z= -9992
[2024-03-26 02:15:23] [world] The Player <GolemDaWanderer> has broke LOG at X= 10066, Y= 63, Z= -9992
[2024-03-26 02:15:24] [world] The Player <GolemDaWanderer> has broke LOG at X= 10066, Y= 65, Z= -9992
[2024-03-26 02:15:25] [world] The Player <GolemDaWanderer> has broke LOG at X= 10066, Y= 66, Z= -9992
[2024-03-26 02:15:26] [world] The Player <GolemDaWanderer> has broke LOG at X= 10066, Y= 67, Z= -9992
[2024-03-26 02:15:27] [world] The Player <GolemDaWanderer> has broke LOG at X= 10066, Y= 68, Z= -9992
[2024-03-26 02:15:31] [world] The Player <GolemDaWanderer> has broke LOG at X= 10070, Y= 66, Z= -9993
[2024-03-26 02:15:32] [world] The Player <GolemDaWanderer> has broke LOG at X= 10070, Y= 67, Z= -9993
[2024-03-26 02:15:32] [world] The Player <GolemDaWanderer> has broke LOG at X= 10070, Y= 65, Z= -9993
[2024-03-26 02:15:33] [world] The Player <GolemDaWanderer> has broke LOG at X= 10070, Y= 68, Z= -9993
[2024-03-26 02:15:34] [world] The Player <GolemDaWanderer> has broke LOG at X= 10070, Y= 69, Z= -9993
[2024-03-26 02:15:34] [world] The Player <GolemDaWanderer> has broke LOG at X= 10070, Y= 70, Z= -9993
[2024-03-26 02:15:37] [world] The Player <GolemDaWanderer> has broke LOG at X= 10069, Y= 67, Z= -9996
[2024-03-26 02:15:38] [world] The Player <GolemDaWanderer> has broke LOG at X= 10069, Y= 66, Z= -9996
[2024-03-26 02:15:38] [world] The Player <GolemDaWanderer> has broke LOG at X= 10069, Y= 68, Z= -9996
[2024-03-26 02:15:39] [world] The Player <GolemDaWanderer> has broke LOG at X= 10069, Y= 69, Z= -9996
[2024-03-26 02:15:40] [world] The Player <GolemDaWanderer> has broke LOG at X= 10069, Y= 70, Z= -9996
[2024-03-26 02:15:40] [world] The Player <GolemDaWanderer> has broke LOG at X= 10069, Y= 71, Z= -9996
[2024-03-26 02:15:44] [world] The Player <GolemDaWanderer> has broke LOG at X= 10065, Y= 64, Z= -9988
[2024-03-26 02:15:45] [world] The Player <GolemDaWanderer> has broke LOG at X= 10065, Y= 63, Z= -9988
[2024-03-26 02:15:46] [world] The Player <GolemDaWanderer> has broke LOG at X= 10065, Y= 65, Z= -9988
[2024-03-26 02:15:46] [world] The Player <GolemDaWanderer> has broke LOG at X= 10065, Y= 66, Z= -9988
[2024-03-26 02:15:47] [world] The Player <GolemDaWanderer> has broke LOG at X= 10065, Y= 67, Z= -9988
[2024-03-26 02:15:49] [world] The Player <GolemDaWanderer> has broke LOG at X= 10063, Y= 64, Z= -9984
[2024-03-26 02:15:50] [world] The Player <GolemDaWanderer> has broke LOG at X= 10063, Y= 63, Z= -9984
[2024-03-26 02:15:51] [world] The Player <GolemDaWanderer> has broke LOG at X= 10063, Y= 65, Z= -9984
[2024-03-26 02:15:51] [world] The Player <GolemDaWanderer> has broke LOG at X= 10063, Y= 66, Z= -9984
[2024-03-26 02:15:52] [world] The Player <GolemDaWanderer> has broke LOG at X= 10063, Y= 67, Z= -9984
[2024-03-26 02:15:53] [world] The Player <GolemDaWanderer> has broke LEAVES at X= 10063, Y= 68, Z= -9984
[2024-03-26 02:15:58] [world] The Player <GolemDaWanderer> has broke LOG at X= 10077, Y= 64, Z= -9985
[2024-03-26 02:15:58] [world] The Player <GolemDaWanderer> has broke LOG at X= 10077, Y= 63, Z= -9985
[2024-03-26 02:15:59] [world] The Player <GolemDaWanderer> has broke LOG at X= 10077, Y= 65, Z= -9985
[2024-03-26 02:16:00] [world] The Player <GolemDaWanderer> has broke LOG at X= 10077, Y= 66, Z= -9985
[2024-03-26 02:16:00] [world] The Player <GolemDaWanderer> has broke LOG at X= 10077, Y= 67, Z= -9985
[2024-03-26 02:16:09] [world] The Player <GolemDaWanderer> has broke LOG at X= 10071, Y= 64, Z= -9975
[2024-03-26 02:16:09] [world] The Player <GolemDaWanderer> has broke LOG at X= 10071, Y= 63, Z= -9975
[2024-03-26 02:16:10] [world] The Player <GolemDaWanderer> has broke LOG at X= 10071, Y= 65, Z= -9975
[2024-03-26 02:16:11] [world] The Player <GolemDaWanderer> has broke LOG at X= 10071, Y= 66, Z= -9975
[2024-03-26 02:16:11] [world] The Player <GolemDaWanderer> has broke LOG at X= 10071, Y= 67, Z= -9975
[2024-03-26 02:16:14] [world] The Player <GolemDaWanderer> has broke LOG at X= 10075, Y= 64, Z= -9974
[2024-03-26 02:16:16] [world] The Player <GolemDaWanderer> has broke LOG at X= 10075, Y= 63, Z= -9974
[2024-03-26 02:21:48] [world] The Player <GolemDaWanderer> has broke WORKBENCH at X= 10076, Y= 63, Z= -9974
[2024-03-26 02:22:23] [world] The Player <GolemDaWanderer> has broke DIODE_BLOCK_OFF at X= 9980, Y= 68, Z= -10001
[2024-03-26 11:23:48] [world] The Player <GolemDaWanderer> has broke REDSTONE_WIRE at X= 10007, Y= 66, Z= -9964
[2024-03-26 11:24:06] [world] The Player <GolemDaWanderer> has broke LOG at X= 10004, Y= 66, Z= -9958
[2024-03-26 11:24:33] [world] The Player <GolemDaWanderer> has broke REDSTONE_TORCH_ON at X= 10007, Y= 66, Z= -9964
[2024-03-26 11:25:25] [world] The Player <GolemDaWanderer> has broke REDSTONE_TORCH_ON at X= 10008, Y= 65, Z= -9937
[2024-03-26 11:25:34] [world] The Player <GolemDaWanderer> has broke REDSTONE_TORCH_ON at X= 10008, Y= 64, Z= -9936
[2024-03-26 11:25:40] [world] The Player <GolemDaWanderer> has broke REDSTONE_TORCH_ON at X= 10009, Y= 64, Z= -9935
[2024-03-26 11:25:44] [world] The Player <GolemDaWanderer> has broke REDSTONE_WIRE at X= 10008, Y= 64, Z= -9936
[2024-03-26 11:26:39] [world] The Player <GolemDaWanderer> has broke REDSTONE_TORCH_ON at X= 10008, Y= 64, Z= -9935
[2024-03-26 11:26:51] [world] The Player <GolemDaWanderer> has broke REDSTONE_WIRE at X= 10007, Y= 65, Z= -9939
[2024-03-26 11:26:51] [world] The Player <GolemDaWanderer> has broke REDSTONE_WIRE at X= 10007, Y= 65, Z= -9941
[2024-03-26 11:26:52] [world] The Player <GolemDaWanderer> has broke REDSTONE_WIRE at X= 10007, Y= 65, Z= -9942
[2024-03-26 11:26:52] [world] The Player <GolemDaWanderer> has broke REDSTONE_WIRE at X= 10007, Y= 65, Z= -9943
[2024-03-26 11:26:52] [world] The Player <GolemDaWanderer> has broke REDSTONE_WIRE at X= 10007, Y= 65, Z= -9944
[2024-03-26 11:26:52] [world] The Player <GolemDaWanderer> has broke REDSTONE_WIRE at X= 10007, Y= 65, Z= -9945
[2024-03-26 11:26:53] [world] The Player <GolemDaWanderer> has broke REDSTONE_WIRE at X= 10007, Y= 66, Z= -9946
[2024-03-26 11:26:53] [world] The Player <GolemDaWanderer> has broke REDSTONE_WIRE at X= 10007, Y= 66, Z= -9947
[2024-03-26 11:26:53] [world] The Player <GolemDaWanderer> has broke DIODE_BLOCK_OFF at X= 10007, Y= 66, Z= -9948
[2024-03-26 11:26:54] [world] The Player <GolemDaWanderer> has broke REDSTONE_WIRE at X= 10007, Y= 66, Z= -9949
[2024-03-26 11:26:54] [world] The Player <GolemDaWanderer> has broke REDSTONE_WIRE at X= 10007, Y= 66, Z= -9950
[2024-03-26 11:26:54] [world] The Player <GolemDaWanderer> has broke REDSTONE_WIRE at X= 10007, Y= 66, Z= -9951
[2024-03-26 11:26:54] [world] The Player <GolemDaWanderer> has broke REDSTONE_WIRE at X= 10007, Y= 66, Z= -9952
[2024-03-26 11:26:54] [world] The Player <GolemDaWanderer> has broke REDSTONE_WIRE at X= 10007, Y= 66, Z= -9953
[2024-03-26 11:26:55] [world] The Player <GolemDaWanderer> has broke REDSTONE_WIRE at X= 10007, Y= 66, Z= -9954
[2024-03-26 11:26:55] [world] The Player <GolemDaWanderer> has broke REDSTONE_WIRE at X= 10007, Y= 66, Z= -9955
[2024-03-26 11:26:55] [world] The Player <GolemDaWanderer> has broke REDSTONE_WIRE at X= 10007, Y= 66, Z= -9956
[2024-03-26 11:26:55] [world] The Player <GolemDaWanderer> has broke REDSTONE_WIRE at X= 10007, Y= 66, Z= -9957
[2024-03-26 11:26:55] [world] The Player <GolemDaWanderer> has broke REDSTONE_WIRE at X= 10007, Y= 66, Z= -9958
[2024-03-26 11:26:55] [world] The Player <GolemDaWanderer> has broke REDSTONE_WIRE at X= 10007, Y= 66, Z= -9959
[2024-03-26 11:26:55] [world] The Player <GolemDaWanderer> has broke REDSTONE_WIRE at X= 10007, Y= 66, Z= -9960
[2024-03-26 11:26:56] [world] The Player <GolemDaWanderer> has broke REDSTONE_WIRE at X= 10007, Y= 66, Z= -9961
[2024-03-26 11:26:56] [world] The Player <GolemDaWanderer> has broke REDSTONE_WIRE at X= 10007, Y= 66, Z= -9962
[2024-03-26 11:26:56] [world] The Player <GolemDaWanderer> has broke REDSTONE_WIRE at X= 10007, Y= 66, Z= -9963
[2024-03-26 11:27:00] [world] The Player <GolemDaWanderer> has broke REDSTONE_WIRE at X= 10007, Y= 65, Z= -9940
[2024-03-26 13:04:10] [world] The Player <NezukoChan> has broke STONE at X= -548, Y= 62, Z= 295
[2024-03-26 13:28:52] [world] The Player <NezukoChan> has broke STONE at X= -548, Y= 61, Z= 294
[2024-03-26 13:28:52] [world] The Player <NezukoChan> has broke STONE at X= -547, Y= 61, Z= 294
[2024-03-26 13:28:53] [world] The Player <NezukoChan> has broke STONE at X= -546, Y= 61, Z= 294
[2024-03-26 13:29:12] [world] The Player <NezukoChan> has broke STONE at X= -547, Y= 62, Z= 295
[2024-03-26 13:29:13] [world] The Player <NezukoChan> has broke STONE at X= -548, Y= 62, Z= 294
[2024-03-26 13:29:13] [world] The Player <NezukoChan> has broke STONE at X= -548, Y= 62, Z= 295
[2024-03-26 13:29:15] [world] The Player <NezukoChan> has broke STONE at X= -547, Y= 62, Z= 294
[2024-03-26 13:31:35] [world] The Player <hexa> has broke DEAD_BUSH at X= -474, Y= 66, Z= 319
[2024-03-26 13:31:39] [world] The Player <hexa> has broke DEAD_BUSH at X= -478, Y= 67, Z= 331
[2024-03-26 13:31:41] [world] The Player <hexa> has broke DEAD_BUSH at X= -477, Y= 68, Z= 338
[2024-03-26 13:31:43] [world] The Player <hexa> has broke DEAD_BUSH at X= -471, Y= 69, Z= 332
[2024-03-26 13:32:06] [world] The Player <hexa> has broke LAPIS_ORE at X= -450, Y= 28, Z= 312
[2024-03-26 13:32:08] [world] The Player <hexa> has broke LAPIS_ORE at X= -451, Y= 27, Z= 311
[2024-03-26 13:32:40] [world] The Player <hexa> has broke STONE at X= -460, Y= 16, Z= 307
[2024-03-26 13:32:54] [world] The Player <hexa> has broke STONE at X= -461, Y= 12, Z= 258
[2024-03-26 13:33:01] [world] The Player <hexa> has broke STONE at X= -463, Y= 12, Z= 249
[2024-03-26 13:33:02] [world] The Player <hexa> has broke STONE at X= -463, Y= 12, Z= 250
[2024-03-26 13:33:02] [world] The Player <hexa> has broke STONE at X= -463, Y= 11, Z= 250
[2024-03-26 13:33:03] [world] The Player <hexa> has broke STONE at X= -462, Y= 12, Z= 250
[2024-03-26 13:33:03] [world] The Player <hexa> has broke STONE at X= -463, Y= 12, Z= 251
[2024-03-26 13:33:03] [world] The Player <hexa> has broke STONE at X= -463, Y= 12, Z= 252
[2024-03-26 13:33:04] [world] The Player <hexa> has broke STONE at X= -464, Y= 12, Z= 249
[2024-03-26 13:33:05] [world] The Player <hexa> has broke STONE at X= -465, Y= 11, Z= 249
[2024-03-26 13:33:05] [world] The Player <hexa> has broke STONE at X= -465, Y= 12, Z= 249
[2024-03-26 13:33:15] [world] The Player <hexa> has broke STONE at X= -473, Y= 11, Z= 255
[2024-03-26 13:33:18] [world] The Player <hexa> has broke STONE at X= -473, Y= 12, Z= 256
[2024-03-26 13:33:19] [world] The Player <hexa> has broke STONE at X= -473, Y= 11, Z= 256
[2024-03-26 13:33:21] [world] The Player <hexa> has broke STONE at X= -473, Y= 12, Z= 257
[2024-03-26 13:33:21] [world] The Player <hexa> has broke STONE at X= -473, Y= 12, Z= 258
[2024-03-26 13:33:22] [world] The Player <hexa> has broke STONE at X= -473, Y= 11, Z= 258
[2024-03-26 13:33:25] [world] The Player <hexa> has broke STONE at X= -473, Y= 11, Z= 257
[2024-03-26 13:33:25] [world] The Player <hexa> has broke STONE at X= -473, Y= 11, Z= 259
[2024-03-26 13:33:25] [world] The Player <hexa> has broke STONE at X= -473, Y= 12, Z= 259
[2024-03-26 13:33:26] [world] The Player <hexa> has broke STONE at X= -473, Y= 12, Z= 260
[2024-03-26 13:33:26] [world] The Player <hexa> has broke STONE at X= -473, Y= 11, Z= 260
[2024-03-26 13:33:27] [world] The Player <hexa> has broke STONE at X= -473, Y= 12, Z= 261
[2024-03-26 13:33:27] [world] The Player <hexa> has broke STONE at X= -473, Y= 12, Z= 262
[2024-03-26 13:33:28] [world] The Player <hexa> has broke STONE at X= -473, Y= 12, Z= 263
[2024-03-26 13:33:28] [world] The Player <hexa> has broke STONE at X= -473, Y= 11, Z= 261
[2024-03-26 13:33:29] [world] The Player <hexa> has broke STONE at X= -473, Y= 11, Z= 262
[2024-03-26 13:33:29] [world] The Player <hexa> has broke STONE at X= -473, Y= 11, Z= 263
[2024-03-26 13:33:29] [world] The Player <hexa> has broke STONE at X= -473, Y= 12, Z= 264
[2024-03-26 13:33:30] [world] The Player <hexa> has broke STONE at X= -473, Y= 12, Z= 265
[2024-03-26 13:33:30] [world] The Player <hexa> has broke STONE at X= -473, Y= 11, Z= 265
[2024-03-26 13:33:31] [world] The Player <hexa> has broke STONE at X= -473, Y= 12, Z= 266
[2024-03-26 13:33:31] [world] The Player <hexa> has broke STONE at X= -473, Y= 11, Z= 266
[2024-03-26 13:33:31] [world] The Player <hexa> has broke STONE at X= -473, Y= 11, Z= 267
[2024-03-26 13:33:32] [world] The Player <hexa> has broke STONE at X= -473, Y= 11, Z= 264
[2024-03-26 13:33:32] [world] The Player <hexa> has broke STONE at X= -473, Y= 12, Z= 267
[2024-03-26 13:33:33] [world] The Player <hexa> has broke STONE at X= -473, Y= 12, Z= 268
[2024-03-26 13:33:33] [world] The Player <hexa> has broke STONE at X= -473, Y= 12, Z= 269
[2024-03-26 13:33:33] [world] The Player <hexa> has broke STONE at X= -473, Y= 11, Z= 268
[2024-03-26 13:33:34] [world] The Player <hexa> has broke STONE at X= -473, Y= 11, Z= 269
[2024-03-26 13:33:34] [world] The Player <hexa> has broke STONE at X= -473, Y= 12, Z= 270
[2024-03-26 13:33:35] [world] The Player <hexa> has broke STONE at X= -473, Y= 11, Z= 270
[2024-03-26 13:33:35] [world] The Player <hexa> has broke STONE at X= -473, Y= 12, Z= 271
[2024-03-26 13:33:38] [world] The Player <hexa> has broke STONE at X= -473, Y= 11, Z= 271
[2024-03-26 13:33:39] [world] The Player <hexa> has broke STONE at X= -473, Y= 12, Z= 272
[2024-03-26 13:33:40] [world] The Player <hexa> has broke STONE at X= -473, Y= 11, Z= 272
[2024-03-26 13:33:40] [world] The Player <hexa> has broke STONE at X= -473, Y= 12, Z= 273
[2024-03-26 13:33:40] [world] The Player <hexa> has broke STONE at X= -473, Y= 12, Z= 274
[2024-03-26 13:33:41] [world] The Player <hexa> has broke STONE at X= -473, Y= 11, Z= 273
[2024-03-26 13:33:41] [world] The Player <hexa> has broke STONE at X= -473, Y= 11, Z= 274
[2024-03-26 13:33:42] [world] The Player <hexa> has broke STONE at X= -473, Y= 12, Z= 275
[2024-03-26 13:33:42] [world] The Player <hexa> has broke STONE at X= -473, Y= 12, Z= 276
[2024-03-26 13:33:43] [world] The Player <hexa> has broke STONE at X= -473, Y= 11, Z= 275
[2024-03-26 13:33:45] [world] The Player <hexa> has broke STONE at X= -473, Y= 11, Z= 276
[2024-03-26 13:33:45] [world] The Player <hexa> has broke STONE at X= -473, Y= 12, Z= 277
[2024-03-26 13:33:46] [world] The Player <hexa> has broke STONE at X= -473, Y= 11, Z= 277
[2024-03-26 13:33:46] [world] The Player <hexa> has broke STONE at X= -473, Y= 12, Z= 278
[2024-03-26 13:33:47] [world] The Player <hexa> has broke STONE at X= -473, Y= 12, Z= 279
[2024-03-26 13:33:47] [world] The Player <hexa> has broke STONE at X= -473, Y= 11, Z= 279
[2024-03-26 13:33:47] [world] The Player <hexa> has broke STONE at X= -473, Y= 11, Z= 278
[2024-03-26 13:33:48] [world] The Player <hexa> has broke STONE at X= -473, Y= 12, Z= 280
[2024-03-26 13:33:48] [world] The Player <hexa> has broke STONE at X= -473, Y= 12, Z= 281
[2024-03-26 13:33:49] [world] The Player <hexa> has broke STONE at X= -473, Y= 12, Z= 282
[2024-03-26 13:33:49] [world] The Player <hexa> has broke STONE at X= -473, Y= 11, Z= 281
[2024-03-26 13:33:50] [world] The Player <hexa> has broke STONE at X= -473, Y= 11, Z= 282
[2024-03-26 13:33:50] [world] The Player <hexa> has broke STONE at X= -473, Y= 11, Z= 280
[2024-03-26 13:33:50] [world] The Player <hexa> has broke STONE at X= -473, Y= 11, Z= 283
[2024-03-26 13:33:51] [world] The Player <hexa> has broke STONE at X= -473, Y= 11, Z= 284
[2024-03-26 13:33:51] [world] The Player <hexa> has broke STONE at X= -473, Y= 12, Z= 283
[2024-03-26 13:33:52] [world] The Player <hexa> has broke STONE at X= -473, Y= 12, Z= 284
[2024-03-26 13:33:52] [world] The Player <hexa> has broke STONE at X= -473, Y= 12, Z= 285
[2024-03-26 13:33:52] [world] The Player <hexa> has broke STONE at X= -473, Y= 12, Z= 286
[2024-03-26 13:33:55] [world] The Player <hexa> has broke STONE at X= -473, Y= 11, Z= 285
[2024-03-26 13:33:56] [world] The Player <hexa> has broke STONE at X= -473, Y= 11, Z= 286
[2024-03-26 13:33:56] [world] The Player <hexa> has broke STONE at X= -473, Y= 12, Z= 287
[2024-03-26 13:33:57] [world] The Player <hexa> has broke STONE at X= -473, Y= 11, Z= 287
[2024-03-26 13:33:57] [world] The Player <hexa> has broke STONE at X= -473, Y= 12, Z= 288
[2024-03-26 13:33:58] [world] The Player <hexa> has broke STONE at X= -473, Y= 11, Z= 288
[2024-03-26 13:33:58] [world] The Player <hexa> has broke STONE at X= -473, Y= 12, Z= 289
[2024-03-26 13:33:58] [world] The Player <hexa> has broke STONE at X= -473, Y= 11, Z= 289
[2024-03-26 13:33:59] [world] The Player <hexa> has broke STONE at X= -473, Y= 12, Z= 290
[2024-03-26 13:33:59] [world] The Player <hexa> has broke STONE at X= -473, Y= 11, Z= 290
[2024-03-26 13:34:00] [world] The Player <hexa> has broke STONE at X= -473, Y= 12, Z= 291
[2024-03-26 13:34:02] [world] The Player <hexa> has broke STONE at X= -472, Y= 12, Z= 291
[2024-03-26 13:34:03] [world] The Player <hexa> has broke STONE at X= -473, Y= 11, Z= 291
[2024-03-26 13:34:04] [world] The Player <hexa> has broke STONE at X= -473, Y= 12, Z= 292
[2024-03-26 13:34:35] [world] The Player <hexa> has broke GLOWING_REDSTONE_ORE at X= -473, Y= 12, Z= 307
[2024-03-26 13:34:36] [world] The Player <hexa> has broke GLOWING_REDSTONE_ORE at X= -473, Y= 12, Z= 308
[2024-03-26 13:34:36] [world] The Player <hexa> has broke STONE at X= -473, Y= 12, Z= 309
[2024-03-26 13:34:36] [world] The Player <hexa> has broke STONE at X= -475, Y= 12, Z= 308
[2024-03-26 13:34:37] [world] The Player <hexa> has broke STONE at X= -475, Y= 11, Z= 308
[2024-03-26 13:34:38] [world] The Player <hexa> has broke GLOWING_REDSTONE_ORE at X= -474, Y= 12, Z= 308
[2024-03-26 13:34:38] [world] The Player <NezukoChan> has broke ENDER_CHEST at X= -551, Y= 65, Z= 315
[2024-03-26 13:34:39] [world] The Player <hexa> has broke STONE at X= -474, Y= 13, Z= 307
[2024-03-26 13:34:40] [world] The Player <NezukoChan> has broke ENDER_CHEST at X= -550, Y= 65, Z= 315
[2024-03-26 13:34:40] [world] The Player <hexa> has broke STONE at X= -474, Y= 13, Z= 308
[2024-03-26 13:34:41] [world] The Player <hexa> has broke STONE at X= -474, Y= 13, Z= 309
[2024-03-26 13:34:41] [world] The Player <hexa> has broke STONE at X= -474, Y= 12, Z= 309
[2024-03-26 13:34:41] [world] The Player <hexa> has broke STONE at X= -474, Y= 12, Z= 310
[2024-03-26 13:34:42] [world] The Player <hexa> has broke STONE at X= -474, Y= 13, Z= 310
[2024-03-26 13:34:42] [world] The Player <hexa> has broke STONE at X= -474, Y= 13, Z= 311
[2024-03-26 13:34:43] [world] The Player <hexa> has broke STONE at X= -474, Y= 12, Z= 311
[2024-03-26 13:34:43] [world] The Player <hexa> has broke STONE at X= -473, Y= 13, Z= 310
[2024-03-26 13:34:44] [world] The Player <hexa> has broke STONE at X= -473, Y= 12, Z= 310
[2024-03-26 13:34:44] [world] The Player <hexa> has broke STONE at X= -473, Y= 13, Z= 311
[2024-03-26 13:34:45] [world] The Player <hexa> has broke STONE at X= -473, Y= 12, Z= 311
[2024-03-26 13:34:45] [world] The Player <hexa> has broke STONE at X= -472, Y= 13, Z= 311
[2024-03-26 13:34:46] [world] The Player <hexa> has broke STONE at X= -472, Y= 12, Z= 311
[2024-03-26 13:34:46] [world] The Player <hexa> has broke STONE at X= -472, Y= 11, Z= 311
[2024-03-26 13:34:48] [world] The Player <hexa> has broke STONE at X= -471, Y= 12, Z= 311
[2024-03-26 13:34:48] [world] The Player <hexa> has broke STONE at X= -471, Y= 11, Z= 311
[2024-03-26 13:34:48] [world] The Player <hexa> has broke STONE at X= -470, Y= 12, Z= 311
[2024-03-26 13:34:49] [world] The Player <hexa> has broke STONE at X= -469, Y= 12, Z= 311
[2024-03-26 13:34:49] [world] The Player <hexa> has broke STONE at X= -470, Y= 11, Z= 311
[2024-03-26 13:34:50] [world] The Player <hexa> has broke STONE at X= -469, Y= 11, Z= 311
[2024-03-26 13:34:50] [world] The Player <hexa> has broke STONE at X= -468, Y= 12, Z= 311
[2024-03-26 13:34:50] [world] The Player <hexa> has broke STONE at X= -468, Y= 11, Z= 311
[2024-03-26 13:34:51] [world] The Player <hexa> has broke STONE at X= -467, Y= 12, Z= 311
[2024-03-26 13:34:52] [world] The Player <hexa> has broke STONE at X= -467, Y= 12, Z= 312
[2024-03-26 13:34:52] [world] The Player <hexa> has broke STONE at X= -466, Y= 12, Z= 311
[2024-03-26 13:34:52] [world] The Player <hexa> has broke STONE at X= -467, Y= 11, Z= 311
[2024-03-26 13:34:53] [world] The Player <hexa> has broke STONE at X= -466, Y= 11, Z= 311
[2024-03-26 13:34:54] [world] The Player <hexa> has broke STONE at X= -465, Y= 11, Z= 311
[2024-03-26 13:35:03] [world] The Player <hexa> has broke GLOWING_REDSTONE_ORE at X= -465, Y= 12, Z= 312
[2024-03-26 13:35:04] [world] The Player <hexa> has broke STONE at X= -466, Y= 12, Z= 312
[2024-03-26 13:35:04] [world] The Player <hexa> has broke STONE at X= -466, Y= 11, Z= 312
[2024-03-26 13:35:05] [world] The Player <hexa> has broke STONE at X= -466, Y= 12, Z= 313
[2024-03-26 13:35:05] [world] The Player <hexa> has broke STONE at X= -466, Y= 12, Z= 314
[2024-03-26 13:35:06] [world] The Player <hexa> has broke STONE at X= -466, Y= 11, Z= 313
[2024-03-26 13:35:06] [world] The Player <hexa> has broke STONE at X= -466, Y= 11, Z= 314
[2024-03-26 13:35:06] [world] The Player <hexa> has broke STONE at X= -466, Y= 11, Z= 315
[2024-03-26 13:35:07] [world] The Player <hexa> has broke STONE at X= -466, Y= 12, Z= 315
[2024-03-26 13:35:07] [world] The Player <hexa> has broke STONE at X= -466, Y= 12, Z= 316
[2024-03-26 13:35:08] [world] The Player <hexa> has broke STONE at X= -466, Y= 12, Z= 317
[2024-03-26 13:35:08] [world] The Player <hexa> has broke STONE at X= -466, Y= 11, Z= 316
[2024-03-26 13:35:08] [world] The Player <hexa> has broke STONE at X= -466, Y= 11, Z= 317
[2024-03-26 13:35:09] [world] The Player <hexa> has broke STONE at X= -466, Y= 12, Z= 318
[2024-03-26 13:35:09] [world] The Player <hexa> has broke STONE at X= -466, Y= 11, Z= 318
[2024-03-26 13:35:10] [world] The Player <hexa> has broke STONE at X= -466, Y= 12, Z= 319
[2024-03-26 13:35:10] [world] The Player <hexa> has broke STONE at X= -466, Y= 11, Z= 319
[2024-03-26 13:35:10] [world] The Player <hexa> has broke STONE at X= -466, Y= 12, Z= 320
[2024-03-26 13:35:11] [world] The Player <hexa> has broke STONE at X= -466, Y= 11, Z= 320
[2024-03-26 13:35:11] [world] The Player <hexa> has broke STONE at X= -466, Y= 12, Z= 321
[2024-03-26 13:35:12] [world] The Player <hexa> has broke STONE at X= -466, Y= 11, Z= 321
[2024-03-26 13:35:12] [world] The Player <hexa> has broke STONE at X= -466, Y= 12, Z= 322
[2024-03-26 13:35:12] [world] The Player <hexa> has broke STONE at X= -466, Y= 11, Z= 322
[2024-03-26 13:35:15] [world] The Player <hexa> has broke STONE at X= -466, Y= 12, Z= 323
[2024-03-26 13:35:16] [world] The Player <hexa> has broke STONE at X= -466, Y= 11, Z= 323
[2024-03-26 13:35:16] [world] The Player <hexa> has broke STONE at X= -466, Y= 12, Z= 324
[2024-03-26 13:35:16] [world] The Player <hexa> has broke STONE at X= -466, Y= 11, Z= 324
[2024-03-26 13:35:17] [world] The Player <hexa> has broke STONE at X= -466, Y= 12, Z= 325
[2024-03-26 13:35:17] [world] The Player <hexa> has broke STONE at X= -466, Y= 11, Z= 325
[2024-03-26 13:35:18] [world] The Player <hexa> has broke STONE at X= -466, Y= 12, Z= 326
[2024-03-26 13:35:18] [world] The Player <hexa> has broke STONE at X= -466, Y= 11, Z= 326
[2024-03-26 13:35:18] [world] The Player <hexa> has broke STONE at X= -466, Y= 12, Z= 327
[2024-03-26 13:35:19] [world] The Player <hexa> has broke STONE at X= -466, Y= 11, Z= 327
[2024-03-26 13:35:19] [world] The Player <hexa> has broke STONE at X= -466, Y= 12, Z= 328
[2024-03-26 13:35:20] [world] The Player <hexa> has broke STONE at X= -466, Y= 11, Z= 328
[2024-03-26 13:35:20] [world] The Player <hexa> has broke STONE at X= -466, Y= 12, Z= 329
[2024-03-26 13:35:20] [world] The Player <hexa> has broke STONE at X= -466, Y= 11, Z= 329
[2024-03-26 13:35:21] [world] The Player <hexa> has broke STONE at X= -466, Y= 12, Z= 330
[2024-03-26 13:35:21] [world] The Player <hexa> has broke STONE at X= -466, Y= 11, Z= 330
[2024-03-26 13:35:22] [world] The Player <hexa> has broke STONE at X= -466, Y= 12, Z= 331
[2024-03-26 13:35:22] [world] The Player <hexa> has broke STONE at X= -466, Y= 11, Z= 331
[2024-03-26 13:35:22] [world] The Player <hexa> has broke STONE at X= -466, Y= 12, Z= 332
[2024-03-26 13:35:23] [world] The Player <hexa> has broke STONE at X= -466, Y= 11, Z= 332
[2024-03-26 13:35:23] [world] The Player <hexa> has broke STONE at X= -466, Y= 12, Z= 333
[2024-03-26 13:35:24] [world] The Player <hexa> has broke STONE at X= -466, Y= 11, Z= 333
[2024-03-26 13:35:24] [world] The Player <hexa> has broke STONE at X= -466, Y= 12, Z= 334
[2024-03-26 13:35:24] [world] The Player <hexa> has broke STONE at X= -466, Y= 11, Z= 334
[2024-03-26 13:35:25] [world] The Player <hexa> has broke STONE at X= -466, Y= 12, Z= 335
[2024-03-26 13:35:25] [world] The Player <hexa> has broke STONE at X= -466, Y= 11, Z= 335
[2024-03-26 13:35:26] [world] The Player <hexa> has broke GLOWING_REDSTONE_ORE at X= -466, Y= 12, Z= 336
[2024-03-26 13:35:26] [world] The Player <hexa> has broke STONE at X= -466, Y= 11, Z= 336
[2024-03-26 13:35:26] [world] The Player <hexa> has broke STONE at X= -466, Y= 12, Z= 337
[2024-03-26 13:35:27] [world] The Player <hexa> has broke STONE at X= -466, Y= 11, Z= 337
[2024-03-26 13:35:27] [world] The Player <hexa> has broke STONE at X= -466, Y= 12, Z= 338
[2024-03-26 13:35:29] [world] The Player <hexa> has broke STONE at X= -466, Y= 11, Z= 338
[2024-03-26 13:35:30] [world] The Player <hexa> has broke STONE at X= -466, Y= 12, Z= 339
[2024-03-26 13:35:30] [world] The Player <hexa> has broke STONE at X= -466, Y= 11, Z= 339
[2024-03-26 13:35:31] [world] The Player <hexa> has broke STONE at X= -466, Y= 12, Z= 340
[2024-03-26 13:35:31] [world] The Player <hexa> has broke STONE at X= -466, Y= 11, Z= 340
[2024-03-26 13:35:31] [world] The Player <hexa> has broke STONE at X= -466, Y= 12, Z= 341
[2024-03-26 13:35:32] [world] The Player <hexa> has broke STONE at X= -466, Y= 11, Z= 341
[2024-03-26 13:35:32] [world] The Player <hexa> has broke STONE at X= -466, Y= 12, Z= 342
[2024-03-26 13:35:33] [world] The Player <hexa> has broke STONE at X= -466, Y= 11, Z= 342
[2024-03-26 13:35:33] [world] The Player <hexa> has broke STONE at X= -466, Y= 12, Z= 343
[2024-03-26 13:35:33] [world] The Player <hexa> has broke STONE at X= -466, Y= 11, Z= 343
[2024-03-26 13:35:34] [world] The Player <hexa> has broke COAL_ORE at X= -466, Y= 12, Z= 344
[2024-03-26 13:35:34] [world] The Player <hexa> has broke COAL_ORE at X= -466, Y= 11, Z= 344
[2024-03-26 13:35:35] [world] The Player <hexa> has broke COAL_ORE at X= -466, Y= 12, Z= 345
[2024-03-26 13:35:35] [world] The Player <hexa> has broke COAL_ORE at X= -466, Y= 11, Z= 345
[2024-03-26 13:35:36] [world] The Player <hexa> has broke STONE at X= -466, Y= 12, Z= 346
[2024-03-26 13:35:36] [world] The Player <hexa> has broke STONE at X= -466, Y= 11, Z= 346
[2024-03-26 13:35:36] [world] The Player <hexa> has broke STONE at X= -466, Y= 12, Z= 347
[2024-03-26 13:35:38] [world] The Player <hexa> has broke STONE at X= -467, Y= 12, Z= 343
[2024-03-26 13:35:38] [world] The Player <hexa> has broke GLOWING_REDSTONE_ORE at X= -467, Y= 12, Z= 346
[2024-03-26 13:35:39] [world] The Player <hexa> has broke COAL_ORE at X= -467, Y= 12, Z= 345
[2024-03-26 13:35:39] [world] The Player <hexa> has broke COAL_ORE at X= -468, Y= 12, Z= 345
[2024-03-26 13:35:40] [world] The Player <hexa> has broke COAL_ORE at X= -467, Y= 11, Z= 345
[2024-03-26 13:35:40] [world] The Player <hexa> has broke COAL_ORE at X= -467, Y= 11, Z= 344
[2024-03-26 13:35:41] [world] The Player <hexa> has broke COAL_ORE at X= -468, Y= 12, Z= 346
[2024-03-26 13:35:41] [world] The Player <hexa> has broke STONE at X= -469, Y= 12, Z= 346
[2024-03-26 13:35:41] [world] The Player <hexa> has broke COAL_ORE at X= -468, Y= 11, Z= 345
[2024-03-26 13:35:47] [world] The Player <hexa> has broke COAL_ORE at X= -467, Y= 12, Z= 344
[2024-03-26 13:35:47] [world] The Player <hexa> has broke COAL_ORE at X= -468, Y= 12, Z= 344
[2024-03-26 13:35:48] [world] The Player <hexa> has broke COAL_ORE at X= -468, Y= 11, Z= 344
[2024-03-26 13:35:55] [world] The Player <hexa> has broke STONE at X= -468, Y= 12, Z= 347
[2024-03-26 13:35:55] [world] The Player <hexa> has broke COAL_ORE at X= -468, Y= 11, Z= 346
[2024-03-26 13:35:56] [world] The Player <hexa> has broke STONE at X= -469, Y= 11, Z= 346
[2024-03-26 13:35:56] [world] The Player <hexa> has broke COAL_ORE at X= -469, Y= 12, Z= 345
[2024-03-26 13:35:57] [world] The Player <hexa> has broke COAL_ORE at X= -469, Y= 11, Z= 345
[2024-03-26 13:36:02] [world] The Player <hexa> has broke STONE at X= -466, Y= 12, Z= 348
[2024-03-26 13:36:02] [world] The Player <hexa> has broke STONE at X= -466, Y= 11, Z= 347
[2024-03-26 13:36:02] [world] The Player <hexa> has broke STONE at X= -466, Y= 11, Z= 348
[2024-03-26 13:36:03] [world] The Player <hexa> has broke STONE at X= -466, Y= 12, Z= 349
[2024-03-26 13:36:03] [world] The Player <hexa> has broke STONE at X= -466, Y= 12, Z= 350
[2024-03-26 13:36:04] [world] The Player <hexa> has broke STONE at X= -466, Y= 11, Z= 350
[2024-03-26 13:36:04] [world] The Player <hexa> has broke STONE at X= -466, Y= 12, Z= 351
[2024-03-26 13:36:04] [world] The Player <hexa> has broke STONE at X= -466, Y= 11, Z= 351
[2024-03-26 13:36:05] [world] The Player <hexa> has broke STONE at X= -466, Y= 11, Z= 352
[2024-03-26 13:36:05] [world] The Player <hexa> has broke STONE at X= -466, Y= 11, Z= 349
[2024-03-26 13:36:10] [world] The Player <hexa> has broke STONE at X= -466, Y= 12, Z= 352
[2024-03-26 13:36:10] [world] The Player <hexa> has broke GLOWING_REDSTONE_ORE at X= -466, Y= 12, Z= 353
[2024-03-26 13:36:11] [world] The Player <hexa> has broke STONE at X= -466, Y= 12, Z= 354
[2024-03-26 13:36:11] [world] The Player <hexa> has broke STONE at X= -466, Y= 11, Z= 353
[2024-03-26 13:36:11] [world] The Player <hexa> has broke STONE at X= -466, Y= 11, Z= 354
[2024-03-26 13:36:12] [world] The Player <hexa> has broke STONE at X= -466, Y= 11, Z= 355
[2024-03-26 13:36:12] [world] The Player <hexa> has broke STONE at X= -466, Y= 12, Z= 355
[2024-03-26 13:36:13] [world] The Player <hexa> has broke STONE at X= -466, Y= 12, Z= 356
[2024-03-26 13:36:13] [world] The Player <hexa> has broke STONE at X= -466, Y= 11, Z= 356
[2024-03-26 13:36:13] [world] The Player <hexa> has broke STONE at X= -466, Y= 11, Z= 357
[2024-03-26 13:36:14] [world] The Player <hexa> has broke STONE at X= -466, Y= 12, Z= 357
[2024-03-26 13:36:14] [world] The Player <hexa> has broke STONE at X= -466, Y= 12, Z= 358
[2024-03-26 13:36:15] [world] The Player <hexa> has broke STONE at X= -466, Y= 11, Z= 358
[2024-03-26 13:36:23] [world] The Player <hexa> has broke GRAVEL at X= -466, Y= 11, Z= 359
[2024-03-26 13:36:26] [world] The Player <hexa> has broke TORCH at X= -466, Y= 11, Z= 359
[2024-03-26 13:36:28] [world] The Player <hexa> has broke GRAVEL at X= -466, Y= 11, Z= 360
[2024-03-26 13:36:30] [world] The Player <hexa> has broke TORCH at X= -466, Y= 11, Z= 359
[2024-03-26 13:36:31] [world] The Player <hexa> has broke TORCH at X= -466, Y= 11, Z= 360
[2024-03-26 13:36:33] [world] The Player <hexa> has broke GRAVEL at X= -466, Y= 11, Z= 361
[2024-03-26 13:36:34] [world] The Player <hexa> has broke TORCH at X= -466, Y= 11, Z= 361
[2024-03-26 13:36:37] [world] The Player <hexa> has broke GRAVEL at X= -466, Y= 11, Z= 362
[2024-03-26 13:36:40] [world] The Player <hexa> has broke GRAVEL at X= -466, Y= 11, Z= 362
[2024-03-26 13:36:43] [world] The Player <hexa> has broke STONE at X= -466, Y= 12, Z= 363
[2024-03-26 13:36:44] [world] The Player <hexa> has broke GRAVEL at X= -466, Y= 11, Z= 363
[2024-03-26 13:36:45] [world] The Player <hexa> has broke STONE at X= -466, Y= 11, Z= 364
[2024-03-26 13:36:45] [world] The Player <hexa> has broke STONE at X= -466, Y= 12, Z= 364
[2024-03-26 13:36:46] [world] The Player <hexa> has broke STONE at X= -466, Y= 11, Z= 365
[2024-03-26 13:36:46] [world] The Player <hexa> has broke STONE at X= -466, Y= 12, Z= 365
[2024-03-26 13:36:47] [world] The Player <hexa> has broke STONE at X= -466, Y= 11, Z= 366
[2024-03-26 13:36:47] [world] The Player <hexa> has broke STONE at X= -466, Y= 12, Z= 366
[2024-03-26 13:36:50] [world] The Player <hexa> has broke STONE at X= -466, Y= 12, Z= 367
[2024-03-26 13:36:51] [world] The Player <hexa> has broke STONE at X= -466, Y= 11, Z= 367
[2024-03-26 13:36:51] [world] The Player <hexa> has broke STONE at X= -466, Y= 12, Z= 368
[2024-03-26 13:36:52] [world] The Player <hexa> has broke STONE at X= -466, Y= 12, Z= 369
[2024-03-26 13:36:52] [world] The Player <hexa> has broke STONE at X= -466, Y= 11, Z= 369
[2024-03-26 13:36:52] [world] The Player <hexa> has broke STONE at X= -466, Y= 11, Z= 370
[2024-03-26 13:36:53] [world] The Player <hexa> has broke STONE at X= -466, Y= 11, Z= 371
[2024-03-26 13:36:53] [world] The Player <hexa> has broke STONE at X= -466, Y= 11, Z= 368
[2024-03-26 13:36:54] [world] The Player <hexa> has broke STONE at X= -466, Y= 12, Z= 370
[2024-03-26 13:36:54] [world] The Player <hexa> has broke STONE at X= -466, Y= 12, Z= 371
[2024-03-26 13:36:55] [world] The Player <hexa> has broke STONE at X= -466, Y= 12, Z= 372
[2024-03-26 13:36:55] [world] The Player <hexa> has broke STONE at X= -466, Y= 11, Z= 372
[2024-03-26 13:36:55] [world] The Player <hexa> has broke STONE at X= -466, Y= 12, Z= 373
[2024-03-26 13:36:56] [world] The Player <hexa> has broke STONE at X= -466, Y= 11, Z= 373
[2024-03-26 13:36:56] [world] The Player <hexa> has broke STONE at X= -466, Y= 12, Z= 374
[2024-03-26 13:36:57] [world] The Player <hexa> has broke STONE at X= -466, Y= 12, Z= 375
[2024-03-26 13:36:57] [world] The Player <hexa> has broke STONE at X= -466, Y= 12, Z= 376
[2024-03-26 13:36:57] [world] The Player <hexa> has broke STONE at X= -466, Y= 11, Z= 374
[2024-03-26 13:36:58] [world] The Player <hexa> has broke STONE at X= -465, Y= 12, Z= 375
[2024-03-26 13:36:58] [world] The Player <hexa> has broke STONE at X= -466, Y= 11, Z= 375
[2024-03-26 13:36:59] [world] The Player <hexa> has broke STONE at X= -466, Y= 11, Z= 376
[2024-03-26 13:36:59] [world] The Player <hexa> has broke STONE at X= -466, Y= 12, Z= 377
[2024-03-26 13:36:59] [world] The Player <hexa> has broke STONE at X= -466, Y= 12, Z= 378
[2024-03-26 13:37:00] [world] The Player <hexa> has broke STONE at X= -466, Y= 11, Z= 377
[2024-03-26 13:37:02] [world] The Player <hexa> has broke STONE at X= -466, Y= 11, Z= 378
[2024-03-26 13:37:02] [world] The Player <hexa> has broke STONE at X= -466, Y= 12, Z= 379
[2024-03-26 13:37:02] [world] The Player <hexa> has broke STONE at X= -466, Y= 11, Z= 379
[2024-03-26 13:37:03] [world] The Player <hexa> has broke STONE at X= -466, Y= 11, Z= 380
[2024-03-26 13:37:03] [world] The Player <hexa> has broke STONE at X= -466, Y= 12, Z= 380
[2024-03-26 13:37:06] [world] The Player <hexa> has broke STONE at X= -466, Y= 12, Z= 381
[2024-03-26 13:37:07] [world] The Player <hexa> has broke STONE at X= -466, Y= 11, Z= 381
[2024-03-26 13:37:07] [world] The Player <hexa> has broke STONE at X= -466, Y= 12, Z= 382
[2024-03-26 13:37:08] [world] The Player <hexa> has broke STONE at X= -466, Y= 12, Z= 383
[2024-03-26 13:37:08] [world] The Player <hexa> has broke STONE at X= -466, Y= 11, Z= 383
[2024-03-26 13:37:08] [world] The Player <hexa> has broke STONE at X= -466, Y= 11, Z= 382
[2024-03-26 13:37:09] [world] The Player <hexa> has broke STONE at X= -466, Y= 11, Z= 384
[2024-03-26 13:37:09] [world] The Player <hexa> has broke STONE at X= -466, Y= 12, Z= 384
[2024-03-26 13:37:09] [world] The Player <hexa> has broke STONE at X= -466, Y= 11, Z= 385
[2024-03-26 13:37:10] [world] The Player <hexa> has broke STONE at X= -466, Y= 11, Z= 386
[2024-03-26 13:37:10] [world] The Player <hexa> has broke STONE at X= -466, Y= 12, Z= 385
[2024-03-26 13:37:11] [world] The Player <hexa> has broke STONE at X= -466, Y= 12, Z= 386
[2024-03-26 13:37:11] [world] The Player <hexa> has broke STONE at X= -466, Y= 12, Z= 387
[2024-03-26 13:37:12] [world] The Player <hexa> has broke STONE at X= -466, Y= 11, Z= 387
[2024-03-26 13:37:12] [world] The Player <hexa> has broke STONE at X= -466, Y= 11, Z= 388
[2024-03-26 13:37:12] [world] The Player <hexa> has broke STONE at X= -466, Y= 12, Z= 388
[2024-03-26 13:37:13] [world] The Player <hexa> has broke STONE at X= -466, Y= 11, Z= 389
[2024-03-26 13:37:13] [world] The Player <hexa> has broke STONE at X= -466, Y= 11, Z= 390
[2024-03-26 13:37:14] [world] The Player <hexa> has broke STONE at X= -466, Y= 12, Z= 389
[2024-03-26 13:37:14] [world] The Player <hexa> has broke STONE at X= -466, Y= 12, Z= 390
[2024-03-26 13:37:14] [world] The Player <hexa> has broke DIAMOND_ORE at X= -466, Y= 12, Z= 391
[2024-03-26 13:37:24] [world] The Player <hexa> has broke STONE at X= -466, Y= 13, Z= 390
[2024-03-26 13:37:28] [world] The Player <hexa> has broke STONE at X= -466, Y= 11, Z= 391
[2024-03-26 13:37:29] [world] The Player <hexa> has broke STONE at X= -466, Y= 12, Z= 392
[2024-03-26 13:37:30] [world] The Player <hexa> has broke STONE at X= -466, Y= 11, Z= 392
[2024-03-26 13:37:30] [world] The Player <hexa> has broke STONE at X= -466, Y= 12, Z= 393
[2024-03-26 13:37:31] [world] The Player <hexa> has broke STONE at X= -466, Y= 11, Z= 393
[2024-03-26 13:37:33] [world] The Player <hexa> has broke STONE at X= -466, Y= 13, Z= 393
[2024-03-26 13:37:34] [world] The Player <hexa> has broke STONE at X= -466, Y= 14, Z= 393
[2024-03-26 13:37:36] [world] The Player <hexa> has broke STONE at X= -465, Y= 12, Z= 393
[2024-03-26 13:37:37] [world] The Player <hexa> has broke STONE at X= -465, Y= 13, Z= 393
[2024-03-26 13:37:37] [world] The Player <hexa> has broke STONE at X= -465, Y= 14, Z= 393
[2024-03-26 13:37:39] [world] The Player <hexa> has broke STONE at X= -465, Y= 14, Z= 392
[2024-03-26 13:37:40] [world] The Player <hexa> has broke STONE at X= -466, Y= 14, Z= 392
[2024-03-26 13:37:42] [world] The Player <hexa> has broke STONE at X= -464, Y= 13, Z= 393
[2024-03-26 13:37:42] [world] The Player <hexa> has broke STONE at X= -464, Y= 12, Z= 393
[2024-03-26 13:37:43] [world] The Player <hexa> has broke STONE at X= -464, Y= 13, Z= 392
[2024-03-26 13:37:44] [world] The Player <hexa> has broke STONE at X= -464, Y= 12, Z= 392
[2024-03-26 13:37:45] [world] The Player <hexa> has broke STONE at X= -465, Y= 12, Z= 392
[2024-03-26 13:37:46] [world] The Player <hexa> has broke STONE at X= -464, Y= 13, Z= 391
[2024-03-26 13:37:47] [world] The Player <hexa> has broke STONE at X= -464, Y= 12, Z= 391
[2024-03-26 13:37:48] [world] The Player <hexa> has broke STONE at X= -465, Y= 12, Z= 391
[2024-03-26 13:37:49] [world] The Player <hexa> has broke GLOWING_REDSTONE_ORE at X= -464, Y= 13, Z= 390
[2024-03-26 13:37:50] [world] The Player <hexa> has broke STONE at X= -464, Y= 12, Z= 390
[2024-03-26 13:37:51] [world] The Player <hexa> has broke STONE at X= -465, Y= 12, Z= 390
[2024-03-26 13:37:52] [world] The Player <hexa> has broke STONE at X= -465, Y= 13, Z= 390
[2024-03-26 13:37:53] [world] The Player <hexa> has broke STONE at X= -464, Y= 14, Z= 390
[2024-03-26 13:37:54] [world] The Player <hexa> has broke STONE at X= -465, Y= 14, Z= 390
[2024-03-26 13:37:54] [world] The Player <hexa> has broke STONE at X= -464, Y= 14, Z= 391
[2024-03-26 13:37:55] [world] The Player <hexa> has broke STONE at X= -465, Y= 14, Z= 391
[2024-03-26 13:37:56] [world] The Player <hexa> has broke STONE at X= -464, Y= 14, Z= 392
[2024-03-26 13:37:57] [world] The Player <hexa> has broke STONE at X= -464, Y= 14, Z= 393
[2024-03-26 13:38:00] [world] The Player <hexa> has broke STONE at X= -466, Y= 14, Z= 390
[2024-03-26 13:38:01] [world] The Player <hexa> has broke STONE at X= -466, Y= 14, Z= 391
[2024-03-26 13:38:01] [world] The Player <hexa> has broke STONE at X= -467, Y= 13, Z= 390
[2024-03-26 13:38:02] [world] The Player <hexa> has broke STONE at X= -467, Y= 12, Z= 390
[2024-03-26 13:38:04] [world] The Player <hexa> has broke STONE at X= -467, Y= 13, Z= 391
[2024-03-26 13:38:05] [world] The Player <hexa> has broke STONE at X= -467, Y= 12, Z= 391
[2024-03-26 13:38:05] [world] The Player <hexa> has broke STONE at X= -467, Y= 13, Z= 392
[2024-03-26 13:38:06] [world] The Player <hexa> has broke STONE at X= -467, Y= 12, Z= 392
[2024-03-26 13:38:06] [world] The Player <hexa> has broke STONE at X= -467, Y= 13, Z= 393
[2024-03-26 13:38:07] [world] The Player <hexa> has broke STONE at X= -467, Y= 12, Z= 393
[2024-03-26 13:38:09] [world] The Player <hexa> has broke STONE at X= -467, Y= 14, Z= 393
[2024-03-26 13:38:10] [world] The Player <hexa> has broke STONE at X= -467, Y= 14, Z= 392
[2024-03-26 13:38:11] [world] The Player <hexa> has broke STONE at X= -467, Y= 14, Z= 391
[2024-03-26 13:38:11] [world] The Player <hexa> has broke STONE at X= -467, Y= 14, Z= 390
[2024-03-26 13:38:22] [world] The Player <hexa> has broke DIAMOND_ORE at X= -466, Y= 13, Z= 392
[2024-03-26 13:38:24] [world] The Player <hexa> has broke DIAMOND_ORE at X= -466, Y= 13, Z= 391
[2024-03-26 13:38:25] [world] The Player <hexa> has broke DIAMOND_ORE at X= -465, Y= 13, Z= 391
[2024-03-26 13:38:27] [world] The Player <hexa> has broke DIAMOND_ORE at X= -465, Y= 13, Z= 392
[2024-03-26 13:38:32] [world] The Player <hexa> has broke STONE at X= -466, Y= 12, Z= 394
[2024-03-26 13:38:32] [world] The Player <hexa> has broke STONE at X= -466, Y= 11, Z= 394
[2024-03-26 13:38:33] [world] The Player <hexa> has broke STONE at X= -466, Y= 12, Z= 395
[2024-03-26 13:38:33] [world] The Player <hexa> has broke STONE at X= -466, Y= 11, Z= 395
[2024-03-26 13:38:34] [world] The Player <hexa> has broke STONE at X= -466, Y= 11, Z= 396
[2024-03-26 13:38:34] [world] The Player <hexa> has broke STONE at X= -466, Y= 12, Z= 396
[2024-03-26 13:38:34] [world] The Player <hexa> has broke STONE at X= -466, Y= 12, Z= 397
[2024-03-26 13:38:35] [world] The Player <hexa> has broke STONE at X= -466, Y= 12, Z= 398
[2024-03-26 13:38:35] [world] The Player <hexa> has broke STONE at X= -466, Y= 11, Z= 397
[2024-03-26 13:38:36] [world] The Player <hexa> has broke STONE at X= -466, Y= 11, Z= 398
[2024-03-26 13:38:36] [world] The Player <hexa> has broke STONE at X= -466, Y= 12, Z= 399
[2024-03-26 13:38:37] [world] The Player <hexa> has broke STONE at X= -466, Y= 11, Z= 399
[2024-03-26 13:38:37] [world] The Player <hexa> has broke STONE at X= -466, Y= 12, Z= 400
[2024-03-26 13:38:37] [world] The Player <hexa> has broke STONE at X= -466, Y= 11, Z= 400
[2024-03-26 13:38:38] [world] The Player <hexa> has broke STONE at X= -466, Y= 12, Z= 401
[2024-03-26 13:38:38] [world] The Player <hexa> has broke STONE at X= -466, Y= 11, Z= 401
[2024-03-26 13:38:39] [world] The Player <hexa> has broke STONE at X= -466, Y= 12, Z= 402
[2024-03-26 13:38:39] [world] The Player <hexa> has broke STONE at X= -466, Y= 11, Z= 402
[2024-03-26 13:38:40] [world] The Player <hexa> has broke STONE at X= -466, Y= 12, Z= 403
[2024-03-26 13:38:40] [world] The Player <hexa> has broke STONE at X= -466, Y= 11, Z= 403
[2024-03-26 13:38:40] [world] The Player <hexa> has broke STONE at X= -466, Y= 12, Z= 404
[2024-03-26 13:38:41] [world] The Player <hexa> has broke STONE at X= -466, Y= 11, Z= 404
[2024-03-26 13:38:41] [world] The Player <hexa> has broke STONE at X= -466, Y= 12, Z= 405
[2024-03-26 13:38:42] [world] The Player <hexa> has broke STONE at X= -466, Y= 11, Z= 405
[2024-03-26 13:38:42] [world] The Player <hexa> has broke STONE at X= -466, Y= 12, Z= 406
[2024-03-26 13:38:42] [world] The Player <hexa> has broke STONE at X= -466, Y= 11, Z= 406
[2024-03-26 13:38:43] [world] The Player <hexa> has broke STONE at X= -466, Y= 12, Z= 407
[2024-03-26 13:38:43] [world] The Player <hexa> has broke STONE at X= -466, Y= 11, Z= 407
[2024-03-26 13:38:44] [world] The Player <hexa> has broke STONE at X= -466, Y= 12, Z= 408
[2024-03-26 13:38:44] [world] The Player <hexa> has broke STONE at X= -466, Y= 11, Z= 408
[2024-03-26 13:38:44] [world] The Player <hexa> has broke STONE at X= -466, Y= 12, Z= 409
[2024-03-26 13:38:45] [world] The Player <hexa> has broke STONE at X= -466, Y= 11, Z= 409
[2024-03-26 13:38:45] [world] The Player <hexa> has broke STONE at X= -466, Y= 12, Z= 410
[2024-03-26 13:38:46] [world] The Player <hexa> has broke STONE at X= -466, Y= 11, Z= 410
[2024-03-26 13:38:46] [world] The Player <hexa> has broke STONE at X= -466, Y= 12, Z= 411
[2024-03-26 13:38:46] [world] The Player <hexa> has broke STONE at X= -466, Y= 11, Z= 411
[2024-03-26 13:38:47] [world] The Player <hexa> has broke STONE at X= -466, Y= 12, Z= 412
[2024-03-26 13:38:47] [world] The Player <hexa> has broke STONE at X= -466, Y= 12, Z= 413
[2024-03-26 13:38:48] [world] The Player <hexa> has broke STONE at X= -466, Y= 11, Z= 413
[2024-03-26 13:38:48] [world] The Player <hexa> has broke STONE at X= -466, Y= 11, Z= 414
[2024-03-26 13:38:48] [world] The Player <hexa> has broke STONE at X= -466, Y= 11, Z= 412
[2024-03-26 13:39:41] [world] The Player <hexa> has broke STONE at X= -466, Y= 10, Z= 423
[2024-03-26 13:39:42] [world] The Player <hexa> has broke STONE at X= -466, Y= 11, Z= 421
[2024-03-26 13:39:42] [world] The Player <hexa> has broke STONE at X= -466, Y= 11, Z= 422
[2024-03-26 13:39:43] [world] The Player <hexa> has broke STONE at X= -466, Y= 11, Z= 423
[2024-03-26 13:39:43] [world] The Player <hexa> has broke STONE at X= -466, Y= 11, Z= 424
[2024-03-26 13:39:45] [world] The Player <hexa> has broke STONE at X= -466, Y= 12, Z= 423
[2024-03-26 13:39:46] [world] The Player <hexa> has broke STONE at X= -466, Y= 12, Z= 424
[2024-03-26 13:39:46] [world] The Player <hexa> has broke STONE at X= -466, Y= 12, Z= 425
[2024-03-26 13:39:47] [world] The Player <hexa> has broke STONE at X= -466, Y= 11, Z= 425
[2024-03-26 13:39:47] [world] The Player <hexa> has broke STONE at X= -466, Y= 12, Z= 426
[2024-03-26 13:39:47] [world] The Player <hexa> has broke STONE at X= -466, Y= 12, Z= 427
[2024-03-26 13:39:48] [world] The Player <hexa> has broke STONE at X= -466, Y= 11, Z= 426
[2024-03-26 13:39:48] [world] The Player <hexa> has broke STONE at X= -466, Y= 11, Z= 427
[2024-03-26 13:39:49] [world] The Player <hexa> has broke STONE at X= -466, Y= 12, Z= 428
[2024-03-26 13:39:49] [world] The Player <hexa> has broke STONE at X= -466, Y= 11, Z= 428
[2024-03-26 13:39:49] [world] The Player <hexa> has broke STONE at X= -466, Y= 11, Z= 429
[2024-03-26 13:39:50] [world] The Player <hexa> has broke STONE at X= -466, Y= 12, Z= 429
[2024-03-26 13:39:50] [world] The Player <hexa> has broke STONE at X= -466, Y= 12, Z= 430
[2024-03-26 13:39:51] [world] The Player <hexa> has broke STONE at X= -466, Y= 12, Z= 431
[2024-03-26 13:39:58] [world] The Player <hexa> has broke STONE at X= -466, Y= 11, Z= 430
[2024-03-26 13:39:58] [world] The Player <hexa> has broke STONE at X= -466, Y= 11, Z= 431
[2024-03-26 13:39:58] [world] The Player <hexa> has broke STONE at X= -466, Y= 11, Z= 432
[2024-03-26 13:39:59] [world] The Player <hexa> has broke STONE at X= -466, Y= 12, Z= 432
[2024-03-26 13:40:06] [world] The Player <hexa> has broke STONE at X= -466, Y= 12, Z= 433
[2024-03-26 20:57:31] [world] The Player <GolemDaWanderer> has broke LOG at X= 9997, Y= 68, Z= -9967
[2024-03-26 20:57:32] [world] The Player <GolemDaWanderer> has broke LOG at X= 9997, Y= 67, Z= -9967
[2024-03-26 20:57:33] [world] The Player <GolemDaWanderer> has broke LOG at X= 9997, Y= 69, Z= -9967
[2024-03-26 20:57:34] [world] The Player <GolemDaWanderer> has broke LOG at X= 9997, Y= 70, Z= -9967
[2024-03-26 20:57:43] [world] The Player <GolemDaWanderer> has broke LEAVES at X= 9994, Y= 68, Z= -9955
[2024-03-26 20:57:43] [world] The Player <GolemDaWanderer> has broke LEAVES at X= 9995, Y= 68, Z= -9955
[2024-03-26 20:57:44] [world] The Player <GolemDaWanderer> has broke LEAVES at X= 9996, Y= 68, Z= -9955
[2024-03-26 20:57:46] [world] The Player <GolemDaWanderer> has broke LOG at X= 9996, Y= 68, Z= -9956
[2024-03-26 20:57:46] [world] The Player <GolemDaWanderer> has broke LOG at X= 9996, Y= 67, Z= -9956
[2024-03-26 20:57:47] [world] The Player <GolemDaWanderer> has broke LOG at X= 9996, Y= 69, Z= -9956
[2024-03-26 20:57:48] [world] The Player <GolemDaWanderer> has broke LOG at X= 9996, Y= 70, Z= -9956
[2024-03-26 20:59:47] [world] The Player <GolemDaWanderer> has broke WORKBENCH at X= 9992, Y= 68, Z= -9950
[2024-03-26 21:01:43] [world] The Player <GolemDaWanderer> has broke WOOL at X= -582, Y= 88, Z= 242
[2024-03-26 21:01:47] [world] The Player <GolemDaWanderer> has broke WOOL at X= -581, Y= 88, Z= 242
[2024-03-26 21:02:27] [world] The Player <GolemDaWanderer> has broke WALL_SIGN at X= -580, Y= 89, Z= 259
[2024-03-26 21:02:29] [world] The Player <GolemDaWanderer> has broke WALL_SIGN at X= -580, Y= 88, Z= 259
[2024-03-26 21:02:31] [world] The Player <GolemDaWanderer> has broke WALL_SIGN at X= -580, Y= 88, Z= 257
[2024-03-26 21:02:32] [world] The Player <GolemDaWanderer> has broke WALL_SIGN at X= -580, Y= 89, Z= 257
[2024-03-26 21:02:33] [world] The Player <GolemDaWanderer> has broke WALL_SIGN at X= -580, Y= 89, Z= 255
[2024-03-26 21:02:34] [world] The Player <GolemDaWanderer> has broke WALL_SIGN at X= -580, Y= 88, Z= 255
[2024-03-26 21:02:35] [world] The Player <GolemDaWanderer> has broke WALL_SIGN at X= -580, Y= 88, Z= 253
[2024-03-26 21:02:36] [world] The Player <GolemDaWanderer> has broke WALL_SIGN at X= -580, Y= 88, Z= 251
[2024-03-26 21:02:37] [world] The Player <GolemDaWanderer> has broke WALL_SIGN at X= -580, Y= 88, Z= 249
[2024-03-26 21:02:38] [world] The Player <GolemDaWanderer> has broke WALL_SIGN at X= -580, Y= 88, Z= 247
[2024-03-26 21:02:39] [world] The Player <GolemDaWanderer> has broke WALL_SIGN at X= -580, Y= 88, Z= 245
[2024-03-26 21:02:40] [world] The Player <GolemDaWanderer> has broke WALL_SIGN at X= -580, Y= 88, Z= 243
[2024-03-26 21:04:40] [world] The Player <GolemDaWanderer> has broke WALL_SIGN at X= -580, Y= 89, Z= 259
[2024-03-26 21:06:38] [world] The Player <GolemDaWanderer> has broke WALL_SIGN at X= -580, Y= 89, Z= 259
[2024-03-26 21:08:47] [world] The Player <GolemDaWanderer> has broke SKULL at X= -578, Y= 88, Z= 259
[2024-03-26 21:09:25] [world] The Player <GolemDaWanderer> has broke WALL_SIGN at X= -580, Y= 89, Z= 259
[2024-03-26 21:16:13] [world] The Player <GolemDaWanderer> has broke ENDER_CHEST at X= -582, Y= 88, Z= 254
[2024-03-26 21:16:13] [world] The Player <GolemDaWanderer> has broke QUARTZ_BLOCK at X= -582, Y= 87, Z= 254
[2024-03-26 21:16:13] [world] The Player <GolemDaWanderer> has broke QUARTZ_BLOCK at X= -583, Y= 87, Z= 254
[2024-03-26 22:18:31] [world] The Player <GolemDaWanderer> has broke COBBLESTONE at X= -10177, Y= 64, Z= 4113
[2024-03-26 22:18:32] [world] The Player <GolemDaWanderer> has broke COBBLESTONE at X= -10177, Y= 63, Z= 4113
[2024-03-26 22:18:33] [world] The Player <GolemDaWanderer> has broke COBBLESTONE at X= -10178, Y= 63, Z= 4112
[2024-03-26 22:18:33] [world] The Player <GolemDaWanderer> has broke COBBLESTONE at X= -10178, Y= 64, Z= 4112
[2024-03-26 22:18:33] [world] The Player <GolemDaWanderer> has broke COBBLESTONE at X= -10177, Y= 64, Z= 4112
[2024-03-26 22:18:35] [world] The Player <GolemDaWanderer> has broke SOUL_SAND at X= -10177, Y= 63, Z= 4112
[2024-03-26 22:18:35] [world] The Player <GolemDaWanderer> has broke COBBLESTONE at X= -10177, Y= 63, Z= 4111
[2024-03-26 22:18:47] [world] The Player <GolemDaWanderer> has broke COBBLESTONE at X= -10177, Y= 67, Z= 4111
[2024-03-26 22:18:47] [world] The Player <GolemDaWanderer> has broke COBBLESTONE at X= -10177, Y= 66, Z= 4112
[2024-03-26 22:18:48] [world] The Player <GolemDaWanderer> has broke COBBLESTONE at X= -10176, Y= 66, Z= 4112
[2024-03-26 22:18:48] [world] The Player <GolemDaWanderer> has broke COBBLESTONE at X= -10177, Y= 66, Z= 4113
[2024-03-26 22:18:49] [world] The Player <GolemDaWanderer> has broke COBBLESTONE at X= -10177, Y= 65, Z= 4113
[2024-03-26 22:18:49] [world] The Player <GolemDaWanderer> has broke COBBLESTONE at X= -10178, Y= 66, Z= 4112
[2024-03-26 22:18:50] [world] The Player <GolemDaWanderer> has broke COBBLESTONE at X= -10178, Y= 65, Z= 4112
[2024-03-26 22:18:50] [world] The Player <GolemDaWanderer> has broke COBBLESTONE at X= -10177, Y= 65, Z= 4112
[2024-03-26 22:18:51] [world] The Player <GolemDaWanderer> has broke COBBLESTONE at X= -10177, Y= 64, Z= 4112
[2024-03-26 22:18:52] [world] The Player <GolemDaWanderer> has broke COBBLESTONE at X= -10176, Y= 65, Z= 4112
[2024-03-26 22:18:52] [world] The Player <GolemDaWanderer> has broke STONE at X= -10173, Y= 62, Z= 4112
[2024-03-26 22:18:53] [world] The Player <GolemDaWanderer> has broke COBBLESTONE at X= -10177, Y= 63, Z= 4112
[2024-03-26 22:18:54] [world] The Player <GolemDaWanderer> has broke COBBLESTONE at X= -10177, Y= 64, Z= 4114
[2024-03-26 22:18:54] [world] The Player <GolemDaWanderer> has broke COBBLESTONE at X= -10177, Y= 64, Z= 4115
[2024-03-26 22:18:55] [world] The Player <GolemDaWanderer> has broke COBBLESTONE at X= -10177, Y= 63, Z= 4114
[2024-03-26 22:23:13] [world] The Player <GolemDaWanderer> has broke LONG_GRASS at X= -10322, Y= 64, Z= 4099
[2024-03-26 22:23:13] [world] The Player <GolemDaWanderer> has broke LONG_GRASS at X= -10319, Y= 64, Z= 4097
[2024-03-26 22:24:43] [world] The Player <GolemDaWanderer> has broke LEAVES at X= -10557, Y= 77, Z= 4200
