[2024-03-26 23:16:56] [world_nether] The Player <NezukoChan> has broke OBSIDIAN at X= -1264, Y= 52, Z= 507
[2024-03-26 23:17:04] [world_nether] The Player <NezukoChan> has broke OBSIDIAN at X= -1264, Y= 53, Z= 507
[2024-03-26 23:17:07] [world_nether] The Player <NezukoChan> has broke OBSIDIAN at X= -1265, Y= 53, Z= 507
[2024-03-26 23:17:14] [world_nether] The Player <NezukoChan> has broke OBSIDIAN at X= -1266, Y= 53, Z= 507
[2024-03-26 23:17:17] [world_nether] The Player <NezukoChan> has broke OBSIDIAN at X= -1267, Y= 53, Z= 507
[2024-03-26 23:17:17] [world_nether] The Player <NezukoChan> has broke NETHERRACK at X= -1268, Y= 53, Z= 507
[2024-03-26 23:17:17] [world_nether] The Player <NezukoChan> has broke NETHERRACK at X= -1269, Y= 53, Z= 507
[2024-03-26 23:18:43] [world_nether] The Player <NezukoChan> has broke DIRT at X= -1244, Y= 49, Z= 521
[2024-03-26 23:18:44] [world_nether] The Player <NezukoChan> has broke DIRT at X= -1244, Y= 49, Z= 520
[2024-03-26 23:19:03] [world_nether] The Player <NezukoChan> has broke DIRT at X= -1266, Y= 53, Z= 507
[2024-03-26 23:19:04] [world_nether] The Player <NezukoChan> has broke DIRT at X= -1267, Y= 53, Z= 508
[2024-03-26 23:50:58] [world_nether] The Player <NezukoChan> has broke OBSIDIAN at X= -1264, Y= 50, Z= 507
[2024-03-26 23:51:00] [world_nether] The Player <NezukoChan> has broke OBSIDIAN at X= -1264, Y= 49, Z= 507
[2024-03-26 23:51:03] [world_nether] The Player <NezukoChan> has broke OBSIDIAN at X= -1265, Y= 49, Z= 507
[2024-03-26 23:51:03] [world_nether] The Player <NezukoChan> has broke NETHERRACK at X= -1265, Y= 48, Z= 507
[2024-03-26 23:51:03] [world_nether] The Player <NezukoChan> has broke NETHERRACK at X= -1265, Y= 48, Z= 508
[2024-03-26 23:51:03] [world_nether] The Player <NezukoChan> has broke NETHERRACK at X= -1266, Y= 48, Z= 508
[2024-03-26 23:51:03] [world_nether] The Player <NezukoChan> has broke NETHERRACK at X= -1266, Y= 47, Z= 508
[2024-03-26 23:51:03] [world_nether] The Player <NezukoChan> has broke NETHERRACK at X= -1266, Y= 48, Z= 507
[2024-03-26 23:51:06] [world_nether] The Player <NezukoChan> has broke OBSIDIAN at X= -1266, Y= 49, Z= 507
[2024-03-26 23:51:09] [world_nether] The Player <NezukoChan> has broke OBSIDIAN at X= -1267, Y= 50, Z= 507
[2024-03-26 23:51:11] [world_nether] The Player <NezukoChan> has broke OBSIDIAN at X= -1267, Y= 49, Z= 507
[2024-03-26 23:51:11] [world_nether] The Player <NezukoChan> has broke NETHERRACK at X= -1268, Y= 49, Z= 507
[2024-03-26 23:51:12] [world_nether] The Player <NezukoChan> has broke NETHERRACK at X= -1268, Y= 48, Z= 507
[2024-03-26 23:51:14] [world_nether] The Player <NezukoChan> has broke OBSIDIAN at X= -1267, Y= 51, Z= 507
[2024-03-26 23:51:17] [world_nether] The Player <NezukoChan> has broke OBSIDIAN at X= -1267, Y= 52, Z= 507
[2024-03-26 23:51:52] [world_nether] The Player <NezukoChan> has broke OBSIDIAN at X= -1272, Y= 50, Z= 523
[2024-03-26 23:51:54] [world_nether] The Player <NezukoChan> has broke OBSIDIAN at X= -1272, Y= 49, Z= 523
[2024-03-26 23:51:54] [world_nether] The Player <NezukoChan> has broke NETHERRACK at X= -1272, Y= 48, Z= 523
[2024-03-26 23:51:54] [world_nether] The Player <NezukoChan> has broke NETHERRACK at X= -1272, Y= 47, Z= 523
[2024-03-26 23:51:55] [world_nether] The Player <NezukoChan> has broke NETHERRACK at X= -1271, Y= 47, Z= 523
[2024-03-26 23:51:57] [world_nether] The Player <NezukoChan> has broke OBSIDIAN at X= -1273, Y= 49, Z= 523
[2024-03-26 23:52:02] [world_nether] The Player <NezukoChan> has broke NETHERRACK at X= -1273, Y= 48, Z= 523
[2024-03-26 23:52:02] [world_nether] The Player <NezukoChan> has broke NETHERRACK at X= -1274, Y= 48, Z= 523
[2024-03-26 23:52:02] [world_nether] The Player <NezukoChan> has broke NETHERRACK at X= -1274, Y= 48, Z= 524
[2024-03-27 00:00:21] [world] The Player <NezukoChan> has broke COBBLESTONE at X= -608, Y= 65, Z= 328
[2024-03-27 01:44:26] [world] The Player <Tester> has broke COBBLESTONE at X= -10176, Y= 62, Z= 4118
[2024-03-27 03:09:28] [world] The Player <Tester> has broke COBBLESTONE at X= -10177, Y= 62, Z= 4118
[2024-03-27 03:11:25] [world] The Player <Tester> has broke TORCH at X= -9961, Y= 30, Z= 4099
[2024-03-27 03:11:34] [world] The Player <Tester> has broke TORCH at X= -9961, Y= 30, Z= 4099
[2024-03-27 03:13:32] [world] The Player <Tester> has broke TORCH at X= -9961, Y= 30, Z= 4099
[2024-03-27 03:15:10] [world] The Player <Tester> has broke LONG_GRASS at X= -10245, Y= 65, Z= 4076
[2024-03-27 03:19:47] [world] The Player <Tester> has broke POWERED_RAIL at X= -10263, Y= 62, Z= 4081
[2024-03-27 03:19:51] [world] The Player <Tester> has broke POWERED_RAIL at X= -10263, Y= 62, Z= 4080
[2024-03-27 03:19:55] [world] The Player <Tester> has broke RAILS at X= -10262, Y= 63, Z= 4081
[2024-03-27 03:19:56] [world] The Player <Tester> has broke DIRT at X= -10262, Y= 62, Z= 4081
[2024-03-27 03:19:57] [world] The Player <Tester> has broke LOG at X= -10261, Y= 63, Z= 4081
[2024-03-27 03:20:01] [world] The Player <Tester> has broke DIRT at X= -10262, Y= 61, Z= 4081
[2024-03-27 03:20:18] [world] The Player <Tester> has broke RAILS at X= -10260, Y= 64, Z= 4080
[2024-03-27 03:20:21] [world] The Player <Tester> has broke POWERED_RAIL at X= -10260, Y= 64, Z= 4081
[2024-03-27 03:20:23] [world] The Player <Tester> has broke RAILS at X= -10260, Y= 64, Z= 4081
[2024-03-27 12:19:37] [world] The Player <Tester> has broke BED_BLOCK at X= -10175, Y= 64, Z= 4124
[2024-03-27 12:20:29] [world] The Player <Tester> has broke SUGAR_CANE_BLOCK at X= -10185, Y= 64, Z= 4083
[2024-03-27 12:20:29] [world] The Player <Tester> has broke SUGAR_CANE_BLOCK at X= -10183, Y= 64, Z= 4082
[2024-03-27 12:20:29] [world] The Player <Tester> has broke SUGAR_CANE_BLOCK at X= -10184, Y= 64, Z= 4082
[2024-03-27 12:20:29] [world] The Player <Tester> has broke SUGAR_CANE_BLOCK at X= -10182, Y= 64, Z= 4082
[2024-03-27 12:20:30] [world] The Player <Tester> has broke SUGAR_CANE_BLOCK at X= -10181, Y= 64, Z= 4082
[2024-03-27 12:20:30] [world] The Player <Tester> has broke SUGAR_CANE_BLOCK at X= -10179, Y= 64, Z= 4082
[2024-03-27 12:20:31] [world] The Player <Tester> has broke SUGAR_CANE_BLOCK at X= -10178, Y= 64, Z= 4080
[2024-03-27 12:20:31] [world] The Player <Tester> has broke SUGAR_CANE_BLOCK at X= -10178, Y= 64, Z= 4079
[2024-03-27 12:20:32] [world] The Player <Tester> has broke SUGAR_CANE_BLOCK at X= -10178, Y= 64, Z= 4078
[2024-03-27 12:20:32] [world] The Player <Tester> has broke SUGAR_CANE_BLOCK at X= -10177, Y= 64, Z= 4077
[2024-03-27 12:20:32] [world] The Player <Tester> has broke SUGAR_CANE_BLOCK at X= -10177, Y= 64, Z= 4076
[2024-03-27 12:20:33] [world] The Player <Tester> has broke SUGAR_CANE_BLOCK at X= -10176, Y= 64, Z= 4075
[2024-03-27 12:20:41] [world] The Player <Tester> has broke SUGAR_CANE_BLOCK at X= -10170, Y= 64, Z= 4075
[2024-03-27 12:20:42] [world] The Player <Tester> has broke SUGAR_CANE_BLOCK at X= -10168, Y= 64, Z= 4075
[2024-03-27 12:20:44] [world] The Player <Tester> has broke SUGAR_CANE_BLOCK at X= -10169, Y= 64, Z= 4074
[2024-03-27 12:20:44] [world] The Player <Tester> has broke SUGAR_CANE_BLOCK at X= -10168, Y= 64, Z= 4073
[2024-03-27 12:20:44] [world] The Player <Tester> has broke SUGAR_CANE_BLOCK at X= -10167, Y= 64, Z= 4074
[2024-03-27 12:20:44] [world] The Player <Tester> has broke SUGAR_CANE_BLOCK at X= -10167, Y= 64, Z= 4076
[2024-03-27 12:20:45] [world] The Player <Tester> has broke SUGAR_CANE_BLOCK at X= -10167, Y= 64, Z= 4077
[2024-03-27 12:20:46] [world] The Player <Tester> has broke SUGAR_CANE_BLOCK at X= -10166, Y= 64, Z= 4078
[2024-03-27 12:20:47] [world] The Player <Tester> has broke SUGAR_CANE_BLOCK at X= -10165, Y= 64, Z= 4079
[2024-03-27 12:20:47] [world] The Player <Tester> has broke SUGAR_CANE_BLOCK at X= -10165, Y= 63, Z= 4079
[2024-03-27 12:20:47] [world] The Player <Tester> has broke SUGAR_CANE_BLOCK at X= -10166, Y= 63, Z= 4078
[2024-03-27 12:20:47] [world] The Player <Tester> has broke SUGAR_CANE_BLOCK at X= -10164, Y= 63, Z= 4079
[2024-03-27 12:20:53] [world] The Player <Tester> has broke SUGAR_CANE_BLOCK at X= -10163, Y= 64, Z= 4079
[2024-03-27 12:20:53] [world] The Player <Tester> has broke SUGAR_CANE_BLOCK at X= -10162, Y= 64, Z= 4079
[2024-03-27 12:20:53] [world] The Player <Tester> has broke SUGAR_CANE_BLOCK at X= -10160, Y= 64, Z= 4078
[2024-03-27 12:20:53] [world] The Player <Tester> has broke SUGAR_CANE_BLOCK at X= -10159, Y= 64, Z= 4078
[2024-03-27 12:20:54] [world] The Player <Tester> has broke SUGAR_CANE_BLOCK at X= -10158, Y= 64, Z= 4079
[2024-03-27 12:20:54] [world] The Player <Tester> has broke SUGAR_CANE_BLOCK at X= -10161, Y= 64, Z= 4079
[2024-03-27 12:20:55] [world] The Player <Tester> has broke SUGAR_CANE_BLOCK at X= -10157, Y= 64, Z= 4079
[2024-03-27 12:20:56] [world] The Player <Tester> has broke SUGAR_CANE_BLOCK at X= -10156, Y= 64, Z= 4079
[2024-03-27 12:20:56] [world] The Player <Tester> has broke SUGAR_CANE_BLOCK at X= -10154, Y= 64, Z= 4080
[2024-03-27 12:20:56] [world] The Player <Tester> has broke SUGAR_CANE_BLOCK at X= -10155, Y= 64, Z= 4079
[2024-03-27 12:20:57] [world] The Player <Tester> has broke SUGAR_CANE_BLOCK at X= -10153, Y= 64, Z= 4081
[2024-03-27 12:20:57] [world] The Player <Tester> has broke SUGAR_CANE_BLOCK at X= -10152, Y= 64, Z= 4082
[2024-03-27 12:20:58] [world] The Player <Tester> has broke SUGAR_CANE_BLOCK at X= -10151, Y= 64, Z= 4083
[2024-03-27 12:20:58] [world] The Player <Tester> has broke SUGAR_CANE_BLOCK at X= -10151, Y= 64, Z= 4084
[2024-03-27 12:20:58] [world] The Player <Tester> has broke SUGAR_CANE_BLOCK at X= -10151, Y= 64, Z= 4085
[2024-03-27 12:20:58] [world] The Player <Tester> has broke SUGAR_CANE_BLOCK at X= -10151, Y= 64, Z= 4086
[2024-03-27 12:20:59] [world] The Player <Tester> has broke SUGAR_CANE_BLOCK at X= -10151, Y= 63, Z= 4086
[2024-03-27 12:20:59] [world] The Player <Tester> has broke SUGAR_CANE_BLOCK at X= -10151, Y= 63, Z= 4085
[2024-03-27 12:20:59] [world] The Player <Tester> has broke SUGAR_CANE_BLOCK at X= -10151, Y= 63, Z= 4087
[2024-03-27 12:21:04] [world] The Player <Tester> has broke SUGAR_CANE_BLOCK at X= -10152, Y= 64, Z= 4088
[2024-03-27 12:21:04] [world] The Player <Tester> has broke SUGAR_CANE_BLOCK at X= -10153, Y= 64, Z= 4089
[2024-03-27 12:21:04] [world] The Player <Tester> has broke SUGAR_CANE_BLOCK at X= -10154, Y= 64, Z= 4089
[2024-03-27 12:21:04] [world] The Player <Tester> has broke SUGAR_CANE_BLOCK at X= -10154, Y= 64, Z= 4090
[2024-03-27 12:21:04] [world] The Player <Tester> has broke SUGAR_CANE_BLOCK at X= -10155, Y= 64, Z= 4091
[2024-03-27 12:21:04] [world] The Player <Tester> has broke SUGAR_CANE_BLOCK at X= -10155, Y= 64, Z= 4092
[2024-03-27 12:21:05] [world] The Player <Tester> has broke SUGAR_CANE_BLOCK at X= -10155, Y= 64, Z= 4093
[2024-03-27 12:21:05] [world] The Player <Tester> has broke SUGAR_CANE_BLOCK at X= -10155, Y= 64, Z= 4094
[2024-03-27 12:21:23] [world] The Player <Tester> has broke SUGAR_CANE_BLOCK at X= -10176, Y= 64, Z= 4073
[2024-03-27 12:21:58] [world] The Player <Tester> has broke SUGAR_CANE_BLOCK at X= -10224, Y= 64, Z= 4047
[2024-03-27 12:22:43] [world] The Player <Tester> has broke SUGAR_CANE_BLOCK at X= -10240, Y= 64, Z= 4044
[2024-03-27 12:22:44] [world] The Player <Tester> has broke SUGAR_CANE_BLOCK at X= -10237, Y= 64, Z= 4048
[2024-03-27 12:22:46] [world] The Player <Tester> has broke SUGAR_CANE_BLOCK at X= -10229, Y= 64, Z= 4051
[2024-03-27 12:22:46] [world] The Player <Tester> has broke SUGAR_CANE_BLOCK at X= -10228, Y= 64, Z= 4051
