[2024-03-30 14:40:34] [world] The Player <GolemDaWanderer> has broke SUGAR_CANE_BLOCK at X= 10338, Y= 63, Z= -10542
[2024-03-30 14:45:26] [world] The Player <GolemDaWanderer> has broke GRASS at X= 10356, Y= 74, Z= -10565
[2024-03-30 14:45:27] [world] The Player <GolemDaWanderer> has broke GRASS at X= 10357, Y= 74, Z= -10565
[2024-03-30 14:45:27] [world] The Player <GolemDaWanderer> has broke GRASS at X= 10357, Y= 74, Z= -10566
[2024-03-30 14:45:29] [world] The Player <GolemDaWanderer> has broke DIRT at X= 10356, Y= 73, Z= -10565
[2024-03-30 14:45:29] [world] The Player <GolemDaWanderer> has broke DIRT at X= 10356, Y= 73, Z= -10566
[2024-03-30 14:45:32] [world] The Player <GolemDaWanderer> has broke SAND at X= 10357, Y= 74, Z= -10564
[2024-03-30 14:45:32] [world] The Player <GolemDaWanderer> has broke SAND at X= 10357, Y= 73, Z= -10564
[2024-03-30 14:45:32] [world] The Player <GolemDaWanderer> has broke DIRT at X= 10358, Y= 73, Z= -10564
[2024-03-30 14:45:32] [world] The Player <GolemDaWanderer> has broke DIRT at X= 10358, Y= 73, Z= -10565
[2024-03-30 14:45:32] [world] The Player <GolemDaWanderer> has broke DIRT at X= 10359, Y= 73, Z= -10565
[2024-03-30 14:45:34] [world] The Player <GolemDaWanderer> has broke SAND at X= 10358, Y= 74, Z= -10563
[2024-03-30 14:45:34] [world] The Player <GolemDaWanderer> has broke SAND at X= 10359, Y= 74, Z= -10563
[2024-03-30 14:45:34] [world] The Player <GolemDaWanderer> has broke SAND at X= 10359, Y= 73, Z= -10563
[2024-03-30 14:45:35] [world] The Player <GolemDaWanderer> has broke SAND at X= 10358, Y= 73, Z= -10563
[2024-03-30 14:45:38] [world] The Player <GolemDaWanderer> has broke SAND at X= 10357, Y= 72, Z= -10562
[2024-03-30 14:45:38] [world] The Player <GolemDaWanderer> has broke SAND at X= 10357, Y= 72, Z= -10561
[2024-03-30 14:45:39] [world] The Player <GolemDaWanderer> has broke SAND at X= 10356, Y= 72, Z= -10562
[2024-03-30 14:45:42] [world] The Player <GolemDaWanderer> has broke SANDSTONE at X= 10357, Y= 71, Z= -10562
[2024-03-30 14:45:42] [world] The Player <GolemDaWanderer> has broke SANDSTONE at X= 10358, Y= 71, Z= -10562
[2024-03-30 14:45:42] [world] The Player <GolemDaWanderer> has broke SANDSTONE at X= 10358, Y= 70, Z= -10562
[2024-03-30 14:45:43] [world] The Player <GolemDaWanderer> has broke SANDSTONE at X= 10357, Y= 70, Z= -10562
[2024-03-30 14:45:45] [world] The Player <GolemDaWanderer> has broke SANDSTONE at X= 10356, Y= 71, Z= -10562
[2024-03-30 14:45:45] [world] The Player <GolemDaWanderer> has broke SANDSTONE at X= 10356, Y= 70, Z= -10562
[2024-03-30 14:45:49] [world] The Player <GolemDaWanderer> has broke SANDSTONE at X= 10357, Y= 71, Z= -10561
[2024-03-30 14:45:50] [world] The Player <GolemDaWanderer> has broke SANDSTONE at X= 10358, Y= 71, Z= -10561
[2024-03-30 14:45:50] [world] The Player <GolemDaWanderer> has broke SANDSTONE at X= 10358, Y= 70, Z= -10561
[2024-03-30 14:45:51] [world] The Player <GolemDaWanderer> has broke SANDSTONE at X= 10358, Y= 72, Z= -10561
[2024-03-30 14:45:51] [world] The Player <GolemDaWanderer> has broke SANDSTONE at X= 10359, Y= 71, Z= -10561
[2024-03-30 14:45:54] [world] The Player <GolemDaWanderer> has broke SANDSTONE at X= 10359, Y= 72, Z= -10561
[2024-03-30 14:45:54] [world] The Player <GolemDaWanderer> has broke SANDSTONE at X= 10360, Y= 72, Z= -10561
[2024-03-30 14:45:55] [world] The Player <GolemDaWanderer> has broke SANDSTONE at X= 10359, Y= 72, Z= -10562
[2024-03-30 19:12:17] [world] The Player <GolemDaWanderer> has broke LONG_GRASS at X= 10322, Y= 69, Z= -10587
[2024-03-30 19:12:17] [world] The Player <GolemDaWanderer> has broke LONG_GRASS at X= 10322, Y= 69, Z= -10586
[2024-03-30 19:12:41] [world] The Player <GolemDaWanderer> has broke DOUBLE_PLANT at X= 10350, Y= 72, Z= -10694
[2024-03-30 19:12:44] [world] The Player <GolemDaWanderer> has broke DOUBLE_PLANT at X= 10352, Y= 72, Z= -10690
[2024-03-30 19:12:47] [world] The Player <GolemDaWanderer> has broke LONG_GRASS at X= 10349, Y= 72, Z= -10691
[2024-03-30 19:12:54] [world] The Player <GolemDaWanderer> has broke LONG_GRASS at X= 10351, Y= 72, Z= -10718
[2024-03-30 19:12:54] [world] The Player <GolemDaWanderer> has broke LONG_GRASS at X= 10350, Y= 72, Z= -10717
[2024-03-30 19:12:55] [world] The Player <GolemDaWanderer> has broke LONG_GRASS at X= 10351, Y= 72, Z= -10714
[2024-03-30 19:12:55] [world] The Player <GolemDaWanderer> has broke LONG_GRASS at X= 10351, Y= 72, Z= -10716
[2024-03-30 19:12:55] [world] The Player <GolemDaWanderer> has broke LONG_GRASS at X= 10351, Y= 72, Z= -10717
[2024-03-30 19:12:56] [world] The Player <GolemDaWanderer> has broke LONG_GRASS at X= 10354, Y= 72, Z= -10715
[2024-03-30 19:12:56] [world] The Player <GolemDaWanderer> has broke LONG_GRASS at X= 10353, Y= 72, Z= -10715
[2024-03-30 19:28:42] [world] The Player <GolemDaWanderer> has broke LOG at X= 10364, Y= 73, Z= -10943
[2024-03-30 19:28:43] [world] The Player <GolemDaWanderer> has broke LONG_GRASS at X= 10365, Y= 73, Z= -10943
[2024-03-30 19:28:43] [world] The Player <GolemDaWanderer> has broke LOG at X= 10364, Y= 74, Z= -10943
[2024-03-30 19:28:44] [world] The Player <GolemDaWanderer> has broke LOG at X= 10364, Y= 75, Z= -10943
[2024-03-30 19:30:52] [world] The Player <GolemDaWanderer> has broke LONG_GRASS at X= 10363, Y= 73, Z= -10932
[2024-03-30 19:31:44] [world] The Player <GolemDaWanderer> has broke ENCHANTMENT_TABLE at X= 10351, Y= 71, Z= -10966
[2024-03-30 19:31:45] [world] The Player <GolemDaWanderer> has broke LONG_GRASS at X= 10353, Y= 71, Z= -10967
[2024-03-30 19:31:47] [world] The Player <GolemDaWanderer> has broke ENDER_CHEST at X= 10353, Y= 71, Z= -10966
[2024-03-30 19:33:05] [world] The Player <GolemDaWanderer> has broke LONG_GRASS at X= 10323, Y= 68, Z= -10985
[2024-03-30 19:33:05] [world] The Player <GolemDaWanderer> has broke LONG_GRASS at X= 10322, Y= 67, Z= -10988
[2024-03-30 19:33:05] [world] The Player <GolemDaWanderer> has broke LONG_GRASS at X= 10322, Y= 67, Z= -10989
[2024-03-30 19:33:06] [world] The Player <GolemDaWanderer> has broke LONG_GRASS at X= 10321, Y= 67, Z= -10992
[2024-03-30 19:35:05] [world] The Player <GolemDaWanderer> has broke LONG_GRASS at X= 10334, Y= 64, Z= -11127
[2024-03-30 19:35:16] [world] The Player <GolemDaWanderer> has broke ANVIL at X= 10341, Y= 64, Z= -11131
[2024-03-31 03:43:37] [world] The Player <GolemDaWanderer> has broke TORCH at X= -10298, Y= 36, Z= 4032
[2024-03-31 09:59:52] [world] The Player <BTC> has broke LEAVES at X= -3276, Y= 73, Z= 928
[2024-03-31 10:00:19] [world] The Player <BTC> has broke SAND at X= -3263, Y= 70, Z= 936
[2024-03-31 10:36:10] [world] The Player <BTC> has broke LONG_GRASS at X= -3076, Y= 64, Z= 917
[2024-03-31 10:36:11] [world] The Player <BTC> has broke LONG_GRASS at X= -3078, Y= 64, Z= 917
[2024-03-31 10:36:25] [world] The Player <BTC> has broke LONG_GRASS at X= -3086, Y= 64, Z= 919
[2024-03-31 10:36:38] [world] The Player <BTC> has broke LONG_GRASS at X= -3109, Y= 68, Z= 889
[2024-03-31 10:36:39] [world] The Player <BTC> has broke LONG_GRASS at X= -3109, Y= 68, Z= 887
[2024-03-31 10:36:52] [world] The Player <BTC> has broke LONG_GRASS at X= -3125, Y= 63, Z= 859
[2024-03-31 10:36:53] [world] The Player <BTC> has broke LONG_GRASS at X= -3126, Y= 63, Z= 859
[2024-03-31 10:36:53] [world] The Player <BTC> has broke LONG_GRASS at X= -3127, Y= 63, Z= 857
[2024-03-31 10:36:53] [world] The Player <BTC> has broke LONG_GRASS at X= -3128, Y= 63, Z= 853
[2024-03-31 10:37:09] [world] The Player <BTC> has broke GRASS at X= -3130, Y= 63, Z= 832
[2024-03-31 10:37:18] [world] The Player <BTC> has broke DIRT at X= -3130, Y= 62, Z= 832
[2024-03-31 13:08:09] [world] The Player <BTC> has broke DIRT at X= -3130, Y= 61, Z= 832
[2024-03-31 13:08:10] [world] The Player <BTC> has broke DIRT at X= -3130, Y= 60, Z= 832
[2024-03-31 13:08:11] [world] The Player <BTC> has broke STONE at X= -3130, Y= 59, Z= 832
[2024-03-31 13:08:16] [world] The Player <BTC> has broke STONE at X= -3130, Y= 58, Z= 832
[2024-03-31 13:08:17] [world] The Player <BTC> has broke STONE at X= -3130, Y= 57, Z= 832
[2024-03-31 13:08:18] [world] The Player <BTC> has broke STONE at X= -3130, Y= 56, Z= 832
[2024-03-31 13:08:18] [world] The Player <BTC> has broke STONE at X= -3130, Y= 55, Z= 832
[2024-03-31 13:08:19] [world] The Player <BTC> has broke STONE at X= -3130, Y= 54, Z= 832
[2024-03-31 13:08:19] [world] The Player <BTC> has broke STONE at X= -3130, Y= 53, Z= 832
[2024-03-31 13:08:20] [world] The Player <BTC> has broke STONE at X= -3130, Y= 52, Z= 832
[2024-03-31 13:08:20] [world] The Player <BTC> has broke STONE at X= -3130, Y= 51, Z= 832
[2024-03-31 13:08:21] [world] The Player <BTC> has broke STONE at X= -3130, Y= 50, Z= 832
[2024-03-31 13:08:21] [world] The Player <BTC> has broke STONE at X= -3130, Y= 49, Z= 832
[2024-03-31 13:08:22] [world] The Player <BTC> has broke STONE at X= -3130, Y= 48, Z= 832
[2024-03-31 13:08:22] [world] The Player <BTC> has broke STONE at X= -3130, Y= 47, Z= 832
[2024-03-31 13:08:23] [world] The Player <BTC> has broke STONE at X= -3130, Y= 46, Z= 832
[2024-03-31 13:08:24] [world] The Player <BTC> has broke STONE at X= -3130, Y= 45, Z= 832
[2024-03-31 13:08:24] [world] The Player <BTC> has broke STONE at X= -3130, Y= 44, Z= 832
[2024-03-31 13:08:28] [world] The Player <BTC> has broke STONE at X= -3130, Y= 43, Z= 832
[2024-03-31 13:08:29] [world] The Player <BTC> has broke STONE at X= -3130, Y= 42, Z= 832
[2024-03-31 13:08:30] [world] The Player <BTC> has broke STONE at X= -3130, Y= 41, Z= 832
[2024-03-31 13:08:31] [world] The Player <BTC> has broke STONE at X= -3129, Y= 42, Z= 832
[2024-03-31 13:08:32] [world] The Player <BTC> has broke STONE at X= -3129, Y= 41, Z= 832
[2024-03-31 13:08:33] [world] The Player <BTC> has broke STONE at X= -3130, Y= 42, Z= 831
[2024-03-31 13:08:35] [world] The Player <BTC> has broke STONE at X= -3130, Y= 41, Z= 831
[2024-03-31 13:08:36] [world] The Player <BTC> has broke STONE at X= -3131, Y= 42, Z= 832
[2024-03-31 13:08:37] [world] The Player <BTC> has broke STONE at X= -3131, Y= 41, Z= 832
[2024-03-31 13:08:39] [world] The Player <BTC> has broke STONE at X= -3130, Y= 42, Z= 833
[2024-03-31 13:08:40] [world] The Player <BTC> has broke STONE at X= -3130, Y= 41, Z= 833
[2024-03-31 13:08:41] [world] The Player <BTC> has broke STONE at X= -3129, Y= 42, Z= 833
[2024-03-31 13:08:41] [world] The Player <BTC> has broke STONE at X= -3129, Y= 41, Z= 833
[2024-03-31 13:08:43] [world] The Player <BTC> has broke STONE at X= -3131, Y= 42, Z= 833
[2024-03-31 13:08:44] [world] The Player <BTC> has broke STONE at X= -3131, Y= 41, Z= 833
[2024-03-31 13:08:46] [world] The Player <BTC> has broke STONE at X= -3131, Y= 42, Z= 831
[2024-03-31 13:08:47] [world] The Player <BTC> has broke STONE at X= -3131, Y= 41, Z= 831
[2024-03-31 13:08:48] [world] The Player <BTC> has broke STONE at X= -3129, Y= 41, Z= 831
[2024-03-31 13:08:49] [world] The Player <BTC> has broke STONE at X= -3129, Y= 42, Z= 831
[2024-03-31 13:09:40] [world] The Player <BTC> has broke STONE at X= -3128, Y= 42, Z= 833
[2024-03-31 13:09:41] [world] The Player <BTC> has broke STONE at X= -3128, Y= 42, Z= 832
[2024-03-31 13:09:41] [world] The Player <BTC> has broke STONE at X= -3128, Y= 41, Z= 832
[2024-03-31 13:09:42] [world] The Player <BTC> has broke STONE at X= -3128, Y= 41, Z= 831
[2024-03-31 13:09:42] [world] The Player <BTC> has broke STONE at X= -3128, Y= 42, Z= 831
[2024-03-31 13:09:43] [world] The Player <BTC> has broke STONE at X= -3128, Y= 41, Z= 833
[2024-03-31 13:09:43] [world] The Player <BTC> has broke STONE at X= -3127, Y= 41, Z= 833
[2024-03-31 13:09:44] [world] The Player <BTC> has broke STONE at X= -3126, Y= 41, Z= 833
[2024-03-31 13:09:45] [world] The Player <BTC> has broke STONE at X= -3127, Y= 42, Z= 833
[2024-03-31 13:09:45] [world] The Player <BTC> has broke STONE at X= -3126, Y= 41, Z= 832
[2024-03-31 13:09:46] [world] The Player <BTC> has broke STONE at X= -3127, Y= 42, Z= 832
[2024-03-31 13:09:46] [world] The Player <BTC> has broke STONE at X= -3127, Y= 41, Z= 832
[2024-03-31 13:09:47] [world] The Player <BTC> has broke STONE at X= -3126, Y= 42, Z= 832
[2024-03-31 13:09:48] [world] The Player <BTC> has broke STONE at X= -3126, Y= 42, Z= 833
[2024-03-31 13:09:49] [world] The Player <BTC> has broke STONE at X= -3127, Y= 42, Z= 831
[2024-03-31 13:09:49] [world] The Player <BTC> has broke STONE at X= -3126, Y= 42, Z= 831
[2024-03-31 13:09:50] [world] The Player <BTC> has broke STONE at X= -3127, Y= 41, Z= 831
[2024-03-31 13:09:51] [world] The Player <BTC> has broke STONE at X= -3126, Y= 41, Z= 831
[2024-03-31 13:15:43] [world] The Player <BTC> has broke LONG_GRASS at X= -713, Y= 64, Z= 208
[2024-03-31 13:16:13] [world] The Player <BTC> has broke LONG_GRASS at X= -698, Y= 64, Z= 182
[2024-03-31 13:17:16] [world] The Player <BTC> has broke SANDSTONE at X= -709, Y= 52, Z= 91
[2024-03-31 13:17:16] [world] The Player <BTC> has broke TNT at X= -709, Y= 51, Z= 91
[2024-03-31 13:17:17] [world] The Player <BTC> has broke SANDSTONE at X= -709, Y= 50, Z= 91
[2024-03-31 13:17:17] [world] The Player <BTC> has broke STONE at X= -709, Y= 49, Z= 91
[2024-03-31 13:17:18] [world] The Player <BTC> has broke STONE at X= -709, Y= 48, Z= 91
[2024-03-31 13:17:19] [world] The Player <BTC> has broke SANDSTONE at X= -710, Y= 50, Z= 91
[2024-03-31 13:17:21] [world] The Player <BTC> has broke STONE at X= -710, Y= 49, Z= 91
[2024-03-31 13:17:22] [world] The Player <BTC> has broke SANDSTONE at X= -711, Y= 50, Z= 91
[2024-03-31 13:17:23] [world] The Player <BTC> has broke STONE at X= -711, Y= 49, Z= 91
[2024-03-31 13:17:31] [world] The Player <BTC> has broke SANDSTONE at X= -711, Y= 50, Z= 92
[2024-03-31 13:17:32] [world] The Player <BTC> has broke SANDSTONE at X= -710, Y= 49, Z= 91
[2024-03-31 13:17:32] [world] The Player <BTC> has broke SANDSTONE at X= -711, Y= 50, Z= 90
[2024-03-31 13:17:33] [world] The Player <BTC> has broke STONE at X= -711, Y= 49, Z= 90
[2024-03-31 13:17:34] [world] The Player <BTC> has broke STONE at X= -711, Y= 49, Z= 89
