[22:12:56] [Server thread/INFO]: Starting minecraft server version 1.8.8
[22:12:56] [Server thread/INFO]: Loading properties
[22:12:56] [Server thread/INFO]: Default game type: SURVIVAL
[22:12:57] [Server thread/INFO]: This server is running CraftBukkit version git-PaperSpigot-445 (MC: 1.8.8) (Implementing API version 1.8.8-R0.1-SNAPSHOT)
[22:12:57] [Server thread/INFO]: Debug logging is disabled
[22:12:57] [Server thread/INFO]: Spigot Timings: true - Verbose: true - Interval: 5m - Length: 60m
[22:12:57] [Server thread/INFO]: Server Ping Player Sample Count: 12

[22:12:57] [Server thread/INFO]: Using 4 threads for Netty based IO
[22:12:57] [Server thread/INFO]: Data value allowed items: 
[22:12:57] [Server thread/WARN]: java.lang.NoSuchFieldException: modifiers

[22:12:57] [Server thread/WARN]: 	at java.base/java.lang.Class.getDeclaredField(Class.java:2782)

[22:12:57] [Server thread/WARN]: 	at org.github.paperspigot.PaperSpigotConfig.stackableBuckets(PaperSpigotConfig.java:192)

[22:12:57] [Server thread/WARN]: 	at java.base/jdk.internal.reflect.DirectMethodHandleAccessor.invoke(DirectMethodHandleAccessor.java:103)

[22:12:57] [Server thread/WARN]: 	at java.base/java.lang.reflect.Method.invoke(Method.java:580)

[22:12:57] [Server thread/WARN]: 	at org.github.paperspigot.PaperSpigotConfig.readConfig(PaperSpigotConfig.java:84)

[22:12:57] [Server thread/WARN]: 	at org.github.paperspigot.PaperSpigotConfig.init(PaperSpigotConfig.java:62)

[22:12:57] [Server thread/WARN]: 	at net.minecraft.server.v1_8_R3.DedicatedServer.init(DedicatedServer.java:181)

[22:12:57] [Server thread/WARN]: 	at net.minecraft.server.v1_8_R3.MinecraftServer.run(MinecraftServer.java:563)

[22:12:57] [Server thread/WARN]: 	at java.base/java.lang.Thread.run(Thread.java:1583)

[22:12:57] [Server thread/INFO]: Generating keypair
[22:12:58] [Server thread/INFO]: Starting Minecraft server on localhost:25565
[22:12:58] [Server thread/INFO]: Your platform does not provide complete low-level API for accessing direct buffers reliably. Unless explicitly requested, heap buffer will always be preferred to avoid potential system unstability.
[22:12:58] [Server thread/INFO]: Using default channel type
[22:12:59] [Server thread/ERROR]: Could not load 'plugins/EagleFactions-0.17.3-API-8.2.0.jar' in folder 'plugins'
org.bukkit.plugin.InvalidDescriptionException: Invalid plugin.yml
	at org.bukkit.plugin.java.JavaPluginLoader.getPluginDescription(JavaPluginLoader.java:152) ~[patched_1.8.8.jar:git-PaperSpigot-445]
	at org.bukkit.plugin.SimplePluginManager.loadPlugins(SimplePluginManager.java:136) ~[patched_1.8.8.jar:git-PaperSpigot-445]
	at org.bukkit.craftbukkit.v1_8_R3.CraftServer.loadPlugins(CraftServer.java:293) ~[patched_1.8.8.jar:git-PaperSpigot-445]
	at net.minecraft.server.v1_8_R3.DedicatedServer.init(DedicatedServer.java:202) ~[patched_1.8.8.jar:git-PaperSpigot-445]
	at net.minecraft.server.v1_8_R3.MinecraftServer.run(MinecraftServer.java:563) ~[patched_1.8.8.jar:git-PaperSpigot-445]
	at java.lang.Thread.run(Thread.java:1583) [?:?]
Caused by: java.io.FileNotFoundException: Jar does not contain plugin.yml
	... 6 more
[22:12:59] [Server thread/ERROR]: Ambiguous plugin name `WorldEdit' for files `plugins/Worldedit.jar' and `plugins/worldedit-bukkit-6.1 (1).jar' in `plugins'
[22:12:59] [Server thread/INFO]: Set PluginClassLoader as parallel capable
[22:12:59] [Server thread/ERROR]: Could not load 'plugins/Factions.jar' in folder 'plugins'
org.bukkit.plugin.UnknownDependencyException: MassiveCore
	at org.bukkit.plugin.SimplePluginManager.loadPlugins(SimplePluginManager.java:222) ~[patched_1.8.8.jar:git-PaperSpigot-445]
	at org.bukkit.craftbukkit.v1_8_R3.CraftServer.loadPlugins(CraftServer.java:293) ~[patched_1.8.8.jar:git-PaperSpigot-445]
	at net.minecraft.server.v1_8_R3.DedicatedServer.init(DedicatedServer.java:202) ~[patched_1.8.8.jar:git-PaperSpigot-445]
	at net.minecraft.server.v1_8_R3.MinecraftServer.run(MinecraftServer.java:563) ~[patched_1.8.8.jar:git-PaperSpigot-445]
	at java.lang.Thread.run(Thread.java:1583) [?:?]
[22:12:59] [Server thread/INFO]: [PermissionsEx] sql backend registered!
[22:12:59] [Server thread/INFO]: [PermissionsEx] file backend registered!
[22:12:59] [Server thread/INFO]: [PermissionsEx] PermissionEx plugin initialized.
[22:12:59] [Server thread/INFO]: [SimpleTpa] Loading SimpleTpa v6.4
[22:12:59] [Server thread/INFO]: [WorldEdit] Loading WorldEdit v5.5.7
[22:12:59] [Server thread/INFO]: [VirtualChestPlus] Loading VirtualChestPlus v1.0
[22:12:59] [Server thread/INFO]: [AdminFun] Loading AdminFun v2.0.7
[22:12:59] [Server thread/INFO]: [BitchFilter] Loading BitchFilter v1.0
[22:12:59] [Server thread/INFO]: [LoginSecurity] Loading LoginSecurity v3.2.0
[22:12:59] [Server thread/INFO]: [PermissionsEx] Loading PermissionsEx v1.19.6
[22:12:59] [Server thread/INFO]: [PermissionsEx] Initializing file backend
[22:12:59] [Server thread/INFO]: Permissions file successfully reloaded
[22:12:59] [Server thread/INFO]: [SimpleHomes] Loading SimpleHomes v2.2
[22:12:59] [Server thread/INFO]: [EasyWarp] Loading EasyWarp v3.11.1
[22:12:59] [Server thread/INFO]: [simpleFactions] Loading simpleFactions v1.95
[22:12:59] [Server thread/INFO]: [AntiSwear] Loading AntiSwear v3.5
[22:12:59] [Server thread/INFO]: [Vault] Loading Vault v1.2.27-b349
[22:12:59] [Server thread/INFO]: [DupePatch] Loading DupePatch v1.0.0
[22:12:59] [Server thread/INFO]: [WorldGuard] Loading WorldGuard v5.7.5
[22:12:59] [Server thread/INFO]: [bPermissions] Loading bPermissions v2.12
[22:12:59] [Server thread/INFO]: [ChestShop] Loading ChestShop v3.9.0 (build #52)
[22:12:59] [Server thread/INFO]: [Shop] Loading Shop v1.3
[22:12:59] [Server thread/INFO]: [TAB] Loading TAB v4.1.2
[22:12:59] [Server thread/INFO]: [XConomy] Loading XConomy v2.25.11
[22:12:59] [Server thread/INFO]: [Vault] Enabling Vault v1.2.27-b349
[22:12:59] [Server thread/INFO]: [Vault][Permission] PermissionsEx found: Waiting
[22:12:59] [Server thread/INFO]: [Vault][Permission] bPermissions2 hooked.
[22:12:59] [Server thread/INFO]: [Vault][Permission] bPermissions 2 found: Loaded
[22:12:59] [Server thread/INFO]: [Vault][Permission] SuperPermissions loaded as backup permission system.
[22:12:59] [Server thread/INFO]: [Vault][Chat] PermissionsEx found: Waiting
[22:12:59] [Server thread/INFO]: [Vault][Chat] bPermissions2 hooked.
[22:12:59] [Server thread/INFO]: [Vault][Chat] bPermssions2 found: Loaded
[22:12:59] [Server thread/INFO]: [Vault] Enabled Version 1.2.27-b349
[22:12:59] [Server thread/INFO]: [XConomy] Enabling XConomy v2.25.11
[22:12:59] [Server thread/INFO]: [XConomy] UUID-Mode: Offline
[22:12:59] [Server thread/INFO]: [XConomy] Language: ENGLISH
[22:12:59] [Server thread/ERROR]: Error occurred while enabling XConomy v2.25.11 (Is it up to date?)
java.lang.NoClassDefFoundError: net/milkbowl/vault/economy/AbstractEconomy
	at java.lang.ClassLoader.defineClass1(Native Method) ~[?:?]
	at java.lang.ClassLoader.defineClass(ClassLoader.java:1027) ~[?:?]
	at java.security.SecureClassLoader.defineClass(SecureClassLoader.java:150) ~[?:?]
	at java.net.URLClassLoader.defineClass(URLClassLoader.java:524) ~[?:?]
	at java.net.URLClassLoader$1.run(URLClassLoader.java:427) ~[?:?]
	at java.net.URLClassLoader$1.run(URLClassLoader.java:421) ~[?:?]
	at java.security.AccessController.doPrivileged(AccessController.java:714) ~[?:?]
	at java.net.URLClassLoader.findClass(URLClassLoader.java:420) ~[?:?]
	at org.bukkit.plugin.java.PluginClassLoader.findClass(PluginClassLoader.java:102) ~[patched_1.8.8.jar:git-PaperSpigot-445]
	at org.bukkit.plugin.java.JavaPluginLoader.getClassByName(JavaPluginLoader.java:193) ~[patched_1.8.8.jar:git-PaperSpigot-445]
	at org.bukkit.plugin.java.PluginClassLoader.findClass(PluginClassLoader.java:98) ~[patched_1.8.8.jar:git-PaperSpigot-445]
	at org.bukkit.plugin.java.PluginClassLoader.findClass(PluginClassLoader.java:87) ~[patched_1.8.8.jar:git-PaperSpigot-445]
	at java.lang.ClassLoader.loadClass(ClassLoader.java:593) ~[?:?]
	at java.lang.ClassLoader.loadClass(ClassLoader.java:526) ~[?:?]
	at me.yic.xconomy.depend.economy.VaultHook.load(VaultHook.java:36) ~[?:?]
	at me.yic.xconomy.depend.LoadEconomy.load(LoadEconomy.java:33) ~[?:?]
	at me.yic.xconomy.XConomy.onEnable(XConomy.java:87) ~[?:?]
	at org.bukkit.plugin.java.JavaPlugin.setEnabled(JavaPlugin.java:321) ~[patched_1.8.8.jar:git-PaperSpigot-445]
	at org.bukkit.plugin.java.JavaPluginLoader.enablePlugin(JavaPluginLoader.java:332) ~[patched_1.8.8.jar:git-PaperSpigot-445]
	at org.bukkit.plugin.SimplePluginManager.enablePlugin(SimplePluginManager.java:407) ~[patched_1.8.8.jar:git-PaperSpigot-445]
	at org.bukkit.craftbukkit.v1_8_R3.CraftServer.loadPlugin(CraftServer.java:359) ~[patched_1.8.8.jar:git-PaperSpigot-445]
	at org.bukkit.craftbukkit.v1_8_R3.CraftServer.enablePlugins(CraftServer.java:318) ~[patched_1.8.8.jar:git-PaperSpigot-445]
	at net.minecraft.server.v1_8_R3.DedicatedServer.init(DedicatedServer.java:203) ~[patched_1.8.8.jar:git-PaperSpigot-445]
	at net.minecraft.server.v1_8_R3.MinecraftServer.run(MinecraftServer.java:563) ~[patched_1.8.8.jar:git-PaperSpigot-445]
	at java.lang.Thread.run(Thread.java:1583) [?:?]
Caused by: java.lang.ClassNotFoundException: net.milkbowl.vault.economy.AbstractEconomy
	at java.net.URLClassLoader.findClass(URLClassLoader.java:445) ~[?:?]
	at org.bukkit.plugin.java.PluginClassLoader.findClass(PluginClassLoader.java:102) ~[patched_1.8.8.jar:git-PaperSpigot-445]
	at org.bukkit.plugin.java.PluginClassLoader.findClass(PluginClassLoader.java:87) ~[patched_1.8.8.jar:git-PaperSpigot-445]
	at java.lang.ClassLoader.loadClass(ClassLoader.java:593) ~[?:?]
	at java.lang.ClassLoader.loadClass(ClassLoader.java:526) ~[?:?]
	... 25 more
[22:12:59] [Server thread/INFO]: [XConomy] Disabling XConomy v2.25.11
[22:12:59] [Server thread/INFO]: [XConomy] XConomy successfully disabled
[22:12:59] [Server thread/WARN]: **** SERVER IS RUNNING IN OFFLINE/INSECURE MODE!
[22:12:59] [Server thread/WARN]: The server will make no attempt to authenticate usernames. Beware.
[22:12:59] [Server thread/WARN]: Whilst this makes it possible to use BungeeCord, unless access to your server is properly restricted, it also opens up the ability for hackers to connect with any username they choose.
[22:12:59] [Server thread/WARN]: Please see http://www.spigotmc.org/wiki/firewall-guide/ for further information.
[22:12:59] [Server thread/WARN]: To change this, set "online-mode" to "true" in the server.properties file.
[22:12:59] [Server thread/INFO]: **** Beginning UUID conversion, this may take A LONG time ****
[22:12:59] [Server thread/INFO]: Preparing level "world"
[22:12:59] [Server thread/INFO]: -------- World Settings For [world] --------
[22:12:59] [Server thread/INFO]: Mob Spawn Range: 4
[22:12:59] [Server thread/INFO]: Anti X-Ray: true
[22:12:59] [Server thread/INFO]: 	Engine Mode: 1
[22:12:59] [Server thread/INFO]: 	Hidden Blocks: [14, 15, 16, 21, 48, 49, 54, 56, 73, 74, 82, 129, 130]
[22:12:59] [Server thread/INFO]: 	Replace Blocks: [1, 5]
[22:12:59] [Server thread/INFO]: Nerfing mobs spawned from spawners: false
[22:12:59] [Server thread/INFO]: Cactus Growth Modifier: 100%
[22:12:59] [Server thread/INFO]: Cane Growth Modifier: 100%
[22:12:59] [Server thread/INFO]: Melon Growth Modifier: 100%
[22:12:59] [Server thread/INFO]: Mushroom Growth Modifier: 100%
[22:12:59] [Server thread/INFO]: Pumpkin Growth Modifier: 100%
[22:13:00] [Server thread/INFO]: Sapling Growth Modifier: 100%
[22:13:00] [Server thread/INFO]: Wheat Growth Modifier: 100%
[22:13:00] [Server thread/INFO]: NetherWart Growth Modifier: 100%
[22:13:00] [Server thread/INFO]: Entity Activation Range: An 32 / Mo 32 / Mi 16
[22:13:00] [Server thread/INFO]: Entity Tracking Range: Pl 48 / An 48 / Mo 48 / Mi 32 / Other 64
[22:13:00] [Server thread/INFO]: Hopper Transfer: 8 Hopper Check: 8 Hopper Amount: 1
[22:13:00] [Server thread/INFO]: Random Lighting Updates: false
[22:13:00] [Server thread/INFO]: Structure Info Saving: true
[22:13:00] [Server thread/INFO]: Sending up to 10 chunks per packet
[22:13:00] [Server thread/INFO]: Max Entity Collisions: 8
[22:13:00] [Server thread/INFO]: Custom Map Seeds:  Village: 10387312 Feature: 14357617
[22:13:00] [Server thread/INFO]: Max TNT Explosions: 100
[22:13:00] [Server thread/INFO]: Tile Max Tick Time: 50ms Entity max Tick Time: 50ms
[22:13:00] [Server thread/INFO]: Zombie Aggressive Towards Villager: true
[22:13:00] [Server thread/INFO]: Item Despawn Rate: 6000
[22:13:00] [Server thread/INFO]: Item Merge Radius: 2.5
[22:13:00] [Server thread/INFO]: Arrow Despawn Rate: 1200
[22:13:00] [Server thread/INFO]: Allow Zombie Pigmen to spawn from portal blocks: true
[22:13:00] [Server thread/INFO]: View Distance: 4
[22:13:00] [Server thread/INFO]: Chunks to Grow per Tick: 650
[22:13:00] [Server thread/INFO]: Clear tick list: false
[22:13:00] [Server thread/INFO]: Experience Merge Radius: 3.0
[22:13:00] [Server thread/INFO]: -------- World Settings For [world] --------
[22:13:00] [Server thread/INFO]: Squids will spawn between Y: 45.0 and Y: 63.0
[22:13:00] [Server thread/INFO]: Max height for cactus growth 3. Max height for reed growth 3
[22:13:00] [Server thread/INFO]: Living Entity Despawn Ranges:  Soft: 32 Hard: 128
[22:13:00] [Server thread/INFO]: Player blocking damage multiplier set to 0.5
[22:13:00] [Server thread/INFO]: Remove invalid mob spawner tile entities: true
[22:13:00] [Server thread/INFO]: Water over lava flow speed: 5
[22:13:00] [Server thread/INFO]: Fix TNT cannons: false
[22:13:00] [Server thread/INFO]: Allow undead horse types to be leashed: false
[22:13:00] [Server thread/INFO]: Keep spawn chunk loaded: true
[22:13:00] [Server thread/INFO]: World async lighting: false
[22:13:00] [Server thread/INFO]: WorldServer TickNextTick cap set at 10000
[22:13:00] [Server thread/INFO]: WorldServer TickNextTickList cap always processes redstone: false
[22:13:00] [Server thread/INFO]: -------- World Settings For [world_nether] --------
[22:13:00] [Server thread/INFO]: Mob Spawn Range: 4
[22:13:00] [Server thread/INFO]: Anti X-Ray: true
[22:13:00] [Server thread/INFO]: 	Engine Mode: 1
[22:13:00] [Server thread/INFO]: 	Hidden Blocks: [14, 15, 16, 21, 48, 49, 54, 56, 73, 74, 82, 129, 130]
[22:13:00] [Server thread/INFO]: 	Replace Blocks: [1, 5]
[22:13:00] [Server thread/INFO]: Nerfing mobs spawned from spawners: false
[22:13:00] [Server thread/INFO]: Cactus Growth Modifier: 100%
[22:13:00] [Server thread/INFO]: Cane Growth Modifier: 100%
[22:13:00] [Server thread/INFO]: Melon Growth Modifier: 100%
[22:13:00] [Server thread/INFO]: Mushroom Growth Modifier: 100%
[22:13:00] [Server thread/INFO]: Pumpkin Growth Modifier: 100%
[22:13:00] [Server thread/INFO]: Sapling Growth Modifier: 100%
[22:13:00] [Server thread/INFO]: Wheat Growth Modifier: 100%
[22:13:00] [Server thread/INFO]: NetherWart Growth Modifier: 100%
[22:13:00] [Server thread/INFO]: Entity Activation Range: An 32 / Mo 32 / Mi 16
[22:13:00] [Server thread/INFO]: Entity Tracking Range: Pl 48 / An 48 / Mo 48 / Mi 32 / Other 64
[22:13:00] [Server thread/INFO]: Hopper Transfer: 8 Hopper Check: 8 Hopper Amount: 1
[22:13:00] [Server thread/INFO]: Random Lighting Updates: false
[22:13:00] [Server thread/INFO]: Structure Info Saving: true
[22:13:00] [Server thread/INFO]: Sending up to 10 chunks per packet
[22:13:00] [Server thread/INFO]: Max Entity Collisions: 8
[22:13:00] [Server thread/INFO]: Custom Map Seeds:  Village: 10387312 Feature: 14357617
[22:13:00] [Server thread/INFO]: Max TNT Explosions: 100
[22:13:00] [Server thread/INFO]: Tile Max Tick Time: 50ms Entity max Tick Time: 50ms
[22:13:00] [Server thread/INFO]: Zombie Aggressive Towards Villager: true
[22:13:00] [Server thread/INFO]: Item Despawn Rate: 6000
[22:13:00] [Server thread/INFO]: Item Merge Radius: 2.5
[22:13:00] [Server thread/INFO]: Arrow Despawn Rate: 1200
[22:13:00] [Server thread/INFO]: Allow Zombie Pigmen to spawn from portal blocks: true
[22:13:00] [Server thread/INFO]: View Distance: 4
[22:13:00] [Server thread/INFO]: Chunks to Grow per Tick: 650
[22:13:00] [Server thread/INFO]: Clear tick list: false
[22:13:00] [Server thread/INFO]: Experience Merge Radius: 3.0
[22:13:00] [Server thread/INFO]: -------- World Settings For [world_nether] --------
[22:13:00] [Server thread/INFO]: Squids will spawn between Y: 45.0 and Y: 63.0
[22:13:00] [Server thread/INFO]: Max height for cactus growth 3. Max height for reed growth 3
[22:13:00] [Server thread/INFO]: Living Entity Despawn Ranges:  Soft: 32 Hard: 128
[22:13:00] [Server thread/INFO]: Player blocking damage multiplier set to 0.5
[22:13:00] [Server thread/INFO]: Remove invalid mob spawner tile entities: true
[22:13:00] [Server thread/INFO]: Water over lava flow speed: 5
[22:13:00] [Server thread/INFO]: Fix TNT cannons: false
[22:13:00] [Server thread/INFO]: Allow undead horse types to be leashed: false
[22:13:00] [Server thread/INFO]: Keep spawn chunk loaded: true
[22:13:00] [Server thread/INFO]: World async lighting: false
[22:13:00] [Server thread/INFO]: WorldServer TickNextTick cap set at 10000
[22:13:00] [Server thread/INFO]: WorldServer TickNextTickList cap always processes redstone: false
[22:13:00] [Server thread/INFO]: -------- World Settings For [world_the_end] --------
[22:13:00] [Server thread/INFO]: Mob Spawn Range: 4
[22:13:00] [Server thread/INFO]: Anti X-Ray: true
[22:13:00] [Server thread/INFO]: 	Engine Mode: 1
[22:13:00] [Server thread/INFO]: 	Hidden Blocks: [14, 15, 16, 21, 48, 49, 54, 56, 73, 74, 82, 129, 130]
[22:13:00] [Server thread/INFO]: 	Replace Blocks: [1, 5]
[22:13:00] [Server thread/INFO]: Nerfing mobs spawned from spawners: false
[22:13:00] [Server thread/INFO]: Cactus Growth Modifier: 100%
[22:13:00] [Server thread/INFO]: Cane Growth Modifier: 100%
[22:13:00] [Server thread/INFO]: Melon Growth Modifier: 100%
[22:13:00] [Server thread/INFO]: Mushroom Growth Modifier: 100%
[22:13:00] [Server thread/INFO]: Pumpkin Growth Modifier: 100%
[22:13:00] [Server thread/INFO]: Sapling Growth Modifier: 100%
[22:13:00] [Server thread/INFO]: Wheat Growth Modifier: 100%
[22:13:00] [Server thread/INFO]: NetherWart Growth Modifier: 100%
[22:13:00] [Server thread/INFO]: Entity Activation Range: An 32 / Mo 32 / Mi 16
[22:13:00] [Server thread/INFO]: Entity Tracking Range: Pl 48 / An 48 / Mo 48 / Mi 32 / Other 64
[22:13:00] [Server thread/INFO]: Hopper Transfer: 8 Hopper Check: 8 Hopper Amount: 1
[22:13:00] [Server thread/INFO]: Random Lighting Updates: false
[22:13:00] [Server thread/INFO]: Structure Info Saving: true
[22:13:00] [Server thread/INFO]: Sending up to 10 chunks per packet
[22:13:00] [Server thread/INFO]: Max Entity Collisions: 8
[22:13:00] [Server thread/INFO]: Custom Map Seeds:  Village: 10387312 Feature: 14357617
[22:13:00] [Server thread/INFO]: Max TNT Explosions: 100
[22:13:00] [Server thread/INFO]: Tile Max Tick Time: 50ms Entity max Tick Time: 50ms
[22:13:00] [Server thread/INFO]: Zombie Aggressive Towards Villager: true
[22:13:00] [Server thread/INFO]: Item Despawn Rate: 6000
[22:13:00] [Server thread/INFO]: Item Merge Radius: 2.5
[22:13:00] [Server thread/INFO]: Arrow Despawn Rate: 1200
[22:13:00] [Server thread/INFO]: Allow Zombie Pigmen to spawn from portal blocks: true
[22:13:00] [Server thread/INFO]: View Distance: 4
[22:13:00] [Server thread/INFO]: Chunks to Grow per Tick: 650
[22:13:00] [Server thread/INFO]: Clear tick list: false
[22:13:00] [Server thread/INFO]: Experience Merge Radius: 3.0
[22:13:00] [Server thread/INFO]: -------- World Settings For [world_the_end] --------
[22:13:00] [Server thread/INFO]: Squids will spawn between Y: 45.0 and Y: 63.0
[22:13:00] [Server thread/INFO]: Max height for cactus growth 3. Max height for reed growth 3
[22:13:00] [Server thread/INFO]: Living Entity Despawn Ranges:  Soft: 32 Hard: 128
[22:13:00] [Server thread/INFO]: Player blocking damage multiplier set to 0.5
[22:13:00] [Server thread/INFO]: Remove invalid mob spawner tile entities: true
[22:13:00] [Server thread/INFO]: Water over lava flow speed: 5
[22:13:00] [Server thread/INFO]: Fix TNT cannons: false
[22:13:00] [Server thread/INFO]: Allow undead horse types to be leashed: false
[22:13:00] [Server thread/INFO]: Keep spawn chunk loaded: true
[22:13:00] [Server thread/INFO]: World async lighting: false
[22:13:00] [Server thread/INFO]: WorldServer TickNextTick cap set at 10000
[22:13:00] [Server thread/INFO]: WorldServer TickNextTickList cap always processes redstone: false
[22:13:00] [Server thread/INFO]: Preparing start region for level 0 (Seed: 2471513379735350787)
[22:13:01] [Server thread/INFO]: Preparing spawn area: 24%
[22:13:02] [Server thread/INFO]: Preparing spawn area: 80%
[22:13:02] [Server thread/INFO]: Preparing start region for level 1 (Seed: 2471513379735350787)
[22:13:03] [Server thread/INFO]: Preparing spawn area: 58%
[22:13:04] [Server thread/INFO]: Preparing start region for level 2 (Seed: 2471513379735350787)
[22:13:04] [Server thread/INFO]: [SimpleTpa] Enabling SimpleTpa v6.4
[22:13:04] [Server thread/INFO]: [0;33;1m[21m[SimpleTpa] If you need support contact me at https://discord.gg/SZUkza9[m

[22:13:04] [Server thread/INFO]: [0;33;1m[21m[SimpleTpa] Simple Tpa has been enabled on version 6.4[m

[22:13:04] [Server thread/INFO]: Enabled metrics. You may opt-out by changing plugins/bStats/config.yml
[22:13:04] [Server thread/INFO]: [WorldEdit] Enabling WorldEdit v5.5.7
[22:13:04] [Server thread/INFO]: WEPIF: bPermissions detected! Using bPermissions for permissions
[22:13:05] [Server thread/INFO]: [VirtualChestPlus] Enabling VirtualChestPlus v1.0
[22:13:05] [Server thread/INFO]: [AdminFun] Enabling AdminFun v2.0.7
[22:13:05] [Server thread/INFO]: AdminFun v2.0.7 is now enabled.
[22:13:05] [Server thread/INFO]: [BitchFilter] Enabling BitchFilter v1.0
[22:13:05] [Server thread/INFO]: [LoginSecurity] Enabling LoginSecurity v3.2.0
[22:13:05] [Server thread/INFO]: [LoginSecurity] Loading base translations from "en_us"
[22:13:05] [Server thread/INFO]: [LoginSecurity] Loading specified translations from "en_us"
[22:13:05] [Server thread/INFO]: [LoginSecurity] Registering commands...
[22:13:05] [Server thread/INFO]: [LoginSecurity] Registering listeners...
[22:13:05] [Server thread/INFO]: [PermissionsEx] Enabling PermissionsEx v1.19.6
[22:13:05] [Server thread/INFO]: [PermissionsEx] Superperms support enabled.
[22:13:05] [Server thread/INFO]: [PermissionsEx] v1.19.6 enabled
[22:13:05] [Server thread/INFO]: WEPIF: PermissionsEx detected! Using PermissionsEx for permissions.
[22:13:05] [Server thread/INFO]: [Vault][Permission] PermissionsEx hooked.
[22:13:05] [Server thread/INFO]: [Vault][Chat] PermissionsEx_Chat hooked.
[22:13:05] [Server thread/INFO]: [SimpleHomes] Enabling SimpleHomes v2.2
[22:13:05] [Server thread/INFO]: [EasyWarp] Enabling EasyWarp v3.11.1
[22:13:05] [Server thread/INFO]: [simpleFactions] Enabling simpleFactions v1.95
[22:13:05] [Server thread/INFO]: [0;32;1m[SimpleFactions is starting!][m

[22:13:05] [Server thread/INFO]: [0;32;1m[SimpleFactions has registered the events!][m

[22:13:05] [Server thread/INFO]: [0;36;1mLoaded all players.[m

[22:13:05] [Server thread/INFO]: [0;36;1mLoaded all factions.[m

[22:13:05] [Server thread/INFO]:   [0;31;1m->[0;37;22mLoading world[m

[22:13:05] [Server thread/INFO]:   [0;31;1m->[0;37;22mLoading world_the_end[m

[22:13:05] [Server thread/INFO]:   [0;31;1m->[0;37;22mLoading world_nether[m

[22:13:05] [Server thread/INFO]: [0;36;1mLoaded all worlds.[m

[22:13:05] [Server thread/INFO]: [0;32;1m[SimpleFactions has loaded necessary data!][m

[22:13:05] [Server thread/INFO]: [0;32;1m[SimpleFactions has set up tasks!][m

[22:13:05] [Server thread/INFO]: [0;32;1m[SimpleFactions has loaded the language file!][m

[22:13:07] [Server thread/INFO]: [0;33;1mError reporting error to server. No biggy, though, it's probably just offline.[m

[22:13:07] [Server thread/INFO]: [0;33;1mIf you're continually seeing this error and don't want to keep seeing it, disable reportErrorMessages in your config.json file.[m

[22:13:07] [Server thread/INFO]: [0;31;1m[SimpleFactions Error]: I/O exception while checking for updates. Are you online?[m

[22:13:07] [Server thread/INFO]: [0;32;1m[SimpleFactions has finished checking for updates!][m

[22:13:07] [Server thread/INFO]: [0;33;1mError fetching data from server. No biggy, though, it's probably just offline.[m

[22:13:07] [Server thread/INFO]: [0;33;1mIf you're continually seeing this error, disable getDataFromHome in your config.json file.[m

[22:13:07] [Server thread/INFO]: [0;32;1m[SimpleFactions has enabled successfully!][m

[22:13:07] [Server thread/INFO]: [simpleFactions] MetricsLite connection established!
[22:13:07] [Server thread/INFO]: [AntiSwear] Enabling AntiSwear v3.5
[22:13:07] [Server thread/INFO]: [AntiSwear] AntiSwear 3 Has Been Enabled!
[22:13:07] [Server thread/INFO]: [DupePatch] Enabling DupePatch v1.0.0
[22:13:07] [Server thread/INFO]: [WorldGuard] Enabling WorldGuard v5.7.5
[22:13:07] [Server thread/INFO]: [WorldGuard] (world) TNT ignition is PERMITTED.
[22:13:07] [Server thread/INFO]: [WorldGuard] (world) Lighters are PERMITTED.
[22:13:07] [Server thread/INFO]: [WorldGuard] (world) Lava fire is blocked.
[22:13:07] [Server thread/INFO]: [WorldGuard] (world) Fire spread is UNRESTRICTED.
[22:13:07] [Server thread/INFO]: [WorldGuard] Loaded configuration for world 'world'
[22:13:07] [Server thread/INFO]: [WorldGuard] (world_nether) TNT ignition is PERMITTED.
[22:13:07] [Server thread/INFO]: [WorldGuard] (world_nether) Lighters are PERMITTED.
[22:13:07] [Server thread/INFO]: [WorldGuard] (world_nether) Lava fire is blocked.
[22:13:07] [Server thread/INFO]: [WorldGuard] (world_nether) Fire spread is UNRESTRICTED.
[22:13:07] [Server thread/INFO]: [WorldGuard] Loaded configuration for world 'world_nether'
[22:13:07] [Server thread/INFO]: [WorldGuard] (world_the_end) TNT ignition is PERMITTED.
[22:13:07] [Server thread/INFO]: [WorldGuard] (world_the_end) Lighters are PERMITTED.
[22:13:07] [Server thread/INFO]: [WorldGuard] (world_the_end) Lava fire is blocked.
[22:13:07] [Server thread/INFO]: [WorldGuard] (world_the_end) Fire spread is UNRESTRICTED.
[22:13:07] [Server thread/INFO]: [WorldGuard] Loaded configuration for world 'world_the_end'
[22:13:07] [Server thread/INFO]: [WorldGuard] 1 regions loaded for 'world'
[22:13:07] [Server thread/INFO]: [WorldGuard] 0 regions loaded for 'world_nether'
[22:13:07] [Server thread/INFO]: [WorldGuard] 0 regions loaded for 'world_the_end'
[22:13:07] [Server thread/INFO]: [bPermissions] Enabling bPermissions v2.12
[22:13:07] [Server thread/INFO]: WEPIF: PermissionsEx detected! Using PermissionsEx for permissions.
[22:13:07] [Thread-8/INFO]: [bPermissions] Permissions for world world has loaded!
[22:13:07] [Server thread/INFO]: [ChestShop] Enabling ChestShop v3.9.0 (build #52)
[22:13:07] [Thread-8/INFO]: [bPermissions] Permissions for world world_nether has loaded!
[22:13:07] [Thread-8/INFO]: [bPermissions] Permissions for world world_the_end has loaded!
[22:13:07] [Thread-8/INFO]: [bPermissions] Permissions for world global has loaded!
[22:13:07] [Thread-8/INFO]: [bPermissions] Loaded 0 custom nodes!
[22:13:09] [Server thread/INFO]: [Shop] Enabling Shop v1.3
[22:13:09] [Server thread/INFO]: [Shop] Shops will use emerald as the physical economy on the server.

[22:13:09] [Server thread/INFO]: [TAB] Enabling TAB v4.1.2
[22:13:10] [Server thread/INFO]: [TAB] [0;32;1mEnabled in 396ms[m

[22:13:10] [Server thread/INFO]: Server permissions file permissions.yml is empty, ignoring it
[22:13:10] [Server thread/INFO]: Done (10.239s)! For help, type "help" or "?"
[22:13:10] [Server thread/INFO]: Timings Reset
[22:13:10] [Craft Scheduler Thread - 2/INFO]: [Metrics] Connection refused
[22:13:16] [Server thread/INFO]: [TAB] [0;31;1mSyntax[0;30;1m: [0;36;22m[21m/tab [0;34;1mgroup[0;36;22m/[0;34;1mplayer [0;36;22m<name> [0;34;1m<property> [0;36;22m<value...>[m

[22:13:16] [Server thread/INFO]: [TAB] [0;37;22mValid Properties are:[m

[22:13:16] [Server thread/INFO]: [TAB]  - [0;34;1mtabprefix[0;36;22m/[0;34;1mtabsuffix[0;36;22m/[0;34;1mcustomtabname[m

[22:13:16] [Server thread/INFO]: [TAB]  - [0;34;1mtagprefix[0;36;22m/[0;34;1mtagsuffix[0;36;22m/[0;34;1mcustomtagname[m

[22:13:16] [Server thread/INFO]: [TAB]  - [0;34;1mbelowname[0;36;22m/[0;34;1mabovename[m

[22:13:19] [Server thread/INFO]: [TAB] [0;36;22m[TAB] tabprefix has been successfully removed from player [0;33;1mKoi[m

[22:13:37] [Server thread/INFO]: [TAB] [0;36;22m[TAB] tabsuffix '[0;34;22m[21m[[0;32;1m[21mAdmin[0;30;22m[21m] [0;36;22m' has been successfully assigned to player [0;33;1mKoi[m

[22:14:23] [Thread-10/INFO]: UUID of player GolemDaWanderer is e8de36e0-d4b2-315e-8c5d-b2baec5db3bf
[22:14:23] [Server thread/INFO]: GolemDaWanderer[/[0:0:0:0:0:0:0:1]:40332] logged in with entity id 997 at ([world]10030.126231230486, 66.49064320585485, -10133.628718387428)
[22:16:21] [Thread-11/INFO]: UUID of player A_Random_Person is 4ff82c81-5212-3b70-a242-fc55abca7b6f
[22:16:21] [Server thread/INFO]: A_Random_Person[/[0:0:0:0:0:0:0:1]:54280] logged in with entity id 1291 at ([world]-744.2116503429755, 69.8500000178814, 331.99765804616794)
[22:17:15] [Async Chat Thread - #0/INFO]: [global] /DoggoClan/  (A_Random_Person): I NEED A SADDLE
[22:17:26] [Server thread/WARN]: [WorldEdit] No compatible nms block class found.
[22:17:30] [Thread-12/INFO]: UUID of player Koi is 07946ff9-6914-3d1e-ad20-1fb9707fe775
[22:17:30] [Server thread/INFO]: Koi[/[0:0:0:0:0:0:0:1]:50258] logged in with entity id 1567 at ([world]-563.3000000119209, 68.0, 248.84026007305815)
[22:17:58] [Server thread/INFO]: GolemDaWanderer issued server command: /locate Koi
[22:17:58] [Thread-13/INFO]: UUID of player NezukoChan is f7bb36ab-e336-3c4d-9238-e9504956be33
[22:17:59] [Server thread/INFO]: NezukoChan[/[0:0:0:0:0:0:0:1]:40418] logged in with entity id 2024 at ([world]-9492.43970583457, 77.8500000178814, 3748.167770833646)
[22:18:09] [Async Chat Thread - #0/INFO]: [global]  (NezukoChan): yo
[22:18:45] [Server thread/INFO]: GolemDaWanderer issued server command: /locate GolemDaWanderer
[22:18:56] [Server thread/INFO]: GolemDaWanderer issued server command: /locate minecraft:plains
[22:19:10] [Server thread/INFO]: GolemDaWanderer lost connection: Disconnected
[22:19:10] [Server thread/INFO]: GolemDaWanderer left the game.
[22:19:26] [Server thread/INFO]: Koi issued server command: /time set day
[22:20:10] [Server thread/INFO]: A_Random_Person lost connection: Disconnected
[22:20:10] [Server thread/INFO]: A_Random_Person left the game.
[22:21:06] [Server thread/INFO]: NezukoChan lost connection: Disconnected
[22:21:06] [Server thread/INFO]: NezukoChan left the game.
[22:23:10] [Craft Scheduler Thread - 5/INFO]: [0;32;1m[SimpleFactions has finished saving!][m

[22:23:10] [Craft Scheduler Thread - 5/INFO]: [Metrics] Connection refused
[22:24:33] [Thread-15/INFO]: UUID of player theproman3387 is d9a95374-d096-3dd8-88d6-b3a6cdec71db
[22:24:33] [Server thread/INFO]: Disconnecting com.mojang.authlib.GameProfile@299c2839[id=d9a95374-d096-3dd8-88d6-b3a6cdec71db,name=theproman3387,properties={textures=[com.mojang.authlib.properties.Property@6b585751], isEaglerPlayer=[com.mojang.authlib.properties.Property@3d51e347]},legacy=false] (/[0:0:0:0:0:0:0:1]:57010): You are not whitelisted on this server!
[22:24:33] [Server thread/INFO]: com.mojang.authlib.GameProfile@299c2839[id=d9a95374-d096-3dd8-88d6-b3a6cdec71db,name=theproman3387,properties={textures=[com.mojang.authlib.properties.Property@6b585751], isEaglerPlayer=[com.mojang.authlib.properties.Property@3d51e347]},legacy=false] (/[0:0:0:0:0:0:0:1]:57010) lost connection: You are not whitelisted on this server!
[22:24:48] [Thread-16/INFO]: UUID of player theproman3387 is d9a95374-d096-3dd8-88d6-b3a6cdec71db
[22:24:48] [Server thread/INFO]: Disconnecting com.mojang.authlib.GameProfile@1aec2cde[id=d9a95374-d096-3dd8-88d6-b3a6cdec71db,name=theproman3387,properties={textures=[com.mojang.authlib.properties.Property@673d4190], isEaglerPlayer=[com.mojang.authlib.properties.Property@7186e4da]},legacy=false] (/[0:0:0:0:0:0:0:1]:44564): You are not whitelisted on this server!
[22:24:48] [Server thread/INFO]: com.mojang.authlib.GameProfile@1aec2cde[id=d9a95374-d096-3dd8-88d6-b3a6cdec71db,name=theproman3387,properties={textures=[com.mojang.authlib.properties.Property@673d4190], isEaglerPlayer=[com.mojang.authlib.properties.Property@7186e4da]},legacy=false] (/[0:0:0:0:0:0:0:1]:44564) lost connection: You are not whitelisted on this server!
[22:24:59] [Server thread/INFO]: Turned off the whitelist
[22:25:14] [Thread-17/INFO]: UUID of player theproman3387 is d9a95374-d096-3dd8-88d6-b3a6cdec71db
[22:25:14] [Server thread/INFO]: theproman3387[/[0:0:0:0:0:0:0:1]:40252] logged in with entity id 4038 at ([world]-614.7725719539869, 66.0, 279.86182198985483)
[22:25:52] [Server thread/INFO]: [0;32;1m[God] [0;31;1mhi sorry the whitelist being weird af today [m

[22:26:00] [Server thread/INFO]: Unknown command. Type "/help" for help.[m

[22:26:04] [Server thread/INFO]: Added theproman3387 to the whitelist
[22:26:06] [Server thread/INFO]: Added theproman3387 to the whitelist
[22:26:12] [Server thread/INFO]: There are 2/30 players online:
[22:26:12] [Server thread/INFO]: Koi, theproman3387
[22:26:14] [Async Chat Thread - #1/INFO]: [global]  (theproman3387): hi
[22:26:25] [Async Chat Thread - #1/INFO]: [global]  (theproman3387): ur creative right
[22:27:08] [Async Chat Thread - #1/INFO]: [global]  (theproman3387): oops
[22:27:08] [Server thread/INFO]: [Server] this is isaac from console, he has creative cuz hes building lol
[22:27:13] [Server thread/INFO]: [Server] spawn
[22:27:23] [Async Chat Thread - #1/INFO]: [global]  (theproman3387): i want build to
[22:27:32] [Thread-18/INFO]: UUID of player I_am_amazing is 7e8da72a-cfff-3ef4-aa28-0a41015af521
[22:27:32] [Server thread/INFO]: I_am_amazing[/[0:0:0:0:0:0:0:1]:35908] logged in with entity id 4228 at ([world]-698.8923756721198, 68.0, 342.2590281340767)
[22:27:37] [Async Chat Thread - #1/INFO]: [global]  (theproman3387): yao
[22:27:40] [Thread-19/INFO]: UUID of player Char is ed29d03b-f01b-39dd-ab82-ac3b54f2c88b
[22:27:40] [Server thread/INFO]: Char[/[0:0:0:0:0:0:0:1]:54296] logged in with entity id 4277 at ([world]-553.1960889164999, 79.52001101398804, 248.2200354709686)
[22:27:45] [Async Chat Thread - #1/INFO]: [global]  (Char): hello
[22:27:49] [Async Chat Thread - #1/INFO]: [global]  (I_am_amazing): what happened to the server
[22:27:49] [Async Chat Thread - #1/INFO]: [global]  (Char): oh admins the wrong color my bad
[22:27:54] [Async Chat Thread - #1/INFO]: [global]  (Char): it crashed
[22:28:00] [Async Chat Thread - #1/INFO]: [global]  (I_am_amazing): mod?
[22:28:01] [Async Chat Thread - #1/INFO]: [global]  (Char): btw in like 20 minutes its gonna be down for a update
[22:28:08] [Async Chat Thread - #1/INFO]: [global]  (Char): still working on ranks will soon
[22:28:17] [Server thread/INFO]: Game rule has been updated
[22:28:28] [Server thread/INFO]: [TAB] [0;36;22m[TAB] tabsuffix '[0;30;22m[21m[[0;32;1m[21mAdmin[0;34;22m[21m] [0;36;22m' has been successfully assigned to player [0;33;1mKoi[m

[22:28:52] [Server thread/INFO]: [TAB] [0;36;22m[TAB] tabsuffix '[0;30;22m[21m[[0;34;22mAdmin[0;30;22m[21m] [0;36;22m' has been successfully assigned to player [0;33;1mKoi[m

[22:28:59] [Async Chat Thread - #1/INFO]: [global]  (Char): there we go
[22:29:00] [Async Chat Thread - #1/INFO]: [global]  (Char): blue admin
[22:29:11] [Server thread/INFO]: [TAB] [0;36;22m[TAB] tabsuffix '[0;30;22m[21m[[0;32;1m[21mAdmin[0;34;22m[21m] [0;36;22m' has been successfully assigned to player [0;33;1mKoi[m

[22:29:15] [Async Chat Thread - #1/INFO]: [global]  (theproman3387): sup
[22:29:18] [Async Chat Thread - #1/INFO]: [global]  (Koi): poop
[22:29:21] [Server thread/INFO]: [TAB] [0;36;22m[TAB] tabsuffix '[0;30;22m[21m[[0;30;22m[21mAdmin[0;34;22m[21m] [0;36;22m' has been successfully assigned to player [0;33;1mKoi[m

[22:29:22] [Async Chat Thread - #1/INFO]: [global]  (I_am_amazing): BRUH
[22:29:25] [Async Chat Thread - #1/INFO]: [global]  (I_am_amazing): WTH
[22:29:25] [Server thread/INFO]: [TAB] [0;36;22m[TAB] tabsuffix '[0;34;22m[21m[[0;30;22m[21mAdmin[0;34;22m[21m] [0;36;22m' has been successfully assigned to player [0;33;1mKoi[m

[22:29:29] [Server thread/INFO]: [TAB] [0;36;22m[TAB] tabsuffix '[0;32;1m[21m[[0;30;22m[21mAdmin[0;34;22m[21m] [0;36;22m' has been successfully assigned to player [0;33;1mKoi[m

[22:29:35] [Server thread/INFO]: [TAB] [0;36;22m[TAB] tabsuffix '[0;30;22m[21m[[0;32;1m[21mAdmin[0;34;22m[21m] [0;36;22m' has been successfully assigned to player [0;33;1mKoi[m

[22:29:39] [Server thread/INFO]: [TAB] [0;36;22m[TAB] tabsuffix '[0;34;22m[21m[[0;32;1m[21mAdmin[0;34;22m[21m] [0;36;22m' has been successfully assigned to player [0;33;1mKoi[m

[22:29:40] [Server thread/INFO]: Koi issued server command: /weather clear
[22:29:45] [Server thread/INFO]: [TAB] [0;36;22m[TAB] tabsuffix '[0;30;22m[21m[[0;34;22m[21mAdmin[0;34;22m[21m] [0;36;22m' has been successfully assigned to player [0;33;1mKoi[m

[22:29:46] [Async Chat Thread - #1/INFO]: [global]  (theproman3387): whoa
[22:29:53] [Async Chat Thread - #1/INFO]: [global]  (Koi): also the proman
[22:29:57] [Async Chat Thread - #1/INFO]: [global]  (theproman3387): thanks
[22:30:01] [Async Chat Thread - #1/INFO]: [global]  (Koi): if u ever wanna com eback easily
[22:30:05] [Server thread/INFO]: [TAB] [0;36;22m[TAB] tabsuffix '[0;30;22m[21m[[0;34;22m[21mAdmin[0;30;22m[21m] [0;36;22m' has been successfully assigned to player [0;33;1mKoi[m

[22:30:07] [Async Chat Thread - #1/INFO]: [global]  (Koi): do /warp shop
[22:30:10] [Async Chat Thread - #1/INFO]: [global]  (Char): yea
[22:30:14] [Async Chat Thread - #1/INFO]: [global]  (Char): also do /sethome base
[22:30:14] [Thread-20/INFO]: UUID of player NezukoChan is f7bb36ab-e336-3c4d-9238-e9504956be33
[22:30:14] [Server thread/INFO]: NezukoChan[/[0:0:0:0:0:0:0:1]:53286] logged in with entity id 5562 at ([world]-9499.961199037007, 76.8500000178814, 3878.300000011921)
[22:30:16] [Async Chat Thread - #1/INFO]: [global]  (Char): at your base
[22:30:20] [Async Chat Thread - #1/INFO]: [global]  (Char): hi
[22:30:21] [Server thread/INFO]: theproman3387 issued server command: /sethome
[22:30:26] [Async Chat Thread - #1/INFO]: [global]  (Char): press tab we just updated tab menu
[22:30:36] [Async Chat Thread - #1/INFO]: [global]  (Koi): nice
[22:30:41] [Async Chat Thread - #1/INFO]: [global]  (NezukoChan): pretty nice
[22:30:44] [Server thread/INFO]: theproman3387 issued server command: /sethome theproman3387
[22:30:57] [Async Chat Thread - #1/INFO]: [global]  (Char): ima go work on upgrading server to be always on cya guys
[22:30:59] [Server thread/INFO]: Char lost connection: Disconnected
[22:30:59] [Server thread/INFO]: Char left the game.
[22:31:19] [Server thread/INFO]: [0;32;1m[God] [0;31;1mServer is preparing for Backup [m

[22:31:24] [Async Chat Thread - #1/INFO]: [global]  (Koi): k
