12.03.2024 - 21:55:13 - [TAB v4.1.2] Something just tried to add player Koi into team er_player (expected team: 6KoiA)
12.03.2024 - 21:55:13 - [TAB v4.1.2] Something just tried to add player Corner1 into team er_player (expected team: 6Corner1A)
12.03.2024 - 21:55:13 - [TAB v4.1.2] Something just tried to add player I_am_amazing into team er_player (expected team: 6I_am_amazingA)
12.03.2024 - 21:55:13 - [TAB v4.1.2] Something just tried to add player henryericaiden into team er_player (expected team: 6henryericaidenA)
12.03.2024 - 22:25:14 - [TAB v4.1.2] Something just tried to add player Koi into team er_player (expected team: 6KoiA)
12.03.2024 - 22:25:14 - [TAB v4.1.2] Something just tried to add player theproman3387 into team er_player (expected team: 6theproman3387A)
12.03.2024 - 22:27:40 - [TAB v4.1.2] Something just tried to add player Koi into team er_player (expected team: 6KoiA)
12.03.2024 - 22:27:40 - [TAB v4.1.2] Something just tried to add player theproman3387 into team er_player (expected team: 6theproman3387A)
12.03.2024 - 22:27:40 - [TAB v4.1.2] Something just tried to add player I_am_amazing into team er_player (expected team: 6I_am_amazingA)
12.03.2024 - 22:31:36 - [TAB v4.1.2] Something just tried to add player Koi into team er_player (expected team: 6KoiA)
12.03.2024 - 22:31:36 - [TAB v4.1.2] Something just tried to add player theproman3387 into team er_player (expected team: 6theproman3387A)
12.03.2024 - 22:31:36 - [TAB v4.1.2] Something just tried to add player Corner1 into team er_player (expected team: 6Corner1A)
12.03.2024 - 22:31:36 - [TAB v4.1.2] Something just tried to add player I_am_amazing into team er_player (expected team: 6I_am_amazingA)
12.03.2024 - 22:49:54 - [TAB v4.1.2] Something just tried to add player Koi into team er_player (expected team: 6KoiA)
12.03.2024 - 22:49:54 - [TAB v4.1.2] Something just tried to add player theproman3387 into team er_player (expected team: 6theproman3387A)
12.03.2024 - 22:49:54 - [TAB v4.1.2] Something just tried to add player I_am_amazing into team er_player (expected team: 6I_am_amazingA)
13.03.2024 - 12:38:29 - [TAB v4.1.2] Something just tried to add player WienerDogFace into team er_player (expected team: 6WienerDogFaceA)
13.03.2024 - 12:38:29 - [TAB v4.1.2] Something just tried to add player I_am_amazing into team er_player (expected team: 6I_am_amazingA)
13.03.2024 - 12:38:29 - [TAB v4.1.2] Something just tried to add player henryericaiden into team er_player (expected team: 6henryericaidenA)
13.03.2024 - 12:54:07 - [TAB v4.1.2] Something just tried to add player I_am_amazing into team er_player (expected team: 6I_am_amazingA)
13.03.2024 - 12:54:07 - [TAB v4.1.2] Something just tried to add player henryericaiden into team er_player (expected team: 6henryericaidenA)
13.03.2024 - 12:59:36 - [TAB v4.1.2] Something just tried to add player I_am_amazing into team er_player (expected team: 6I_am_amazingA)
13.03.2024 - 12:59:44 - [TAB v4.1.2] Something just tried to add player WienerDogFace into team er_player (expected team: 6WienerDogFaceA)
13.03.2024 - 12:59:44 - [TAB v4.1.2] Something just tried to add player I_am_amazing into team er_player (expected team: 6I_am_amazingA)
13.03.2024 - 13:03:21 - [TAB v4.1.2] Something just tried to add player VeerIsKKK into team er_player (expected team: 6VeerIsKKKA)
13.03.2024 - 13:17:28 - [TAB v4.1.2] Something just tried to add player WienerDogFace into team er_player (expected team: 6WienerDogFaceA)
13.03.2024 - 13:17:28 - [TAB v4.1.2] Something just tried to add player I_am_amazing into team er_player (expected team: 6I_am_amazingA)
13.03.2024 - 13:17:28 - [TAB v4.1.2] Something just tried to add player VeerIsKKK into team er_player (expected team: 6VeerIsKKKA)
13.03.2024 - 13:20:57 - [TAB v4.1.2] Something just tried to add player I_am_amazing into team er_player (expected team: 6I_am_amazingA)
13.03.2024 - 13:20:57 - [TAB v4.1.2] Something just tried to add player VeerIsKKK into team er_player (expected team: 6VeerIsKKKA)
13.03.2024 - 13:22:55 - [TAB v4.1.2] Something just tried to add player I_am_amazing into team er_player (expected team: 6I_am_amazingA)
13.03.2024 - 13:22:55 - [TAB v4.1.2] Something just tried to add player henryericaiden into team er_player (expected team: 6henryericaidenA)
13.03.2024 - 13:22:55 - [TAB v4.1.2] Something just tried to add player VeerIsKKK into team er_player (expected team: 6VeerIsKKKA)
13.03.2024 - 13:25:06 - [TAB v4.1.2] Something just tried to add player I_am_amazing into team er_player (expected team: 6I_am_amazingA)
13.03.2024 - 13:25:06 - [TAB v4.1.2] Something just tried to add player henryericaiden into team er_player (expected team: 6henryericaidenA)
13.03.2024 - 13:25:06 - [TAB v4.1.2] Something just tried to add player VeerIsKKK into team er_player (expected team: 6VeerIsKKKA)
13.03.2024 - 13:28:09 - [TAB v4.1.2] Something just tried to add player I_am_amazing into team er_player (expected team: 7I_am_amazingA)
13.03.2024 - 13:28:09 - [TAB v4.1.2] Something just tried to add player henryericaiden into team er_player (expected team: 0henryericaidenA)
13.03.2024 - 13:28:50 - [TAB v4.1.2] Something just tried to add player I_am_amazing into team er_player (expected team: 7I_am_amazingA)
13.03.2024 - 13:28:50 - [TAB v4.1.2] Something just tried to add player henryericaiden into team er_player (expected team: 0henryericaidenA)
13.03.2024 - 13:32:33 - [TAB v4.1.2] Something just tried to add player VeerIsKKK into team er_player (expected team: 7VeerIsKKKA)
13.03.2024 - 13:35:10 - [TAB v4.1.2] Something just tried to add player WienerDogFace into team er_player (expected team: 7WienerDogFaceA)
13.03.2024 - 13:35:10 - [TAB v4.1.2] Something just tried to add player I_am_amazing into team er_player (expected team: 7I_am_amazingA)
13.03.2024 - 13:35:10 - [TAB v4.1.2] Something just tried to add player henryericaiden into team er_player (expected team: 0henryericaidenA)
13.03.2024 - 13:35:10 - [TAB v4.1.2] Something just tried to add player VeerIsKKK into team er_player (expected team: 7VeerIsKKKA)
13.03.2024 - 13:40:28 - [TAB v4.1.2] Something just tried to add player I_am_amazing into team er_player (expected team: 7I_am_amazingA)
13.03.2024 - 13:40:28 - [TAB v4.1.2] Something just tried to add player henryericaiden into team er_player (expected team: 0henryericaidenA)
13.03.2024 - 13:40:28 - [TAB v4.1.2] Something just tried to add player VeerIsKKK into team er_player (expected team: 7VeerIsKKKA)
13.03.2024 - 13:42:50 - [TAB v4.1.2] Something just tried to add player WienerDogFace into team er_player (expected team: 7WienerDogFaceA)
13.03.2024 - 13:42:50 - [TAB v4.1.2] Something just tried to add player I_am_amazing into team er_player (expected team: 7I_am_amazingA)
13.03.2024 - 13:42:50 - [TAB v4.1.2] Something just tried to add player henryericaiden into team er_player (expected team: 0henryericaidenA)
13.03.2024 - 13:42:50 - [TAB v4.1.2] Something just tried to add player VeerIsKKK into team er_player (expected team: 7VeerIsKKKA)
13.03.2024 - 13:45:19 - [TAB v4.1.2] Something just tried to add player WienerDogFace into team er_player (expected team: 7WienerDogFaceA)
13.03.2024 - 13:45:19 - [TAB v4.1.2] Something just tried to add player I_am_amazing into team er_player (expected team: 7I_am_amazingA)
13.03.2024 - 13:45:19 - [TAB v4.1.2] Something just tried to add player henryericaiden into team er_player (expected team: 0henryericaidenA)
13.03.2024 - 13:46:57 - [TAB v4.1.2] Something just tried to add player WienerDogFace into team er_player (expected team: 7WienerDogFaceA)
13.03.2024 - 13:46:57 - [TAB v4.1.2] Something just tried to add player I_am_amazing into team er_player (expected team: 7I_am_amazingA)
13.03.2024 - 13:46:57 - [TAB v4.1.2] Something just tried to add player henryericaiden into team er_player (expected team: 0henryericaidenA)
13.03.2024 - 13:47:12 - [TAB v4.1.2] Something just tried to add player WienerDogFace into team er_player (expected team: 7WienerDogFaceA)
13.03.2024 - 13:47:12 - [TAB v4.1.2] Something just tried to add player Koi into team er_player (expected team: 0KoiA)
13.03.2024 - 13:47:12 - [TAB v4.1.2] Something just tried to add player I_am_amazing into team er_player (expected team: 7I_am_amazingA)
13.03.2024 - 13:47:12 - [TAB v4.1.2] Something just tried to add player henryericaiden into team er_player (expected team: 0henryericaidenA)
13.03.2024 - 13:47:24 - [TAB v4.1.2] Something just tried to add player WienerDogFace into team er_player (expected team: 7WienerDogFaceA)
13.03.2024 - 13:47:24 - [TAB v4.1.2] Something just tried to add player Koi into team er_player (expected team: 0KoiA)
13.03.2024 - 13:47:24 - [TAB v4.1.2] Something just tried to add player I_am_amazing into team er_player (expected team: 7I_am_amazingA)
13.03.2024 - 13:47:24 - [TAB v4.1.2] Something just tried to add player henryericaiden into team er_player (expected team: 0henryericaidenA)
13.03.2024 - 13:47:34 - [TAB v4.1.2] Something just tried to add player WienerDogFace into team er_player (expected team: 7WienerDogFaceA)
13.03.2024 - 13:47:34 - [TAB v4.1.2] Something just tried to add player Koi into team er_player (expected team: 0KoiA)
13.03.2024 - 13:47:34 - [TAB v4.1.2] Something just tried to add player I_am_amazing into team er_player (expected team: 7I_am_amazingA)
13.03.2024 - 13:47:34 - [TAB v4.1.2] Something just tried to add player henryericaiden into team er_player (expected team: 0henryericaidenA)
13.03.2024 - 13:47:34 - [TAB v4.1.2] Something just tried to add player VeerIsKKK into team er_player (expected team: 7VeerIsKKKA)
13.03.2024 - 13:48:13 - [TAB v4.1.2] Something just tried to add player WienerDogFace into team er_player (expected team: 7WienerDogFaceA)
13.03.2024 - 13:48:13 - [TAB v4.1.2] Something just tried to add player Koi into team er_player (expected team: 0KoiA)
13.03.2024 - 13:48:13 - [TAB v4.1.2] Something just tried to add player I_am_amazing into team er_player (expected team: 7I_am_amazingA)
13.03.2024 - 13:48:13 - [TAB v4.1.2] Something just tried to add player henryericaiden into team er_player (expected team: 0henryericaidenA)
13.03.2024 - 13:48:22 - [TAB v4.1.2] Something just tried to add player WienerDogFace into team er_player (expected team: 7WienerDogFaceA)
13.03.2024 - 13:48:22 - [TAB v4.1.2] Something just tried to add player Koi into team er_player (expected team: 0KoiA)
13.03.2024 - 13:48:22 - [TAB v4.1.2] Something just tried to add player Corner1 into team er_player (expected team: 7Corner1A)
13.03.2024 - 13:48:22 - [TAB v4.1.2] Something just tried to add player I_am_amazing into team er_player (expected team: 7I_am_amazingA)
13.03.2024 - 13:48:22 - [TAB v4.1.2] Something just tried to add player henryericaiden into team er_player (expected team: 0henryericaidenA)
13.03.2024 - 13:48:22 - [TAB v4.1.2] Something just tried to add player VeerIsKKK into team er_player (expected team: 7VeerIsKKKA)
13.03.2024 - 13:48:43 - [TAB v4.1.2] Something just tried to add player WienerDogFace into team er_player (expected team: 7WienerDogFaceA)
13.03.2024 - 13:48:43 - [TAB v4.1.2] Something just tried to add player Koi into team er_player (expected team: 0KoiA)
13.03.2024 - 13:48:43 - [TAB v4.1.2] Something just tried to add player Corner1 into team er_player (expected team: 7Corner1A)
13.03.2024 - 13:48:43 - [TAB v4.1.2] Something just tried to add player I_am_amazing into team er_player (expected team: 7I_am_amazingA)
13.03.2024 - 13:48:43 - [TAB v4.1.2] Something just tried to add player henryericaiden into team er_player (expected team: 0henryericaidenA)
13.03.2024 - 13:48:43 - [TAB v4.1.2] Something just tried to add player VeerIsKKK into team er_player (expected team: 7VeerIsKKKA)
13.03.2024 - 13:52:07 - [TAB v4.1.2] Something just tried to add player Corner1 into team er_player (expected team: 7Corner1A)
13.03.2024 - 13:52:07 - [TAB v4.1.2] Something just tried to add player I_am_amazing into team er_player (expected team: 7I_am_amazingA)
13.03.2024 - 13:52:28 - [TAB v4.1.2] Something just tried to add player WienerDogFace into team er_player (expected team: 7WienerDogFaceA)
13.03.2024 - 13:52:28 - [TAB v4.1.2] Something just tried to add player Corner1 into team er_player (expected team: 7Corner1A)
13.03.2024 - 13:52:28 - [TAB v4.1.2] Something just tried to add player I_am_amazing into team er_player (expected team: 7I_am_amazingA)
13.03.2024 - 13:52:28 - [TAB v4.1.2] Something just tried to add player VeerIsKKK into team er_player (expected team: 7VeerIsKKKA)
13.03.2024 - 13:52:55 - [TAB v4.1.2] Something just tried to add player WienerDogFace into team er_player (expected team: 7WienerDogFaceA)
13.03.2024 - 13:52:55 - [TAB v4.1.2] Something just tried to add player Corner1 into team er_player (expected team: 7Corner1A)
13.03.2024 - 13:52:55 - [TAB v4.1.2] Something just tried to add player I_am_amazing into team er_player (expected team: 7I_am_amazingA)
13.03.2024 - 13:52:55 - [TAB v4.1.2] Something just tried to add player Mudkips_Rule into team er_player (expected team: 7Mudkips_RuleA)
13.03.2024 - 13:52:55 - [TAB v4.1.2] Something just tried to add player VeerIsKKK into team er_player (expected team: 7VeerIsKKKA)
13.03.2024 - 13:53:44 - [TAB v4.1.2] Something just tried to add player WienerDogFace into team er_player (expected team: 7WienerDogFaceA)
13.03.2024 - 13:53:44 - [TAB v4.1.2] Something just tried to add player Koi into team er_player (expected team: 0KoiA)
13.03.2024 - 13:53:44 - [TAB v4.1.2] Something just tried to add player Corner1 into team er_player (expected team: 7Corner1A)
13.03.2024 - 13:53:44 - [TAB v4.1.2] Something just tried to add player I_am_amazing into team er_player (expected team: 7I_am_amazingA)
13.03.2024 - 13:53:44 - [TAB v4.1.2] Something just tried to add player Mudkips_Rule into team er_player (expected team: 7Mudkips_RuleA)
13.03.2024 - 13:53:44 - [TAB v4.1.2] Something just tried to add player VeerIsKKK into team er_player (expected team: 7VeerIsKKKA)
13.03.2024 - 13:54:34 - [TAB v4.1.2] Something just tried to add player WienerDogFace into team er_player (expected team: 7WienerDogFaceA)
13.03.2024 - 13:54:34 - [TAB v4.1.2] Something just tried to add player Koi into team er_player (expected team: 0KoiA)
13.03.2024 - 13:54:34 - [TAB v4.1.2] Something just tried to add player Corner1 into team er_player (expected team: 7Corner1A)
13.03.2024 - 13:54:34 - [TAB v4.1.2] Something just tried to add player I_am_amazing into team er_player (expected team: 7I_am_amazingA)
13.03.2024 - 13:54:34 - [TAB v4.1.2] Something just tried to add player Mudkips_Rule into team er_player (expected team: 7Mudkips_RuleA)
13.03.2024 - 13:54:34 - [TAB v4.1.2] Something just tried to add player VeerIsKKK into team er_player (expected team: 7VeerIsKKKA)
13.03.2024 - 13:54:46 - [TAB v4.1.2] Something just tried to add player WienerDogFace into team er_player (expected team: 7WienerDogFaceA)
13.03.2024 - 13:54:46 - [TAB v4.1.2] Something just tried to add player Koi into team er_player (expected team: 0KoiA)
13.03.2024 - 13:54:46 - [TAB v4.1.2] Something just tried to add player Corner1 into team er_player (expected team: 7Corner1A)
13.03.2024 - 13:54:46 - [TAB v4.1.2] Something just tried to add player I_am_amazing into team er_player (expected team: 7I_am_amazingA)
13.03.2024 - 13:54:46 - [TAB v4.1.2] Something just tried to add player Mudkips_Rule into team er_player (expected team: 7Mudkips_RuleA)
13.03.2024 - 13:54:46 - [TAB v4.1.2] Something just tried to add player VeerIsKKK into team er_player (expected team: 7VeerIsKKKA)
13.03.2024 - 13:54:46 - [TAB v4.1.2] Something just tried to add player WienerDogFace into team er_player (expected team: 7WienerDogFaceA)
13.03.2024 - 13:54:46 - [TAB v4.1.2] Something just tried to add player Koi into team er_player (expected team: 0KoiA)
13.03.2024 - 13:54:46 - [TAB v4.1.2] Something just tried to add player Corner1 into team er_player (expected team: 7Corner1A)
13.03.2024 - 13:54:46 - [TAB v4.1.2] Something just tried to add player I_am_amazing into team er_player (expected team: 7I_am_amazingA)
13.03.2024 - 13:54:46 - [TAB v4.1.2] Something just tried to add player Mudkips_Rule into team er_player (expected team: 7Mudkips_RuleA)
13.03.2024 - 13:54:46 - [TAB v4.1.2] Something just tried to add player VeerIsKKK into team er_player (expected team: 7VeerIsKKKA)
13.03.2024 - 13:57:27 - [TAB v4.1.2] Something just tried to add player WienerDogFace into team er_player (expected team: 7WienerDogFaceA)
13.03.2024 - 13:57:27 - [TAB v4.1.2] Something just tried to add player Koi into team er_player (expected team: 0KoiA)
13.03.2024 - 13:57:27 - [TAB v4.1.2] Something just tried to add player theproman3387 into team er_player (expected team: 7theproman3387A)
13.03.2024 - 13:57:27 - [TAB v4.1.2] Something just tried to add player Corner1 into team er_player (expected team: 7Corner1A)
13.03.2024 - 13:57:27 - [TAB v4.1.2] Something just tried to add player I_am_amazing into team er_player (expected team: 7I_am_amazingA)
13.03.2024 - 13:57:27 - [TAB v4.1.2] Something just tried to add player Mudkips_Rule into team er_player (expected team: 7Mudkips_RuleA)
13.03.2024 - 13:57:27 - [TAB v4.1.2] Something just tried to add player VeerIsKKK into team er_player (expected team: 7VeerIsKKKA)
13.03.2024 - 14:01:35 - [TAB v4.1.2] Something just tried to add player WienerDogFace into team er_player (expected team: 7WienerDogFaceA)
13.03.2024 - 14:01:35 - [TAB v4.1.2] Something just tried to add player Koi into team er_player (expected team: 0KoiA)
13.03.2024 - 14:01:35 - [TAB v4.1.2] Something just tried to add player theproman3387 into team er_player (expected team: 7theproman3387A)
13.03.2024 - 14:01:35 - [TAB v4.1.2] Something just tried to add player Corner1 into team er_player (expected team: 7Corner1A)
13.03.2024 - 14:01:35 - [TAB v4.1.2] Something just tried to add player I_am_amazing into team er_player (expected team: 7I_am_amazingA)
13.03.2024 - 14:01:35 - [TAB v4.1.2] Something just tried to add player Mudkips_Rule into team er_player (expected team: 7Mudkips_RuleA)
13.03.2024 - 14:01:35 - [TAB v4.1.2] Something just tried to add player VeerIsKKK into team er_player (expected team: 7VeerIsKKKA)
13.03.2024 - 14:01:55 - [TAB v4.1.2] Something just tried to add player WienerDogFace into team er_player (expected team: 7WienerDogFaceA)
13.03.2024 - 14:01:55 - [TAB v4.1.2] Something just tried to add player Koi into team er_player (expected team: 0KoiA)
13.03.2024 - 14:01:55 - [TAB v4.1.2] Something just tried to add player theproman3387 into team er_player (expected team: 7theproman3387A)
13.03.2024 - 14:01:55 - [TAB v4.1.2] Something just tried to add player Corner1 into team er_player (expected team: 7Corner1A)
13.03.2024 - 14:01:55 - [TAB v4.1.2] Something just tried to add player I_am_amazing into team er_player (expected team: 7I_am_amazingA)
13.03.2024 - 14:01:55 - [TAB v4.1.2] Something just tried to add player Mudkips_Rule into team er_player (expected team: 7Mudkips_RuleA)
13.03.2024 - 14:01:55 - [TAB v4.1.2] Something just tried to add player VeerIsKKK into team er_player (expected team: 7VeerIsKKKA)
13.03.2024 - 14:03:40 - [TAB v4.1.2] Something just tried to add player WienerDogFace into team er_player (expected team: 7WienerDogFaceA)
13.03.2024 - 14:03:40 - [TAB v4.1.2] Something just tried to add player Koi into team er_player (expected team: 0KoiA)
13.03.2024 - 14:03:40 - [TAB v4.1.2] Something just tried to add player theproman3387 into team er_player (expected team: 7theproman3387A)
13.03.2024 - 14:03:40 - [TAB v4.1.2] Something just tried to add player Corner1 into team er_player (expected team: 7Corner1A)
13.03.2024 - 14:03:40 - [TAB v4.1.2] Something just tried to add player Mudkips_Rule into team er_player (expected team: 7Mudkips_RuleA)
13.03.2024 - 14:03:40 - [TAB v4.1.2] Something just tried to add player VeerIsKKK into team er_player (expected team: 7VeerIsKKKA)
13.03.2024 - 14:06:58 - [TAB v4.1.2] Something just tried to add player Koi into team er_player (expected team: 0KoiA)
13.03.2024 - 14:06:59 - [TAB v4.1.2] Something just tried to add player Corner1 into team er_player (expected team: 7Corner1A)
13.03.2024 - 14:07:47 - [TAB v4.1.2] Something just tried to add player Koi into team er_player (expected team: 0KoiA)
13.03.2024 - 14:07:47 - [TAB v4.1.2] Something just tried to add player Corner1 into team er_player (expected team: 7Corner1A)
13.03.2024 - 14:08:33 - [TAB v4.1.2] Something just tried to add player Koi into team er_player (expected team: 0KoiA)
13.03.2024 - 14:08:33 - [TAB v4.1.2] Something just tried to add player Corner1 into team er_player (expected team: 7Corner1A)
13.03.2024 - 14:08:33 - [TAB v4.1.2] Something just tried to add player VeerIsKKK into team er_player (expected team: 7VeerIsKKKA)
13.03.2024 - 14:08:58 - [TAB v4.1.2] Something just tried to add player Koi into team er_player (expected team: 0KoiA)
13.03.2024 - 14:08:58 - [TAB v4.1.2] Something just tried to add player Corner1 into team er_player (expected team: 7Corner1A)
13.03.2024 - 14:08:58 - [TAB v4.1.2] Something just tried to add player VeerIsKKK into team er_player (expected team: 7VeerIsKKKA)
13.03.2024 - 14:09:06 - [TAB v4.1.2] Something just tried to add player Koi into team er_player (expected team: 0KoiA)
13.03.2024 - 14:09:06 - [TAB v4.1.2] Something just tried to add player Corner1 into team er_player (expected team: 7Corner1A)
13.03.2024 - 14:09:06 - [TAB v4.1.2] Something just tried to add player Mudkips_Rule into team er_player (expected team: 7Mudkips_RuleA)
13.03.2024 - 14:09:06 - [TAB v4.1.2] Something just tried to add player VeerIsKKK into team er_player (expected team: 7VeerIsKKKA)
13.03.2024 - 14:09:24 - [TAB v4.1.2] Something just tried to add player Koi into team er_player (expected team: 0KoiA)
13.03.2024 - 14:09:24 - [TAB v4.1.2] Something just tried to add player theproman3387 into team er_player (expected team: 7theproman3387A)
13.03.2024 - 14:09:24 - [TAB v4.1.2] Something just tried to add player Corner1 into team er_player (expected team: 7Corner1A)
13.03.2024 - 14:09:24 - [TAB v4.1.2] Something just tried to add player henryericaiden into team er_player (expected team: 0henryericaidenA)
13.03.2024 - 14:09:24 - [TAB v4.1.2] Something just tried to add player Mudkips_Rule into team er_player (expected team: 7Mudkips_RuleA)
13.03.2024 - 14:09:24 - [TAB v4.1.2] Something just tried to add player VeerIsKKK into team er_player (expected team: 7VeerIsKKKA)
13.03.2024 - 14:10:21 - [TAB v4.1.2] Something just tried to add player Koi into team er_player (expected team: 0KoiA)
13.03.2024 - 14:10:21 - [TAB v4.1.2] Something just tried to add player theproman3387 into team er_player (expected team: 7theproman3387A)
13.03.2024 - 14:10:21 - [TAB v4.1.2] Something just tried to add player Corner1 into team er_player (expected team: 7Corner1A)
13.03.2024 - 14:10:21 - [TAB v4.1.2] Something just tried to add player henryericaiden into team er_player (expected team: 0henryericaidenA)
13.03.2024 - 14:10:21 - [TAB v4.1.2] Something just tried to add player Mudkips_Rule into team er_player (expected team: 7Mudkips_RuleA)
13.03.2024 - 14:10:21 - [TAB v4.1.2] Something just tried to add player VeerIsKKK into team er_player (expected team: 7VeerIsKKKA)
13.03.2024 - 14:11:17 - [TAB v4.1.2] Something just tried to add player WienerDogFace into team er_player (expected team: 7WienerDogFaceA)
13.03.2024 - 14:11:17 - [TAB v4.1.2] Something just tried to add player Koi into team er_player (expected team: 0KoiA)
13.03.2024 - 14:11:17 - [TAB v4.1.2] Something just tried to add player theproman3387 into team er_player (expected team: 7theproman3387A)
13.03.2024 - 14:11:17 - [TAB v4.1.2] Something just tried to add player Corner1 into team er_player (expected team: 7Corner1A)
13.03.2024 - 14:11:17 - [TAB v4.1.2] Something just tried to add player henryericaiden into team er_player (expected team: 0henryericaidenA)
13.03.2024 - 14:11:17 - [TAB v4.1.2] Something just tried to add player Mudkips_Rule into team er_player (expected team: 7Mudkips_RuleA)
13.03.2024 - 14:11:17 - [TAB v4.1.2] Something just tried to add player VeerIsKKK into team er_player (expected team: 7VeerIsKKKA)
13.03.2024 - 14:14:19 - [TAB v4.1.2] Something just tried to add player WienerDogFace into team er_player (expected team: 7WienerDogFaceA)
13.03.2024 - 14:14:19 - [TAB v4.1.2] Something just tried to add player Koi into team er_player (expected team: 0KoiA)
13.03.2024 - 14:14:19 - [TAB v4.1.2] Something just tried to add player theproman3387 into team er_player (expected team: 7theproman3387A)
13.03.2024 - 14:14:19 - [TAB v4.1.2] Something just tried to add player Corner1 into team er_player (expected team: 7Corner1A)
13.03.2024 - 14:14:19 - [TAB v4.1.2] Something just tried to add player I_am_amazing into team er_player (expected team: 7I_am_amazingA)
13.03.2024 - 14:14:19 - [TAB v4.1.2] Something just tried to add player henryericaiden into team er_player (expected team: 0henryericaidenA)
13.03.2024 - 14:14:19 - [TAB v4.1.2] Something just tried to add player Mudkips_Rule into team er_player (expected team: 7Mudkips_RuleA)
13.03.2024 - 14:14:19 - [TAB v4.1.2] Something just tried to add player VeerIsKKK into team er_player (expected team: 7VeerIsKKKA)
13.03.2024 - 14:18:18 - [TAB v4.1.2] Something just tried to add player WienerDogFace into team er_player (expected team: 7WienerDogFaceA)
13.03.2024 - 14:18:18 - [TAB v4.1.2] Something just tried to add player Koi into team er_player (expected team: 0KoiA)
13.03.2024 - 14:18:18 - [TAB v4.1.2] Something just tried to add player theproman3387 into team er_player (expected team: 7theproman3387A)
13.03.2024 - 14:18:18 - [TAB v4.1.2] Something just tried to add player Corner1 into team er_player (expected team: 7Corner1A)
13.03.2024 - 14:18:18 - [TAB v4.1.2] Something just tried to add player I_am_amazing into team er_player (expected team: 7I_am_amazingA)
13.03.2024 - 14:18:18 - [TAB v4.1.2] Something just tried to add player henryericaiden into team er_player (expected team: 0henryericaidenA)
13.03.2024 - 14:18:18 - [TAB v4.1.2] Something just tried to add player Mudkips_Rule into team er_player (expected team: 7Mudkips_RuleA)
13.03.2024 - 14:18:18 - [TAB v4.1.2] Something just tried to add player VeerIsKKK into team er_player (expected team: 7VeerIsKKKA)
13.03.2024 - 14:22:00 - [TAB v4.1.2] Something just tried to add player WienerDogFace into team er_player (expected team: 7WienerDogFaceA)
13.03.2024 - 14:22:00 - [TAB v4.1.2] Something just tried to add player Koi into team er_player (expected team: 0KoiA)
13.03.2024 - 14:22:00 - [TAB v4.1.2] Something just tried to add player I_am_amazing into team er_player (expected team: 7I_am_amazingA)
13.03.2024 - 14:22:00 - [TAB v4.1.2] Something just tried to add player henryericaiden into team er_player (expected team: 0henryericaidenA)
13.03.2024 - 14:22:00 - [TAB v4.1.2] Something just tried to add player Mudkips_Rule into team er_player (expected team: 7Mudkips_RuleA)
13.03.2024 - 14:22:00 - [TAB v4.1.2] Something just tried to add player VeerIsKKK into team er_player (expected team: 7VeerIsKKKA)
13.03.2024 - 14:22:25 - [TAB v4.1.2] Something just tried to add player WienerDogFace into team er_player (expected team: 7WienerDogFaceA)
13.03.2024 - 14:22:25 - [TAB v4.1.2] Something just tried to add player Koi into team er_player (expected team: 0KoiA)
13.03.2024 - 14:22:25 - [TAB v4.1.2] Something just tried to add player Corner1 into team er_player (expected team: 7Corner1A)
13.03.2024 - 14:22:25 - [TAB v4.1.2] Something just tried to add player I_am_amazing into team er_player (expected team: 7I_am_amazingA)
13.03.2024 - 14:22:25 - [TAB v4.1.2] Something just tried to add player henryericaiden into team er_player (expected team: 0henryericaidenA)
13.03.2024 - 14:22:25 - [TAB v4.1.2] Something just tried to add player Mudkips_Rule into team er_player (expected team: 7Mudkips_RuleA)
13.03.2024 - 14:22:25 - [TAB v4.1.2] Something just tried to add player VeerIsKKK into team er_player (expected team: 7VeerIsKKKA)
13.03.2024 - 14:22:57 - [TAB v4.1.2] Something just tried to add player WienerDogFace into team er_player (expected team: 7WienerDogFaceA)
13.03.2024 - 14:22:57 - [TAB v4.1.2] Something just tried to add player Koi into team er_player (expected team: 0KoiA)
13.03.2024 - 14:22:57 - [TAB v4.1.2] Something just tried to add player Corner1 into team er_player (expected team: 7Corner1A)
13.03.2024 - 14:22:57 - [TAB v4.1.2] Something just tried to add player I_am_amazing into team er_player (expected team: 7I_am_amazingA)
13.03.2024 - 14:22:57 - [TAB v4.1.2] Something just tried to add player henryericaiden into team er_player (expected team: 0henryericaidenA)
13.03.2024 - 14:22:57 - [TAB v4.1.2] Something just tried to add player Mudkips_Rule into team er_player (expected team: 7Mudkips_RuleA)
13.03.2024 - 14:22:57 - [TAB v4.1.2] Something just tried to add player VeerIsKKK into team er_player (expected team: 7VeerIsKKKA)
13.03.2024 - 14:24:19 - [TAB v4.1.2] Something just tried to add player WienerDogFace into team er_player (expected team: 7WienerDogFaceA)
13.03.2024 - 14:24:19 - [TAB v4.1.2] Something just tried to add player Koi into team er_player (expected team: 0KoiA)
13.03.2024 - 14:24:19 - [TAB v4.1.2] Something just tried to add player Corner1 into team er_player (expected team: 7Corner1A)
13.03.2024 - 14:24:19 - [TAB v4.1.2] Something just tried to add player I_am_amazing into team er_player (expected team: 7I_am_amazingA)
13.03.2024 - 14:24:19 - [TAB v4.1.2] Something just tried to add player henryericaiden into team er_player (expected team: 0henryericaidenA)
13.03.2024 - 14:24:19 - [TAB v4.1.2] Something just tried to add player Mudkips_Rule into team er_player (expected team: 7Mudkips_RuleA)
13.03.2024 - 14:24:19 - [TAB v4.1.2] Something just tried to add player VeerIsKKK into team er_player (expected team: 7VeerIsKKKA)
13.03.2024 - 14:24:56 - [TAB v4.1.2] Something just tried to add player WienerDogFace into team er_player (expected team: 7WienerDogFaceA)
13.03.2024 - 14:24:56 - [TAB v4.1.2] Something just tried to add player Koi into team er_player (expected team: 0KoiA)
13.03.2024 - 14:24:56 - [TAB v4.1.2] Something just tried to add player Corner1 into team er_player (expected team: 7Corner1A)
13.03.2024 - 14:24:56 - [TAB v4.1.2] Something just tried to add player I_am_amazing into team er_player (expected team: 7I_am_amazingA)
13.03.2024 - 14:24:56 - [TAB v4.1.2] Something just tried to add player henryericaiden into team er_player (expected team: 0henryericaidenA)
13.03.2024 - 14:24:56 - [TAB v4.1.2] Something just tried to add player Mudkips_Rule into team er_player (expected team: 7Mudkips_RuleA)
13.03.2024 - 14:24:56 - [TAB v4.1.2] Something just tried to add player VeerIsKKK into team er_player (expected team: 7VeerIsKKKA)
13.03.2024 - 14:33:00 - [TAB v4.1.2] Something just tried to add player WienerDogFace into team er_player (expected team: 7WienerDogFaceA)
13.03.2024 - 14:33:00 - [TAB v4.1.2] Something just tried to add player Koi into team er_player (expected team: 0KoiA)
13.03.2024 - 14:33:00 - [TAB v4.1.2] Something just tried to add player theproman3387 into team er_player (expected team: 7theproman3387A)
13.03.2024 - 14:33:00 - [TAB v4.1.2] Something just tried to add player Corner1 into team er_player (expected team: 7Corner1A)
13.03.2024 - 14:33:00 - [TAB v4.1.2] Something just tried to add player I_am_amazing into team er_player (expected team: 7I_am_amazingA)
13.03.2024 - 14:33:00 - [TAB v4.1.2] Something just tried to add player henryericaiden into team er_player (expected team: 0henryericaidenA)
13.03.2024 - 14:33:00 - [TAB v4.1.2] Something just tried to add player Mudkips_Rule into team er_player (expected team: 7Mudkips_RuleA)
13.03.2024 - 14:33:00 - [TAB v4.1.2] Something just tried to add player VeerIsKKK into team er_player (expected team: 7VeerIsKKKA)
13.03.2024 - 14:33:29 - [TAB v4.1.2] Something just tried to add player WienerDogFace into team er_player (expected team: 7WienerDogFaceA)
13.03.2024 - 14:33:29 - [TAB v4.1.2] Something just tried to add player Koi into team er_player (expected team: 0KoiA)
13.03.2024 - 14:33:29 - [TAB v4.1.2] Something just tried to add player theproman3387 into team er_player (expected team: 7theproman3387A)
13.03.2024 - 14:33:29 - [TAB v4.1.2] Something just tried to add player Corner1 into team er_player (expected team: 7Corner1A)
13.03.2024 - 14:33:29 - [TAB v4.1.2] Something just tried to add player I_am_amazing into team er_player (expected team: 7I_am_amazingA)
13.03.2024 - 14:33:29 - [TAB v4.1.2] Something just tried to add player henryericaiden into team er_player (expected team: 0henryericaidenA)
13.03.2024 - 14:33:29 - [TAB v4.1.2] Something just tried to add player Mudkips_Rule into team er_player (expected team: 7Mudkips_RuleA)
13.03.2024 - 14:33:29 - [TAB v4.1.2] Something just tried to add player VeerIsKKK into team er_player (expected team: 7VeerIsKKKA)
13.03.2024 - 14:39:04 - [TAB v4.1.2] Something just tried to add player WienerDogFace into team er_player (expected team: 7WienerDogFaceA)
13.03.2024 - 14:39:04 - [TAB v4.1.2] Something just tried to add player Koi into team er_player (expected team: 0KoiA)
13.03.2024 - 14:39:04 - [TAB v4.1.2] Something just tried to add player theproman3387 into team er_player (expected team: 7theproman3387A)
13.03.2024 - 14:39:04 - [TAB v4.1.2] Something just tried to add player Corner1 into team er_player (expected team: 7Corner1A)
13.03.2024 - 14:39:04 - [TAB v4.1.2] Something just tried to add player henryericaiden into team er_player (expected team: 0henryericaidenA)
13.03.2024 - 14:39:04 - [TAB v4.1.2] Something just tried to add player Mudkips_Rule into team er_player (expected team: 7Mudkips_RuleA)
13.03.2024 - 14:39:04 - [TAB v4.1.2] Something just tried to add player VeerIsKKK into team er_player (expected team: 7VeerIsKKKA)
13.03.2024 - 14:41:19 - [TAB v4.1.2] Something just tried to add player WienerDogFace into team er_player (expected team: 7WienerDogFaceA)
13.03.2024 - 14:41:19 - [TAB v4.1.2] Something just tried to add player Koi into team er_player (expected team: 0KoiA)
13.03.2024 - 14:41:19 - [TAB v4.1.2] Something just tried to add player theproman3387 into team er_player (expected team: 7theproman3387A)
13.03.2024 - 14:41:19 - [TAB v4.1.2] Something just tried to add player Corner1 into team er_player (expected team: 7Corner1A)
13.03.2024 - 14:41:19 - [TAB v4.1.2] Something just tried to add player henryericaiden into team er_player (expected team: 0henryericaidenA)
13.03.2024 - 14:41:19 - [TAB v4.1.2] Something just tried to add player Mudkips_Rule into team er_player (expected team: 7Mudkips_RuleA)
13.03.2024 - 14:41:19 - [TAB v4.1.2] Something just tried to add player VeerIsKKK into team er_player (expected team: 7VeerIsKKKA)
13.03.2024 - 14:41:27 - [TAB v4.1.2] Something just tried to add player WienerDogFace into team er_player (expected team: 7WienerDogFaceA)
13.03.2024 - 14:41:27 - [TAB v4.1.2] Something just tried to add player Koi into team er_player (expected team: 0KoiA)
13.03.2024 - 14:41:27 - [TAB v4.1.2] Something just tried to add player theproman3387 into team er_player (expected team: 7theproman3387A)
13.03.2024 - 14:41:27 - [TAB v4.1.2] Something just tried to add player Corner1 into team er_player (expected team: 7Corner1A)
13.03.2024 - 14:41:27 - [TAB v4.1.2] Something just tried to add player henryericaiden into team er_player (expected team: 0henryericaidenA)
13.03.2024 - 14:41:27 - [TAB v4.1.2] Something just tried to add player Mudkips_Rule into team er_player (expected team: 7Mudkips_RuleA)
13.03.2024 - 14:41:27 - [TAB v4.1.2] Something just tried to add player VeerIsKKK into team er_player (expected team: 7VeerIsKKKA)
13.03.2024 - 14:44:14 - [TAB v4.1.2] Something just tried to add player WienerDogFace into team er_player (expected team: 7WienerDogFaceA)
13.03.2024 - 14:44:14 - [TAB v4.1.2] Something just tried to add player Corner1 into team er_player (expected team: 7Corner1A)
13.03.2024 - 14:44:14 - [TAB v4.1.2] Something just tried to add player henryericaiden into team er_player (expected team: 0henryericaidenA)
13.03.2024 - 14:44:14 - [TAB v4.1.2] Something just tried to add player Mudkips_Rule into team er_player (expected team: 7Mudkips_RuleA)
13.03.2024 - 14:48:29 - [TAB v4.1.2] Something just tried to add player WienerDogFace into team er_player (expected team: 7WienerDogFaceA)
13.03.2024 - 14:48:29 - [TAB v4.1.2] Something just tried to add player Corner1 into team er_player (expected team: 7Corner1A)
13.03.2024 - 14:48:29 - [TAB v4.1.2] Something just tried to add player I_am_amazing into team er_player (expected team: 7I_am_amazingA)
13.03.2024 - 15:02:15 - [TAB v4.1.2] Something just tried to add player WienerDogFace into team er_player (expected team: 7WienerDogFaceA)
13.03.2024 - 15:02:15 - [TAB v4.1.2] Something just tried to add player Corner1 into team er_player (expected team: 7Corner1A)
13.03.2024 - 15:02:15 - [TAB v4.1.2] Something just tried to add player henryericaiden into team er_player (expected team: 0henryericaidenA)
13.03.2024 - 15:04:12 - [TAB v4.1.2] Something just tried to add player WienerDogFace into team er_player (expected team: 7WienerDogFaceA)
13.03.2024 - 15:04:12 - [TAB v4.1.2] Something just tried to add player Corner1 into team er_player (expected team: 7Corner1A)
13.03.2024 - 15:04:12 - [TAB v4.1.2] Something just tried to add player henryericaiden into team er_player (expected team: 0henryericaidenA)
13.03.2024 - 15:07:30 - [TAB v4.1.2] Something just tried to add player Corner1 into team er_player (expected team: 7Corner1A)
13.03.2024 - 15:07:30 - [TAB v4.1.2] Something just tried to add player henryericaiden into team er_player (expected team: 0henryericaidenA)
13.03.2024 - 15:10:59 - [TAB v4.1.2] Something just tried to add player WienerDogFace into team er_player (expected team: 7WienerDogFaceA)
13.03.2024 - 15:10:59 - [TAB v4.1.2] Something just tried to add player Corner1 into team er_player (expected team: 7Corner1A)
13.03.2024 - 15:10:59 - [TAB v4.1.2] Something just tried to add player henryericaiden into team er_player (expected team: 0henryericaidenA)
13.03.2024 - 15:15:03 - [TAB v4.1.2] Something just tried to add player I_am_amazing into team er_player (expected team: 7I_am_amazingA)
13.03.2024 - 15:15:03 - [TAB v4.1.2] Something just tried to add player henryericaiden into team er_player (expected team: 0henryericaidenA)
13.03.2024 - 15:24:52 - [TAB v4.1.2] Something just tried to add player I_am_amazing into team er_player (expected team: 7I_am_amazingA)
13.03.2024 - 15:25:23 - [TAB v4.1.2] Something just tried to add player theproman3387 into team er_player (expected team: 7theproman3387A)
13.03.2024 - 15:25:23 - [TAB v4.1.2] Something just tried to add player I_am_amazing into team er_player (expected team: 7I_am_amazingA)
13.03.2024 - 15:27:29 - [TAB v4.1.2] Something just tried to add player theproman3387 into team er_player (expected team: 7theproman3387A)
13.03.2024 - 15:27:29 - [TAB v4.1.2] Something just tried to add player I_am_amazing into team er_player (expected team: 7I_am_amazingA)
13.03.2024 - 15:54:13 - [TAB v4.1.2] Something just tried to add player henryericaiden into team er_player (expected team: 0henryericaidenA)
13.03.2024 - 15:54:13 - [TAB v4.1.2] Something just tried to add player Mudkips_Rule into team er_player (expected team: 7Mudkips_RuleA)
13.03.2024 - 15:55:49 - [TAB v4.1.2] Something just tried to add player I_am_amazing into team er_player (expected team: 7I_am_amazingA)
13.03.2024 - 15:55:49 - [TAB v4.1.2] Something just tried to add player henryericaiden into team er_player (expected team: 0henryericaidenA)
13.03.2024 - 15:55:49 - [TAB v4.1.2] Something just tried to add player Mudkips_Rule into team er_player (expected team: 7Mudkips_RuleA)
13.03.2024 - 15:56:13 - [TAB v4.1.2] Something just tried to add player I_am_amazing into team er_player (expected team: 7I_am_amazingA)
13.03.2024 - 15:56:13 - [TAB v4.1.2] Something just tried to add player henryericaiden into team er_player (expected team: 0henryericaidenA)
13.03.2024 - 15:56:13 - [TAB v4.1.2] Something just tried to add player Mudkips_Rule into team er_player (expected team: 7Mudkips_RuleA)
13.03.2024 - 15:57:27 - [TAB v4.1.2] Something just tried to add player henryericaiden into team er_player (expected team: 0henryericaidenA)
13.03.2024 - 15:57:27 - [TAB v4.1.2] Something just tried to add player Mudkips_Rule into team er_player (expected team: 7Mudkips_RuleA)
13.03.2024 - 16:01:25 - [TAB v4.1.2] Something just tried to add player henryericaiden into team er_player (expected team: 0henryericaidenA)
13.03.2024 - 16:01:25 - [TAB v4.1.2] Something just tried to add player Mudkips_Rule into team er_player (expected team: 7Mudkips_RuleA)
13.03.2024 - 16:07:33 - [TAB v4.1.2] Something just tried to add player henryericaiden into team er_player (expected team: 0henryericaidenA)
13.03.2024 - 16:07:33 - [TAB v4.1.2] Something just tried to add player Mudkips_Rule into team er_player (expected team: 7Mudkips_RuleA)
13.03.2024 - 16:07:33 - [TAB v4.1.2] Something just tried to add player VeerIsKKK into team er_player (expected team: 7VeerIsKKKA)
13.03.2024 - 16:11:29 - [TAB v4.1.2] Something just tried to add player henryericaiden into team er_player (expected team: 0henryericaidenA)
13.03.2024 - 16:11:29 - [TAB v4.1.2] Something just tried to add player Mudkips_Rule into team er_player (expected team: 7Mudkips_RuleA)
13.03.2024 - 16:11:29 - [TAB v4.1.2] Something just tried to add player VeerIsKKK into team er_player (expected team: 7VeerIsKKKA)
13.03.2024 - 16:13:21 - [TAB v4.1.2] Something just tried to add player henryericaiden into team er_player (expected team: 0henryericaidenA)
13.03.2024 - 16:13:21 - [TAB v4.1.2] Something just tried to add player Mudkips_Rule into team er_player (expected team: 7Mudkips_RuleA)
13.03.2024 - 16:13:21 - [TAB v4.1.2] Something just tried to add player VeerIsKKK into team er_player (expected team: 7VeerIsKKKA)
13.03.2024 - 16:13:31 - [TAB v4.1.2] Something just tried to add player henryericaiden into team er_player (expected team: 0henryericaidenA)
13.03.2024 - 16:13:31 - [TAB v4.1.2] Something just tried to add player Mudkips_Rule into team er_player (expected team: 7Mudkips_RuleA)
13.03.2024 - 16:22:36 - [TAB v4.1.2] Something just tried to add player I_am_amazing into team er_player (expected team: 7I_am_amazingA)
13.03.2024 - 16:22:36 - [TAB v4.1.2] Something just tried to add player henryericaiden into team er_player (expected team: 0henryericaidenA)
13.03.2024 - 16:23:01 - [TAB v4.1.2] Something just tried to add player I_am_amazing into team er_player (expected team: 7I_am_amazingA)
13.03.2024 - 16:23:01 - [TAB v4.1.2] Something just tried to add player henryericaiden into team er_player (expected team: 0henryericaidenA)
13.03.2024 - 16:53:36 - [TAB v4.1.2] Something just tried to add player I_am_amazing into team er_player (expected team: 7I_am_amazingA)
13.03.2024 - 16:55:58 - [TAB v4.1.2] Something just tried to add player Mudkips_Rule into team er_player (expected team: 7Mudkips_RuleA)
13.03.2024 - 16:57:35 - [TAB v4.1.2] Something just tried to add player I_am_amazing into team er_player (expected team: 7I_am_amazingA)
13.03.2024 - 16:57:35 - [TAB v4.1.2] Something just tried to add player Mudkips_Rule into team er_player (expected team: 7Mudkips_RuleA)
13.03.2024 - 16:58:25 - [TAB v4.1.2] Something just tried to add player I_am_amazing into team er_player (expected team: 7I_am_amazingA)
13.03.2024 - 16:58:25 - [TAB v4.1.2] Something just tried to add player Mudkips_Rule into team er_player (expected team: 7Mudkips_RuleA)
13.03.2024 - 17:12:56 - [TAB v4.1.2] Something just tried to add player I_am_amazing into team er_player (expected team: 7I_am_amazingA)
13.03.2024 - 17:13:34 - [TAB v4.1.2] Something just tried to add player Mudkips_Rule into team er_player (expected team: 7Mudkips_RuleA)
13.03.2024 - 17:16:07 - [TAB v4.1.2] Something just tried to add player I_am_amazing into team er_player (expected team: 7I_am_amazingA)
13.03.2024 - 17:16:07 - [TAB v4.1.2] Something just tried to add player Mudkips_Rule into team er_player (expected team: 7Mudkips_RuleA)
13.03.2024 - 17:17:27 - [TAB v4.1.2] Something just tried to add player I_am_amazing into team er_player (expected team: 7I_am_amazingA)
13.03.2024 - 17:17:27 - [TAB v4.1.2] Something just tried to add player Mudkips_Rule into team er_player (expected team: 7Mudkips_RuleA)
13.03.2024 - 17:20:43 - [TAB v4.1.2] Something just tried to add player I_am_amazing into team er_player (expected team: 7I_am_amazingA)
13.03.2024 - 17:20:43 - [TAB v4.1.2] Something just tried to add player Mudkips_Rule into team er_player (expected team: 7Mudkips_RuleA)
13.03.2024 - 17:21:15 - [TAB v4.1.2] Something just tried to add player I_am_amazing into team er_player (expected team: 7I_am_amazingA)
13.03.2024 - 17:21:15 - [TAB v4.1.2] Something just tried to add player Mudkips_Rule into team er_player (expected team: 7Mudkips_RuleA)
13.03.2024 - 17:22:03 - [TAB v4.1.2] Something just tried to add player WienerDogFace into team er_player (expected team: 7WienerDogFaceA)
13.03.2024 - 17:22:03 - [TAB v4.1.2] Something just tried to add player I_am_amazing into team er_player (expected team: 7I_am_amazingA)
13.03.2024 - 17:22:03 - [TAB v4.1.2] Something just tried to add player Mudkips_Rule into team er_player (expected team: 7Mudkips_RuleA)
13.03.2024 - 17:22:32 - [TAB v4.1.2] Something just tried to add player WienerDogFace into team er_player (expected team: 7WienerDogFaceA)
13.03.2024 - 17:22:32 - [TAB v4.1.2] Something just tried to add player I_am_amazing into team er_player (expected team: 7I_am_amazingA)
13.03.2024 - 17:22:32 - [TAB v4.1.2] Something just tried to add player Mudkips_Rule into team er_player (expected team: 7Mudkips_RuleA)
13.03.2024 - 17:24:07 - [TAB v4.1.2] Something just tried to add player I_am_amazing into team er_player (expected team: 7I_am_amazingA)
13.03.2024 - 17:24:07 - [TAB v4.1.2] Something just tried to add player Mudkips_Rule into team er_player (expected team: 7Mudkips_RuleA)
13.03.2024 - 17:26:15 - [TAB v4.1.2] Something just tried to add player Corner1 into team er_player (expected team: 7Corner1A)
13.03.2024 - 17:26:15 - [TAB v4.1.2] Something just tried to add player I_am_amazing into team er_player (expected team: 7I_am_amazingA)
13.03.2024 - 17:26:15 - [TAB v4.1.2] Something just tried to add player Mudkips_Rule into team er_player (expected team: 7Mudkips_RuleA)
13.03.2024 - 17:27:14 - [TAB v4.1.2] Something just tried to add player Corner1 into team er_player (expected team: 7Corner1A)
13.03.2024 - 17:27:14 - [TAB v4.1.2] Something just tried to add player I_am_amazing into team er_player (expected team: 7I_am_amazingA)
13.03.2024 - 17:27:14 - [TAB v4.1.2] Something just tried to add player Mudkips_Rule into team er_player (expected team: 7Mudkips_RuleA)
13.03.2024 - 17:28:11 - [TAB v4.1.2] Something just tried to add player WienerDogFace into team er_player (expected team: 7WienerDogFaceA)
13.03.2024 - 17:28:11 - [TAB v4.1.2] Something just tried to add player Corner1 into team er_player (expected team: 7Corner1A)
13.03.2024 - 17:28:11 - [TAB v4.1.2] Something just tried to add player I_am_amazing into team er_player (expected team: 7I_am_amazingA)
13.03.2024 - 17:28:11 - [TAB v4.1.2] Something just tried to add player Mudkips_Rule into team er_player (expected team: 7Mudkips_RuleA)
13.03.2024 - 17:29:47 - [TAB v4.1.2] Something just tried to add player WienerDogFace into team er_player (expected team: 7WienerDogFaceA)
13.03.2024 - 17:29:47 - [TAB v4.1.2] Something just tried to add player Corner1 into team er_player (expected team: 7Corner1A)
13.03.2024 - 17:29:47 - [TAB v4.1.2] Something just tried to add player Mudkips_Rule into team er_player (expected team: 7Mudkips_RuleA)
13.03.2024 - 17:31:30 - [TAB v4.1.2] Something just tried to add player WienerDogFace into team er_player (expected team: 7WienerDogFaceA)
13.03.2024 - 17:38:54 - [TAB v4.1.2] Something just tried to add player Corner1 into team er_player (expected team: 7Corner1A)
13.03.2024 - 17:39:03 - [TAB v4.1.2] Something just tried to add player WienerDogFace into team er_player (expected team: 7WienerDogFaceA)
13.03.2024 - 17:39:03 - [TAB v4.1.2] Something just tried to add player Corner1 into team er_player (expected team: 7Corner1A)
13.03.2024 - 17:39:03 - [TAB v4.1.2] Something just tried to add player I_am_amazing into team er_player (expected team: 7I_am_amazingA)
13.03.2024 - 17:39:17 - [TAB v4.1.2] Something just tried to add player WienerDogFace into team er_player (expected team: 7WienerDogFaceA)
13.03.2024 - 17:39:17 - [TAB v4.1.2] Something just tried to add player Corner1 into team er_player (expected team: 7Corner1A)
13.03.2024 - 17:39:17 - [TAB v4.1.2] Something just tried to add player I_am_amazing into team er_player (expected team: 7I_am_amazingA)
13.03.2024 - 17:40:44 - [TAB v4.1.2] Something just tried to add player WienerDogFace into team er_player (expected team: 7WienerDogFaceA)
13.03.2024 - 17:40:44 - [TAB v4.1.2] Something just tried to add player I_am_amazing into team er_player (expected team: 7I_am_amazingA)
13.03.2024 - 17:47:47 - [TAB v4.1.2] Something just tried to add player WienerDogFace into team er_player (expected team: 7WienerDogFaceA)
13.03.2024 - 17:47:47 - [TAB v4.1.2] Something just tried to add player I_am_amazing into team er_player (expected team: 7I_am_amazingA)
13.03.2024 - 17:52:59 - [TAB v4.1.2] Something just tried to add player WienerDogFace into team er_player (expected team: 7WienerDogFaceA)
13.03.2024 - 17:52:59 - [TAB v4.1.2] Something just tried to add player I_am_amazing into team er_player (expected team: 7I_am_amazingA)
13.03.2024 - 17:58:22 - [TAB v4.1.2] Something just tried to add player WienerDogFace into team er_player (expected team: 7WienerDogFaceA)
13.03.2024 - 17:58:22 - [TAB v4.1.2] Something just tried to add player I_am_amazing into team er_player (expected team: 7I_am_amazingA)
13.03.2024 - 18:00:38 - [TAB v4.1.2] Something just tried to add player WienerDogFace into team er_player (expected team: 7WienerDogFaceA)
13.03.2024 - 18:00:38 - [TAB v4.1.2] Something just tried to add player I_am_amazing into team er_player (expected team: 7I_am_amazingA)
13.03.2024 - 18:07:43 - [TAB v4.1.2] Something just tried to add player WienerDogFace into team er_player (expected team: 7WienerDogFaceA)
13.03.2024 - 18:07:43 - [TAB v4.1.2] Something just tried to add player I_am_amazing into team er_player (expected team: 7I_am_amazingA)
13.03.2024 - 18:08:18 - [TAB v4.1.2] Something just tried to add player WienerDogFace into team er_player (expected team: 7WienerDogFaceA)
13.03.2024 - 18:08:18 - [TAB v4.1.2] Something just tried to add player I_am_amazing into team er_player (expected team: 7I_am_amazingA)
13.03.2024 - 18:09:38 - [TAB v4.1.2] Something just tried to add player WienerDogFace into team er_player (expected team: 7WienerDogFaceA)
13.03.2024 - 18:09:38 - [TAB v4.1.2] Something just tried to add player theproman3387 into team er_player (expected team: 7theproman3387A)
13.03.2024 - 18:09:38 - [TAB v4.1.2] Something just tried to add player I_am_amazing into team er_player (expected team: 7I_am_amazingA)
13.03.2024 - 18:11:28 - [TAB v4.1.2] Something just tried to add player WienerDogFace into team er_player (expected team: 7WienerDogFaceA)
13.03.2024 - 18:11:28 - [TAB v4.1.2] Something just tried to add player theproman3387 into team er_player (expected team: 7theproman3387A)
13.03.2024 - 18:11:28 - [TAB v4.1.2] Something just tried to add player I_am_amazing into team er_player (expected team: 7I_am_amazingA)
13.03.2024 - 18:50:44 - [TAB v4.1.2] Something just tried to add player Koi into team er_player (expected team: 0KoiA)
13.03.2024 - 18:50:44 - [TAB v4.1.2] Something just tried to add player I_am_amazing into team er_player (expected team: 7I_am_amazingA)
13.03.2024 - 19:13:19 - [TAB v4.1.2] Something just tried to add player Koi into team er_player (expected team: 0KoiA)
13.03.2024 - 19:13:19 - [TAB v4.1.2] Something just tried to add player Corner1 into team er_player (expected team: 7Corner1A)
13.03.2024 - 19:13:19 - [TAB v4.1.2] Something just tried to add player I_am_amazing into team er_player (expected team: 7I_am_amazingA)
13.03.2024 - 19:13:19 - [TAB v4.1.2] Something just tried to add player Mudkips_Rule into team er_player (expected team: 7Mudkips_RuleA)
13.03.2024 - 19:14:33 - [TAB v4.1.2] Something just tried to add player Koi into team er_player (expected team: 0KoiA)
13.03.2024 - 19:14:33 - [TAB v4.1.2] Something just tried to add player Corner1 into team er_player (expected team: 7Corner1A)
13.03.2024 - 19:14:33 - [TAB v4.1.2] Something just tried to add player I_am_amazing into team er_player (expected team: 7I_am_amazingA)
13.03.2024 - 19:14:33 - [TAB v4.1.2] Something just tried to add player Mudkips_Rule into team er_player (expected team: 7Mudkips_RuleA)
13.03.2024 - 19:18:18 - [TAB v4.1.2] Something just tried to add player I_am_amazing into team er_player (expected team: 7I_am_amazingA)
13.03.2024 - 19:18:18 - [TAB v4.1.2] Something just tried to add player Mudkips_Rule into team er_player (expected team: 7Mudkips_RuleA)
13.03.2024 - 19:18:19 - [TAB v4.1.2] Something just tried to add player I_am_amazing into team er_player (expected team: 7I_am_amazingA)
13.03.2024 - 19:18:19 - [TAB v4.1.2] Something just tried to add player Mudkips_Rule into team er_player (expected team: 7Mudkips_RuleA)
13.03.2024 - 19:19:13 - [TAB v4.1.2] Something just tried to add player Corner1 into team er_player (expected team: 7Corner1A)
13.03.2024 - 19:19:13 - [TAB v4.1.2] Something just tried to add player I_am_amazing into team er_player (expected team: 7I_am_amazingA)
13.03.2024 - 19:19:13 - [TAB v4.1.2] Something just tried to add player Mudkips_Rule into team er_player (expected team: 7Mudkips_RuleA)
13.03.2024 - 19:19:13 - [TAB v4.1.2] Something just tried to add player Koi into team er_player (expected team: 0KoiA)
13.03.2024 - 19:19:13 - [TAB v4.1.2] Something just tried to add player Corner1 into team er_player (expected team: 7Corner1A)
13.03.2024 - 19:19:13 - [TAB v4.1.2] Something just tried to add player I_am_amazing into team er_player (expected team: 7I_am_amazingA)
13.03.2024 - 19:19:13 - [TAB v4.1.2] Something just tried to add player Mudkips_Rule into team er_player (expected team: 7Mudkips_RuleA)
13.03.2024 - 19:23:58 - [TAB v4.1.2] Something just tried to add player Koi into team er_player (expected team: 0KoiA)
13.03.2024 - 19:23:58 - [TAB v4.1.2] Something just tried to add player Corner1 into team er_player (expected team: 7Corner1A)
13.03.2024 - 19:23:58 - [TAB v4.1.2] Something just tried to add player Mudkips_Rule into team er_player (expected team: 7Mudkips_RuleA)
13.03.2024 - 19:25:17 - [TAB v4.1.2] Something just tried to add player Koi into team er_player (expected team: 0KoiA)
13.03.2024 - 19:25:17 - [TAB v4.1.2] Something just tried to add player Corner1 into team er_player (expected team: 7Corner1A)
13.03.2024 - 19:25:17 - [TAB v4.1.2] Something just tried to add player Mudkips_Rule into team er_player (expected team: 7Mudkips_RuleA)
13.03.2024 - 19:25:30 - [TAB v4.1.2] Something just tried to add player Koi into team er_player (expected team: 0KoiA)
13.03.2024 - 19:25:30 - [TAB v4.1.2] Something just tried to add player Corner1 into team er_player (expected team: 7Corner1A)
13.03.2024 - 19:25:30 - [TAB v4.1.2] Something just tried to add player Mudkips_Rule into team er_player (expected team: 7Mudkips_RuleA)
13.03.2024 - 19:43:58 - [TAB v4.1.2] Something just tried to add player Koi into team er_player (expected team: 0KoiA)
13.03.2024 - 19:43:58 - [TAB v4.1.2] Something just tried to add player Corner1 into team er_player (expected team: 7Corner1A)
13.03.2024 - 19:43:58 - [TAB v4.1.2] Something just tried to add player henryericaiden into team er_player (expected team: 0henryericaidenA)
13.03.2024 - 19:46:22 - [TAB v4.1.2] Something just tried to add player Koi into team er_player (expected team: 0KoiA)
13.03.2024 - 19:46:22 - [TAB v4.1.2] Something just tried to add player Corner1 into team er_player (expected team: 7Corner1A)
13.03.2024 - 19:46:22 - [TAB v4.1.2] Something just tried to add player henryericaiden into team er_player (expected team: 0henryericaidenA)
13.03.2024 - 19:58:52 - [TAB v4.1.2] Something just tried to add player Koi into team er_player (expected team: 0KoiA)
13.03.2024 - 19:58:52 - [TAB v4.1.2] Something just tried to add player Corner1 into team er_player (expected team: 7Corner1A)
13.03.2024 - 19:58:52 - [TAB v4.1.2] Something just tried to add player I_am_amazing into team er_player (expected team: 7I_am_amazingA)
13.03.2024 - 19:58:52 - [TAB v4.1.2] Something just tried to add player henryericaiden into team er_player (expected team: 0henryericaidenA)
13.03.2024 - 19:59:06 - [TAB v4.1.2] Something just tried to add player Koi into team er_player (expected team: 0KoiA)
13.03.2024 - 19:59:06 - [TAB v4.1.2] Something just tried to add player Corner1 into team er_player (expected team: 7Corner1A)
13.03.2024 - 19:59:06 - [TAB v4.1.2] Something just tried to add player henryericaiden into team er_player (expected team: 0henryericaidenA)
13.03.2024 - 20:00:51 - [TAB v4.1.2] Something just tried to add player Koi into team er_player (expected team: 0KoiA)
13.03.2024 - 20:00:51 - [TAB v4.1.2] Something just tried to add player I_am_amazing into team er_player (expected team: 7I_am_amazingA)
13.03.2024 - 20:00:51 - [TAB v4.1.2] Something just tried to add player henryericaiden into team er_player (expected team: 0henryericaidenA)
13.03.2024 - 20:12:37 - [TAB v4.1.2] Something just tried to add player Koi into team er_player (expected team: 0KoiA)
13.03.2024 - 20:12:37 - [TAB v4.1.2] Something just tried to add player Corner1 into team er_player (expected team: 7Corner1A)
13.03.2024 - 20:12:37 - [TAB v4.1.2] Something just tried to add player I_am_amazing into team er_player (expected team: 7I_am_amazingA)
13.03.2024 - 20:13:51 - [TAB v4.1.2] Something just tried to add player Koi into team er_player (expected team: 0KoiA)
13.03.2024 - 20:13:51 - [TAB v4.1.2] Something just tried to add player Corner1 into team er_player (expected team: 7Corner1A)
13.03.2024 - 20:13:51 - [TAB v4.1.2] Something just tried to add player I_am_amazing into team er_player (expected team: 7I_am_amazingA)
13.03.2024 - 20:18:14 - [TAB v4.1.2] Something just tried to add player Koi into team er_player (expected team: 0KoiA)
13.03.2024 - 20:18:14 - [TAB v4.1.2] Something just tried to add player Corner1 into team er_player (expected team: 7Corner1A)
13.03.2024 - 20:18:32 - [TAB v4.1.2] Something just tried to add player Corner1 into team er_player (expected team: 7Corner1A)
13.03.2024 - 20:19:21 - [TAB v4.1.2] Something just tried to add player Corner1 into team er_player (expected team: 7Corner1A)
13.03.2024 - 20:24:11 - [TAB v4.1.2] Something just tried to add player Koi into team er_player (expected team: 0KoiA)
13.03.2024 - 20:24:11 - [TAB v4.1.2] Something just tried to add player Corner1 into team er_player (expected team: 7Corner1A)
13.03.2024 - 20:36:07 - [TAB v4.1.2] Something just tried to add player Koi into team er_player (expected team: 0KoiA)
13.03.2024 - 20:36:07 - [TAB v4.1.2] Something just tried to add player Corner1 into team er_player (expected team: 7Corner1A)
13.03.2024 - 20:51:39 - [TAB v4.1.2] Something just tried to add player Koi into team er_player (expected team: 0KoiA)
13.03.2024 - 20:51:39 - [TAB v4.1.2] Something just tried to add player Corner1 into team er_player (expected team: 7Corner1A)
13.03.2024 - 20:56:14 - [TAB v4.1.2] Something just tried to add player Koi into team er_player (expected team: 0KoiA)
13.03.2024 - 20:56:14 - [TAB v4.1.2] Something just tried to add player Corner1 into team er_player (expected team: 7Corner1A)
13.03.2024 - 20:57:03 - [TAB v4.1.2] Something just tried to add player Koi into team er_player (expected team: 0KoiA)
13.03.2024 - 20:57:14 - [TAB v4.1.2] Something just tried to add player Corner1 into team er_player (expected team: 7Corner1A)
13.03.2024 - 20:58:58 - [TAB v4.1.2] Something just tried to add player Corner1 into team er_player (expected team: 7Corner1A)
13.03.2024 - 21:01:48 - [TAB v4.1.2] Something just tried to add player Koi into team er_player (expected team: 0KoiA)
13.03.2024 - 21:01:48 - [TAB v4.1.2] Something just tried to add player Corner1 into team er_player (expected team: 7Corner1A)
13.03.2024 - 21:08:39 - [TAB v4.1.2] Something just tried to add player Koi into team er_player (expected team: 0KoiA)
13.03.2024 - 21:08:39 - [TAB v4.1.2] Something just tried to add player Corner1 into team er_player (expected team: 7Corner1A)
13.03.2024 - 21:12:36 - [TAB v4.1.2] Something just tried to add player Koi into team er_player (expected team: 0KoiA)
13.03.2024 - 21:12:36 - [TAB v4.1.2] Something just tried to add player Corner1 into team er_player (expected team: 7Corner1A)
13.03.2024 - 21:17:34 - [TAB v4.1.2] Something just tried to add player Koi into team er_player (expected team: 0KoiA)
13.03.2024 - 21:17:34 - [TAB v4.1.2] Something just tried to add player Corner1 into team er_player (expected team: 7Corner1A)
13.03.2024 - 21:19:25 - [TAB v4.1.2] Something just tried to add player Koi into team er_player (expected team: 0KoiA)
13.03.2024 - 21:19:25 - [TAB v4.1.2] Something just tried to add player Corner1 into team er_player (expected team: 7Corner1A)
13.03.2024 - 21:19:36 - [TAB v4.1.2] Something just tried to add player Koi into team er_player (expected team: 0KoiA)
13.03.2024 - 21:19:36 - [TAB v4.1.2] Something just tried to add player Corner1 into team er_player (expected team: 7Corner1A)
14.03.2024 - 00:54:17 - [TAB v4.1.2] Something just tried to add player henryericaiden into team er_player (expected team: 0henryericaidenA)
14.03.2024 - 11:49:36 - [TAB v4.1.2] Something just tried to add player VeerIsKKK into team er_player (expected team: 7VeerIsKKKA)
14.03.2024 - 14:58:14 - [TAB v4.1.2] Something just tried to add player WienerDogFace into team er_player (expected team: 7WienerDogFaceA)
14.03.2024 - 14:58:14 - [TAB v4.1.2] Something just tried to add player Koi into team er_player (expected team: 0KoiA)
14.03.2024 - 14:58:14 - [TAB v4.1.2] Something just tried to add player Corner1 into team er_player (expected team: 7Corner1A)
14.03.2024 - 14:58:14 - [TAB v4.1.2] Something just tried to add player I_am_amazing into team er_player (expected team: 7I_am_amazingA)
14.03.2024 - 18:38:49 - [TAB v4.1.2] Something just tried to add player Corner1 into team er_player (expected team: 7Corner1A)
14.03.2024 - 19:12:21 - [TAB v4.1.2] Something just tried to add player WienerDogFace into team er_player (expected team: 7WienerDogFaceA)
14.03.2024 - 19:12:21 - [TAB v4.1.2] Something just tried to add player Koi into team er_player (expected team: 0KoiA)
14.03.2024 - 19:12:21 - [TAB v4.1.2] Something just tried to add player Corner1 into team er_player (expected team: 0Corner1A)
14.03.2024 - 19:12:21 - [TAB v4.1.2] Something just tried to add player Mudkips_Rule into team er_player (expected team: 7Mudkips_RuleA)
14.03.2024 - 20:08:52 - [TAB v4.1.2] Something just tried to add player WienerDogFace into team er_player (expected team: 7WienerDogFaceA)
14.03.2024 - 20:08:52 - [TAB v4.1.2] Something just tried to add player Corner1 into team er_player (expected team: 7Corner1A)
14.03.2024 - 20:08:52 - [TAB v4.1.2] Something just tried to add player Mudkips_Rule into team er_player (expected team: 7Mudkips_RuleA)
14.03.2024 - 21:21:30 - [TAB v4.1.2] Something just tried to add player WienerDogFace into team er_player (expected team: 7WienerDogFaceA)
14.03.2024 - 21:21:30 - [TAB v4.1.2] Something just tried to add player Koi into team er_player (expected team: 0KoiA)
15.03.2024 - 01:47:55 - [TAB v4.1.2] Something just tried to add player Koi into team er_player (expected team: 0KoiA)
15.03.2024 - 11:28:42 - [TAB v4.1.2] Something just tried to add player I_am_amazing into team er_player (expected team: 7I_am_amazingA)
15.03.2024 - 11:28:42 - [TAB v4.1.2] Something just tried to add player VeerIsKKK into team er_player (expected team: 7VeerIsKKKA)
15.03.2024 - 12:34:59 - [TAB v4.1.2] Something just tried to add player WienerDogFace into team er_player (expected team: 7WienerDogFaceA)
15.03.2024 - 12:34:59 - [TAB v4.1.2] Something just tried to add player I_am_amazing into team er_player (expected team: 7I_am_amazingA)
15.03.2024 - 12:34:59 - [TAB v4.1.2] Something just tried to add player henryericaiden into team er_player (expected team: 0henryericaidenA)
15.03.2024 - 14:02:16 - [TAB v4.1.2] Something just tried to add player Koi into team er_player (expected team: 0KoiA)
15.03.2024 - 14:02:16 - [TAB v4.1.2] Something just tried to add player Corner1 into team er_player (expected team: 0Corner1A)
15.03.2024 - 14:02:16 - [TAB v4.1.2] Something just tried to add player Mudkips_Rule into team er_player (expected team: 7Mudkips_RuleA)
15.03.2024 - 14:02:16 - [TAB v4.1.2] Something just tried to add player VeerIsKKK into team er_player (expected team: 7VeerIsKKKA)
15.03.2024 - 14:15:33 - [TAB v4.1.2] Something just tried to add player Koi into team er_player (expected team: 0KoiA)
15.03.2024 - 14:15:33 - [TAB v4.1.2] Something just tried to add player Corner1 into team er_player (expected team: 0Corner1A)
15.03.2024 - 14:15:33 - [TAB v4.1.2] Something just tried to add player Mudkips_Rule into team er_player (expected team: 7Mudkips_RuleA)
15.03.2024 - 14:15:33 - [TAB v4.1.2] Something just tried to add player VeerIsKKK into team er_player (expected team: 7VeerIsKKKA)
15.03.2024 - 14:16:04 - [TAB v4.1.2] Something just tried to add player Koi into team er_player (expected team: 0KoiA)
15.03.2024 - 14:16:04 - [TAB v4.1.2] Something just tried to add player Corner1 into team er_player (expected team: 0Corner1A)
15.03.2024 - 14:16:04 - [TAB v4.1.2] Something just tried to add player Mudkips_Rule into team er_player (expected team: 7Mudkips_RuleA)
15.03.2024 - 14:16:04 - [TAB v4.1.2] Something just tried to add player VeerIsKKK into team er_player (expected team: 7VeerIsKKKA)
15.03.2024 - 14:17:51 - [TAB v4.1.2] Something just tried to add player Koi into team er_player (expected team: 0KoiA)
15.03.2024 - 14:17:51 - [TAB v4.1.2] Something just tried to add player Corner1 into team er_player (expected team: 0Corner1A)
15.03.2024 - 14:17:51 - [TAB v4.1.2] Something just tried to add player I_am_amazing into team er_player (expected team: 7I_am_amazingA)
15.03.2024 - 14:17:51 - [TAB v4.1.2] Something just tried to add player Mudkips_Rule into team er_player (expected team: 7Mudkips_RuleA)
15.03.2024 - 14:17:51 - [TAB v4.1.2] Something just tried to add player VeerIsKKK into team er_player (expected team: 7VeerIsKKKA)
15.03.2024 - 14:22:25 - [TAB v4.1.2] Something just tried to add player Koi into team er_player (expected team: 0KoiA)
15.03.2024 - 14:22:25 - [TAB v4.1.2] Something just tried to add player Corner1 into team er_player (expected team: 0Corner1A)
15.03.2024 - 14:22:25 - [TAB v4.1.2] Something just tried to add player I_am_amazing into team er_player (expected team: 7I_am_amazingA)
15.03.2024 - 14:22:25 - [TAB v4.1.2] Something just tried to add player Mudkips_Rule into team er_player (expected team: 7Mudkips_RuleA)
15.03.2024 - 14:22:25 - [TAB v4.1.2] Something just tried to add player VeerIsKKK into team er_player (expected team: 7VeerIsKKKA)
15.03.2024 - 14:22:50 - [TAB v4.1.2] Something just tried to add player WienerDogFace into team er_player (expected team: 7WienerDogFaceA)
15.03.2024 - 14:22:50 - [TAB v4.1.2] Something just tried to add player Koi into team er_player (expected team: 0KoiA)
15.03.2024 - 14:22:50 - [TAB v4.1.2] Something just tried to add player Corner1 into team er_player (expected team: 0Corner1A)
15.03.2024 - 14:22:50 - [TAB v4.1.2] Something just tried to add player I_am_amazing into team er_player (expected team: 7I_am_amazingA)
15.03.2024 - 14:22:50 - [TAB v4.1.2] Something just tried to add player Mudkips_Rule into team er_player (expected team: 7Mudkips_RuleA)
15.03.2024 - 14:22:50 - [TAB v4.1.2] Something just tried to add player VeerIsKKK into team er_player (expected team: 7VeerIsKKKA)
15.03.2024 - 14:23:46 - [TAB v4.1.2] Something just tried to add player WienerDogFace into team er_player (expected team: 7WienerDogFaceA)
15.03.2024 - 14:23:46 - [TAB v4.1.2] Something just tried to add player Koi into team er_player (expected team: 0KoiA)
15.03.2024 - 14:23:46 - [TAB v4.1.2] Something just tried to add player Corner1 into team er_player (expected team: 0Corner1A)
15.03.2024 - 14:23:46 - [TAB v4.1.2] Something just tried to add player Mudkips_Rule into team er_player (expected team: 7Mudkips_RuleA)
15.03.2024 - 14:23:46 - [TAB v4.1.2] Something just tried to add player VeerIsKKK into team er_player (expected team: 7VeerIsKKKA)
15.03.2024 - 15:54:33 - [TAB v4.1.2] Something just tried to add player henryericaiden into team er_player (expected team: 0henryericaidenA)
15.03.2024 - 15:54:33 - [TAB v4.1.2] Something just tried to add player VeerIsKKK into team er_player (expected team: 7VeerIsKKKA)
15.03.2024 - 15:55:55 - [TAB v4.1.2] Something just tried to add player henryericaiden into team er_player (expected team: 0henryericaidenA)
15.03.2024 - 15:55:55 - [TAB v4.1.2] Something just tried to add player VeerIsKKK into team er_player (expected team: 7VeerIsKKKA)
15.03.2024 - 15:56:37 - [TAB v4.1.2] Something just tried to add player henryericaiden into team er_player (expected team: 0henryericaidenA)
15.03.2024 - 15:56:37 - [TAB v4.1.2] Something just tried to add player VeerIsKKK into team er_player (expected team: 7VeerIsKKKA)
15.03.2024 - 16:07:24 - [TAB v4.1.2] Something just tried to add player henryericaiden into team er_player (expected team: 0henryericaidenA)
15.03.2024 - 16:07:24 - [TAB v4.1.2] Something just tried to add player VeerIsKKK into team er_player (expected team: 7VeerIsKKKA)
15.03.2024 - 16:30:24 - [TAB v4.1.2] Something just tried to add player henryericaiden into team er_player (expected team: 0henryericaidenA)
16.03.2024 - 02:00:30 - [TAB v4.1.2] Something just tried to add player Mudkips_Rule into team er_player (expected team: 7Mudkips_RuleA)
16.03.2024 - 16:57:24 - [TAB v4.1.2] Something just tried to add player henryericaiden into team er_player (expected team: 0henryericaidenA)
18.03.2024 - 13:48:52 - [TAB v4.1.2] Something just tried to add player Koi into team er_player (expected team: 0KoiA)
18.03.2024 - 13:48:52 - [TAB v4.1.2] Something just tried to add player Corner1 into team er_player (expected team: 0Corner1A)
18.03.2024 - 13:48:52 - [TAB v4.1.2] Something just tried to add player Mudkips_Rule into team er_player (expected team: 7Mudkips_RuleA)
18.03.2024 - 13:54:18 - [TAB v4.1.2] Something just tried to add player WienerDogFace into team er_player (expected team: 7WienerDogFaceA)
18.03.2024 - 13:54:18 - [TAB v4.1.2] Something just tried to add player Koi into team er_player (expected team: 0KoiA)
18.03.2024 - 13:54:18 - [TAB v4.1.2] Something just tried to add player Corner1 into team er_player (expected team: 0Corner1A)
18.03.2024 - 13:54:18 - [TAB v4.1.2] Something just tried to add player Mudkips_Rule into team er_player (expected team: 7Mudkips_RuleA)
18.03.2024 - 13:54:18 - [TAB v4.1.2] Something just tried to add player VeerIsKKK into team er_player (expected team: 7VeerIsKKKA)
18.03.2024 - 16:15:25 - [TAB v4.1.2] Something just tried to add player WienerDogFace into team er_player (expected team: 7WienerDogFaceA)
18.03.2024 - 16:15:25 - [TAB v4.1.2] Something just tried to add player Mudkips_Rule into team er_player (expected team: 7Mudkips_RuleA)
18.03.2024 - 16:15:26 - [TAB v4.1.2] Something just tried to add player WienerDogFace into team er_player (expected team: 7WienerDogFaceA)
18.03.2024 - 16:15:26 - [TAB v4.1.2] Something just tried to add player Mudkips_Rule into team er_player (expected team: 7Mudkips_RuleA)
19.03.2024 - 13:58:56 - [TAB v4.1.2] Something just tried to add player WienerDogFace into team er_player (expected team: 7WienerDogFaceA)
19.03.2024 - 14:08:45 - [TAB v4.1.2] Something just tried to add player VeerIsKKK into team er_player (expected team: 7VeerIsKKKA)
20.03.2024 - 13:56:54 - [TAB v4.1.2] Something just tried to add player WienerDogFace into team er_player (expected team: 7WienerDogFaceA)
20.03.2024 - 13:56:54 - [TAB v4.1.2] Something just tried to add player Corner1 into team er_player (expected team: 0Corner1A)
20.03.2024 - 13:56:54 - [TAB v4.1.2] Something just tried to add player I_am_amazing into team er_player (expected team: 7I_am_amazingA)
20.03.2024 - 13:56:54 - [TAB v4.1.2] Something just tried to add player Mudkips_Rule into team er_player (expected team: 7Mudkips_RuleA)
20.03.2024 - 13:56:54 - [TAB v4.1.2] Something just tried to add player VeerIsKKK into team er_player (expected team: 7VeerIsKKKA)
20.03.2024 - 14:01:08 - [TAB v4.1.2] Something just tried to add player WienerDogFace into team er_player (expected team: 7WienerDogFaceA)
20.03.2024 - 14:01:08 - [TAB v4.1.2] Something just tried to add player Corner1 into team er_player (expected team: 0Corner1A)
20.03.2024 - 14:01:08 - [TAB v4.1.2] Something just tried to add player I_am_amazing into team er_player (expected team: 7I_am_amazingA)
20.03.2024 - 14:01:08 - [TAB v4.1.2] Something just tried to add player Mudkips_Rule into team er_player (expected team: 7Mudkips_RuleA)
20.03.2024 - 14:01:08 - [TAB v4.1.2] Something just tried to add player VeerIsKKK into team er_player (expected team: 7VeerIsKKKA)
20.03.2024 - 14:12:29 - [TAB v4.1.2] Something just tried to add player Corner1 into team er_player (expected team: 0Corner1A)
20.03.2024 - 14:12:29 - [TAB v4.1.2] Something just tried to add player I_am_amazing into team er_player (expected team: 7I_am_amazingA)
20.03.2024 - 14:12:29 - [TAB v4.1.2] Something just tried to add player Mudkips_Rule into team er_player (expected team: 7Mudkips_RuleA)
20.03.2024 - 14:12:29 - [TAB v4.1.2] Something just tried to add player VeerIsKKK into team er_player (expected team: 7VeerIsKKKA)
20.03.2024 - 14:26:27 - [TAB v4.1.2] Something just tried to add player Corner1 into team er_player (expected team: 0Corner1A)
20.03.2024 - 16:07:34 - [TAB v4.1.2] Something just tried to add player theproman3387 into team er_player (expected team: 7theproman3387A)
20.03.2024 - 16:07:34 - [TAB v4.1.2] Something just tried to add player Mudkips_Rule into team er_player (expected team: 7Mudkips_RuleA)
20.03.2024 - 19:18:56 - [TAB v4.1.2] Something just tried to add player Mudkips_Rule into team er_player (expected team: 7Mudkips_RuleA)
20.03.2024 - 19:34:35 - [TAB v4.1.2] Something just tried to add player I_am_amazing into team er_player (expected team: 7I_am_amazingA)
20.03.2024 - 20:24:45 - [TAB v4.1.2] Something just tried to add player theproman3387 into team er_player (expected team: 7theproman3387A)
20.03.2024 - 20:24:45 - [TAB v4.1.2] Something just tried to add player Corner1 into team er_player (expected team: 0Corner1A)
20.03.2024 - 20:24:45 - [TAB v4.1.2] Something just tried to add player I_am_amazing into team er_player (expected team: 7I_am_amazingA)
20.03.2024 - 20:24:45 - [TAB v4.1.2] Something just tried to add player Mudkips_Rule into team er_player (expected team: 7Mudkips_RuleA)
21.03.2024 - 12:30:27 - [TAB v4.1.2] Something just tried to add player WienerDogFace into team er_player (expected team: 7WienerDogFaceA)
21.03.2024 - 12:30:27 - [TAB v4.1.2] Something just tried to add player I_am_amazing into team er_player (expected team: 7I_am_amazingA)
21.03.2024 - 12:30:27 - [TAB v4.1.2] Something just tried to add player VeerIsKKK into team er_player (expected team: 7VeerIsKKKA)
21.03.2024 - 13:44:40 - [TAB v4.1.2] Something just tried to add player WienerDogFace into team er_player (expected team: 7WienerDogFaceA)
21.03.2024 - 13:44:40 - [TAB v4.1.2] Something just tried to add player I_am_amazing into team er_player (expected team: 7I_am_amazingA)
21.03.2024 - 13:48:10 - [TAB v4.1.2] Something just tried to add player WienerDogFace into team er_player (expected team: 7WienerDogFaceA)
21.03.2024 - 13:48:10 - [TAB v4.1.2] Something just tried to add player I_am_amazing into team er_player (expected team: 7I_am_amazingA)
21.03.2024 - 19:30:08 - [TAB v4.1.2] Something just tried to add player Corner1 into team er_player (expected team: 0Corner1A)
21.03.2024 - 19:40:45 - [TAB v4.1.2] Something just tried to add player Mudkips_Rule into team er_player (expected team: 7Mudkips_RuleA)
21.03.2024 - 19:47:10 - [TAB v4.1.2] Something just tried to add player Corner1 into team er_player (expected team: 0Corner1A)
21.03.2024 - 19:47:10 - [TAB v4.1.2] Something just tried to add player Mudkips_Rule into team er_player (expected team: 7Mudkips_RuleA)
21.03.2024 - 19:52:50 - [TAB v4.1.2] Something just tried to add player Mudkips_Rule into team er_player (expected team: 7Mudkips_RuleA)
21.03.2024 - 20:12:13 - [TAB v4.1.2] Something just tried to add player Mudkips_Rule into team er_player (expected team: 7Mudkips_RuleA)
21.03.2024 - 20:33:12 - [TAB v4.1.2] Something just tried to add player Mudkips_Rule into team er_player (expected team: 7Mudkips_RuleA)
22.03.2024 - 14:04:13 - [TAB v4.1.2] Something just tried to add player I_am_amazing into team er_player (expected team: 7I_am_amazingA)
22.03.2024 - 14:04:13 - [TAB v4.1.2] Something just tried to add player Mudkips_Rule into team er_player (expected team: 7Mudkips_RuleA)
22.03.2024 - 14:14:20 - [TAB v4.1.2] Something just tried to add player I_am_amazing into team er_player (expected team: 7I_am_amazingA)
22.03.2024 - 14:14:20 - [TAB v4.1.2] Something just tried to add player Mudkips_Rule into team er_player (expected team: 7Mudkips_RuleA)
22.03.2024 - 17:02:51 - [TAB v4.1.2] Something just tried to add player VeerIsKKK into team er_player (expected team: 7VeerIsKKKA)
25.03.2024 - 22:41:27 - [TAB v4.1.2] Something just tried to add player Mudkips_Rule into team er_player (expected team: 7Mudkips_RuleA)
26.03.2024 - 01:14:47 - [TAB v4.1.2] Something just tried to add player Mudkips_Rule into team er_player (expected team: 7Mudkips_RuleA)
30.03.2024 - 20:27:35 - [TAB v4.1.2] Something just tried to add player Mudkips_Rule into team er_player (expected team: 7Mudkips_RuleA)
