[Sun, 31. Mar 2024 12:56:15 UTC | ID 877943739824365588] charmunk: chat is the server up?
[Sun, 31. Mar 2024 12:56:20 UTC | ID 877943739824365588] charmunk: i just got pinged the server was down
[Sun, 31. Mar 2024 13:05:42 UTC | ID 877943739824365588] charmunk: tp @a 1 1 1
[Sun, 31. Mar 2024 13:05:46 UTC | ID 877943739824365588] charmunk: kill @e i litterally cant move
[Sun, 31. Mar 2024 13:17:02 UTC | ID 877943739824365588] charmunk: install
[Sun, 31. Mar 2024 13:17:10 UTC | ID 877943739824365588] charmunk: dang i uninstalled installer :(
[Sun, 31. Mar 2024 13:17:24 UTC | ID 877943739824365588] charmunk: lemme go manually reinstall that from terminal i guess
[Sun, 31. Mar 2024 13:17:30 UTC | ID 877943739824365588] charmunk: pl
[Sun, 31. Mar 2024 13:19:22 UTC | ID 877943739824365588] charmunk: reload
[Sun, 31. Mar 2024 15:10:50 UTC | ID 877943739824365588] charmunk: cheeseburger
[Sun, 31. Mar 2024 15:10:54 UTC | ID 877943739824365588] charmunk: list
[Sun, 31. Mar 2024 15:11:03 UTC | ID 877943739824365588] charmunk: https://cheeseburger.com
[Sun, 31. Mar 2024 15:31:15 UTC | ID 877943739824365588] charmunk: e
[Sun, 31. Mar 2024 15:31:19 UTC | ID 877943739824365588] charmunk: list
[Sun, 31. Mar 2024 17:03:39 UTC | ID 877943739824365588] charmunk: balance
[Sun, 31. Mar 2024 17:03:47 UTC | ID 877943739824365588] charmunk: yo tester run /balance
[Sun, 31. Mar 2024 17:03:49 UTC | ID 877943739824365588] charmunk: k thanks
[Sun, 31. Mar 2024 17:04:14 UTC | ID 877943739824365588] charmunk: ohhh i found what went wrong i think but idk if im good enough at java to fix
[Sun, 31. Mar 2024 17:04:22 UTC | ID 877943739824365588] charmunk: its trying ot save logs but doesnt have permission to access the logfile
[Sun, 31. Mar 2024 17:04:25 UTC | ID 877943739824365588] charmunk: so it just breaks
[Sun, 31. Mar 2024 17:04:48 UTC | ID 877943739824365588] charmunk: idk how to do that :/ ig time to look into it
[Sun, 31. Mar 2024 17:06:35 UTC | ID 877943739824365588] charmunk: real
[Sun, 31. Mar 2024 17:07:04 UTC | ID 877943739824365588] charmunk: ||this is a spoiler how does it show up for u guys||
[Sun, 31. Mar 2024 17:07:23 UTC | ID 877943739824365588] charmunk: "! [Sun 17:07:06 WARN  Server/PlayerConnection] BTC moved wrongly!" chat was is btc doing
