[Mon, 1. Apr 2024 12:32:06 UTC | ID 877943739824365588] charmunk: balancetop
[Mon, 1. Apr 2024 12:32:12 UTC | ID 877943739824365588] charmunk: lol we tied
[Mon, 1. Apr 2024 14:42:50 UTC | ID 877943739824365588] charmunk: list
[Mon, 1. Apr 2024 14:43:05 UTC | ID 877943739824365588] charmunk: <@1090434574493941760> <@1081929946861142106> you both have been given console access cuz cool
[Mon, 1. Apr 2024 14:43:27 UTC | ID 1090434574493941760] spikeykaikey: Huh?
[Mon, 1. Apr 2024 14:43:40 UTC | ID 877943739824365588] charmunk: this is console
[Mon, 1. Apr 2024 14:43:43 UTC | ID 1090434574493941760] spikeykaikey: WHAT
[Mon, 1. Apr 2024 14:43:44 UTC | ID 877943739824365588] charmunk: any commands u do here happen in game
[Mon, 1. Apr 2024 14:43:48 UTC | ID 1090434574493941760] spikeykaikey: suiiiii
[Mon, 1. Apr 2024 14:43:50 UTC | ID 877943739824365588] charmunk: and it has priority over any admins and stuff
[Mon, 1. Apr 2024 14:44:14 UTC | ID 877943739824365588] charmunk: for example
[Mon, 1. Apr 2024 14:44:19 UTC | ID 877943739824365588] charmunk: ban djewidjewjd
[Mon, 1. Apr 2024 14:44:24 UTC | ID 877943739824365588] charmunk: <@1090434574493941760>
[Mon, 1. Apr 2024 14:44:40 UTC | ID 1090434574493941760] spikeykaikey: Yooooo
[Mon, 1. Apr 2024 14:44:52 UTC | ID 1090434574493941760] spikeykaikey: Wait
[Mon, 1. Apr 2024 14:45:02 UTC | ID 1090434574493941760] spikeykaikey: I don’t have to input the /
[Mon, 1. Apr 2024 14:47:33 UTC | ID 877943739824365588] charmunk: no / esh
[Mon, 1. Apr 2024 14:47:36 UTC | ID 877943739824365588] charmunk: / esh break it
[Mon, 1. Apr 2024 14:47:38 UTC | ID 877943739824365588] charmunk: just say the command
[Mon, 1. Apr 2024 14:47:44 UTC | ID 877943739824365588] charmunk: <@1090434574493941760>
[Mon, 1. Apr 2024 14:48:08 UTC | ID 877943739824365588] charmunk: list
[Mon, 1. Apr 2024 16:35:42 UTC | ID 877943739824365588] charmunk: hi
[Mon, 1. Apr 2024 16:35:46 UTC | ID 877943739824365588] charmunk: list
[Mon, 1. Apr 2024 20:36:45 UTC | ID 877943739824365588] charmunk: list
[Mon, 1. Apr 2024 20:36:50 UTC | ID 877943739824365588] charmunk: playerlist
[Mon, 1. Apr 2024 20:36:56 UTC | ID 877943739824365588] charmunk: kill @e
[Mon, 1. Apr 2024 20:37:04 UTC | ID 877943739824365588] charmunk: ight golem the purge has been done
[Mon, 1. Apr 2024 20:38:58 UTC | ID 877943739824365588] charmunk: the purge has been completed
[Mon, 1. Apr 2024 20:39:03 UTC | ID 877943739824365588] charmunk: re
[Mon, 1. Apr 2024 20:39:03 UTC | ID 877943739824365588] charmunk: rehehehhehhah
[Mon, 1. Apr 2024 20:44:39 UTC | ID 877943739824365588] charmunk: playerlist
[Mon, 1. Apr 2024 20:44:47 UTC | ID 877943739824365588] charmunk: xp 999L GolemDaWanderer
[Mon, 1. Apr 2024 20:47:13 UTC | ID 877943739824365588] charmunk: xp 9999L GolemDaWanderer
[Mon, 1. Apr 2024 20:47:18 UTC | ID 877943739824365588] charmunk: chat i think i broke it
[Mon, 1. Apr 2024 20:47:20 UTC | ID 877943739824365588] charmunk: ope nvm
[Mon, 1. Apr 2024 20:47:22 UTC | ID 877943739824365588] charmunk: just lagged a bit
