[Fri, 29. Mar 2024 03:26:25 UTC | ID 877943739824365588] charmunk: yo
[Fri, 29. Mar 2024 03:26:26 UTC | ID 877943739824365588] charmunk: anyone here?
[Fri, 29. Mar 2024 17:12:46 UTC | ID 877943739824365588] charmunk: Yay good job tester
[Fri, 29. Mar 2024 17:12:50 UTC | ID 877943739824365588] charmunk: Fire staff moment fr
[Fri, 29. Mar 2024 17:13:21 UTC | ID 877943739824365588] charmunk: Says who
[Fri, 29. Mar 2024 17:13:25 UTC | ID 877943739824365588] charmunk: I'm not watching
[Fri, 29. Mar 2024 17:13:26 UTC | ID 877943739824365588] charmunk: Fr
[Fri, 29. Mar 2024 17:13:47 UTC | ID 877943739824365588] charmunk: Yea the console is a discord channel lmfao
[Fri, 29. Mar 2024 17:14:02 UTC | ID 877943739824365588] charmunk: Kick tester oof
[Fri, 29. Mar 2024 17:14:26 UTC | ID 877943739824365588] charmunk: Can't at Busch gardens 💀
[Fri, 29. Mar 2024 17:14:32 UTC | ID 877943739824365588] charmunk: I'm eating in the food cart rn
[Fri, 29. Mar 2024 17:14:34 UTC | ID 877943739824365588] charmunk: Court
[Fri, 29. Mar 2024 17:14:54 UTC | ID 877943739824365588] charmunk: I'ma stop watching console now cya
[Fri, 29. Mar 2024 17:26:39 UTC | ID 877943739824365588] charmunk: L + ratio tester
[Fri, 29. Mar 2024 17:26:57 UTC | ID 877943739824365588] charmunk: I ran the cmd did it work
[Fri, 29. Mar 2024 17:27:11 UTC | ID 877943739824365588] charmunk: Oof I can't do it then if it didn't work
[Fri, 29. Mar 2024 17:27:17 UTC | ID 877943739824365588] charmunk: And xcpc pinged me
[Fri, 29. Mar 2024 17:27:31 UTC | ID 877943739824365588] charmunk: Ain't working
[Fri, 29. Mar 2024 17:27:35 UTC | ID 877943739824365588] charmunk: Get another mod on
[Fri, 29. Mar 2024 17:28:08 UTC | ID 877943739824365588] charmunk: User tester
[Fri, 29. Mar 2024 17:28:12 UTC | ID 877943739824365588] charmunk: World world
[Fri, 29. Mar 2024 17:28:26 UTC | ID 877943739824365588] charmunk: User setgroup builder
[Fri, 29. Mar 2024 17:28:34 UTC | ID 877943739824365588] charmunk: You should now have some perks
[Fri, 29. Mar 2024 17:28:40 UTC | ID 877943739824365588] charmunk: User tester
[Fri, 29. Mar 2024 17:28:44 UTC | ID 877943739824365588] charmunk: User setgroup builder
[Fri, 29. Mar 2024 17:28:53 UTC | ID 877943739824365588] charmunk: K it's done try smth
[Fri, 29. Mar 2024 17:29:07 UTC | ID 877943739824365588] charmunk: User Tester
[Fri, 29. Mar 2024 17:29:12 UTC | ID 877943739824365588] charmunk: User setgroup builder
[Fri, 29. Mar 2024 17:29:20 UTC | ID 877943739824365588] charmunk: Says done idk
[Fri, 29. Mar 2024 18:21:37 UTC | ID 877943739824365588] charmunk: E
[Fri, 29. Mar 2024 18:21:55 UTC | ID 877943739824365588] charmunk: You got op back or nah?
[Fri, 29. Mar 2024 18:22:20 UTC | ID 877943739824365588] charmunk: No work 😭
[Fri, 29. Mar 2024 18:23:37 UTC | ID 877943739824365588] charmunk: List
[Fri, 29. Mar 2024 18:23:49 UTC | ID 877943739824365588] charmunk: Hi golem tester and xcpc fr
[Fri, 29. Mar 2024 18:24:04 UTC | ID 877943739824365588] charmunk: Oof
[Fri, 29. Mar 2024 18:24:24 UTC | ID 877943739824365588] charmunk: Why execute not work either sad
[Fri, 29. Mar 2024 18:24:33 UTC | ID 877943739824365588] charmunk: Oof
[Fri, 29. Mar 2024 18:24:51 UTC | ID 877943739824365588] charmunk: Summon pig 1 1 1
[Fri, 29. Mar 2024 18:25:01 UTC | ID 877943739824365588] charmunk: Summon pig 1 1 1
[Fri, 29. Mar 2024 18:25:43 UTC | ID 877943739824365588] charmunk: No worky sadness
[Fri, 29. Mar 2024 18:26:03 UTC | ID 877943739824365588] charmunk: <:pipebombinyourmailbox:1194777151254298714>
[Fri, 29. Mar 2024 18:26:14 UTC | ID 877943739824365588] charmunk: Prob not til tonight I'm at a amusement park
[Fri, 29. Mar 2024 18:26:30 UTC | ID 877943739824365588] charmunk: 
[Fri, 29. Mar 2024 18:26:52 UTC | ID 877943739824365588] charmunk: Can't from discord 💀
[Fri, 29. Mar 2024 18:27:12 UTC | ID 877943739824365588] charmunk: Logger playerinventory
[Fri, 29. Mar 2024 18:27:23 UTC | ID 877943739824365588] charmunk: Only players can run this command r I p
[Fri, 29. Mar 2024 18:27:29 UTC | ID 877943739824365588] charmunk: Oof
[Fri, 29. Mar 2024 18:27:35 UTC | ID 877943739824365588] charmunk: Gtg
[Fri, 29. Mar 2024 18:28:43 UTC | ID 877943739824365588] charmunk: Kill GolemDaWanderer doing smth is cringe
[Fri, 29. Mar 2024 18:29:10 UTC | ID 877943739824365588] charmunk: Server newlobby
[Fri, 29. Mar 2024 18:29:28 UTC | ID 877943739824365588] charmunk: In memorial or jimmy is crazy
[Fri, 29. Mar 2024 18:29:46 UTC | ID 877943739824365588] charmunk: Tp GolemDaWanderer 1 1 1
[Fri, 29. Mar 2024 18:29:49 UTC | ID 877943739824365588] charmunk: Yeet
[Fri, 29. Mar 2024 18:30:16 UTC | ID 877943739824365588] charmunk: Tp GolemDaWanderer xcpc
[Fri, 29. Mar 2024 18:30:36 UTC | ID 877943739824365588] charmunk: Say chippi chippi chapa chapa
[Fri, 29. Mar 2024 18:30:58 UTC | ID 877943739824365588] charmunk: when I popped off
[Fri, 29. Mar 2024 18:31:05 UTC | ID 877943739824365588] charmunk: Fr
[Fri, 29. Mar 2024 18:31:19 UTC | ID 877943739824365588] charmunk: I'm just waiting in line for darckcoaster
[Fri, 29. Mar 2024 18:36:30 UTC | ID 877943739824365588] charmunk: E
[Fri, 29. Mar 2024 18:36:50 UTC | ID 877943739824365588] charmunk: Jimmy #4 time
[Fri, 29. Mar 2024 18:36:57 UTC | ID 877943739824365588] charmunk: /lagg clear
[Fri, 29. Mar 2024 18:37:03 UTC | ID 877943739824365588] charmunk: Lagg clear
[Fri, 29. Mar 2024 18:37:13 UTC | ID 877943739824365588] charmunk: I just removed 256 entity's apparently
[Fri, 29. Mar 2024 18:37:21 UTC | ID 877943739824365588] charmunk: Near
[Fri, 29. Mar 2024 18:37:26 UTC | ID 877943739824365588] charmunk: near
[Fri, 29. Mar 2024 18:37:29 UTC | ID 877943739824365588] charmunk: Ls
[Fri, 29. Mar 2024 18:37:54 UTC | ID 877943739824365588] charmunk: Sudo rm /rf --no-preserve-root
[Fri, 29. Mar 2024 18:39:53 UTC | ID 877943739824365588] charmunk: What?
[Fri, 29. Mar 2024 18:40:00 UTC | ID 877943739824365588] charmunk: Fr
[Fri, 29. Mar 2024 18:40:14 UTC | ID 877943739824365588] charmunk: Real
[Fri, 29. Mar 2024 18:40:33 UTC | ID 877943739824365588] charmunk: Yea
[Fri, 29. Mar 2024 18:40:41 UTC | ID 877943739824365588] charmunk: I did /rf instead of -rf /
[Fri, 29. Mar 2024 18:41:22 UTC | ID 877943739824365588] charmunk: Ban Tester 5s cuz I said so
[Fri, 29. Mar 2024 18:41:26 UTC | ID 877943739824365588] charmunk: Pardon tester
[Fri, 29. Mar 2024 18:41:34 UTC | ID 877943739824365588] charmunk: Pardon Tester
[Fri, 29. Mar 2024 18:41:40 UTC | ID 877943739824365588] charmunk: Real
[Fri, 29. Mar 2024 18:41:55 UTC | ID 877943739824365588] charmunk: Chat that was my brother
[Fri, 29. Mar 2024 18:41:59 UTC | ID 877943739824365588] charmunk: He stole my phone
[Fri, 29. Mar 2024 18:42:05 UTC | ID 877943739824365588] charmunk: <a:skul:1191398355528593548>
[Fri, 29. Mar 2024 18:42:12 UTC | ID 877943739824365588] charmunk: List
[Fri, 29. Mar 2024 18:42:41 UTC | ID 877943739824365588] charmunk: I'ma dip now wish eagler craft had mobile version
[Fri, 29. Mar 2024 18:42:59 UTC | ID 877943739824365588] charmunk: Cool
[Fri, 29. Mar 2024 18:43:04 UTC | ID 877943739824365588] charmunk: Jimmy 5.0
