[Thu, 28. Mar 2024 12:43:21 UTC | ID 877943739824365588] charmunk: gamemode s Char
[Thu, 28. Mar 2024 12:43:31 UTC | ID 877943739824365588] charmunk: gamemode c Char
[Thu, 28. Mar 2024 12:49:31 UTC | ID 877943739824365588] charmunk: tab player Tester tabprefix &0&l[&a&lBuilder&0&l] &a
[Thu, 28. Mar 2024 12:52:17 UTC | ID 877943739824365588] charmunk: e
[Thu, 28. Mar 2024 13:09:12 UTC | ID 877943739824365588] charmunk: list
[Thu, 28. Mar 2024 14:40:30 UTC | ID 877943739824365588] charmunk: list
[Thu, 28. Mar 2024 14:58:12 UTC | ID 877943739824365588] charmunk: test
[Thu, 28. Mar 2024 14:59:28 UTC | ID 877943739824365588] charmunk: e
[Thu, 28. Mar 2024 14:59:46 UTC | ID 877943739824365588] charmunk: tp Tester 1 1 1
[Thu, 28. Mar 2024 15:00:27 UTC | ID 877943739824365588] charmunk: list
[Thu, 28. Mar 2024 15:02:43 UTC | ID 877943739824365588] charmunk: test
[Thu, 28. Mar 2024 15:02:52 UTC | ID 877943739824365588] charmunk: time set day
[Thu, 28. Mar 2024 15:04:39 UTC | ID 877943739824365588] charmunk: test
[Thu, 28. Mar 2024 15:04:46 UTC | ID 877943739824365588] charmunk: kick Char
[Thu, 28. Mar 2024 15:05:00 UTC | ID 877943739824365588] charmunk: list
[Thu, 28. Mar 2024 15:05:08 UTC | ID 877943739824365588] charmunk: time set night
[Thu, 28. Mar 2024 15:05:13 UTC | ID 877943739824365588] charmunk: time set day
[Thu, 28. Mar 2024 15:05:24 UTC | ID 877943739824365588] charmunk: tp Char 1 1 1
[Thu, 28. Mar 2024 15:06:08 UTC | ID 877943739824365588] charmunk: af bgod e
[Thu, 28. Mar 2024 15:08:02 UTC | ID 877943739824365588] charmunk: e
[Thu, 28. Mar 2024 15:08:07 UTC | ID 877943739824365588] charmunk: time set night
[Thu, 28. Mar 2024 15:08:19 UTC | ID 877943739824365588] charmunk: time set day
[Thu, 28. Mar 2024 15:08:22 UTC | ID 877943739824365588] charmunk: weather clear
[Thu, 28. Mar 2024 15:08:27 UTC | ID 877943739824365588] charmunk: kill Char
[Thu, 28. Mar 2024 15:10:06 UTC | ID 877943739824365588] charmunk: af bgod testing123
[Thu, 28. Mar 2024 15:10:19 UTC | ID 877943739824365588] charmunk: adminfun help
[Thu, 28. Mar 2024 15:10:32 UTC | ID 877943739824365588] charmunk: help
[Thu, 28. Mar 2024 15:12:35 UTC | ID 877943739824365588] charmunk: lagg clear
[Thu, 28. Mar 2024 15:13:17 UTC | ID 877943739824365588] charmunk: spark healthreport --memory
[Thu, 28. Mar 2024 15:16:12 UTC | ID 877943739824365588] charmunk: kick Char time to afk fr fr fr
[Thu, 28. Mar 2024 15:16:25 UTC | ID 877943739824365588] charmunk: cheeseburger
[Thu, 28. Mar 2024 15:16:41 UTC | ID 877943739824365588] charmunk: I made disocrd and console link lol
[Thu, 28. Mar 2024 15:16:52 UTC | ID 877943739824365588] charmunk: say e fr
[Thu, 28. Mar 2024 15:17:09 UTC | ID 877943739824365588] charmunk: ima go add /ec
[Thu, 28. Mar 2024 15:17:45 UTC | ID 877943739824365588] charmunk: wget https://github.com/Happyuky7/EnderChest-Plugin-Command-MC/releases/download/1.0.2/EnderChest-1.0.2.jar
[Thu, 28. Mar 2024 15:17:57 UTC | ID 877943739824365588] charmunk: oh wait that command doesnt work through discord 😭
[Thu, 28. Mar 2024 15:18:19 UTC | ID 877943739824365588] charmunk: lol
[Thu, 28. Mar 2024 15:18:24 UTC | ID 877943739824365588] charmunk: time to reload
[Thu, 28. Mar 2024 15:18:28 UTC | ID 877943739824365588] charmunk: reload
[Thu, 28. Mar 2024 15:21:48 UTC | ID 877943739824365588] charmunk: ec
[Thu, 28. Mar 2024 17:52:42 UTC | ID 877943739824365588] charmunk: E
[Thu, 28. Mar 2024 17:52:56 UTC | ID 877943739824365588] charmunk: Fr
[Thu, 28. Mar 2024 17:53:07 UTC | ID 877943739824365588] charmunk: Frfrfrfr
[Thu, 28. Mar 2024 17:53:09 UTC | ID 877943739824365588] charmunk: List
[Thu, 28. Mar 2024 17:53:50 UTC | ID 877943739824365588] charmunk: Lol
[Thu, 28. Mar 2024 17:54:06 UTC | ID 877943739824365588] charmunk: Doing /list is same as pressing tab lol
[Thu, 28. Mar 2024 17:54:21 UTC | ID 877943739824365588] charmunk: Say e
[Thu, 28. Mar 2024 17:55:42 UTC | ID 877943739824365588] charmunk: Wat lol
[Thu, 28. Mar 2024 17:55:54 UTC | ID 877943739824365588] charmunk: Lagg clear
[Thu, 28. Mar 2024 17:56:04 UTC | ID 877943739824365588] charmunk: I just removed 92 entity's fr fr
[Thu, 28. Mar 2024 17:56:13 UTC | ID 877943739824365588] charmunk: Fr
[Thu, 28. Mar 2024 17:56:26 UTC | ID 877943739824365588] charmunk: Xp xcpc 2L
[Thu, 28. Mar 2024 17:56:36 UTC | ID 877943739824365588] charmunk: Did command wrong
[Thu, 28. Mar 2024 17:56:52 UTC | ID 877943739824365588] charmunk: Xp 5L xcpc
[Thu, 28. Mar 2024 17:57:00 UTC | ID 877943739824365588] charmunk: Kool fr fr
[Thu, 28. Mar 2024 17:57:13 UTC | ID 877943739824365588] charmunk: Fr 5 L or 5 levels
[Thu, 28. Mar 2024 17:58:11 UTC | ID 877943739824365588] charmunk: Help execute
[Thu, 28. Mar 2024 17:58:46 UTC | ID 877943739824365588] charmunk: No work sadge
[Thu, 28. Mar 2024 17:59:01 UTC | ID 877943739824365588] charmunk: Ec
[Thu, 28. Mar 2024 17:59:14 UTC | ID 877943739824365588] charmunk: This command is for players only 😭
[Thu, 28. Mar 2024 18:02:03 UTC | ID 877943739824365588] charmunk: I will when I can I'm busy rn
[Thu, 28. Mar 2024 18:02:21 UTC | ID 877943739824365588] charmunk: Totally busy fr (in the car with only my phone lel)
[Thu, 28. Mar 2024 20:26:25 UTC | ID 877943739824365588] charmunk: hi
[Thu, 28. Mar 2024 20:26:29 UTC | ID 877943739824365588] charmunk: list
[Thu, 28. Mar 2024 22:45:42 UTC | ID 877943739824365588] charmunk: List
[Thu, 28. Mar 2024 22:45:53 UTC | ID 877943739824365588] charmunk: List
[Thu, 28. Mar 2024 22:46:00 UTC | ID 877943739824365588] charmunk: Hi didn't work first time
[Thu, 28. Mar 2024 22:46:03 UTC | ID 877943739824365588] charmunk: And they are cool
[Thu, 28. Mar 2024 22:48:15 UTC | ID 877943739824365588] charmunk: Why ain't it working
[Thu, 28. Mar 2024 22:48:18 UTC | ID 877943739824365588] charmunk: Skul
[Thu, 28. Mar 2024 22:48:27 UTC | ID 877943739824365588] charmunk: Someone with op do deop Gakzilla plz
[Thu, 28. Mar 2024 22:48:39 UTC | ID 877943739824365588] charmunk: Thanks
[Thu, 28. Mar 2024 22:54:01 UTC | ID 877943739824365588] charmunk: E
[Thu, 28. Mar 2024 22:54:15 UTC | ID 877943739824365588] charmunk: List
