[2024-03-19 12:21:25] [world] The Player <YiggDarvler279> got kicked at X= -581, Y= 83, Z= 321 with the reason You are banned from this server.
[2024-03-19 14:07:25] [world] The Player <Get_dick_slapped> got kicked at X= -710, Y= 57, Z= 89 with the reason §cWrong password!
[2024-03-19 14:07:42] [world] The Player <Get_dick_slapped> got kicked at X= -710, Y= 57, Z= 89 with the reason §cWrong password!
[2024-03-19 14:07:55] [world] The Player <Get_dick_slapped> got kicked at X= -710, Y= 57, Z= 89 with the reason §cWrong password!
[2024-03-19 14:15:19] [world] The Player <dick_slap> got kicked at X= -570, Y= 85, Z= 316 with the reason §cWrong password!
[2024-03-19 14:15:37] [world] The Player <MrBlob2U> got kicked at X= -499, Y= 70, Z= -461 with the reason §cWrong password!
[2024-03-19 14:23:26] [world] The Player <MrBlob2U> got kicked at X= -613, Y= 60, Z= 206 with the reason Flying is not enabled on this server
[2024-03-19 15:08:24] [world] The Player <Brycethelegend> got kicked at X= -405, Y= 66, Z= -193 with the reason §cWrong password!
[2024-03-19 15:11:33] [world] The Player <WienerDogFace> got kicked at X= -576, Y= 69, Z= 322 with the reason I have a math test today :*
[2024-03-20 00:24:55] [world] The Player <NezukoChan> got kicked at X= -10179, Y= 63, Z= 4111 with the reason §4Swearing is not allowed on this server!
[2024-03-20 13:11:01] [world] The Player <hexa> got kicked at X= -2807, Y= 68, Z= 233 with the reason §cWrong password!
[2024-03-20 13:31:59] [world] The Player <hexa> got kicked at X= -2807, Y= 68, Z= 233 with the reason §cWrong password!
[2024-03-20 13:55:56] [world] The Player <digbick> got kicked at X= -689, Y= 73, Z= 289 with the reason to dig of a bick
[2024-03-20 14:09:26] [world] The Player <Dave_TheCoolGuy> got kicked at X= -691, Y= 78, Z= 303 with the reason §cWrong password!
[2024-03-20 14:23:32] [world] The Player <shaved_monkey> got kicked at X= -585, Y= 70, Z= 215 with the reason §cWrong password!
[2024-03-20 14:37:07] [world] The Player <Rip_Dogwater> got kicked at X= -10172, Y= 64, Z= 4117 with the reason You are banned from this server.
[2024-03-20 16:09:26] [world_the_end] The Player <theproman3387> got kicked at X= 41, Y= 63, Z= 12 with the reason §cWrong password!
[2024-03-20 16:10:22] [world] The Player <Rip_Dogwater> got kicked at X= -882, Y= 71, Z= 176 with the reason §cWrong password!
[2024-03-20 16:28:38] [world] The Player <Rip_WillOfTheD> got kicked at X= -428, Y= 64, Z= 195 with the reason §cWrong password!
[2024-03-20 16:39:29] [world] The Player <Rip_Dogwater> got kicked at X= -1370, Y= 67, Z= -249 with the reason You are banned from this server.
[2024-03-20 16:53:20] [world] The Player <digbickb> got kicked at X= -583, Y= 82, Z= 319 with the reason §cWrong password!
[2024-03-20 17:02:53] [world] The Player <Brycethelegend> got kicked at X= -682, Y= 73, Z= 282 with the reason §cWrong password!
