[2024-03-21 19:44:30] [world] The Player <NezukoChan> got kicked at X= -10172, Y= 64, Z= 4118 with the reason §cWrong password!
[2024-03-21 19:47:03] [world] The Player <Dave_TheCoolGuy> got kicked at X= -689, Y= 75, Z= 304 with the reason server lagged my b
[2024-03-21 19:54:47] [world] The Player <NezukoChan> got kicked at X= -10180, Y= 64, Z= 4117 with the reason §cWrong password!
[2024-03-21 20:12:11] [world] The Player <NezukoChan> got kicked at X= -1169, Y= 49, Z= -421 with the reason §cWrong password!
[2024-03-21 22:21:02] [world] The Player <NezukoChan> got kicked at X= 1864, Y= 7, Z= 251 with the reason §cWrong password!
[2024-03-21 23:41:25] [world] The Player <NezukoChan> got kicked at X= 1908, Y= 12, Z= 228 with the reason §cWrong password!
[2024-03-22 02:01:40] [world] The Player <Tester> got kicked at X= -10183, Y= 64, Z= 4107 with the reason Kicked by an operator.
[2024-03-22 03:02:22] [world] The Player <GolemDaWanderer> got kicked at X= -576, Y= 69, Z= 319 with the reason Kicked by an operator.
[2024-03-22 03:03:30] [world] The Player <GolemDaWanderer> got kicked at X= -578, Y= 70, Z= 321 with the reason Kicked by an operator.
[2024-03-22 03:07:12] [world] The Player <GolemDaWanderer> got kicked at X= -545, Y= 68, Z= 244 with the reason Kicked by an operator.
[2024-03-22 12:12:09] [world] The Player <NezukoChan> got kicked at X= -10186, Y= 60, Z= 4118 with the reason Kicked by an operator.
[2024-03-22 12:12:18] [world] The Player <NezukoChan> got kicked at X= -10186, Y= 60, Z= 4118 with the reason §cWrong password!
[2024-03-22 12:18:36] [world_nether] The Player <hexa> got kicked at X= -133, Y= 67, Z= -87 with the reason §4Swearing is not allowed on this server!
[2024-03-22 12:50:59] [world] The Player <NezukoChan> got kicked at X= -10205, Y= 65, Z= 4178 with the reason §cWrong password!
[2024-03-22 13:17:30] [world] The Player <Tester> got kicked at X= 1000056, Y= 67, Z= 1000009 with the reason Flying is not allowed on this server.
[2024-03-22 13:50:18] [world] The Player <Autistic_Man> got kicked at X= -1542, Y= 62, Z= -117 with the reason §cWrong password!
[2024-03-22 14:11:31] [world] The Player <I_am_amazing> got kicked at X= -1353, Y= 5, Z= -339 with the reason You are banned from this server.
[2024-03-22 14:31:17] [world] The Player <EaglYee212> got kicked at X= -554, Y= 65, Z= 302 with the reason §cWrong password!
[2024-03-22 14:31:42] [world] The Player <EaglYee212> got kicked at X= -554, Y= 65, Z= 302 with the reason §cWrong password!
[2024-03-22 14:50:32] [world] The Player <NezukoChan> got kicked at X= -682, Y= 71, Z= 299 with the reason §cWrong password!
[2024-03-22 16:08:19] [world_nether] The Player <NezukoChan> got kicked at X= -1278, Y= 32, Z= 591 with the reason §cWrong password!
[2024-03-22 16:08:32] [world_nether] The Player <NezukoChan> got kicked at X= -1278, Y= 32, Z= 591 with the reason §cWrong password!
[2024-03-22 16:32:17] [world] The Player <A_Random_Person> got kicked at X= -1542, Y= 51, Z= -117 with the reason Kicked by an operator.
[2024-03-22 16:41:13] [world] The Player <hexa> got kicked at X= 1000099, Y= 64, Z= 999999 with the reason §4Swearing is not allowed on this server!
[2024-03-22 16:51:23] [world] The Player <Tester> got kicked at X= -573, Y= 68, Z= 316 with the reason §cWrong password!
[2024-03-22 17:11:23] [world] The Player <VeerIsKKK> got kicked at X= 512, Y= 104, Z= 2242 with the reason Kicked by an operator.
[2024-03-22 18:03:03] [world] The Player <Rip_WillOfTheD> got kicked at X= -573, Y= 68, Z= 316 with the reason §cWrong password!
[2024-03-22 18:03:18] [world] The Player <Rip_WillOfTheD> got kicked at X= -573, Y= 68, Z= 316 with the reason §cWrong password!
[2024-03-22 18:55:05] [world] The Player <NezukoChan> got kicked at X= 1800, Y= 38, Z= 288 with the reason §cWrong password!
[2024-03-22 20:16:57] [world] The Player <Clownpierce> got kicked at X= -10159, Y= 63, Z= 4100 with the reason §cWrong password!
[2024-03-22 20:46:39] [world] The Player <Heinrich_Himmler> got kicked at X= -529, Y= 193, Z= 287 with the reason You are banned from this server.
[2024-03-22 20:50:49] [world_the_end] The Player <Heinrich_Himmler> got kicked at X= 97, Y= 49, Z= -1 with the reason Kicked by an operator.
[2024-03-22 20:52:03] [world] The Player <Mudkips_Rule> got kicked at X= -1358, Y= 67, Z= -244 with the reason Kicked by an operator.
[2024-03-23 18:44:43] [world] The Player <Marshtomp12345> got kicked at X= -1163, Y= 9, Z= -388 with the reason §cWrong password!
[2024-03-23 22:08:08] [world] The Player <NezukoChan> got kicked at X= -10183, Y= 64, Z= 4107 with the reason §cWrong password!
[2024-03-24 15:17:43] [world] The Player <Tester> got kicked at X= -10176, Y= 64, Z= 4116 with the reason §4Swearing is not allowed on this server!
[2024-03-24 18:37:12] [world] The Player <Tester> got kicked at X= -10303, Y= 48, Z= 4026 with the reason §cWrong password!
[2024-03-24 18:49:26] [world] The Player <Tester> got kicked at X= -10298, Y= 48, Z= 4031 with the reason §cWrong password!
