[2024-03-28 03:08:33] [world] The Player <Tester> got kicked at X= 12900800, Y= 90, Z= 1 with the reason §cWrong password!
[2024-03-28 14:15:53] [world_the_end] The Player <Heinrich_Himmler> got kicked at X= 93, Y= 72, Z= -1 with the reason Flying is not enabled on this server
[2024-03-28 15:04:46] [world] The Player <Char> got kicked at X= -438, Y= 86, Z= -154 with the reason Kicked by an operator.
[2024-03-28 15:16:17] [world] The Player <Char> got kicked at X= -570, Y= 72, Z= 310 with the reason time to afk fr fr fr
[2024-03-28 16:51:43] [world] The Player <GolemDaWanderer> got kicked at X= -584, Y= 69, Z= 339 with the reason afk???
[2024-03-28 18:13:54] [world] The Player <xcpc> got kicked at X= -294, Y= 13, Z= 209 with the reason §4Swearing is not allowed on this server!
[2024-03-28 18:14:21] [world] The Player <xcpc> got kicked at X= -294, Y= 13, Z= 209 with the reason §4Swearing is not allowed on this server!
[2024-03-28 20:21:54] [world] The Player <BTC> got kicked at X= -438, Y= 66, Z= 213 with the reason §cWrong password!
[2024-03-28 20:22:24] [world] The Player <BTC> got kicked at X= -405, Y= 64, Z= 205 with the reason meth??
[2024-03-28 20:49:19] [world] The Player <BTC> got kicked at X= 782, Y= 27, Z= 142 with the reason §cWrong password!
[2024-03-28 22:40:05] [world] The Player <BTC> got kicked at X= -572, Y= 69, Z= 314 with the reason §cWrong password!
[2024-03-28 22:46:48] [world] The Player <BTC> got kicked at X= -724, Y= 65, Z= -25 with the reason §4Swearing is not allowed on this server!
[2024-03-28 22:50:13] [world] The Player <BTC> got kicked at X= -724, Y= 53, Z= -21 with the reason §cWrong password!
[2024-03-28 23:07:04] [world] The Player <xcpc> got kicked at X= -310, Y= 70, Z= 284 with the reason §4Swearing is not allowed on this server!
[2024-03-29 00:18:00] [world] The Player <BTC> got kicked at X= -1040, Y= 67, Z= 579 with the reason §cWrong password!
[2024-03-29 00:18:14] [world] The Player <BTC> got kicked at X= -1040, Y= 67, Z= 579 with the reason §cWrong password!
[2024-03-29 17:14:02] [world] The Player <Tester> got kicked at X= -310, Y= 70, Z= 279 with the reason oof
[2024-03-29 17:52:51] [world] The Player <xcpc> got kicked at X= -309, Y= 70, Z= 279 with the reason §4Swearing is not allowed on this server!
[2024-03-29 18:31:20] [world] The Player <xcpc> got kicked at X= -10299, Y= 35, Z= 4024 with the reason §4Swearing is not allowed on this server!
[2024-03-29 18:41:22] [world] The Player <Tester> got kicked at X= -10296, Y= 35, Z= 4028 with the reason You are banned from this server.
[2024-03-29 18:52:22] [world_nether] The Player <NezukoChan> got kicked at X= -1897, Y= 128, Z= 1223 with the reason §cWrong password!
