[2024-03-18 11:11:01] [world] [996aec62-04eb-3361-9b73-c600a1eedfdd] The Player <qwerty> has slain Zombie at X= -560, Y= 68, Z= 259
[2024-03-18 11:11:05] [world] [996aec62-04eb-3361-9b73-c600a1eedfdd] The Player <qwerty> has slain Zombie at X= -561, Y= 68, Z= 258
[2024-03-18 11:12:33] [world] [98c62a86-c05e-3c2a-926c-9d80e0e48fee] The Player <Rip_Dogwater> has slain Witch at X= -642, Y= 68, Z= 491
[2024-03-18 11:12:56] [world] [98c62a86-c05e-3c2a-926c-9d80e0e48fee] The Player <Rip_Dogwater> has slain Cow at X= -655, Y= 72, Z= 561
[2024-03-18 11:14:43] [world] [98c62a86-c05e-3c2a-926c-9d80e0e48fee] The Player <Rip_Dogwater> has slain Pig at X= -603, Y= 68, Z= 290
[2024-03-18 11:14:56] [world] [98c62a86-c05e-3c2a-926c-9d80e0e48fee] The Player <Rip_Dogwater> has slain Sheep at X= -623, Y= 68, Z= 308
[2024-03-18 11:19:16] [world] [98c62a86-c05e-3c2a-926c-9d80e0e48fee] The Player <Rip_Dogwater> has slain Rabbit at X= -700, Y= 64, Z= 161
[2024-03-18 11:21:03] [world_nether] [996aec62-04eb-3361-9b73-c600a1eedfdd] The Player <qwerty> has slain Blaze at X= -147, Y= 70, Z= -90
[2024-03-18 11:21:34] [world_nether] [84398786-e521-351c-9cf0-df0f73b6d326] The Player <Mudkips_Rule> has slain Blaze at X= -146, Y= 71, Z= -91
[2024-03-18 11:21:43] [world_nether] [84398786-e521-351c-9cf0-df0f73b6d326] The Player <Mudkips_Rule> has slain Blaze at X= -149, Y= 70, Z= -97
[2024-03-18 11:21:52] [world_nether] [84398786-e521-351c-9cf0-df0f73b6d326] The Player <Mudkips_Rule> has slain Blaze at X= -144, Y= 70, Z= -92
[2024-03-18 11:22:06] [world_nether] [996aec62-04eb-3361-9b73-c600a1eedfdd] The Player <qwerty> has slain Blaze at X= -135, Y= 70, Z= -84
[2024-03-18 11:22:12] [world_nether] [996aec62-04eb-3361-9b73-c600a1eedfdd] The Player <qwerty> has slain Blaze at X= -130, Y= 71, Z= -87
[2024-03-18 11:22:45] [world_nether] [996aec62-04eb-3361-9b73-c600a1eedfdd] The Player <qwerty> has slain Blaze at X= -133, Y= 70, Z= -84
[2024-03-18 11:22:53] [world_nether] [84398786-e521-351c-9cf0-df0f73b6d326] The Player <Mudkips_Rule> has slain Blaze at X= -145, Y= 69, Z= -95
[2024-03-18 11:22:58] [world_nether] [996aec62-04eb-3361-9b73-c600a1eedfdd] The Player <qwerty> has slain Blaze at X= -135, Y= 70, Z= -84
[2024-03-18 11:23:05] [world_nether] [84398786-e521-351c-9cf0-df0f73b6d326] The Player <Mudkips_Rule> has slain Blaze at X= -145, Y= 70, Z= -93
[2024-03-18 11:23:28] [world_nether] [84398786-e521-351c-9cf0-df0f73b6d326] The Player <Mudkips_Rule> has slain Blaze at X= -144, Y= 70, Z= -92
[2024-03-18 11:23:30] [world_nether] [996aec62-04eb-3361-9b73-c600a1eedfdd] The Player <qwerty> has slain Blaze at X= -149, Y= 71, Z= -92
[2024-03-18 11:24:05] [world_nether] [84398786-e521-351c-9cf0-df0f73b6d326] The Player <Mudkips_Rule> has slain Blaze at X= -145, Y= 69, Z= -95
[2024-03-18 11:24:22] [world_nether] [84398786-e521-351c-9cf0-df0f73b6d326] The Player <Mudkips_Rule> has slain Blaze at X= -148, Y= 70, Z= -92
[2024-03-18 11:24:41] [world_nether] [84398786-e521-351c-9cf0-df0f73b6d326] The Player <Mudkips_Rule> has slain Blaze at X= -147, Y= 67, Z= -97
[2024-03-18 11:24:59] [world_nether] [84398786-e521-351c-9cf0-df0f73b6d326] The Player <Mudkips_Rule> has slain Blaze at X= -149, Y= 70, Z= -96
[2024-03-18 12:06:33] [world_nether] [84398786-e521-351c-9cf0-df0f73b6d326] The Player <Mudkips_Rule> has slain Blaze at X= -147, Y= 68, Z= -96
[2024-03-18 12:06:58] [world_nether] [84398786-e521-351c-9cf0-df0f73b6d326] The Player <Mudkips_Rule> has slain Blaze at X= -144, Y= 70, Z= -91
[2024-03-18 12:07:05] [world_nether] [84398786-e521-351c-9cf0-df0f73b6d326] The Player <Mudkips_Rule> has slain Blaze at X= -149, Y= 70, Z= -97
[2024-03-18 12:07:35] [world_nether] [84398786-e521-351c-9cf0-df0f73b6d326] The Player <Mudkips_Rule> has slain Blaze at X= -148, Y= 70, Z= -90
[2024-03-18 12:07:39] [world_nether] [84398786-e521-351c-9cf0-df0f73b6d326] The Player <Mudkips_Rule> has slain Blaze at X= -144, Y= 70, Z= -93
[2024-03-18 12:07:54] [world_nether] [84398786-e521-351c-9cf0-df0f73b6d326] The Player <Mudkips_Rule> has slain Blaze at X= -147, Y= 70, Z= -91
[2024-03-18 12:08:05] [world_nether] [84398786-e521-351c-9cf0-df0f73b6d326] The Player <Mudkips_Rule> has slain Blaze at X= -143, Y= 71, Z= -92
[2024-03-18 12:08:44] [world_nether] [84398786-e521-351c-9cf0-df0f73b6d326] The Player <Mudkips_Rule> has slain Blaze at X= -144, Y= 70, Z= -91
[2024-03-18 12:08:51] [world] [a22317a5-ae4b-33d7-8478-76e621786389] The Player <Sword4001> has slain Chicken at X= -567, Y= 68, Z= 263
[2024-03-18 12:08:59] [world_nether] [84398786-e521-351c-9cf0-df0f73b6d326] The Player <Mudkips_Rule> has slain Blaze at X= -148, Y= 70, Z= -93
[2024-03-18 12:09:13] [world_nether] [84398786-e521-351c-9cf0-df0f73b6d326] The Player <Mudkips_Rule> has slain Blaze at X= -145, Y= 69, Z= -95
[2024-03-18 12:09:22] [world] [a22317a5-ae4b-33d7-8478-76e621786389] The Player <Sword4001> has slain Zombie at X= -576, Y= 68, Z= 257
[2024-03-18 12:09:26] [world] [89ac4d9f-7c7b-3e50-803d-1ff3d8f0f77a] The Player <Brycethelegend> has slain Zombie at X= -586, Y= 68, Z= 330
[2024-03-18 12:09:37] [world] [89ac4d9f-7c7b-3e50-803d-1ff3d8f0f77a] The Player <Brycethelegend> has slain Spider at X= -591, Y= 64, Z= 344
[2024-03-18 12:09:45] [world_nether] [84398786-e521-351c-9cf0-df0f73b6d326] The Player <Mudkips_Rule> has slain Blaze at X= -144, Y= 70, Z= -91
[2024-03-18 12:09:59] [world] [1de0a7e2-4590-31c8-8341-aad7a0f13b27] The Player <character> has slain Zombie at X= -782, Y= 10, Z= 160
[2024-03-18 12:10:02] [world] [89ac4d9f-7c7b-3e50-803d-1ff3d8f0f77a] The Player <Brycethelegend> has slain Rabbit at X= -611, Y= 68, Z= 268
[2024-03-18 12:10:09] [world] [89ac4d9f-7c7b-3e50-803d-1ff3d8f0f77a] The Player <Brycethelegend> has slain Sheep at X= -623, Y= 68, Z= 253
[2024-03-18 12:10:09] [world_nether] [84398786-e521-351c-9cf0-df0f73b6d326] The Player <Mudkips_Rule> has slain Blaze at X= -148, Y= 70, Z= -93
[2024-03-18 12:10:17] [world] [a7c66b95-e1a6-3999-9b04-48ac42162ea9] The Player <MrBlob2U> has slain Skeleton at X= -687, Y= 17, Z= 180
[2024-03-18 12:10:20] [world] [89ac4d9f-7c7b-3e50-803d-1ff3d8f0f77a] The Player <Brycethelegend> has slain Chicken at X= -625, Y= 68, Z= 260
[2024-03-18 12:10:26] [world] [89ac4d9f-7c7b-3e50-803d-1ff3d8f0f77a] The Player <Brycethelegend> has slain Pig at X= -620, Y= 68, Z= 279
[2024-03-18 12:10:27] [world] [89ac4d9f-7c7b-3e50-803d-1ff3d8f0f77a] The Player <Brycethelegend> has slain Sheep at X= -617, Y= 68, Z= 280
[2024-03-18 12:10:27] [world] [1de0a7e2-4590-31c8-8341-aad7a0f13b27] The Player <character> has slain Zombie at X= -770, Y= 10, Z= 165
[2024-03-18 12:12:28] [world] [89ac4d9f-7c7b-3e50-803d-1ff3d8f0f77a] The Player <Brycethelegend> has slain Chicken at X= -561, Y= 68, Z= 259
[2024-03-18 12:12:31] [world] [89ac4d9f-7c7b-3e50-803d-1ff3d8f0f77a] The Player <Brycethelegend> has slain Zombie at X= -559, Y= 68, Z= 257
[2024-03-18 12:13:58] [world] [89ac4d9f-7c7b-3e50-803d-1ff3d8f0f77a] The Player <Brycethelegend> has slain Rabbit at X= -548, Y= 63, Z= 294
[2024-03-18 12:13:58] [world_the_end] [f7bb36ab-e336-3c4d-9238-e9504956be33] The Player <NezukoChan> has slain Sheep at X= 99, Y= 49, Z= 1
[2024-03-18 12:14:09] [world] [89ac4d9f-7c7b-3e50-803d-1ff3d8f0f77a] The Player <Brycethelegend> has slain Rabbit at X= -553, Y= 66, Z= 295
[2024-03-18 12:14:37] [world] [89ac4d9f-7c7b-3e50-803d-1ff3d8f0f77a] The Player <Brycethelegend> has slain Zombie at X= -522, Y= 67, Z= 286
[2024-03-18 12:14:49] [world] [89ac4d9f-7c7b-3e50-803d-1ff3d8f0f77a] The Player <Brycethelegend> has slain Spider at X= -523, Y= 65, Z= 309
[2024-03-18 12:14:52] [world] [89ac4d9f-7c7b-3e50-803d-1ff3d8f0f77a] The Player <Brycethelegend> has slain Zombie at X= -524, Y= 65, Z= 311
[2024-03-18 12:15:57] [world] [89ac4d9f-7c7b-3e50-803d-1ff3d8f0f77a] The Player <Brycethelegend> has slain Pig at X= -577, Y= 68, Z= 333
[2024-03-18 12:16:18] [world] [89ac4d9f-7c7b-3e50-803d-1ff3d8f0f77a] The Player <Brycethelegend> has slain Skeleton at X= -601, Y= 69, Z= 330
[2024-03-18 12:20:48] [world_nether] [89ac4d9f-7c7b-3e50-803d-1ff3d8f0f77a] The Player <Brycethelegend> has slain Zombie Pigman at X= -28, Y= 38, Z= 82
[2024-03-18 12:20:48] [world_nether] [89ac4d9f-7c7b-3e50-803d-1ff3d8f0f77a] The Player <Brycethelegend> has slain Zombie Pigman at X= -28, Y= 38, Z= 82
[2024-03-18 12:20:54] [world_nether] [89ac4d9f-7c7b-3e50-803d-1ff3d8f0f77a] The Player <Brycethelegend> has slain Zombie Pigman at X= -30, Y= 38, Z= 83
[2024-03-18 12:20:54] [world_nether] [89ac4d9f-7c7b-3e50-803d-1ff3d8f0f77a] The Player <Brycethelegend> has slain Zombie Pigman at X= -29, Y= 38, Z= 83
[2024-03-18 12:23:32] [world_nether] [89ac4d9f-7c7b-3e50-803d-1ff3d8f0f77a] The Player <Brycethelegend> has slain Zombie Pigman at X= -36, Y= 36, Z= 29
[2024-03-18 12:23:40] [world_nether] [89ac4d9f-7c7b-3e50-803d-1ff3d8f0f77a] The Player <Brycethelegend> has slain Zombie Pigman at X= -46, Y= 31, Z= 24
[2024-03-18 12:25:56] [world] [d9a95374-d096-3dd8-88d6-b3a6cdec71db] The Player <theproman3387> has slain Sheep at X= -606, Y= 68, Z= 281
[2024-03-18 12:26:04] [world] [d9a95374-d096-3dd8-88d6-b3a6cdec71db] The Player <theproman3387> has slain Creeper at X= -605, Y= 68, Z= 277
[2024-03-18 12:29:51] [world_the_end] [d9a95374-d096-3dd8-88d6-b3a6cdec71db] The Player <theproman3387> has slain Enderman at X= 48, Y= 62, Z= 13
[2024-03-18 12:30:34] [world_the_end] [d9a95374-d096-3dd8-88d6-b3a6cdec71db] The Player <theproman3387> has slain Enderman at X= -44, Y= 57, Z= -3
[2024-03-18 12:30:47] [world_the_end] [98c62a86-c05e-3c2a-926c-9d80e0e48fee] The Player <Rip_Dogwater> has slain Pig at X= 102, Y= 49, Z= 1
[2024-03-18 12:31:03] [world_the_end] [d9a95374-d096-3dd8-88d6-b3a6cdec71db] The Player <theproman3387> has slain Enderman at X= -51, Y= 57, Z= 3
[2024-03-18 12:40:26] [world_the_end] [d9a95374-d096-3dd8-88d6-b3a6cdec71db] The Player <theproman3387> has slain Enderman at X= 43, Y= 63, Z= 25
[2024-03-18 12:40:34] [world_the_end] [d9a95374-d096-3dd8-88d6-b3a6cdec71db] The Player <theproman3387> has slain Enderman at X= 38, Y= 63, Z= 29
[2024-03-18 12:40:35] [world_the_end] [98c62a86-c05e-3c2a-926c-9d80e0e48fee] The Player <Rip_Dogwater> has slain Enderman at X= -36, Y= 62, Z= -9
[2024-03-18 12:41:47] [world_nether] [89ac4d9f-7c7b-3e50-803d-1ff3d8f0f77a] The Player <Brycethelegend> has slain Blaze at X= -145, Y= 69, Z= -95
[2024-03-18 12:41:51] [world_nether] [89ac4d9f-7c7b-3e50-803d-1ff3d8f0f77a] The Player <Brycethelegend> has slain Blaze at X= -148, Y= 71, Z= -92
[2024-03-18 12:41:59] [world_nether] [89ac4d9f-7c7b-3e50-803d-1ff3d8f0f77a] The Player <Brycethelegend> has slain Blaze at X= -145, Y= 71, Z= -89
[2024-03-18 12:42:17] [world_nether] [89ac4d9f-7c7b-3e50-803d-1ff3d8f0f77a] The Player <Brycethelegend> has slain Blaze at X= -123, Y= 68, Z= -102
[2024-03-18 12:44:34] [world_nether] [89ac4d9f-7c7b-3e50-803d-1ff3d8f0f77a] The Player <Brycethelegend> has slain Blaze at X= -91, Y= 66, Z= -198
[2024-03-18 12:44:52] [world_nether] [89ac4d9f-7c7b-3e50-803d-1ff3d8f0f77a] The Player <Brycethelegend> has slain Blaze at X= -94, Y= 68, Z= -197
[2024-03-18 12:46:53] [world_nether] [89ac4d9f-7c7b-3e50-803d-1ff3d8f0f77a] The Player <Brycethelegend> has slain Blaze at X= -153, Y= 67, Z= -102
[2024-03-18 12:47:03] [world_nether] [89ac4d9f-7c7b-3e50-803d-1ff3d8f0f77a] The Player <Brycethelegend> has slain Blaze at X= -144, Y= 71, Z= -89
[2024-03-18 12:47:03] [world_nether] [89ac4d9f-7c7b-3e50-803d-1ff3d8f0f77a] The Player <Brycethelegend> has slain Blaze at X= -143, Y= 71, Z= -89
[2024-03-18 12:47:06] [world_nether] [89ac4d9f-7c7b-3e50-803d-1ff3d8f0f77a] The Player <Brycethelegend> has slain Blaze at X= -148, Y= 70, Z= -90
[2024-03-18 12:47:11] [world_nether] [89ac4d9f-7c7b-3e50-803d-1ff3d8f0f77a] The Player <Brycethelegend> has slain Blaze at X= -145, Y= 68, Z= -97
[2024-03-18 12:47:54] [world_nether] [89ac4d9f-7c7b-3e50-803d-1ff3d8f0f77a] The Player <Brycethelegend> has slain Blaze at X= -134, Y= 67, Z= -100
[2024-03-18 12:48:03] [world_nether] [89ac4d9f-7c7b-3e50-803d-1ff3d8f0f77a] The Player <Brycethelegend> has slain Blaze at X= -134, Y= 70, Z= -84
[2024-03-18 12:48:18] [world_nether] [89ac4d9f-7c7b-3e50-803d-1ff3d8f0f77a] The Player <Brycethelegend> has slain Blaze at X= -136, Y= 70, Z= -91
[2024-03-18 12:48:33] [world_nether] [89ac4d9f-7c7b-3e50-803d-1ff3d8f0f77a] The Player <Brycethelegend> has slain Blaze at X= -136, Y= 71, Z= -85
[2024-03-18 12:48:47] [world_nether] [89ac4d9f-7c7b-3e50-803d-1ff3d8f0f77a] The Player <Brycethelegend> has slain Blaze at X= -148, Y= 67, Z= -99
[2024-03-18 12:50:10] [world_nether] [89ac4d9f-7c7b-3e50-803d-1ff3d8f0f77a] The Player <Brycethelegend> has slain Zombie Pigman at X= -161, Y= 67, Z= -102
[2024-03-18 12:51:45] [world] [25e1558f-7250-3703-bdd9-297e37656e1a] The Player <proman50> has slain Creeper at X= -274, Y= 70, Z= 174
[2024-03-18 12:51:58] [world_nether] [89ac4d9f-7c7b-3e50-803d-1ff3d8f0f77a] The Player <Brycethelegend> has slain Blaze at X= -145, Y= 69, Z= -95
[2024-03-18 12:52:01] [world_nether] [89ac4d9f-7c7b-3e50-803d-1ff3d8f0f77a] The Player <Brycethelegend> has slain Blaze at X= -144, Y= 71, Z= -90
[2024-03-18 12:52:04] [world_nether] [89ac4d9f-7c7b-3e50-803d-1ff3d8f0f77a] The Player <Brycethelegend> has slain Blaze at X= -148, Y= 70, Z= -90
[2024-03-18 12:52:12] [world] [25e1558f-7250-3703-bdd9-297e37656e1a] The Player <proman50> has slain Sheep at X= -212, Y= 64, Z= 109
[2024-03-18 12:52:15] [world_nether] [89ac4d9f-7c7b-3e50-803d-1ff3d8f0f77a] The Player <Brycethelegend> has slain Blaze at X= -143, Y= 71, Z= -89
[2024-03-18 12:52:17] [world_nether] [89ac4d9f-7c7b-3e50-803d-1ff3d8f0f77a] The Player <Brycethelegend> has slain Blaze at X= -144, Y= 71, Z= -91
[2024-03-18 12:52:21] [world_nether] [89ac4d9f-7c7b-3e50-803d-1ff3d8f0f77a] The Player <Brycethelegend> has slain Blaze at X= -146, Y= 69, Z= -98
[2024-03-18 12:52:29] [world_nether] [89ac4d9f-7c7b-3e50-803d-1ff3d8f0f77a] The Player <Brycethelegend> has slain Blaze at X= -148, Y= 70, Z= -90
[2024-03-18 12:52:36] [world_nether] [89ac4d9f-7c7b-3e50-803d-1ff3d8f0f77a] The Player <Brycethelegend> has slain Blaze at X= -145, Y= 70, Z= -97
[2024-03-18 12:52:47] [world_nether] [89ac4d9f-7c7b-3e50-803d-1ff3d8f0f77a] The Player <Brycethelegend> has slain Blaze at X= -140, Y= 66, Z= -92
[2024-03-18 12:52:53] [world] [25e1558f-7250-3703-bdd9-297e37656e1a] The Player <proman50> has slain Chicken at X= -214, Y= 71, Z= 127
[2024-03-18 12:52:56] [world_nether] [89ac4d9f-7c7b-3e50-803d-1ff3d8f0f77a] The Player <Brycethelegend> has slain Blaze at X= -138, Y= 63, Z= -96
[2024-03-18 12:53:03] [world] [25e1558f-7250-3703-bdd9-297e37656e1a] The Player <proman50> has slain Sheep at X= -234, Y= 70, Z= 123
[2024-03-18 12:53:08] [world] [25e1558f-7250-3703-bdd9-297e37656e1a] The Player <proman50> has slain Chicken at X= -245, Y= 71, Z= 129
[2024-03-18 12:53:19] [world] [25e1558f-7250-3703-bdd9-297e37656e1a] The Player <proman50> has slain Pig at X= -234, Y= 72, Z= 156
[2024-03-18 12:53:23] [world] [25e1558f-7250-3703-bdd9-297e37656e1a] The Player <proman50> has slain Chicken at X= -240, Y= 70, Z= 163
[2024-03-18 12:54:52] [world] [f7bb36ab-e336-3c4d-9238-e9504956be33] The Player <NezukoChan> has slain Sheep at X= -631, Y= 68, Z= 326
[2024-03-18 12:59:27] [world_nether] [89ac4d9f-7c7b-3e50-803d-1ff3d8f0f77a] The Player <Brycethelegend> has slain Blaze at X= -148, Y= 71, Z= -89
[2024-03-18 12:59:38] [world_nether] [89ac4d9f-7c7b-3e50-803d-1ff3d8f0f77a] The Player <Brycethelegend> has slain Blaze at X= -145, Y= 70, Z= -97
[2024-03-18 13:07:22] [world] [e83f87c1-9bd9-3fdb-8682-809b72df4c21] The Player <VeerIsKKK> has slain Zombie at X= -555, Y= 64, Z= 261
[2024-03-18 13:26:27] [world] [f3d28cb0-7225-3cb1-baeb-2dadd2be89ae] The Player <Tester> has slain Slime at X= -10190, Y= 62, Z= 4120
[2024-03-18 13:26:31] [world] [f3d28cb0-7225-3cb1-baeb-2dadd2be89ae] The Player <Tester> has slain Slime at X= -10192, Y= 64, Z= 4120
[2024-03-18 13:26:33] [world] [f3d28cb0-7225-3cb1-baeb-2dadd2be89ae] The Player <Tester> has slain Slime at X= -10190, Y= 64, Z= 4118
[2024-03-18 13:26:34] [world] [f3d28cb0-7225-3cb1-baeb-2dadd2be89ae] The Player <Tester> has slain Slime at X= -10188, Y= 64, Z= 4120
[2024-03-18 13:26:35] [world] [f3d28cb0-7225-3cb1-baeb-2dadd2be89ae] The Player <Tester> has slain Slime at X= -10187, Y= 64, Z= 4119
[2024-03-18 13:26:38] [world] [f3d28cb0-7225-3cb1-baeb-2dadd2be89ae] The Player <Tester> has slain Slime at X= -10191, Y= 64, Z= 4117
[2024-03-18 13:26:39] [world] [f3d28cb0-7225-3cb1-baeb-2dadd2be89ae] The Player <Tester> has slain Slime at X= -10190, Y= 63, Z= 4115
[2024-03-18 13:26:41] [world] [f3d28cb0-7225-3cb1-baeb-2dadd2be89ae] The Player <Tester> has slain Slime at X= -10190, Y= 63, Z= 4117
[2024-03-18 13:29:18] [world] [f3d28cb0-7225-3cb1-baeb-2dadd2be89ae] The Player <Tester> has slain Slime at X= -10243, Y= 64, Z= 4109
[2024-03-18 13:29:21] [world] [e83f87c1-9bd9-3fdb-8682-809b72df4c21] The Player <VeerIsKKK> has slain Zombie at X= -539, Y= 68, Z= 282
[2024-03-18 13:29:44] [world] [f3d28cb0-7225-3cb1-baeb-2dadd2be89ae] The Player <Tester> has slain Slime at X= -10241, Y= 64, Z= 4106
[2024-03-18 13:30:01] [world] [f3d28cb0-7225-3cb1-baeb-2dadd2be89ae] The Player <Tester> has slain Cow at X= -10250, Y= 64, Z= 4111
[2024-03-18 13:30:08] [world] [f3d28cb0-7225-3cb1-baeb-2dadd2be89ae] The Player <Tester> has slain Slime at X= -10244, Y= 65, Z= 4107
[2024-03-18 13:30:08] [world] [f3d28cb0-7225-3cb1-baeb-2dadd2be89ae] The Player <Tester> has slain Slime at X= -10244, Y= 64, Z= 4107
[2024-03-18 13:30:47] [world_the_end] [e83f87c1-9bd9-3fdb-8682-809b72df4c21] The Player <VeerIsKKK> has slain Sheep at X= 100, Y= 49, Z= -1
[2024-03-18 13:32:03] [world_the_end] [e83f87c1-9bd9-3fdb-8682-809b72df4c21] The Player <VeerIsKKK> has slain Enderman at X= 15, Y= 59, Z= 18
[2024-03-18 13:34:10] [world_the_end] [e83f87c1-9bd9-3fdb-8682-809b72df4c21] The Player <VeerIsKKK> has slain Enderman at X= 20, Y= 58, Z= -67
[2024-03-18 13:39:20] [world_the_end] [f3d28cb0-7225-3cb1-baeb-2dadd2be89ae] The Player <Tester> has slain Enderman at X= -169, Y= 57, Z= 39
[2024-03-18 13:43:47] [world_the_end] [f3d28cb0-7225-3cb1-baeb-2dadd2be89ae] The Player <Tester> has slain Slime at X= 100, Y= 49, Z= 1
[2024-03-18 13:45:42] [world] [59e49993-dba6-3608-baba-133766761b0c] The Player <WienerDogFace> has slain Bat at X= -449, Y= 11, Z= 1413
[2024-03-18 13:47:59] [world_nether] [84398786-e521-351c-9cf0-df0f73b6d326] The Player <Mudkips_Rule> has slain Blaze at X= -145, Y= 70, Z= -97
[2024-03-18 13:48:27] [world_nether] [84398786-e521-351c-9cf0-df0f73b6d326] The Player <Mudkips_Rule> has slain Blaze at X= -144, Y= 70, Z= -91
[2024-03-18 13:49:26] [world] [a22317a5-ae4b-33d7-8478-76e621786389] The Player <Sword4001> has slain Pig at X= -603, Y= 68, Z= 309
[2024-03-18 13:49:30] [world_nether] [996aec62-04eb-3361-9b73-c600a1eedfdd] The Player <qwerty> has slain Blaze at X= -130, Y= 67, Z= -91
[2024-03-18 13:49:31] [world_nether] [84398786-e521-351c-9cf0-df0f73b6d326] The Player <Mudkips_Rule> has slain Blaze at X= -145, Y= 69, Z= -95
[2024-03-18 13:49:35] [world_nether] [84398786-e521-351c-9cf0-df0f73b6d326] The Player <Mudkips_Rule> has slain Blaze at X= -144, Y= 70, Z= -91
[2024-03-18 13:49:39] [world_nether] [84398786-e521-351c-9cf0-df0f73b6d326] The Player <Mudkips_Rule> has slain Blaze at X= -146, Y= 70, Z= -95
[2024-03-18 13:49:40] [world_nether] [84398786-e521-351c-9cf0-df0f73b6d326] The Player <Mudkips_Rule> has slain Blaze at X= -149, Y= 71, Z= -96
[2024-03-18 13:49:50] [world_nether] [996aec62-04eb-3361-9b73-c600a1eedfdd] The Player <qwerty> has slain Blaze at X= -131, Y= 70, Z= -86
[2024-03-18 13:49:51] [world_nether] [996aec62-04eb-3361-9b73-c600a1eedfdd] The Player <qwerty> has slain Blaze at X= -130, Y= 71, Z= -83
[2024-03-18 13:49:55] [world_nether] [996aec62-04eb-3361-9b73-c600a1eedfdd] The Player <qwerty> has slain Blaze at X= -133, Y= 70, Z= -84
[2024-03-18 13:49:59] [world_nether] [996aec62-04eb-3361-9b73-c600a1eedfdd] The Player <qwerty> has slain Blaze at X= -137, Y= 71, Z= -84
[2024-03-18 13:50:07] [world_nether] [996aec62-04eb-3361-9b73-c600a1eedfdd] The Player <qwerty> has slain Blaze at X= -134, Y= 70, Z= -87
[2024-03-18 13:50:08] [world_nether] [996aec62-04eb-3361-9b73-c600a1eedfdd] The Player <qwerty> has slain Blaze at X= -135, Y= 70, Z= -87
[2024-03-18 13:50:48] [world_nether] [996aec62-04eb-3361-9b73-c600a1eedfdd] The Player <qwerty> has slain Blaze at X= -135, Y= 70, Z= -84
[2024-03-18 13:51:03] [world_nether] [996aec62-04eb-3361-9b73-c600a1eedfdd] The Player <qwerty> has slain Blaze at X= -136, Y= 67, Z= -89
[2024-03-18 13:51:51] [world_nether] [84398786-e521-351c-9cf0-df0f73b6d326] The Player <Mudkips_Rule> has slain Blaze at X= -146, Y= 70, Z= -97
[2024-03-18 13:51:55] [world_nether] [84398786-e521-351c-9cf0-df0f73b6d326] The Player <Mudkips_Rule> has slain Blaze at X= -149, Y= 69, Z= -97
[2024-03-18 13:52:01] [world_nether] [84398786-e521-351c-9cf0-df0f73b6d326] The Player <Mudkips_Rule> has slain Blaze at X= -148, Y= 71, Z= -90
[2024-03-18 13:52:03] [world_nether] [84398786-e521-351c-9cf0-df0f73b6d326] The Player <Mudkips_Rule> has slain Blaze at X= -144, Y= 70, Z= -90
[2024-03-18 13:52:10] [world_nether] [84398786-e521-351c-9cf0-df0f73b6d326] The Player <Mudkips_Rule> has slain Blaze at X= -145, Y= 70, Z= -97
[2024-03-18 13:52:21] [world_nether] [84398786-e521-351c-9cf0-df0f73b6d326] The Player <Mudkips_Rule> has slain Blaze at X= -147, Y= 68, Z= -111
[2024-03-18 13:52:30] [world_nether] [84398786-e521-351c-9cf0-df0f73b6d326] The Player <Mudkips_Rule> has slain Blaze at X= -146, Y= 70, Z= -93
[2024-03-18 13:52:40] [world_nether] [89ac4d9f-7c7b-3e50-803d-1ff3d8f0f77a] The Player <Brycethelegend> has slain Blaze at X= -135, Y= 70, Z= -85
[2024-03-18 13:52:46] [world_nether] [89ac4d9f-7c7b-3e50-803d-1ff3d8f0f77a] The Player <Brycethelegend> has slain Blaze at X= -130, Y= 71, Z= -87
[2024-03-18 13:52:57] [world_nether] [89ac4d9f-7c7b-3e50-803d-1ff3d8f0f77a] The Player <Brycethelegend> has slain Blaze at X= -135, Y= 70, Z= -84
[2024-03-18 13:53:00] [world_nether] [84398786-e521-351c-9cf0-df0f73b6d326] The Player <Mudkips_Rule> has slain Blaze at X= -149, Y= 71, Z= -91
[2024-03-18 13:53:25] [world_nether] [84398786-e521-351c-9cf0-df0f73b6d326] The Player <Mudkips_Rule> has slain Blaze at X= -148, Y= 70, Z= -90
[2024-03-18 13:53:36] [world_the_end] [e83f87c1-9bd9-3fdb-8682-809b72df4c21] The Player <VeerIsKKK> has slain Enderman at X= 11, Y= 58, Z= 40
[2024-03-18 13:53:39] [world_nether] [84398786-e521-351c-9cf0-df0f73b6d326] The Player <Mudkips_Rule> has slain Blaze at X= -149, Y= 67, Z= -90
[2024-03-18 13:53:51] [world_nether] [84398786-e521-351c-9cf0-df0f73b6d326] The Player <Mudkips_Rule> has slain Blaze at X= -144, Y= 70, Z= -91
[2024-03-18 13:53:54] [world_nether] [84398786-e521-351c-9cf0-df0f73b6d326] The Player <Mudkips_Rule> has slain Blaze at X= -147, Y= 70, Z= -96
[2024-03-18 13:54:18] [world_nether] [84398786-e521-351c-9cf0-df0f73b6d326] The Player <Mudkips_Rule> has slain Blaze at X= -143, Y= 71, Z= -92
[2024-03-18 13:54:30] [world_nether] [89ac4d9f-7c7b-3e50-803d-1ff3d8f0f77a] The Player <Brycethelegend> has slain Zombie Pigman at X= -122, Y= 33, Z= -110
[2024-03-18 13:54:33] [world_nether] [84398786-e521-351c-9cf0-df0f73b6d326] The Player <Mudkips_Rule> has slain Blaze at X= -141, Y= 55, Z= -95
[2024-03-18 13:54:34] [world_nether] [89ac4d9f-7c7b-3e50-803d-1ff3d8f0f77a] The Player <Brycethelegend> has slain Zombie Pigman at X= -123, Y= 32, Z= -112
[2024-03-18 13:54:42] [world_nether] [89ac4d9f-7c7b-3e50-803d-1ff3d8f0f77a] The Player <Brycethelegend> has slain Zombie Pigman at X= -123, Y= 32, Z= -110
[2024-03-18 13:55:32] [world_nether] [84398786-e521-351c-9cf0-df0f73b6d326] The Player <Mudkips_Rule> has slain Blaze at X= -147, Y= 70, Z= -92
[2024-03-18 13:55:33] [world_nether] [84398786-e521-351c-9cf0-df0f73b6d326] The Player <Mudkips_Rule> has slain Blaze at X= -145, Y= 70, Z= -93
[2024-03-18 13:55:37] [world_nether] [84398786-e521-351c-9cf0-df0f73b6d326] The Player <Mudkips_Rule> has slain Blaze at X= -142, Y= 71, Z= -97
[2024-03-18 13:56:18] [world] [e83f87c1-9bd9-3fdb-8682-809b72df4c21] The Player <VeerIsKKK> has slain Sword4001 at X= -574, Y= 67, Z= 303
[2024-03-18 13:56:53] [world_nether] [84398786-e521-351c-9cf0-df0f73b6d326] The Player <Mudkips_Rule> has slain Blaze at X= -146, Y= 69, Z= -95
[2024-03-18 13:56:55] [world_nether] [84398786-e521-351c-9cf0-df0f73b6d326] The Player <Mudkips_Rule> has slain Blaze at X= -148, Y= 70, Z= -92
[2024-03-18 13:56:56] [world_nether] [84398786-e521-351c-9cf0-df0f73b6d326] The Player <Mudkips_Rule> has slain Blaze at X= -147, Y= 70, Z= -94
[2024-03-18 13:56:58] [world_nether] [84398786-e521-351c-9cf0-df0f73b6d326] The Player <Mudkips_Rule> has slain Blaze at X= -146, Y= 70, Z= -91
[2024-03-18 13:57:02] [world_nether] [84398786-e521-351c-9cf0-df0f73b6d326] The Player <Mudkips_Rule> has slain Blaze at X= -143, Y= 71, Z= -92
[2024-03-18 13:57:08] [world_nether] [84398786-e521-351c-9cf0-df0f73b6d326] The Player <Mudkips_Rule> has slain Blaze at X= -145, Y= 69, Z= -95
[2024-03-18 13:57:11] [world_nether] [84398786-e521-351c-9cf0-df0f73b6d326] The Player <Mudkips_Rule> has slain Blaze at X= -147, Y= 68, Z= -97
[2024-03-18 13:57:19] [world_nether] [84398786-e521-351c-9cf0-df0f73b6d326] The Player <Mudkips_Rule> has slain Blaze at X= -147, Y= 70, Z= -93
[2024-03-18 13:58:28] [world_the_end] [e83f87c1-9bd9-3fdb-8682-809b72df4c21] The Player <VeerIsKKK> has slain Enderman at X= 54, Y= 60, Z= 38
[2024-03-18 13:58:33] [world_the_end] [e83f87c1-9bd9-3fdb-8682-809b72df4c21] The Player <VeerIsKKK> has slain Enderman at X= 49, Y= 61, Z= 38
[2024-03-18 13:58:41] [world_the_end] [e83f87c1-9bd9-3fdb-8682-809b72df4c21] The Player <VeerIsKKK> has slain Enderman at X= 46, Y= 61, Z= 57
[2024-03-18 13:58:49] [world_the_end] [e83f87c1-9bd9-3fdb-8682-809b72df4c21] The Player <VeerIsKKK> has slain Enderman at X= 55, Y= 59, Z= 62
[2024-03-18 13:58:55] [world_the_end] [e83f87c1-9bd9-3fdb-8682-809b72df4c21] The Player <VeerIsKKK> has slain Enderman at X= 45, Y= 58, Z= 80
[2024-03-18 14:00:09] [world_the_end] [e83f87c1-9bd9-3fdb-8682-809b72df4c21] The Player <VeerIsKKK> has slain Pog4lifepeople at X= 50, Y= 62, Z= 29
[2024-03-18 14:00:20] [world_the_end] [59e49993-dba6-3608-baba-133766761b0c] The Player <WienerDogFace> has slain VeerIsKKK at X= 42, Y= 63, Z= 18
[2024-03-18 14:00:35] [world] [89ac4d9f-7c7b-3e50-803d-1ff3d8f0f77a] The Player <Brycethelegend> has slain sharky at X= -577, Y= 68, Z= 247
[2024-03-18 14:00:45] [world_the_end] [59e49993-dba6-3608-baba-133766761b0c] The Player <WienerDogFace> has slain Pog4lifepeople at X= 42, Y= 62, Z= 37
[2024-03-18 14:01:11] [world_the_end] [e83f87c1-9bd9-3fdb-8682-809b72df4c21] The Player <VeerIsKKK> has slain Enderman at X= -11, Y= 61, Z= -12
[2024-03-18 14:01:18] [world_the_end] [59e49993-dba6-3608-baba-133766761b0c] The Player <WienerDogFace> has slain Enderman at X= 45, Y= 62, Z= 2
[2024-03-18 14:01:56] [world_the_end] [09358e25-5200-3fd6-aa8b-da037375f2a6] The Player <somebody139> has slain Slime at X= -29, Y= 59, Z= 13
[2024-03-18 14:01:57] [world_the_end] [09358e25-5200-3fd6-aa8b-da037375f2a6] The Player <somebody139> has slain Slime at X= -32, Y= 58, Z= 14
[2024-03-18 14:01:58] [world_the_end] [09358e25-5200-3fd6-aa8b-da037375f2a6] The Player <somebody139> has slain Slime at X= -32, Y= 58, Z= 14
[2024-03-18 14:02:43] [world] [f3d28cb0-7225-3cb1-baeb-2dadd2be89ae] The Player <Tester> has slain Villager at X= -10185, Y= 60, Z= 4116
[2024-03-18 14:02:48] [world] [f3d28cb0-7225-3cb1-baeb-2dadd2be89ae] The Player <Tester> has slain Villager at X= -10185, Y= 60, Z= 4116
[2024-03-18 14:03:02] [world_the_end] [59e49993-dba6-3608-baba-133766761b0c] The Player <WienerDogFace> has slain VeerIsKKK at X= 26, Y= 63, Z= 11
[2024-03-18 14:03:24] [world_the_end] [59e49993-dba6-3608-baba-133766761b0c] The Player <WienerDogFace> has slain somebody139 at X= 24, Y= 64, Z= 9
[2024-03-18 14:03:35] [world_the_end] [e83f87c1-9bd9-3fdb-8682-809b72df4c21] The Player <VeerIsKKK> has slain Enderman at X= 41, Y= 63, Z= 27
[2024-03-18 14:03:39] [world_the_end] [e83f87c1-9bd9-3fdb-8682-809b72df4c21] The Player <VeerIsKKK> has slain Enderman at X= 43, Y= 63, Z= 25
[2024-03-18 14:04:13] [world_the_end] [e83f87c1-9bd9-3fdb-8682-809b72df4c21] The Player <VeerIsKKK> has slain somebody139 at X= 15, Y= 60, Z= -8
[2024-03-18 14:04:17] [world_the_end] [e83f87c1-9bd9-3fdb-8682-809b72df4c21] The Player <VeerIsKKK> has slain WienerDogFace at X= 15, Y= 60, Z= -11
[2024-03-18 14:04:24] [world_the_end] [e83f87c1-9bd9-3fdb-8682-809b72df4c21] The Player <VeerIsKKK> has slain Enderman at X= 20, Y= 60, Z= 17
[2024-03-18 14:04:45] [world_the_end] [e83f87c1-9bd9-3fdb-8682-809b72df4c21] The Player <VeerIsKKK> has slain somebody139 at X= 43, Y= 64, Z= 8
[2024-03-18 14:04:45] [world_the_end] [e83f87c1-9bd9-3fdb-8682-809b72df4c21] The Player <VeerIsKKK> has slain WienerDogFace at X= 41, Y= 64, Z= 8
[2024-03-18 14:04:51] [world_the_end] [f3d28cb0-7225-3cb1-baeb-2dadd2be89ae] The Player <Tester> has slain VeerIsKKK at X= 34, Y= 63, Z= 4
[2024-03-18 14:04:57] [world] [e83f87c1-9bd9-3fdb-8682-809b72df4c21] The Player <VeerIsKKK> has slain somebody139 at X= -574, Y= 68, Z= 317
[2024-03-18 14:04:57] [world] [e83f87c1-9bd9-3fdb-8682-809b72df4c21] The Player <VeerIsKKK> has slain WienerDogFace at X= -574, Y= 68, Z= 317
[2024-03-18 14:05:02] [world] [e83f87c1-9bd9-3fdb-8682-809b72df4c21] The Player <VeerIsKKK> has slain somebody139 at X= -574, Y= 69, Z= 319
[2024-03-18 14:05:03] [world] [e83f87c1-9bd9-3fdb-8682-809b72df4c21] The Player <VeerIsKKK> has slain WienerDogFace at X= -574, Y= 69, Z= 318
[2024-03-18 14:05:06] [world] [e83f87c1-9bd9-3fdb-8682-809b72df4c21] The Player <VeerIsKKK> has slain somebody139 at X= -573, Y= 68, Z= 316
[2024-03-18 14:05:06] [world] [e83f87c1-9bd9-3fdb-8682-809b72df4c21] The Player <VeerIsKKK> has slain WienerDogFace at X= -573, Y= 68, Z= 316
[2024-03-18 14:05:08] [world] [e83f87c1-9bd9-3fdb-8682-809b72df4c21] The Player <VeerIsKKK> has slain somebody139 at X= -573, Y= 68, Z= 316
[2024-03-18 14:05:12] [world] [e83f87c1-9bd9-3fdb-8682-809b72df4c21] The Player <VeerIsKKK> has slain somebody139 at X= -573, Y= 68, Z= 316
[2024-03-18 14:05:19] [world_the_end] [59e49993-dba6-3608-baba-133766761b0c] The Player <WienerDogFace> has slain VeerIsKKK at X= 98, Y= 49, Z= 1
[2024-03-18 14:05:38] [world_the_end] [59e49993-dba6-3608-baba-133766761b0c] The Player <WienerDogFace> has slain somebody139 at X= 107, Y= 44, Z= 6
[2024-03-18 14:06:12] [world_the_end] [f3d28cb0-7225-3cb1-baeb-2dadd2be89ae] The Player <Tester> has slain Enderman at X= -4, Y= 61, Z= -36
[2024-03-18 14:06:33] [world_the_end] [f3d28cb0-7225-3cb1-baeb-2dadd2be89ae] The Player <Tester> has slain Enderman at X= 63, Y= 62, Z= 2
[2024-03-18 14:06:37] [world_the_end] [f3d28cb0-7225-3cb1-baeb-2dadd2be89ae] The Player <Tester> has slain Enderman at X= 76, Y= 61, Z= 17
[2024-03-18 14:07:24] [world_the_end] [f3d28cb0-7225-3cb1-baeb-2dadd2be89ae] The Player <Tester> has slain Enderman at X= -24, Y= 45, Z= 85
[2024-03-18 14:07:29] [world_the_end] [f3d28cb0-7225-3cb1-baeb-2dadd2be89ae] The Player <Tester> has slain Enderman at X= -24, Y= 41, Z= 87
[2024-03-18 14:07:42] [world_the_end] [f3d28cb0-7225-3cb1-baeb-2dadd2be89ae] The Player <Tester> has slain Enderman at X= 7, Y= 57, Z= 78
[2024-03-18 14:12:00] [world] [dcdcdff1-5584-3ff0-9dc4-1f72e2564cd6] The Player <Dave_TheCoolguy_> has slain Sheep at X= -625, Y= 68, Z= 248
[2024-03-18 14:12:08] [world] [7e8da72a-cfff-3ef4-aa28-0a41015af521] The Player <I_am_amazing> has slain Zombie at X= -621, Y= 19, Z= 598
[2024-03-18 14:12:16] [world] [7e8da72a-cfff-3ef4-aa28-0a41015af521] The Player <I_am_amazing> has slain Zombie at X= -624, Y= 20, Z= 588
[2024-03-18 14:12:21] [world] [7e8da72a-cfff-3ef4-aa28-0a41015af521] The Player <I_am_amazing> has slain Skeleton at X= -629, Y= 22, Z= 586
[2024-03-18 14:12:31] [world] [636f38c7-36e9-36d5-b56b-1ce104be982b] The Player <MonkeyTrainer> has slain Zombie Pigman at X= -561, Y= 66, Z= 336
[2024-03-18 14:13:00] [world] [dcdcdff1-5584-3ff0-9dc4-1f72e2564cd6] The Player <Dave_TheCoolguy_> has slain Sheep at X= -681, Y= 68, Z= 209
[2024-03-18 14:13:11] [world] [59e49993-dba6-3608-baba-133766761b0c] The Player <WienerDogFace> has slain sharky at X= -484, Y= 71, Z= -484
[2024-03-18 14:13:32] [world] [59e49993-dba6-3608-baba-133766761b0c] The Player <WienerDogFace> has slain somebody139 at X= -489, Y= 72, Z= -484
[2024-03-18 14:13:57] [world] [59e49993-dba6-3608-baba-133766761b0c] The Player <WienerDogFace> has slain sharky at X= -498, Y= 70, Z= -465
[2024-03-18 14:14:29] [world] [7e8da72a-cfff-3ef4-aa28-0a41015af521] The Player <I_am_amazing> has slain Zombie at X= -647, Y= 11, Z= 601
[2024-03-18 14:15:18] [world_nether] [89ac4d9f-7c7b-3e50-803d-1ff3d8f0f77a] The Player <Brycethelegend> has slain Blaze at X= -145, Y= 69, Z= -95
[2024-03-18 14:15:22] [world_nether] [89ac4d9f-7c7b-3e50-803d-1ff3d8f0f77a] The Player <Brycethelegend> has slain Blaze at X= -144, Y= 70, Z= -90
[2024-03-18 14:15:29] [world_nether] [89ac4d9f-7c7b-3e50-803d-1ff3d8f0f77a] The Player <Brycethelegend> has slain Blaze at X= -149, Y= 71, Z= -90
[2024-03-18 14:16:20] [world_the_end] [09358e25-5200-3fd6-aa8b-da037375f2a6] The Player <somebody139> has slain Enderman at X= -8, Y= 58, Z= 53
[2024-03-18 14:18:03] [world] [59e49993-dba6-3608-baba-133766761b0c] The Player <WienerDogFace> has slain Horse at X= -750, Y= 64, Z= 212
[2024-03-18 14:18:10] [world] [59e49993-dba6-3608-baba-133766761b0c] The Player <WienerDogFace> has slain Sheep at X= -741, Y= 65, Z= 189
[2024-03-18 14:18:12] [world] [89ac4d9f-7c7b-3e50-803d-1ff3d8f0f77a] The Player <Brycethelegend> has slain sharky at X= -527, Y= 64, Z= 325
[2024-03-18 14:18:30] [world_nether] [996aec62-04eb-3361-9b73-c600a1eedfdd] The Player <qwerty> has slain Blaze at X= -136, Y= 70, Z= -91
[2024-03-18 14:18:38] [world_nether] [996aec62-04eb-3361-9b73-c600a1eedfdd] The Player <qwerty> has slain Blaze at X= -136, Y= 71, Z= -88
[2024-03-18 14:19:12] [world] [59e49993-dba6-3608-baba-133766761b0c] The Player <WienerDogFace> has slain Spider at X= -899, Y= 69, Z= 196
[2024-03-18 14:19:47] [world_nether] [996aec62-04eb-3361-9b73-c600a1eedfdd] The Player <qwerty> has slain Blaze at X= -133, Y= 72, Z= -87
[2024-03-18 14:19:50] [world_nether] [996aec62-04eb-3361-9b73-c600a1eedfdd] The Player <qwerty> has slain Blaze at X= -130, Y= 71, Z= -88
[2024-03-18 14:19:56] [world_nether] [996aec62-04eb-3361-9b73-c600a1eedfdd] The Player <qwerty> has slain Blaze at X= -136, Y= 71, Z= -84
[2024-03-18 14:20:05] [world_nether] [996aec62-04eb-3361-9b73-c600a1eedfdd] The Player <qwerty> has slain Blaze at X= -136, Y= 69, Z= -89
[2024-03-18 14:20:18] [world_nether] [996aec62-04eb-3361-9b73-c600a1eedfdd] The Player <qwerty> has slain Blaze at X= -130, Y= 71, Z= -83
[2024-03-18 14:20:27] [world_nether] [996aec62-04eb-3361-9b73-c600a1eedfdd] The Player <qwerty> has slain Blaze at X= -132, Y= 67, Z= -113
[2024-03-18 14:20:39] [world_nether] [996aec62-04eb-3361-9b73-c600a1eedfdd] The Player <qwerty> has slain Blaze at X= -146, Y= 70, Z= -93
[2024-03-18 14:21:01] [world] [dcdcdff1-5584-3ff0-9dc4-1f72e2564cd6] The Player <Dave_TheCoolguy_> has slain Rabbit at X= -551, Y= 64, Z= 290
[2024-03-18 14:21:20] [world_nether] [996aec62-04eb-3361-9b73-c600a1eedfdd] The Player <qwerty> has slain Blaze at X= -147, Y= 69, Z= -95
[2024-03-18 14:21:21] [world] [a7c66b95-e1a6-3999-9b04-48ac42162ea9] The Player <MrBlob2U> has slain Zombie at X= -613, Y= 25, Z= 183
[2024-03-18 14:21:22] [world] [a7c66b95-e1a6-3999-9b04-48ac42162ea9] The Player <MrBlob2U> has slain Zombie at X= -613, Y= 25, Z= 183
[2024-03-18 14:21:34] [world] [dcdcdff1-5584-3ff0-9dc4-1f72e2564cd6] The Player <Dave_TheCoolguy_> has slain Spider at X= -563, Y= 68, Z= 272
[2024-03-18 14:21:44] [world] [a7c66b95-e1a6-3999-9b04-48ac42162ea9] The Player <MrBlob2U> has slain Zombie at X= -613, Y= 25, Z= 183
[2024-03-18 14:21:45] [world] [a7c66b95-e1a6-3999-9b04-48ac42162ea9] The Player <MrBlob2U> has slain Zombie at X= -613, Y= 25, Z= 183
[2024-03-18 14:21:49] [world] [a7c66b95-e1a6-3999-9b04-48ac42162ea9] The Player <MrBlob2U> has slain Zombie at X= -613, Y= 25, Z= 183
[2024-03-18 14:21:49] [world] [a7c66b95-e1a6-3999-9b04-48ac42162ea9] The Player <MrBlob2U> has slain Zombie at X= -613, Y= 25, Z= 183
[2024-03-18 14:21:50] [world] [a7c66b95-e1a6-3999-9b04-48ac42162ea9] The Player <MrBlob2U> has slain Zombie at X= -613, Y= 25, Z= 183
[2024-03-18 14:21:51] [world] [a7c66b95-e1a6-3999-9b04-48ac42162ea9] The Player <MrBlob2U> has slain Zombie at X= -613, Y= 25, Z= 183
[2024-03-18 14:21:52] [world] [a7c66b95-e1a6-3999-9b04-48ac42162ea9] The Player <MrBlob2U> has slain Zombie at X= -613, Y= 25, Z= 183
[2024-03-18 14:22:01] [world_nether] [996aec62-04eb-3361-9b73-c600a1eedfdd] The Player <qwerty> has slain Blaze at X= -147, Y= 70, Z= -94
[2024-03-18 14:22:03] [world_nether] [996aec62-04eb-3361-9b73-c600a1eedfdd] The Player <qwerty> has slain Blaze at X= -145, Y= 70, Z= -94
[2024-03-18 14:22:06] [world_nether] [996aec62-04eb-3361-9b73-c600a1eedfdd] The Player <qwerty> has slain Blaze at X= -144, Y= 70, Z= -90
[2024-03-18 14:22:09] [world_nether] [996aec62-04eb-3361-9b73-c600a1eedfdd] The Player <qwerty> has slain Blaze at X= -148, Y= 71, Z= -93
[2024-03-18 14:22:37] [world_nether] [996aec62-04eb-3361-9b73-c600a1eedfdd] The Player <qwerty> has slain Blaze at X= -146, Y= 69, Z= -95
[2024-03-18 14:22:44] [world_nether] [996aec62-04eb-3361-9b73-c600a1eedfdd] The Player <qwerty> has slain Blaze at X= -149, Y= 68, Z= -97
[2024-03-18 14:22:49] [world_nether] [996aec62-04eb-3361-9b73-c600a1eedfdd] The Player <qwerty> has slain Blaze at X= -149, Y= 67, Z= -90
[2024-03-18 14:22:54] [world] [e83f87c1-9bd9-3fdb-8682-809b72df4c21] The Player <VeerIsKKK> has slain Chicken at X= -245, Y= 66, Z= -282
[2024-03-18 14:23:09] [world_nether] [996aec62-04eb-3361-9b73-c600a1eedfdd] The Player <qwerty> has slain Blaze at X= -131, Y= 70, Z= -87
[2024-03-18 14:23:11] [world_nether] [996aec62-04eb-3361-9b73-c600a1eedfdd] The Player <qwerty> has slain Blaze at X= -131, Y= 70, Z= -85
[2024-03-18 14:23:12] [world_nether] [996aec62-04eb-3361-9b73-c600a1eedfdd] The Player <qwerty> has slain Blaze at X= -131, Y= 70, Z= -85
[2024-03-18 14:23:13] [world] [25e1558f-7250-3703-bdd9-297e37656e1a] The Player <proman50> has slain Skeleton at X= -648, Y= 68, Z= 330
[2024-03-18 14:23:16] [world_nether] [996aec62-04eb-3361-9b73-c600a1eedfdd] The Player <qwerty> has slain Blaze at X= -136, Y= 71, Z= -87
[2024-03-18 14:23:23] [world] [25e1558f-7250-3703-bdd9-297e37656e1a] The Player <proman50> has slain Skeleton at X= -665, Y= 71, Z= 321
[2024-03-18 14:23:24] [world] [25e1558f-7250-3703-bdd9-297e37656e1a] The Player <proman50> has slain Skeleton at X= -664, Y= 71, Z= 321
[2024-03-18 14:23:26] [world] [e83f87c1-9bd9-3fdb-8682-809b72df4c21] The Player <VeerIsKKK> has slain Pig at X= -227, Y= 66, Z= -376
[2024-03-18 14:25:00] [world] [a7c66b95-e1a6-3999-9b04-48ac42162ea9] The Player <MrBlob2U> has slain Zombie at X= -613, Y= 25, Z= 183
[2024-03-18 14:25:01] [world] [a7c66b95-e1a6-3999-9b04-48ac42162ea9] The Player <MrBlob2U> has slain Zombie at X= -613, Y= 25, Z= 183
[2024-03-18 14:25:02] [world] [a7c66b95-e1a6-3999-9b04-48ac42162ea9] The Player <MrBlob2U> has slain Zombie at X= -613, Y= 25, Z= 183
[2024-03-18 14:25:02] [world] [a7c66b95-e1a6-3999-9b04-48ac42162ea9] The Player <MrBlob2U> has slain Zombie at X= -613, Y= 25, Z= 183
[2024-03-18 14:25:02] [world] [a7c66b95-e1a6-3999-9b04-48ac42162ea9] The Player <MrBlob2U> has slain Zombie at X= -613, Y= 25, Z= 183
[2024-03-18 14:25:04] [world] [a7c66b95-e1a6-3999-9b04-48ac42162ea9] The Player <MrBlob2U> has slain Zombie at X= -613, Y= 25, Z= 183
[2024-03-18 14:25:05] [world] [a7c66b95-e1a6-3999-9b04-48ac42162ea9] The Player <MrBlob2U> has slain Zombie at X= -613, Y= 25, Z= 183
[2024-03-18 14:25:05] [world] [a7c66b95-e1a6-3999-9b04-48ac42162ea9] The Player <MrBlob2U> has slain Zombie at X= -613, Y= 25, Z= 183
[2024-03-18 14:25:07] [world] [a7c66b95-e1a6-3999-9b04-48ac42162ea9] The Player <MrBlob2U> has slain Zombie at X= -613, Y= 25, Z= 183
[2024-03-18 14:25:08] [world] [a7c66b95-e1a6-3999-9b04-48ac42162ea9] The Player <MrBlob2U> has slain Zombie at X= -613, Y= 25, Z= 183
[2024-03-18 14:27:24] [world] [a7c66b95-e1a6-3999-9b04-48ac42162ea9] The Player <MrBlob2U> has slain Cow at X= -245, Y= 69, Z= 1058
[2024-03-18 14:27:33] [world] [a7c66b95-e1a6-3999-9b04-48ac42162ea9] The Player <MrBlob2U> has slain Cow at X= -255, Y= 72, Z= 1050
[2024-03-18 14:27:49] [world] [a7c66b95-e1a6-3999-9b04-48ac42162ea9] The Player <MrBlob2U> has slain Cow at X= -287, Y= 75, Z= 1045
[2024-03-18 14:29:00] [world] [98c62a86-c05e-3c2a-926c-9d80e0e48fee] The Player <Rip_Dogwater> has slain VeerIsKKK at X= -614, Y= 68, Z= 314
[2024-03-18 14:29:50] [world_the_end] [498c7e04-82ef-342a-8ad7-e0a224f7e86c] The Player <Biggie_Vinny> has slain Enderman at X= 83, Y= 57, Z= 1
[2024-03-18 14:31:07] [world] [98c62a86-c05e-3c2a-926c-9d80e0e48fee] The Player <Rip_Dogwater> has slain Villager at X= -607, Y= 64, Z= 322
[2024-03-18 14:31:13] [world] [98c62a86-c05e-3c2a-926c-9d80e0e48fee] The Player <Rip_Dogwater> has slain Villager at X= -608, Y= 64, Z= 322
[2024-03-18 14:32:36] [world_nether] [98c62a86-c05e-3c2a-926c-9d80e0e48fee] The Player <Rip_Dogwater> has slain Horse at X= -60, Y= 52, Z= 50
[2024-03-18 14:33:13] [world] [a7c66b95-e1a6-3999-9b04-48ac42162ea9] The Player <MrBlob2U> has slain Zombie at X= -613, Y= 25, Z= 183
[2024-03-18 14:33:14] [world] [a7c66b95-e1a6-3999-9b04-48ac42162ea9] The Player <MrBlob2U> has slain Zombie at X= -613, Y= 25, Z= 183
[2024-03-18 14:33:14] [world] [a7c66b95-e1a6-3999-9b04-48ac42162ea9] The Player <MrBlob2U> has slain Zombie at X= -613, Y= 25, Z= 183
[2024-03-18 14:33:14] [world] [a7c66b95-e1a6-3999-9b04-48ac42162ea9] The Player <MrBlob2U> has slain Zombie at X= -613, Y= 25, Z= 183
[2024-03-18 14:33:15] [world] [a7c66b95-e1a6-3999-9b04-48ac42162ea9] The Player <MrBlob2U> has slain Zombie at X= -613, Y= 25, Z= 183
[2024-03-18 14:33:15] [world] [a7c66b95-e1a6-3999-9b04-48ac42162ea9] The Player <MrBlob2U> has slain Zombie at X= -613, Y= 25, Z= 183
[2024-03-18 14:33:16] [world] [a7c66b95-e1a6-3999-9b04-48ac42162ea9] The Player <MrBlob2U> has slain Zombie at X= -613, Y= 25, Z= 183
[2024-03-18 14:33:17] [world] [a7c66b95-e1a6-3999-9b04-48ac42162ea9] The Player <MrBlob2U> has slain Zombie at X= -613, Y= 25, Z= 183
[2024-03-18 14:33:17] [world] [a7c66b95-e1a6-3999-9b04-48ac42162ea9] The Player <MrBlob2U> has slain Zombie at X= -613, Y= 25, Z= 183
[2024-03-18 14:33:18] [world] [a7c66b95-e1a6-3999-9b04-48ac42162ea9] The Player <MrBlob2U> has slain Zombie at X= -613, Y= 25, Z= 183
[2024-03-18 14:34:54] [world] [59e49993-dba6-3608-baba-133766761b0c] The Player <WienerDogFace> has slain Tester at X= -429, Y= 12, Z= 1405
[2024-03-18 14:35:17] [world] [636f38c7-36e9-36d5-b56b-1ce104be982b] The Player <MonkeyTrainer> has slain Spider at X= -592, Y= 64, Z= 336
[2024-03-18 14:35:46] [world] [a7c66b95-e1a6-3999-9b04-48ac42162ea9] The Player <MrBlob2U> has slain Zombie at X= -613, Y= 25, Z= 183
[2024-03-18 14:35:47] [world] [a7c66b95-e1a6-3999-9b04-48ac42162ea9] The Player <MrBlob2U> has slain Zombie at X= -613, Y= 25, Z= 183
[2024-03-18 14:35:47] [world] [a7c66b95-e1a6-3999-9b04-48ac42162ea9] The Player <MrBlob2U> has slain Zombie at X= -613, Y= 25, Z= 183
[2024-03-18 14:35:53] [world] [25e1558f-7250-3703-bdd9-297e37656e1a] The Player <proman50> has slain Spider at X= -702, Y= 64, Z= 242
[2024-03-18 14:36:04] [world] [e83f87c1-9bd9-3fdb-8682-809b72df4c21] The Player <VeerIsKKK> has slain qwerty at X= -529, Y= 65, Z= 301
[2024-03-18 14:36:11] [world] [b410a685-c097-3d5d-b67b-536b32f9addc] The Player <sharky> has slain Villager at X= -615, Y= 64, Z= 330
[2024-03-18 14:36:13] [world] [b410a685-c097-3d5d-b67b-536b32f9addc] The Player <sharky> has slain Villager at X= -616, Y= 64, Z= 330
[2024-03-18 14:36:13] [world] [b410a685-c097-3d5d-b67b-536b32f9addc] The Player <sharky> has slain Villager at X= -615, Y= 64, Z= 330
[2024-03-18 14:36:16] [world] [b410a685-c097-3d5d-b67b-536b32f9addc] The Player <sharky> has slain Villager at X= -616, Y= 64, Z= 331
[2024-03-18 14:36:17] [world] [b410a685-c097-3d5d-b67b-536b32f9addc] The Player <sharky> has slain Villager at X= -616, Y= 64, Z= 330
[2024-03-18 14:36:17] [world] [b410a685-c097-3d5d-b67b-536b32f9addc] The Player <sharky> has slain Villager at X= -616, Y= 64, Z= 330
[2024-03-18 14:36:18] [world] [b410a685-c097-3d5d-b67b-536b32f9addc] The Player <sharky> has slain Villager at X= -616, Y= 64, Z= 330
[2024-03-18 14:36:18] [world] [b410a685-c097-3d5d-b67b-536b32f9addc] The Player <sharky> has slain Villager at X= -616, Y= 64, Z= 330
[2024-03-18 14:36:18] [world] [b410a685-c097-3d5d-b67b-536b32f9addc] The Player <sharky> has slain Villager at X= -615, Y= 64, Z= 328
[2024-03-18 14:36:25] [world] [59e49993-dba6-3608-baba-133766761b0c] The Player <WienerDogFace> has slain Tester at X= -435, Y= 11, Z= 1418
[2024-03-18 14:37:31] [world] [1de0a7e2-4590-31c8-8341-aad7a0f13b27] The Player <character> has slain Cow at X= -817, Y= 67, Z= 299
[2024-03-18 14:37:34] [world] [f3d28cb0-7225-3cb1-baeb-2dadd2be89ae] The Player <Tester> has slain WienerDogFace at X= -433, Y= 12, Z= 1405
[2024-03-18 14:38:32] [world] [59e49993-dba6-3608-baba-133766761b0c] The Player <WienerDogFace> has slain Tester at X= -435, Y= 11, Z= 1417
[2024-03-18 14:38:43] [world] [a7c66b95-e1a6-3999-9b04-48ac42162ea9] The Player <MrBlob2U> has slain Zombie at X= -613, Y= 25, Z= 183
[2024-03-18 14:38:44] [world] [a7c66b95-e1a6-3999-9b04-48ac42162ea9] The Player <MrBlob2U> has slain Zombie at X= -613, Y= 25, Z= 183
[2024-03-18 14:38:44] [world] [a7c66b95-e1a6-3999-9b04-48ac42162ea9] The Player <MrBlob2U> has slain Zombie at X= -613, Y= 25, Z= 183
[2024-03-18 14:38:44] [world] [a7c66b95-e1a6-3999-9b04-48ac42162ea9] The Player <MrBlob2U> has slain Zombie at X= -613, Y= 25, Z= 183
[2024-03-18 14:38:44] [world] [a7c66b95-e1a6-3999-9b04-48ac42162ea9] The Player <MrBlob2U> has slain Zombie at X= -613, Y= 25, Z= 183
[2024-03-18 14:38:45] [world] [a7c66b95-e1a6-3999-9b04-48ac42162ea9] The Player <MrBlob2U> has slain Zombie at X= -613, Y= 25, Z= 183
[2024-03-18 14:38:45] [world] [a7c66b95-e1a6-3999-9b04-48ac42162ea9] The Player <MrBlob2U> has slain Zombie at X= -613, Y= 25, Z= 183
[2024-03-18 14:38:45] [world] [a7c66b95-e1a6-3999-9b04-48ac42162ea9] The Player <MrBlob2U> has slain Zombie at X= -613, Y= 25, Z= 183
[2024-03-18 14:38:46] [world] [a7c66b95-e1a6-3999-9b04-48ac42162ea9] The Player <MrBlob2U> has slain Zombie at X= -613, Y= 25, Z= 183
[2024-03-18 14:38:46] [world] [a7c66b95-e1a6-3999-9b04-48ac42162ea9] The Player <MrBlob2U> has slain Zombie at X= -613, Y= 25, Z= 183
[2024-03-18 14:38:47] [world] [a7c66b95-e1a6-3999-9b04-48ac42162ea9] The Player <MrBlob2U> has slain Zombie at X= -613, Y= 25, Z= 183
[2024-03-18 14:38:47] [world] [a7c66b95-e1a6-3999-9b04-48ac42162ea9] The Player <MrBlob2U> has slain Zombie at X= -613, Y= 25, Z= 183
[2024-03-18 14:38:48] [world] [a7c66b95-e1a6-3999-9b04-48ac42162ea9] The Player <MrBlob2U> has slain Zombie at X= -613, Y= 25, Z= 183
[2024-03-18 14:38:48] [world] [1de0a7e2-4590-31c8-8341-aad7a0f13b27] The Player <character> has slain Zombie at X= -798, Y= 67, Z= 291
[2024-03-18 14:38:48] [world] [a7c66b95-e1a6-3999-9b04-48ac42162ea9] The Player <MrBlob2U> has slain Zombie at X= -613, Y= 25, Z= 183
[2024-03-18 14:38:57] [world] [a7c66b95-e1a6-3999-9b04-48ac42162ea9] The Player <MrBlob2U> has slain Zombie at X= -613, Y= 25, Z= 183
[2024-03-18 14:38:57] [world] [a7c66b95-e1a6-3999-9b04-48ac42162ea9] The Player <MrBlob2U> has slain Zombie at X= -613, Y= 25, Z= 183
[2024-03-18 14:38:58] [world] [b410a685-c097-3d5d-b67b-536b32f9addc] The Player <sharky> has slain Spider at X= -600, Y= 64, Z= 383
[2024-03-18 14:39:21] [world] [f3d28cb0-7225-3cb1-baeb-2dadd2be89ae] The Player <Tester> has slain WienerDogFace at X= -424, Y= 6, Z= 1405
[2024-03-18 14:39:50] [world] [a7c66b95-e1a6-3999-9b04-48ac42162ea9] The Player <MrBlob2U> has slain Zombie at X= -613, Y= 25, Z= 183
[2024-03-18 14:39:50] [world] [a7c66b95-e1a6-3999-9b04-48ac42162ea9] The Player <MrBlob2U> has slain Zombie at X= -613, Y= 25, Z= 183
[2024-03-18 14:39:50] [world] [a7c66b95-e1a6-3999-9b04-48ac42162ea9] The Player <MrBlob2U> has slain Zombie at X= -613, Y= 25, Z= 183
[2024-03-18 14:39:52] [world] [a7c66b95-e1a6-3999-9b04-48ac42162ea9] The Player <MrBlob2U> has slain Zombie at X= -613, Y= 25, Z= 183
[2024-03-18 14:39:52] [world] [a7c66b95-e1a6-3999-9b04-48ac42162ea9] The Player <MrBlob2U> has slain Zombie at X= -613, Y= 25, Z= 183
[2024-03-18 14:40:14] [world] [a7c66b95-e1a6-3999-9b04-48ac42162ea9] The Player <MrBlob2U> has slain Zombie at X= -612, Y= 45, Z= 180
[2024-03-18 14:40:17] [world] [1de0a7e2-4590-31c8-8341-aad7a0f13b27] The Player <character> has slain Spider at X= -762, Y= 76, Z= -83
[2024-03-18 14:40:40] [world] [25e1558f-7250-3703-bdd9-297e37656e1a] The Player <proman50> has slain Zombie at X= -613, Y= 25, Z= 183
[2024-03-18 14:40:43] [world] [25e1558f-7250-3703-bdd9-297e37656e1a] The Player <proman50> has slain Zombie at X= -613, Y= 25, Z= 183
[2024-03-18 14:40:51] [world] [25e1558f-7250-3703-bdd9-297e37656e1a] The Player <proman50> has slain Zombie at X= -613, Y= 25, Z= 183
[2024-03-18 14:40:51] [world] [25e1558f-7250-3703-bdd9-297e37656e1a] The Player <proman50> has slain Zombie at X= -613, Y= 25, Z= 183
[2024-03-18 14:40:51] [world] [1de0a7e2-4590-31c8-8341-aad7a0f13b27] The Player <character> has slain Zombie at X= -687, Y= 62, Z= -49
[2024-03-18 14:41:31] [world] [59e49993-dba6-3608-baba-133766761b0c] The Player <WienerDogFace> has slain Zombie at X= -447, Y= 11, Z= 1409
[2024-03-18 14:41:42] [world] [25e1558f-7250-3703-bdd9-297e37656e1a] The Player <proman50> has slain Zombie at X= -613, Y= 25, Z= 183
[2024-03-18 14:41:42] [world] [25e1558f-7250-3703-bdd9-297e37656e1a] The Player <proman50> has slain Zombie at X= -613, Y= 25, Z= 183
[2024-03-18 14:41:42] [world] [25e1558f-7250-3703-bdd9-297e37656e1a] The Player <proman50> has slain Zombie at X= -613, Y= 25, Z= 183
[2024-03-18 14:41:43] [world] [25e1558f-7250-3703-bdd9-297e37656e1a] The Player <proman50> has slain Zombie at X= -613, Y= 25, Z= 183
[2024-03-18 14:41:46] [world] [84398786-e521-351c-9cf0-df0f73b6d326] The Player <Mudkips_Rule> has slain Skeleton at X= -1379, Y= 70, Z= -207
[2024-03-18 14:42:23] [world_the_end] [f3d28cb0-7225-3cb1-baeb-2dadd2be89ae] The Player <Tester> has slain Enderman at X= -167, Y= 98, Z= 53
[2024-03-18 14:42:27] [world] [59e49993-dba6-3608-baba-133766761b0c] The Player <WienerDogFace> has slain Enderman at X= -427, Y= 11, Z= 1380
[2024-03-18 14:43:42] [world] [98c62a86-c05e-3c2a-926c-9d80e0e48fee] The Player <Rip_Dogwater> has slain Iron Golem at X= -10188, Y= 63, Z= 4108
[2024-03-18 14:43:54] [world] [e83f87c1-9bd9-3fdb-8682-809b72df4c21] The Player <VeerIsKKK> has slain qweqazz at X= -604, Y= 68, Z= 328
[2024-03-18 14:43:57] [world] [e83f87c1-9bd9-3fdb-8682-809b72df4c21] The Player <VeerIsKKK> has slain Villager at X= -615, Y= 64, Z= 328
[2024-03-18 14:43:57] [world] [e83f87c1-9bd9-3fdb-8682-809b72df4c21] The Player <VeerIsKKK> has slain Villager at X= -615, Y= 64, Z= 332
[2024-03-18 14:43:58] [world] [e83f87c1-9bd9-3fdb-8682-809b72df4c21] The Player <VeerIsKKK> has slain Villager at X= -614, Y= 64, Z= 329
[2024-03-18 14:43:59] [world] [e83f87c1-9bd9-3fdb-8682-809b72df4c21] The Player <VeerIsKKK> has slain Villager at X= -616, Y= 64, Z= 329
[2024-03-18 14:43:59] [world] [e83f87c1-9bd9-3fdb-8682-809b72df4c21] The Player <VeerIsKKK> has slain Villager at X= -614, Y= 64, Z= 332
[2024-03-18 14:43:59] [world] [e83f87c1-9bd9-3fdb-8682-809b72df4c21] The Player <VeerIsKKK> has slain Villager at X= -616, Y= 64, Z= 331
[2024-03-18 14:44:29] [world] [25e1558f-7250-3703-bdd9-297e37656e1a] The Player <proman50> has slain Zombie at X= -613, Y= 25, Z= 183
[2024-03-18 14:44:30] [world] [25e1558f-7250-3703-bdd9-297e37656e1a] The Player <proman50> has slain Zombie at X= -613, Y= 25, Z= 183
[2024-03-18 14:44:30] [world] [25e1558f-7250-3703-bdd9-297e37656e1a] The Player <proman50> has slain Zombie at X= -613, Y= 25, Z= 183
[2024-03-18 14:44:30] [world] [25e1558f-7250-3703-bdd9-297e37656e1a] The Player <proman50> has slain Zombie at X= -613, Y= 25, Z= 183
[2024-03-18 14:44:30] [world] [25e1558f-7250-3703-bdd9-297e37656e1a] The Player <proman50> has slain Zombie at X= -613, Y= 25, Z= 183
[2024-03-18 14:44:31] [world] [25e1558f-7250-3703-bdd9-297e37656e1a] The Player <proman50> has slain Zombie at X= -613, Y= 25, Z= 183
[2024-03-18 14:44:31] [world] [25e1558f-7250-3703-bdd9-297e37656e1a] The Player <proman50> has slain Zombie at X= -613, Y= 25, Z= 183
[2024-03-18 14:58:56] [world] [98c62a86-c05e-3c2a-926c-9d80e0e48fee] The Player <Rip_Dogwater> has slain Sheep at X= -572, Y= 65, Z= 395
[2024-03-18 15:01:21] [world] [e83f87c1-9bd9-3fdb-8682-809b72df4c21] The Player <VeerIsKKK> has slain Zombie at X= -613, Y= 64, Z= 335
[2024-03-18 15:04:26] [world] [98c62a86-c05e-3c2a-926c-9d80e0e48fee] The Player <Rip_Dogwater> has slain Zombie at X= -10225, Y= 65, Z= 4070
[2024-03-18 15:04:28] [world] [98c62a86-c05e-3c2a-926c-9d80e0e48fee] The Player <Rip_Dogwater> has slain Zombie at X= -10226, Y= 65, Z= 4071
[2024-03-18 15:04:46] [world] [98c62a86-c05e-3c2a-926c-9d80e0e48fee] The Player <Rip_Dogwater> has slain Horse at X= -10305, Y= 64, Z= 4041
[2024-03-18 15:04:52] [world] [98c62a86-c05e-3c2a-926c-9d80e0e48fee] The Player <Rip_Dogwater> has slain Horse at X= -10302, Y= 64, Z= 4030
[2024-03-18 15:05:10] [world] [98c62a86-c05e-3c2a-926c-9d80e0e48fee] The Player <Rip_Dogwater> has slain Horse at X= -10346, Y= 63, Z= 4013
[2024-03-18 15:05:13] [world] [98c62a86-c05e-3c2a-926c-9d80e0e48fee] The Player <Rip_Dogwater> has slain Horse at X= -10348, Y= 63, Z= 4013
[2024-03-18 15:05:13] [world] [98c62a86-c05e-3c2a-926c-9d80e0e48fee] The Player <Rip_Dogwater> has slain Horse at X= -10350, Y= 63, Z= 4015
[2024-03-18 15:05:26] [world] [98c62a86-c05e-3c2a-926c-9d80e0e48fee] The Player <Rip_Dogwater> has slain Enderman at X= -10378, Y= 67, Z= 3998
[2024-03-18 15:05:57] [world] [98c62a86-c05e-3c2a-926c-9d80e0e48fee] The Player <Rip_Dogwater> has slain Skeleton at X= -10399, Y= 65, Z= 3965
[2024-03-18 15:10:11] [world_nether] [996aec62-04eb-3361-9b73-c600a1eedfdd] The Player <qwerty> has slain Blaze at X= -147, Y= 70, Z= -93
[2024-03-18 15:10:30] [world_nether] [996aec62-04eb-3361-9b73-c600a1eedfdd] The Player <qwerty> has slain Blaze at X= -144, Y= 70, Z= -90
[2024-03-18 15:10:44] [world_nether] [996aec62-04eb-3361-9b73-c600a1eedfdd] The Player <qwerty> has slain Blaze at X= -138, Y= 55, Z= -95
[2024-03-18 15:11:19] [world] [98c62a86-c05e-3c2a-926c-9d80e0e48fee] The Player <Rip_Dogwater> has slain Zombie at X= -10250, Y= 64, Z= 4097
[2024-03-18 15:11:22] [world] [98c62a86-c05e-3c2a-926c-9d80e0e48fee] The Player <Rip_Dogwater> has slain Skeleton at X= -10244, Y= 64, Z= 4094
[2024-03-18 15:11:33] [world] [98c62a86-c05e-3c2a-926c-9d80e0e48fee] The Player <Rip_Dogwater> has slain Zombie at X= -10246, Y= 64, Z= 4094
[2024-03-18 15:13:21] [world_nether] [996aec62-04eb-3361-9b73-c600a1eedfdd] The Player <qwerty> has slain Zombie Pigman at X= -43, Y= 39, Z= 75
[2024-03-18 15:13:23] [world_nether] [996aec62-04eb-3361-9b73-c600a1eedfdd] The Player <qwerty> has slain Zombie Pigman at X= -43, Y= 39, Z= 74
[2024-03-18 15:13:23] [world_nether] [996aec62-04eb-3361-9b73-c600a1eedfdd] The Player <qwerty> has slain Zombie Pigman at X= -43, Y= 39, Z= 75
[2024-03-18 15:13:25] [world_nether] [996aec62-04eb-3361-9b73-c600a1eedfdd] The Player <qwerty> has slain Zombie Pigman at X= -43, Y= 39, Z= 74
[2024-03-18 15:13:31] [world_nether] [996aec62-04eb-3361-9b73-c600a1eedfdd] The Player <qwerty> has slain Zombie Pigman at X= -43, Y= 39, Z= 75
[2024-03-18 15:13:34] [world_nether] [996aec62-04eb-3361-9b73-c600a1eedfdd] The Player <qwerty> has slain Zombie Pigman at X= -43, Y= 39, Z= 74
[2024-03-18 15:13:36] [world_nether] [996aec62-04eb-3361-9b73-c600a1eedfdd] The Player <qwerty> has slain Zombie Pigman at X= -42, Y= 39, Z= 75
[2024-03-18 15:13:37] [world_nether] [996aec62-04eb-3361-9b73-c600a1eedfdd] The Player <qwerty> has slain Zombie Pigman at X= -43, Y= 39, Z= 75
[2024-03-18 15:13:38] [world_nether] [996aec62-04eb-3361-9b73-c600a1eedfdd] The Player <qwerty> has slain Zombie Pigman at X= -43, Y= 39, Z= 75
[2024-03-18 15:14:11] [world_nether] [996aec62-04eb-3361-9b73-c600a1eedfdd] The Player <qwerty> has slain Zombie Pigman at X= -36, Y= 33, Z= 127
[2024-03-18 15:16:53] [world] [5878dbd7-b818-3ac2-a4e0-c8b00c792f6f] The Player <hexa> has slain Pig at X= -607, Y= 68, Z= 380
[2024-03-18 15:20:52] [world] [98c62a86-c05e-3c2a-926c-9d80e0e48fee] The Player <Rip_Dogwater> has slain Rabbit at X= -578, Y= 69, Z= 217
[2024-03-18 15:21:01] [world] [98c62a86-c05e-3c2a-926c-9d80e0e48fee] The Player <Rip_Dogwater> has slain Sheep at X= -591, Y= 68, Z= 236
[2024-03-18 15:21:06] [world] [98c62a86-c05e-3c2a-926c-9d80e0e48fee] The Player <Rip_Dogwater> has slain Chicken at X= -595, Y= 67, Z= 231
[2024-03-18 15:23:48] [world_nether] [996aec62-04eb-3361-9b73-c600a1eedfdd] The Player <qwerty> has slain Horse at X= -69, Y= 47, Z= 42
[2024-03-18 15:32:54] [world] [98c62a86-c05e-3c2a-926c-9d80e0e48fee] The Player <Rip_Dogwater> has slain Tester's Dog at X= -10175, Y= 64, Z= 4121
[2024-03-18 15:33:51] [world] [a7c66b95-e1a6-3999-9b04-48ac42162ea9] The Player <MrBlob2U> has slain Zombie at X= -613, Y= 25, Z= 183
[2024-03-18 15:33:51] [world] [a7c66b95-e1a6-3999-9b04-48ac42162ea9] The Player <MrBlob2U> has slain Zombie at X= -613, Y= 25, Z= 183
[2024-03-18 15:33:52] [world] [a7c66b95-e1a6-3999-9b04-48ac42162ea9] The Player <MrBlob2U> has slain Zombie at X= -613, Y= 25, Z= 183
[2024-03-18 15:33:57] [world] [996aec62-04eb-3361-9b73-c600a1eedfdd] The Player <qwerty> has slain Chicken at X= -584, Y= 68, Z= 265
[2024-03-18 15:34:53] [world] [a7c66b95-e1a6-3999-9b04-48ac42162ea9] The Player <MrBlob2U> has slain Zombie at X= -614, Y= 47, Z= 203
[2024-03-18 15:35:56] [world] [a7c66b95-e1a6-3999-9b04-48ac42162ea9] The Player <MrBlob2U> has slain Zombie at X= -613, Y= 25, Z= 183
[2024-03-18 15:35:56] [world] [a7c66b95-e1a6-3999-9b04-48ac42162ea9] The Player <MrBlob2U> has slain Zombie at X= -613, Y= 25, Z= 183
[2024-03-18 15:35:57] [world] [a7c66b95-e1a6-3999-9b04-48ac42162ea9] The Player <MrBlob2U> has slain Zombie at X= -613, Y= 25, Z= 183
[2024-03-18 15:40:09] [world] [a7c66b95-e1a6-3999-9b04-48ac42162ea9] The Player <MrBlob2U> has slain Zombie at X= -614, Y= 24, Z= 183
[2024-03-18 15:40:14] [world] [a7c66b95-e1a6-3999-9b04-48ac42162ea9] The Player <MrBlob2U> has slain Zombie at X= -612, Y= 24, Z= 183
[2024-03-18 15:40:16] [world] [a7c66b95-e1a6-3999-9b04-48ac42162ea9] The Player <MrBlob2U> has slain Zombie at X= -612, Y= 24, Z= 182
[2024-03-18 15:40:19] [world] [a7c66b95-e1a6-3999-9b04-48ac42162ea9] The Player <MrBlob2U> has slain Zombie at X= -613, Y= 24, Z= 182
[2024-03-18 15:40:21] [world] [a7c66b95-e1a6-3999-9b04-48ac42162ea9] The Player <MrBlob2U> has slain Zombie at X= -613, Y= 24, Z= 182
[2024-03-18 15:40:25] [world] [a7c66b95-e1a6-3999-9b04-48ac42162ea9] The Player <MrBlob2U> has slain Zombie at X= -613, Y= 25, Z= 182
[2024-03-18 15:40:28] [world] [a7c66b95-e1a6-3999-9b04-48ac42162ea9] The Player <MrBlob2U> has slain Zombie at X= -613, Y= 24, Z= 182
[2024-03-18 15:40:35] [world] [a7c66b95-e1a6-3999-9b04-48ac42162ea9] The Player <MrBlob2U> has slain Zombie at X= -614, Y= 24, Z= 182
[2024-03-18 15:40:36] [world] [a7c66b95-e1a6-3999-9b04-48ac42162ea9] The Player <MrBlob2U> has slain Zombie at X= -614, Y= 24, Z= 182
[2024-03-18 15:40:53] [world] [a7c66b95-e1a6-3999-9b04-48ac42162ea9] The Player <MrBlob2U> has slain Zombie at X= -613, Y= 24, Z= 184
[2024-03-18 15:40:54] [world] [a7c66b95-e1a6-3999-9b04-48ac42162ea9] The Player <MrBlob2U> has slain Zombie at X= -613, Y= 25, Z= 183
[2024-03-18 15:40:55] [world] [a7c66b95-e1a6-3999-9b04-48ac42162ea9] The Player <MrBlob2U> has slain Zombie at X= -613, Y= 25, Z= 183
[2024-03-18 15:40:56] [world] [a7c66b95-e1a6-3999-9b04-48ac42162ea9] The Player <MrBlob2U> has slain Zombie at X= -614, Y= 25, Z= 181
[2024-03-18 15:43:23] [world] [fef546b3-f79d-3e59-9306-1dc9501f5351] The Player <Uwupapa> has slain Rabbit at X= -601, Y= 68, Z= 305
[2024-03-18 15:43:39] [world] [a7c66b95-e1a6-3999-9b04-48ac42162ea9] The Player <MrBlob2U> has slain Zombie at X= -613, Y= 25, Z= 183
[2024-03-18 15:43:39] [world] [a7c66b95-e1a6-3999-9b04-48ac42162ea9] The Player <MrBlob2U> has slain Zombie at X= -613, Y= 25, Z= 183
[2024-03-18 15:43:39] [world] [a7c66b95-e1a6-3999-9b04-48ac42162ea9] The Player <MrBlob2U> has slain Zombie at X= -613, Y= 25, Z= 183
[2024-03-18 15:43:40] [world] [a7c66b95-e1a6-3999-9b04-48ac42162ea9] The Player <MrBlob2U> has slain Zombie at X= -613, Y= 25, Z= 183
[2024-03-18 15:43:40] [world] [a7c66b95-e1a6-3999-9b04-48ac42162ea9] The Player <MrBlob2U> has slain Zombie at X= -613, Y= 25, Z= 183
[2024-03-18 15:43:40] [world] [a7c66b95-e1a6-3999-9b04-48ac42162ea9] The Player <MrBlob2U> has slain Zombie at X= -613, Y= 25, Z= 183
[2024-03-18 15:43:40] [world] [a7c66b95-e1a6-3999-9b04-48ac42162ea9] The Player <MrBlob2U> has slain Zombie at X= -613, Y= 25, Z= 183
[2024-03-18 15:43:41] [world] [a7c66b95-e1a6-3999-9b04-48ac42162ea9] The Player <MrBlob2U> has slain Zombie at X= -613, Y= 25, Z= 183
[2024-03-18 15:43:42] [world] [a7c66b95-e1a6-3999-9b04-48ac42162ea9] The Player <MrBlob2U> has slain Zombie at X= -613, Y= 25, Z= 183
[2024-03-18 15:43:42] [world] [a7c66b95-e1a6-3999-9b04-48ac42162ea9] The Player <MrBlob2U> has slain Zombie at X= -613, Y= 25, Z= 183
[2024-03-18 15:43:43] [world] [a7c66b95-e1a6-3999-9b04-48ac42162ea9] The Player <MrBlob2U> has slain Zombie at X= -613, Y= 25, Z= 183
[2024-03-18 15:43:46] [world] [a7c66b95-e1a6-3999-9b04-48ac42162ea9] The Player <MrBlob2U> has slain Zombie at X= -612, Y= 24, Z= 184
[2024-03-18 15:43:47] [world] [a7c66b95-e1a6-3999-9b04-48ac42162ea9] The Player <MrBlob2U> has slain Zombie at X= -613, Y= 25, Z= 183
[2024-03-18 15:44:50] [world] [f3d28cb0-7225-3cb1-baeb-2dadd2be89ae] The Player <Tester> has slain Cow at X= -9442, Y= 76, Z= 3889
[2024-03-18 15:45:23] [world] [f3d28cb0-7225-3cb1-baeb-2dadd2be89ae] The Player <Tester> has slain Cow at X= -9430, Y= 72, Z= 3901
[2024-03-18 15:45:27] [world] [f3d28cb0-7225-3cb1-baeb-2dadd2be89ae] The Player <Tester> has slain Cow at X= -9420, Y= 70, Z= 3903
[2024-03-18 15:45:31] [world] [f3d28cb0-7225-3cb1-baeb-2dadd2be89ae] The Player <Tester> has slain Cow at X= -9423, Y= 70, Z= 3908
[2024-03-18 15:45:44] [world] [f3d28cb0-7225-3cb1-baeb-2dadd2be89ae] The Player <Tester> has slain Chicken at X= -9426, Y= 71, Z= 3902
[2024-03-18 15:46:58] [world] [59e49993-dba6-3608-baba-133766761b0c] The Player <WienerDogFace> has slain Zombie at X= -997, Y= 63, Z= 1179
[2024-03-18 15:47:02] [world] [59e49993-dba6-3608-baba-133766761b0c] The Player <WienerDogFace> has slain Zombie at X= -1001, Y= 63, Z= 1185
[2024-03-18 15:48:34] [world] [59e49993-dba6-3608-baba-133766761b0c] The Player <WienerDogFace> has slain Creeper at X= -977, Y= 11, Z= 1156
[2024-03-18 15:51:32] [world] [4ff82c81-5212-3b70-a242-fc55abca7b6f] The Player <A_Random_Person> has slain Cow at X= -761, Y= 70, Z= 319
[2024-03-18 15:54:07] [world] [5878dbd7-b818-3ac2-a4e0-c8b00c792f6f] The Player <hexa> has slain Zombie at X= -643, Y= 69, Z= 389
[2024-03-18 15:56:30] [world] [4ff82c81-5212-3b70-a242-fc55abca7b6f] The Player <A_Random_Person> has slain Spider at X= -1159, Y= 67, Z= 229
[2024-03-18 15:57:04] [world] [f7bb36ab-e336-3c4d-9238-e9504956be33] The Player <NezukoChan> has slain hexa at X= -706, Y= 65, Z= 250
[2024-03-18 15:57:53] [world] [5878dbd7-b818-3ac2-a4e0-c8b00c792f6f] The Player <hexa> has slain Pig at X= -740, Y= 67, Z= 216
[2024-03-18 15:58:13] [world] [5878dbd7-b818-3ac2-a4e0-c8b00c792f6f] The Player <hexa> has slain Cow at X= -778, Y= 70, Z= 285
[2024-03-18 15:58:36] [world] [5878dbd7-b818-3ac2-a4e0-c8b00c792f6f] The Player <hexa> has slain Horse at X= -785, Y= 69, Z= 244
[2024-03-18 15:58:44] [world] [5878dbd7-b818-3ac2-a4e0-c8b00c792f6f] The Player <hexa> has slain Sheep at X= -819, Y= 69, Z= 251
[2024-03-18 15:58:49] [world] [5878dbd7-b818-3ac2-a4e0-c8b00c792f6f] The Player <hexa> has slain Rabbit at X= -824, Y= 69, Z= 241
[2024-03-18 15:58:53] [world] [5878dbd7-b818-3ac2-a4e0-c8b00c792f6f] The Player <hexa> has slain Chicken at X= -815, Y= 70, Z= 247
[2024-03-18 15:59:01] [world] [5878dbd7-b818-3ac2-a4e0-c8b00c792f6f] The Player <hexa> has slain Spider at X= -853, Y= 70, Z= 242
[2024-03-18 15:59:04] [world] [5878dbd7-b818-3ac2-a4e0-c8b00c792f6f] The Player <hexa> has slain Pig at X= -850, Y= 71, Z= 252
[2024-03-18 15:59:07] [world] [5878dbd7-b818-3ac2-a4e0-c8b00c792f6f] The Player <hexa> has slain Zombie at X= -853, Y= 71, Z= 255
[2024-03-18 15:59:12] [world] [5878dbd7-b818-3ac2-a4e0-c8b00c792f6f] The Player <hexa> has slain Skeleton at X= -834, Y= 71, Z= 260
[2024-03-18 15:59:21] [world] [5878dbd7-b818-3ac2-a4e0-c8b00c792f6f] The Player <hexa> has slain Chicken at X= -862, Y= 69, Z= 264
[2024-03-18 16:06:31] [world] [f7bb36ab-e336-3c4d-9238-e9504956be33] The Player <NezukoChan> has slain Zombie at X= -645, Y= 68, Z= 278
[2024-03-18 16:06:32] [world] [f7bb36ab-e336-3c4d-9238-e9504956be33] The Player <NezukoChan> has slain Zombie at X= -644, Y= 68, Z= 280
[2024-03-18 16:10:54] [world] [f7bb36ab-e336-3c4d-9238-e9504956be33] The Player <NezukoChan> has slain Rip_WillOfTheD at X= -587, Y= 68, Z= 312
[2024-03-18 16:11:24] [world] [84398786-e521-351c-9cf0-df0f73b6d326] The Player <Mudkips_Rule> has slain Zombie at X= -1354, Y= 67, Z= -241
[2024-03-18 16:11:27] [world] [84398786-e521-351c-9cf0-df0f73b6d326] The Player <Mudkips_Rule> has slain Zombie at X= -1354, Y= 67, Z= -243
[2024-03-18 19:21:25] [world] [a22317a5-ae4b-33d7-8478-76e621786389] The Player <Sword4001> has slain Cow at X= -620, Y= 68, Z= 242
[2024-03-18 19:23:17] [world_nether] [a22317a5-ae4b-33d7-8478-76e621786389] The Player <Sword4001> has slain Zombie Pigman at X= -72, Y= 52, Z= 37
[2024-03-18 19:23:34] [world_nether] [a22317a5-ae4b-33d7-8478-76e621786389] The Player <Sword4001> has slain Horse at X= -55, Y= 52, Z= 55
[2024-03-18 19:27:00] [world] [a22317a5-ae4b-33d7-8478-76e621786389] The Player <Sword4001> has slain Creeper at X= -610, Y= 68, Z= 276
[2024-03-18 19:27:12] [world] [a22317a5-ae4b-33d7-8478-76e621786389] The Player <Sword4001> has slain Creeper at X= -612, Y= 68, Z= 272
[2024-03-18 19:27:24] [world] [a22317a5-ae4b-33d7-8478-76e621786389] The Player <Sword4001> has slain Creeper at X= -614, Y= 68, Z= 271
[2024-03-18 19:27:26] [world] [a22317a5-ae4b-33d7-8478-76e621786389] The Player <Sword4001> has slain Creeper at X= -615, Y= 68, Z= 271
[2024-03-18 19:27:46] [world] [a22317a5-ae4b-33d7-8478-76e621786389] The Player <Sword4001> has slain Creeper at X= -623, Y= 68, Z= 264
[2024-03-18 19:49:15] [world] [07946ff9-6914-3d1e-ad20-1fb9707fe775] The Player <Koi> has slain Creeper at X= -602, Y= 68, Z= 276
[2024-03-18 19:49:39] [world] [07946ff9-6914-3d1e-ad20-1fb9707fe775] The Player <Koi> has slain Chicken at X= -643, Y= 68, Z= 276
[2024-03-18 19:51:20] [world] [07946ff9-6914-3d1e-ad20-1fb9707fe775] The Player <Koi> has slain Pig at X= -622, Y= 68, Z= 262
[2024-03-18 19:58:38] [world] [68727dc1-4832-3fda-90fc-733729969cc6] The Player <Corner1> has slain Iron Golem at X= -608, Y= 65, Z= 327
[2024-03-18 20:25:22] [world] [a22317a5-ae4b-33d7-8478-76e621786389] The Player <Sword4001> has slain Sheep at X= -528, Y= 65, Z= 299
[2024-03-18 20:27:57] [world] [a22317a5-ae4b-33d7-8478-76e621786389] The Player <Sword4001> has slain Cow at X= -733, Y= 67, Z= 190
[2024-03-18 20:28:01] [world] [a22317a5-ae4b-33d7-8478-76e621786389] The Player <Sword4001> has slain Cow at X= -729, Y= 67, Z= 187
[2024-03-18 20:28:06] [world] [a22317a5-ae4b-33d7-8478-76e621786389] The Player <Sword4001> has slain Cow at X= -730, Y= 67, Z= 188
[2024-03-18 20:28:12] [world] [a22317a5-ae4b-33d7-8478-76e621786389] The Player <Sword4001> has slain Cow at X= -720, Y= 66, Z= 183
[2024-03-18 20:30:03] [world] [68727dc1-4832-3fda-90fc-733729969cc6] The Player <Corner1> has slain Villager at X= -708, Y= 64, Z= 179
[2024-03-18 20:30:21] [world] [bdfd4d39-9869-3587-a60c-419be7f02cab] The Player <Milk_Frog> has slain Villager at X= -703, Y= 64, Z= 193
[2024-03-18 20:30:25] [world] [a22317a5-ae4b-33d7-8478-76e621786389] The Player <Sword4001> has slain Cow at X= -717, Y= 66, Z= 192
[2024-03-18 20:33:37] [world] [a22317a5-ae4b-33d7-8478-76e621786389] The Player <Sword4001> has slain Sheep at X= -575, Y= 68, Z= 252
[2024-03-18 20:33:42] [world] [a22317a5-ae4b-33d7-8478-76e621786389] The Player <Sword4001> has slain Sheep at X= -568, Y= 68, Z= 246
[2024-03-18 20:36:55] [world] [bdfd4d39-9869-3587-a60c-419be7f02cab] The Player <Milk_Frog> has slain Zombie at X= 4005, Y= 66, Z= -1852
[2024-03-18 20:39:47] [world] [07946ff9-6914-3d1e-ad20-1fb9707fe775] The Player <Koi> has slain Villager at X= -607, Y= 64, Z= 322
[2024-03-18 20:39:48] [world] [07946ff9-6914-3d1e-ad20-1fb9707fe775] The Player <Koi> has slain Villager at X= -607, Y= 64, Z= 321
[2024-03-18 20:39:50] [world] [07946ff9-6914-3d1e-ad20-1fb9707fe775] The Player <Koi> has slain Villager at X= -607, Y= 64, Z= 321
[2024-03-18 20:39:50] [world] [07946ff9-6914-3d1e-ad20-1fb9707fe775] The Player <Koi> has slain Villager at X= -608, Y= 64, Z= 321
[2024-03-18 20:39:51] [world] [07946ff9-6914-3d1e-ad20-1fb9707fe775] The Player <Koi> has slain Villager at X= -607, Y= 64, Z= 322
[2024-03-18 20:39:52] [world] [07946ff9-6914-3d1e-ad20-1fb9707fe775] The Player <Koi> has slain Villager at X= -607, Y= 64, Z= 321
[2024-03-18 20:39:53] [world] [07946ff9-6914-3d1e-ad20-1fb9707fe775] The Player <Koi> has slain Villager at X= -608, Y= 64, Z= 321
[2024-03-18 20:40:18] [world] [07946ff9-6914-3d1e-ad20-1fb9707fe775] The Player <Koi> has slain Villager at X= -608, Y= 64, Z= 321
[2024-03-18 20:40:19] [world] [07946ff9-6914-3d1e-ad20-1fb9707fe775] The Player <Koi> has slain Villager at X= -607, Y= 64, Z= 320
[2024-03-18 20:40:22] [world] [bdfd4d39-9869-3587-a60c-419be7f02cab] The Player <Milk_Frog> has slain Villager at X= 3994, Y= 65, Z= -1833
[2024-03-18 20:40:34] [world] [68727dc1-4832-3fda-90fc-733729969cc6] The Player <Corner1> has slain Villager at X= -610, Y= 64, Z= 320
[2024-03-18 20:40:36] [world] [68727dc1-4832-3fda-90fc-733729969cc6] The Player <Corner1> has slain Villager at X= -610, Y= 64, Z= 319
[2024-03-18 20:40:36] [world] [68727dc1-4832-3fda-90fc-733729969cc6] The Player <Corner1> has slain Villager at X= -609, Y= 64, Z= 319
[2024-03-18 20:40:37] [world] [07946ff9-6914-3d1e-ad20-1fb9707fe775] The Player <Koi> has slain Villager at X= -608, Y= 64, Z= 319
[2024-03-18 20:40:37] [world] [68727dc1-4832-3fda-90fc-733729969cc6] The Player <Corner1> has slain Villager at X= -610, Y= 64, Z= 320
[2024-03-18 20:40:37] [world] [68727dc1-4832-3fda-90fc-733729969cc6] The Player <Corner1> has slain Villager at X= -610, Y= 64, Z= 319
[2024-03-18 20:40:38] [world] [68727dc1-4832-3fda-90fc-733729969cc6] The Player <Corner1> has slain Villager at X= -609, Y= 64, Z= 318
[2024-03-18 20:40:38] [world] [07946ff9-6914-3d1e-ad20-1fb9707fe775] The Player <Koi> has slain Villager at X= -609, Y= 64, Z= 319
[2024-03-18 20:40:38] [world] [68727dc1-4832-3fda-90fc-733729969cc6] The Player <Corner1> has slain Villager at X= -609, Y= 64, Z= 318
[2024-03-18 20:40:38] [world] [68727dc1-4832-3fda-90fc-733729969cc6] The Player <Corner1> has slain Villager at X= -610, Y= 64, Z= 320
[2024-03-18 20:40:39] [world] [68727dc1-4832-3fda-90fc-733729969cc6] The Player <Corner1> has slain Villager at X= -610, Y= 64, Z= 320
[2024-03-18 20:40:40] [world] [07946ff9-6914-3d1e-ad20-1fb9707fe775] The Player <Koi> has slain Villager at X= -609, Y= 64, Z= 318
[2024-03-18 20:40:40] [world] [07946ff9-6914-3d1e-ad20-1fb9707fe775] The Player <Koi> has slain Villager at X= -609, Y= 64, Z= 318
[2024-03-18 20:40:41] [world] [07946ff9-6914-3d1e-ad20-1fb9707fe775] The Player <Koi> has slain Villager at X= -610, Y= 64, Z= 318
[2024-03-18 20:40:41] [world] [07946ff9-6914-3d1e-ad20-1fb9707fe775] The Player <Koi> has slain Villager at X= -609, Y= 64, Z= 318
[2024-03-18 20:40:41] [world] [68727dc1-4832-3fda-90fc-733729969cc6] The Player <Corner1> has slain Villager at X= -609, Y= 64, Z= 318
[2024-03-18 20:40:41] [world] [07946ff9-6914-3d1e-ad20-1fb9707fe775] The Player <Koi> has slain Villager at X= -609, Y= 64, Z= 318
[2024-03-18 20:40:42] [world] [07946ff9-6914-3d1e-ad20-1fb9707fe775] The Player <Koi> has slain Villager at X= -609, Y= 64, Z= 318
[2024-03-18 20:40:42] [world] [68727dc1-4832-3fda-90fc-733729969cc6] The Player <Corner1> has slain Villager at X= -609, Y= 64, Z= 318
[2024-03-18 20:40:43] [world] [68727dc1-4832-3fda-90fc-733729969cc6] The Player <Corner1> has slain Villager at X= -610, Y= 64, Z= 318
[2024-03-18 20:40:43] [world] [07946ff9-6914-3d1e-ad20-1fb9707fe775] The Player <Koi> has slain Villager at X= -611, Y= 64, Z= 319
[2024-03-18 20:40:43] [world] [68727dc1-4832-3fda-90fc-733729969cc6] The Player <Corner1> has slain Villager at X= -610, Y= 64, Z= 319
[2024-03-18 20:40:44] [world] [07946ff9-6914-3d1e-ad20-1fb9707fe775] The Player <Koi> has slain Villager at X= -609, Y= 64, Z= 318
[2024-03-18 20:40:45] [world] [07946ff9-6914-3d1e-ad20-1fb9707fe775] The Player <Koi> has slain Villager at X= -609, Y= 64, Z= 318
[2024-03-18 20:40:45] [world] [07946ff9-6914-3d1e-ad20-1fb9707fe775] The Player <Koi> has slain Villager at X= -608, Y= 64, Z= 319
[2024-03-18 20:40:46] [world] [07946ff9-6914-3d1e-ad20-1fb9707fe775] The Player <Koi> has slain Villager at X= -610, Y= 64, Z= 318
[2024-03-18 20:40:46] [world] [07946ff9-6914-3d1e-ad20-1fb9707fe775] The Player <Koi> has slain Villager at X= -609, Y= 64, Z= 318
[2024-03-18 20:40:47] [world] [07946ff9-6914-3d1e-ad20-1fb9707fe775] The Player <Koi> has slain Villager at X= -609, Y= 64, Z= 318
[2024-03-18 20:40:47] [world] [07946ff9-6914-3d1e-ad20-1fb9707fe775] The Player <Koi> has slain Villager at X= -608, Y= 64, Z= 318
[2024-03-18 20:40:48] [world] [07946ff9-6914-3d1e-ad20-1fb9707fe775] The Player <Koi> has slain Villager at X= -609, Y= 64, Z= 318
[2024-03-18 20:40:48] [world] [07946ff9-6914-3d1e-ad20-1fb9707fe775] The Player <Koi> has slain Villager at X= -609, Y= 64, Z= 319
[2024-03-18 20:40:49] [world] [07946ff9-6914-3d1e-ad20-1fb9707fe775] The Player <Koi> has slain Villager at X= -611, Y= 64, Z= 319
[2024-03-18 20:40:49] [world] [07946ff9-6914-3d1e-ad20-1fb9707fe775] The Player <Koi> has slain Villager at X= -608, Y= 64, Z= 319
[2024-03-18 20:40:49] [world] [68727dc1-4832-3fda-90fc-733729969cc6] The Player <Corner1> has slain Villager at X= -609, Y= 64, Z= 319
[2024-03-18 20:40:50] [world] [07946ff9-6914-3d1e-ad20-1fb9707fe775] The Player <Koi> has slain Villager at X= -609, Y= 64, Z= 318
[2024-03-18 20:40:50] [world] [07946ff9-6914-3d1e-ad20-1fb9707fe775] The Player <Koi> has slain Villager at X= -611, Y= 64, Z= 319
[2024-03-18 20:40:50] [world] [68727dc1-4832-3fda-90fc-733729969cc6] The Player <Corner1> has slain Villager at X= -610, Y= 64, Z= 318
[2024-03-18 20:40:51] [world] [07946ff9-6914-3d1e-ad20-1fb9707fe775] The Player <Koi> has slain Villager at X= -608, Y= 64, Z= 318
[2024-03-18 20:40:51] [world] [68727dc1-4832-3fda-90fc-733729969cc6] The Player <Corner1> has slain Villager at X= -609, Y= 64, Z= 318
[2024-03-18 20:40:52] [world] [07946ff9-6914-3d1e-ad20-1fb9707fe775] The Player <Koi> has slain Villager at X= -609, Y= 64, Z= 318
[2024-03-18 20:40:52] [world] [68727dc1-4832-3fda-90fc-733729969cc6] The Player <Corner1> has slain Villager at X= -608, Y= 64, Z= 318
[2024-03-18 20:40:52] [world] [07946ff9-6914-3d1e-ad20-1fb9707fe775] The Player <Koi> has slain Villager at X= -610, Y= 64, Z= 318
[2024-03-18 20:40:53] [world] [68727dc1-4832-3fda-90fc-733729969cc6] The Player <Corner1> has slain Villager at X= -611, Y= 64, Z= 319
[2024-03-18 20:40:55] [world] [07946ff9-6914-3d1e-ad20-1fb9707fe775] The Player <Koi> has slain Villager at X= -609, Y= 64, Z= 318
[2024-03-18 20:40:55] [world] [07946ff9-6914-3d1e-ad20-1fb9707fe775] The Player <Koi> has slain Villager at X= -608, Y= 64, Z= 318
[2024-03-18 20:40:56] [world] [68727dc1-4832-3fda-90fc-733729969cc6] The Player <Corner1> has slain Villager at X= -611, Y= 64, Z= 319
[2024-03-18 20:40:57] [world] [07946ff9-6914-3d1e-ad20-1fb9707fe775] The Player <Koi> has slain Villager at X= -607, Y= 64, Z= 321
[2024-03-18 20:40:57] [world] [68727dc1-4832-3fda-90fc-733729969cc6] The Player <Corner1> has slain Villager at X= -610, Y= 64, Z= 318
[2024-03-18 20:40:58] [world] [07946ff9-6914-3d1e-ad20-1fb9707fe775] The Player <Koi> has slain Villager at X= -607, Y= 64, Z= 321
[2024-03-18 20:40:58] [world] [07946ff9-6914-3d1e-ad20-1fb9707fe775] The Player <Koi> has slain Villager at X= -607, Y= 64, Z= 323
[2024-03-18 20:41:00] [world] [07946ff9-6914-3d1e-ad20-1fb9707fe775] The Player <Koi> has slain Villager at X= -606, Y= 64, Z= 322
[2024-03-18 20:41:00] [world] [68727dc1-4832-3fda-90fc-733729969cc6] The Player <Corner1> has slain Villager at X= -610, Y= 64, Z= 318
[2024-03-18 20:41:01] [world] [68727dc1-4832-3fda-90fc-733729969cc6] The Player <Corner1> has slain Villager at X= -610, Y= 64, Z= 318
[2024-03-18 20:41:02] [world] [07946ff9-6914-3d1e-ad20-1fb9707fe775] The Player <Koi> has slain Villager at X= -606, Y= 64, Z= 321
[2024-03-18 20:41:03] [world] [68727dc1-4832-3fda-90fc-733729969cc6] The Player <Corner1> has slain Villager at X= -610, Y= 64, Z= 318
[2024-03-18 20:41:03] [world] [07946ff9-6914-3d1e-ad20-1fb9707fe775] The Player <Koi> has slain Villager at X= -606, Y= 64, Z= 319
[2024-03-18 20:41:04] [world] [68727dc1-4832-3fda-90fc-733729969cc6] The Player <Corner1> has slain Villager at X= -610, Y= 64, Z= 318
[2024-03-18 20:41:06] [world] [07946ff9-6914-3d1e-ad20-1fb9707fe775] The Player <Koi> has slain Villager at X= -609, Y= 64, Z= 320
[2024-03-18 20:41:08] [world] [07946ff9-6914-3d1e-ad20-1fb9707fe775] The Player <Koi> has slain Villager at X= -610, Y= 64, Z= 318
[2024-03-18 20:41:08] [world] [07946ff9-6914-3d1e-ad20-1fb9707fe775] The Player <Koi> has slain Villager at X= -608, Y= 64, Z= 318
[2024-03-18 20:41:09] [world] [07946ff9-6914-3d1e-ad20-1fb9707fe775] The Player <Koi> has slain Villager at X= -610, Y= 64, Z= 318
[2024-03-18 20:41:11] [world] [07946ff9-6914-3d1e-ad20-1fb9707fe775] The Player <Koi> has slain Villager at X= -610, Y= 64, Z= 318
[2024-03-18 20:41:12] [world] [07946ff9-6914-3d1e-ad20-1fb9707fe775] The Player <Koi> has slain Villager at X= -610, Y= 64, Z= 320
[2024-03-18 20:41:13] [world] [07946ff9-6914-3d1e-ad20-1fb9707fe775] The Player <Koi> has slain Villager at X= -610, Y= 64, Z= 318
[2024-03-18 20:41:16] [world] [07946ff9-6914-3d1e-ad20-1fb9707fe775] The Player <Koi> has slain Villager at X= -610, Y= 64, Z= 318
[2024-03-18 20:41:16] [world] [07946ff9-6914-3d1e-ad20-1fb9707fe775] The Player <Koi> has slain Villager at X= -610, Y= 64, Z= 318
[2024-03-18 20:41:17] [world] [07946ff9-6914-3d1e-ad20-1fb9707fe775] The Player <Koi> has slain Villager at X= -608, Y= 64, Z= 319
[2024-03-18 20:41:20] [world] [07946ff9-6914-3d1e-ad20-1fb9707fe775] The Player <Koi> has slain Villager at X= -610, Y= 64, Z= 320
[2024-03-18 20:41:28] [world] [68727dc1-4832-3fda-90fc-733729969cc6] The Player <Corner1> has slain Villager at X= -609, Y= 64, Z= 319
[2024-03-18 20:41:28] [world] [68727dc1-4832-3fda-90fc-733729969cc6] The Player <Corner1> has slain Villager at X= -608, Y= 64, Z= 318
[2024-03-18 20:41:28] [world] [68727dc1-4832-3fda-90fc-733729969cc6] The Player <Corner1> has slain Villager at X= -609, Y= 64, Z= 319
[2024-03-18 20:41:29] [world] [68727dc1-4832-3fda-90fc-733729969cc6] The Player <Corner1> has slain Villager at X= -610, Y= 64, Z= 320
[2024-03-18 20:41:30] [world] [07946ff9-6914-3d1e-ad20-1fb9707fe775] The Player <Koi> has slain Villager at X= -610, Y= 64, Z= 319
[2024-03-18 20:41:31] [world] [68727dc1-4832-3fda-90fc-733729969cc6] The Player <Corner1> has slain Villager at X= -608, Y= 64, Z= 318
[2024-03-18 20:41:31] [world] [07946ff9-6914-3d1e-ad20-1fb9707fe775] The Player <Koi> has slain Villager at X= -610, Y= 64, Z= 318
[2024-03-18 20:41:31] [world] [68727dc1-4832-3fda-90fc-733729969cc6] The Player <Corner1> has slain Villager at X= -607, Y= 64, Z= 318
[2024-03-18 20:41:32] [world] [07946ff9-6914-3d1e-ad20-1fb9707fe775] The Player <Koi> has slain Villager at X= -610, Y= 64, Z= 318
[2024-03-18 20:41:33] [world] [07946ff9-6914-3d1e-ad20-1fb9707fe775] The Player <Koi> has slain Villager at X= -610, Y= 64, Z= 318
[2024-03-18 20:41:33] [world] [07946ff9-6914-3d1e-ad20-1fb9707fe775] The Player <Koi> has slain Villager at X= -611, Y= 64, Z= 319
[2024-03-18 20:41:41] [world] [07946ff9-6914-3d1e-ad20-1fb9707fe775] The Player <Koi> has slain Villager at X= -609, Y= 64, Z= 319
[2024-03-18 20:41:41] [world] [07946ff9-6914-3d1e-ad20-1fb9707fe775] The Player <Koi> has slain Villager at X= -609, Y= 64, Z= 318
[2024-03-18 20:41:42] [world] [07946ff9-6914-3d1e-ad20-1fb9707fe775] The Player <Koi> has slain Villager at X= -609, Y= 64, Z= 318
[2024-03-18 20:41:42] [world] [68727dc1-4832-3fda-90fc-733729969cc6] The Player <Corner1> has slain Villager at X= -609, Y= 64, Z= 320
[2024-03-18 20:41:42] [world] [07946ff9-6914-3d1e-ad20-1fb9707fe775] The Player <Koi> has slain Villager at X= -609, Y= 64, Z= 318
[2024-03-18 20:41:43] [world] [07946ff9-6914-3d1e-ad20-1fb9707fe775] The Player <Koi> has slain Villager at X= -610, Y= 64, Z= 319
[2024-03-18 20:41:43] [world] [68727dc1-4832-3fda-90fc-733729969cc6] The Player <Corner1> has slain Villager at X= -609, Y= 64, Z= 318
[2024-03-18 20:41:44] [world] [07946ff9-6914-3d1e-ad20-1fb9707fe775] The Player <Koi> has slain Villager at X= -610, Y= 64, Z= 318
[2024-03-18 20:41:44] [world] [68727dc1-4832-3fda-90fc-733729969cc6] The Player <Corner1> has slain Villager at X= -609, Y= 64, Z= 318
[2024-03-18 20:41:44] [world] [68727dc1-4832-3fda-90fc-733729969cc6] The Player <Corner1> has slain Villager at X= -609, Y= 64, Z= 318
[2024-03-18 20:41:45] [world] [68727dc1-4832-3fda-90fc-733729969cc6] The Player <Corner1> has slain Villager at X= -608, Y= 64, Z= 318
[2024-03-18 20:41:46] [world] [68727dc1-4832-3fda-90fc-733729969cc6] The Player <Corner1> has slain Villager at X= -609, Y= 64, Z= 318
[2024-03-18 20:41:46] [world] [07946ff9-6914-3d1e-ad20-1fb9707fe775] The Player <Koi> has slain Villager at X= -610, Y= 64, Z= 318
[2024-03-18 20:41:46] [world] [07946ff9-6914-3d1e-ad20-1fb9707fe775] The Player <Koi> has slain Villager at X= -610, Y= 64, Z= 318
[2024-03-18 20:41:47] [world] [07946ff9-6914-3d1e-ad20-1fb9707fe775] The Player <Koi> has slain Villager at X= -610, Y= 64, Z= 318
[2024-03-18 20:41:49] [world] [07946ff9-6914-3d1e-ad20-1fb9707fe775] The Player <Koi> has slain Villager at X= -607, Y= 64, Z= 318
[2024-03-18 20:41:51] [world] [07946ff9-6914-3d1e-ad20-1fb9707fe775] The Player <Koi> has slain Villager at X= -607, Y= 64, Z= 319
[2024-03-18 20:41:51] [world] [07946ff9-6914-3d1e-ad20-1fb9707fe775] The Player <Koi> has slain Villager at X= -607, Y= 64, Z= 318
[2024-03-18 20:41:51] [world] [68727dc1-4832-3fda-90fc-733729969cc6] The Player <Corner1> has slain Villager at X= -616, Y= 64, Z= 320
[2024-03-18 20:41:52] [world] [68727dc1-4832-3fda-90fc-733729969cc6] The Player <Corner1> has slain Villager at X= -616, Y= 64, Z= 321
[2024-03-18 20:41:53] [world] [68727dc1-4832-3fda-90fc-733729969cc6] The Player <Corner1> has slain Villager at X= -616, Y= 64, Z= 320
[2024-03-18 20:41:53] [world] [07946ff9-6914-3d1e-ad20-1fb9707fe775] The Player <Koi> has slain Villager at X= -607, Y= 64, Z= 318
[2024-03-18 20:41:56] [world] [68727dc1-4832-3fda-90fc-733729969cc6] The Player <Corner1> has slain Villager at X= -612, Y= 64, Z= 318
[2024-03-18 20:41:58] [world] [68727dc1-4832-3fda-90fc-733729969cc6] The Player <Corner1> has slain Villager at X= -613, Y= 64, Z= 318
[2024-03-18 20:42:00] [world] [68727dc1-4832-3fda-90fc-733729969cc6] The Player <Corner1> has slain Villager at X= -615, Y= 64, Z= 318
[2024-03-18 20:42:02] [world] [68727dc1-4832-3fda-90fc-733729969cc6] The Player <Corner1> has slain Villager at X= -616, Y= 64, Z= 326
[2024-03-18 20:42:03] [world] [68727dc1-4832-3fda-90fc-733729969cc6] The Player <Corner1> has slain Villager at X= -616, Y= 64, Z= 327
[2024-03-18 20:42:06] [world] [68727dc1-4832-3fda-90fc-733729969cc6] The Player <Corner1> has slain Villager at X= -616, Y= 64, Z= 324
[2024-03-18 20:42:07] [world] [68727dc1-4832-3fda-90fc-733729969cc6] The Player <Corner1> has slain Villager at X= -616, Y= 64, Z= 326
[2024-03-18 20:42:07] [world] [68727dc1-4832-3fda-90fc-733729969cc6] The Player <Corner1> has slain Villager at X= -616, Y= 64, Z= 327
[2024-03-18 20:42:09] [world] [07946ff9-6914-3d1e-ad20-1fb9707fe775] The Player <Koi> has slain Villager at X= -607, Y= 64, Z= 318
[2024-03-18 20:42:11] [world] [07946ff9-6914-3d1e-ad20-1fb9707fe775] The Player <Koi> has slain Villager at X= -607, Y= 64, Z= 318
[2024-03-18 20:42:11] [world] [68727dc1-4832-3fda-90fc-733729969cc6] The Player <Corner1> has slain Villager at X= -607, Y= 64, Z= 333
[2024-03-18 20:42:11] [world] [07946ff9-6914-3d1e-ad20-1fb9707fe775] The Player <Koi> has slain Villager at X= -607, Y= 64, Z= 319
[2024-03-18 20:42:12] [world] [68727dc1-4832-3fda-90fc-733729969cc6] The Player <Corner1> has slain Villager at X= -606, Y= 64, Z= 334
[2024-03-18 20:42:14] [world] [68727dc1-4832-3fda-90fc-733729969cc6] The Player <Corner1> has slain Villager at X= -606, Y= 64, Z= 335
[2024-03-18 20:42:15] [world] [07946ff9-6914-3d1e-ad20-1fb9707fe775] The Player <Koi> has slain Villager at X= -607, Y= 64, Z= 318
[2024-03-18 20:42:17] [world] [68727dc1-4832-3fda-90fc-733729969cc6] The Player <Corner1> has slain Villager at X= -606, Y= 64, Z= 337
[2024-03-18 20:42:17] [world] [07946ff9-6914-3d1e-ad20-1fb9707fe775] The Player <Koi> has slain Villager at X= -607, Y= 64, Z= 319
[2024-03-18 20:42:18] [world] [07946ff9-6914-3d1e-ad20-1fb9707fe775] The Player <Koi> has slain Villager at X= -607, Y= 64, Z= 318
[2024-03-18 20:42:18] [world] [68727dc1-4832-3fda-90fc-733729969cc6] The Player <Corner1> has slain Villager at X= -606, Y= 64, Z= 335
[2024-03-18 20:42:19] [world] [07946ff9-6914-3d1e-ad20-1fb9707fe775] The Player <Koi> has slain Villager at X= -607, Y= 64, Z= 318
[2024-03-18 20:42:20] [world] [07946ff9-6914-3d1e-ad20-1fb9707fe775] The Player <Koi> has slain Villager at X= -607, Y= 64, Z= 318
[2024-03-18 20:42:20] [world] [68727dc1-4832-3fda-90fc-733729969cc6] The Player <Corner1> has slain Villager at X= -606, Y= 64, Z= 337
[2024-03-18 20:42:22] [world] [07946ff9-6914-3d1e-ad20-1fb9707fe775] The Player <Koi> has slain Villager at X= -607, Y= 64, Z= 319
[2024-03-18 20:42:24] [world] [07946ff9-6914-3d1e-ad20-1fb9707fe775] The Player <Koi> has slain Villager at X= -607, Y= 64, Z= 319
[2024-03-18 20:42:25] [world] [07946ff9-6914-3d1e-ad20-1fb9707fe775] The Player <Koi> has slain Villager at X= -606, Y= 64, Z= 321
[2024-03-18 20:42:31] [world] [07946ff9-6914-3d1e-ad20-1fb9707fe775] The Player <Koi> has slain Villager at X= -615, Y= 64, Z= 322
[2024-03-18 20:42:32] [world] [07946ff9-6914-3d1e-ad20-1fb9707fe775] The Player <Koi> has slain Villager at X= -615, Y= 64, Z= 323
[2024-03-18 20:42:32] [world] [07946ff9-6914-3d1e-ad20-1fb9707fe775] The Player <Koi> has slain Villager at X= -616, Y= 64, Z= 322
[2024-03-18 20:42:34] [world] [07946ff9-6914-3d1e-ad20-1fb9707fe775] The Player <Koi> has slain Villager at X= -615, Y= 64, Z= 320
[2024-03-18 20:42:34] [world] [07946ff9-6914-3d1e-ad20-1fb9707fe775] The Player <Koi> has slain Villager at X= -616, Y= 64, Z= 320
[2024-03-18 20:42:36] [world] [07946ff9-6914-3d1e-ad20-1fb9707fe775] The Player <Koi> has slain Villager at X= -611, Y= 64, Z= 319
[2024-03-18 20:42:38] [world] [07946ff9-6914-3d1e-ad20-1fb9707fe775] The Player <Koi> has slain Villager at X= -612, Y= 64, Z= 318
[2024-03-18 20:42:39] [world] [07946ff9-6914-3d1e-ad20-1fb9707fe775] The Player <Koi> has slain Villager at X= -612, Y= 64, Z= 318
[2024-03-18 20:42:40] [world] [07946ff9-6914-3d1e-ad20-1fb9707fe775] The Player <Koi> has slain Villager at X= -614, Y= 64, Z= 318
[2024-03-18 20:42:46] [world] [07946ff9-6914-3d1e-ad20-1fb9707fe775] The Player <Koi> has slain Iron Golem at X= -613, Y= 64, Z= 323
[2024-03-18 20:42:46] [world] [bdfd4d39-9869-3587-a60c-419be7f02cab] The Player <Milk_Frog> has slain Villager at X= 4002, Y= 65, Z= -1843
[2024-03-18 20:42:47] [world] [bdfd4d39-9869-3587-a60c-419be7f02cab] The Player <Milk_Frog> has slain Villager at X= 4002, Y= 65, Z= -1843
[2024-03-18 20:42:48] [world] [bdfd4d39-9869-3587-a60c-419be7f02cab] The Player <Milk_Frog> has slain Villager at X= 4002, Y= 65, Z= -1847
[2024-03-18 20:42:48] [world] [07946ff9-6914-3d1e-ad20-1fb9707fe775] The Player <Koi> has slain Villager at X= -616, Y= 64, Z= 325
[2024-03-18 20:42:49] [world] [bdfd4d39-9869-3587-a60c-419be7f02cab] The Player <Milk_Frog> has slain Villager at X= 4002, Y= 65, Z= -1847
[2024-03-18 20:42:49] [world] [07946ff9-6914-3d1e-ad20-1fb9707fe775] The Player <Koi> has slain Villager at X= -615, Y= 64, Z= 323
[2024-03-18 20:42:51] [world] [07946ff9-6914-3d1e-ad20-1fb9707fe775] The Player <Koi> has slain Villager at X= -615, Y= 64, Z= 326
[2024-03-18 20:42:52] [world] [07946ff9-6914-3d1e-ad20-1fb9707fe775] The Player <Koi> has slain Villager at X= -614, Y= 64, Z= 327
[2024-03-18 20:42:52] [world] [07946ff9-6914-3d1e-ad20-1fb9707fe775] The Player <Koi> has slain Villager at X= -615, Y= 64, Z= 327
[2024-03-18 20:42:54] [world] [07946ff9-6914-3d1e-ad20-1fb9707fe775] The Player <Koi> has slain Villager at X= -616, Y= 64, Z= 327
[2024-03-18 20:42:59] [world] [07946ff9-6914-3d1e-ad20-1fb9707fe775] The Player <Koi> has slain Iron Golem at X= -610, Y= 64, Z= 327
[2024-03-18 20:43:02] [world] [68727dc1-4832-3fda-90fc-733729969cc6] The Player <Corner1> has slain Villager at X= -616, Y= 64, Z= 321
[2024-03-18 20:43:03] [world] [07946ff9-6914-3d1e-ad20-1fb9707fe775] The Player <Koi> has slain Iron Golem at X= -613, Y= 64, Z= 335
[2024-03-18 20:43:05] [world] [68727dc1-4832-3fda-90fc-733729969cc6] The Player <Corner1> has slain Villager at X= -615, Y= 64, Z= 322
[2024-03-18 20:43:06] [world] [07946ff9-6914-3d1e-ad20-1fb9707fe775] The Player <Koi> has slain Villager at X= -615, Y= 64, Z= 335
[2024-03-18 20:43:06] [world] [68727dc1-4832-3fda-90fc-733729969cc6] The Player <Corner1> has slain Villager at X= -616, Y= 64, Z= 321
[2024-03-18 20:43:06] [world] [07946ff9-6914-3d1e-ad20-1fb9707fe775] The Player <Koi> has slain Villager at X= -615, Y= 64, Z= 334
[2024-03-18 20:43:07] [world] [07946ff9-6914-3d1e-ad20-1fb9707fe775] The Player <Koi> has slain Villager at X= -616, Y= 64, Z= 334
[2024-03-18 20:43:08] [world] [07946ff9-6914-3d1e-ad20-1fb9707fe775] The Player <Koi> has slain Villager at X= -615, Y= 64, Z= 335
[2024-03-18 20:43:10] [world] [07946ff9-6914-3d1e-ad20-1fb9707fe775] The Player <Koi> has slain Villager at X= -616, Y= 64, Z= 335
[2024-03-18 20:43:10] [world] [07946ff9-6914-3d1e-ad20-1fb9707fe775] The Player <Koi> has slain Villager at X= -616, Y= 64, Z= 337
[2024-03-18 20:43:12] [world] [07946ff9-6914-3d1e-ad20-1fb9707fe775] The Player <Koi> has slain Villager at X= -616, Y= 64, Z= 337
[2024-03-18 20:43:14] [world] [07946ff9-6914-3d1e-ad20-1fb9707fe775] The Player <Koi> has slain Villager at X= -615, Y= 64, Z= 333
[2024-03-18 20:43:14] [world] [07946ff9-6914-3d1e-ad20-1fb9707fe775] The Player <Koi> has slain Villager at X= -616, Y= 64, Z= 334
[2024-03-18 20:43:16] [world] [07946ff9-6914-3d1e-ad20-1fb9707fe775] The Player <Koi> has slain Villager at X= -615, Y= 64, Z= 332
[2024-03-18 20:43:17] [world] [07946ff9-6914-3d1e-ad20-1fb9707fe775] The Player <Koi> has slain Villager at X= -615, Y= 64, Z= 331
[2024-03-18 20:43:18] [world] [07946ff9-6914-3d1e-ad20-1fb9707fe775] The Player <Koi> has slain Villager at X= -616, Y= 64, Z= 332
[2024-03-18 20:43:18] [world] [07946ff9-6914-3d1e-ad20-1fb9707fe775] The Player <Koi> has slain Villager at X= -616, Y= 64, Z= 329
[2024-03-18 20:43:19] [world] [68727dc1-4832-3fda-90fc-733729969cc6] The Player <Corner1> has slain Villager at X= -616, Y= 64, Z= 326
[2024-03-18 20:43:19] [world] [07946ff9-6914-3d1e-ad20-1fb9707fe775] The Player <Koi> has slain Villager at X= -614, Y= 64, Z= 329
[2024-03-18 20:43:19] [world] [07946ff9-6914-3d1e-ad20-1fb9707fe775] The Player <Koi> has slain Villager at X= -616, Y= 64, Z= 330
[2024-03-18 20:43:20] [world] [07946ff9-6914-3d1e-ad20-1fb9707fe775] The Player <Koi> has slain Villager at X= -616, Y= 64, Z= 330
[2024-03-18 20:43:20] [world] [68727dc1-4832-3fda-90fc-733729969cc6] The Player <Corner1> has slain Villager at X= -616, Y= 64, Z= 324
[2024-03-18 20:43:21] [world] [07946ff9-6914-3d1e-ad20-1fb9707fe775] The Player <Koi> has slain Villager at X= -615, Y= 64, Z= 328
[2024-03-18 20:43:25] [world] [07946ff9-6914-3d1e-ad20-1fb9707fe775] The Player <Koi> has slain Villager at X= -616, Y= 64, Z= 326
[2024-03-18 20:43:28] [world] [07946ff9-6914-3d1e-ad20-1fb9707fe775] The Player <Koi> has slain Villager at X= -616, Y= 64, Z= 322
[2024-03-18 20:43:50] [world] [07946ff9-6914-3d1e-ad20-1fb9707fe775] The Player <Koi> has slain Villager at X= -615, Y= 64, Z= 318
[2024-03-18 20:43:57] [world] [07946ff9-6914-3d1e-ad20-1fb9707fe775] The Player <Koi> has slain Villager at X= -610, Y= 64, Z= 318
[2024-03-18 20:43:58] [world] [07946ff9-6914-3d1e-ad20-1fb9707fe775] The Player <Koi> has slain Villager at X= -608, Y= 64, Z= 318
[2024-03-18 20:43:59] [world] [07946ff9-6914-3d1e-ad20-1fb9707fe775] The Player <Koi> has slain Villager at X= -608, Y= 64, Z= 318
[2024-03-18 20:43:59] [world] [07946ff9-6914-3d1e-ad20-1fb9707fe775] The Player <Koi> has slain Villager at X= -611, Y= 64, Z= 319
[2024-03-18 20:44:03] [world] [68727dc1-4832-3fda-90fc-733729969cc6] The Player <Corner1> has slain Villager at X= -612, Y= 64, Z= 338
[2024-03-18 20:44:13] [world] [07946ff9-6914-3d1e-ad20-1fb9707fe775] The Player <Koi> has slain Villager at X= -607, Y= 64, Z= 319
[2024-03-18 20:44:16] [world] [68727dc1-4832-3fda-90fc-733729969cc6] The Player <Corner1> has slain Villager at X= -613, Y= 64, Z= 337
[2024-03-18 20:44:17] [world] [68727dc1-4832-3fda-90fc-733729969cc6] The Player <Corner1> has slain Villager at X= -614, Y= 64, Z= 337
[2024-03-18 20:44:17] [world] [68727dc1-4832-3fda-90fc-733729969cc6] The Player <Corner1> has slain Villager at X= -615, Y= 64, Z= 338
[2024-03-18 20:44:18] [world] [07946ff9-6914-3d1e-ad20-1fb9707fe775] The Player <Koi> has slain Villager at X= -616, Y= 64, Z= 329
[2024-03-18 20:44:21] [world] [07946ff9-6914-3d1e-ad20-1fb9707fe775] The Player <Koi> has slain Villager at X= -606, Y= 64, Z= 334
[2024-03-18 20:44:22] [world] [07946ff9-6914-3d1e-ad20-1fb9707fe775] The Player <Koi> has slain Villager at X= -606, Y= 64, Z= 335
[2024-03-18 20:44:24] [world] [bdfd4d39-9869-3587-a60c-419be7f02cab] The Player <Milk_Frog> has slain Villager at X= -612, Y= 64, Z= 338
[2024-03-18 20:44:24] [world] [07946ff9-6914-3d1e-ad20-1fb9707fe775] The Player <Koi> has slain Villager at X= -606, Y= 64, Z= 337
[2024-03-18 20:44:25] [world] [07946ff9-6914-3d1e-ad20-1fb9707fe775] The Player <Koi> has slain Villager at X= -610, Y= 64, Z= 338
[2024-03-18 20:44:26] [world] [07946ff9-6914-3d1e-ad20-1fb9707fe775] The Player <Koi> has slain Villager at X= -609, Y= 64, Z= 337
[2024-03-18 20:44:27] [world] [07946ff9-6914-3d1e-ad20-1fb9707fe775] The Player <Koi> has slain Villager at X= -611, Y= 64, Z= 337
[2024-03-18 20:44:27] [world] [07946ff9-6914-3d1e-ad20-1fb9707fe775] The Player <Koi> has slain Villager at X= -609, Y= 64, Z= 338
[2024-03-18 20:44:29] [world] [07946ff9-6914-3d1e-ad20-1fb9707fe775] The Player <Koi> has slain Villager at X= -607, Y= 64, Z= 338
[2024-03-18 20:44:29] [world] [68727dc1-4832-3fda-90fc-733729969cc6] The Player <Corner1> has slain Villager at X= -616, Y= 64, Z= 337
[2024-03-18 20:44:30] [world] [07946ff9-6914-3d1e-ad20-1fb9707fe775] The Player <Koi> has slain Villager at X= -607, Y= 64, Z= 337
[2024-03-18 20:44:35] [world] [68727dc1-4832-3fda-90fc-733729969cc6] The Player <Corner1> has slain Villager at X= -616, Y= 64, Z= 337
[2024-03-18 20:44:35] [world] [07946ff9-6914-3d1e-ad20-1fb9707fe775] The Player <Koi> has slain Villager at X= -615, Y= 64, Z= 338
[2024-03-18 20:44:35] [world] [68727dc1-4832-3fda-90fc-733729969cc6] The Player <Corner1> has slain Villager at X= -616, Y= 64, Z= 337
[2024-03-18 20:44:38] [world] [07946ff9-6914-3d1e-ad20-1fb9707fe775] The Player <Koi> has slain Villager at X= -616, Y= 64, Z= 334
[2024-03-18 20:44:44] [world] [68727dc1-4832-3fda-90fc-733729969cc6] The Player <Corner1> has slain Villager at X= -616, Y= 64, Z= 337
[2024-03-18 20:44:50] [world] [07946ff9-6914-3d1e-ad20-1fb9707fe775] The Player <Koi> has slain Iron Golem at X= -603, Y= 68, Z= 330
[2024-03-18 20:44:51] [world] [68727dc1-4832-3fda-90fc-733729969cc6] The Player <Corner1> has slain Villager at X= -616, Y= 64, Z= 336
[2024-03-18 20:44:54] [world] [07946ff9-6914-3d1e-ad20-1fb9707fe775] The Player <Koi> has slain Iron Golem at X= -603, Y= 68, Z= 326
[2024-03-18 20:45:02] [world] [07946ff9-6914-3d1e-ad20-1fb9707fe775] The Player <Koi> has slain Iron Golem at X= -613, Y= 68, Z= 330
[2024-03-18 20:45:21] [world] [07946ff9-6914-3d1e-ad20-1fb9707fe775] The Player <Koi> has slain Villager at X= -613, Y= 64, Z= 338
[2024-03-18 20:45:22] [world] [07946ff9-6914-3d1e-ad20-1fb9707fe775] The Player <Koi> has slain Villager at X= -612, Y= 64, Z= 338
[2024-03-18 20:45:27] [world] [07946ff9-6914-3d1e-ad20-1fb9707fe775] The Player <Koi> has slain Villager at X= -616, Y= 64, Z= 334
[2024-03-18 20:48:14] [world] [07946ff9-6914-3d1e-ad20-1fb9707fe775] The Player <Koi> has slain Cow at X= -10206, Y= 67, Z= 4093
[2024-03-18 20:56:32] [world] [07946ff9-6914-3d1e-ad20-1fb9707fe775] The Player <Koi> has slain Rabbit at X= -575, Y= 68, Z= 280
[2024-03-18 21:52:57] [world] [1de0a7e2-4590-31c8-8341-aad7a0f13b27] The Player <character> has slain Rabbit at X= -614, Y= 68, Z= 304
[2024-03-18 21:54:13] [world] [1de0a7e2-4590-31c8-8341-aad7a0f13b27] The Player <character> has slain Zombie at X= -612, Y= 68, Z= 269
[2024-03-18 22:41:27] [world] [f3d28cb0-7225-3cb1-baeb-2dadd2be89ae] The Player <Tester> has slain Skeleton at X= -9657, Y= 70, Z= 3955
[2024-03-19 01:12:02] [world] [07946ff9-6914-3d1e-ad20-1fb9707fe775] The Player <Koi> has slain Skeleton at X= -622, Y= 68, Z= 287
