[2024-03-28 01:06:32] [world_the_end] [98545e40-f1b3-3d1f-9e55-8b879bee9098] The Player <Heinrich_Himmler> has slain Zombie Pigman at X= 11, Y= 57, Z= 67
[2024-03-28 01:06:39] [world_the_end] [98545e40-f1b3-3d1f-9e55-8b879bee9098] The Player <Heinrich_Himmler> has slain Zombie Pigman at X= 3, Y= 58, Z= 49
[2024-03-28 01:07:38] [world_the_end] [98545e40-f1b3-3d1f-9e55-8b879bee9098] The Player <Heinrich_Himmler> has slain Zombie Pigman at X= -5, Y= 59, Z= 55
[2024-03-28 01:07:38] [world_the_end] [98545e40-f1b3-3d1f-9e55-8b879bee9098] The Player <Heinrich_Himmler> has slain Zombie Pigman at X= -4, Y= 59, Z= 55
[2024-03-28 01:07:39] [world_the_end] [98545e40-f1b3-3d1f-9e55-8b879bee9098] The Player <Heinrich_Himmler> has slain Zombie Pigman at X= -8, Y= 58, Z= 50
[2024-03-28 01:07:40] [world_the_end] [98545e40-f1b3-3d1f-9e55-8b879bee9098] The Player <Heinrich_Himmler> has slain Zombie Pigman at X= -8, Y= 58, Z= 51
[2024-03-28 01:07:40] [world_the_end] [98545e40-f1b3-3d1f-9e55-8b879bee9098] The Player <Heinrich_Himmler> has slain Zombie Pigman at X= -10, Y= 58, Z= 51
[2024-03-28 01:07:43] [world_the_end] [98545e40-f1b3-3d1f-9e55-8b879bee9098] The Player <Heinrich_Himmler> has slain Zombie Pigman at X= -20, Y= 58, Z= 40
[2024-03-28 01:07:43] [world_the_end] [98545e40-f1b3-3d1f-9e55-8b879bee9098] The Player <Heinrich_Himmler> has slain Zombie Pigman at X= -19, Y= 58, Z= 41
[2024-03-28 01:07:45] [world_the_end] [98545e40-f1b3-3d1f-9e55-8b879bee9098] The Player <Heinrich_Himmler> has slain Zombie Pigman at X= -18, Y= 58, Z= 43
[2024-03-28 01:07:45] [world_the_end] [98545e40-f1b3-3d1f-9e55-8b879bee9098] The Player <Heinrich_Himmler> has slain Zombie Pigman at X= -20, Y= 58, Z= 42
[2024-03-28 01:07:47] [world_the_end] [98545e40-f1b3-3d1f-9e55-8b879bee9098] The Player <Heinrich_Himmler> has slain Zombie Pigman at X= -23, Y= 58, Z= 37
[2024-03-28 01:08:01] [world_the_end] [98545e40-f1b3-3d1f-9e55-8b879bee9098] The Player <Heinrich_Himmler> has slain Zombie Pigman at X= 0, Y= 59, Z= 61
[2024-03-28 01:08:05] [world_the_end] [98545e40-f1b3-3d1f-9e55-8b879bee9098] The Player <Heinrich_Himmler> has slain Zombie Pigman at X= -3, Y= 59, Z= 60
[2024-03-28 01:08:05] [world_the_end] [98545e40-f1b3-3d1f-9e55-8b879bee9098] The Player <Heinrich_Himmler> has slain Zombie Pigman at X= -6, Y= 59, Z= 58
[2024-03-28 02:10:15] [world_the_end] [f3d28cb0-7225-3cb1-baeb-2dadd2be89ae] The Player <Tester> has slain Heinrich_Himmler at X= 48, Y= 11, Z= 194
[2024-03-28 03:44:15] [world] [349c9999-9c4a-3d11-ac49-b859d112bf9e] The Player <Feathery> has slain Creeper at X= -610, Y= 64, Z= 320
[2024-03-28 12:00:54] [world] [f3d28cb0-7225-3cb1-baeb-2dadd2be89ae] The Player <Tester> has slain Wither at X= -1097, Y= 67, Z= 1030
[2024-03-28 14:10:01] [world] [33450ac2-67be-3e98-8f50-67c7baef8c39] The Player <defnotnezuko> has slain Zombie at X= -613, Y= 64, Z= 338
[2024-03-28 14:15:31] [world_the_end] [98545e40-f1b3-3d1f-9e55-8b879bee9098] The Player <Heinrich_Himmler> has slain Cow at X= 98, Y= 49, Z= 0
[2024-03-28 14:15:32] [world_the_end] [98545e40-f1b3-3d1f-9e55-8b879bee9098] The Player <Heinrich_Himmler> has slain Pig at X= 99, Y= 49, Z= 2
[2024-03-28 14:15:34] [world_the_end] [98545e40-f1b3-3d1f-9e55-8b879bee9098] The Player <Heinrich_Himmler> has slain Chicken at X= 103, Y= 50, Z= -2
[2024-03-28 14:25:58] [world] [bdfd4d39-9869-3587-a60c-419be7f02cab] The Player <Milk_Frog> has slain Silverfish at X= -610, Y= 69, Z= 247
[2024-03-28 14:26:02] [world] [bdfd4d39-9869-3587-a60c-419be7f02cab] The Player <Milk_Frog> has slain Silverfish at X= -610, Y= 69, Z= 237
[2024-03-28 14:28:39] [world] [bdfd4d39-9869-3587-a60c-419be7f02cab] The Player <Milk_Frog> has slain Rabbit at X= -674, Y= 64, Z= 207
[2024-03-28 15:12:26] [world] [ed29d03b-f01b-39dd-ab82-ac3b54f2c88b] The Player <Char> has slain Char at X= -618, Y= 68, Z= 320
[2024-03-28 15:44:04] [world] [17642ce9-92a4-3f8d-8872-8b5a03c49ec5] The Player <xcpc> has slain Sheep at X= -617, Y= 68, Z= 314
[2024-03-28 15:47:06] [world] [17642ce9-92a4-3f8d-8872-8b5a03c49ec5] The Player <xcpc> has slain Enderman at X= -593, Y= 74, Z= 466
[2024-03-28 15:59:23] [world] [17642ce9-92a4-3f8d-8872-8b5a03c49ec5] The Player <xcpc> has slain Skeleton at X= -599, Y= 68, Z= 347
[2024-03-28 15:59:38] [world] [17642ce9-92a4-3f8d-8872-8b5a03c49ec5] The Player <xcpc> has slain Pig at X= -606, Y= 68, Z= 318
[2024-03-28 16:03:18] [world] [17642ce9-92a4-3f8d-8872-8b5a03c49ec5] The Player <xcpc> has slain Sheep at X= -568, Y= 68, Z= 278
[2024-03-28 16:03:43] [world] [17642ce9-92a4-3f8d-8872-8b5a03c49ec5] The Player <xcpc> has slain Spider at X= -564, Y= 68, Z= 266
[2024-03-28 16:04:47] [world] [17642ce9-92a4-3f8d-8872-8b5a03c49ec5] The Player <xcpc> has slain Pig at X= -548, Y= 68, Z= 262
[2024-03-28 16:07:10] [world] [17642ce9-92a4-3f8d-8872-8b5a03c49ec5] The Player <xcpc> has slain Skeleton at X= -618, Y= 68, Z= 255
[2024-03-28 16:07:23] [world] [f3d28cb0-7225-3cb1-baeb-2dadd2be89ae] The Player <Tester> has slain Rabbit at X= -604, Y= 68, Z= 253
[2024-03-28 16:08:24] [world] [17642ce9-92a4-3f8d-8872-8b5a03c49ec5] The Player <xcpc> has slain Skeleton at X= -581, Y= 78, Z= 257
[2024-03-28 16:17:14] [world] [17642ce9-92a4-3f8d-8872-8b5a03c49ec5] The Player <xcpc> has slain Creeper at X= -580, Y= 63, Z= 377
[2024-03-28 16:17:51] [world] [17642ce9-92a4-3f8d-8872-8b5a03c49ec5] The Player <xcpc> has slain Skeleton at X= -597, Y= 68, Z= 325
[2024-03-28 16:17:57] [world] [17642ce9-92a4-3f8d-8872-8b5a03c49ec5] The Player <xcpc> has slain Spider at X= -597, Y= 68, Z= 317
[2024-03-28 16:18:26] [world] [17642ce9-92a4-3f8d-8872-8b5a03c49ec5] The Player <xcpc> has slain Skeleton at X= -620, Y= 68, Z= 304
[2024-03-28 16:18:30] [world] [17642ce9-92a4-3f8d-8872-8b5a03c49ec5] The Player <xcpc> has slain Skeleton at X= -621, Y= 68, Z= 299
[2024-03-28 16:21:45] [world_the_end] [349c9999-9c4a-3d11-ac49-b859d112bf9e] The Player <Feathery> has slain Pig at X= 342, Y= 37, Z= -144
[2024-03-28 16:21:50] [world_the_end] [349c9999-9c4a-3d11-ac49-b859d112bf9e] The Player <Feathery> has slain Pig at X= 336, Y= 23, Z= -145
[2024-03-28 16:22:04] [world_the_end] [349c9999-9c4a-3d11-ac49-b859d112bf9e] The Player <Feathery> has slain Pig at X= 335, Y= 24, Z= -136
[2024-03-28 16:22:06] [world_the_end] [f3d28cb0-7225-3cb1-baeb-2dadd2be89ae] The Player <Tester> has slain Pig at X= 335, Y= 28, Z= -134
[2024-03-28 16:22:14] [world_the_end] [349c9999-9c4a-3d11-ac49-b859d112bf9e] The Player <Feathery> has slain Pig at X= 338, Y= 29, Z= -145
[2024-03-28 16:54:13] [world] [17642ce9-92a4-3f8d-8872-8b5a03c49ec5] The Player <xcpc> has slain Zombie at X= -367, Y= 64, Z= 284
[2024-03-28 16:54:38] [world] [17642ce9-92a4-3f8d-8872-8b5a03c49ec5] The Player <xcpc> has slain Sheep at X= -330, Y= 67, Z= 267
[2024-03-28 16:54:41] [world] [17642ce9-92a4-3f8d-8872-8b5a03c49ec5] The Player <xcpc> has slain Sheep at X= -326, Y= 68, Z= 271
[2024-03-28 17:01:05] [world] [17642ce9-92a4-3f8d-8872-8b5a03c49ec5] The Player <xcpc> has slain Creeper at X= -290, Y= 70, Z= 279
[2024-03-28 17:01:14] [world] [17642ce9-92a4-3f8d-8872-8b5a03c49ec5] The Player <xcpc> has slain Creeper at X= -295, Y= 70, Z= 281
[2024-03-28 17:06:52] [world] [17642ce9-92a4-3f8d-8872-8b5a03c49ec5] The Player <xcpc> has slain Spider at X= -301, Y= 70, Z= 288
[2024-03-28 17:35:31] [world] [e8de36e0-d4b2-315e-8c5d-b2baec5db3bf] The Player <GolemDaWanderer> has slain Sheep at X= -553, Y= 68, Z= 248
[2024-03-28 17:44:03] [world_nether] [98545e40-f1b3-3d1f-9e55-8b879bee9098] The Player <Heinrich_Himmler> has slain Zombie Pigman at X= -168, Y= 45, Z= -51
[2024-03-28 18:56:14] [world] [17642ce9-92a4-3f8d-8872-8b5a03c49ec5] The Player <xcpc> has slain Spider at X= -225, Y= 68, Z= 242
[2024-03-28 20:18:50] [world] [0a5b6dd8-f370-39c9-b3a0-78aee983ac06] The Player <BTC> has slain Zombie at X= -764, Y= 10, Z= 292
[2024-03-28 20:20:33] [world] [0a5b6dd8-f370-39c9-b3a0-78aee983ac06] The Player <BTC> has slain Cow at X= -606, Y= 68, Z= 290
[2024-03-28 21:07:43] [world] [0a5b6dd8-f370-39c9-b3a0-78aee983ac06] The Player <BTC> has slain Char at X= 621, Y= 11, Z= 220
[2024-03-28 21:08:23] [world] [ed29d03b-f01b-39dd-ab82-ac3b54f2c88b] The Player <Char> has slain BTC at X= 621, Y= 10, Z= 209
[2024-03-28 21:09:59] [world] [0a5b6dd8-f370-39c9-b3a0-78aee983ac06] The Player <BTC> has slain Char at X= 626, Y= 11, Z= 222
[2024-03-28 21:10:14] [world] [0a5b6dd8-f370-39c9-b3a0-78aee983ac06] The Player <BTC> has slain Char at X= 623, Y= 11, Z= 226
[2024-03-28 21:10:24] [world] [ed29d03b-f01b-39dd-ab82-ac3b54f2c88b] The Player <Char> has slain BTC at X= 627, Y= 11, Z= 225
[2024-03-28 21:23:29] [world_the_end] [0a5b6dd8-f370-39c9-b3a0-78aee983ac06] The Player <BTC> has slain Enderman at X= -27, Y= 58, Z= 29
[2024-03-28 21:26:03] [world] [0a5b6dd8-f370-39c9-b3a0-78aee983ac06] The Player <BTC> has slain Creeper at X= -558, Y= 68, Z= 367
[2024-03-28 21:30:08] [world] [0a5b6dd8-f370-39c9-b3a0-78aee983ac06] The Player <BTC> has slain Chicken at X= -648, Y= 66, Z= 491
[2024-03-28 21:30:14] [world] [0a5b6dd8-f370-39c9-b3a0-78aee983ac06] The Player <BTC> has slain Spider at X= -655, Y= 68, Z= 493
[2024-03-28 21:30:35] [world] [0a5b6dd8-f370-39c9-b3a0-78aee983ac06] The Player <BTC> has slain Spider at X= -695, Y= 68, Z= 509
[2024-03-28 21:51:11] [world] [0a5b6dd8-f370-39c9-b3a0-78aee983ac06] The Player <BTC> has slain Skeleton at X= -721, Y= 72, Z= 514
[2024-03-28 21:51:28] [world] [0a5b6dd8-f370-39c9-b3a0-78aee983ac06] The Player <BTC> has slain Cow at X= -730, Y= 69, Z= 552
[2024-03-28 21:51:36] [world] [0a5b6dd8-f370-39c9-b3a0-78aee983ac06] The Player <BTC> has slain Chicken at X= -742, Y= 68, Z= 543
[2024-03-28 21:51:48] [world] [0a5b6dd8-f370-39c9-b3a0-78aee983ac06] The Player <BTC> has slain Zombie at X= -762, Y= 61, Z= 557
[2024-03-28 21:51:55] [world] [0a5b6dd8-f370-39c9-b3a0-78aee983ac06] The Player <BTC> has slain Zombie at X= -765, Y= 62, Z= 562
[2024-03-28 21:52:08] [world] [0a5b6dd8-f370-39c9-b3a0-78aee983ac06] The Player <BTC> has slain Skeleton at X= -801, Y= 68, Z= 530
[2024-03-28 21:52:36] [world] [0a5b6dd8-f370-39c9-b3a0-78aee983ac06] The Player <BTC> has slain Skeleton at X= -836, Y= 68, Z= 503
[2024-03-28 21:53:07] [world] [0a5b6dd8-f370-39c9-b3a0-78aee983ac06] The Player <BTC> has slain Creeper at X= -864, Y= 70, Z= 491
[2024-03-28 21:53:07] [world] [0a5b6dd8-f370-39c9-b3a0-78aee983ac06] The Player <BTC> has slain Creeper at X= -863, Y= 70, Z= 493
[2024-03-28 21:53:21] [world] [0a5b6dd8-f370-39c9-b3a0-78aee983ac06] The Player <BTC> has slain Zombie at X= -894, Y= 70, Z= 476
[2024-03-28 21:53:29] [world] [0a5b6dd8-f370-39c9-b3a0-78aee983ac06] The Player <BTC> has slain Creeper at X= -898, Y= 69, Z= 458
[2024-03-28 22:00:20] [world] [0a5b6dd8-f370-39c9-b3a0-78aee983ac06] The Player <BTC> has slain Zombie at X= -834, Y= 11, Z= 91
[2024-03-28 22:07:11] [world] [0a5b6dd8-f370-39c9-b3a0-78aee983ac06] The Player <BTC> has slain Skeleton at X= 1058, Y= 19, Z= 681
[2024-03-28 22:10:11] [world] [0a5b6dd8-f370-39c9-b3a0-78aee983ac06] The Player <BTC> has slain Zombie at X= 1020, Y= 63, Z= 649
[2024-03-28 22:10:33] [world_the_end] [0a5b6dd8-f370-39c9-b3a0-78aee983ac06] The Player <BTC> has slain Rabbit at X= 93, Y= 48, Z= -1
[2024-03-28 22:10:34] [world_the_end] [0a5b6dd8-f370-39c9-b3a0-78aee983ac06] The Player <BTC> has slain Chicken at X= 99, Y= 49, Z= -2
[2024-03-28 22:13:40] [world] [349c9999-9c4a-3d11-ac49-b859d112bf9e] The Player <Feathery> has slain Skeleton at X= -585, Y= 73, Z= 343
[2024-03-28 22:16:01] [world_the_end] [0a5b6dd8-f370-39c9-b3a0-78aee983ac06] The Player <BTC> has slain Chicken at X= 99, Y= 49, Z= -1
[2024-03-28 22:16:01] [world_the_end] [0a5b6dd8-f370-39c9-b3a0-78aee983ac06] The Player <BTC> has slain Chicken at X= 99, Y= 49, Z= -2
[2024-03-28 22:23:23] [world_the_end] [0a5b6dd8-f370-39c9-b3a0-78aee983ac06] The Player <BTC> has slain Enderman at X= 3, Y= 59, Z= 14
[2024-03-28 22:23:50] [world_the_end] [0a5b6dd8-f370-39c9-b3a0-78aee983ac06] The Player <BTC> has slain Enderman at X= -53, Y= 60, Z= 33
[2024-03-28 22:24:14] [world_the_end] [0a5b6dd8-f370-39c9-b3a0-78aee983ac06] The Player <BTC> has slain Enderman at X= -17, Y= 59, Z= 21
[2024-03-28 22:24:23] [world_the_end] [0a5b6dd8-f370-39c9-b3a0-78aee983ac06] The Player <BTC> has slain Enderman at X= -9, Y= 59, Z= 15
[2024-03-28 22:25:01] [world_the_end] [0a5b6dd8-f370-39c9-b3a0-78aee983ac06] The Player <BTC> has slain Enderman at X= -52, Y= 57, Z= -31
[2024-03-28 22:29:05] [world] [0a5b6dd8-f370-39c9-b3a0-78aee983ac06] The Player <BTC> has slain Chicken at X= -574, Y= 68, Z= 316
[2024-03-28 22:29:25] [world] [0a5b6dd8-f370-39c9-b3a0-78aee983ac06] The Player <BTC> has slain GolemDaWanderer at X= -576, Y= 69, Z= 316
[2024-03-28 22:29:34] [world] [0a5b6dd8-f370-39c9-b3a0-78aee983ac06] The Player <BTC> has slain GolemDaWanderer at X= -572, Y= 68, Z= 316
[2024-03-28 22:29:38] [world] [0a5b6dd8-f370-39c9-b3a0-78aee983ac06] The Player <BTC> has slain GolemDaWanderer at X= -573, Y= 68, Z= 316
[2024-03-28 22:29:45] [world] [0a5b6dd8-f370-39c9-b3a0-78aee983ac06] The Player <BTC> has slain GolemDaWanderer at X= -570, Y= 69, Z= 317
[2024-03-28 22:29:50] [world] [0a5b6dd8-f370-39c9-b3a0-78aee983ac06] The Player <BTC> has slain GolemDaWanderer at X= -574, Y= 69, Z= 317
[2024-03-28 22:29:55] [world] [0a5b6dd8-f370-39c9-b3a0-78aee983ac06] The Player <BTC> has slain GolemDaWanderer at X= -573, Y= 68, Z= 316
[2024-03-28 22:30:04] [world] [0a5b6dd8-f370-39c9-b3a0-78aee983ac06] The Player <BTC> has slain GolemDaWanderer at X= -577, Y= 69, Z= 315
[2024-03-28 22:30:32] [world] [e8de36e0-d4b2-315e-8c5d-b2baec5db3bf] The Player <GolemDaWanderer> has slain BTC at X= -611, Y= 68, Z= 352
[2024-03-28 22:31:03] [world] [0a5b6dd8-f370-39c9-b3a0-78aee983ac06] The Player <BTC> has slain GolemDaWanderer at X= -600, Y= 68, Z= 363
[2024-03-28 22:31:44] [world] [0a5b6dd8-f370-39c9-b3a0-78aee983ac06] The Player <BTC> has slain Chicken at X= -585, Y= 68, Z= 320
[2024-03-28 22:32:11] [world] [e8de36e0-d4b2-315e-8c5d-b2baec5db3bf] The Player <GolemDaWanderer> has slain Skeleton at X= -606, Y= 68, Z= 289
[2024-03-28 22:32:16] [world] [0a5b6dd8-f370-39c9-b3a0-78aee983ac06] The Player <BTC> has slain Cow at X= -590, Y= 69, Z= 294
[2024-03-28 22:32:17] [world] [e8de36e0-d4b2-315e-8c5d-b2baec5db3bf] The Player <GolemDaWanderer> has slain Spider at X= -608, Y= 68, Z= 304
[2024-03-28 22:33:14] [world] [0a5b6dd8-f370-39c9-b3a0-78aee983ac06] The Player <BTC> has slain Zombie at X= -572, Y= 63, Z= 235
[2024-03-28 22:35:11] [world] [0a5b6dd8-f370-39c9-b3a0-78aee983ac06] The Player <BTC> has slain Chicken at X= -545, Y= 72, Z= 243
[2024-03-28 22:35:19] [world] [0a5b6dd8-f370-39c9-b3a0-78aee983ac06] The Player <BTC> has slain Pig at X= -541, Y= 68, Z= 256
[2024-03-28 22:35:47] [world] [0a5b6dd8-f370-39c9-b3a0-78aee983ac06] The Player <BTC> has slain Sheep at X= -555, Y= 68, Z= 252
[2024-03-28 22:36:05] [world] [0a5b6dd8-f370-39c9-b3a0-78aee983ac06] The Player <BTC> has slain Chicken at X= -572, Y= 68, Z= 275
[2024-03-28 22:36:12] [world] [0a5b6dd8-f370-39c9-b3a0-78aee983ac06] The Player <BTC> has slain Chicken at X= -556, Y= 68, Z= 277
[2024-03-28 22:36:16] [world] [0a5b6dd8-f370-39c9-b3a0-78aee983ac06] The Player <BTC> has slain Pig at X= -561, Y= 68, Z= 271
[2024-03-28 22:36:25] [world] [0a5b6dd8-f370-39c9-b3a0-78aee983ac06] The Player <BTC> has slain Zombie at X= -563, Y= 68, Z= 270
[2024-03-28 22:36:36] [world] [0a5b6dd8-f370-39c9-b3a0-78aee983ac06] The Player <BTC> has slain Pig at X= -552, Y= 68, Z= 267
[2024-03-28 22:37:01] [world] [0a5b6dd8-f370-39c9-b3a0-78aee983ac06] The Player <BTC> has slain Zombie at X= -522, Y= 72, Z= 273
[2024-03-28 22:37:18] [world] [0a5b6dd8-f370-39c9-b3a0-78aee983ac06] The Player <BTC> has slain Zombie at X= -529, Y= 71, Z= 265
[2024-03-28 22:37:51] [world] [0a5b6dd8-f370-39c9-b3a0-78aee983ac06] The Player <BTC> has slain Chicken at X= -473, Y= 70, Z= 284
[2024-03-28 22:37:54] [world] [0a5b6dd8-f370-39c9-b3a0-78aee983ac06] The Player <BTC> has slain Chicken at X= -464, Y= 71, Z= 284
[2024-03-28 22:37:58] [world] [0a5b6dd8-f370-39c9-b3a0-78aee983ac06] The Player <BTC> has slain Chicken at X= -455, Y= 71, Z= 288
[2024-03-28 22:38:02] [world] [0a5b6dd8-f370-39c9-b3a0-78aee983ac06] The Player <BTC> has slain Chicken at X= -461, Y= 69, Z= 294
[2024-03-28 22:38:04] [world] [0a5b6dd8-f370-39c9-b3a0-78aee983ac06] The Player <BTC> has slain Chicken at X= -461, Y= 69, Z= 296
[2024-03-28 22:38:05] [world] [0a5b6dd8-f370-39c9-b3a0-78aee983ac06] The Player <BTC> has slain Chicken at X= -459, Y= 69, Z= 300
[2024-03-28 22:38:10] [world] [0a5b6dd8-f370-39c9-b3a0-78aee983ac06] The Player <BTC> has slain Chicken at X= -466, Y= 68, Z= 289
[2024-03-28 22:38:21] [world] [0a5b6dd8-f370-39c9-b3a0-78aee983ac06] The Player <BTC> has slain Chicken at X= -451, Y= 70, Z= 295
[2024-03-28 22:38:25] [world] [0a5b6dd8-f370-39c9-b3a0-78aee983ac06] The Player <BTC> has slain Chicken at X= -444, Y= 71, Z= 298
[2024-03-28 22:40:39] [world] [0a5b6dd8-f370-39c9-b3a0-78aee983ac06] The Player <BTC> has slain NezukoChan at X= -576, Y= 69, Z= 323
[2024-03-28 22:40:49] [world] [0a5b6dd8-f370-39c9-b3a0-78aee983ac06] The Player <BTC> has slain NezukoChan at X= -578, Y= 69, Z= 316
[2024-03-28 22:41:09] [world] [0a5b6dd8-f370-39c9-b3a0-78aee983ac06] The Player <BTC> has slain NezukoChan at X= -577, Y= 69, Z= 317
[2024-03-28 22:41:17] [world] [f7bb36ab-e336-3c4d-9238-e9504956be33] The Player <NezukoChan> has slain BTC at X= -580, Y= 70, Z= 317
[2024-03-28 22:43:02] [world] [0a5b6dd8-f370-39c9-b3a0-78aee983ac06] The Player <BTC> has slain NezukoChan at X= -583, Y= 68, Z= 331
[2024-03-28 22:43:29] [world] [0a5b6dd8-f370-39c9-b3a0-78aee983ac06] The Player <BTC> has slain NezukoChan at X= -581, Y= 69, Z= 327
[2024-03-28 22:43:55] [world] [0a5b6dd8-f370-39c9-b3a0-78aee983ac06] The Player <BTC> has slain NezukoChan at X= -573, Y= 68, Z= 316
[2024-03-28 22:44:04] [world] [0a5b6dd8-f370-39c9-b3a0-78aee983ac06] The Player <BTC> has slain NezukoChan at X= -573, Y= 68, Z= 315
[2024-03-28 22:44:38] [world] [0a5b6dd8-f370-39c9-b3a0-78aee983ac06] The Player <BTC> has slain Chicken at X= -602, Y= 69, Z= 332
[2024-03-28 22:44:40] [world] [0a5b6dd8-f370-39c9-b3a0-78aee983ac06] The Player <BTC> has slain Chicken at X= -609, Y= 68, Z= 335
[2024-03-28 22:45:27] [world] [f7bb36ab-e336-3c4d-9238-e9504956be33] The Player <NezukoChan> has slain BTC at X= -581, Y= 69, Z= 323
[2024-03-28 22:45:41] [world] [e8de36e0-d4b2-315e-8c5d-b2baec5db3bf] The Player <GolemDaWanderer> has slain Spider at X= -574, Y= 68, Z= 274
[2024-03-28 22:45:54] [world] [0a5b6dd8-f370-39c9-b3a0-78aee983ac06] The Player <BTC> has slain NezukoChan at X= -570, Y= 69, Z= 317
[2024-03-28 22:45:54] [world] [f7bb36ab-e336-3c4d-9238-e9504956be33] The Player <NezukoChan> has slain BTC at X= -557, Y= 65, Z= 311
[2024-03-28 22:46:06] [world] [f7bb36ab-e336-3c4d-9238-e9504956be33] The Player <NezukoChan> has slain BTC at X= -573, Y= 69, Z= 318
[2024-03-28 22:46:10] [world] [e8de36e0-d4b2-315e-8c5d-b2baec5db3bf] The Player <GolemDaWanderer> has slain BTC at X= -573, Y= 68, Z= 316
[2024-03-28 22:47:37] [world] [0a5b6dd8-f370-39c9-b3a0-78aee983ac06] The Player <BTC> has slain Spider at X= -724, Y= 53, Z= -22
[2024-03-28 22:47:43] [world] [0a5b6dd8-f370-39c9-b3a0-78aee983ac06] The Player <BTC> has slain Spider at X= -728, Y= 53, Z= -19
[2024-03-28 22:47:58] [world] [0a5b6dd8-f370-39c9-b3a0-78aee983ac06] The Player <BTC> has slain Spider at X= -723, Y= 54, Z= -19
[2024-03-28 22:52:19] [world] [0a5b6dd8-f370-39c9-b3a0-78aee983ac06] The Player <BTC> has slain Slime at X= -528, Y= 65, Z= -75
[2024-03-28 22:52:22] [world] [0a5b6dd8-f370-39c9-b3a0-78aee983ac06] The Player <BTC> has slain Slime at X= -521, Y= 65, Z= -77
[2024-03-28 22:55:15] [world] [0a5b6dd8-f370-39c9-b3a0-78aee983ac06] The Player <BTC> has slain Skeleton at X= -790, Y= 63, Z= 453
[2024-03-28 22:55:24] [world] [0a5b6dd8-f370-39c9-b3a0-78aee983ac06] The Player <BTC> has slain Skeleton at X= -784, Y= 66, Z= 457
[2024-03-28 22:55:33] [world] [0a5b6dd8-f370-39c9-b3a0-78aee983ac06] The Player <BTC> has slain Creeper at X= -785, Y= 66, Z= 453
[2024-03-28 22:55:34] [world] [0a5b6dd8-f370-39c9-b3a0-78aee983ac06] The Player <BTC> has slain Creeper at X= -785, Y= 66, Z= 454
[2024-03-28 22:55:42] [world] [0a5b6dd8-f370-39c9-b3a0-78aee983ac06] The Player <BTC> has slain Skeleton at X= -785, Y= 67, Z= 478
[2024-03-28 22:55:50] [world] [0a5b6dd8-f370-39c9-b3a0-78aee983ac06] The Player <BTC> has slain Spider at X= -790, Y= 66, Z= 474
[2024-03-28 22:55:53] [world] [0a5b6dd8-f370-39c9-b3a0-78aee983ac06] The Player <BTC> has slain Zombie at X= -789, Y= 66, Z= 469
[2024-03-28 22:55:56] [world] [0a5b6dd8-f370-39c9-b3a0-78aee983ac06] The Player <BTC> has slain Zombie at X= -794, Y= 66, Z= 470
[2024-03-28 22:56:13] [world] [0a5b6dd8-f370-39c9-b3a0-78aee983ac06] The Player <BTC> has slain Pig at X= -813, Y= 66, Z= 489
[2024-03-28 22:58:08] [world] [0a5b6dd8-f370-39c9-b3a0-78aee983ac06] The Player <BTC> has slain Zombie at X= -842, Y= 69, Z= 514
[2024-03-28 22:58:22] [world] [0a5b6dd8-f370-39c9-b3a0-78aee983ac06] The Player <BTC> has slain Skeleton at X= -872, Y= 69, Z= 535
[2024-03-28 23:00:01] [world] [e8de36e0-d4b2-315e-8c5d-b2baec5db3bf] The Player <GolemDaWanderer> has slain Chicken at X= -589, Y= 72, Z= 439
[2024-03-28 23:00:20] [world] [e8de36e0-d4b2-315e-8c5d-b2baec5db3bf] The Player <GolemDaWanderer> has slain Chicken at X= -597, Y= 72, Z= 439
[2024-03-28 23:01:07] [world] [e8de36e0-d4b2-315e-8c5d-b2baec5db3bf] The Player <GolemDaWanderer> has slain Skeleton at X= -613, Y= 69, Z= 508
[2024-03-28 23:01:26] [world] [17642ce9-92a4-3f8d-8872-8b5a03c49ec5] The Player <xcpc> has slain Skeleton at X= -290, Y= 70, Z= 281
[2024-03-28 23:01:43] [world] [17642ce9-92a4-3f8d-8872-8b5a03c49ec5] The Player <xcpc> has slain Chicken at X= -304, Y= 70, Z= 284
[2024-03-28 23:03:02] [world] [17642ce9-92a4-3f8d-8872-8b5a03c49ec5] The Player <xcpc> has slain Chicken at X= -309, Y= 70, Z= 284
[2024-03-28 23:03:03] [world] [17642ce9-92a4-3f8d-8872-8b5a03c49ec5] The Player <xcpc> has slain Chicken at X= -309, Y= 70, Z= 284
[2024-03-28 23:03:04] [world] [17642ce9-92a4-3f8d-8872-8b5a03c49ec5] The Player <xcpc> has slain Chicken at X= -309, Y= 70, Z= 283
[2024-03-28 23:03:05] [world] [17642ce9-92a4-3f8d-8872-8b5a03c49ec5] The Player <xcpc> has slain Chicken at X= -310, Y= 70, Z= 285
[2024-03-28 23:03:05] [world] [17642ce9-92a4-3f8d-8872-8b5a03c49ec5] The Player <xcpc> has slain Chicken at X= -309, Y= 70, Z= 284
[2024-03-28 23:03:06] [world] [17642ce9-92a4-3f8d-8872-8b5a03c49ec5] The Player <xcpc> has slain Chicken at X= -310, Y= 70, Z= 284
[2024-03-28 23:03:06] [world] [17642ce9-92a4-3f8d-8872-8b5a03c49ec5] The Player <xcpc> has slain Chicken at X= -308, Y= 70, Z= 284
[2024-03-28 23:03:08] [world] [17642ce9-92a4-3f8d-8872-8b5a03c49ec5] The Player <xcpc> has slain Chicken at X= -308, Y= 70, Z= 284
[2024-03-28 23:03:09] [world] [17642ce9-92a4-3f8d-8872-8b5a03c49ec5] The Player <xcpc> has slain Chicken at X= -308, Y= 70, Z= 283
[2024-03-28 23:03:09] [world] [17642ce9-92a4-3f8d-8872-8b5a03c49ec5] The Player <xcpc> has slain Chicken at X= -308, Y= 70, Z= 282
[2024-03-28 23:03:10] [world] [17642ce9-92a4-3f8d-8872-8b5a03c49ec5] The Player <xcpc> has slain Chicken at X= -308, Y= 70, Z= 282
[2024-03-28 23:03:10] [world] [17642ce9-92a4-3f8d-8872-8b5a03c49ec5] The Player <xcpc> has slain Chicken at X= -307, Y= 70, Z= 285
[2024-03-28 23:03:11] [world] [17642ce9-92a4-3f8d-8872-8b5a03c49ec5] The Player <xcpc> has slain Chicken at X= -309, Y= 70, Z= 282
[2024-03-28 23:03:11] [world] [17642ce9-92a4-3f8d-8872-8b5a03c49ec5] The Player <xcpc> has slain Chicken at X= -308, Y= 70, Z= 283
[2024-03-28 23:03:12] [world] [17642ce9-92a4-3f8d-8872-8b5a03c49ec5] The Player <xcpc> has slain Chicken at X= -310, Y= 70, Z= 282
[2024-03-28 23:03:12] [world] [17642ce9-92a4-3f8d-8872-8b5a03c49ec5] The Player <xcpc> has slain Chicken at X= -309, Y= 70, Z= 282
[2024-03-28 23:03:13] [world] [17642ce9-92a4-3f8d-8872-8b5a03c49ec5] The Player <xcpc> has slain Chicken at X= -310, Y= 70, Z= 283
[2024-03-28 23:03:13] [world] [17642ce9-92a4-3f8d-8872-8b5a03c49ec5] The Player <xcpc> has slain Chicken at X= -309, Y= 70, Z= 283
[2024-03-28 23:03:14] [world] [17642ce9-92a4-3f8d-8872-8b5a03c49ec5] The Player <xcpc> has slain Chicken at X= -309, Y= 70, Z= 284
[2024-03-28 23:03:15] [world] [17642ce9-92a4-3f8d-8872-8b5a03c49ec5] The Player <xcpc> has slain Chicken at X= -309, Y= 70, Z= 284
[2024-03-28 23:03:16] [world] [17642ce9-92a4-3f8d-8872-8b5a03c49ec5] The Player <xcpc> has slain Chicken at X= -309, Y= 70, Z= 284
[2024-03-28 23:03:17] [world] [17642ce9-92a4-3f8d-8872-8b5a03c49ec5] The Player <xcpc> has slain Chicken at X= -309, Y= 70, Z= 283
[2024-03-28 23:03:17] [world] [17642ce9-92a4-3f8d-8872-8b5a03c49ec5] The Player <xcpc> has slain Chicken at X= -309, Y= 70, Z= 282
[2024-03-28 23:03:18] [world] [17642ce9-92a4-3f8d-8872-8b5a03c49ec5] The Player <xcpc> has slain Chicken at X= -309, Y= 70, Z= 283
[2024-03-28 23:03:19] [world] [17642ce9-92a4-3f8d-8872-8b5a03c49ec5] The Player <xcpc> has slain Chicken at X= -308, Y= 70, Z= 283
[2024-03-28 23:03:19] [world] [17642ce9-92a4-3f8d-8872-8b5a03c49ec5] The Player <xcpc> has slain Chicken at X= -308, Y= 70, Z= 283
[2024-03-28 23:03:20] [world] [17642ce9-92a4-3f8d-8872-8b5a03c49ec5] The Player <xcpc> has slain Chicken at X= -308, Y= 70, Z= 282
[2024-03-28 23:03:20] [world] [17642ce9-92a4-3f8d-8872-8b5a03c49ec5] The Player <xcpc> has slain Chicken at X= -308, Y= 70, Z= 284
[2024-03-28 23:03:21] [world] [17642ce9-92a4-3f8d-8872-8b5a03c49ec5] The Player <xcpc> has slain Chicken at X= -308, Y= 70, Z= 283
[2024-03-28 23:03:21] [world] [17642ce9-92a4-3f8d-8872-8b5a03c49ec5] The Player <xcpc> has slain Chicken at X= -308, Y= 70, Z= 283
[2024-03-28 23:03:22] [world] [17642ce9-92a4-3f8d-8872-8b5a03c49ec5] The Player <xcpc> has slain Chicken at X= -308, Y= 70, Z= 284
[2024-03-28 23:03:22] [world] [17642ce9-92a4-3f8d-8872-8b5a03c49ec5] The Player <xcpc> has slain Chicken at X= -307, Y= 70, Z= 283
[2024-03-28 23:03:22] [world] [17642ce9-92a4-3f8d-8872-8b5a03c49ec5] The Player <xcpc> has slain Chicken at X= -308, Y= 70, Z= 283
[2024-03-28 23:03:23] [world] [17642ce9-92a4-3f8d-8872-8b5a03c49ec5] The Player <xcpc> has slain Chicken at X= -308, Y= 70, Z= 284
[2024-03-28 23:03:24] [world] [17642ce9-92a4-3f8d-8872-8b5a03c49ec5] The Player <xcpc> has slain Chicken at X= -308, Y= 70, Z= 284
[2024-03-28 23:03:25] [world] [17642ce9-92a4-3f8d-8872-8b5a03c49ec5] The Player <xcpc> has slain Chicken at X= -308, Y= 70, Z= 284
[2024-03-28 23:03:25] [world] [17642ce9-92a4-3f8d-8872-8b5a03c49ec5] The Player <xcpc> has slain Chicken at X= -309, Y= 70, Z= 284
[2024-03-28 23:03:25] [world] [17642ce9-92a4-3f8d-8872-8b5a03c49ec5] The Player <xcpc> has slain Chicken at X= -309, Y= 70, Z= 284
[2024-03-28 23:03:26] [world] [17642ce9-92a4-3f8d-8872-8b5a03c49ec5] The Player <xcpc> has slain Chicken at X= -308, Y= 70, Z= 284
[2024-03-28 23:03:26] [world] [17642ce9-92a4-3f8d-8872-8b5a03c49ec5] The Player <xcpc> has slain Chicken at X= -309, Y= 70, Z= 284
[2024-03-28 23:03:26] [world] [17642ce9-92a4-3f8d-8872-8b5a03c49ec5] The Player <xcpc> has slain Chicken at X= -309, Y= 70, Z= 284
[2024-03-28 23:03:27] [world] [17642ce9-92a4-3f8d-8872-8b5a03c49ec5] The Player <xcpc> has slain Chicken at X= -309, Y= 70, Z= 283
[2024-03-28 23:03:28] [world] [17642ce9-92a4-3f8d-8872-8b5a03c49ec5] The Player <xcpc> has slain Chicken at X= -309, Y= 70, Z= 284
[2024-03-28 23:03:28] [world] [17642ce9-92a4-3f8d-8872-8b5a03c49ec5] The Player <xcpc> has slain Chicken at X= -309, Y= 70, Z= 283
[2024-03-28 23:03:28] [world] [17642ce9-92a4-3f8d-8872-8b5a03c49ec5] The Player <xcpc> has slain Chicken at X= -309, Y= 70, Z= 283
[2024-03-28 23:03:29] [world] [17642ce9-92a4-3f8d-8872-8b5a03c49ec5] The Player <xcpc> has slain Chicken at X= -310, Y= 70, Z= 283
[2024-03-28 23:03:29] [world] [17642ce9-92a4-3f8d-8872-8b5a03c49ec5] The Player <xcpc> has slain Chicken at X= -309, Y= 70, Z= 283
[2024-03-28 23:03:30] [world] [17642ce9-92a4-3f8d-8872-8b5a03c49ec5] The Player <xcpc> has slain Chicken at X= -309, Y= 70, Z= 283
[2024-03-28 23:03:30] [world] [17642ce9-92a4-3f8d-8872-8b5a03c49ec5] The Player <xcpc> has slain Chicken at X= -310, Y= 70, Z= 283
[2024-03-28 23:03:31] [world] [17642ce9-92a4-3f8d-8872-8b5a03c49ec5] The Player <xcpc> has slain Chicken at X= -309, Y= 70, Z= 283
[2024-03-28 23:03:31] [world] [17642ce9-92a4-3f8d-8872-8b5a03c49ec5] The Player <xcpc> has slain Chicken at X= -309, Y= 70, Z= 283
[2024-03-28 23:03:32] [world] [17642ce9-92a4-3f8d-8872-8b5a03c49ec5] The Player <xcpc> has slain Chicken at X= -309, Y= 70, Z= 284
[2024-03-28 23:03:32] [world] [17642ce9-92a4-3f8d-8872-8b5a03c49ec5] The Player <xcpc> has slain Chicken at X= -309, Y= 70, Z= 284
[2024-03-28 23:03:32] [world] [17642ce9-92a4-3f8d-8872-8b5a03c49ec5] The Player <xcpc> has slain Chicken at X= -308, Y= 70, Z= 284
[2024-03-28 23:03:33] [world] [17642ce9-92a4-3f8d-8872-8b5a03c49ec5] The Player <xcpc> has slain Chicken at X= -308, Y= 70, Z= 284
[2024-03-28 23:03:33] [world] [17642ce9-92a4-3f8d-8872-8b5a03c49ec5] The Player <xcpc> has slain Chicken at X= -308, Y= 70, Z= 284
[2024-03-28 23:03:34] [world] [17642ce9-92a4-3f8d-8872-8b5a03c49ec5] The Player <xcpc> has slain Chicken at X= -308, Y= 70, Z= 284
[2024-03-28 23:03:34] [world] [17642ce9-92a4-3f8d-8872-8b5a03c49ec5] The Player <xcpc> has slain Chicken at X= -308, Y= 70, Z= 283
[2024-03-28 23:03:34] [world] [17642ce9-92a4-3f8d-8872-8b5a03c49ec5] The Player <xcpc> has slain Chicken at X= -308, Y= 70, Z= 283
[2024-03-28 23:03:35] [world] [17642ce9-92a4-3f8d-8872-8b5a03c49ec5] The Player <xcpc> has slain Chicken at X= -308, Y= 70, Z= 283
[2024-03-28 23:03:36] [world] [17642ce9-92a4-3f8d-8872-8b5a03c49ec5] The Player <xcpc> has slain Chicken at X= -308, Y= 70, Z= 282
[2024-03-28 23:03:36] [world] [17642ce9-92a4-3f8d-8872-8b5a03c49ec5] The Player <xcpc> has slain Chicken at X= -308, Y= 70, Z= 283
[2024-03-28 23:03:36] [world] [17642ce9-92a4-3f8d-8872-8b5a03c49ec5] The Player <xcpc> has slain Chicken at X= -308, Y= 70, Z= 283
[2024-03-28 23:03:37] [world] [17642ce9-92a4-3f8d-8872-8b5a03c49ec5] The Player <xcpc> has slain Chicken at X= -308, Y= 70, Z= 284
[2024-03-28 23:03:38] [world] [17642ce9-92a4-3f8d-8872-8b5a03c49ec5] The Player <xcpc> has slain Chicken at X= -309, Y= 70, Z= 283
[2024-03-28 23:03:38] [world] [17642ce9-92a4-3f8d-8872-8b5a03c49ec5] The Player <xcpc> has slain Chicken at X= -310, Y= 70, Z= 282
[2024-03-28 23:03:38] [world] [17642ce9-92a4-3f8d-8872-8b5a03c49ec5] The Player <xcpc> has slain Chicken at X= -310, Y= 70, Z= 283
[2024-03-28 23:03:38] [world] [17642ce9-92a4-3f8d-8872-8b5a03c49ec5] The Player <xcpc> has slain Chicken at X= -309, Y= 70, Z= 283
[2024-03-28 23:03:39] [world] [17642ce9-92a4-3f8d-8872-8b5a03c49ec5] The Player <xcpc> has slain Chicken at X= -309, Y= 70, Z= 284
[2024-03-28 23:03:39] [world] [17642ce9-92a4-3f8d-8872-8b5a03c49ec5] The Player <xcpc> has slain Chicken at X= -310, Y= 70, Z= 284
[2024-03-28 23:03:39] [world] [17642ce9-92a4-3f8d-8872-8b5a03c49ec5] The Player <xcpc> has slain Chicken at X= -308, Y= 70, Z= 285
[2024-03-28 23:03:40] [world] [17642ce9-92a4-3f8d-8872-8b5a03c49ec5] The Player <xcpc> has slain Chicken at X= -309, Y= 70, Z= 284
[2024-03-28 23:03:40] [world] [17642ce9-92a4-3f8d-8872-8b5a03c49ec5] The Player <xcpc> has slain Chicken at X= -310, Y= 70, Z= 284
[2024-03-28 23:03:41] [world] [17642ce9-92a4-3f8d-8872-8b5a03c49ec5] The Player <xcpc> has slain Chicken at X= -309, Y= 70, Z= 284
[2024-03-28 23:03:41] [world] [17642ce9-92a4-3f8d-8872-8b5a03c49ec5] The Player <xcpc> has slain Chicken at X= -309, Y= 70, Z= 284
[2024-03-28 23:03:41] [world] [17642ce9-92a4-3f8d-8872-8b5a03c49ec5] The Player <xcpc> has slain Chicken at X= -308, Y= 70, Z= 284
[2024-03-28 23:03:41] [world] [17642ce9-92a4-3f8d-8872-8b5a03c49ec5] The Player <xcpc> has slain Chicken at X= -308, Y= 70, Z= 284
[2024-03-28 23:03:42] [world] [17642ce9-92a4-3f8d-8872-8b5a03c49ec5] The Player <xcpc> has slain Chicken at X= -308, Y= 70, Z= 285
[2024-03-28 23:03:43] [world] [17642ce9-92a4-3f8d-8872-8b5a03c49ec5] The Player <xcpc> has slain Chicken at X= -308, Y= 70, Z= 284
[2024-03-28 23:03:43] [world] [17642ce9-92a4-3f8d-8872-8b5a03c49ec5] The Player <xcpc> has slain Chicken at X= -308, Y= 70, Z= 284
[2024-03-28 23:03:43] [world] [17642ce9-92a4-3f8d-8872-8b5a03c49ec5] The Player <xcpc> has slain Chicken at X= -308, Y= 70, Z= 284
[2024-03-28 23:03:47] [world] [17642ce9-92a4-3f8d-8872-8b5a03c49ec5] The Player <xcpc> has slain Chicken at X= -308, Y= 70, Z= 283
[2024-03-28 23:03:47] [world] [17642ce9-92a4-3f8d-8872-8b5a03c49ec5] The Player <xcpc> has slain Chicken at X= -309, Y= 70, Z= 283
[2024-03-28 23:03:48] [world] [17642ce9-92a4-3f8d-8872-8b5a03c49ec5] The Player <xcpc> has slain Chicken at X= -309, Y= 70, Z= 282
[2024-03-28 23:03:48] [world] [17642ce9-92a4-3f8d-8872-8b5a03c49ec5] The Player <xcpc> has slain Chicken at X= -308, Y= 70, Z= 283
[2024-03-28 23:03:48] [world] [17642ce9-92a4-3f8d-8872-8b5a03c49ec5] The Player <xcpc> has slain Chicken at X= -309, Y= 70, Z= 284
[2024-03-28 23:03:49] [world] [17642ce9-92a4-3f8d-8872-8b5a03c49ec5] The Player <xcpc> has slain Chicken at X= -309, Y= 70, Z= 283
[2024-03-28 23:03:49] [world] [17642ce9-92a4-3f8d-8872-8b5a03c49ec5] The Player <xcpc> has slain Chicken at X= -309, Y= 70, Z= 283
[2024-03-28 23:03:50] [world] [17642ce9-92a4-3f8d-8872-8b5a03c49ec5] The Player <xcpc> has slain Chicken at X= -310, Y= 70, Z= 283
[2024-03-28 23:03:50] [world] [17642ce9-92a4-3f8d-8872-8b5a03c49ec5] The Player <xcpc> has slain Chicken at X= -308, Y= 70, Z= 282
[2024-03-28 23:03:51] [world] [17642ce9-92a4-3f8d-8872-8b5a03c49ec5] The Player <xcpc> has slain Chicken at X= -309, Y= 70, Z= 283
[2024-03-28 23:03:51] [world] [17642ce9-92a4-3f8d-8872-8b5a03c49ec5] The Player <xcpc> has slain Chicken at X= -309, Y= 70, Z= 283
[2024-03-28 23:03:51] [world] [17642ce9-92a4-3f8d-8872-8b5a03c49ec5] The Player <xcpc> has slain Chicken at X= -310, Y= 70, Z= 283
[2024-03-28 23:03:52] [world] [17642ce9-92a4-3f8d-8872-8b5a03c49ec5] The Player <xcpc> has slain Chicken at X= -310, Y= 70, Z= 284
[2024-03-28 23:03:53] [world] [17642ce9-92a4-3f8d-8872-8b5a03c49ec5] The Player <xcpc> has slain Chicken at X= -310, Y= 70, Z= 284
[2024-03-28 23:03:53] [world] [17642ce9-92a4-3f8d-8872-8b5a03c49ec5] The Player <xcpc> has slain Chicken at X= -310, Y= 70, Z= 284
[2024-03-28 23:03:54] [world] [17642ce9-92a4-3f8d-8872-8b5a03c49ec5] The Player <xcpc> has slain Chicken at X= -310, Y= 70, Z= 284
[2024-03-28 23:04:32] [world] [17642ce9-92a4-3f8d-8872-8b5a03c49ec5] The Player <xcpc> has slain Chicken at X= -309, Y= 70, Z= 283
[2024-03-28 23:04:33] [world] [17642ce9-92a4-3f8d-8872-8b5a03c49ec5] The Player <xcpc> has slain Chicken at X= -309, Y= 70, Z= 284
[2024-03-28 23:04:33] [world] [17642ce9-92a4-3f8d-8872-8b5a03c49ec5] The Player <xcpc> has slain Chicken at X= -310, Y= 70, Z= 283
[2024-03-28 23:04:33] [world] [17642ce9-92a4-3f8d-8872-8b5a03c49ec5] The Player <xcpc> has slain Chicken at X= -309, Y= 70, Z= 284
[2024-03-28 23:04:34] [world] [17642ce9-92a4-3f8d-8872-8b5a03c49ec5] The Player <xcpc> has slain Chicken at X= -308, Y= 70, Z= 284
[2024-03-28 23:04:34] [world] [17642ce9-92a4-3f8d-8872-8b5a03c49ec5] The Player <xcpc> has slain Chicken at X= -308, Y= 70, Z= 284
[2024-03-28 23:04:49] [world] [17642ce9-92a4-3f8d-8872-8b5a03c49ec5] The Player <xcpc> has slain Chicken at X= -310, Y= 70, Z= 285
[2024-03-28 23:04:49] [world] [17642ce9-92a4-3f8d-8872-8b5a03c49ec5] The Player <xcpc> has slain Chicken at X= -310, Y= 70, Z= 284
[2024-03-28 23:04:50] [world] [17642ce9-92a4-3f8d-8872-8b5a03c49ec5] The Player <xcpc> has slain Chicken at X= -310, Y= 70, Z= 284
[2024-03-28 23:04:50] [world] [17642ce9-92a4-3f8d-8872-8b5a03c49ec5] The Player <xcpc> has slain Chicken at X= -311, Y= 70, Z= 284
[2024-03-28 23:04:51] [world] [17642ce9-92a4-3f8d-8872-8b5a03c49ec5] The Player <xcpc> has slain Chicken at X= -311, Y= 70, Z= 284
[2024-03-28 23:04:51] [world] [17642ce9-92a4-3f8d-8872-8b5a03c49ec5] The Player <xcpc> has slain Chicken at X= -312, Y= 70, Z= 284
[2024-03-28 23:04:51] [world] [17642ce9-92a4-3f8d-8872-8b5a03c49ec5] The Player <xcpc> has slain Chicken at X= -312, Y= 70, Z= 284
[2024-03-28 23:04:52] [world] [17642ce9-92a4-3f8d-8872-8b5a03c49ec5] The Player <xcpc> has slain Chicken at X= -311, Y= 70, Z= 284
[2024-03-28 23:04:52] [world] [17642ce9-92a4-3f8d-8872-8b5a03c49ec5] The Player <xcpc> has slain Chicken at X= -310, Y= 70, Z= 283
[2024-03-28 23:04:53] [world] [17642ce9-92a4-3f8d-8872-8b5a03c49ec5] The Player <xcpc> has slain Chicken at X= -309, Y= 70, Z= 283
[2024-03-28 23:04:53] [world] [17642ce9-92a4-3f8d-8872-8b5a03c49ec5] The Player <xcpc> has slain Chicken at X= -309, Y= 70, Z= 284
[2024-03-28 23:04:54] [world] [17642ce9-92a4-3f8d-8872-8b5a03c49ec5] The Player <xcpc> has slain Chicken at X= -309, Y= 70, Z= 284
[2024-03-28 23:04:54] [world] [17642ce9-92a4-3f8d-8872-8b5a03c49ec5] The Player <xcpc> has slain Chicken at X= -309, Y= 70, Z= 285
[2024-03-28 23:04:54] [world] [17642ce9-92a4-3f8d-8872-8b5a03c49ec5] The Player <xcpc> has slain Chicken at X= -308, Y= 70, Z= 284
[2024-03-28 23:04:55] [world] [17642ce9-92a4-3f8d-8872-8b5a03c49ec5] The Player <xcpc> has slain Chicken at X= -308, Y= 70, Z= 284
[2024-03-28 23:04:55] [world] [17642ce9-92a4-3f8d-8872-8b5a03c49ec5] The Player <xcpc> has slain Chicken at X= -308, Y= 70, Z= 284
[2024-03-28 23:04:55] [world] [17642ce9-92a4-3f8d-8872-8b5a03c49ec5] The Player <xcpc> has slain Chicken at X= -307, Y= 70, Z= 283
[2024-03-28 23:04:56] [world] [17642ce9-92a4-3f8d-8872-8b5a03c49ec5] The Player <xcpc> has slain Chicken at X= -308, Y= 70, Z= 283
[2024-03-28 23:04:57] [world] [17642ce9-92a4-3f8d-8872-8b5a03c49ec5] The Player <xcpc> has slain Chicken at X= -308, Y= 70, Z= 283
[2024-03-28 23:04:57] [world] [17642ce9-92a4-3f8d-8872-8b5a03c49ec5] The Player <xcpc> has slain Chicken at X= -307, Y= 70, Z= 282
[2024-03-28 23:04:57] [world] [17642ce9-92a4-3f8d-8872-8b5a03c49ec5] The Player <xcpc> has slain Chicken at X= -307, Y= 70, Z= 282
[2024-03-28 23:04:58] [world] [17642ce9-92a4-3f8d-8872-8b5a03c49ec5] The Player <xcpc> has slain Chicken at X= -308, Y= 70, Z= 282
[2024-03-28 23:04:59] [world] [17642ce9-92a4-3f8d-8872-8b5a03c49ec5] The Player <xcpc> has slain Chicken at X= -307, Y= 70, Z= 282
[2024-03-28 23:04:59] [world] [17642ce9-92a4-3f8d-8872-8b5a03c49ec5] The Player <xcpc> has slain Chicken at X= -309, Y= 70, Z= 283
[2024-03-28 23:05:00] [world] [17642ce9-92a4-3f8d-8872-8b5a03c49ec5] The Player <xcpc> has slain Chicken at X= -309, Y= 70, Z= 283
[2024-03-28 23:05:01] [world] [17642ce9-92a4-3f8d-8872-8b5a03c49ec5] The Player <xcpc> has slain Chicken at X= -310, Y= 70, Z= 282
[2024-03-28 23:05:01] [world] [17642ce9-92a4-3f8d-8872-8b5a03c49ec5] The Player <xcpc> has slain Chicken at X= -310, Y= 70, Z= 282
[2024-03-28 23:05:02] [world] [17642ce9-92a4-3f8d-8872-8b5a03c49ec5] The Player <xcpc> has slain Chicken at X= -309, Y= 70, Z= 282
[2024-03-28 23:05:02] [world] [17642ce9-92a4-3f8d-8872-8b5a03c49ec5] The Player <xcpc> has slain Chicken at X= -310, Y= 70, Z= 282
[2024-03-28 23:05:03] [world] [17642ce9-92a4-3f8d-8872-8b5a03c49ec5] The Player <xcpc> has slain Chicken at X= -310, Y= 70, Z= 282
[2024-03-28 23:05:03] [world] [17642ce9-92a4-3f8d-8872-8b5a03c49ec5] The Player <xcpc> has slain Chicken at X= -311, Y= 70, Z= 282
[2024-03-28 23:05:03] [world] [17642ce9-92a4-3f8d-8872-8b5a03c49ec5] The Player <xcpc> has slain Chicken at X= -310, Y= 70, Z= 284
[2024-03-28 23:05:04] [world] [17642ce9-92a4-3f8d-8872-8b5a03c49ec5] The Player <xcpc> has slain Chicken at X= -310, Y= 70, Z= 284
[2024-03-28 23:05:05] [world] [17642ce9-92a4-3f8d-8872-8b5a03c49ec5] The Player <xcpc> has slain Chicken at X= -311, Y= 70, Z= 285
[2024-03-28 23:05:05] [world] [17642ce9-92a4-3f8d-8872-8b5a03c49ec5] The Player <xcpc> has slain Chicken at X= -310, Y= 70, Z= 283
[2024-03-28 23:05:06] [world] [17642ce9-92a4-3f8d-8872-8b5a03c49ec5] The Player <xcpc> has slain Chicken at X= -311, Y= 70, Z= 284
[2024-03-28 23:05:06] [world] [17642ce9-92a4-3f8d-8872-8b5a03c49ec5] The Player <xcpc> has slain Chicken at X= -312, Y= 70, Z= 284
[2024-03-28 23:05:06] [world] [17642ce9-92a4-3f8d-8872-8b5a03c49ec5] The Player <xcpc> has slain Chicken at X= -312, Y= 70, Z= 283
[2024-03-28 23:05:06] [world] [17642ce9-92a4-3f8d-8872-8b5a03c49ec5] The Player <xcpc> has slain Chicken at X= -311, Y= 70, Z= 283
[2024-03-28 23:05:07] [world] [17642ce9-92a4-3f8d-8872-8b5a03c49ec5] The Player <xcpc> has slain Chicken at X= -312, Y= 70, Z= 283
[2024-03-28 23:05:08] [world] [17642ce9-92a4-3f8d-8872-8b5a03c49ec5] The Player <xcpc> has slain Chicken at X= -311, Y= 70, Z= 282
[2024-03-28 23:05:08] [world] [17642ce9-92a4-3f8d-8872-8b5a03c49ec5] The Player <xcpc> has slain Chicken at X= -312, Y= 70, Z= 282
[2024-03-28 23:05:09] [world] [17642ce9-92a4-3f8d-8872-8b5a03c49ec5] The Player <xcpc> has slain Chicken at X= -312, Y= 70, Z= 282
[2024-03-28 23:05:11] [world] [17642ce9-92a4-3f8d-8872-8b5a03c49ec5] The Player <xcpc> has slain Chicken at X= -309, Y= 70, Z= 284
[2024-03-28 23:05:12] [world] [17642ce9-92a4-3f8d-8872-8b5a03c49ec5] The Player <xcpc> has slain Chicken at X= -308, Y= 70, Z= 283
[2024-03-28 23:05:12] [world] [17642ce9-92a4-3f8d-8872-8b5a03c49ec5] The Player <xcpc> has slain Chicken at X= -308, Y= 70, Z= 284
[2024-03-28 23:05:18] [world] [17642ce9-92a4-3f8d-8872-8b5a03c49ec5] The Player <xcpc> has slain Chicken at X= -306, Y= 70, Z= 284
[2024-03-28 23:05:18] [world] [17642ce9-92a4-3f8d-8872-8b5a03c49ec5] The Player <xcpc> has slain Chicken at X= -307, Y= 70, Z= 284
[2024-03-28 23:05:19] [world] [17642ce9-92a4-3f8d-8872-8b5a03c49ec5] The Player <xcpc> has slain Chicken at X= -306, Y= 70, Z= 283
[2024-03-28 23:05:19] [world] [17642ce9-92a4-3f8d-8872-8b5a03c49ec5] The Player <xcpc> has slain Chicken at X= -307, Y= 70, Z= 283
[2024-03-28 23:05:21] [world] [17642ce9-92a4-3f8d-8872-8b5a03c49ec5] The Player <xcpc> has slain Chicken at X= -306, Y= 70, Z= 282
[2024-03-28 23:05:21] [world] [17642ce9-92a4-3f8d-8872-8b5a03c49ec5] The Player <xcpc> has slain Chicken at X= -306, Y= 70, Z= 282
[2024-03-28 23:05:22] [world] [17642ce9-92a4-3f8d-8872-8b5a03c49ec5] The Player <xcpc> has slain Chicken at X= -306, Y= 70, Z= 283
[2024-03-28 23:05:24] [world] [17642ce9-92a4-3f8d-8872-8b5a03c49ec5] The Player <xcpc> has slain Chicken at X= -306, Y= 70, Z= 283
[2024-03-28 23:05:25] [world] [17642ce9-92a4-3f8d-8872-8b5a03c49ec5] The Player <xcpc> has slain Chicken at X= -306, Y= 70, Z= 284
[2024-03-28 23:05:26] [world] [17642ce9-92a4-3f8d-8872-8b5a03c49ec5] The Player <xcpc> has slain Chicken at X= -306, Y= 70, Z= 284
[2024-03-28 23:05:28] [world] [17642ce9-92a4-3f8d-8872-8b5a03c49ec5] The Player <xcpc> has slain Chicken at X= -306, Y= 70, Z= 285
[2024-03-28 23:05:28] [world] [17642ce9-92a4-3f8d-8872-8b5a03c49ec5] The Player <xcpc> has slain Chicken at X= -307, Y= 70, Z= 284
[2024-03-28 23:05:29] [world] [17642ce9-92a4-3f8d-8872-8b5a03c49ec5] The Player <xcpc> has slain Chicken at X= -307, Y= 70, Z= 285
[2024-03-28 23:05:30] [world] [17642ce9-92a4-3f8d-8872-8b5a03c49ec5] The Player <xcpc> has slain Chicken at X= -308, Y= 70, Z= 285
[2024-03-28 23:05:32] [world] [17642ce9-92a4-3f8d-8872-8b5a03c49ec5] The Player <xcpc> has slain Chicken at X= -307, Y= 70, Z= 286
[2024-03-28 23:05:33] [world] [17642ce9-92a4-3f8d-8872-8b5a03c49ec5] The Player <xcpc> has slain Chicken at X= -307, Y= 70, Z= 286
[2024-03-28 23:05:33] [world] [17642ce9-92a4-3f8d-8872-8b5a03c49ec5] The Player <xcpc> has slain Chicken at X= -307, Y= 70, Z= 286
[2024-03-28 23:05:35] [world] [17642ce9-92a4-3f8d-8872-8b5a03c49ec5] The Player <xcpc> has slain Chicken at X= -308, Y= 70, Z= 286
[2024-03-28 23:05:36] [world] [17642ce9-92a4-3f8d-8872-8b5a03c49ec5] The Player <xcpc> has slain Chicken at X= -309, Y= 70, Z= 286
[2024-03-28 23:05:37] [world] [17642ce9-92a4-3f8d-8872-8b5a03c49ec5] The Player <xcpc> has slain Chicken at X= -308, Y= 70, Z= 286
[2024-03-28 23:05:39] [world] [17642ce9-92a4-3f8d-8872-8b5a03c49ec5] The Player <xcpc> has slain Chicken at X= -309, Y= 70, Z= 286
[2024-03-28 23:05:39] [world] [17642ce9-92a4-3f8d-8872-8b5a03c49ec5] The Player <xcpc> has slain Chicken at X= -309, Y= 70, Z= 286
[2024-03-28 23:05:40] [world] [17642ce9-92a4-3f8d-8872-8b5a03c49ec5] The Player <xcpc> has slain Chicken at X= -310, Y= 70, Z= 286
[2024-03-28 23:05:41] [world] [17642ce9-92a4-3f8d-8872-8b5a03c49ec5] The Player <xcpc> has slain Chicken at X= -310, Y= 70, Z= 286
[2024-03-28 23:05:42] [world] [17642ce9-92a4-3f8d-8872-8b5a03c49ec5] The Player <xcpc> has slain Chicken at X= -311, Y= 70, Z= 286
[2024-03-28 23:05:42] [world] [17642ce9-92a4-3f8d-8872-8b5a03c49ec5] The Player <xcpc> has slain Chicken at X= -311, Y= 70, Z= 286
[2024-03-28 23:05:45] [world] [17642ce9-92a4-3f8d-8872-8b5a03c49ec5] The Player <xcpc> has slain Chicken at X= -312, Y= 70, Z= 285
[2024-03-28 23:05:46] [world] [17642ce9-92a4-3f8d-8872-8b5a03c49ec5] The Player <xcpc> has slain Chicken at X= -311, Y= 70, Z= 284
[2024-03-28 23:05:48] [world] [17642ce9-92a4-3f8d-8872-8b5a03c49ec5] The Player <xcpc> has slain Chicken at X= -311, Y= 70, Z= 282
[2024-03-28 23:05:50] [world] [17642ce9-92a4-3f8d-8872-8b5a03c49ec5] The Player <xcpc> has slain Chicken at X= -312, Y= 70, Z= 284
[2024-03-28 23:06:21] [world] [17642ce9-92a4-3f8d-8872-8b5a03c49ec5] The Player <xcpc> has slain Chicken at X= -306, Y= 70, Z= 285
[2024-03-28 23:06:30] [world] [17642ce9-92a4-3f8d-8872-8b5a03c49ec5] The Player <xcpc> has slain Chicken at X= -310, Y= 70, Z= 285
[2024-03-28 23:06:33] [world] [17642ce9-92a4-3f8d-8872-8b5a03c49ec5] The Player <xcpc> has slain Chicken at X= -311, Y= 70, Z= 283
[2024-03-28 23:06:34] [world] [17642ce9-92a4-3f8d-8872-8b5a03c49ec5] The Player <xcpc> has slain Chicken at X= -311, Y= 70, Z= 282
[2024-03-28 23:06:41] [world] [0a5b6dd8-f370-39c9-b3a0-78aee983ac06] The Player <BTC> has slain Skeleton at X= -925, Y= 29, Z= 486
[2024-03-28 23:07:03] [world] [0a5b6dd8-f370-39c9-b3a0-78aee983ac06] The Player <BTC> has slain Zombie at X= -936, Y= 23, Z= 480
[2024-03-28 23:07:16] [world] [17642ce9-92a4-3f8d-8872-8b5a03c49ec5] The Player <xcpc> has slain Chicken at X= -307, Y= 70, Z= 282
[2024-03-28 23:08:43] [world] [17642ce9-92a4-3f8d-8872-8b5a03c49ec5] The Player <xcpc> has slain Guardian at X= -260, Y= 60, Z= 286
[2024-03-28 23:15:36] [world] [0a5b6dd8-f370-39c9-b3a0-78aee983ac06] The Player <BTC> has slain Creeper at X= -894, Y= 70, Z= 761
[2024-03-28 23:15:57] [world] [0a5b6dd8-f370-39c9-b3a0-78aee983ac06] The Player <BTC> has slain Spider at X= -901, Y= 67, Z= 799
[2024-03-28 23:18:45] [world] [0a5b6dd8-f370-39c9-b3a0-78aee983ac06] The Player <BTC> has slain Witch at X= -830, Y= 64, Z= 874
[2024-03-28 23:18:48] [world] [0a5b6dd8-f370-39c9-b3a0-78aee983ac06] The Player <BTC> has slain Witch at X= -832, Y= 63, Z= 881
[2024-03-28 23:21:14] [world] [0a5b6dd8-f370-39c9-b3a0-78aee983ac06] The Player <BTC> has slain Spider at X= -1111, Y= 69, Z= 1237
[2024-03-28 23:21:20] [world] [0a5b6dd8-f370-39c9-b3a0-78aee983ac06] The Player <BTC> has slain Skeleton at X= -1090, Y= 69, Z= 1230
[2024-03-28 23:21:54] [world] [0a5b6dd8-f370-39c9-b3a0-78aee983ac06] The Player <BTC> has slain Creeper at X= -1129, Y= 64, Z= 1348
[2024-03-28 23:22:14] [world] [0a5b6dd8-f370-39c9-b3a0-78aee983ac06] The Player <BTC> has slain Chicken at X= -1153, Y= 67, Z= 1398
[2024-03-28 23:22:15] [world] [0a5b6dd8-f370-39c9-b3a0-78aee983ac06] The Player <BTC> has slain Chicken at X= -1152, Y= 67, Z= 1398
[2024-03-28 23:22:16] [world] [0a5b6dd8-f370-39c9-b3a0-78aee983ac06] The Player <BTC> has slain Chicken at X= -1152, Y= 67, Z= 1397
[2024-03-28 23:22:18] [world] [0a5b6dd8-f370-39c9-b3a0-78aee983ac06] The Player <BTC> has slain Chicken at X= -1153, Y= 67, Z= 1394
[2024-03-28 23:22:21] [world] [0a5b6dd8-f370-39c9-b3a0-78aee983ac06] The Player <BTC> has slain Chicken at X= -1151, Y= 66, Z= 1400
[2024-03-28 23:22:24] [world] [0a5b6dd8-f370-39c9-b3a0-78aee983ac06] The Player <BTC> has slain Chicken at X= -1146, Y= 64, Z= 1399
[2024-03-28 23:22:34] [world] [17642ce9-92a4-3f8d-8872-8b5a03c49ec5] The Player <xcpc> has slain Chicken at X= -306, Y= 64, Z= 273
[2024-03-28 23:22:36] [world] [17642ce9-92a4-3f8d-8872-8b5a03c49ec5] The Player <xcpc> has slain Chicken at X= -306, Y= 64, Z= 279
[2024-03-28 23:22:39] [world] [17642ce9-92a4-3f8d-8872-8b5a03c49ec5] The Player <xcpc> has slain Chicken at X= -314, Y= 64, Z= 278
[2024-03-28 23:22:40] [world] [17642ce9-92a4-3f8d-8872-8b5a03c49ec5] The Player <xcpc> has slain Chicken at X= -314, Y= 64, Z= 274
[2024-03-28 23:22:57] [world] [0a5b6dd8-f370-39c9-b3a0-78aee983ac06] The Player <BTC> has slain Zombie at X= -1082, Y= 62, Z= 1416
[2024-03-28 23:22:57] [world] [0a5b6dd8-f370-39c9-b3a0-78aee983ac06] The Player <BTC> has slain Zombie at X= -1085, Y= 64, Z= 1416
[2024-03-28 23:23:06] [world] [0a5b6dd8-f370-39c9-b3a0-78aee983ac06] The Player <BTC> has slain Skeleton at X= -1081, Y= 68, Z= 1392
[2024-03-28 23:23:19] [world] [0a5b6dd8-f370-39c9-b3a0-78aee983ac06] The Player <BTC> has slain Cow at X= -1056, Y= 63, Z= 1395
[2024-03-28 23:23:21] [world] [0a5b6dd8-f370-39c9-b3a0-78aee983ac06] The Player <BTC> has slain Cow at X= -1059, Y= 63, Z= 1397
[2024-03-28 23:23:48] [world] [0a5b6dd8-f370-39c9-b3a0-78aee983ac06] The Player <BTC> has slain Pig at X= -1056, Y= 63, Z= 1372
[2024-03-28 23:23:59] [world] [0a5b6dd8-f370-39c9-b3a0-78aee983ac06] The Player <BTC> has slain Chicken at X= -1066, Y= 65, Z= 1348
[2024-03-28 23:24:15] [world] [0a5b6dd8-f370-39c9-b3a0-78aee983ac06] The Player <BTC> has slain Chicken at X= -1064, Y= 63, Z= 1340
[2024-03-28 23:24:40] [world] [0a5b6dd8-f370-39c9-b3a0-78aee983ac06] The Player <BTC> has slain Pig at X= -1075, Y= 64, Z= 1304
[2024-03-28 23:24:41] [world] [0a5b6dd8-f370-39c9-b3a0-78aee983ac06] The Player <BTC> has slain Pig at X= -1078, Y= 63, Z= 1298
[2024-03-28 23:24:50] [world] [0a5b6dd8-f370-39c9-b3a0-78aee983ac06] The Player <BTC> has slain Pig at X= -1079, Y= 64, Z= 1302
[2024-03-28 23:27:54] [world] [0a5b6dd8-f370-39c9-b3a0-78aee983ac06] The Player <BTC> has slain Cow at X= -1029, Y= 69, Z= 741
[2024-03-28 23:28:03] [world] [0a5b6dd8-f370-39c9-b3a0-78aee983ac06] The Player <BTC> has slain Cow at X= -1037, Y= 66, Z= 770
[2024-03-28 23:28:12] [world] [0a5b6dd8-f370-39c9-b3a0-78aee983ac06] The Player <BTC> has slain Cow at X= -1054, Y= 69, Z= 754
[2024-03-28 23:28:18] [world] [0a5b6dd8-f370-39c9-b3a0-78aee983ac06] The Player <BTC> has slain Cow at X= -1046, Y= 70, Z= 745
[2024-03-29 00:20:28] [world] [0a5b6dd8-f370-39c9-b3a0-78aee983ac06] The Player <BTC> has slain Skeleton at X= -1231, Y= 73, Z= 557
[2024-03-29 00:21:09] [world] [0a5b6dd8-f370-39c9-b3a0-78aee983ac06] The Player <BTC> has slain Chicken at X= -1380, Y= 63, Z= 529
[2024-03-29 00:21:10] [world] [0a5b6dd8-f370-39c9-b3a0-78aee983ac06] The Player <BTC> has slain Chicken at X= -1381, Y= 64, Z= 531
[2024-03-29 00:21:11] [world] [0a5b6dd8-f370-39c9-b3a0-78aee983ac06] The Player <BTC> has slain Chicken at X= -1381, Y= 64, Z= 532
[2024-03-29 00:21:15] [world] [0a5b6dd8-f370-39c9-b3a0-78aee983ac06] The Player <BTC> has slain Sheep at X= -1390, Y= 64, Z= 533
[2024-03-29 00:21:20] [world] [0a5b6dd8-f370-39c9-b3a0-78aee983ac06] The Player <BTC> has slain Sheep at X= -1386, Y= 63, Z= 529
[2024-03-29 00:21:23] [world] [0a5b6dd8-f370-39c9-b3a0-78aee983ac06] The Player <BTC> has slain Sheep at X= -1387, Y= 63, Z= 520
[2024-03-29 00:21:31] [world] [0a5b6dd8-f370-39c9-b3a0-78aee983ac06] The Player <BTC> has slain Chicken at X= -1384, Y= 63, Z= 526
[2024-03-29 00:22:13] [world] [0a5b6dd8-f370-39c9-b3a0-78aee983ac06] The Player <BTC> has slain Zombie at X= -1465, Y= 67, Z= 545
[2024-03-29 00:22:21] [world] [0a5b6dd8-f370-39c9-b3a0-78aee983ac06] The Player <BTC> has slain Spider at X= -1472, Y= 69, Z= 561
[2024-03-29 00:22:30] [world] [0a5b6dd8-f370-39c9-b3a0-78aee983ac06] The Player <BTC> has slain Creeper at X= -1479, Y= 70, Z= 577
[2024-03-29 00:22:45] [world] [0a5b6dd8-f370-39c9-b3a0-78aee983ac06] The Player <BTC> has slain Witch at X= -1507, Y= 72, Z= 557
[2024-03-29 00:22:58] [world] [0a5b6dd8-f370-39c9-b3a0-78aee983ac06] The Player <BTC> has slain Spider at X= -1515, Y= 72, Z= 558
[2024-03-29 00:35:47] [world] [0a5b6dd8-f370-39c9-b3a0-78aee983ac06] The Player <BTC> has slain Spider at X= -3107, Y= 66, Z= 571
[2024-03-29 00:54:27] [world] [e8de36e0-d4b2-315e-8c5d-b2baec5db3bf] The Player <GolemDaWanderer> has slain Skeleton at X= -10259, Y= 52, Z= 4080
[2024-03-29 00:57:21] [world] [0a5b6dd8-f370-39c9-b3a0-78aee983ac06] The Player <BTC> has slain Skeleton at X= -3580, Y= 14, Z= 270
[2024-03-29 00:57:22] [world] [0a5b6dd8-f370-39c9-b3a0-78aee983ac06] The Player <BTC> has slain Skeleton at X= -3580, Y= 14, Z= 270
[2024-03-29 01:08:27] [world] [0a5b6dd8-f370-39c9-b3a0-78aee983ac06] The Player <BTC> has slain Creeper at X= -3444, Y= 13, Z= 193
[2024-03-29 01:08:35] [world] [0a5b6dd8-f370-39c9-b3a0-78aee983ac06] The Player <BTC> has slain Creeper at X= -3443, Y= 13, Z= 169
[2024-03-29 01:10:24] [world] [0a5b6dd8-f370-39c9-b3a0-78aee983ac06] The Player <BTC> has slain Spider at X= -3481, Y= 12, Z= 200
[2024-03-29 01:10:28] [world] [0a5b6dd8-f370-39c9-b3a0-78aee983ac06] The Player <BTC> has slain Spider at X= -3484, Y= 14, Z= 193
[2024-03-29 01:26:30] [world_the_end] [0a5b6dd8-f370-39c9-b3a0-78aee983ac06] The Player <BTC> has slain Chicken at X= 100, Y= 49, Z= -1
[2024-03-29 01:26:31] [world_the_end] [0a5b6dd8-f370-39c9-b3a0-78aee983ac06] The Player <BTC> has slain Chicken at X= 100, Y= 49, Z= 0
[2024-03-29 01:27:06] [world_the_end] [0a5b6dd8-f370-39c9-b3a0-78aee983ac06] The Player <BTC> has slain Enderman at X= 58, Y= 62, Z= 3
[2024-03-29 01:28:42] [world_the_end] [0a5b6dd8-f370-39c9-b3a0-78aee983ac06] The Player <BTC> has slain Enderman at X= -9, Y= 59, Z= -5
[2024-03-29 01:36:05] [world] [0a5b6dd8-f370-39c9-b3a0-78aee983ac06] The Player <BTC> has slain Chicken at X= -558, Y= 67, Z= 322
[2024-03-29 01:36:08] [world] [0a5b6dd8-f370-39c9-b3a0-78aee983ac06] The Player <BTC> has slain Chicken at X= -553, Y= 68, Z= 324
[2024-03-29 01:36:11] [world] [0a5b6dd8-f370-39c9-b3a0-78aee983ac06] The Player <BTC> has slain Chicken at X= -547, Y= 68, Z= 330
[2024-03-29 01:36:24] [world] [0a5b6dd8-f370-39c9-b3a0-78aee983ac06] The Player <BTC> has slain Chicken at X= -588, Y= 68, Z= 328
[2024-03-29 01:36:29] [world] [0a5b6dd8-f370-39c9-b3a0-78aee983ac06] The Player <BTC> has slain Chicken at X= -594, Y= 68, Z= 342
[2024-03-29 01:36:35] [world] [0a5b6dd8-f370-39c9-b3a0-78aee983ac06] The Player <BTC> has slain Chicken at X= -603, Y= 68, Z= 366
[2024-03-29 01:36:50] [world] [0a5b6dd8-f370-39c9-b3a0-78aee983ac06] The Player <BTC> has slain Chicken at X= -647, Y= 71, Z= 363
[2024-03-29 01:36:54] [world] [0a5b6dd8-f370-39c9-b3a0-78aee983ac06] The Player <BTC> has slain Sheep at X= -645, Y= 70, Z= 349
[2024-03-29 01:37:14] [world] [0a5b6dd8-f370-39c9-b3a0-78aee983ac06] The Player <BTC> has slain Chicken at X= -652, Y= 68, Z= 326
[2024-03-29 03:15:26] [world] [e8de36e0-d4b2-315e-8c5d-b2baec5db3bf] The Player <GolemDaWanderer> has slain Enderman at X= -10148, Y= 67, Z= 4032
[2024-03-29 03:35:58] [world] [0a5b6dd8-f370-39c9-b3a0-78aee983ac06] The Player <BTC> has slain Chicken at X= -659, Y= 71, Z= 333
[2024-03-29 03:36:38] [world] [0a5b6dd8-f370-39c9-b3a0-78aee983ac06] The Player <BTC> has slain Sheep at X= -670, Y= 69, Z= 377
[2024-03-29 03:42:43] [world] [e8de36e0-d4b2-315e-8c5d-b2baec5db3bf] The Player <GolemDaWanderer> has slain BTC at X= -3573, Y= 9, Z= 155
[2024-03-29 03:44:42] [world] [0a5b6dd8-f370-39c9-b3a0-78aee983ac06] The Player <BTC> has slain GolemDaWanderer at X= -3573, Y= 9, Z= 152
[2024-03-29 03:50:14] [world] [0a5b6dd8-f370-39c9-b3a0-78aee983ac06] The Player <BTC> has slain Zombie at X= -3561, Y= 36, Z= 179
[2024-03-29 03:50:20] [world] [0a5b6dd8-f370-39c9-b3a0-78aee983ac06] The Player <BTC> has slain Zombie at X= -3561, Y= 36, Z= 177
[2024-03-29 03:51:11] [world] [0a5b6dd8-f370-39c9-b3a0-78aee983ac06] The Player <BTC> has slain Cave Spider at X= -3551, Y= 36, Z= 176
[2024-03-29 03:51:15] [world] [0a5b6dd8-f370-39c9-b3a0-78aee983ac06] The Player <BTC> has slain Cave Spider at X= -3551, Y= 36, Z= 176
[2024-03-29 03:51:24] [world] [0a5b6dd8-f370-39c9-b3a0-78aee983ac06] The Player <BTC> has slain Cave Spider at X= -3551, Y= 36, Z= 173
[2024-03-29 03:56:17] [world] [e8de36e0-d4b2-315e-8c5d-b2baec5db3bf] The Player <GolemDaWanderer> has slain Creeper at X= -512, Y= 63, Z= 319
[2024-03-29 03:59:21] [world] [0a5b6dd8-f370-39c9-b3a0-78aee983ac06] The Player <BTC> has slain Cow at X= -3354, Y= 66, Z= 466
[2024-03-29 03:59:27] [world] [0a5b6dd8-f370-39c9-b3a0-78aee983ac06] The Player <BTC> has slain Cow at X= -3347, Y= 67, Z= 475
[2024-03-29 03:59:33] [world] [0a5b6dd8-f370-39c9-b3a0-78aee983ac06] The Player <BTC> has slain Cow at X= -3335, Y= 67, Z= 469
[2024-03-29 03:59:43] [world] [0a5b6dd8-f370-39c9-b3a0-78aee983ac06] The Player <BTC> has slain Cow at X= -3350, Y= 66, Z= 475
[2024-03-29 03:59:47] [world] [0a5b6dd8-f370-39c9-b3a0-78aee983ac06] The Player <BTC> has slain Rabbit at X= -3350, Y= 66, Z= 470
[2024-03-29 03:59:52] [world] [0a5b6dd8-f370-39c9-b3a0-78aee983ac06] The Player <BTC> has slain Cow at X= -3346, Y= 69, Z= 487
[2024-03-29 04:01:25] [world] [0a5b6dd8-f370-39c9-b3a0-78aee983ac06] The Player <BTC> has slain Cow at X= -3315, Y= 66, Z= 486
[2024-03-29 04:01:26] [world] [0a5b6dd8-f370-39c9-b3a0-78aee983ac06] The Player <BTC> has slain Cow at X= -3321, Y= 66, Z= 495
[2024-03-29 04:01:35] [world] [0a5b6dd8-f370-39c9-b3a0-78aee983ac06] The Player <BTC> has slain Cow at X= -3308, Y= 66, Z= 486
[2024-03-29 04:02:45] [world] [0a5b6dd8-f370-39c9-b3a0-78aee983ac06] The Player <BTC> has slain Cow at X= -3239, Y= 65, Z= 615
[2024-03-29 04:02:48] [world] [0a5b6dd8-f370-39c9-b3a0-78aee983ac06] The Player <BTC> has slain Cow at X= -3242, Y= 66, Z= 622
[2024-03-29 04:02:52] [world] [0a5b6dd8-f370-39c9-b3a0-78aee983ac06] The Player <BTC> has slain Cow at X= -3233, Y= 65, Z= 612
[2024-03-29 04:03:01] [world] [0a5b6dd8-f370-39c9-b3a0-78aee983ac06] The Player <BTC> has slain Cow at X= -3251, Y= 64, Z= 609
[2024-03-29 04:05:04] [world] [0a5b6dd8-f370-39c9-b3a0-78aee983ac06] The Player <BTC> has slain Cow at X= -3221, Y= 77, Z= 664
[2024-03-29 04:05:10] [world] [0a5b6dd8-f370-39c9-b3a0-78aee983ac06] The Player <BTC> has slain Cow at X= -3209, Y= 79, Z= 671
[2024-03-29 04:05:28] [world] [0a5b6dd8-f370-39c9-b3a0-78aee983ac06] The Player <BTC> has slain Wolf at X= -3202, Y= 72, Z= 709
[2024-03-29 04:05:31] [world] [0a5b6dd8-f370-39c9-b3a0-78aee983ac06] The Player <BTC> has slain Wolf at X= -3201, Y= 72, Z= 714
[2024-03-29 04:07:11] [world] [0a5b6dd8-f370-39c9-b3a0-78aee983ac06] The Player <BTC> has slain Sheep at X= -3269, Y= 66, Z= 1035
[2024-03-29 04:07:14] [world] [0a5b6dd8-f370-39c9-b3a0-78aee983ac06] The Player <BTC> has slain Sheep at X= -3266, Y= 66, Z= 1036
[2024-03-29 04:07:17] [world] [0a5b6dd8-f370-39c9-b3a0-78aee983ac06] The Player <BTC> has slain Sheep at X= -3273, Y= 66, Z= 1030
[2024-03-29 04:07:19] [world] [0a5b6dd8-f370-39c9-b3a0-78aee983ac06] The Player <BTC> has slain Sheep at X= -3279, Y= 68, Z= 1027
[2024-03-29 04:07:29] [world] [0a5b6dd8-f370-39c9-b3a0-78aee983ac06] The Player <BTC> has slain Sheep at X= -3277, Y= 64, Z= 1016
[2024-03-29 04:07:53] [world] [0a5b6dd8-f370-39c9-b3a0-78aee983ac06] The Player <BTC> has slain Sheep at X= -3300, Y= 63, Z= 1020
[2024-03-29 04:07:59] [world] [0a5b6dd8-f370-39c9-b3a0-78aee983ac06] The Player <BTC> has slain Sheep at X= -3312, Y= 64, Z= 1018
[2024-03-29 04:08:02] [world] [0a5b6dd8-f370-39c9-b3a0-78aee983ac06] The Player <BTC> has slain Sheep at X= -3313, Y= 64, Z= 1016
[2024-03-29 04:08:08] [world] [0a5b6dd8-f370-39c9-b3a0-78aee983ac06] The Player <BTC> has slain Pig at X= -3318, Y= 71, Z= 1004
[2024-03-29 13:25:30] [world] [e8de36e0-d4b2-315e-8c5d-b2baec5db3bf] The Player <GolemDaWanderer> has slain Horse at X= -10235, Y= 70, Z= 4241
[2024-03-29 13:26:23] [world] [e8de36e0-d4b2-315e-8c5d-b2baec5db3bf] The Player <GolemDaWanderer> has slain Horse at X= -10222, Y= 70, Z= 4230
[2024-03-29 13:27:26] [world] [e8de36e0-d4b2-315e-8c5d-b2baec5db3bf] The Player <GolemDaWanderer> has slain Horse at X= -10246, Y= 71, Z= 4247
[2024-03-29 13:28:07] [world] [e8de36e0-d4b2-315e-8c5d-b2baec5db3bf] The Player <GolemDaWanderer> has slain Horse at X= -10267, Y= 72, Z= 4252
[2024-03-29 15:04:17] [world] [f7bb36ab-e336-3c4d-9238-e9504956be33] The Player <NezukoChan> has slain Zombie at X= -10170, Y= 63, Z= 4114
[2024-03-29 16:07:26] [world] [e8de36e0-d4b2-315e-8c5d-b2baec5db3bf] The Player <GolemDaWanderer> has slain Cow at X= -10251, Y= 65, Z= 4088
[2024-03-29 16:08:28] [world] [e8de36e0-d4b2-315e-8c5d-b2baec5db3bf] The Player <GolemDaWanderer> has slain Sheep at X= -10156, Y= 62, Z= 4165
[2024-03-29 16:08:54] [world] [e8de36e0-d4b2-315e-8c5d-b2baec5db3bf] The Player <GolemDaWanderer> has slain Cow at X= -10132, Y= 68, Z= 4131
[2024-03-29 16:09:03] [world] [e8de36e0-d4b2-315e-8c5d-b2baec5db3bf] The Player <GolemDaWanderer> has slain Pig at X= -10113, Y= 66, Z= 4124
[2024-03-29 16:09:06] [world] [e8de36e0-d4b2-315e-8c5d-b2baec5db3bf] The Player <GolemDaWanderer> has slain Sheep at X= -10114, Y= 65, Z= 4129
[2024-03-29 16:09:16] [world] [e8de36e0-d4b2-315e-8c5d-b2baec5db3bf] The Player <GolemDaWanderer> has slain Pig at X= -10116, Y= 66, Z= 4120
[2024-03-29 16:09:18] [world] [e8de36e0-d4b2-315e-8c5d-b2baec5db3bf] The Player <GolemDaWanderer> has slain Pig at X= -10112, Y= 64, Z= 4115
[2024-03-29 16:09:43] [world] [e8de36e0-d4b2-315e-8c5d-b2baec5db3bf] The Player <GolemDaWanderer> has slain Skeleton at X= -10030, Y= 66, Z= 4114
[2024-03-29 16:09:46] [world] [e8de36e0-d4b2-315e-8c5d-b2baec5db3bf] The Player <GolemDaWanderer> has slain Rabbit at X= -10026, Y= 67, Z= 4117
[2024-03-29 16:09:56] [world] [e8de36e0-d4b2-315e-8c5d-b2baec5db3bf] The Player <GolemDaWanderer> has slain Zombie at X= -10034, Y= 63, Z= 4137
[2024-03-29 16:10:00] [world] [e8de36e0-d4b2-315e-8c5d-b2baec5db3bf] The Player <GolemDaWanderer> has slain Pig at X= -10043, Y= 67, Z= 4130
[2024-03-29 16:10:05] [world] [e8de36e0-d4b2-315e-8c5d-b2baec5db3bf] The Player <GolemDaWanderer> has slain Spider at X= -10045, Y= 67, Z= 4127
[2024-03-29 16:11:10] [world] [e8de36e0-d4b2-315e-8c5d-b2baec5db3bf] The Player <GolemDaWanderer> has slain Cow at X= -9878, Y= 71, Z= 4228
[2024-03-29 16:11:13] [world] [e8de36e0-d4b2-315e-8c5d-b2baec5db3bf] The Player <GolemDaWanderer> has slain Cow at X= -9875, Y= 69, Z= 4226
[2024-03-29 16:11:18] [world] [e8de36e0-d4b2-315e-8c5d-b2baec5db3bf] The Player <GolemDaWanderer> has slain Cow at X= -9877, Y= 71, Z= 4230
[2024-03-29 16:12:04] [world] [e8de36e0-d4b2-315e-8c5d-b2baec5db3bf] The Player <GolemDaWanderer> has slain Pig at X= -9947, Y= 67, Z= 4156
[2024-03-29 16:12:52] [world] [e8de36e0-d4b2-315e-8c5d-b2baec5db3bf] The Player <GolemDaWanderer> has slain Spider at X= -10077, Y= 64, Z= 4148
[2024-03-29 16:12:54] [world] [e8de36e0-d4b2-315e-8c5d-b2baec5db3bf] The Player <GolemDaWanderer> has slain Spider at X= -10072, Y= 64, Z= 4155
[2024-03-29 16:12:55] [world] [e8de36e0-d4b2-315e-8c5d-b2baec5db3bf] The Player <GolemDaWanderer> has slain Skeleton at X= -10072, Y= 64, Z= 4156
[2024-03-29 16:12:56] [world] [e8de36e0-d4b2-315e-8c5d-b2baec5db3bf] The Player <GolemDaWanderer> has slain Spider at X= -10070, Y= 64, Z= 4156
[2024-03-29 16:12:59] [world] [e8de36e0-d4b2-315e-8c5d-b2baec5db3bf] The Player <GolemDaWanderer> has slain Zombie at X= -10078, Y= 66, Z= 4167
[2024-03-29 16:13:05] [world] [e8de36e0-d4b2-315e-8c5d-b2baec5db3bf] The Player <GolemDaWanderer> has slain Zombie at X= -10077, Y= 67, Z= 4185
[2024-03-29 16:15:16] [world] [e8de36e0-d4b2-315e-8c5d-b2baec5db3bf] The Player <GolemDaWanderer> has slain Cow at X= -10071, Y= 64, Z= 4428
[2024-03-29 16:15:17] [world] [e8de36e0-d4b2-315e-8c5d-b2baec5db3bf] The Player <GolemDaWanderer> has slain Cow at X= -10072, Y= 64, Z= 4427
[2024-03-29 16:15:19] [world] [e8de36e0-d4b2-315e-8c5d-b2baec5db3bf] The Player <GolemDaWanderer> has slain Cow at X= -10078, Y= 64, Z= 4425
[2024-03-29 16:15:30] [world] [e8de36e0-d4b2-315e-8c5d-b2baec5db3bf] The Player <GolemDaWanderer> has slain Cow at X= -10076, Y= 64, Z= 4426
[2024-03-29 16:22:32] [world] [17642ce9-92a4-3f8d-8872-8b5a03c49ec5] The Player <xcpc> has slain Chicken at X= -298, Y= 70, Z= 278
[2024-03-29 16:22:38] [world] [17642ce9-92a4-3f8d-8872-8b5a03c49ec5] The Player <xcpc> has slain Chicken at X= -295, Y= 70, Z= 290
[2024-03-29 16:56:44] [world] [17642ce9-92a4-3f8d-8872-8b5a03c49ec5] The Player <xcpc> has slain Chicken at X= -309, Y= 70, Z= 279
[2024-03-29 16:56:45] [world] [17642ce9-92a4-3f8d-8872-8b5a03c49ec5] The Player <xcpc> has slain Chicken at X= -308, Y= 70, Z= 280
[2024-03-29 16:56:46] [world] [17642ce9-92a4-3f8d-8872-8b5a03c49ec5] The Player <xcpc> has slain Chicken at X= -307, Y= 70, Z= 277
[2024-03-29 16:56:46] [world] [17642ce9-92a4-3f8d-8872-8b5a03c49ec5] The Player <xcpc> has slain Chicken at X= -307, Y= 70, Z= 278
[2024-03-29 16:56:49] [world] [17642ce9-92a4-3f8d-8872-8b5a03c49ec5] The Player <xcpc> has slain Chicken at X= -309, Y= 70, Z= 279
[2024-03-29 16:56:50] [world] [17642ce9-92a4-3f8d-8872-8b5a03c49ec5] The Player <xcpc> has slain Chicken at X= -310, Y= 70, Z= 280
[2024-03-29 16:56:51] [world] [17642ce9-92a4-3f8d-8872-8b5a03c49ec5] The Player <xcpc> has slain Chicken at X= -309, Y= 70, Z= 279
[2024-03-29 16:56:51] [world] [17642ce9-92a4-3f8d-8872-8b5a03c49ec5] The Player <xcpc> has slain Chicken at X= -310, Y= 70, Z= 279
[2024-03-29 16:56:54] [world] [17642ce9-92a4-3f8d-8872-8b5a03c49ec5] The Player <xcpc> has slain Chicken at X= -308, Y= 70, Z= 274
[2024-03-29 16:56:55] [world] [17642ce9-92a4-3f8d-8872-8b5a03c49ec5] The Player <xcpc> has slain Chicken at X= -309, Y= 70, Z= 274
[2024-03-29 16:56:55] [world] [17642ce9-92a4-3f8d-8872-8b5a03c49ec5] The Player <xcpc> has slain Chicken at X= -308, Y= 70, Z= 274
[2024-03-29 16:56:57] [world] [17642ce9-92a4-3f8d-8872-8b5a03c49ec5] The Player <xcpc> has slain Chicken at X= -309, Y= 70, Z= 274
[2024-03-29 16:56:59] [world] [17642ce9-92a4-3f8d-8872-8b5a03c49ec5] The Player <xcpc> has slain Chicken at X= -308, Y= 70, Z= 274
[2024-03-29 16:57:01] [world] [17642ce9-92a4-3f8d-8872-8b5a03c49ec5] The Player <xcpc> has slain Chicken at X= -308, Y= 70, Z= 273
[2024-03-29 16:57:04] [world] [17642ce9-92a4-3f8d-8872-8b5a03c49ec5] The Player <xcpc> has slain Chicken at X= -314, Y= 70, Z= 276
[2024-03-29 16:57:18] [world] [17642ce9-92a4-3f8d-8872-8b5a03c49ec5] The Player <xcpc> has slain Chicken at X= -313, Y= 70, Z= 273
[2024-03-29 16:57:19] [world] [17642ce9-92a4-3f8d-8872-8b5a03c49ec5] The Player <xcpc> has slain Chicken at X= -313, Y= 70, Z= 273
[2024-03-29 16:57:22] [world] [17642ce9-92a4-3f8d-8872-8b5a03c49ec5] The Player <xcpc> has slain Chicken at X= -314, Y= 63, Z= 273
[2024-03-29 17:09:36] [world] [17642ce9-92a4-3f8d-8872-8b5a03c49ec5] The Player <xcpc> has slain Skeleton at X= -262, Y= 29, Z= 211
[2024-03-29 17:18:59] [world] [17642ce9-92a4-3f8d-8872-8b5a03c49ec5] The Player <xcpc> has slain Chicken at X= -311, Y= 70, Z= 285
[2024-03-29 17:19:00] [world] [17642ce9-92a4-3f8d-8872-8b5a03c49ec5] The Player <xcpc> has slain Chicken at X= -312, Y= 70, Z= 285
[2024-03-29 17:19:03] [world] [17642ce9-92a4-3f8d-8872-8b5a03c49ec5] The Player <xcpc> has slain Chicken at X= -306, Y= 70, Z= 285
[2024-03-29 17:19:05] [world] [17642ce9-92a4-3f8d-8872-8b5a03c49ec5] The Player <xcpc> has slain Chicken at X= -308, Y= 70, Z= 282
[2024-03-29 17:19:09] [world] [17642ce9-92a4-3f8d-8872-8b5a03c49ec5] The Player <xcpc> has slain Chicken at X= -310, Y= 70, Z= 282
[2024-03-29 17:19:11] [world] [17642ce9-92a4-3f8d-8872-8b5a03c49ec5] The Player <xcpc> has slain Chicken at X= -307, Y= 70, Z= 280
[2024-03-29 17:19:14] [world] [17642ce9-92a4-3f8d-8872-8b5a03c49ec5] The Player <xcpc> has slain Chicken at X= -307, Y= 70, Z= 274
[2024-03-29 17:20:08] [world] [17642ce9-92a4-3f8d-8872-8b5a03c49ec5] The Player <xcpc> has slain Spider at X= -269, Y= 35, Z= 256
[2024-03-29 17:23:49] [world] [e8de36e0-d4b2-315e-8c5d-b2baec5db3bf] The Player <GolemDaWanderer> has slain Skeleton at X= -10023, Y= 69, Z= 4053
[2024-03-29 17:25:02] [world] [e8de36e0-d4b2-315e-8c5d-b2baec5db3bf] The Player <GolemDaWanderer> has slain Rabbit at X= -10074, Y= 64, Z= 4076
[2024-03-29 18:16:44] [world] [e8de36e0-d4b2-315e-8c5d-b2baec5db3bf] The Player <GolemDaWanderer> has slain Jimmy (Golem's horse) at X= -10159, Y= 63, Z= 4114
[2024-03-29 18:18:51] [world] [e8de36e0-d4b2-315e-8c5d-b2baec5db3bf] The Player <GolemDaWanderer> has slain Skeleton at X= -10299, Y= 36, Z= 4030
[2024-03-29 18:18:51] [world] [e8de36e0-d4b2-315e-8c5d-b2baec5db3bf] The Player <GolemDaWanderer> has slain Skeleton at X= -10299, Y= 36, Z= 4030
[2024-03-29 18:18:52] [world] [e8de36e0-d4b2-315e-8c5d-b2baec5db3bf] The Player <GolemDaWanderer> has slain Skeleton at X= -10299, Y= 36, Z= 4030
[2024-03-29 18:18:52] [world] [e8de36e0-d4b2-315e-8c5d-b2baec5db3bf] The Player <GolemDaWanderer> has slain Skeleton at X= -10300, Y= 36, Z= 4030
[2024-03-29 18:18:53] [world] [e8de36e0-d4b2-315e-8c5d-b2baec5db3bf] The Player <GolemDaWanderer> has slain Skeleton at X= -10300, Y= 36, Z= 4031
[2024-03-29 18:18:53] [world] [e8de36e0-d4b2-315e-8c5d-b2baec5db3bf] The Player <GolemDaWanderer> has slain Skeleton at X= -10300, Y= 36, Z= 4031
[2024-03-29 18:18:53] [world] [e8de36e0-d4b2-315e-8c5d-b2baec5db3bf] The Player <GolemDaWanderer> has slain Skeleton at X= -10299, Y= 36, Z= 4031
[2024-03-29 18:20:04] [world] [e8de36e0-d4b2-315e-8c5d-b2baec5db3bf] The Player <GolemDaWanderer> has slain Skeleton at X= -10299, Y= 36, Z= 4030
[2024-03-29 18:23:37] [world] [e8de36e0-d4b2-315e-8c5d-b2baec5db3bf] The Player <GolemDaWanderer> has slain Skeleton at X= -10299, Y= 36, Z= 4030
[2024-03-29 18:23:38] [world] [e8de36e0-d4b2-315e-8c5d-b2baec5db3bf] The Player <GolemDaWanderer> has slain Skeleton at X= -10299, Y= 36, Z= 4030
[2024-03-29 18:23:38] [world] [e8de36e0-d4b2-315e-8c5d-b2baec5db3bf] The Player <GolemDaWanderer> has slain Skeleton at X= -10299, Y= 36, Z= 4031
[2024-03-29 18:23:38] [world] [e8de36e0-d4b2-315e-8c5d-b2baec5db3bf] The Player <GolemDaWanderer> has slain Skeleton at X= -10299, Y= 36, Z= 4031
[2024-03-29 18:23:38] [world] [e8de36e0-d4b2-315e-8c5d-b2baec5db3bf] The Player <GolemDaWanderer> has slain Skeleton at X= -10299, Y= 36, Z= 4031
[2024-03-29 18:23:39] [world] [e8de36e0-d4b2-315e-8c5d-b2baec5db3bf] The Player <GolemDaWanderer> has slain Skeleton at X= -10299, Y= 36, Z= 4030
[2024-03-29 18:23:39] [world] [e8de36e0-d4b2-315e-8c5d-b2baec5db3bf] The Player <GolemDaWanderer> has slain Skeleton at X= -10300, Y= 36, Z= 4031
[2024-03-29 18:23:40] [world] [e8de36e0-d4b2-315e-8c5d-b2baec5db3bf] The Player <GolemDaWanderer> has slain Skeleton at X= -10300, Y= 36, Z= 4031
[2024-03-29 18:23:40] [world] [e8de36e0-d4b2-315e-8c5d-b2baec5db3bf] The Player <GolemDaWanderer> has slain Skeleton at X= -10300, Y= 36, Z= 4030
[2024-03-29 18:23:40] [world] [e8de36e0-d4b2-315e-8c5d-b2baec5db3bf] The Player <GolemDaWanderer> has slain Skeleton at X= -10300, Y= 36, Z= 4030
[2024-03-29 18:23:42] [world] [e8de36e0-d4b2-315e-8c5d-b2baec5db3bf] The Player <GolemDaWanderer> has slain Skeleton at X= -10300, Y= 36, Z= 4030
[2024-03-29 18:24:34] [world] [e8de36e0-d4b2-315e-8c5d-b2baec5db3bf] The Player <GolemDaWanderer> has slain Skeleton at X= -10299, Y= 36, Z= 4031
[2024-03-29 18:24:35] [world] [e8de36e0-d4b2-315e-8c5d-b2baec5db3bf] The Player <GolemDaWanderer> has slain Skeleton at X= -10299, Y= 36, Z= 4030
[2024-03-29 18:24:35] [world] [e8de36e0-d4b2-315e-8c5d-b2baec5db3bf] The Player <GolemDaWanderer> has slain Skeleton at X= -10299, Y= 36, Z= 4030
[2024-03-29 18:24:35] [world] [e8de36e0-d4b2-315e-8c5d-b2baec5db3bf] The Player <GolemDaWanderer> has slain Skeleton at X= -10300, Y= 36, Z= 4031
[2024-03-29 18:24:35] [world] [e8de36e0-d4b2-315e-8c5d-b2baec5db3bf] The Player <GolemDaWanderer> has slain Skeleton at X= -10299, Y= 36, Z= 4031
[2024-03-29 18:24:36] [world] [e8de36e0-d4b2-315e-8c5d-b2baec5db3bf] The Player <GolemDaWanderer> has slain Skeleton at X= -10300, Y= 36, Z= 4030
[2024-03-29 18:24:37] [world] [e8de36e0-d4b2-315e-8c5d-b2baec5db3bf] The Player <GolemDaWanderer> has slain Skeleton at X= -10300, Y= 36, Z= 4031
[2024-03-29 18:27:26] [world] [17642ce9-92a4-3f8d-8872-8b5a03c49ec5] The Player <xcpc> has slain GolemDaWanderer at X= -10298, Y= 35, Z= 4027
[2024-03-29 18:27:46] [world] [e8de36e0-d4b2-315e-8c5d-b2baec5db3bf] The Player <GolemDaWanderer> has slain xcpc at X= -10299, Y= 36, Z= 4024
[2024-03-29 18:28:10] [world] [e8de36e0-d4b2-315e-8c5d-b2baec5db3bf] The Player <GolemDaWanderer> has slain Zombie at X= -10299, Y= 35, Z= 4026
[2024-03-29 18:28:18] [world] [17642ce9-92a4-3f8d-8872-8b5a03c49ec5] The Player <xcpc> has slain GolemDaWanderer at X= -10298, Y= 35, Z= 4025
[2024-03-29 18:28:37] [world] [e8de36e0-d4b2-315e-8c5d-b2baec5db3bf] The Player <GolemDaWanderer> has slain Zombie at X= -10290, Y= 35, Z= 4028
[2024-03-29 18:28:39] [world] [17642ce9-92a4-3f8d-8872-8b5a03c49ec5] The Player <xcpc> has slain Pig at X= -10298, Y= 35, Z= 4028
[2024-03-29 18:28:41] [world] [17642ce9-92a4-3f8d-8872-8b5a03c49ec5] The Player <xcpc> has slain Blaze at X= -10298, Y= 35, Z= 4029
[2024-03-29 18:28:41] [world] [e8de36e0-d4b2-315e-8c5d-b2baec5db3bf] The Player <GolemDaWanderer> has slain Guardian at X= -10296, Y= 36, Z= 4029
[2024-03-29 18:28:41] [world] [e8de36e0-d4b2-315e-8c5d-b2baec5db3bf] The Player <GolemDaWanderer> has slain Ocelot at X= -10299, Y= 36, Z= 4028
[2024-03-29 18:28:41] [world] [17642ce9-92a4-3f8d-8872-8b5a03c49ec5] The Player <xcpc> has slain Witch at X= -10299, Y= 35, Z= 4029
[2024-03-29 18:29:20] [world] [e8de36e0-d4b2-315e-8c5d-b2baec5db3bf] The Player <GolemDaWanderer> has slain xcpc at X= -10289, Y= 35, Z= 4028
[2024-03-29 18:31:28] [world] [e8de36e0-d4b2-315e-8c5d-b2baec5db3bf] The Player <GolemDaWanderer> has slain Ocelot at X= -10293, Y= 35, Z= 4029
[2024-03-29 18:32:21] [world] [e8de36e0-d4b2-315e-8c5d-b2baec5db3bf] The Player <GolemDaWanderer> has slain Skeleton at X= -10299, Y= 36, Z= 4031
[2024-03-29 18:32:22] [world] [e8de36e0-d4b2-315e-8c5d-b2baec5db3bf] The Player <GolemDaWanderer> has slain Skeleton at X= -10299, Y= 36, Z= 4031
[2024-03-29 18:32:23] [world] [e8de36e0-d4b2-315e-8c5d-b2baec5db3bf] The Player <GolemDaWanderer> has slain Skeleton at X= -10300, Y= 36, Z= 4031
[2024-03-29 18:32:23] [world] [e8de36e0-d4b2-315e-8c5d-b2baec5db3bf] The Player <GolemDaWanderer> has slain Skeleton at X= -10299, Y= 36, Z= 4031
[2024-03-29 18:32:24] [world] [e8de36e0-d4b2-315e-8c5d-b2baec5db3bf] The Player <GolemDaWanderer> has slain Skeleton at X= -10299, Y= 36, Z= 4030
[2024-03-29 18:32:36] [world] [17642ce9-92a4-3f8d-8872-8b5a03c49ec5] The Player <xcpc> has slain Skeleton at X= -10300, Y= 36, Z= 4030
[2024-03-29 18:33:35] [world] [e8de36e0-d4b2-315e-8c5d-b2baec5db3bf] The Player <GolemDaWanderer> has slain Skeleton at X= -10299, Y= 36, Z= 4030
[2024-03-29 18:33:36] [world] [e8de36e0-d4b2-315e-8c5d-b2baec5db3bf] The Player <GolemDaWanderer> has slain Skeleton at X= -10300, Y= 36, Z= 4030
[2024-03-29 18:33:36] [world] [e8de36e0-d4b2-315e-8c5d-b2baec5db3bf] The Player <GolemDaWanderer> has slain Skeleton at X= -10299, Y= 36, Z= 4030
[2024-03-29 18:33:36] [world] [e8de36e0-d4b2-315e-8c5d-b2baec5db3bf] The Player <GolemDaWanderer> has slain Skeleton at X= -10300, Y= 36, Z= 4031
[2024-03-29 18:33:37] [world] [e8de36e0-d4b2-315e-8c5d-b2baec5db3bf] The Player <GolemDaWanderer> has slain Skeleton at X= -10299, Y= 36, Z= 4031
[2024-03-29 18:33:37] [world] [e8de36e0-d4b2-315e-8c5d-b2baec5db3bf] The Player <GolemDaWanderer> has slain Skeleton at X= -10299, Y= 36, Z= 4031
[2024-03-29 18:33:37] [world] [e8de36e0-d4b2-315e-8c5d-b2baec5db3bf] The Player <GolemDaWanderer> has slain Skeleton at X= -10299, Y= 36, Z= 4030
[2024-03-29 18:33:38] [world] [e8de36e0-d4b2-315e-8c5d-b2baec5db3bf] The Player <GolemDaWanderer> has slain Skeleton at X= -10300, Y= 36, Z= 4031
[2024-03-29 18:35:37] [world] [e8de36e0-d4b2-315e-8c5d-b2baec5db3bf] The Player <GolemDaWanderer> has slain Skeleton at X= -10299, Y= 36, Z= 4030
[2024-03-29 18:35:38] [world] [e8de36e0-d4b2-315e-8c5d-b2baec5db3bf] The Player <GolemDaWanderer> has slain Skeleton at X= -10299, Y= 36, Z= 4031
[2024-03-29 18:35:38] [world] [e8de36e0-d4b2-315e-8c5d-b2baec5db3bf] The Player <GolemDaWanderer> has slain Skeleton at X= -10299, Y= 36, Z= 4031
[2024-03-29 18:35:39] [world] [e8de36e0-d4b2-315e-8c5d-b2baec5db3bf] The Player <GolemDaWanderer> has slain Skeleton at X= -10300, Y= 36, Z= 4030
[2024-03-29 18:35:39] [world] [e8de36e0-d4b2-315e-8c5d-b2baec5db3bf] The Player <GolemDaWanderer> has slain Skeleton at X= -10300, Y= 36, Z= 4031
[2024-03-29 18:35:39] [world] [e8de36e0-d4b2-315e-8c5d-b2baec5db3bf] The Player <GolemDaWanderer> has slain Skeleton at X= -10300, Y= 36, Z= 4030
[2024-03-29 18:37:20] [world] [e8de36e0-d4b2-315e-8c5d-b2baec5db3bf] The Player <GolemDaWanderer> has slain Skeleton at X= -10299, Y= 36, Z= 4031
[2024-03-29 18:37:20] [world] [e8de36e0-d4b2-315e-8c5d-b2baec5db3bf] The Player <GolemDaWanderer> has slain Skeleton at X= -10299, Y= 36, Z= 4030
[2024-03-29 18:37:21] [world] [e8de36e0-d4b2-315e-8c5d-b2baec5db3bf] The Player <GolemDaWanderer> has slain Skeleton at X= -10299, Y= 36, Z= 4031
[2024-03-29 18:37:21] [world] [e8de36e0-d4b2-315e-8c5d-b2baec5db3bf] The Player <GolemDaWanderer> has slain Skeleton at X= -10300, Y= 36, Z= 4031
[2024-03-29 18:37:22] [world] [e8de36e0-d4b2-315e-8c5d-b2baec5db3bf] The Player <GolemDaWanderer> has slain Skeleton at X= -10300, Y= 36, Z= 4030
[2024-03-29 18:37:22] [world] [e8de36e0-d4b2-315e-8c5d-b2baec5db3bf] The Player <GolemDaWanderer> has slain Skeleton at X= -10300, Y= 36, Z= 4030
[2024-03-29 18:38:29] [world] [e8de36e0-d4b2-315e-8c5d-b2baec5db3bf] The Player <GolemDaWanderer> has slain Skeleton at X= -10299, Y= 36, Z= 4030
[2024-03-29 18:38:29] [world] [e8de36e0-d4b2-315e-8c5d-b2baec5db3bf] The Player <GolemDaWanderer> has slain Skeleton at X= -10299, Y= 36, Z= 4030
[2024-03-29 18:38:30] [world] [e8de36e0-d4b2-315e-8c5d-b2baec5db3bf] The Player <GolemDaWanderer> has slain Skeleton at X= -10299, Y= 36, Z= 4030
[2024-03-29 18:38:30] [world] [e8de36e0-d4b2-315e-8c5d-b2baec5db3bf] The Player <GolemDaWanderer> has slain Skeleton at X= -10299, Y= 36, Z= 4030
[2024-03-29 18:38:31] [world] [e8de36e0-d4b2-315e-8c5d-b2baec5db3bf] The Player <GolemDaWanderer> has slain Skeleton at X= -10300, Y= 36, Z= 4030
[2024-03-29 18:38:31] [world] [e8de36e0-d4b2-315e-8c5d-b2baec5db3bf] The Player <GolemDaWanderer> has slain Skeleton at X= -10299, Y= 36, Z= 4030
[2024-03-29 18:38:32] [world] [e8de36e0-d4b2-315e-8c5d-b2baec5db3bf] The Player <GolemDaWanderer> has slain Skeleton at X= -10300, Y= 36, Z= 4030
[2024-03-29 18:38:32] [world] [e8de36e0-d4b2-315e-8c5d-b2baec5db3bf] The Player <GolemDaWanderer> has slain Skeleton at X= -10299, Y= 36, Z= 4031
[2024-03-29 18:38:32] [world] [e8de36e0-d4b2-315e-8c5d-b2baec5db3bf] The Player <GolemDaWanderer> has slain Skeleton at X= -10299, Y= 36, Z= 4031
[2024-03-29 18:38:33] [world] [e8de36e0-d4b2-315e-8c5d-b2baec5db3bf] The Player <GolemDaWanderer> has slain Skeleton at X= -10299, Y= 36, Z= 4031
[2024-03-29 18:38:33] [world] [e8de36e0-d4b2-315e-8c5d-b2baec5db3bf] The Player <GolemDaWanderer> has slain Skeleton at X= -10300, Y= 36, Z= 4031
[2024-03-29 18:44:52] [world] [e8de36e0-d4b2-315e-8c5d-b2baec5db3bf] The Player <GolemDaWanderer> has slain Skeleton at X= -10299, Y= 36, Z= 4030
[2024-03-29 18:44:53] [world] [e8de36e0-d4b2-315e-8c5d-b2baec5db3bf] The Player <GolemDaWanderer> has slain Skeleton at X= -10300, Y= 36, Z= 4031
[2024-03-29 18:44:53] [world] [e8de36e0-d4b2-315e-8c5d-b2baec5db3bf] The Player <GolemDaWanderer> has slain Skeleton at X= -10299, Y= 36, Z= 4031
[2024-03-29 18:44:54] [world] [e8de36e0-d4b2-315e-8c5d-b2baec5db3bf] The Player <GolemDaWanderer> has slain Skeleton at X= -10300, Y= 36, Z= 4031
[2024-03-29 18:45:31] [world] [e8de36e0-d4b2-315e-8c5d-b2baec5db3bf] The Player <GolemDaWanderer> has slain Skeleton at X= -10300, Y= 36, Z= 4031
[2024-03-29 18:45:31] [world] [e8de36e0-d4b2-315e-8c5d-b2baec5db3bf] The Player <GolemDaWanderer> has slain Skeleton at X= -10300, Y= 36, Z= 4030
[2024-03-29 19:04:38] [world_the_end] [e8de36e0-d4b2-315e-8c5d-b2baec5db3bf] The Player <GolemDaWanderer> has slain Horse at X= 98, Y= 49, Z= -1
[2024-03-29 19:04:45] [world_the_end] [e8de36e0-d4b2-315e-8c5d-b2baec5db3bf] The Player <GolemDaWanderer> has slain Pig at X= 100, Y= 49, Z= 1
[2024-03-29 19:04:46] [world_the_end] [e8de36e0-d4b2-315e-8c5d-b2baec5db3bf] The Player <GolemDaWanderer> has slain Villager at X= 97, Y= 49, Z= 0
[2024-03-29 19:12:32] [world] [17642ce9-92a4-3f8d-8872-8b5a03c49ec5] The Player <xcpc> has slain Creeper at X= -293, Y= 70, Z= 277
[2024-03-29 19:16:37] [world] [17642ce9-92a4-3f8d-8872-8b5a03c49ec5] The Player <xcpc> has slain Villager at X= -10185, Y= 60, Z= 4116
[2024-03-29 22:44:25] [world] [17642ce9-92a4-3f8d-8872-8b5a03c49ec5] The Player <xcpc> has slain Skeleton at X= -272, Y= 35, Z= 253
[2024-03-29 23:13:30] [world] [17642ce9-92a4-3f8d-8872-8b5a03c49ec5] The Player <xcpc> has slain Creeper at X= -622, Y= 68, Z= 347
[2024-03-30 00:00:27] [world_the_end] [e8de36e0-d4b2-315e-8c5d-b2baec5db3bf] The Player <GolemDaWanderer> has slain NezukoChan at X= 59, Y= 57, Z= 89
[2024-03-30 00:01:03] [world_the_end] [f7bb36ab-e336-3c4d-9238-e9504956be33] The Player <NezukoChan> has slain Endermite at X= 62, Y= 57, Z= 81
[2024-03-30 00:01:18] [world_the_end] [f7bb36ab-e336-3c4d-9238-e9504956be33] The Player <NezukoChan> has slain Endermite at X= 58, Y= 58, Z= 80
[2024-03-30 00:01:44] [world_the_end] [f7bb36ab-e336-3c4d-9238-e9504956be33] The Player <NezukoChan> has slain GolemDaWanderer at X= 57, Y= 57, Z= 84
[2024-03-30 00:02:31] [world_the_end] [f7bb36ab-e336-3c4d-9238-e9504956be33] The Player <NezukoChan> has slain GolemDaWanderer at X= 80, Y= 57, Z= 78
[2024-03-30 00:03:37] [world_the_end] [f7bb36ab-e336-3c4d-9238-e9504956be33] The Player <NezukoChan> has slain GolemDaWanderer at X= 64, Y= 60, Z= 68
[2024-03-30 00:04:38] [world_the_end] [f7bb36ab-e336-3c4d-9238-e9504956be33] The Player <NezukoChan> has slain GolemDaWanderer at X= 61, Y= 59, Z= 66
[2024-03-30 00:04:55] [world_the_end] [e8de36e0-d4b2-315e-8c5d-b2baec5db3bf] The Player <GolemDaWanderer> has slain NezukoChan at X= 60, Y= 59, Z= 65
[2024-03-30 00:10:14] [world_the_end] [e8de36e0-d4b2-315e-8c5d-b2baec5db3bf] The Player <GolemDaWanderer> has slain Enderman at X= 2, Y= 59, Z= -7
[2024-03-30 01:10:17] [world] [ed29d03b-f01b-39dd-ab82-ac3b54f2c88b] The Player <Char> has slain Chicken at X= -572, Y= 88, Z= 253
[2024-03-30 01:10:38] [world] [ed29d03b-f01b-39dd-ab82-ac3b54f2c88b] The Player <Char> has slain Creeper at X= -522, Y= 65, Z= 303
[2024-03-30 01:10:57] [world] [ed29d03b-f01b-39dd-ab82-ac3b54f2c88b] The Player <Char> has slain Spider at X= -594, Y= 72, Z= 280
[2024-03-30 01:11:14] [world] [ed29d03b-f01b-39dd-ab82-ac3b54f2c88b] The Player <Char> has slain Creeper at X= -625, Y= 68, Z= 266
[2024-03-30 01:11:23] [world] [ed29d03b-f01b-39dd-ab82-ac3b54f2c88b] The Player <Char> has slain Creeper at X= -650, Y= 68, Z= 281
[2024-03-30 03:19:02] [world] [e8de36e0-d4b2-315e-8c5d-b2baec5db3bf] The Player <GolemDaWanderer> has slain Skeleton at X= 9999, Y= 67, Z= -9981
[2024-03-30 03:22:12] [world] [e8de36e0-d4b2-315e-8c5d-b2baec5db3bf] The Player <GolemDaWanderer> has slain Skeleton at X= 10234, Y= 64, Z= -10140
[2024-03-30 03:22:29] [world] [e8de36e0-d4b2-315e-8c5d-b2baec5db3bf] The Player <GolemDaWanderer> has slain Zombie at X= 10233, Y= 61, Z= -10135
[2024-03-30 03:22:45] [world] [e8de36e0-d4b2-315e-8c5d-b2baec5db3bf] The Player <GolemDaWanderer> has slain Skeleton at X= 10248, Y= 64, Z= -10152
