[2024-03-30 19:12:45] [world] [e8de36e0-d4b2-315e-8c5d-b2baec5db3bf] The Player <GolemDaWanderer> has slain Zombie at X= 10351, Y= 72, Z= -10692
[2024-03-30 19:12:49] [world] [e8de36e0-d4b2-315e-8c5d-b2baec5db3bf] The Player <GolemDaWanderer> has slain Zombie at X= 10349, Y= 72, Z= -10699
[2024-03-30 19:13:01] [world] [e8de36e0-d4b2-315e-8c5d-b2baec5db3bf] The Player <GolemDaWanderer> has slain Skeleton at X= 10350, Y= 72, Z= -10712
[2024-03-30 19:28:58] [world] [e8de36e0-d4b2-315e-8c5d-b2baec5db3bf] The Player <GolemDaWanderer> has slain Skeleton at X= 10364, Y= 73, Z= -10930
[2024-03-30 19:33:40] [world] [e8de36e0-d4b2-315e-8c5d-b2baec5db3bf] The Player <GolemDaWanderer> has slain Skeleton at X= 10327, Y= 64, Z= -11090
[2024-03-30 19:35:07] [world] [e8de36e0-d4b2-315e-8c5d-b2baec5db3bf] The Player <GolemDaWanderer> has slain Zombie at X= 10332, Y= 64, Z= -11126
[2024-03-31 02:05:14] [world] [e8de36e0-d4b2-315e-8c5d-b2baec5db3bf] The Player <GolemDaWanderer> has slain Skeleton at X= -10299, Y= 36, Z= 4030
[2024-03-31 02:05:14] [world] [e8de36e0-d4b2-315e-8c5d-b2baec5db3bf] The Player <GolemDaWanderer> has slain Skeleton at X= -10299, Y= 36, Z= 4030
[2024-03-31 02:05:15] [world] [e8de36e0-d4b2-315e-8c5d-b2baec5db3bf] The Player <GolemDaWanderer> has slain Skeleton at X= -10299, Y= 36, Z= 4030
[2024-03-31 02:05:15] [world] [e8de36e0-d4b2-315e-8c5d-b2baec5db3bf] The Player <GolemDaWanderer> has slain Skeleton at X= -10299, Y= 36, Z= 4030
[2024-03-31 02:05:16] [world] [e8de36e0-d4b2-315e-8c5d-b2baec5db3bf] The Player <GolemDaWanderer> has slain Skeleton at X= -10299, Y= 36, Z= 4030
[2024-03-31 02:05:16] [world] [e8de36e0-d4b2-315e-8c5d-b2baec5db3bf] The Player <GolemDaWanderer> has slain Skeleton at X= -10299, Y= 36, Z= 4030
[2024-03-31 02:05:17] [world] [e8de36e0-d4b2-315e-8c5d-b2baec5db3bf] The Player <GolemDaWanderer> has slain Skeleton at X= -10299, Y= 36, Z= 4030
[2024-03-31 02:05:17] [world] [e8de36e0-d4b2-315e-8c5d-b2baec5db3bf] The Player <GolemDaWanderer> has slain Skeleton at X= -10299, Y= 36, Z= 4030
[2024-03-31 02:05:18] [world] [e8de36e0-d4b2-315e-8c5d-b2baec5db3bf] The Player <GolemDaWanderer> has slain Skeleton at X= -10299, Y= 36, Z= 4030
[2024-03-31 02:05:18] [world] [e8de36e0-d4b2-315e-8c5d-b2baec5db3bf] The Player <GolemDaWanderer> has slain Skeleton at X= -10299, Y= 36, Z= 4030
[2024-03-31 02:05:18] [world] [e8de36e0-d4b2-315e-8c5d-b2baec5db3bf] The Player <GolemDaWanderer> has slain Skeleton at X= -10299, Y= 36, Z= 4030
[2024-03-31 02:05:19] [world] [e8de36e0-d4b2-315e-8c5d-b2baec5db3bf] The Player <GolemDaWanderer> has slain Skeleton at X= -10299, Y= 36, Z= 4030
[2024-03-31 02:05:19] [world] [e8de36e0-d4b2-315e-8c5d-b2baec5db3bf] The Player <GolemDaWanderer> has slain Skeleton at X= -10299, Y= 36, Z= 4030
[2024-03-31 02:05:20] [world] [e8de36e0-d4b2-315e-8c5d-b2baec5db3bf] The Player <GolemDaWanderer> has slain Skeleton at X= -10299, Y= 36, Z= 4030
[2024-03-31 02:05:20] [world] [e8de36e0-d4b2-315e-8c5d-b2baec5db3bf] The Player <GolemDaWanderer> has slain Skeleton at X= -10299, Y= 36, Z= 4030
[2024-03-31 02:05:21] [world] [e8de36e0-d4b2-315e-8c5d-b2baec5db3bf] The Player <GolemDaWanderer> has slain Skeleton at X= -10299, Y= 36, Z= 4030
[2024-03-31 02:05:21] [world] [e8de36e0-d4b2-315e-8c5d-b2baec5db3bf] The Player <GolemDaWanderer> has slain Skeleton at X= -10299, Y= 36, Z= 4030
[2024-03-31 02:05:21] [world] [e8de36e0-d4b2-315e-8c5d-b2baec5db3bf] The Player <GolemDaWanderer> has slain Skeleton at X= -10299, Y= 36, Z= 4030
[2024-03-31 02:05:22] [world] [e8de36e0-d4b2-315e-8c5d-b2baec5db3bf] The Player <GolemDaWanderer> has slain Skeleton at X= -10299, Y= 36, Z= 4030
[2024-03-31 02:05:22] [world] [e8de36e0-d4b2-315e-8c5d-b2baec5db3bf] The Player <GolemDaWanderer> has slain Skeleton at X= -10299, Y= 36, Z= 4030
[2024-03-31 02:05:22] [world] [e8de36e0-d4b2-315e-8c5d-b2baec5db3bf] The Player <GolemDaWanderer> has slain Skeleton at X= -10299, Y= 36, Z= 4030
[2024-03-31 02:05:23] [world] [e8de36e0-d4b2-315e-8c5d-b2baec5db3bf] The Player <GolemDaWanderer> has slain Skeleton at X= -10299, Y= 36, Z= 4030
[2024-03-31 02:05:25] [world] [e8de36e0-d4b2-315e-8c5d-b2baec5db3bf] The Player <GolemDaWanderer> has slain Skeleton at X= -10299, Y= 36, Z= 4030
[2024-03-31 02:05:26] [world] [e8de36e0-d4b2-315e-8c5d-b2baec5db3bf] The Player <GolemDaWanderer> has slain Skeleton at X= -10299, Y= 36, Z= 4030
[2024-03-31 02:05:28] [world] [e8de36e0-d4b2-315e-8c5d-b2baec5db3bf] The Player <GolemDaWanderer> has slain Skeleton at X= -10300, Y= 36, Z= 4031
[2024-03-31 02:05:29] [world] [e8de36e0-d4b2-315e-8c5d-b2baec5db3bf] The Player <GolemDaWanderer> has slain Skeleton at X= -10300, Y= 36, Z= 4031
[2024-03-31 02:05:29] [world] [e8de36e0-d4b2-315e-8c5d-b2baec5db3bf] The Player <GolemDaWanderer> has slain Skeleton at X= -10299, Y= 36, Z= 4031
[2024-03-31 02:05:29] [world] [e8de36e0-d4b2-315e-8c5d-b2baec5db3bf] The Player <GolemDaWanderer> has slain Skeleton at X= -10299, Y= 36, Z= 4031
[2024-03-31 02:05:30] [world] [e8de36e0-d4b2-315e-8c5d-b2baec5db3bf] The Player <GolemDaWanderer> has slain Skeleton at X= -10299, Y= 36, Z= 4030
[2024-03-31 02:05:30] [world] [e8de36e0-d4b2-315e-8c5d-b2baec5db3bf] The Player <GolemDaWanderer> has slain Skeleton at X= -10299, Y= 36, Z= 4030
[2024-03-31 02:05:30] [world] [e8de36e0-d4b2-315e-8c5d-b2baec5db3bf] The Player <GolemDaWanderer> has slain Skeleton at X= -10299, Y= 36, Z= 4030
[2024-03-31 02:05:31] [world] [e8de36e0-d4b2-315e-8c5d-b2baec5db3bf] The Player <GolemDaWanderer> has slain Skeleton at X= -10299, Y= 36, Z= 4030
[2024-03-31 02:05:31] [world] [e8de36e0-d4b2-315e-8c5d-b2baec5db3bf] The Player <GolemDaWanderer> has slain Skeleton at X= -10299, Y= 36, Z= 4031
[2024-03-31 02:05:31] [world] [e8de36e0-d4b2-315e-8c5d-b2baec5db3bf] The Player <GolemDaWanderer> has slain Skeleton at X= -10299, Y= 36, Z= 4031
[2024-03-31 02:05:31] [world] [e8de36e0-d4b2-315e-8c5d-b2baec5db3bf] The Player <GolemDaWanderer> has slain Skeleton at X= -10299, Y= 36, Z= 4031
[2024-03-31 02:05:32] [world] [e8de36e0-d4b2-315e-8c5d-b2baec5db3bf] The Player <GolemDaWanderer> has slain Skeleton at X= -10299, Y= 36, Z= 4031
[2024-03-31 02:05:32] [world] [e8de36e0-d4b2-315e-8c5d-b2baec5db3bf] The Player <GolemDaWanderer> has slain Skeleton at X= -10299, Y= 36, Z= 4031
[2024-03-31 02:05:32] [world] [e8de36e0-d4b2-315e-8c5d-b2baec5db3bf] The Player <GolemDaWanderer> has slain Skeleton at X= -10299, Y= 36, Z= 4031
[2024-03-31 02:05:33] [world] [e8de36e0-d4b2-315e-8c5d-b2baec5db3bf] The Player <GolemDaWanderer> has slain Skeleton at X= -10299, Y= 36, Z= 4031
[2024-03-31 02:05:34] [world] [e8de36e0-d4b2-315e-8c5d-b2baec5db3bf] The Player <GolemDaWanderer> has slain Skeleton at X= -10299, Y= 36, Z= 4031
[2024-03-31 02:05:34] [world] [e8de36e0-d4b2-315e-8c5d-b2baec5db3bf] The Player <GolemDaWanderer> has slain Skeleton at X= -10299, Y= 36, Z= 4031
[2024-03-31 02:05:35] [world] [e8de36e0-d4b2-315e-8c5d-b2baec5db3bf] The Player <GolemDaWanderer> has slain Skeleton at X= -10299, Y= 36, Z= 4031
[2024-03-31 02:05:36] [world] [e8de36e0-d4b2-315e-8c5d-b2baec5db3bf] The Player <GolemDaWanderer> has slain Skeleton at X= -10299, Y= 36, Z= 4030
[2024-03-31 02:05:36] [world] [e8de36e0-d4b2-315e-8c5d-b2baec5db3bf] The Player <GolemDaWanderer> has slain Skeleton at X= -10299, Y= 36, Z= 4030
[2024-03-31 02:05:38] [world] [e8de36e0-d4b2-315e-8c5d-b2baec5db3bf] The Player <GolemDaWanderer> has slain Skeleton at X= -10299, Y= 36, Z= 4031
[2024-03-31 02:05:38] [world] [e8de36e0-d4b2-315e-8c5d-b2baec5db3bf] The Player <GolemDaWanderer> has slain Skeleton at X= -10300, Y= 36, Z= 4030
[2024-03-31 02:05:39] [world] [e8de36e0-d4b2-315e-8c5d-b2baec5db3bf] The Player <GolemDaWanderer> has slain Skeleton at X= -10300, Y= 36, Z= 4030
[2024-03-31 02:05:39] [world] [e8de36e0-d4b2-315e-8c5d-b2baec5db3bf] The Player <GolemDaWanderer> has slain Skeleton at X= -10300, Y= 36, Z= 4031
[2024-03-31 02:05:40] [world] [e8de36e0-d4b2-315e-8c5d-b2baec5db3bf] The Player <GolemDaWanderer> has slain Skeleton at X= -10300, Y= 36, Z= 4031
[2024-03-31 02:05:41] [world] [e8de36e0-d4b2-315e-8c5d-b2baec5db3bf] The Player <GolemDaWanderer> has slain Skeleton at X= -10300, Y= 36, Z= 4031
[2024-03-31 02:05:42] [world] [e8de36e0-d4b2-315e-8c5d-b2baec5db3bf] The Player <GolemDaWanderer> has slain Skeleton at X= -10300, Y= 36, Z= 4031
[2024-03-31 02:06:11] [world] [e8de36e0-d4b2-315e-8c5d-b2baec5db3bf] The Player <GolemDaWanderer> has slain Skeleton at X= -10300, Y= 36, Z= 4031
[2024-03-31 02:06:13] [world] [e8de36e0-d4b2-315e-8c5d-b2baec5db3bf] The Player <GolemDaWanderer> has slain Skeleton at X= -10300, Y= 36, Z= 4030
[2024-03-31 03:25:54] [world] [e8de36e0-d4b2-315e-8c5d-b2baec5db3bf] The Player <GolemDaWanderer> has slain Skeleton at X= -10299, Y= 36, Z= 4030
[2024-03-31 03:25:55] [world] [e8de36e0-d4b2-315e-8c5d-b2baec5db3bf] The Player <GolemDaWanderer> has slain Skeleton at X= -10299, Y= 36, Z= 4030
[2024-03-31 03:25:57] [world] [e8de36e0-d4b2-315e-8c5d-b2baec5db3bf] The Player <GolemDaWanderer> has slain Skeleton at X= -10299, Y= 37, Z= 4030
[2024-03-31 03:26:01] [world] [e8de36e0-d4b2-315e-8c5d-b2baec5db3bf] The Player <GolemDaWanderer> has slain Skeleton at X= -10299, Y= 36, Z= 4030
[2024-03-31 03:26:02] [world] [e8de36e0-d4b2-315e-8c5d-b2baec5db3bf] The Player <GolemDaWanderer> has slain Skeleton at X= -10300, Y= 36, Z= 4031
[2024-03-31 03:26:03] [world] [e8de36e0-d4b2-315e-8c5d-b2baec5db3bf] The Player <GolemDaWanderer> has slain Skeleton at X= -10299, Y= 36, Z= 4030
[2024-03-31 03:26:05] [world] [e8de36e0-d4b2-315e-8c5d-b2baec5db3bf] The Player <GolemDaWanderer> has slain Skeleton at X= -10300, Y= 37, Z= 4030
[2024-03-31 03:26:06] [world] [e8de36e0-d4b2-315e-8c5d-b2baec5db3bf] The Player <GolemDaWanderer> has slain Skeleton at X= -10299, Y= 36, Z= 4030
[2024-03-31 03:26:10] [world] [e8de36e0-d4b2-315e-8c5d-b2baec5db3bf] The Player <GolemDaWanderer> has slain Skeleton at X= -10299, Y= 37, Z= 4030
[2024-03-31 03:26:11] [world] [e8de36e0-d4b2-315e-8c5d-b2baec5db3bf] The Player <GolemDaWanderer> has slain Skeleton at X= -10299, Y= 37, Z= 4031
[2024-03-31 03:26:21] [world] [e8de36e0-d4b2-315e-8c5d-b2baec5db3bf] The Player <GolemDaWanderer> has slain Skeleton at X= -10299, Y= 36, Z= 4030
[2024-03-31 03:26:23] [world] [e8de36e0-d4b2-315e-8c5d-b2baec5db3bf] The Player <GolemDaWanderer> has slain Skeleton at X= -10299, Y= 36, Z= 4030
[2024-03-31 03:27:39] [world] [e8de36e0-d4b2-315e-8c5d-b2baec5db3bf] The Player <GolemDaWanderer> has slain Skeleton at X= -10299, Y= 36, Z= 4030
[2024-03-31 03:28:30] [world] [e8de36e0-d4b2-315e-8c5d-b2baec5db3bf] The Player <GolemDaWanderer> has slain Skeleton at X= -10299, Y= 36, Z= 4030
[2024-03-31 03:29:32] [world] [e8de36e0-d4b2-315e-8c5d-b2baec5db3bf] The Player <GolemDaWanderer> has slain Skeleton at X= -10299, Y= 36, Z= 4030
[2024-03-31 03:30:57] [world] [e8de36e0-d4b2-315e-8c5d-b2baec5db3bf] The Player <GolemDaWanderer> has slain Skeleton at X= -10299, Y= 36, Z= 4030
[2024-03-31 03:30:59] [world] [e8de36e0-d4b2-315e-8c5d-b2baec5db3bf] The Player <GolemDaWanderer> has slain Skeleton at X= -10299, Y= 36, Z= 4030
[2024-03-31 03:31:55] [world] [e8de36e0-d4b2-315e-8c5d-b2baec5db3bf] The Player <GolemDaWanderer> has slain Skeleton at X= -10299, Y= 36, Z= 4030
[2024-03-31 03:32:01] [world] [e8de36e0-d4b2-315e-8c5d-b2baec5db3bf] The Player <GolemDaWanderer> has slain Skeleton at X= -10299, Y= 36, Z= 4030
[2024-03-31 03:32:03] [world] [e8de36e0-d4b2-315e-8c5d-b2baec5db3bf] The Player <GolemDaWanderer> has slain Skeleton at X= -10299, Y= 37, Z= 4030
[2024-03-31 03:32:12] [world] [e8de36e0-d4b2-315e-8c5d-b2baec5db3bf] The Player <GolemDaWanderer> has slain Skeleton at X= -10299, Y= 36, Z= 4030
[2024-03-31 03:32:17] [world] [e8de36e0-d4b2-315e-8c5d-b2baec5db3bf] The Player <GolemDaWanderer> has slain Skeleton at X= -10299, Y= 36, Z= 4030
[2024-03-31 03:32:21] [world] [e8de36e0-d4b2-315e-8c5d-b2baec5db3bf] The Player <GolemDaWanderer> has slain Skeleton at X= -10299, Y= 36, Z= 4030
[2024-03-31 03:32:23] [world] [e8de36e0-d4b2-315e-8c5d-b2baec5db3bf] The Player <GolemDaWanderer> has slain Skeleton at X= -10299, Y= 36, Z= 4030
[2024-03-31 03:32:26] [world] [e8de36e0-d4b2-315e-8c5d-b2baec5db3bf] The Player <GolemDaWanderer> has slain Skeleton at X= -10299, Y= 36, Z= 4031
[2024-03-31 03:32:29] [world] [e8de36e0-d4b2-315e-8c5d-b2baec5db3bf] The Player <GolemDaWanderer> has slain Skeleton at X= -10299, Y= 36, Z= 4030
[2024-03-31 03:32:32] [world] [e8de36e0-d4b2-315e-8c5d-b2baec5db3bf] The Player <GolemDaWanderer> has slain Skeleton at X= -10299, Y= 36, Z= 4031
[2024-03-31 03:32:34] [world] [e8de36e0-d4b2-315e-8c5d-b2baec5db3bf] The Player <GolemDaWanderer> has slain Skeleton at X= -10299, Y= 37, Z= 4030
[2024-03-31 03:32:37] [world] [e8de36e0-d4b2-315e-8c5d-b2baec5db3bf] The Player <GolemDaWanderer> has slain Skeleton at X= -10299, Y= 37, Z= 4030
[2024-03-31 03:32:41] [world] [e8de36e0-d4b2-315e-8c5d-b2baec5db3bf] The Player <GolemDaWanderer> has slain Skeleton at X= -10299, Y= 36, Z= 4030
[2024-03-31 03:32:42] [world] [e8de36e0-d4b2-315e-8c5d-b2baec5db3bf] The Player <GolemDaWanderer> has slain Skeleton at X= -10299, Y= 36, Z= 4030
[2024-03-31 03:32:50] [world] [e8de36e0-d4b2-315e-8c5d-b2baec5db3bf] The Player <GolemDaWanderer> has slain Skeleton at X= -10299, Y= 36, Z= 4030
[2024-03-31 03:32:51] [world] [e8de36e0-d4b2-315e-8c5d-b2baec5db3bf] The Player <GolemDaWanderer> has slain Skeleton at X= -10299, Y= 37, Z= 4030
[2024-03-31 03:33:02] [world] [e8de36e0-d4b2-315e-8c5d-b2baec5db3bf] The Player <GolemDaWanderer> has slain Skeleton at X= -10299, Y= 36, Z= 4030
[2024-03-31 03:33:02] [world] [e8de36e0-d4b2-315e-8c5d-b2baec5db3bf] The Player <GolemDaWanderer> has slain Skeleton at X= -10299, Y= 36, Z= 4030
[2024-03-31 03:33:03] [world] [e8de36e0-d4b2-315e-8c5d-b2baec5db3bf] The Player <GolemDaWanderer> has slain Skeleton at X= -10299, Y= 36, Z= 4030
[2024-03-31 03:33:04] [world] [e8de36e0-d4b2-315e-8c5d-b2baec5db3bf] The Player <GolemDaWanderer> has slain Skeleton at X= -10299, Y= 36, Z= 4030
[2024-03-31 03:33:05] [world] [e8de36e0-d4b2-315e-8c5d-b2baec5db3bf] The Player <GolemDaWanderer> has slain Skeleton at X= -10299, Y= 36, Z= 4030
[2024-03-31 03:33:06] [world] [e8de36e0-d4b2-315e-8c5d-b2baec5db3bf] The Player <GolemDaWanderer> has slain Skeleton at X= -10299, Y= 36, Z= 4030
[2024-03-31 03:33:07] [world] [e8de36e0-d4b2-315e-8c5d-b2baec5db3bf] The Player <GolemDaWanderer> has slain Skeleton at X= -10299, Y= 36, Z= 4030
[2024-03-31 03:33:07] [world] [e8de36e0-d4b2-315e-8c5d-b2baec5db3bf] The Player <GolemDaWanderer> has slain Skeleton at X= -10299, Y= 36, Z= 4030
[2024-03-31 03:33:08] [world] [e8de36e0-d4b2-315e-8c5d-b2baec5db3bf] The Player <GolemDaWanderer> has slain Skeleton at X= -10299, Y= 36, Z= 4030
[2024-03-31 03:33:13] [world] [e8de36e0-d4b2-315e-8c5d-b2baec5db3bf] The Player <GolemDaWanderer> has slain Skeleton at X= -10299, Y= 36, Z= 4030
[2024-03-31 03:33:14] [world] [e8de36e0-d4b2-315e-8c5d-b2baec5db3bf] The Player <GolemDaWanderer> has slain Skeleton at X= -10299, Y= 36, Z= 4030
[2024-03-31 03:33:15] [world] [e8de36e0-d4b2-315e-8c5d-b2baec5db3bf] The Player <GolemDaWanderer> has slain Skeleton at X= -10299, Y= 36, Z= 4030
[2024-03-31 03:33:16] [world] [e8de36e0-d4b2-315e-8c5d-b2baec5db3bf] The Player <GolemDaWanderer> has slain Skeleton at X= -10299, Y= 36, Z= 4030
[2024-03-31 03:33:16] [world] [e8de36e0-d4b2-315e-8c5d-b2baec5db3bf] The Player <GolemDaWanderer> has slain Skeleton at X= -10299, Y= 36, Z= 4030
[2024-03-31 03:33:19] [world] [e8de36e0-d4b2-315e-8c5d-b2baec5db3bf] The Player <GolemDaWanderer> has slain Skeleton at X= -10299, Y= 36, Z= 4030
[2024-03-31 03:33:21] [world] [e8de36e0-d4b2-315e-8c5d-b2baec5db3bf] The Player <GolemDaWanderer> has slain Skeleton at X= -10300, Y= 36, Z= 4030
[2024-03-31 03:33:22] [world] [e8de36e0-d4b2-315e-8c5d-b2baec5db3bf] The Player <GolemDaWanderer> has slain Skeleton at X= -10299, Y= 36, Z= 4030
[2024-03-31 03:33:22] [world] [e8de36e0-d4b2-315e-8c5d-b2baec5db3bf] The Player <GolemDaWanderer> has slain Skeleton at X= -10300, Y= 36, Z= 4031
[2024-03-31 03:33:22] [world] [e8de36e0-d4b2-315e-8c5d-b2baec5db3bf] The Player <GolemDaWanderer> has slain Skeleton at X= -10299, Y= 36, Z= 4030
[2024-03-31 03:43:18] [world] [e8de36e0-d4b2-315e-8c5d-b2baec5db3bf] The Player <GolemDaWanderer> has slain Skeleton at X= -10299, Y= 36, Z= 4030
[2024-03-31 03:43:19] [world] [e8de36e0-d4b2-315e-8c5d-b2baec5db3bf] The Player <GolemDaWanderer> has slain Skeleton at X= -10299, Y= 36, Z= 4030
[2024-03-31 03:43:19] [world] [e8de36e0-d4b2-315e-8c5d-b2baec5db3bf] The Player <GolemDaWanderer> has slain Skeleton at X= -10299, Y= 36, Z= 4031
[2024-03-31 03:43:19] [world] [e8de36e0-d4b2-315e-8c5d-b2baec5db3bf] The Player <GolemDaWanderer> has slain Skeleton at X= -10299, Y= 36, Z= 4030
[2024-03-31 03:43:20] [world] [e8de36e0-d4b2-315e-8c5d-b2baec5db3bf] The Player <GolemDaWanderer> has slain Skeleton at X= -10299, Y= 36, Z= 4030
[2024-03-31 03:43:20] [world] [e8de36e0-d4b2-315e-8c5d-b2baec5db3bf] The Player <GolemDaWanderer> has slain Skeleton at X= -10299, Y= 36, Z= 4031
[2024-03-31 03:43:20] [world] [e8de36e0-d4b2-315e-8c5d-b2baec5db3bf] The Player <GolemDaWanderer> has slain Skeleton at X= -10299, Y= 36, Z= 4031
[2024-03-31 03:43:21] [world] [e8de36e0-d4b2-315e-8c5d-b2baec5db3bf] The Player <GolemDaWanderer> has slain Skeleton at X= -10299, Y= 36, Z= 4030
[2024-03-31 03:43:21] [world] [e8de36e0-d4b2-315e-8c5d-b2baec5db3bf] The Player <GolemDaWanderer> has slain Skeleton at X= -10299, Y= 36, Z= 4030
[2024-03-31 03:43:21] [world] [e8de36e0-d4b2-315e-8c5d-b2baec5db3bf] The Player <GolemDaWanderer> has slain Skeleton at X= -10299, Y= 36, Z= 4031
[2024-03-31 03:43:22] [world] [e8de36e0-d4b2-315e-8c5d-b2baec5db3bf] The Player <GolemDaWanderer> has slain Skeleton at X= -10299, Y= 36, Z= 4031
[2024-03-31 03:43:22] [world] [e8de36e0-d4b2-315e-8c5d-b2baec5db3bf] The Player <GolemDaWanderer> has slain Skeleton at X= -10299, Y= 36, Z= 4030
[2024-03-31 03:43:22] [world] [e8de36e0-d4b2-315e-8c5d-b2baec5db3bf] The Player <GolemDaWanderer> has slain Skeleton at X= -10299, Y= 36, Z= 4030
[2024-03-31 03:43:23] [world] [e8de36e0-d4b2-315e-8c5d-b2baec5db3bf] The Player <GolemDaWanderer> has slain Skeleton at X= -10299, Y= 36, Z= 4030
[2024-03-31 03:43:24] [world] [e8de36e0-d4b2-315e-8c5d-b2baec5db3bf] The Player <GolemDaWanderer> has slain Skeleton at X= -10299, Y= 36, Z= 4030
[2024-03-31 03:43:24] [world] [e8de36e0-d4b2-315e-8c5d-b2baec5db3bf] The Player <GolemDaWanderer> has slain Skeleton at X= -10299, Y= 36, Z= 4031
[2024-03-31 03:43:24] [world] [e8de36e0-d4b2-315e-8c5d-b2baec5db3bf] The Player <GolemDaWanderer> has slain Skeleton at X= -10299, Y= 36, Z= 4030
[2024-03-31 03:43:25] [world] [e8de36e0-d4b2-315e-8c5d-b2baec5db3bf] The Player <GolemDaWanderer> has slain Skeleton at X= -10299, Y= 36, Z= 4031
[2024-03-31 03:43:26] [world] [e8de36e0-d4b2-315e-8c5d-b2baec5db3bf] The Player <GolemDaWanderer> has slain Skeleton at X= -10299, Y= 36, Z= 4031
[2024-03-31 03:43:26] [world] [e8de36e0-d4b2-315e-8c5d-b2baec5db3bf] The Player <GolemDaWanderer> has slain Skeleton at X= -10299, Y= 36, Z= 4030
[2024-03-31 03:43:27] [world] [e8de36e0-d4b2-315e-8c5d-b2baec5db3bf] The Player <GolemDaWanderer> has slain Skeleton at X= -10299, Y= 36, Z= 4031
[2024-03-31 03:43:28] [world] [e8de36e0-d4b2-315e-8c5d-b2baec5db3bf] The Player <GolemDaWanderer> has slain Skeleton at X= -10299, Y= 36, Z= 4030
[2024-03-31 03:43:28] [world] [e8de36e0-d4b2-315e-8c5d-b2baec5db3bf] The Player <GolemDaWanderer> has slain Skeleton at X= -10300, Y= 36, Z= 4030
[2024-03-31 03:43:29] [world] [e8de36e0-d4b2-315e-8c5d-b2baec5db3bf] The Player <GolemDaWanderer> has slain Skeleton at X= -10300, Y= 36, Z= 4030
[2024-03-31 03:43:30] [world] [e8de36e0-d4b2-315e-8c5d-b2baec5db3bf] The Player <GolemDaWanderer> has slain Skeleton at X= -10299, Y= 36, Z= 4031
[2024-03-31 03:43:31] [world] [e8de36e0-d4b2-315e-8c5d-b2baec5db3bf] The Player <GolemDaWanderer> has slain Skeleton at X= -10300, Y= 36, Z= 4030
[2024-03-31 03:43:31] [world] [e8de36e0-d4b2-315e-8c5d-b2baec5db3bf] The Player <GolemDaWanderer> has slain Skeleton at X= -10299, Y= 36, Z= 4031
[2024-03-31 03:43:32] [world] [e8de36e0-d4b2-315e-8c5d-b2baec5db3bf] The Player <GolemDaWanderer> has slain Skeleton at X= -10300, Y= 36, Z= 4031
[2024-03-31 03:43:33] [world] [e8de36e0-d4b2-315e-8c5d-b2baec5db3bf] The Player <GolemDaWanderer> has slain Skeleton at X= -10299, Y= 36, Z= 4031
[2024-03-31 03:43:33] [world] [e8de36e0-d4b2-315e-8c5d-b2baec5db3bf] The Player <GolemDaWanderer> has slain Skeleton at X= -10300, Y= 36, Z= 4030
[2024-03-31 03:43:34] [world] [e8de36e0-d4b2-315e-8c5d-b2baec5db3bf] The Player <GolemDaWanderer> has slain Skeleton at X= -10300, Y= 36, Z= 4031
[2024-03-31 03:43:35] [world] [e8de36e0-d4b2-315e-8c5d-b2baec5db3bf] The Player <GolemDaWanderer> has slain Skeleton at X= -10300, Y= 36, Z= 4030
[2024-03-31 03:43:35] [world] [e8de36e0-d4b2-315e-8c5d-b2baec5db3bf] The Player <GolemDaWanderer> has slain Skeleton at X= -10299, Y= 36, Z= 4031
[2024-03-31 03:43:35] [world] [e8de36e0-d4b2-315e-8c5d-b2baec5db3bf] The Player <GolemDaWanderer> has slain Skeleton at X= -10299, Y= 36, Z= 4031
[2024-03-31 03:43:36] [world] [e8de36e0-d4b2-315e-8c5d-b2baec5db3bf] The Player <GolemDaWanderer> has slain Skeleton at X= -10300, Y= 36, Z= 4030
[2024-03-31 03:43:37] [world] [e8de36e0-d4b2-315e-8c5d-b2baec5db3bf] The Player <GolemDaWanderer> has slain Skeleton at X= -10300, Y= 36, Z= 4031
[2024-03-31 03:43:37] [world] [e8de36e0-d4b2-315e-8c5d-b2baec5db3bf] The Player <GolemDaWanderer> has slain Skeleton at X= -10300, Y= 36, Z= 4030
[2024-03-31 03:43:38] [world] [e8de36e0-d4b2-315e-8c5d-b2baec5db3bf] The Player <GolemDaWanderer> has slain Skeleton at X= -10300, Y= 36, Z= 4031
[2024-03-31 03:43:38] [world] [e8de36e0-d4b2-315e-8c5d-b2baec5db3bf] The Player <GolemDaWanderer> has slain Skeleton at X= -10300, Y= 36, Z= 4031
[2024-03-31 03:43:39] [world] [e8de36e0-d4b2-315e-8c5d-b2baec5db3bf] The Player <GolemDaWanderer> has slain Skeleton at X= -10300, Y= 36, Z= 4031
[2024-03-31 03:43:41] [world] [e8de36e0-d4b2-315e-8c5d-b2baec5db3bf] The Player <GolemDaWanderer> has slain Skeleton at X= -10300, Y= 36, Z= 4031
[2024-03-31 03:43:41] [world] [e8de36e0-d4b2-315e-8c5d-b2baec5db3bf] The Player <GolemDaWanderer> has slain Skeleton at X= -10300, Y= 36, Z= 4031
[2024-03-31 03:43:42] [world] [e8de36e0-d4b2-315e-8c5d-b2baec5db3bf] The Player <GolemDaWanderer> has slain Skeleton at X= -10300, Y= 36, Z= 4031
[2024-03-31 03:43:43] [world] [e8de36e0-d4b2-315e-8c5d-b2baec5db3bf] The Player <GolemDaWanderer> has slain Skeleton at X= -10300, Y= 36, Z= 4030
[2024-03-31 03:43:43] [world] [e8de36e0-d4b2-315e-8c5d-b2baec5db3bf] The Player <GolemDaWanderer> has slain Skeleton at X= -10300, Y= 36, Z= 4031
[2024-03-31 03:43:43] [world] [e8de36e0-d4b2-315e-8c5d-b2baec5db3bf] The Player <GolemDaWanderer> has slain Skeleton at X= -10300, Y= 36, Z= 4030
[2024-03-31 03:43:43] [world] [e8de36e0-d4b2-315e-8c5d-b2baec5db3bf] The Player <GolemDaWanderer> has slain Skeleton at X= -10300, Y= 36, Z= 4031
[2024-03-31 03:43:44] [world] [e8de36e0-d4b2-315e-8c5d-b2baec5db3bf] The Player <GolemDaWanderer> has slain Skeleton at X= -10300, Y= 36, Z= 4031
[2024-03-31 03:43:44] [world] [e8de36e0-d4b2-315e-8c5d-b2baec5db3bf] The Player <GolemDaWanderer> has slain Skeleton at X= -10300, Y= 36, Z= 4031
[2024-03-31 03:43:44] [world] [e8de36e0-d4b2-315e-8c5d-b2baec5db3bf] The Player <GolemDaWanderer> has slain Skeleton at X= -10300, Y= 36, Z= 4031
[2024-03-31 03:43:45] [world] [e8de36e0-d4b2-315e-8c5d-b2baec5db3bf] The Player <GolemDaWanderer> has slain Skeleton at X= -10299, Y= 36, Z= 4030
[2024-03-31 03:43:45] [world] [e8de36e0-d4b2-315e-8c5d-b2baec5db3bf] The Player <GolemDaWanderer> has slain Skeleton at X= -10300, Y= 36, Z= 4031
[2024-03-31 10:01:17] [world] [0a5b6dd8-f370-39c9-b3a0-78aee983ac06] The Player <BTC> has slain Cow at X= -3149, Y= 62, Z= 971
[2024-03-31 10:01:29] [world] [0a5b6dd8-f370-39c9-b3a0-78aee983ac06] The Player <BTC> has slain Cow at X= -3142, Y= 66, Z= 987
[2024-03-31 10:01:37] [world] [0a5b6dd8-f370-39c9-b3a0-78aee983ac06] The Player <BTC> has slain Cow at X= -3148, Y= 63, Z= 988
[2024-03-31 10:01:43] [world] [0a5b6dd8-f370-39c9-b3a0-78aee983ac06] The Player <BTC> has slain Cow at X= -3148, Y= 64, Z= 983
[2024-03-31 10:36:18] [world] [0a5b6dd8-f370-39c9-b3a0-78aee983ac06] The Player <BTC> has slain Spider at X= -3082, Y= 64, Z= 920
[2024-03-31 10:36:29] [world] [0a5b6dd8-f370-39c9-b3a0-78aee983ac06] The Player <BTC> has slain Spider at X= -3088, Y= 64, Z= 920
[2024-03-31 12:47:38] [world] [e8de36e0-d4b2-315e-8c5d-b2baec5db3bf] The Player <GolemDaWanderer> has slain Skeleton at X= -10299, Y= 36, Z= 4030
[2024-03-31 12:47:39] [world] [e8de36e0-d4b2-315e-8c5d-b2baec5db3bf] The Player <GolemDaWanderer> has slain Skeleton at X= -10299, Y= 36, Z= 4030
[2024-03-31 12:47:41] [world] [e8de36e0-d4b2-315e-8c5d-b2baec5db3bf] The Player <GolemDaWanderer> has slain Skeleton at X= -10299, Y= 36, Z= 4030
[2024-03-31 12:47:44] [world] [e8de36e0-d4b2-315e-8c5d-b2baec5db3bf] The Player <GolemDaWanderer> has slain Skeleton at X= -10299, Y= 36, Z= 4030
[2024-03-31 12:47:45] [world] [e8de36e0-d4b2-315e-8c5d-b2baec5db3bf] The Player <GolemDaWanderer> has slain Skeleton at X= -10299, Y= 36, Z= 4030
[2024-03-31 12:47:48] [world] [e8de36e0-d4b2-315e-8c5d-b2baec5db3bf] The Player <GolemDaWanderer> has slain Skeleton at X= -10299, Y= 36, Z= 4030
[2024-03-31 12:47:51] [world] [e8de36e0-d4b2-315e-8c5d-b2baec5db3bf] The Player <GolemDaWanderer> has slain Skeleton at X= -10299, Y= 36, Z= 4030
[2024-03-31 12:47:53] [world] [e8de36e0-d4b2-315e-8c5d-b2baec5db3bf] The Player <GolemDaWanderer> has slain Skeleton at X= -10299, Y= 36, Z= 4030
[2024-03-31 12:47:56] [world] [e8de36e0-d4b2-315e-8c5d-b2baec5db3bf] The Player <GolemDaWanderer> has slain Skeleton at X= -10299, Y= 36, Z= 4031
[2024-03-31 12:47:57] [world] [e8de36e0-d4b2-315e-8c5d-b2baec5db3bf] The Player <GolemDaWanderer> has slain Skeleton at X= -10300, Y= 36, Z= 4031
[2024-03-31 12:47:59] [world] [e8de36e0-d4b2-315e-8c5d-b2baec5db3bf] The Player <GolemDaWanderer> has slain Skeleton at X= -10299, Y= 36, Z= 4031
[2024-03-31 12:48:01] [world] [e8de36e0-d4b2-315e-8c5d-b2baec5db3bf] The Player <GolemDaWanderer> has slain Skeleton at X= -10299, Y= 36, Z= 4030
[2024-03-31 12:48:03] [world] [e8de36e0-d4b2-315e-8c5d-b2baec5db3bf] The Player <GolemDaWanderer> has slain Skeleton at X= -10299, Y= 36, Z= 4030
[2024-03-31 12:48:06] [world] [e8de36e0-d4b2-315e-8c5d-b2baec5db3bf] The Player <GolemDaWanderer> has slain Skeleton at X= -10300, Y= 36, Z= 4030
[2024-03-31 12:48:07] [world] [e8de36e0-d4b2-315e-8c5d-b2baec5db3bf] The Player <GolemDaWanderer> has slain Skeleton at X= -10300, Y= 36, Z= 4031
[2024-03-31 12:48:10] [world] [e8de36e0-d4b2-315e-8c5d-b2baec5db3bf] The Player <GolemDaWanderer> has slain Skeleton at X= -10300, Y= 36, Z= 4031
[2024-03-31 12:48:11] [world] [e8de36e0-d4b2-315e-8c5d-b2baec5db3bf] The Player <GolemDaWanderer> has slain Skeleton at X= -10299, Y= 36, Z= 4030
[2024-03-31 12:48:13] [world] [e8de36e0-d4b2-315e-8c5d-b2baec5db3bf] The Player <GolemDaWanderer> has slain Skeleton at X= -10299, Y= 36, Z= 4030
[2024-03-31 12:48:16] [world] [e8de36e0-d4b2-315e-8c5d-b2baec5db3bf] The Player <GolemDaWanderer> has slain Skeleton at X= -10300, Y= 36, Z= 4031
[2024-03-31 12:48:16] [world] [e8de36e0-d4b2-315e-8c5d-b2baec5db3bf] The Player <GolemDaWanderer> has slain Skeleton at X= -10300, Y= 36, Z= 4031
[2024-03-31 12:48:19] [world] [e8de36e0-d4b2-315e-8c5d-b2baec5db3bf] The Player <GolemDaWanderer> has slain Skeleton at X= -10299, Y= 36, Z= 4030
[2024-03-31 12:48:22] [world] [e8de36e0-d4b2-315e-8c5d-b2baec5db3bf] The Player <GolemDaWanderer> has slain Skeleton at X= -10300, Y= 36, Z= 4031
[2024-03-31 12:48:23] [world] [e8de36e0-d4b2-315e-8c5d-b2baec5db3bf] The Player <GolemDaWanderer> has slain Skeleton at X= -10300, Y= 36, Z= 4031
[2024-03-31 12:48:24] [world] [e8de36e0-d4b2-315e-8c5d-b2baec5db3bf] The Player <GolemDaWanderer> has slain Skeleton at X= -10300, Y= 36, Z= 4031
[2024-03-31 12:48:24] [world] [e8de36e0-d4b2-315e-8c5d-b2baec5db3bf] The Player <GolemDaWanderer> has slain Skeleton at X= -10300, Y= 36, Z= 4031
[2024-03-31 12:48:26] [world] [e8de36e0-d4b2-315e-8c5d-b2baec5db3bf] The Player <GolemDaWanderer> has slain Skeleton at X= -10299, Y= 36, Z= 4030
[2024-03-31 12:48:28] [world] [e8de36e0-d4b2-315e-8c5d-b2baec5db3bf] The Player <GolemDaWanderer> has slain Skeleton at X= -10300, Y= 36, Z= 4031
[2024-03-31 12:48:29] [world] [e8de36e0-d4b2-315e-8c5d-b2baec5db3bf] The Player <GolemDaWanderer> has slain Skeleton at X= -10300, Y= 36, Z= 4031
[2024-03-31 12:48:30] [world] [e8de36e0-d4b2-315e-8c5d-b2baec5db3bf] The Player <GolemDaWanderer> has slain Skeleton at X= -10299, Y= 36, Z= 4030
[2024-03-31 12:48:33] [world] [e8de36e0-d4b2-315e-8c5d-b2baec5db3bf] The Player <GolemDaWanderer> has slain Skeleton at X= -10299, Y= 36, Z= 4030
[2024-03-31 12:48:34] [world] [e8de36e0-d4b2-315e-8c5d-b2baec5db3bf] The Player <GolemDaWanderer> has slain Skeleton at X= -10299, Y= 36, Z= 4030
[2024-03-31 12:48:37] [world] [e8de36e0-d4b2-315e-8c5d-b2baec5db3bf] The Player <GolemDaWanderer> has slain Skeleton at X= -10300, Y= 36, Z= 4031
[2024-03-31 12:48:38] [world] [e8de36e0-d4b2-315e-8c5d-b2baec5db3bf] The Player <GolemDaWanderer> has slain Skeleton at X= -10299, Y= 36, Z= 4030
[2024-03-31 12:48:40] [world] [e8de36e0-d4b2-315e-8c5d-b2baec5db3bf] The Player <GolemDaWanderer> has slain Skeleton at X= -10299, Y= 36, Z= 4031
[2024-03-31 12:48:42] [world] [e8de36e0-d4b2-315e-8c5d-b2baec5db3bf] The Player <GolemDaWanderer> has slain Skeleton at X= -10300, Y= 36, Z= 4031
[2024-03-31 12:48:43] [world] [e8de36e0-d4b2-315e-8c5d-b2baec5db3bf] The Player <GolemDaWanderer> has slain Skeleton at X= -10300, Y= 36, Z= 4031
[2024-03-31 12:48:44] [world] [e8de36e0-d4b2-315e-8c5d-b2baec5db3bf] The Player <GolemDaWanderer> has slain Skeleton at X= -10299, Y= 36, Z= 4031
[2024-03-31 12:48:46] [world] [e8de36e0-d4b2-315e-8c5d-b2baec5db3bf] The Player <GolemDaWanderer> has slain Skeleton at X= -10299, Y= 36, Z= 4031
[2024-03-31 12:48:48] [world] [e8de36e0-d4b2-315e-8c5d-b2baec5db3bf] The Player <GolemDaWanderer> has slain Skeleton at X= -10299, Y= 36, Z= 4030
[2024-03-31 12:48:51] [world] [e8de36e0-d4b2-315e-8c5d-b2baec5db3bf] The Player <GolemDaWanderer> has slain Skeleton at X= -10299, Y= 36, Z= 4030
[2024-03-31 12:48:53] [world] [e8de36e0-d4b2-315e-8c5d-b2baec5db3bf] The Player <GolemDaWanderer> has slain Skeleton at X= -10299, Y= 36, Z= 4030
[2024-03-31 12:48:54] [world] [e8de36e0-d4b2-315e-8c5d-b2baec5db3bf] The Player <GolemDaWanderer> has slain Skeleton at X= -10299, Y= 36, Z= 4031
[2024-03-31 12:48:55] [world] [e8de36e0-d4b2-315e-8c5d-b2baec5db3bf] The Player <GolemDaWanderer> has slain Skeleton at X= -10299, Y= 36, Z= 4030
[2024-03-31 12:48:56] [world] [e8de36e0-d4b2-315e-8c5d-b2baec5db3bf] The Player <GolemDaWanderer> has slain Skeleton at X= -10299, Y= 36, Z= 4031
[2024-03-31 12:48:57] [world] [e8de36e0-d4b2-315e-8c5d-b2baec5db3bf] The Player <GolemDaWanderer> has slain Skeleton at X= -10299, Y= 36, Z= 4030
[2024-03-31 12:49:00] [world] [e8de36e0-d4b2-315e-8c5d-b2baec5db3bf] The Player <GolemDaWanderer> has slain Skeleton at X= -10299, Y= 36, Z= 4030
[2024-03-31 12:49:01] [world] [e8de36e0-d4b2-315e-8c5d-b2baec5db3bf] The Player <GolemDaWanderer> has slain Skeleton at X= -10299, Y= 36, Z= 4030
[2024-03-31 12:49:04] [world] [e8de36e0-d4b2-315e-8c5d-b2baec5db3bf] The Player <GolemDaWanderer> has slain Skeleton at X= -10299, Y= 36, Z= 4030
[2024-03-31 12:49:07] [world] [e8de36e0-d4b2-315e-8c5d-b2baec5db3bf] The Player <GolemDaWanderer> has slain Skeleton at X= -10300, Y= 36, Z= 4031
[2024-03-31 12:49:08] [world] [e8de36e0-d4b2-315e-8c5d-b2baec5db3bf] The Player <GolemDaWanderer> has slain Skeleton at X= -10299, Y= 36, Z= 4031
[2024-03-31 12:49:09] [world] [e8de36e0-d4b2-315e-8c5d-b2baec5db3bf] The Player <GolemDaWanderer> has slain Skeleton at X= -10299, Y= 36, Z= 4031
[2024-03-31 12:49:10] [world] [e8de36e0-d4b2-315e-8c5d-b2baec5db3bf] The Player <GolemDaWanderer> has slain Skeleton at X= -10300, Y= 36, Z= 4031
[2024-03-31 12:49:11] [world] [e8de36e0-d4b2-315e-8c5d-b2baec5db3bf] The Player <GolemDaWanderer> has slain Skeleton at X= -10300, Y= 36, Z= 4031
[2024-03-31 12:49:13] [world] [e8de36e0-d4b2-315e-8c5d-b2baec5db3bf] The Player <GolemDaWanderer> has slain Skeleton at X= -10299, Y= 36, Z= 4030
[2024-03-31 12:49:20] [world] [e8de36e0-d4b2-315e-8c5d-b2baec5db3bf] The Player <GolemDaWanderer> has slain Skeleton at X= -10300, Y= 36, Z= 4030
[2024-03-31 12:49:22] [world] [e8de36e0-d4b2-315e-8c5d-b2baec5db3bf] The Player <GolemDaWanderer> has slain Skeleton at X= -10300, Y= 36, Z= 4030
[2024-03-31 12:49:22] [world] [e8de36e0-d4b2-315e-8c5d-b2baec5db3bf] The Player <GolemDaWanderer> has slain Skeleton at X= -10299, Y= 36, Z= 4030
[2024-03-31 12:49:25] [world] [e8de36e0-d4b2-315e-8c5d-b2baec5db3bf] The Player <GolemDaWanderer> has slain Skeleton at X= -10299, Y= 36, Z= 4030
[2024-03-31 12:49:28] [world] [e8de36e0-d4b2-315e-8c5d-b2baec5db3bf] The Player <GolemDaWanderer> has slain Skeleton at X= -10299, Y= 36, Z= 4031
[2024-03-31 12:49:29] [world] [e8de36e0-d4b2-315e-8c5d-b2baec5db3bf] The Player <GolemDaWanderer> has slain Skeleton at X= -10300, Y= 36, Z= 4031
[2024-03-31 12:49:30] [world] [e8de36e0-d4b2-315e-8c5d-b2baec5db3bf] The Player <GolemDaWanderer> has slain Skeleton at X= -10299, Y= 36, Z= 4030
[2024-03-31 12:49:33] [world] [e8de36e0-d4b2-315e-8c5d-b2baec5db3bf] The Player <GolemDaWanderer> has slain Skeleton at X= -10299, Y= 36, Z= 4030
[2024-03-31 12:49:35] [world] [e8de36e0-d4b2-315e-8c5d-b2baec5db3bf] The Player <GolemDaWanderer> has slain Skeleton at X= -10299, Y= 36, Z= 4030
[2024-03-31 12:49:51] [world] [e8de36e0-d4b2-315e-8c5d-b2baec5db3bf] The Player <GolemDaWanderer> has slain Skeleton at X= -10300, Y= 36, Z= 4030
[2024-03-31 12:49:52] [world] [e8de36e0-d4b2-315e-8c5d-b2baec5db3bf] The Player <GolemDaWanderer> has slain Skeleton at X= -10299, Y= 36, Z= 4031
[2024-03-31 12:49:55] [world] [e8de36e0-d4b2-315e-8c5d-b2baec5db3bf] The Player <GolemDaWanderer> has slain Skeleton at X= -10299, Y= 36, Z= 4030
[2024-03-31 12:49:57] [world] [e8de36e0-d4b2-315e-8c5d-b2baec5db3bf] The Player <GolemDaWanderer> has slain Skeleton at X= -10300, Y= 36, Z= 4030
[2024-03-31 12:49:58] [world] [e8de36e0-d4b2-315e-8c5d-b2baec5db3bf] The Player <GolemDaWanderer> has slain Skeleton at X= -10299, Y= 36, Z= 4030
[2024-03-31 12:50:01] [world] [e8de36e0-d4b2-315e-8c5d-b2baec5db3bf] The Player <GolemDaWanderer> has slain Skeleton at X= -10299, Y= 36, Z= 4030
[2024-03-31 12:50:04] [world] [e8de36e0-d4b2-315e-8c5d-b2baec5db3bf] The Player <GolemDaWanderer> has slain Skeleton at X= -10299, Y= 36, Z= 4031
[2024-03-31 12:50:08] [world] [e8de36e0-d4b2-315e-8c5d-b2baec5db3bf] The Player <GolemDaWanderer> has slain Skeleton at X= -10299, Y= 36, Z= 4031
[2024-03-31 12:50:09] [world] [e8de36e0-d4b2-315e-8c5d-b2baec5db3bf] The Player <GolemDaWanderer> has slain Skeleton at X= -10299, Y= 36, Z= 4030
[2024-03-31 12:50:12] [world] [e8de36e0-d4b2-315e-8c5d-b2baec5db3bf] The Player <GolemDaWanderer> has slain Skeleton at X= -10299, Y= 36, Z= 4030
[2024-03-31 12:50:15] [world] [e8de36e0-d4b2-315e-8c5d-b2baec5db3bf] The Player <GolemDaWanderer> has slain Skeleton at X= -10299, Y= 36, Z= 4030
[2024-03-31 12:50:19] [world] [e8de36e0-d4b2-315e-8c5d-b2baec5db3bf] The Player <GolemDaWanderer> has slain Skeleton at X= -10299, Y= 36, Z= 4030
[2024-03-31 12:50:22] [world] [e8de36e0-d4b2-315e-8c5d-b2baec5db3bf] The Player <GolemDaWanderer> has slain Skeleton at X= -10299, Y= 36, Z= 4030
[2024-03-31 12:50:26] [world] [e8de36e0-d4b2-315e-8c5d-b2baec5db3bf] The Player <GolemDaWanderer> has slain Skeleton at X= -10299, Y= 36, Z= 4030
[2024-03-31 12:50:29] [world] [e8de36e0-d4b2-315e-8c5d-b2baec5db3bf] The Player <GolemDaWanderer> has slain Skeleton at X= -10299, Y= 36, Z= 4030
[2024-03-31 12:50:31] [world] [e8de36e0-d4b2-315e-8c5d-b2baec5db3bf] The Player <GolemDaWanderer> has slain Skeleton at X= -10299, Y= 36, Z= 4030
[2024-03-31 12:50:36] [world] [e8de36e0-d4b2-315e-8c5d-b2baec5db3bf] The Player <GolemDaWanderer> has slain Skeleton at X= -10299, Y= 37, Z= 4030
[2024-03-31 12:50:38] [world] [e8de36e0-d4b2-315e-8c5d-b2baec5db3bf] The Player <GolemDaWanderer> has slain Skeleton at X= -10299, Y= 36, Z= 4030
[2024-03-31 12:50:43] [world] [e8de36e0-d4b2-315e-8c5d-b2baec5db3bf] The Player <GolemDaWanderer> has slain Skeleton at X= -10299, Y= 36, Z= 4030
[2024-03-31 12:50:45] [world] [e8de36e0-d4b2-315e-8c5d-b2baec5db3bf] The Player <GolemDaWanderer> has slain Skeleton at X= -10299, Y= 36, Z= 4030
[2024-03-31 12:50:51] [world] [e8de36e0-d4b2-315e-8c5d-b2baec5db3bf] The Player <GolemDaWanderer> has slain Skeleton at X= -10299, Y= 36, Z= 4030
[2024-03-31 12:50:57] [world] [e8de36e0-d4b2-315e-8c5d-b2baec5db3bf] The Player <GolemDaWanderer> has slain Skeleton at X= -10299, Y= 36, Z= 4030
[2024-03-31 12:51:03] [world] [e8de36e0-d4b2-315e-8c5d-b2baec5db3bf] The Player <GolemDaWanderer> has slain Skeleton at X= -10299, Y= 36, Z= 4030
[2024-03-31 12:51:07] [world] [e8de36e0-d4b2-315e-8c5d-b2baec5db3bf] The Player <GolemDaWanderer> has slain Skeleton at X= -10299, Y= 36, Z= 4030
[2024-03-31 12:51:10] [world] [e8de36e0-d4b2-315e-8c5d-b2baec5db3bf] The Player <GolemDaWanderer> has slain Skeleton at X= -10299, Y= 37, Z= 4030
[2024-03-31 12:51:11] [world] [e8de36e0-d4b2-315e-8c5d-b2baec5db3bf] The Player <GolemDaWanderer> has slain Skeleton at X= -10299, Y= 36, Z= 4030
[2024-03-31 12:51:15] [world] [e8de36e0-d4b2-315e-8c5d-b2baec5db3bf] The Player <GolemDaWanderer> has slain Skeleton at X= -10299, Y= 36, Z= 4030
[2024-03-31 12:51:19] [world] [e8de36e0-d4b2-315e-8c5d-b2baec5db3bf] The Player <GolemDaWanderer> has slain Skeleton at X= -10299, Y= 36, Z= 4030
[2024-03-31 12:51:27] [world] [e8de36e0-d4b2-315e-8c5d-b2baec5db3bf] The Player <GolemDaWanderer> has slain Skeleton at X= -10299, Y= 36, Z= 4031
[2024-03-31 12:51:28] [world] [e8de36e0-d4b2-315e-8c5d-b2baec5db3bf] The Player <GolemDaWanderer> has slain Skeleton at X= -10299, Y= 36, Z= 4030
[2024-03-31 12:51:30] [world] [e8de36e0-d4b2-315e-8c5d-b2baec5db3bf] The Player <GolemDaWanderer> has slain Skeleton at X= -10299, Y= 36, Z= 4030
[2024-03-31 12:51:35] [world] [e8de36e0-d4b2-315e-8c5d-b2baec5db3bf] The Player <GolemDaWanderer> has slain Skeleton at X= -10299, Y= 36, Z= 4030
[2024-03-31 12:51:41] [world] [e8de36e0-d4b2-315e-8c5d-b2baec5db3bf] The Player <GolemDaWanderer> has slain Skeleton at X= -10299, Y= 36, Z= 4030
[2024-03-31 12:51:44] [world] [e8de36e0-d4b2-315e-8c5d-b2baec5db3bf] The Player <GolemDaWanderer> has slain Skeleton at X= -10299, Y= 36, Z= 4031
[2024-03-31 12:51:49] [world] [e8de36e0-d4b2-315e-8c5d-b2baec5db3bf] The Player <GolemDaWanderer> has slain Skeleton at X= -10299, Y= 37, Z= 4030
[2024-03-31 12:51:53] [world] [e8de36e0-d4b2-315e-8c5d-b2baec5db3bf] The Player <GolemDaWanderer> has slain Skeleton at X= -10299, Y= 36, Z= 4030
[2024-03-31 12:51:59] [world] [e8de36e0-d4b2-315e-8c5d-b2baec5db3bf] The Player <GolemDaWanderer> has slain Skeleton at X= -10299, Y= 36, Z= 4030
[2024-03-31 12:52:14] [world] [e8de36e0-d4b2-315e-8c5d-b2baec5db3bf] The Player <GolemDaWanderer> has slain Skeleton at X= -10299, Y= 36, Z= 4030
[2024-03-31 12:52:16] [world] [e8de36e0-d4b2-315e-8c5d-b2baec5db3bf] The Player <GolemDaWanderer> has slain Skeleton at X= -10299, Y= 36, Z= 4030
[2024-03-31 12:52:22] [world] [e8de36e0-d4b2-315e-8c5d-b2baec5db3bf] The Player <GolemDaWanderer> has slain Skeleton at X= -10299, Y= 36, Z= 4030
[2024-03-31 12:52:28] [world] [e8de36e0-d4b2-315e-8c5d-b2baec5db3bf] The Player <GolemDaWanderer> has slain Skeleton at X= -10299, Y= 36, Z= 4031
[2024-03-31 12:52:29] [world] [e8de36e0-d4b2-315e-8c5d-b2baec5db3bf] The Player <GolemDaWanderer> has slain Skeleton at X= -10299, Y= 36, Z= 4030
[2024-03-31 12:52:32] [world] [e8de36e0-d4b2-315e-8c5d-b2baec5db3bf] The Player <GolemDaWanderer> has slain Skeleton at X= -10299, Y= 37, Z= 4031
[2024-03-31 12:52:38] [world] [e8de36e0-d4b2-315e-8c5d-b2baec5db3bf] The Player <GolemDaWanderer> has slain Skeleton at X= -10300, Y= 36, Z= 4030
[2024-03-31 12:52:39] [world] [e8de36e0-d4b2-315e-8c5d-b2baec5db3bf] The Player <GolemDaWanderer> has slain Skeleton at X= -10299, Y= 36, Z= 4031
[2024-03-31 12:52:42] [world] [e8de36e0-d4b2-315e-8c5d-b2baec5db3bf] The Player <GolemDaWanderer> has slain Skeleton at X= -10299, Y= 37, Z= 4031
[2024-03-31 12:52:44] [world] [e8de36e0-d4b2-315e-8c5d-b2baec5db3bf] The Player <GolemDaWanderer> has slain Skeleton at X= -10300, Y= 36, Z= 4031
[2024-03-31 12:52:46] [world] [e8de36e0-d4b2-315e-8c5d-b2baec5db3bf] The Player <GolemDaWanderer> has slain Skeleton at X= -10299, Y= 36, Z= 4030
[2024-03-31 12:52:59] [world] [e8de36e0-d4b2-315e-8c5d-b2baec5db3bf] The Player <GolemDaWanderer> has slain Skeleton at X= -10299, Y= 36, Z= 4030
[2024-03-31 12:53:02] [world] [e8de36e0-d4b2-315e-8c5d-b2baec5db3bf] The Player <GolemDaWanderer> has slain Skeleton at X= -10299, Y= 36, Z= 4030
[2024-03-31 12:53:58] [world] [e8de36e0-d4b2-315e-8c5d-b2baec5db3bf] The Player <GolemDaWanderer> has slain Skeleton at X= -10299, Y= 36, Z= 4030
[2024-03-31 12:54:02] [world] [e8de36e0-d4b2-315e-8c5d-b2baec5db3bf] The Player <GolemDaWanderer> has slain Skeleton at X= -10300, Y= 36, Z= 4031
[2024-03-31 12:54:06] [world] [e8de36e0-d4b2-315e-8c5d-b2baec5db3bf] The Player <GolemDaWanderer> has slain Skeleton at X= -10299, Y= 36, Z= 4031
[2024-03-31 12:54:07] [world] [e8de36e0-d4b2-315e-8c5d-b2baec5db3bf] The Player <GolemDaWanderer> has slain Skeleton at X= -10299, Y= 36, Z= 4030
[2024-03-31 12:54:08] [world] [e8de36e0-d4b2-315e-8c5d-b2baec5db3bf] The Player <GolemDaWanderer> has slain Skeleton at X= -10299, Y= 36, Z= 4030
[2024-03-31 12:54:09] [world] [e8de36e0-d4b2-315e-8c5d-b2baec5db3bf] The Player <GolemDaWanderer> has slain Skeleton at X= -10299, Y= 36, Z= 4030
[2024-03-31 12:54:10] [world] [e8de36e0-d4b2-315e-8c5d-b2baec5db3bf] The Player <GolemDaWanderer> has slain Skeleton at X= -10299, Y= 36, Z= 4030
[2024-03-31 12:54:12] [world] [e8de36e0-d4b2-315e-8c5d-b2baec5db3bf] The Player <GolemDaWanderer> has slain Skeleton at X= -10299, Y= 36, Z= 4030
[2024-03-31 12:54:12] [world] [e8de36e0-d4b2-315e-8c5d-b2baec5db3bf] The Player <GolemDaWanderer> has slain Skeleton at X= -10299, Y= 36, Z= 4030
[2024-03-31 12:54:13] [world] [e8de36e0-d4b2-315e-8c5d-b2baec5db3bf] The Player <GolemDaWanderer> has slain Skeleton at X= -10299, Y= 36, Z= 4030
[2024-03-31 12:54:15] [world] [e8de36e0-d4b2-315e-8c5d-b2baec5db3bf] The Player <GolemDaWanderer> has slain Skeleton at X= -10299, Y= 36, Z= 4030
[2024-03-31 12:54:18] [world] [e8de36e0-d4b2-315e-8c5d-b2baec5db3bf] The Player <GolemDaWanderer> has slain Skeleton at X= -10299, Y= 36, Z= 4030
[2024-03-31 12:54:21] [world] [e8de36e0-d4b2-315e-8c5d-b2baec5db3bf] The Player <GolemDaWanderer> has slain Skeleton at X= -10299, Y= 36, Z= 4030
[2024-03-31 12:54:24] [world] [e8de36e0-d4b2-315e-8c5d-b2baec5db3bf] The Player <GolemDaWanderer> has slain Skeleton at X= -10299, Y= 36, Z= 4030
[2024-03-31 12:54:27] [world] [e8de36e0-d4b2-315e-8c5d-b2baec5db3bf] The Player <GolemDaWanderer> has slain Skeleton at X= -10299, Y= 36, Z= 4030
[2024-03-31 12:54:28] [world] [e8de36e0-d4b2-315e-8c5d-b2baec5db3bf] The Player <GolemDaWanderer> has slain Skeleton at X= -10299, Y= 36, Z= 4030
[2024-03-31 12:54:29] [world] [e8de36e0-d4b2-315e-8c5d-b2baec5db3bf] The Player <GolemDaWanderer> has slain Skeleton at X= -10299, Y= 36, Z= 4030
[2024-03-31 12:54:30] [world] [e8de36e0-d4b2-315e-8c5d-b2baec5db3bf] The Player <GolemDaWanderer> has slain Skeleton at X= -10299, Y= 36, Z= 4030
[2024-03-31 12:54:31] [world] [e8de36e0-d4b2-315e-8c5d-b2baec5db3bf] The Player <GolemDaWanderer> has slain Skeleton at X= -10300, Y= 36, Z= 4031
[2024-03-31 12:54:33] [world] [e8de36e0-d4b2-315e-8c5d-b2baec5db3bf] The Player <GolemDaWanderer> has slain Skeleton at X= -10299, Y= 36, Z= 4030
[2024-03-31 12:54:36] [world] [e8de36e0-d4b2-315e-8c5d-b2baec5db3bf] The Player <GolemDaWanderer> has slain Skeleton at X= -10299, Y= 36, Z= 4030
[2024-03-31 12:54:37] [world] [e8de36e0-d4b2-315e-8c5d-b2baec5db3bf] The Player <GolemDaWanderer> has slain Skeleton at X= -10299, Y= 36, Z= 4030
[2024-03-31 12:54:41] [world] [e8de36e0-d4b2-315e-8c5d-b2baec5db3bf] The Player <GolemDaWanderer> has slain Skeleton at X= -10299, Y= 36, Z= 4030
[2024-03-31 12:54:44] [world] [e8de36e0-d4b2-315e-8c5d-b2baec5db3bf] The Player <GolemDaWanderer> has slain Skeleton at X= -10299, Y= 36, Z= 4030
[2024-03-31 12:54:48] [world] [e8de36e0-d4b2-315e-8c5d-b2baec5db3bf] The Player <GolemDaWanderer> has slain Skeleton at X= -10299, Y= 36, Z= 4030
[2024-03-31 12:54:51] [world] [e8de36e0-d4b2-315e-8c5d-b2baec5db3bf] The Player <GolemDaWanderer> has slain Skeleton at X= -10299, Y= 36, Z= 4030
[2024-03-31 12:54:54] [world] [e8de36e0-d4b2-315e-8c5d-b2baec5db3bf] The Player <GolemDaWanderer> has slain Skeleton at X= -10299, Y= 36, Z= 4030
[2024-03-31 12:54:57] [world] [e8de36e0-d4b2-315e-8c5d-b2baec5db3bf] The Player <GolemDaWanderer> has slain Skeleton at X= -10299, Y= 36, Z= 4030
[2024-03-31 12:54:59] [world] [e8de36e0-d4b2-315e-8c5d-b2baec5db3bf] The Player <GolemDaWanderer> has slain Skeleton at X= -10299, Y= 36, Z= 4030
[2024-03-31 12:55:03] [world] [e8de36e0-d4b2-315e-8c5d-b2baec5db3bf] The Player <GolemDaWanderer> has slain Skeleton at X= -10299, Y= 36, Z= 4031
[2024-03-31 12:55:04] [world] [e8de36e0-d4b2-315e-8c5d-b2baec5db3bf] The Player <GolemDaWanderer> has slain Skeleton at X= -10299, Y= 36, Z= 4031
[2024-03-31 12:55:05] [world] [e8de36e0-d4b2-315e-8c5d-b2baec5db3bf] The Player <GolemDaWanderer> has slain Skeleton at X= -10299, Y= 36, Z= 4030
[2024-03-31 12:55:08] [world] [e8de36e0-d4b2-315e-8c5d-b2baec5db3bf] The Player <GolemDaWanderer> has slain Skeleton at X= -10299, Y= 36, Z= 4030
[2024-03-31 12:55:11] [world] [e8de36e0-d4b2-315e-8c5d-b2baec5db3bf] The Player <GolemDaWanderer> has slain Skeleton at X= -10299, Y= 36, Z= 4030
[2024-03-31 12:55:14] [world] [e8de36e0-d4b2-315e-8c5d-b2baec5db3bf] The Player <GolemDaWanderer> has slain Skeleton at X= -10299, Y= 36, Z= 4031
[2024-03-31 12:55:16] [world] [e8de36e0-d4b2-315e-8c5d-b2baec5db3bf] The Player <GolemDaWanderer> has slain Skeleton at X= -10299, Y= 36, Z= 4030
[2024-03-31 12:55:18] [world] [e8de36e0-d4b2-315e-8c5d-b2baec5db3bf] The Player <GolemDaWanderer> has slain Skeleton at X= -10299, Y= 36, Z= 4030
[2024-03-31 12:55:21] [world] [e8de36e0-d4b2-315e-8c5d-b2baec5db3bf] The Player <GolemDaWanderer> has slain Skeleton at X= -10299, Y= 36, Z= 4030
[2024-03-31 12:55:24] [world] [e8de36e0-d4b2-315e-8c5d-b2baec5db3bf] The Player <GolemDaWanderer> has slain Skeleton at X= -10299, Y= 36, Z= 4030
[2024-03-31 12:55:27] [world] [e8de36e0-d4b2-315e-8c5d-b2baec5db3bf] The Player <GolemDaWanderer> has slain Skeleton at X= -10299, Y= 36, Z= 4030
[2024-03-31 12:55:28] [world] [e8de36e0-d4b2-315e-8c5d-b2baec5db3bf] The Player <GolemDaWanderer> has slain Skeleton at X= -10299, Y= 36, Z= 4030
[2024-03-31 12:55:31] [world] [e8de36e0-d4b2-315e-8c5d-b2baec5db3bf] The Player <GolemDaWanderer> has slain Skeleton at X= -10299, Y= 36, Z= 4030
[2024-03-31 12:55:34] [world] [e8de36e0-d4b2-315e-8c5d-b2baec5db3bf] The Player <GolemDaWanderer> has slain Skeleton at X= -10299, Y= 36, Z= 4030
[2024-03-31 12:55:38] [world] [e8de36e0-d4b2-315e-8c5d-b2baec5db3bf] The Player <GolemDaWanderer> has slain Skeleton at X= -10300, Y= 36, Z= 4030
[2024-03-31 12:55:47] [world] [e8de36e0-d4b2-315e-8c5d-b2baec5db3bf] The Player <GolemDaWanderer> has slain Skeleton at X= -10300, Y= 36, Z= 4030
[2024-03-31 12:55:50] [world] [e8de36e0-d4b2-315e-8c5d-b2baec5db3bf] The Player <GolemDaWanderer> has slain Skeleton at X= -10300, Y= 36, Z= 4031
[2024-03-31 12:55:52] [world] [e8de36e0-d4b2-315e-8c5d-b2baec5db3bf] The Player <GolemDaWanderer> has slain Skeleton at X= -10300, Y= 36, Z= 4030
[2024-03-31 12:55:53] [world] [e8de36e0-d4b2-315e-8c5d-b2baec5db3bf] The Player <GolemDaWanderer> has slain Skeleton at X= -10300, Y= 36, Z= 4030
[2024-03-31 12:55:55] [world] [e8de36e0-d4b2-315e-8c5d-b2baec5db3bf] The Player <GolemDaWanderer> has slain Skeleton at X= -10300, Y= 37, Z= 4030
[2024-03-31 12:55:57] [world] [e8de36e0-d4b2-315e-8c5d-b2baec5db3bf] The Player <GolemDaWanderer> has slain Skeleton at X= -10300, Y= 36, Z= 4030
[2024-03-31 12:55:59] [world] [e8de36e0-d4b2-315e-8c5d-b2baec5db3bf] The Player <GolemDaWanderer> has slain Skeleton at X= -10300, Y= 36, Z= 4031
[2024-03-31 12:56:01] [world] [e8de36e0-d4b2-315e-8c5d-b2baec5db3bf] The Player <GolemDaWanderer> has slain Skeleton at X= -10300, Y= 36, Z= 4030
[2024-03-31 12:56:28] [world] [e8de36e0-d4b2-315e-8c5d-b2baec5db3bf] The Player <GolemDaWanderer> has slain Skeleton at X= -10299, Y= 36, Z= 4030
[2024-03-31 12:56:29] [world] [e8de36e0-d4b2-315e-8c5d-b2baec5db3bf] The Player <GolemDaWanderer> has slain Skeleton at X= -10299, Y= 36, Z= 4031
[2024-03-31 12:56:30] [world] [e8de36e0-d4b2-315e-8c5d-b2baec5db3bf] The Player <GolemDaWanderer> has slain Skeleton at X= -10299, Y= 36, Z= 4031
[2024-03-31 12:56:32] [world] [e8de36e0-d4b2-315e-8c5d-b2baec5db3bf] The Player <GolemDaWanderer> has slain Skeleton at X= -10299, Y= 37, Z= 4031
[2024-03-31 12:56:33] [world] [e8de36e0-d4b2-315e-8c5d-b2baec5db3bf] The Player <GolemDaWanderer> has slain Skeleton at X= -10299, Y= 36, Z= 4030
[2024-03-31 12:56:33] [world] [e8de36e0-d4b2-315e-8c5d-b2baec5db3bf] The Player <GolemDaWanderer> has slain Skeleton at X= -10299, Y= 36, Z= 4031
[2024-03-31 12:56:35] [world] [e8de36e0-d4b2-315e-8c5d-b2baec5db3bf] The Player <GolemDaWanderer> has slain Skeleton at X= -10299, Y= 36, Z= 4030
[2024-03-31 12:56:36] [world] [e8de36e0-d4b2-315e-8c5d-b2baec5db3bf] The Player <GolemDaWanderer> has slain Skeleton at X= -10299, Y= 36, Z= 4031
[2024-03-31 12:56:38] [world] [e8de36e0-d4b2-315e-8c5d-b2baec5db3bf] The Player <GolemDaWanderer> has slain Skeleton at X= -10299, Y= 36, Z= 4031
[2024-03-31 12:56:38] [world] [e8de36e0-d4b2-315e-8c5d-b2baec5db3bf] The Player <GolemDaWanderer> has slain Skeleton at X= -10299, Y= 37, Z= 4030
[2024-03-31 12:56:39] [world] [e8de36e0-d4b2-315e-8c5d-b2baec5db3bf] The Player <GolemDaWanderer> has slain Skeleton at X= -10299, Y= 36, Z= 4030
[2024-03-31 12:56:41] [world] [e8de36e0-d4b2-315e-8c5d-b2baec5db3bf] The Player <GolemDaWanderer> has slain Skeleton at X= -10299, Y= 36, Z= 4031
[2024-03-31 12:56:43] [world] [e8de36e0-d4b2-315e-8c5d-b2baec5db3bf] The Player <GolemDaWanderer> has slain Skeleton at X= -10299, Y= 36, Z= 4031
[2024-03-31 12:56:44] [world] [e8de36e0-d4b2-315e-8c5d-b2baec5db3bf] The Player <GolemDaWanderer> has slain Skeleton at X= -10299, Y= 36, Z= 4031
[2024-03-31 12:56:45] [world] [e8de36e0-d4b2-315e-8c5d-b2baec5db3bf] The Player <GolemDaWanderer> has slain Skeleton at X= -10299, Y= 36, Z= 4030
[2024-03-31 12:56:48] [world] [e8de36e0-d4b2-315e-8c5d-b2baec5db3bf] The Player <GolemDaWanderer> has slain Skeleton at X= -10299, Y= 36, Z= 4030
[2024-03-31 12:56:50] [world] [e8de36e0-d4b2-315e-8c5d-b2baec5db3bf] The Player <GolemDaWanderer> has slain Skeleton at X= -10299, Y= 36, Z= 4030
[2024-03-31 12:56:51] [world] [e8de36e0-d4b2-315e-8c5d-b2baec5db3bf] The Player <GolemDaWanderer> has slain Skeleton at X= -10299, Y= 36, Z= 4030
[2024-03-31 12:56:53] [world] [e8de36e0-d4b2-315e-8c5d-b2baec5db3bf] The Player <GolemDaWanderer> has slain Skeleton at X= -10299, Y= 36, Z= 4031
[2024-03-31 12:56:53] [world] [e8de36e0-d4b2-315e-8c5d-b2baec5db3bf] The Player <GolemDaWanderer> has slain Skeleton at X= -10299, Y= 36, Z= 4031
[2024-03-31 12:56:56] [world] [e8de36e0-d4b2-315e-8c5d-b2baec5db3bf] The Player <GolemDaWanderer> has slain Skeleton at X= -10299, Y= 36, Z= 4031
[2024-03-31 12:56:58] [world] [e8de36e0-d4b2-315e-8c5d-b2baec5db3bf] The Player <GolemDaWanderer> has slain Skeleton at X= -10299, Y= 36, Z= 4031
[2024-03-31 12:57:01] [world] [e8de36e0-d4b2-315e-8c5d-b2baec5db3bf] The Player <GolemDaWanderer> has slain Skeleton at X= -10299, Y= 36, Z= 4031
[2024-03-31 12:57:02] [world] [e8de36e0-d4b2-315e-8c5d-b2baec5db3bf] The Player <GolemDaWanderer> has slain Skeleton at X= -10299, Y= 37, Z= 4031
[2024-03-31 12:57:03] [world] [e8de36e0-d4b2-315e-8c5d-b2baec5db3bf] The Player <GolemDaWanderer> has slain Skeleton at X= -10299, Y= 36, Z= 4031
[2024-03-31 12:57:05] [world] [e8de36e0-d4b2-315e-8c5d-b2baec5db3bf] The Player <GolemDaWanderer> has slain Skeleton at X= -10299, Y= 36, Z= 4031
[2024-03-31 12:57:08] [world] [e8de36e0-d4b2-315e-8c5d-b2baec5db3bf] The Player <GolemDaWanderer> has slain Skeleton at X= -10299, Y= 36, Z= 4031
[2024-03-31 12:57:09] [world] [e8de36e0-d4b2-315e-8c5d-b2baec5db3bf] The Player <GolemDaWanderer> has slain Skeleton at X= -10299, Y= 37, Z= 4031
[2024-03-31 12:57:11] [world] [e8de36e0-d4b2-315e-8c5d-b2baec5db3bf] The Player <GolemDaWanderer> has slain Skeleton at X= -10299, Y= 36, Z= 4031
[2024-03-31 12:57:12] [world] [e8de36e0-d4b2-315e-8c5d-b2baec5db3bf] The Player <GolemDaWanderer> has slain Skeleton at X= -10299, Y= 37, Z= 4030
[2024-03-31 12:57:15] [world] [e8de36e0-d4b2-315e-8c5d-b2baec5db3bf] The Player <GolemDaWanderer> has slain Skeleton at X= -10299, Y= 37, Z= 4031
[2024-03-31 12:57:17] [world] [e8de36e0-d4b2-315e-8c5d-b2baec5db3bf] The Player <GolemDaWanderer> has slain Skeleton at X= -10299, Y= 36, Z= 4031
[2024-03-31 12:57:18] [world] [e8de36e0-d4b2-315e-8c5d-b2baec5db3bf] The Player <GolemDaWanderer> has slain Skeleton at X= -10299, Y= 37, Z= 4031
[2024-03-31 12:57:20] [world] [e8de36e0-d4b2-315e-8c5d-b2baec5db3bf] The Player <GolemDaWanderer> has slain Skeleton at X= -10299, Y= 36, Z= 4031
[2024-03-31 12:57:21] [world] [e8de36e0-d4b2-315e-8c5d-b2baec5db3bf] The Player <GolemDaWanderer> has slain Skeleton at X= -10299, Y= 36, Z= 4031
[2024-03-31 12:57:22] [world] [e8de36e0-d4b2-315e-8c5d-b2baec5db3bf] The Player <GolemDaWanderer> has slain Skeleton at X= -10299, Y= 36, Z= 4031
[2024-03-31 12:57:22] [world] [e8de36e0-d4b2-315e-8c5d-b2baec5db3bf] The Player <GolemDaWanderer> has slain Skeleton at X= -10300, Y= 37, Z= 4031
[2024-03-31 12:57:25] [world] [e8de36e0-d4b2-315e-8c5d-b2baec5db3bf] The Player <GolemDaWanderer> has slain Skeleton at X= -10299, Y= 36, Z= 4030
[2024-03-31 12:57:26] [world] [e8de36e0-d4b2-315e-8c5d-b2baec5db3bf] The Player <GolemDaWanderer> has slain Skeleton at X= -10299, Y= 36, Z= 4030
[2024-03-31 12:57:29] [world] [e8de36e0-d4b2-315e-8c5d-b2baec5db3bf] The Player <GolemDaWanderer> has slain Skeleton at X= -10299, Y= 36, Z= 4031
[2024-03-31 12:57:30] [world] [e8de36e0-d4b2-315e-8c5d-b2baec5db3bf] The Player <GolemDaWanderer> has slain Skeleton at X= -10299, Y= 36, Z= 4030
[2024-03-31 12:57:39] [world] [e8de36e0-d4b2-315e-8c5d-b2baec5db3bf] The Player <GolemDaWanderer> has slain Skeleton at X= -10299, Y= 36, Z= 4030
[2024-03-31 12:57:40] [world] [e8de36e0-d4b2-315e-8c5d-b2baec5db3bf] The Player <GolemDaWanderer> has slain Skeleton at X= -10299, Y= 36, Z= 4030
[2024-03-31 12:57:43] [world] [e8de36e0-d4b2-315e-8c5d-b2baec5db3bf] The Player <GolemDaWanderer> has slain Skeleton at X= -10299, Y= 36, Z= 4030
[2024-03-31 12:57:46] [world] [e8de36e0-d4b2-315e-8c5d-b2baec5db3bf] The Player <GolemDaWanderer> has slain Skeleton at X= -10299, Y= 36, Z= 4030
[2024-03-31 12:57:50] [world] [e8de36e0-d4b2-315e-8c5d-b2baec5db3bf] The Player <GolemDaWanderer> has slain Skeleton at X= -10299, Y= 36, Z= 4030
[2024-03-31 12:58:11] [world] [e8de36e0-d4b2-315e-8c5d-b2baec5db3bf] The Player <GolemDaWanderer> has slain Skeleton at X= -10299, Y= 36, Z= 4030
[2024-03-31 12:58:15] [world] [e8de36e0-d4b2-315e-8c5d-b2baec5db3bf] The Player <GolemDaWanderer> has slain Skeleton at X= -10299, Y= 36, Z= 4030
[2024-03-31 12:58:18] [world] [e8de36e0-d4b2-315e-8c5d-b2baec5db3bf] The Player <GolemDaWanderer> has slain Skeleton at X= -10299, Y= 36, Z= 4030
[2024-03-31 12:58:24] [world] [e8de36e0-d4b2-315e-8c5d-b2baec5db3bf] The Player <GolemDaWanderer> has slain Skeleton at X= -10299, Y= 36, Z= 4030
[2024-03-31 12:58:28] [world] [e8de36e0-d4b2-315e-8c5d-b2baec5db3bf] The Player <GolemDaWanderer> has slain Skeleton at X= -10299, Y= 36, Z= 4030
[2024-03-31 12:58:33] [world] [e8de36e0-d4b2-315e-8c5d-b2baec5db3bf] The Player <GolemDaWanderer> has slain Skeleton at X= -10299, Y= 36, Z= 4030
[2024-03-31 12:58:37] [world] [e8de36e0-d4b2-315e-8c5d-b2baec5db3bf] The Player <GolemDaWanderer> has slain Skeleton at X= -10299, Y= 36, Z= 4030
[2024-03-31 12:59:59] [world] [e8de36e0-d4b2-315e-8c5d-b2baec5db3bf] The Player <GolemDaWanderer> has slain Skeleton at X= -10299, Y= 36, Z= 4030
[2024-03-31 13:00:02] [world] [e8de36e0-d4b2-315e-8c5d-b2baec5db3bf] The Player <GolemDaWanderer> has slain Skeleton at X= -10299, Y= 36, Z= 4030
[2024-03-31 13:00:05] [world] [e8de36e0-d4b2-315e-8c5d-b2baec5db3bf] The Player <GolemDaWanderer> has slain Skeleton at X= -10300, Y= 36, Z= 4031
[2024-03-31 13:00:06] [world] [e8de36e0-d4b2-315e-8c5d-b2baec5db3bf] The Player <GolemDaWanderer> has slain Skeleton at X= -10299, Y= 36, Z= 4030
[2024-03-31 13:00:09] [world] [e8de36e0-d4b2-315e-8c5d-b2baec5db3bf] The Player <GolemDaWanderer> has slain Skeleton at X= -10299, Y= 36, Z= 4030
[2024-03-31 13:00:11] [world] [e8de36e0-d4b2-315e-8c5d-b2baec5db3bf] The Player <GolemDaWanderer> has slain Skeleton at X= -10299, Y= 36, Z= 4030
[2024-03-31 13:00:14] [world] [e8de36e0-d4b2-315e-8c5d-b2baec5db3bf] The Player <GolemDaWanderer> has slain Skeleton at X= -10299, Y= 36, Z= 4030
[2024-03-31 13:00:15] [world] [e8de36e0-d4b2-315e-8c5d-b2baec5db3bf] The Player <GolemDaWanderer> has slain Skeleton at X= -10299, Y= 36, Z= 4031
[2024-03-31 13:00:18] [world] [e8de36e0-d4b2-315e-8c5d-b2baec5db3bf] The Player <GolemDaWanderer> has slain Skeleton at X= -10299, Y= 36, Z= 4031
[2024-03-31 13:00:19] [world] [e8de36e0-d4b2-315e-8c5d-b2baec5db3bf] The Player <GolemDaWanderer> has slain Skeleton at X= -10299, Y= 36, Z= 4031
[2024-03-31 13:00:21] [world] [e8de36e0-d4b2-315e-8c5d-b2baec5db3bf] The Player <GolemDaWanderer> has slain Skeleton at X= -10299, Y= 36, Z= 4031
[2024-03-31 13:00:22] [world] [e8de36e0-d4b2-315e-8c5d-b2baec5db3bf] The Player <GolemDaWanderer> has slain Skeleton at X= -10299, Y= 36, Z= 4030
[2024-03-31 13:00:23] [world] [e8de36e0-d4b2-315e-8c5d-b2baec5db3bf] The Player <GolemDaWanderer> has slain Skeleton at X= -10299, Y= 36, Z= 4030
[2024-03-31 13:00:25] [world] [e8de36e0-d4b2-315e-8c5d-b2baec5db3bf] The Player <GolemDaWanderer> has slain Skeleton at X= -10299, Y= 36, Z= 4030
[2024-03-31 13:00:27] [world] [e8de36e0-d4b2-315e-8c5d-b2baec5db3bf] The Player <GolemDaWanderer> has slain Skeleton at X= -10299, Y= 36, Z= 4031
[2024-03-31 13:00:28] [world] [e8de36e0-d4b2-315e-8c5d-b2baec5db3bf] The Player <GolemDaWanderer> has slain Skeleton at X= -10299, Y= 36, Z= 4031
[2024-03-31 13:00:30] [world] [e8de36e0-d4b2-315e-8c5d-b2baec5db3bf] The Player <GolemDaWanderer> has slain Skeleton at X= -10299, Y= 36, Z= 4031
[2024-03-31 13:00:33] [world] [e8de36e0-d4b2-315e-8c5d-b2baec5db3bf] The Player <GolemDaWanderer> has slain Skeleton at X= -10299, Y= 36, Z= 4031
[2024-03-31 13:00:36] [world] [e8de36e0-d4b2-315e-8c5d-b2baec5db3bf] The Player <GolemDaWanderer> has slain Skeleton at X= -10299, Y= 36, Z= 4031
[2024-03-31 13:00:39] [world] [e8de36e0-d4b2-315e-8c5d-b2baec5db3bf] The Player <GolemDaWanderer> has slain Skeleton at X= -10299, Y= 36, Z= 4031
[2024-03-31 13:00:42] [world] [e8de36e0-d4b2-315e-8c5d-b2baec5db3bf] The Player <GolemDaWanderer> has slain Skeleton at X= -10299, Y= 36, Z= 4031
[2024-03-31 13:00:43] [world] [e8de36e0-d4b2-315e-8c5d-b2baec5db3bf] The Player <GolemDaWanderer> has slain Skeleton at X= -10299, Y= 36, Z= 4030
[2024-03-31 13:00:45] [world] [e8de36e0-d4b2-315e-8c5d-b2baec5db3bf] The Player <GolemDaWanderer> has slain Skeleton at X= -10299, Y= 36, Z= 4031
[2024-03-31 13:00:49] [world] [e8de36e0-d4b2-315e-8c5d-b2baec5db3bf] The Player <GolemDaWanderer> has slain Skeleton at X= -10299, Y= 36, Z= 4031
[2024-03-31 13:00:51] [world] [e8de36e0-d4b2-315e-8c5d-b2baec5db3bf] The Player <GolemDaWanderer> has slain Skeleton at X= -10299, Y= 36, Z= 4031
[2024-03-31 13:00:55] [world] [e8de36e0-d4b2-315e-8c5d-b2baec5db3bf] The Player <GolemDaWanderer> has slain Skeleton at X= -10300, Y= 36, Z= 4031
[2024-03-31 13:00:55] [world] [e8de36e0-d4b2-315e-8c5d-b2baec5db3bf] The Player <GolemDaWanderer> has slain Skeleton at X= -10299, Y= 36, Z= 4030
[2024-03-31 13:00:57] [world] [e8de36e0-d4b2-315e-8c5d-b2baec5db3bf] The Player <GolemDaWanderer> has slain Skeleton at X= -10300, Y= 36, Z= 4031
[2024-03-31 13:00:59] [world] [e8de36e0-d4b2-315e-8c5d-b2baec5db3bf] The Player <GolemDaWanderer> has slain Skeleton at X= -10300, Y= 36, Z= 4031
[2024-03-31 13:01:00] [world] [e8de36e0-d4b2-315e-8c5d-b2baec5db3bf] The Player <GolemDaWanderer> has slain Skeleton at X= -10300, Y= 36, Z= 4031
[2024-03-31 13:01:01] [world] [e8de36e0-d4b2-315e-8c5d-b2baec5db3bf] The Player <GolemDaWanderer> has slain Skeleton at X= -10300, Y= 36, Z= 4031
[2024-03-31 13:01:03] [world] [e8de36e0-d4b2-315e-8c5d-b2baec5db3bf] The Player <GolemDaWanderer> has slain Skeleton at X= -10300, Y= 37, Z= 4031
[2024-03-31 13:01:03] [world] [e8de36e0-d4b2-315e-8c5d-b2baec5db3bf] The Player <GolemDaWanderer> has slain Skeleton at X= -10300, Y= 36, Z= 4031
[2024-03-31 13:01:05] [world] [e8de36e0-d4b2-315e-8c5d-b2baec5db3bf] The Player <GolemDaWanderer> has slain Skeleton at X= -10299, Y= 36, Z= 4031
[2024-03-31 13:01:05] [world] [e8de36e0-d4b2-315e-8c5d-b2baec5db3bf] The Player <GolemDaWanderer> has slain Skeleton at X= -10300, Y= 36, Z= 4031
[2024-03-31 13:01:07] [world] [e8de36e0-d4b2-315e-8c5d-b2baec5db3bf] The Player <GolemDaWanderer> has slain Skeleton at X= -10299, Y= 36, Z= 4031
[2024-03-31 13:01:09] [world] [e8de36e0-d4b2-315e-8c5d-b2baec5db3bf] The Player <GolemDaWanderer> has slain Skeleton at X= -10299, Y= 36, Z= 4031
[2024-03-31 13:01:11] [world] [e8de36e0-d4b2-315e-8c5d-b2baec5db3bf] The Player <GolemDaWanderer> has slain Skeleton at X= -10299, Y= 36, Z= 4031
[2024-03-31 13:01:12] [world] [e8de36e0-d4b2-315e-8c5d-b2baec5db3bf] The Player <GolemDaWanderer> has slain Skeleton at X= -10299, Y= 36, Z= 4031
[2024-03-31 13:01:13] [world] [e8de36e0-d4b2-315e-8c5d-b2baec5db3bf] The Player <GolemDaWanderer> has slain Skeleton at X= -10299, Y= 36, Z= 4031
[2024-03-31 13:01:16] [world] [e8de36e0-d4b2-315e-8c5d-b2baec5db3bf] The Player <GolemDaWanderer> has slain Skeleton at X= -10299, Y= 37, Z= 4031
[2024-03-31 13:01:17] [world] [e8de36e0-d4b2-315e-8c5d-b2baec5db3bf] The Player <GolemDaWanderer> has slain Skeleton at X= -10300, Y= 36, Z= 4031
[2024-03-31 13:01:18] [world] [e8de36e0-d4b2-315e-8c5d-b2baec5db3bf] The Player <GolemDaWanderer> has slain Skeleton at X= -10300, Y= 36, Z= 4031
[2024-03-31 13:01:20] [world] [e8de36e0-d4b2-315e-8c5d-b2baec5db3bf] The Player <GolemDaWanderer> has slain Skeleton at X= -10300, Y= 36, Z= 4031
[2024-03-31 13:01:20] [world] [e8de36e0-d4b2-315e-8c5d-b2baec5db3bf] The Player <GolemDaWanderer> has slain Skeleton at X= -10299, Y= 36, Z= 4031
[2024-03-31 13:01:22] [world] [e8de36e0-d4b2-315e-8c5d-b2baec5db3bf] The Player <GolemDaWanderer> has slain Skeleton at X= -10299, Y= 36, Z= 4031
[2024-03-31 13:01:26] [world] [e8de36e0-d4b2-315e-8c5d-b2baec5db3bf] The Player <GolemDaWanderer> has slain Skeleton at X= -10300, Y= 36, Z= 4031
[2024-03-31 13:01:29] [world] [e8de36e0-d4b2-315e-8c5d-b2baec5db3bf] The Player <GolemDaWanderer> has slain Skeleton at X= -10299, Y= 37, Z= 4031
[2024-03-31 13:01:29] [world] [e8de36e0-d4b2-315e-8c5d-b2baec5db3bf] The Player <GolemDaWanderer> has slain Skeleton at X= -10299, Y= 36, Z= 4030
[2024-03-31 13:01:31] [world] [e8de36e0-d4b2-315e-8c5d-b2baec5db3bf] The Player <GolemDaWanderer> has slain Skeleton at X= -10299, Y= 37, Z= 4030
[2024-03-31 13:01:32] [world] [e8de36e0-d4b2-315e-8c5d-b2baec5db3bf] The Player <GolemDaWanderer> has slain Skeleton at X= -10299, Y= 36, Z= 4030
[2024-03-31 13:01:43] [world] [e8de36e0-d4b2-315e-8c5d-b2baec5db3bf] The Player <GolemDaWanderer> has slain Skeleton at X= -10299, Y= 36, Z= 4031
[2024-03-31 13:01:44] [world] [e8de36e0-d4b2-315e-8c5d-b2baec5db3bf] The Player <GolemDaWanderer> has slain Skeleton at X= -10300, Y= 36, Z= 4031
[2024-03-31 13:01:45] [world] [e8de36e0-d4b2-315e-8c5d-b2baec5db3bf] The Player <GolemDaWanderer> has slain Skeleton at X= -10300, Y= 36, Z= 4031
[2024-03-31 13:01:46] [world] [e8de36e0-d4b2-315e-8c5d-b2baec5db3bf] The Player <GolemDaWanderer> has slain Skeleton at X= -10299, Y= 36, Z= 4031
[2024-03-31 13:01:51] [world] [e8de36e0-d4b2-315e-8c5d-b2baec5db3bf] The Player <GolemDaWanderer> has slain Skeleton at X= -10300, Y= 36, Z= 4031
[2024-03-31 13:01:55] [world] [e8de36e0-d4b2-315e-8c5d-b2baec5db3bf] The Player <GolemDaWanderer> has slain Skeleton at X= -10300, Y= 36, Z= 4031
[2024-03-31 13:01:57] [world] [e8de36e0-d4b2-315e-8c5d-b2baec5db3bf] The Player <GolemDaWanderer> has slain Skeleton at X= -10300, Y= 36, Z= 4031
[2024-03-31 13:01:58] [world] [e8de36e0-d4b2-315e-8c5d-b2baec5db3bf] The Player <GolemDaWanderer> has slain Skeleton at X= -10300, Y= 37, Z= 4031
[2024-03-31 13:02:00] [world] [e8de36e0-d4b2-315e-8c5d-b2baec5db3bf] The Player <GolemDaWanderer> has slain Skeleton at X= -10300, Y= 36, Z= 4031
[2024-03-31 13:02:03] [world] [e8de36e0-d4b2-315e-8c5d-b2baec5db3bf] The Player <GolemDaWanderer> has slain Skeleton at X= -10300, Y= 36, Z= 4031
[2024-03-31 13:02:05] [world] [e8de36e0-d4b2-315e-8c5d-b2baec5db3bf] The Player <GolemDaWanderer> has slain Skeleton at X= -10300, Y= 37, Z= 4031
[2024-03-31 13:02:08] [world] [e8de36e0-d4b2-315e-8c5d-b2baec5db3bf] The Player <GolemDaWanderer> has slain Skeleton at X= -10300, Y= 36, Z= 4031
[2024-03-31 13:02:12] [world] [e8de36e0-d4b2-315e-8c5d-b2baec5db3bf] The Player <GolemDaWanderer> has slain Skeleton at X= -10299, Y= 36, Z= 4031
[2024-03-31 13:02:12] [world] [e8de36e0-d4b2-315e-8c5d-b2baec5db3bf] The Player <GolemDaWanderer> has slain Skeleton at X= -10300, Y= 36, Z= 4031
[2024-03-31 13:02:14] [world] [e8de36e0-d4b2-315e-8c5d-b2baec5db3bf] The Player <GolemDaWanderer> has slain Skeleton at X= -10300, Y= 36, Z= 4031
[2024-03-31 13:02:14] [world] [e8de36e0-d4b2-315e-8c5d-b2baec5db3bf] The Player <GolemDaWanderer> has slain Skeleton at X= -10300, Y= 36, Z= 4031
[2024-03-31 13:02:16] [world] [e8de36e0-d4b2-315e-8c5d-b2baec5db3bf] The Player <GolemDaWanderer> has slain Skeleton at X= -10300, Y= 36, Z= 4031
[2024-03-31 13:02:17] [world] [e8de36e0-d4b2-315e-8c5d-b2baec5db3bf] The Player <GolemDaWanderer> has slain Skeleton at X= -10300, Y= 36, Z= 4031
[2024-03-31 13:02:31] [world] [e8de36e0-d4b2-315e-8c5d-b2baec5db3bf] The Player <GolemDaWanderer> has slain Skeleton at X= -10300, Y= 36, Z= 4030
[2024-03-31 13:02:32] [world] [e8de36e0-d4b2-315e-8c5d-b2baec5db3bf] The Player <GolemDaWanderer> has slain Skeleton at X= -10300, Y= 36, Z= 4030
[2024-03-31 13:02:33] [world] [e8de36e0-d4b2-315e-8c5d-b2baec5db3bf] The Player <GolemDaWanderer> has slain Skeleton at X= -10299, Y= 36, Z= 4031
[2024-03-31 13:02:51] [world] [e8de36e0-d4b2-315e-8c5d-b2baec5db3bf] The Player <GolemDaWanderer> has slain Skeleton at X= -10299, Y= 36, Z= 4031
[2024-03-31 13:02:51] [world] [e8de36e0-d4b2-315e-8c5d-b2baec5db3bf] The Player <GolemDaWanderer> has slain Skeleton at X= -10300, Y= 36, Z= 4031
[2024-03-31 13:03:02] [world] [e8de36e0-d4b2-315e-8c5d-b2baec5db3bf] The Player <GolemDaWanderer> has slain Skeleton at X= -10300, Y= 36, Z= 4030
[2024-03-31 13:03:22] [world] [e8de36e0-d4b2-315e-8c5d-b2baec5db3bf] The Player <GolemDaWanderer> has slain Skeleton at X= -10300, Y= 36, Z= 4031
[2024-03-31 13:03:26] [world] [e8de36e0-d4b2-315e-8c5d-b2baec5db3bf] The Player <GolemDaWanderer> has slain Skeleton at X= -10299, Y= 37, Z= 4031
[2024-03-31 13:03:27] [world] [e8de36e0-d4b2-315e-8c5d-b2baec5db3bf] The Player <GolemDaWanderer> has slain Skeleton at X= -10299, Y= 36, Z= 4031
[2024-03-31 13:03:29] [world] [e8de36e0-d4b2-315e-8c5d-b2baec5db3bf] The Player <GolemDaWanderer> has slain Skeleton at X= -10300, Y= 36, Z= 4031
[2024-03-31 13:03:32] [world] [e8de36e0-d4b2-315e-8c5d-b2baec5db3bf] The Player <GolemDaWanderer> has slain Skeleton at X= -10300, Y= 36, Z= 4030
[2024-03-31 13:03:33] [world] [e8de36e0-d4b2-315e-8c5d-b2baec5db3bf] The Player <GolemDaWanderer> has slain Skeleton at X= -10300, Y= 36, Z= 4030
[2024-03-31 13:03:35] [world] [e8de36e0-d4b2-315e-8c5d-b2baec5db3bf] The Player <GolemDaWanderer> has slain Skeleton at X= -10300, Y= 36, Z= 4030
[2024-03-31 13:03:36] [world] [e8de36e0-d4b2-315e-8c5d-b2baec5db3bf] The Player <GolemDaWanderer> has slain Skeleton at X= -10300, Y= 36, Z= 4031
[2024-03-31 13:03:37] [world] [e8de36e0-d4b2-315e-8c5d-b2baec5db3bf] The Player <GolemDaWanderer> has slain Skeleton at X= -10300, Y= 36, Z= 4031
[2024-03-31 13:03:39] [world] [e8de36e0-d4b2-315e-8c5d-b2baec5db3bf] The Player <GolemDaWanderer> has slain Skeleton at X= -10300, Y= 36, Z= 4031
[2024-03-31 13:03:43] [world] [e8de36e0-d4b2-315e-8c5d-b2baec5db3bf] The Player <GolemDaWanderer> has slain Skeleton at X= -10300, Y= 36, Z= 4031
[2024-03-31 13:03:45] [world] [e8de36e0-d4b2-315e-8c5d-b2baec5db3bf] The Player <GolemDaWanderer> has slain Skeleton at X= -10300, Y= 36, Z= 4031
[2024-03-31 13:03:51] [world] [e8de36e0-d4b2-315e-8c5d-b2baec5db3bf] The Player <GolemDaWanderer> has slain Skeleton at X= -10300, Y= 36, Z= 4031
[2024-03-31 13:04:04] [world] [e8de36e0-d4b2-315e-8c5d-b2baec5db3bf] The Player <GolemDaWanderer> has slain Skeleton at X= -10300, Y= 36, Z= 4031
[2024-03-31 13:04:07] [world] [e8de36e0-d4b2-315e-8c5d-b2baec5db3bf] The Player <GolemDaWanderer> has slain Skeleton at X= -10300, Y= 36, Z= 4031
[2024-03-31 13:04:10] [world] [e8de36e0-d4b2-315e-8c5d-b2baec5db3bf] The Player <GolemDaWanderer> has slain Skeleton at X= -10300, Y= 36, Z= 4031
[2024-03-31 13:04:12] [world] [e8de36e0-d4b2-315e-8c5d-b2baec5db3bf] The Player <GolemDaWanderer> has slain Skeleton at X= -10300, Y= 36, Z= 4031
[2024-03-31 13:04:13] [world] [e8de36e0-d4b2-315e-8c5d-b2baec5db3bf] The Player <GolemDaWanderer> has slain Skeleton at X= -10300, Y= 36, Z= 4031
[2024-03-31 13:04:16] [world] [e8de36e0-d4b2-315e-8c5d-b2baec5db3bf] The Player <GolemDaWanderer> has slain Skeleton at X= -10300, Y= 36, Z= 4031
[2024-03-31 13:04:19] [world] [e8de36e0-d4b2-315e-8c5d-b2baec5db3bf] The Player <GolemDaWanderer> has slain Skeleton at X= -10300, Y= 36, Z= 4031
[2024-03-31 13:04:22] [world] [e8de36e0-d4b2-315e-8c5d-b2baec5db3bf] The Player <GolemDaWanderer> has slain Skeleton at X= -10300, Y= 36, Z= 4031
[2024-03-31 13:04:25] [world] [e8de36e0-d4b2-315e-8c5d-b2baec5db3bf] The Player <GolemDaWanderer> has slain Skeleton at X= -10300, Y= 36, Z= 4031
[2024-03-31 13:04:27] [world] [e8de36e0-d4b2-315e-8c5d-b2baec5db3bf] The Player <GolemDaWanderer> has slain Skeleton at X= -10300, Y= 36, Z= 4031
[2024-03-31 13:04:30] [world] [e8de36e0-d4b2-315e-8c5d-b2baec5db3bf] The Player <GolemDaWanderer> has slain Skeleton at X= -10300, Y= 36, Z= 4030
[2024-03-31 13:04:31] [world] [e8de36e0-d4b2-315e-8c5d-b2baec5db3bf] The Player <GolemDaWanderer> has slain Skeleton at X= -10300, Y= 36, Z= 4031
[2024-03-31 13:04:33] [world] [e8de36e0-d4b2-315e-8c5d-b2baec5db3bf] The Player <GolemDaWanderer> has slain Skeleton at X= -10300, Y= 36, Z= 4031
[2024-03-31 13:04:34] [world] [e8de36e0-d4b2-315e-8c5d-b2baec5db3bf] The Player <GolemDaWanderer> has slain Skeleton at X= -10300, Y= 36, Z= 4030
[2024-03-31 13:04:36] [world] [e8de36e0-d4b2-315e-8c5d-b2baec5db3bf] The Player <GolemDaWanderer> has slain Skeleton at X= -10300, Y= 36, Z= 4030
[2024-03-31 13:04:36] [world] [e8de36e0-d4b2-315e-8c5d-b2baec5db3bf] The Player <GolemDaWanderer> has slain Skeleton at X= -10300, Y= 36, Z= 4031
[2024-03-31 13:04:39] [world] [e8de36e0-d4b2-315e-8c5d-b2baec5db3bf] The Player <GolemDaWanderer> has slain Skeleton at X= -10300, Y= 36, Z= 4031
[2024-03-31 13:04:41] [world] [e8de36e0-d4b2-315e-8c5d-b2baec5db3bf] The Player <GolemDaWanderer> has slain Skeleton at X= -10300, Y= 36, Z= 4031
[2024-03-31 13:04:43] [world] [e8de36e0-d4b2-315e-8c5d-b2baec5db3bf] The Player <GolemDaWanderer> has slain Skeleton at X= -10300, Y= 36, Z= 4031
[2024-03-31 13:04:46] [world] [e8de36e0-d4b2-315e-8c5d-b2baec5db3bf] The Player <GolemDaWanderer> has slain Skeleton at X= -10300, Y= 36, Z= 4030
[2024-03-31 13:04:55] [world] [e8de36e0-d4b2-315e-8c5d-b2baec5db3bf] The Player <GolemDaWanderer> has slain Skeleton at X= -10299, Y= 36, Z= 4031
[2024-03-31 13:04:58] [world] [e8de36e0-d4b2-315e-8c5d-b2baec5db3bf] The Player <GolemDaWanderer> has slain Skeleton at X= -10299, Y= 37, Z= 4031
[2024-03-31 13:04:59] [world] [e8de36e0-d4b2-315e-8c5d-b2baec5db3bf] The Player <GolemDaWanderer> has slain Skeleton at X= -10299, Y= 36, Z= 4031
[2024-03-31 13:05:01] [world] [e8de36e0-d4b2-315e-8c5d-b2baec5db3bf] The Player <GolemDaWanderer> has slain Skeleton at X= -10299, Y= 37, Z= 4031
[2024-03-31 13:05:41] [world] [e8de36e0-d4b2-315e-8c5d-b2baec5db3bf] The Player <GolemDaWanderer> has slain Skeleton at X= -10299, Y= 36, Z= 4030
[2024-03-31 13:11:43] [world] [0a5b6dd8-f370-39c9-b3a0-78aee983ac06] The Player <BTC> has slain Cow at X= -629, Y= 65, Z= 227
[2024-03-31 13:15:45] [world] [0a5b6dd8-f370-39c9-b3a0-78aee983ac06] The Player <BTC> has slain Pig at X= -721, Y= 66, Z= 209
[2024-03-31 13:16:15] [world] [0a5b6dd8-f370-39c9-b3a0-78aee983ac06] The Player <BTC> has slain Cow at X= -698, Y= 64, Z= 192
[2024-03-31 13:16:18] [world] [0a5b6dd8-f370-39c9-b3a0-78aee983ac06] The Player <BTC> has slain Sheep at X= -692, Y= 63, Z= 194
