[2024-03-31 13:21:16] [world] [ed29d03b-f01b-39dd-ab82-ac3b54f2c88b] The Player <Char> has slain Creeper at X= -580, Y= 70, Z= -233
[2024-03-31 13:25:04] [world] [ed29d03b-f01b-39dd-ab82-ac3b54f2c88b] The Player <Char> has slain BTC at X= -3130, Y= 41, Z= 831
[2024-03-31 13:26:45] [world] [0a5b6dd8-f370-39c9-b3a0-78aee983ac06] The Player <BTC> has slain Cow at X= -607, Y= 68, Z= 268
[2024-03-31 14:00:35] [world] [e8de36e0-d4b2-315e-8c5d-b2baec5db3bf] The Player <GolemDaWanderer> has slain Skeleton at X= -553, Y= 64, Z= -178
[2024-03-31 14:15:19] [world] [0a5b6dd8-f370-39c9-b3a0-78aee983ac06] The Player <BTC> has slain Skeleton at X= -737, Y= 68, Z= -36
[2024-03-31 14:38:39] [world] [e8de36e0-d4b2-315e-8c5d-b2baec5db3bf] The Player <GolemDaWanderer> has slain Chicken at X= -492, Y= 64, Z= -164
[2024-03-31 14:39:12] [world] [e8de36e0-d4b2-315e-8c5d-b2baec5db3bf] The Player <GolemDaWanderer> has slain Cow at X= -576, Y= 66, Z= -220
[2024-03-31 16:33:42] [world] [0a5b6dd8-f370-39c9-b3a0-78aee983ac06] The Player <BTC> has slain Zombie at X= -769, Y= 66, Z= -8
[2024-03-31 16:35:13] [world] [0a5b6dd8-f370-39c9-b3a0-78aee983ac06] The Player <BTC> has slain Zombie at X= -729, Y= 62, Z= 158
[2024-03-31 16:35:17] [world] [0a5b6dd8-f370-39c9-b3a0-78aee983ac06] The Player <BTC> has slain Skeleton at X= -729, Y= 62, Z= 163
[2024-03-31 16:40:02] [world] [0a5b6dd8-f370-39c9-b3a0-78aee983ac06] The Player <BTC> has slain Pig at X= -561, Y= 63, Z= -77
[2024-03-31 16:48:20] [world] [0a5b6dd8-f370-39c9-b3a0-78aee983ac06] The Player <BTC> has slain Tester at X= -551, Y= 3, Z= -86
[2024-03-31 16:56:10] [world] [0a5b6dd8-f370-39c9-b3a0-78aee983ac06] The Player <BTC> has slain Tester at X= -550, Y= 8, Z= -96
[2024-03-31 16:57:04] [world] [0a5b6dd8-f370-39c9-b3a0-78aee983ac06] The Player <BTC> has slain Tester at X= -550, Y= 8, Z= -96
[2024-03-31 16:58:50] [world] [f3d28cb0-7225-3cb1-baeb-2dadd2be89ae] The Player <Tester> has slain BTC at X= -550, Y= 8, Z= -100
[2024-03-31 16:59:14] [world] [e8de36e0-d4b2-315e-8c5d-b2baec5db3bf] The Player <GolemDaWanderer> has slain Bat at X= -10194, Y= 65, Z= 4058
[2024-03-31 17:01:02] [world] [e8de36e0-d4b2-315e-8c5d-b2baec5db3bf] The Player <GolemDaWanderer> has slain Rabbit at X= -10348, Y= 66, Z= 4005
[2024-03-31 17:03:57] [world_nether] [0a5b6dd8-f370-39c9-b3a0-78aee983ac06] The Player <BTC> has slain Zombie Pigman at X= -89, Y= 33, Z= -20
[2024-03-31 17:04:17] [world] [e8de36e0-d4b2-315e-8c5d-b2baec5db3bf] The Player <GolemDaWanderer> has slain Sheep at X= -10414, Y= 63, Z= 4011
[2024-03-31 17:04:20] [world] [e8de36e0-d4b2-315e-8c5d-b2baec5db3bf] The Player <GolemDaWanderer> has slain Sheep at X= -10416, Y= 63, Z= 4017
[2024-03-31 17:04:27] [world] [e8de36e0-d4b2-315e-8c5d-b2baec5db3bf] The Player <GolemDaWanderer> has slain Sheep at X= -10421, Y= 63, Z= 4015
[2024-03-31 17:22:35] [world] [f3d28cb0-7225-3cb1-baeb-2dadd2be89ae] The Player <Tester> has slain BTC at X= -617, Y= 69, Z= 468
[2024-03-31 17:23:20] [world] [0a5b6dd8-f370-39c9-b3a0-78aee983ac06] The Player <BTC> has slain Creeper at X= -627, Y= 68, Z= 460
[2024-03-31 17:24:29] [world] [0a5b6dd8-f370-39c9-b3a0-78aee983ac06] The Player <BTC> has slain Creeper at X= -618, Y= 67, Z= 460
[2024-03-31 17:24:46] [world] [0a5b6dd8-f370-39c9-b3a0-78aee983ac06] The Player <BTC> has slain Creeper at X= -623, Y= 69, Z= 465
[2024-03-31 17:24:49] [world] [0a5b6dd8-f370-39c9-b3a0-78aee983ac06] The Player <BTC> has slain Creeper at X= -622, Y= 68, Z= 456
[2024-03-31 17:29:26] [world] [e8de36e0-d4b2-315e-8c5d-b2baec5db3bf] The Player <GolemDaWanderer> has slain Sheep at X= -10433, Y= 62, Z= 3997
[2024-03-31 17:30:48] [world] [e8de36e0-d4b2-315e-8c5d-b2baec5db3bf] The Player <GolemDaWanderer> has slain Cow at X= -10314, Y= 79, Z= 3787
[2024-03-31 17:30:56] [world] [e8de36e0-d4b2-315e-8c5d-b2baec5db3bf] The Player <GolemDaWanderer> has slain Cow at X= -10306, Y= 79, Z= 3781
[2024-03-31 17:31:24] [world] [e8de36e0-d4b2-315e-8c5d-b2baec5db3bf] The Player <GolemDaWanderer> has slain Cow at X= -10294, Y= 77, Z= 3795
[2024-03-31 17:31:28] [world] [e8de36e0-d4b2-315e-8c5d-b2baec5db3bf] The Player <GolemDaWanderer> has slain Cow at X= -10291, Y= 78, Z= 3792
[2024-03-31 17:32:41] [world] [e8de36e0-d4b2-315e-8c5d-b2baec5db3bf] The Player <GolemDaWanderer> has slain Zombie at X= -10243, Y= 68, Z= 3769
[2024-03-31 17:32:42] [world] [e8de36e0-d4b2-315e-8c5d-b2baec5db3bf] The Player <GolemDaWanderer> has slain Zombie at X= -10242, Y= 68, Z= 3768
[2024-03-31 17:32:43] [world] [e8de36e0-d4b2-315e-8c5d-b2baec5db3bf] The Player <GolemDaWanderer> has slain Zombie at X= -10243, Y= 68, Z= 3769
[2024-03-31 17:32:52] [world] [e8de36e0-d4b2-315e-8c5d-b2baec5db3bf] The Player <GolemDaWanderer> has slain Cow at X= -10254, Y= 72, Z= 3762
[2024-03-31 17:32:57] [world] [e8de36e0-d4b2-315e-8c5d-b2baec5db3bf] The Player <GolemDaWanderer> has slain Cow at X= -10252, Y= 70, Z= 3765
[2024-03-31 17:33:02] [world] [e8de36e0-d4b2-315e-8c5d-b2baec5db3bf] The Player <GolemDaWanderer> has slain Cow at X= -10245, Y= 69, Z= 3766
[2024-03-31 17:33:04] [world] [e8de36e0-d4b2-315e-8c5d-b2baec5db3bf] The Player <GolemDaWanderer> has slain Cow at X= -10242, Y= 69, Z= 3765
[2024-03-31 17:33:09] [world] [e8de36e0-d4b2-315e-8c5d-b2baec5db3bf] The Player <GolemDaWanderer> has slain Cow at X= -10230, Y= 69, Z= 3773
[2024-03-31 17:33:21] [world] [e8de36e0-d4b2-315e-8c5d-b2baec5db3bf] The Player <GolemDaWanderer> has slain Cow at X= -10257, Y= 73, Z= 3762
[2024-03-31 17:33:41] [world] [e8de36e0-d4b2-315e-8c5d-b2baec5db3bf] The Player <GolemDaWanderer> has slain Cow at X= -10224, Y= 64, Z= 3810
[2024-03-31 17:34:14] [world] [e8de36e0-d4b2-315e-8c5d-b2baec5db3bf] The Player <GolemDaWanderer> has slain Cow at X= -10173, Y= 69, Z= 3841
[2024-03-31 17:34:19] [world] [e8de36e0-d4b2-315e-8c5d-b2baec5db3bf] The Player <GolemDaWanderer> has slain Cow at X= -10181, Y= 71, Z= 3829
[2024-03-31 17:34:25] [world] [e8de36e0-d4b2-315e-8c5d-b2baec5db3bf] The Player <GolemDaWanderer> has slain Cow at X= -10183, Y= 75, Z= 3822
[2024-03-31 17:36:32] [world] [e8de36e0-d4b2-315e-8c5d-b2baec5db3bf] The Player <GolemDaWanderer> has slain Cow at X= -10098, Y= 63, Z= 3780
[2024-03-31 17:36:35] [world] [e8de36e0-d4b2-315e-8c5d-b2baec5db3bf] The Player <GolemDaWanderer> has slain Cow at X= -10094, Y= 63, Z= 3785
[2024-03-31 17:36:37] [world] [e8de36e0-d4b2-315e-8c5d-b2baec5db3bf] The Player <GolemDaWanderer> has slain Cow at X= -10097, Y= 63, Z= 3786
[2024-03-31 17:36:50] [world] [e8de36e0-d4b2-315e-8c5d-b2baec5db3bf] The Player <GolemDaWanderer> has slain Cow at X= -10085, Y= 65, Z= 3778
[2024-03-31 17:37:15] [world] [e8de36e0-d4b2-315e-8c5d-b2baec5db3bf] The Player <GolemDaWanderer> has slain Cow at X= -10040, Y= 63, Z= 3757
[2024-03-31 17:37:18] [world] [e8de36e0-d4b2-315e-8c5d-b2baec5db3bf] The Player <GolemDaWanderer> has slain Cow at X= -10049, Y= 63, Z= 3759
[2024-03-31 17:37:25] [world] [e8de36e0-d4b2-315e-8c5d-b2baec5db3bf] The Player <GolemDaWanderer> has slain Cow at X= -10030, Y= 65, Z= 3769
[2024-03-31 17:37:35] [world] [e8de36e0-d4b2-315e-8c5d-b2baec5db3bf] The Player <GolemDaWanderer> has slain Cow at X= -10042, Y= 66, Z= 3771
[2024-03-31 17:38:59] [world] [e8de36e0-d4b2-315e-8c5d-b2baec5db3bf] The Player <GolemDaWanderer> has slain Ghast at X= -10037, Y= 63, Z= 3758
[2024-03-31 17:44:25] [world] [f3d28cb0-7225-3cb1-baeb-2dadd2be89ae] The Player <Tester> has slain Sheep at X= -10011, Y= 66, Z= 3729
[2024-03-31 17:47:57] [world] [f3d28cb0-7225-3cb1-baeb-2dadd2be89ae] The Player <Tester> has slain jeb_ at X= -9977, Y= 11, Z= 3754
[2024-03-31 17:48:35] [world] [e8de36e0-d4b2-315e-8c5d-b2baec5db3bf] The Player <GolemDaWanderer> has slain jeb_ at X= -9975, Y= 11, Z= 3754
[2024-03-31 17:48:37] [world] [e8de36e0-d4b2-315e-8c5d-b2baec5db3bf] The Player <GolemDaWanderer> has slain jeb_ at X= -9976, Y= 11, Z= 3755
[2024-03-31 17:48:56] [world] [e8de36e0-d4b2-315e-8c5d-b2baec5db3bf] The Player <GolemDaWanderer> has slain jeb_ at X= -9972, Y= 14, Z= 3751
[2024-03-31 17:48:58] [world] [e8de36e0-d4b2-315e-8c5d-b2baec5db3bf] The Player <GolemDaWanderer> has slain Creeper at X= -9976, Y= 11, Z= 3751
[2024-03-31 17:49:32] [world] [e8de36e0-d4b2-315e-8c5d-b2baec5db3bf] The Player <GolemDaWanderer> has slain Ocelot at X= -9975, Y= 12, Z= 3753
[2024-03-31 17:49:59] [world] [e8de36e0-d4b2-315e-8c5d-b2baec5db3bf] The Player <GolemDaWanderer> has slain Guardian at X= -9974, Y= 12, Z= 3753
[2024-03-31 17:50:00] [world] [e8de36e0-d4b2-315e-8c5d-b2baec5db3bf] The Player <GolemDaWanderer> has slain Guardian at X= -9974, Y= 12, Z= 3752
[2024-03-31 17:50:02] [world] [e8de36e0-d4b2-315e-8c5d-b2baec5db3bf] The Player <GolemDaWanderer> has slain Guardian at X= -9974, Y= 11, Z= 3753
[2024-03-31 17:50:05] [world] [e8de36e0-d4b2-315e-8c5d-b2baec5db3bf] The Player <GolemDaWanderer> has slain Guardian at X= -9974, Y= 11, Z= 3753
[2024-03-31 17:50:05] [world] [e8de36e0-d4b2-315e-8c5d-b2baec5db3bf] The Player <GolemDaWanderer> has slain Guardian at X= -9975, Y= 13, Z= 3752
[2024-03-31 17:50:19] [world] [e8de36e0-d4b2-315e-8c5d-b2baec5db3bf] The Player <GolemDaWanderer> has slain Guardian at X= -9976, Y= 11, Z= 3752
[2024-03-31 17:50:20] [world] [e8de36e0-d4b2-315e-8c5d-b2baec5db3bf] The Player <GolemDaWanderer> has slain Guardian at X= -9975, Y= 11, Z= 3754
[2024-03-31 17:50:24] [world] [e8de36e0-d4b2-315e-8c5d-b2baec5db3bf] The Player <GolemDaWanderer> has slain Guardian at X= -9974, Y= 11, Z= 3754
[2024-03-31 17:50:25] [world] [e8de36e0-d4b2-315e-8c5d-b2baec5db3bf] The Player <GolemDaWanderer> has slain Guardian at X= -9974, Y= 13, Z= 3751
[2024-03-31 17:50:38] [world] [e8de36e0-d4b2-315e-8c5d-b2baec5db3bf] The Player <GolemDaWanderer> has slain Guardian at X= -9974, Y= 11, Z= 3752
[2024-03-31 17:52:04] [world] [f3d28cb0-7225-3cb1-baeb-2dadd2be89ae] The Player <Tester> has slain Guardian at X= -9975, Y= 13, Z= 3750
[2024-03-31 17:52:06] [world] [f3d28cb0-7225-3cb1-baeb-2dadd2be89ae] The Player <Tester> has slain Guardian at X= -9973, Y= 13, Z= 3751
[2024-03-31 18:01:14] [world] [e8de36e0-d4b2-315e-8c5d-b2baec5db3bf] The Player <GolemDaWanderer> has slain Ocelot at X= -9973, Y= 13, Z= 3754
[2024-03-31 18:05:41] [world] [e8de36e0-d4b2-315e-8c5d-b2baec5db3bf] The Player <GolemDaWanderer> has slain Horse at X= -9580, Y= 64, Z= 3832
[2024-03-31 18:05:44] [world] [e8de36e0-d4b2-315e-8c5d-b2baec5db3bf] The Player <GolemDaWanderer> has slain Horse at X= -9591, Y= 66, Z= 3835
[2024-03-31 18:05:45] [world] [e8de36e0-d4b2-315e-8c5d-b2baec5db3bf] The Player <GolemDaWanderer> has slain Horse at X= -9591, Y= 66, Z= 3835
[2024-03-31 18:05:45] [world] [e8de36e0-d4b2-315e-8c5d-b2baec5db3bf] The Player <GolemDaWanderer> has slain Horse at X= -9592, Y= 66, Z= 3838
[2024-03-31 18:05:47] [world] [e8de36e0-d4b2-315e-8c5d-b2baec5db3bf] The Player <GolemDaWanderer> has slain Horse at X= -9591, Y= 66, Z= 3838
[2024-03-31 18:05:52] [world] [e8de36e0-d4b2-315e-8c5d-b2baec5db3bf] The Player <GolemDaWanderer> has slain Horse at X= -9583, Y= 63, Z= 3850
[2024-03-31 18:05:58] [world] [e8de36e0-d4b2-315e-8c5d-b2baec5db3bf] The Player <GolemDaWanderer> has slain Cow at X= -9585, Y= 64, Z= 3848
[2024-03-31 18:06:06] [world] [e8de36e0-d4b2-315e-8c5d-b2baec5db3bf] The Player <GolemDaWanderer> has slain Cow at X= -9600, Y= 63, Z= 3856
[2024-03-31 18:06:10] [world] [e8de36e0-d4b2-315e-8c5d-b2baec5db3bf] The Player <GolemDaWanderer> has slain Cow at X= -9594, Y= 63, Z= 3864
[2024-03-31 18:07:24] [world] [e8de36e0-d4b2-315e-8c5d-b2baec5db3bf] The Player <GolemDaWanderer> has slain Horse at X= -9570, Y= 64, Z= 3830
[2024-03-31 18:07:33] [world] [e8de36e0-d4b2-315e-8c5d-b2baec5db3bf] The Player <GolemDaWanderer> has slain Donkey at X= -9589, Y= 64, Z= 3848
[2024-03-31 18:07:33] [world] [e8de36e0-d4b2-315e-8c5d-b2baec5db3bf] The Player <GolemDaWanderer> has slain Horse at X= -9592, Y= 64, Z= 3849
[2024-03-31 18:11:30] [world] [e8de36e0-d4b2-315e-8c5d-b2baec5db3bf] The Player <GolemDaWanderer> has slain Cow at X= -9661, Y= 88, Z= 3769
[2024-03-31 18:11:31] [world] [e8de36e0-d4b2-315e-8c5d-b2baec5db3bf] The Player <GolemDaWanderer> has slain Cow at X= -9661, Y= 88, Z= 3770
[2024-03-31 18:11:36] [world] [e8de36e0-d4b2-315e-8c5d-b2baec5db3bf] The Player <GolemDaWanderer> has slain Cow at X= -9669, Y= 81, Z= 3769
[2024-03-31 18:11:47] [world] [e8de36e0-d4b2-315e-8c5d-b2baec5db3bf] The Player <GolemDaWanderer> has slain Cow at X= -9660, Y= 90, Z= 3778
[2024-03-31 18:11:49] [world] [e8de36e0-d4b2-315e-8c5d-b2baec5db3bf] The Player <GolemDaWanderer> has slain Cow at X= -9661, Y= 87, Z= 3777
[2024-03-31 18:12:05] [world] [e8de36e0-d4b2-315e-8c5d-b2baec5db3bf] The Player <GolemDaWanderer> has slain Cow at X= -9658, Y= 94, Z= 3787
[2024-03-31 19:20:13] [world] [e8de36e0-d4b2-315e-8c5d-b2baec5db3bf] The Player <GolemDaWanderer> has slain Spider at X= -9365, Y= 65, Z= 3711
[2024-03-31 19:23:23] [world] [e8de36e0-d4b2-315e-8c5d-b2baec5db3bf] The Player <GolemDaWanderer> has slain Zombie at X= -9253, Y= 70, Z= 3694
[2024-03-31 19:23:57] [world] [e8de36e0-d4b2-315e-8c5d-b2baec5db3bf] The Player <GolemDaWanderer> has slain Rabbit at X= -9266, Y= 71, Z= 3705
[2024-03-31 20:04:08] [world] [e8de36e0-d4b2-315e-8c5d-b2baec5db3bf] The Player <GolemDaWanderer> has slain Skeleton at X= -10299, Y= 36, Z= 4030
[2024-03-31 20:04:09] [world] [e8de36e0-d4b2-315e-8c5d-b2baec5db3bf] The Player <GolemDaWanderer> has slain Skeleton at X= -10299, Y= 36, Z= 4030
[2024-03-31 20:04:09] [world] [e8de36e0-d4b2-315e-8c5d-b2baec5db3bf] The Player <GolemDaWanderer> has slain Skeleton at X= -10299, Y= 36, Z= 4030
[2024-03-31 20:04:09] [world] [e8de36e0-d4b2-315e-8c5d-b2baec5db3bf] The Player <GolemDaWanderer> has slain Skeleton at X= -10299, Y= 36, Z= 4031
[2024-03-31 20:04:10] [world] [e8de36e0-d4b2-315e-8c5d-b2baec5db3bf] The Player <GolemDaWanderer> has slain Skeleton at X= -10299, Y= 36, Z= 4030
[2024-03-31 20:04:10] [world] [e8de36e0-d4b2-315e-8c5d-b2baec5db3bf] The Player <GolemDaWanderer> has slain Skeleton at X= -10299, Y= 36, Z= 4030
[2024-03-31 20:04:10] [world] [e8de36e0-d4b2-315e-8c5d-b2baec5db3bf] The Player <GolemDaWanderer> has slain Skeleton at X= -10299, Y= 36, Z= 4030
[2024-03-31 20:04:11] [world] [e8de36e0-d4b2-315e-8c5d-b2baec5db3bf] The Player <GolemDaWanderer> has slain Skeleton at X= -10299, Y= 36, Z= 4030
[2024-03-31 20:04:11] [world] [e8de36e0-d4b2-315e-8c5d-b2baec5db3bf] The Player <GolemDaWanderer> has slain Skeleton at X= -10299, Y= 36, Z= 4030
[2024-03-31 20:04:11] [world] [e8de36e0-d4b2-315e-8c5d-b2baec5db3bf] The Player <GolemDaWanderer> has slain Skeleton at X= -10299, Y= 36, Z= 4030
[2024-03-31 20:04:12] [world] [e8de36e0-d4b2-315e-8c5d-b2baec5db3bf] The Player <GolemDaWanderer> has slain Skeleton at X= -10299, Y= 36, Z= 4030
[2024-03-31 20:04:13] [world] [e8de36e0-d4b2-315e-8c5d-b2baec5db3bf] The Player <GolemDaWanderer> has slain Skeleton at X= -10299, Y= 36, Z= 4030
[2024-03-31 20:04:13] [world] [e8de36e0-d4b2-315e-8c5d-b2baec5db3bf] The Player <GolemDaWanderer> has slain Skeleton at X= -10299, Y= 36, Z= 4030
[2024-03-31 20:04:13] [world] [e8de36e0-d4b2-315e-8c5d-b2baec5db3bf] The Player <GolemDaWanderer> has slain Skeleton at X= -10299, Y= 36, Z= 4030
[2024-03-31 20:04:14] [world] [e8de36e0-d4b2-315e-8c5d-b2baec5db3bf] The Player <GolemDaWanderer> has slain Skeleton at X= -10299, Y= 36, Z= 4030
[2024-03-31 20:04:14] [world] [e8de36e0-d4b2-315e-8c5d-b2baec5db3bf] The Player <GolemDaWanderer> has slain Skeleton at X= -10300, Y= 36, Z= 4031
[2024-03-31 20:04:15] [world] [e8de36e0-d4b2-315e-8c5d-b2baec5db3bf] The Player <GolemDaWanderer> has slain Skeleton at X= -10300, Y= 36, Z= 4031
[2024-03-31 20:04:15] [world] [e8de36e0-d4b2-315e-8c5d-b2baec5db3bf] The Player <GolemDaWanderer> has slain Skeleton at X= -10299, Y= 36, Z= 4031
[2024-03-31 20:04:17] [world] [e8de36e0-d4b2-315e-8c5d-b2baec5db3bf] The Player <GolemDaWanderer> has slain Skeleton at X= -10299, Y= 36, Z= 4031
[2024-03-31 20:04:17] [world] [e8de36e0-d4b2-315e-8c5d-b2baec5db3bf] The Player <GolemDaWanderer> has slain Skeleton at X= -10299, Y= 36, Z= 4031
[2024-03-31 20:04:18] [world] [e8de36e0-d4b2-315e-8c5d-b2baec5db3bf] The Player <GolemDaWanderer> has slain Skeleton at X= -10299, Y= 36, Z= 4031
[2024-03-31 20:04:18] [world] [e8de36e0-d4b2-315e-8c5d-b2baec5db3bf] The Player <GolemDaWanderer> has slain Skeleton at X= -10299, Y= 36, Z= 4031
[2024-03-31 20:04:19] [world] [e8de36e0-d4b2-315e-8c5d-b2baec5db3bf] The Player <GolemDaWanderer> has slain Skeleton at X= -10299, Y= 36, Z= 4031
[2024-03-31 20:04:19] [world] [e8de36e0-d4b2-315e-8c5d-b2baec5db3bf] The Player <GolemDaWanderer> has slain Skeleton at X= -10299, Y= 36, Z= 4031
[2024-03-31 20:04:19] [world] [e8de36e0-d4b2-315e-8c5d-b2baec5db3bf] The Player <GolemDaWanderer> has slain Skeleton at X= -10299, Y= 36, Z= 4031
[2024-03-31 20:04:20] [world] [e8de36e0-d4b2-315e-8c5d-b2baec5db3bf] The Player <GolemDaWanderer> has slain Skeleton at X= -10299, Y= 36, Z= 4031
[2024-03-31 20:04:20] [world] [e8de36e0-d4b2-315e-8c5d-b2baec5db3bf] The Player <GolemDaWanderer> has slain Skeleton at X= -10299, Y= 36, Z= 4031
[2024-03-31 20:04:21] [world] [e8de36e0-d4b2-315e-8c5d-b2baec5db3bf] The Player <GolemDaWanderer> has slain Skeleton at X= -10299, Y= 36, Z= 4031
[2024-03-31 20:04:21] [world] [e8de36e0-d4b2-315e-8c5d-b2baec5db3bf] The Player <GolemDaWanderer> has slain Skeleton at X= -10299, Y= 36, Z= 4031
[2024-03-31 20:04:21] [world] [e8de36e0-d4b2-315e-8c5d-b2baec5db3bf] The Player <GolemDaWanderer> has slain Skeleton at X= -10299, Y= 36, Z= 4031
[2024-03-31 20:04:22] [world] [e8de36e0-d4b2-315e-8c5d-b2baec5db3bf] The Player <GolemDaWanderer> has slain Skeleton at X= -10299, Y= 36, Z= 4031
[2024-03-31 20:04:22] [world] [e8de36e0-d4b2-315e-8c5d-b2baec5db3bf] The Player <GolemDaWanderer> has slain Skeleton at X= -10299, Y= 36, Z= 4031
[2024-03-31 20:04:23] [world] [e8de36e0-d4b2-315e-8c5d-b2baec5db3bf] The Player <GolemDaWanderer> has slain Skeleton at X= -10299, Y= 36, Z= 4031
[2024-03-31 20:04:23] [world] [e8de36e0-d4b2-315e-8c5d-b2baec5db3bf] The Player <GolemDaWanderer> has slain Skeleton at X= -10299, Y= 36, Z= 4031
[2024-03-31 20:04:23] [world] [e8de36e0-d4b2-315e-8c5d-b2baec5db3bf] The Player <GolemDaWanderer> has slain Skeleton at X= -10299, Y= 36, Z= 4031
[2024-03-31 20:04:24] [world] [e8de36e0-d4b2-315e-8c5d-b2baec5db3bf] The Player <GolemDaWanderer> has slain Skeleton at X= -10299, Y= 36, Z= 4031
[2024-03-31 20:04:24] [world] [e8de36e0-d4b2-315e-8c5d-b2baec5db3bf] The Player <GolemDaWanderer> has slain Skeleton at X= -10299, Y= 36, Z= 4031
[2024-03-31 20:04:25] [world] [e8de36e0-d4b2-315e-8c5d-b2baec5db3bf] The Player <GolemDaWanderer> has slain Skeleton at X= -10299, Y= 36, Z= 4031
[2024-03-31 20:04:31] [world] [e8de36e0-d4b2-315e-8c5d-b2baec5db3bf] The Player <GolemDaWanderer> has slain Skeleton at X= -10299, Y= 36, Z= 4031
[2024-03-31 20:04:31] [world] [e8de36e0-d4b2-315e-8c5d-b2baec5db3bf] The Player <GolemDaWanderer> has slain Skeleton at X= -10299, Y= 36, Z= 4031
[2024-03-31 20:04:31] [world] [e8de36e0-d4b2-315e-8c5d-b2baec5db3bf] The Player <GolemDaWanderer> has slain Skeleton at X= -10299, Y= 36, Z= 4031
[2024-03-31 20:04:32] [world] [e8de36e0-d4b2-315e-8c5d-b2baec5db3bf] The Player <GolemDaWanderer> has slain Skeleton at X= -10299, Y= 36, Z= 4031
[2024-03-31 20:04:32] [world] [e8de36e0-d4b2-315e-8c5d-b2baec5db3bf] The Player <GolemDaWanderer> has slain Skeleton at X= -10299, Y= 36, Z= 4031
[2024-03-31 20:04:33] [world] [e8de36e0-d4b2-315e-8c5d-b2baec5db3bf] The Player <GolemDaWanderer> has slain Skeleton at X= -10299, Y= 36, Z= 4031
[2024-03-31 20:04:33] [world] [e8de36e0-d4b2-315e-8c5d-b2baec5db3bf] The Player <GolemDaWanderer> has slain Skeleton at X= -10299, Y= 36, Z= 4031
[2024-03-31 20:04:33] [world] [e8de36e0-d4b2-315e-8c5d-b2baec5db3bf] The Player <GolemDaWanderer> has slain Skeleton at X= -10299, Y= 36, Z= 4031
[2024-03-31 20:04:34] [world] [e8de36e0-d4b2-315e-8c5d-b2baec5db3bf] The Player <GolemDaWanderer> has slain Skeleton at X= -10299, Y= 36, Z= 4031
[2024-03-31 20:04:34] [world] [e8de36e0-d4b2-315e-8c5d-b2baec5db3bf] The Player <GolemDaWanderer> has slain Skeleton at X= -10299, Y= 36, Z= 4031
[2024-03-31 20:04:35] [world] [e8de36e0-d4b2-315e-8c5d-b2baec5db3bf] The Player <GolemDaWanderer> has slain Skeleton at X= -10299, Y= 36, Z= 4031
[2024-03-31 20:04:35] [world] [e8de36e0-d4b2-315e-8c5d-b2baec5db3bf] The Player <GolemDaWanderer> has slain Skeleton at X= -10299, Y= 36, Z= 4031
[2024-03-31 20:04:36] [world] [e8de36e0-d4b2-315e-8c5d-b2baec5db3bf] The Player <GolemDaWanderer> has slain Skeleton at X= -10299, Y= 36, Z= 4031
[2024-03-31 20:04:36] [world] [e8de36e0-d4b2-315e-8c5d-b2baec5db3bf] The Player <GolemDaWanderer> has slain Skeleton at X= -10299, Y= 36, Z= 4031
[2024-03-31 20:04:36] [world] [e8de36e0-d4b2-315e-8c5d-b2baec5db3bf] The Player <GolemDaWanderer> has slain Skeleton at X= -10299, Y= 36, Z= 4031
[2024-03-31 20:04:37] [world] [e8de36e0-d4b2-315e-8c5d-b2baec5db3bf] The Player <GolemDaWanderer> has slain Skeleton at X= -10299, Y= 36, Z= 4031
[2024-03-31 20:04:37] [world] [e8de36e0-d4b2-315e-8c5d-b2baec5db3bf] The Player <GolemDaWanderer> has slain Skeleton at X= -10299, Y= 36, Z= 4031
[2024-03-31 20:04:38] [world] [e8de36e0-d4b2-315e-8c5d-b2baec5db3bf] The Player <GolemDaWanderer> has slain Skeleton at X= -10299, Y= 36, Z= 4031
[2024-03-31 20:04:38] [world] [e8de36e0-d4b2-315e-8c5d-b2baec5db3bf] The Player <GolemDaWanderer> has slain Skeleton at X= -10300, Y= 36, Z= 4031
[2024-03-31 20:04:38] [world] [e8de36e0-d4b2-315e-8c5d-b2baec5db3bf] The Player <GolemDaWanderer> has slain Skeleton at X= -10300, Y= 36, Z= 4031
[2024-03-31 20:04:39] [world] [e8de36e0-d4b2-315e-8c5d-b2baec5db3bf] The Player <GolemDaWanderer> has slain Skeleton at X= -10300, Y= 36, Z= 4031
[2024-03-31 20:04:39] [world] [e8de36e0-d4b2-315e-8c5d-b2baec5db3bf] The Player <GolemDaWanderer> has slain Skeleton at X= -10300, Y= 36, Z= 4031
[2024-03-31 20:04:41] [world] [e8de36e0-d4b2-315e-8c5d-b2baec5db3bf] The Player <GolemDaWanderer> has slain Skeleton at X= -10300, Y= 36, Z= 4030
[2024-03-31 20:04:41] [world] [e8de36e0-d4b2-315e-8c5d-b2baec5db3bf] The Player <GolemDaWanderer> has slain Skeleton at X= -10300, Y= 36, Z= 4031
[2024-03-31 20:04:42] [world] [e8de36e0-d4b2-315e-8c5d-b2baec5db3bf] The Player <GolemDaWanderer> has slain Skeleton at X= -10299, Y= 36, Z= 4031
[2024-03-31 20:04:42] [world] [e8de36e0-d4b2-315e-8c5d-b2baec5db3bf] The Player <GolemDaWanderer> has slain Skeleton at X= -10300, Y= 36, Z= 4031
[2024-03-31 20:04:42] [world] [e8de36e0-d4b2-315e-8c5d-b2baec5db3bf] The Player <GolemDaWanderer> has slain Skeleton at X= -10300, Y= 36, Z= 4031
[2024-03-31 20:04:43] [world] [e8de36e0-d4b2-315e-8c5d-b2baec5db3bf] The Player <GolemDaWanderer> has slain Skeleton at X= -10300, Y= 36, Z= 4031
[2024-03-31 20:04:44] [world] [e8de36e0-d4b2-315e-8c5d-b2baec5db3bf] The Player <GolemDaWanderer> has slain Skeleton at X= -10300, Y= 36, Z= 4031
[2024-03-31 20:04:44] [world] [e8de36e0-d4b2-315e-8c5d-b2baec5db3bf] The Player <GolemDaWanderer> has slain Skeleton at X= -10300, Y= 36, Z= 4031
[2024-03-31 20:04:45] [world] [e8de36e0-d4b2-315e-8c5d-b2baec5db3bf] The Player <GolemDaWanderer> has slain Skeleton at X= -10300, Y= 36, Z= 4031
[2024-03-31 20:04:45] [world] [e8de36e0-d4b2-315e-8c5d-b2baec5db3bf] The Player <GolemDaWanderer> has slain Skeleton at X= -10300, Y= 36, Z= 4031
[2024-03-31 20:04:45] [world] [e8de36e0-d4b2-315e-8c5d-b2baec5db3bf] The Player <GolemDaWanderer> has slain Skeleton at X= -10300, Y= 36, Z= 4031
[2024-03-31 20:04:50] [world] [e8de36e0-d4b2-315e-8c5d-b2baec5db3bf] The Player <GolemDaWanderer> has slain Skeleton at X= -10300, Y= 36, Z= 4031
[2024-03-31 20:04:50] [world] [e8de36e0-d4b2-315e-8c5d-b2baec5db3bf] The Player <GolemDaWanderer> has slain Skeleton at X= -10300, Y= 36, Z= 4031
[2024-03-31 20:04:50] [world] [e8de36e0-d4b2-315e-8c5d-b2baec5db3bf] The Player <GolemDaWanderer> has slain Skeleton at X= -10300, Y= 36, Z= 4031
[2024-03-31 20:04:51] [world] [e8de36e0-d4b2-315e-8c5d-b2baec5db3bf] The Player <GolemDaWanderer> has slain Skeleton at X= -10300, Y= 36, Z= 4031
[2024-03-31 20:04:51] [world] [e8de36e0-d4b2-315e-8c5d-b2baec5db3bf] The Player <GolemDaWanderer> has slain Skeleton at X= -10299, Y= 36, Z= 4031
[2024-03-31 20:04:51] [world] [e8de36e0-d4b2-315e-8c5d-b2baec5db3bf] The Player <GolemDaWanderer> has slain Skeleton at X= -10300, Y= 36, Z= 4031
[2024-03-31 20:04:52] [world] [e8de36e0-d4b2-315e-8c5d-b2baec5db3bf] The Player <GolemDaWanderer> has slain Skeleton at X= -10300, Y= 36, Z= 4031
[2024-03-31 20:04:52] [world] [e8de36e0-d4b2-315e-8c5d-b2baec5db3bf] The Player <GolemDaWanderer> has slain Skeleton at X= -10300, Y= 36, Z= 4031
[2024-03-31 20:04:57] [world] [e8de36e0-d4b2-315e-8c5d-b2baec5db3bf] The Player <GolemDaWanderer> has slain Skeleton at X= -10300, Y= 36, Z= 4031
[2024-03-31 20:04:57] [world] [e8de36e0-d4b2-315e-8c5d-b2baec5db3bf] The Player <GolemDaWanderer> has slain Skeleton at X= -10300, Y= 36, Z= 4031
[2024-03-31 20:04:57] [world] [e8de36e0-d4b2-315e-8c5d-b2baec5db3bf] The Player <GolemDaWanderer> has slain Skeleton at X= -10300, Y= 36, Z= 4030
[2024-03-31 20:05:08] [world] [e8de36e0-d4b2-315e-8c5d-b2baec5db3bf] The Player <GolemDaWanderer> has slain Skeleton at X= -10299, Y= 36, Z= 4031
[2024-03-31 20:05:09] [world] [e8de36e0-d4b2-315e-8c5d-b2baec5db3bf] The Player <GolemDaWanderer> has slain Skeleton at X= -10299, Y= 36, Z= 4031
[2024-03-31 20:05:09] [world] [e8de36e0-d4b2-315e-8c5d-b2baec5db3bf] The Player <GolemDaWanderer> has slain Skeleton at X= -10299, Y= 36, Z= 4031
[2024-03-31 20:05:10] [world] [e8de36e0-d4b2-315e-8c5d-b2baec5db3bf] The Player <GolemDaWanderer> has slain Skeleton at X= -10299, Y= 36, Z= 4031
[2024-03-31 20:05:10] [world] [e8de36e0-d4b2-315e-8c5d-b2baec5db3bf] The Player <GolemDaWanderer> has slain Skeleton at X= -10299, Y= 36, Z= 4031
[2024-03-31 20:05:12] [world] [e8de36e0-d4b2-315e-8c5d-b2baec5db3bf] The Player <GolemDaWanderer> has slain Skeleton at X= -10299, Y= 36, Z= 4031
[2024-03-31 20:05:12] [world] [e8de36e0-d4b2-315e-8c5d-b2baec5db3bf] The Player <GolemDaWanderer> has slain Skeleton at X= -10299, Y= 36, Z= 4031
[2024-03-31 20:05:13] [world] [e8de36e0-d4b2-315e-8c5d-b2baec5db3bf] The Player <GolemDaWanderer> has slain Skeleton at X= -10299, Y= 36, Z= 4030
[2024-03-31 20:05:14] [world] [e8de36e0-d4b2-315e-8c5d-b2baec5db3bf] The Player <GolemDaWanderer> has slain Skeleton at X= -10299, Y= 36, Z= 4030
[2024-03-31 20:05:14] [world] [e8de36e0-d4b2-315e-8c5d-b2baec5db3bf] The Player <GolemDaWanderer> has slain Skeleton at X= -10299, Y= 36, Z= 4030
[2024-03-31 20:05:15] [world] [e8de36e0-d4b2-315e-8c5d-b2baec5db3bf] The Player <GolemDaWanderer> has slain Skeleton at X= -10299, Y= 36, Z= 4030
[2024-03-31 20:05:15] [world] [e8de36e0-d4b2-315e-8c5d-b2baec5db3bf] The Player <GolemDaWanderer> has slain Skeleton at X= -10299, Y= 36, Z= 4030
[2024-03-31 20:05:15] [world] [e8de36e0-d4b2-315e-8c5d-b2baec5db3bf] The Player <GolemDaWanderer> has slain Skeleton at X= -10299, Y= 36, Z= 4030
[2024-03-31 20:06:15] [world] [e8de36e0-d4b2-315e-8c5d-b2baec5db3bf] The Player <GolemDaWanderer> has slain Skeleton at X= -10300, Y= 36, Z= 4030
[2024-03-31 20:06:15] [world] [e8de36e0-d4b2-315e-8c5d-b2baec5db3bf] The Player <GolemDaWanderer> has slain Skeleton at X= -10300, Y= 36, Z= 4030
[2024-03-31 20:06:16] [world] [e8de36e0-d4b2-315e-8c5d-b2baec5db3bf] The Player <GolemDaWanderer> has slain Skeleton at X= -10300, Y= 36, Z= 4030
[2024-03-31 20:06:16] [world] [e8de36e0-d4b2-315e-8c5d-b2baec5db3bf] The Player <GolemDaWanderer> has slain Skeleton at X= -10300, Y= 36, Z= 4030
[2024-03-31 20:06:17] [world] [e8de36e0-d4b2-315e-8c5d-b2baec5db3bf] The Player <GolemDaWanderer> has slain Skeleton at X= -10300, Y= 36, Z= 4030
[2024-03-31 20:06:17] [world] [e8de36e0-d4b2-315e-8c5d-b2baec5db3bf] The Player <GolemDaWanderer> has slain Skeleton at X= -10300, Y= 36, Z= 4030
[2024-03-31 20:06:18] [world] [e8de36e0-d4b2-315e-8c5d-b2baec5db3bf] The Player <GolemDaWanderer> has slain Skeleton at X= -10300, Y= 36, Z= 4030
[2024-03-31 20:06:18] [world] [e8de36e0-d4b2-315e-8c5d-b2baec5db3bf] The Player <GolemDaWanderer> has slain Skeleton at X= -10300, Y= 36, Z= 4030
[2024-03-31 20:06:18] [world] [e8de36e0-d4b2-315e-8c5d-b2baec5db3bf] The Player <GolemDaWanderer> has slain Skeleton at X= -10300, Y= 36, Z= 4030
[2024-03-31 20:06:19] [world] [e8de36e0-d4b2-315e-8c5d-b2baec5db3bf] The Player <GolemDaWanderer> has slain Skeleton at X= -10300, Y= 36, Z= 4030
[2024-03-31 20:06:19] [world] [e8de36e0-d4b2-315e-8c5d-b2baec5db3bf] The Player <GolemDaWanderer> has slain Skeleton at X= -10300, Y= 36, Z= 4030
[2024-03-31 20:07:05] [world] [e8de36e0-d4b2-315e-8c5d-b2baec5db3bf] The Player <GolemDaWanderer> has slain Skeleton at X= -10300, Y= 36, Z= 4030
[2024-03-31 20:07:07] [world] [e8de36e0-d4b2-315e-8c5d-b2baec5db3bf] The Player <GolemDaWanderer> has slain Skeleton at X= -10300, Y= 36, Z= 4030
[2024-03-31 20:07:08] [world] [e8de36e0-d4b2-315e-8c5d-b2baec5db3bf] The Player <GolemDaWanderer> has slain Skeleton at X= -10299, Y= 36, Z= 4031
[2024-03-31 20:07:08] [world] [e8de36e0-d4b2-315e-8c5d-b2baec5db3bf] The Player <GolemDaWanderer> has slain Skeleton at X= -10300, Y= 36, Z= 4030
[2024-03-31 20:07:08] [world] [e8de36e0-d4b2-315e-8c5d-b2baec5db3bf] The Player <GolemDaWanderer> has slain Skeleton at X= -10299, Y= 36, Z= 4030
[2024-03-31 20:07:08] [world] [e8de36e0-d4b2-315e-8c5d-b2baec5db3bf] The Player <GolemDaWanderer> has slain Skeleton at X= -10300, Y= 36, Z= 4030
[2024-03-31 20:07:09] [world] [e8de36e0-d4b2-315e-8c5d-b2baec5db3bf] The Player <GolemDaWanderer> has slain Skeleton at X= -10300, Y= 36, Z= 4030
[2024-03-31 20:07:09] [world] [e8de36e0-d4b2-315e-8c5d-b2baec5db3bf] The Player <GolemDaWanderer> has slain Skeleton at X= -10300, Y= 36, Z= 4030
[2024-03-31 20:07:09] [world] [e8de36e0-d4b2-315e-8c5d-b2baec5db3bf] The Player <GolemDaWanderer> has slain Skeleton at X= -10300, Y= 36, Z= 4031
[2024-03-31 20:07:10] [world] [e8de36e0-d4b2-315e-8c5d-b2baec5db3bf] The Player <GolemDaWanderer> has slain Skeleton at X= -10300, Y= 36, Z= 4030
[2024-03-31 20:07:10] [world] [e8de36e0-d4b2-315e-8c5d-b2baec5db3bf] The Player <GolemDaWanderer> has slain Skeleton at X= -10300, Y= 36, Z= 4031
[2024-03-31 20:07:10] [world] [e8de36e0-d4b2-315e-8c5d-b2baec5db3bf] The Player <GolemDaWanderer> has slain Skeleton at X= -10300, Y= 36, Z= 4030
[2024-03-31 20:07:11] [world] [e8de36e0-d4b2-315e-8c5d-b2baec5db3bf] The Player <GolemDaWanderer> has slain Skeleton at X= -10300, Y= 36, Z= 4030
[2024-03-31 20:07:12] [world] [e8de36e0-d4b2-315e-8c5d-b2baec5db3bf] The Player <GolemDaWanderer> has slain Skeleton at X= -10300, Y= 36, Z= 4030
[2024-03-31 20:07:12] [world] [e8de36e0-d4b2-315e-8c5d-b2baec5db3bf] The Player <GolemDaWanderer> has slain Skeleton at X= -10300, Y= 36, Z= 4030
[2024-03-31 20:07:12] [world] [e8de36e0-d4b2-315e-8c5d-b2baec5db3bf] The Player <GolemDaWanderer> has slain Skeleton at X= -10300, Y= 36, Z= 4030
[2024-03-31 20:07:40] [world] [e8de36e0-d4b2-315e-8c5d-b2baec5db3bf] The Player <GolemDaWanderer> has slain Skeleton at X= -10300, Y= 36, Z= 4030
[2024-03-31 20:07:40] [world] [e8de36e0-d4b2-315e-8c5d-b2baec5db3bf] The Player <GolemDaWanderer> has slain Skeleton at X= -10300, Y= 36, Z= 4030
[2024-03-31 20:07:40] [world] [e8de36e0-d4b2-315e-8c5d-b2baec5db3bf] The Player <GolemDaWanderer> has slain Skeleton at X= -10300, Y= 36, Z= 4030
[2024-03-31 20:07:41] [world] [e8de36e0-d4b2-315e-8c5d-b2baec5db3bf] The Player <GolemDaWanderer> has slain Skeleton at X= -10300, Y= 36, Z= 4030
[2024-03-31 20:07:42] [world] [e8de36e0-d4b2-315e-8c5d-b2baec5db3bf] The Player <GolemDaWanderer> has slain Skeleton at X= -10300, Y= 36, Z= 4030
[2024-03-31 20:07:42] [world] [e8de36e0-d4b2-315e-8c5d-b2baec5db3bf] The Player <GolemDaWanderer> has slain Skeleton at X= -10299, Y= 36, Z= 4030
[2024-03-31 20:07:43] [world] [e8de36e0-d4b2-315e-8c5d-b2baec5db3bf] The Player <GolemDaWanderer> has slain Skeleton at X= -10299, Y= 36, Z= 4030
[2024-03-31 20:07:44] [world] [e8de36e0-d4b2-315e-8c5d-b2baec5db3bf] The Player <GolemDaWanderer> has slain Skeleton at X= -10299, Y= 36, Z= 4030
[2024-03-31 20:07:44] [world] [e8de36e0-d4b2-315e-8c5d-b2baec5db3bf] The Player <GolemDaWanderer> has slain Skeleton at X= -10300, Y= 36, Z= 4031
[2024-03-31 20:07:44] [world] [e8de36e0-d4b2-315e-8c5d-b2baec5db3bf] The Player <GolemDaWanderer> has slain Skeleton at X= -10300, Y= 36, Z= 4031
[2024-03-31 20:07:45] [world] [e8de36e0-d4b2-315e-8c5d-b2baec5db3bf] The Player <GolemDaWanderer> has slain Skeleton at X= -10300, Y= 36, Z= 4031
[2024-03-31 20:07:45] [world] [e8de36e0-d4b2-315e-8c5d-b2baec5db3bf] The Player <GolemDaWanderer> has slain Skeleton at X= -10300, Y= 36, Z= 4031
[2024-03-31 20:07:45] [world] [e8de36e0-d4b2-315e-8c5d-b2baec5db3bf] The Player <GolemDaWanderer> has slain Skeleton at X= -10300, Y= 36, Z= 4031
[2024-03-31 20:07:46] [world] [e8de36e0-d4b2-315e-8c5d-b2baec5db3bf] The Player <GolemDaWanderer> has slain Skeleton at X= -10300, Y= 36, Z= 4031
[2024-03-31 20:07:46] [world] [e8de36e0-d4b2-315e-8c5d-b2baec5db3bf] The Player <GolemDaWanderer> has slain Skeleton at X= -10300, Y= 36, Z= 4031
[2024-03-31 20:07:46] [world] [e8de36e0-d4b2-315e-8c5d-b2baec5db3bf] The Player <GolemDaWanderer> has slain Skeleton at X= -10300, Y= 36, Z= 4031
[2024-03-31 20:07:47] [world] [e8de36e0-d4b2-315e-8c5d-b2baec5db3bf] The Player <GolemDaWanderer> has slain Skeleton at X= -10299, Y= 36, Z= 4031
[2024-03-31 20:07:48] [world] [e8de36e0-d4b2-315e-8c5d-b2baec5db3bf] The Player <GolemDaWanderer> has slain Skeleton at X= -10299, Y= 36, Z= 4031
[2024-03-31 20:07:49] [world] [e8de36e0-d4b2-315e-8c5d-b2baec5db3bf] The Player <GolemDaWanderer> has slain Skeleton at X= -10299, Y= 36, Z= 4031
[2024-03-31 20:07:49] [world] [e8de36e0-d4b2-315e-8c5d-b2baec5db3bf] The Player <GolemDaWanderer> has slain Skeleton at X= -10299, Y= 36, Z= 4031
[2024-03-31 20:07:49] [world] [e8de36e0-d4b2-315e-8c5d-b2baec5db3bf] The Player <GolemDaWanderer> has slain Skeleton at X= -10299, Y= 36, Z= 4031
[2024-03-31 20:07:50] [world] [e8de36e0-d4b2-315e-8c5d-b2baec5db3bf] The Player <GolemDaWanderer> has slain Skeleton at X= -10299, Y= 36, Z= 4031
[2024-03-31 20:07:51] [world] [e8de36e0-d4b2-315e-8c5d-b2baec5db3bf] The Player <GolemDaWanderer> has slain Skeleton at X= -10299, Y= 36, Z= 4031
[2024-03-31 20:07:51] [world] [e8de36e0-d4b2-315e-8c5d-b2baec5db3bf] The Player <GolemDaWanderer> has slain Skeleton at X= -10299, Y= 36, Z= 4031
[2024-03-31 20:07:52] [world] [e8de36e0-d4b2-315e-8c5d-b2baec5db3bf] The Player <GolemDaWanderer> has slain Skeleton at X= -10299, Y= 36, Z= 4031
[2024-03-31 20:07:52] [world] [e8de36e0-d4b2-315e-8c5d-b2baec5db3bf] The Player <GolemDaWanderer> has slain Skeleton at X= -10299, Y= 36, Z= 4031
[2024-03-31 20:07:52] [world] [e8de36e0-d4b2-315e-8c5d-b2baec5db3bf] The Player <GolemDaWanderer> has slain Skeleton at X= -10300, Y= 36, Z= 4031
[2024-03-31 20:07:52] [world] [e8de36e0-d4b2-315e-8c5d-b2baec5db3bf] The Player <GolemDaWanderer> has slain Skeleton at X= -10299, Y= 36, Z= 4031
[2024-03-31 20:07:53] [world] [e8de36e0-d4b2-315e-8c5d-b2baec5db3bf] The Player <GolemDaWanderer> has slain Skeleton at X= -10299, Y= 36, Z= 4031
[2024-03-31 20:07:53] [world] [e8de36e0-d4b2-315e-8c5d-b2baec5db3bf] The Player <GolemDaWanderer> has slain Skeleton at X= -10299, Y= 36, Z= 4031
[2024-03-31 20:07:53] [world] [e8de36e0-d4b2-315e-8c5d-b2baec5db3bf] The Player <GolemDaWanderer> has slain Skeleton at X= -10299, Y= 36, Z= 4031
[2024-03-31 20:07:54] [world] [e8de36e0-d4b2-315e-8c5d-b2baec5db3bf] The Player <GolemDaWanderer> has slain Skeleton at X= -10299, Y= 36, Z= 4031
[2024-03-31 20:07:55] [world] [e8de36e0-d4b2-315e-8c5d-b2baec5db3bf] The Player <GolemDaWanderer> has slain Skeleton at X= -10299, Y= 36, Z= 4031
[2024-03-31 20:07:55] [world] [e8de36e0-d4b2-315e-8c5d-b2baec5db3bf] The Player <GolemDaWanderer> has slain Skeleton at X= -10299, Y= 36, Z= 4030
[2024-03-31 20:07:56] [world] [e8de36e0-d4b2-315e-8c5d-b2baec5db3bf] The Player <GolemDaWanderer> has slain Skeleton at X= -10299, Y= 36, Z= 4030
[2024-03-31 20:07:57] [world] [e8de36e0-d4b2-315e-8c5d-b2baec5db3bf] The Player <GolemDaWanderer> has slain Skeleton at X= -10299, Y= 36, Z= 4030
[2024-03-31 20:07:57] [world] [e8de36e0-d4b2-315e-8c5d-b2baec5db3bf] The Player <GolemDaWanderer> has slain Skeleton at X= -10299, Y= 36, Z= 4030
[2024-03-31 20:07:57] [world] [e8de36e0-d4b2-315e-8c5d-b2baec5db3bf] The Player <GolemDaWanderer> has slain Skeleton at X= -10299, Y= 36, Z= 4030
[2024-03-31 20:07:58] [world] [e8de36e0-d4b2-315e-8c5d-b2baec5db3bf] The Player <GolemDaWanderer> has slain Skeleton at X= -10299, Y= 36, Z= 4030
[2024-03-31 20:07:58] [world] [e8de36e0-d4b2-315e-8c5d-b2baec5db3bf] The Player <GolemDaWanderer> has slain Skeleton at X= -10299, Y= 36, Z= 4030
[2024-03-31 20:07:59] [world] [e8de36e0-d4b2-315e-8c5d-b2baec5db3bf] The Player <GolemDaWanderer> has slain Skeleton at X= -10299, Y= 36, Z= 4030
[2024-03-31 20:07:59] [world] [e8de36e0-d4b2-315e-8c5d-b2baec5db3bf] The Player <GolemDaWanderer> has slain Skeleton at X= -10299, Y= 36, Z= 4030
[2024-03-31 20:07:59] [world] [e8de36e0-d4b2-315e-8c5d-b2baec5db3bf] The Player <GolemDaWanderer> has slain Skeleton at X= -10299, Y= 36, Z= 4030
[2024-03-31 20:08:00] [world] [e8de36e0-d4b2-315e-8c5d-b2baec5db3bf] The Player <GolemDaWanderer> has slain Skeleton at X= -10299, Y= 36, Z= 4030
[2024-03-31 20:08:00] [world] [e8de36e0-d4b2-315e-8c5d-b2baec5db3bf] The Player <GolemDaWanderer> has slain Skeleton at X= -10300, Y= 36, Z= 4030
[2024-03-31 20:08:01] [world] [e8de36e0-d4b2-315e-8c5d-b2baec5db3bf] The Player <GolemDaWanderer> has slain Skeleton at X= -10300, Y= 36, Z= 4030
[2024-03-31 20:08:01] [world] [e8de36e0-d4b2-315e-8c5d-b2baec5db3bf] The Player <GolemDaWanderer> has slain Skeleton at X= -10299, Y= 36, Z= 4030
[2024-03-31 20:08:02] [world] [e8de36e0-d4b2-315e-8c5d-b2baec5db3bf] The Player <GolemDaWanderer> has slain Skeleton at X= -10299, Y= 36, Z= 4031
[2024-03-31 20:08:02] [world] [e8de36e0-d4b2-315e-8c5d-b2baec5db3bf] The Player <GolemDaWanderer> has slain Skeleton at X= -10300, Y= 36, Z= 4031
[2024-03-31 20:08:02] [world] [e8de36e0-d4b2-315e-8c5d-b2baec5db3bf] The Player <GolemDaWanderer> has slain Skeleton at X= -10299, Y= 36, Z= 4031
[2024-03-31 20:08:08] [world] [e8de36e0-d4b2-315e-8c5d-b2baec5db3bf] The Player <GolemDaWanderer> has slain Skeleton at X= -10300, Y= 36, Z= 4030
[2024-03-31 20:08:09] [world] [e8de36e0-d4b2-315e-8c5d-b2baec5db3bf] The Player <GolemDaWanderer> has slain Skeleton at X= -10300, Y= 36, Z= 4031
[2024-03-31 20:08:09] [world] [e8de36e0-d4b2-315e-8c5d-b2baec5db3bf] The Player <GolemDaWanderer> has slain Skeleton at X= -10300, Y= 36, Z= 4031
[2024-03-31 20:08:10] [world] [e8de36e0-d4b2-315e-8c5d-b2baec5db3bf] The Player <GolemDaWanderer> has slain Skeleton at X= -10300, Y= 36, Z= 4030
[2024-03-31 20:08:10] [world] [e8de36e0-d4b2-315e-8c5d-b2baec5db3bf] The Player <GolemDaWanderer> has slain Skeleton at X= -10300, Y= 36, Z= 4031
[2024-03-31 20:15:48] [world] [e8de36e0-d4b2-315e-8c5d-b2baec5db3bf] The Player <GolemDaWanderer> has slain Skeleton at X= -10299, Y= 36, Z= 4030
[2024-03-31 20:15:49] [world] [e8de36e0-d4b2-315e-8c5d-b2baec5db3bf] The Player <GolemDaWanderer> has slain Skeleton at X= -10299, Y= 36, Z= 4030
[2024-03-31 20:15:49] [world] [e8de36e0-d4b2-315e-8c5d-b2baec5db3bf] The Player <GolemDaWanderer> has slain Skeleton at X= -10299, Y= 36, Z= 4030
[2024-03-31 20:15:50] [world] [e8de36e0-d4b2-315e-8c5d-b2baec5db3bf] The Player <GolemDaWanderer> has slain Skeleton at X= -10299, Y= 36, Z= 4030
[2024-03-31 20:15:50] [world] [e8de36e0-d4b2-315e-8c5d-b2baec5db3bf] The Player <GolemDaWanderer> has slain Skeleton at X= -10299, Y= 36, Z= 4030
[2024-03-31 20:15:50] [world] [e8de36e0-d4b2-315e-8c5d-b2baec5db3bf] The Player <GolemDaWanderer> has slain Skeleton at X= -10299, Y= 36, Z= 4030
[2024-03-31 20:15:51] [world] [e8de36e0-d4b2-315e-8c5d-b2baec5db3bf] The Player <GolemDaWanderer> has slain Skeleton at X= -10299, Y= 36, Z= 4030
[2024-03-31 20:15:51] [world] [e8de36e0-d4b2-315e-8c5d-b2baec5db3bf] The Player <GolemDaWanderer> has slain Skeleton at X= -10299, Y= 36, Z= 4030
[2024-03-31 20:15:51] [world] [e8de36e0-d4b2-315e-8c5d-b2baec5db3bf] The Player <GolemDaWanderer> has slain Skeleton at X= -10299, Y= 36, Z= 4030
[2024-03-31 20:15:52] [world] [e8de36e0-d4b2-315e-8c5d-b2baec5db3bf] The Player <GolemDaWanderer> has slain Skeleton at X= -10299, Y= 36, Z= 4030
[2024-03-31 20:15:52] [world] [e8de36e0-d4b2-315e-8c5d-b2baec5db3bf] The Player <GolemDaWanderer> has slain Skeleton at X= -10299, Y= 36, Z= 4030
[2024-03-31 20:15:53] [world] [e8de36e0-d4b2-315e-8c5d-b2baec5db3bf] The Player <GolemDaWanderer> has slain Skeleton at X= -10299, Y= 36, Z= 4030
[2024-03-31 20:15:56] [world] [e8de36e0-d4b2-315e-8c5d-b2baec5db3bf] The Player <GolemDaWanderer> has slain Skeleton at X= -10299, Y= 36, Z= 4030
[2024-03-31 20:15:57] [world] [e8de36e0-d4b2-315e-8c5d-b2baec5db3bf] The Player <GolemDaWanderer> has slain Skeleton at X= -10299, Y= 36, Z= 4030
[2024-03-31 20:15:57] [world] [e8de36e0-d4b2-315e-8c5d-b2baec5db3bf] The Player <GolemDaWanderer> has slain Skeleton at X= -10299, Y= 36, Z= 4031
[2024-03-31 20:15:57] [world] [e8de36e0-d4b2-315e-8c5d-b2baec5db3bf] The Player <GolemDaWanderer> has slain Skeleton at X= -10300, Y= 36, Z= 4031
[2024-03-31 20:15:57] [world] [e8de36e0-d4b2-315e-8c5d-b2baec5db3bf] The Player <GolemDaWanderer> has slain Skeleton at X= -10299, Y= 36, Z= 4031
[2024-03-31 20:15:58] [world] [e8de36e0-d4b2-315e-8c5d-b2baec5db3bf] The Player <GolemDaWanderer> has slain Skeleton at X= -10300, Y= 36, Z= 4031
[2024-03-31 20:15:58] [world] [e8de36e0-d4b2-315e-8c5d-b2baec5db3bf] The Player <GolemDaWanderer> has slain Skeleton at X= -10300, Y= 36, Z= 4031
[2024-03-31 20:15:58] [world] [e8de36e0-d4b2-315e-8c5d-b2baec5db3bf] The Player <GolemDaWanderer> has slain Skeleton at X= -10300, Y= 36, Z= 4031
[2024-03-31 20:15:59] [world] [e8de36e0-d4b2-315e-8c5d-b2baec5db3bf] The Player <GolemDaWanderer> has slain Skeleton at X= -10300, Y= 36, Z= 4031
[2024-03-31 20:15:59] [world] [e8de36e0-d4b2-315e-8c5d-b2baec5db3bf] The Player <GolemDaWanderer> has slain Skeleton at X= -10299, Y= 36, Z= 4031
[2024-03-31 20:16:18] [world] [e8de36e0-d4b2-315e-8c5d-b2baec5db3bf] The Player <GolemDaWanderer> has slain Skeleton at X= -10300, Y= 36, Z= 4031
[2024-03-31 20:16:18] [world] [e8de36e0-d4b2-315e-8c5d-b2baec5db3bf] The Player <GolemDaWanderer> has slain Skeleton at X= -10299, Y= 36, Z= 4031
[2024-03-31 20:16:18] [world] [e8de36e0-d4b2-315e-8c5d-b2baec5db3bf] The Player <GolemDaWanderer> has slain Skeleton at X= -10299, Y= 36, Z= 4030
[2024-03-31 20:16:20] [world] [e8de36e0-d4b2-315e-8c5d-b2baec5db3bf] The Player <GolemDaWanderer> has slain Skeleton at X= -10300, Y= 36, Z= 4030
[2024-03-31 20:16:20] [world] [e8de36e0-d4b2-315e-8c5d-b2baec5db3bf] The Player <GolemDaWanderer> has slain Skeleton at X= -10300, Y= 36, Z= 4030
[2024-03-31 20:16:21] [world] [e8de36e0-d4b2-315e-8c5d-b2baec5db3bf] The Player <GolemDaWanderer> has slain Skeleton at X= -10300, Y= 36, Z= 4030
[2024-03-31 20:16:21] [world] [e8de36e0-d4b2-315e-8c5d-b2baec5db3bf] The Player <GolemDaWanderer> has slain Skeleton at X= -10300, Y= 36, Z= 4031
[2024-03-31 20:16:23] [world] [e8de36e0-d4b2-315e-8c5d-b2baec5db3bf] The Player <GolemDaWanderer> has slain Skeleton at X= -10300, Y= 36, Z= 4030
[2024-03-31 20:16:23] [world] [e8de36e0-d4b2-315e-8c5d-b2baec5db3bf] The Player <GolemDaWanderer> has slain Skeleton at X= -10300, Y= 36, Z= 4030
[2024-03-31 20:21:46] [world] [e8de36e0-d4b2-315e-8c5d-b2baec5db3bf] The Player <GolemDaWanderer> has slain Skeleton at X= -10300, Y= 36, Z= 4030
[2024-03-31 20:21:46] [world] [e8de36e0-d4b2-315e-8c5d-b2baec5db3bf] The Player <GolemDaWanderer> has slain Skeleton at X= -10299, Y= 36, Z= 4030
[2024-03-31 20:21:46] [world] [e8de36e0-d4b2-315e-8c5d-b2baec5db3bf] The Player <GolemDaWanderer> has slain Skeleton at X= -10299, Y= 36, Z= 4031
[2024-03-31 20:21:47] [world] [e8de36e0-d4b2-315e-8c5d-b2baec5db3bf] The Player <GolemDaWanderer> has slain Skeleton at X= -10299, Y= 36, Z= 4031
[2024-03-31 20:21:47] [world] [e8de36e0-d4b2-315e-8c5d-b2baec5db3bf] The Player <GolemDaWanderer> has slain Skeleton at X= -10299, Y= 36, Z= 4031
[2024-03-31 20:21:48] [world] [e8de36e0-d4b2-315e-8c5d-b2baec5db3bf] The Player <GolemDaWanderer> has slain Skeleton at X= -10300, Y= 36, Z= 4031
[2024-03-31 20:21:48] [world] [e8de36e0-d4b2-315e-8c5d-b2baec5db3bf] The Player <GolemDaWanderer> has slain Skeleton at X= -10300, Y= 36, Z= 4031
[2024-03-31 20:21:49] [world] [e8de36e0-d4b2-315e-8c5d-b2baec5db3bf] The Player <GolemDaWanderer> has slain Skeleton at X= -10299, Y= 36, Z= 4031
[2024-03-31 20:21:49] [world] [e8de36e0-d4b2-315e-8c5d-b2baec5db3bf] The Player <GolemDaWanderer> has slain Skeleton at X= -10299, Y= 36, Z= 4031
[2024-03-31 20:21:50] [world] [e8de36e0-d4b2-315e-8c5d-b2baec5db3bf] The Player <GolemDaWanderer> has slain Skeleton at X= -10299, Y= 36, Z= 4030
[2024-03-31 20:21:50] [world] [e8de36e0-d4b2-315e-8c5d-b2baec5db3bf] The Player <GolemDaWanderer> has slain Skeleton at X= -10299, Y= 36, Z= 4030
[2024-03-31 20:21:50] [world] [e8de36e0-d4b2-315e-8c5d-b2baec5db3bf] The Player <GolemDaWanderer> has slain Skeleton at X= -10299, Y= 36, Z= 4031
[2024-03-31 20:21:51] [world] [e8de36e0-d4b2-315e-8c5d-b2baec5db3bf] The Player <GolemDaWanderer> has slain Skeleton at X= -10299, Y= 36, Z= 4031
[2024-03-31 20:21:52] [world] [e8de36e0-d4b2-315e-8c5d-b2baec5db3bf] The Player <GolemDaWanderer> has slain Skeleton at X= -10300, Y= 36, Z= 4031
[2024-03-31 20:21:55] [world] [e8de36e0-d4b2-315e-8c5d-b2baec5db3bf] The Player <GolemDaWanderer> has slain Skeleton at X= -10300, Y= 36, Z= 4031
[2024-03-31 20:21:56] [world] [e8de36e0-d4b2-315e-8c5d-b2baec5db3bf] The Player <GolemDaWanderer> has slain Skeleton at X= -10299, Y= 36, Z= 4030
[2024-03-31 20:21:56] [world] [e8de36e0-d4b2-315e-8c5d-b2baec5db3bf] The Player <GolemDaWanderer> has slain Skeleton at X= -10299, Y= 36, Z= 4031
[2024-03-31 20:21:56] [world] [e8de36e0-d4b2-315e-8c5d-b2baec5db3bf] The Player <GolemDaWanderer> has slain Skeleton at X= -10299, Y= 36, Z= 4030
[2024-03-31 20:21:57] [world] [e8de36e0-d4b2-315e-8c5d-b2baec5db3bf] The Player <GolemDaWanderer> has slain Skeleton at X= -10299, Y= 36, Z= 4030
[2024-03-31 20:21:58] [world] [e8de36e0-d4b2-315e-8c5d-b2baec5db3bf] The Player <GolemDaWanderer> has slain Skeleton at X= -10300, Y= 36, Z= 4031
[2024-03-31 20:21:58] [world] [e8de36e0-d4b2-315e-8c5d-b2baec5db3bf] The Player <GolemDaWanderer> has slain Skeleton at X= -10300, Y= 36, Z= 4031
[2024-03-31 20:21:59] [world] [e8de36e0-d4b2-315e-8c5d-b2baec5db3bf] The Player <GolemDaWanderer> has slain Skeleton at X= -10300, Y= 36, Z= 4030
[2024-03-31 20:22:00] [world] [e8de36e0-d4b2-315e-8c5d-b2baec5db3bf] The Player <GolemDaWanderer> has slain Skeleton at X= -10300, Y= 36, Z= 4030
[2024-03-31 20:22:00] [world] [e8de36e0-d4b2-315e-8c5d-b2baec5db3bf] The Player <GolemDaWanderer> has slain Skeleton at X= -10300, Y= 36, Z= 4030
[2024-03-31 20:27:14] [world] [e8de36e0-d4b2-315e-8c5d-b2baec5db3bf] The Player <GolemDaWanderer> has slain Skeleton at X= -10299, Y= 36, Z= 4030
[2024-03-31 20:27:14] [world] [e8de36e0-d4b2-315e-8c5d-b2baec5db3bf] The Player <GolemDaWanderer> has slain Skeleton at X= -10299, Y= 36, Z= 4030
[2024-03-31 20:27:14] [world] [e8de36e0-d4b2-315e-8c5d-b2baec5db3bf] The Player <GolemDaWanderer> has slain Skeleton at X= -10299, Y= 36, Z= 4030
[2024-03-31 20:27:15] [world] [e8de36e0-d4b2-315e-8c5d-b2baec5db3bf] The Player <GolemDaWanderer> has slain Skeleton at X= -10299, Y= 36, Z= 4031
[2024-03-31 20:27:15] [world] [e8de36e0-d4b2-315e-8c5d-b2baec5db3bf] The Player <GolemDaWanderer> has slain Skeleton at X= -10299, Y= 36, Z= 4031
[2024-03-31 20:27:15] [world] [e8de36e0-d4b2-315e-8c5d-b2baec5db3bf] The Player <GolemDaWanderer> has slain Skeleton at X= -10299, Y= 36, Z= 4031
[2024-03-31 20:27:16] [world] [e8de36e0-d4b2-315e-8c5d-b2baec5db3bf] The Player <GolemDaWanderer> has slain Skeleton at X= -10299, Y= 36, Z= 4031
[2024-03-31 20:27:16] [world] [e8de36e0-d4b2-315e-8c5d-b2baec5db3bf] The Player <GolemDaWanderer> has slain Skeleton at X= -10299, Y= 36, Z= 4031
[2024-03-31 20:27:17] [world] [e8de36e0-d4b2-315e-8c5d-b2baec5db3bf] The Player <GolemDaWanderer> has slain Skeleton at X= -10299, Y= 36, Z= 4031
[2024-03-31 20:27:17] [world] [e8de36e0-d4b2-315e-8c5d-b2baec5db3bf] The Player <GolemDaWanderer> has slain Skeleton at X= -10299, Y= 36, Z= 4030
[2024-03-31 20:27:17] [world] [e8de36e0-d4b2-315e-8c5d-b2baec5db3bf] The Player <GolemDaWanderer> has slain Skeleton at X= -10299, Y= 36, Z= 4030
[2024-03-31 20:27:18] [world] [e8de36e0-d4b2-315e-8c5d-b2baec5db3bf] The Player <GolemDaWanderer> has slain Skeleton at X= -10299, Y= 36, Z= 4030
[2024-03-31 20:27:18] [world] [e8de36e0-d4b2-315e-8c5d-b2baec5db3bf] The Player <GolemDaWanderer> has slain Skeleton at X= -10299, Y= 36, Z= 4030
[2024-03-31 20:27:18] [world] [e8de36e0-d4b2-315e-8c5d-b2baec5db3bf] The Player <GolemDaWanderer> has slain Skeleton at X= -10299, Y= 36, Z= 4031
[2024-03-31 20:27:19] [world] [e8de36e0-d4b2-315e-8c5d-b2baec5db3bf] The Player <GolemDaWanderer> has slain Skeleton at X= -10300, Y= 36, Z= 4031
[2024-03-31 20:27:19] [world] [e8de36e0-d4b2-315e-8c5d-b2baec5db3bf] The Player <GolemDaWanderer> has slain Skeleton at X= -10300, Y= 36, Z= 4031
[2024-03-31 20:27:20] [world] [e8de36e0-d4b2-315e-8c5d-b2baec5db3bf] The Player <GolemDaWanderer> has slain Skeleton at X= -10300, Y= 36, Z= 4030
[2024-03-31 20:27:20] [world] [e8de36e0-d4b2-315e-8c5d-b2baec5db3bf] The Player <GolemDaWanderer> has slain Skeleton at X= -10300, Y= 36, Z= 4030
[2024-03-31 20:27:21] [world] [e8de36e0-d4b2-315e-8c5d-b2baec5db3bf] The Player <GolemDaWanderer> has slain Skeleton at X= -10300, Y= 36, Z= 4031
[2024-03-31 20:27:21] [world] [e8de36e0-d4b2-315e-8c5d-b2baec5db3bf] The Player <GolemDaWanderer> has slain Skeleton at X= -10300, Y= 36, Z= 4031
[2024-03-31 20:28:18] [world] [e8de36e0-d4b2-315e-8c5d-b2baec5db3bf] The Player <GolemDaWanderer> has slain Skeleton at X= -10300, Y= 36, Z= 4031
[2024-03-31 20:28:18] [world] [e8de36e0-d4b2-315e-8c5d-b2baec5db3bf] The Player <GolemDaWanderer> has slain Skeleton at X= -10300, Y= 36, Z= 4030
[2024-03-31 21:05:36] [world] [e8de36e0-d4b2-315e-8c5d-b2baec5db3bf] The Player <GolemDaWanderer> has slain Skeleton at X= -10299, Y= 36, Z= 4030
[2024-03-31 21:05:36] [world] [e8de36e0-d4b2-315e-8c5d-b2baec5db3bf] The Player <GolemDaWanderer> has slain Skeleton at X= -10299, Y= 36, Z= 4030
[2024-03-31 21:05:37] [world] [e8de36e0-d4b2-315e-8c5d-b2baec5db3bf] The Player <GolemDaWanderer> has slain Skeleton at X= -10299, Y= 36, Z= 4030
[2024-03-31 21:05:37] [world] [e8de36e0-d4b2-315e-8c5d-b2baec5db3bf] The Player <GolemDaWanderer> has slain Skeleton at X= -10299, Y= 36, Z= 4030
[2024-03-31 21:05:38] [world] [e8de36e0-d4b2-315e-8c5d-b2baec5db3bf] The Player <GolemDaWanderer> has slain Skeleton at X= -10299, Y= 36, Z= 4030
[2024-03-31 21:05:38] [world] [e8de36e0-d4b2-315e-8c5d-b2baec5db3bf] The Player <GolemDaWanderer> has slain Skeleton at X= -10299, Y= 36, Z= 4030
[2024-03-31 21:05:39] [world] [e8de36e0-d4b2-315e-8c5d-b2baec5db3bf] The Player <GolemDaWanderer> has slain Skeleton at X= -10299, Y= 36, Z= 4030
[2024-03-31 21:05:40] [world] [e8de36e0-d4b2-315e-8c5d-b2baec5db3bf] The Player <GolemDaWanderer> has slain Skeleton at X= -10299, Y= 36, Z= 4030
[2024-03-31 21:05:41] [world] [e8de36e0-d4b2-315e-8c5d-b2baec5db3bf] The Player <GolemDaWanderer> has slain Skeleton at X= -10299, Y= 36, Z= 4030
[2024-03-31 21:05:41] [world] [e8de36e0-d4b2-315e-8c5d-b2baec5db3bf] The Player <GolemDaWanderer> has slain Skeleton at X= -10299, Y= 36, Z= 4030
[2024-03-31 21:05:41] [world] [e8de36e0-d4b2-315e-8c5d-b2baec5db3bf] The Player <GolemDaWanderer> has slain Skeleton at X= -10299, Y= 36, Z= 4030
[2024-03-31 21:05:42] [world] [e8de36e0-d4b2-315e-8c5d-b2baec5db3bf] The Player <GolemDaWanderer> has slain Skeleton at X= -10299, Y= 36, Z= 4030
[2024-03-31 21:05:42] [world] [e8de36e0-d4b2-315e-8c5d-b2baec5db3bf] The Player <GolemDaWanderer> has slain Skeleton at X= -10299, Y= 36, Z= 4030
[2024-03-31 21:05:42] [world] [e8de36e0-d4b2-315e-8c5d-b2baec5db3bf] The Player <GolemDaWanderer> has slain Skeleton at X= -10299, Y= 36, Z= 4030
[2024-03-31 21:05:43] [world] [e8de36e0-d4b2-315e-8c5d-b2baec5db3bf] The Player <GolemDaWanderer> has slain Skeleton at X= -10299, Y= 36, Z= 4030
[2024-03-31 21:05:43] [world] [e8de36e0-d4b2-315e-8c5d-b2baec5db3bf] The Player <GolemDaWanderer> has slain Skeleton at X= -10299, Y= 36, Z= 4030
[2024-03-31 21:05:43] [world] [e8de36e0-d4b2-315e-8c5d-b2baec5db3bf] The Player <GolemDaWanderer> has slain Skeleton at X= -10299, Y= 36, Z= 4030
[2024-03-31 21:05:44] [world] [e8de36e0-d4b2-315e-8c5d-b2baec5db3bf] The Player <GolemDaWanderer> has slain Skeleton at X= -10300, Y= 36, Z= 4031
[2024-03-31 21:05:45] [world] [e8de36e0-d4b2-315e-8c5d-b2baec5db3bf] The Player <GolemDaWanderer> has slain Skeleton at X= -10300, Y= 36, Z= 4031
[2024-03-31 21:05:46] [world] [e8de36e0-d4b2-315e-8c5d-b2baec5db3bf] The Player <GolemDaWanderer> has slain Skeleton at X= -10300, Y= 36, Z= 4031
[2024-03-31 21:05:46] [world] [e8de36e0-d4b2-315e-8c5d-b2baec5db3bf] The Player <GolemDaWanderer> has slain Skeleton at X= -10300, Y= 36, Z= 4031
[2024-03-31 21:05:47] [world] [e8de36e0-d4b2-315e-8c5d-b2baec5db3bf] The Player <GolemDaWanderer> has slain Skeleton at X= -10300, Y= 36, Z= 4031
[2024-03-31 21:05:48] [world] [e8de36e0-d4b2-315e-8c5d-b2baec5db3bf] The Player <GolemDaWanderer> has slain Skeleton at X= -10300, Y= 36, Z= 4031
[2024-03-31 21:05:49] [world] [e8de36e0-d4b2-315e-8c5d-b2baec5db3bf] The Player <GolemDaWanderer> has slain Skeleton at X= -10300, Y= 36, Z= 4031
[2024-03-31 21:05:49] [world] [e8de36e0-d4b2-315e-8c5d-b2baec5db3bf] The Player <GolemDaWanderer> has slain Skeleton at X= -10300, Y= 36, Z= 4031
[2024-03-31 21:05:50] [world] [e8de36e0-d4b2-315e-8c5d-b2baec5db3bf] The Player <GolemDaWanderer> has slain Skeleton at X= -10300, Y= 36, Z= 4031
[2024-03-31 21:05:51] [world] [e8de36e0-d4b2-315e-8c5d-b2baec5db3bf] The Player <GolemDaWanderer> has slain Skeleton at X= -10300, Y= 36, Z= 4031
[2024-03-31 21:05:52] [world] [e8de36e0-d4b2-315e-8c5d-b2baec5db3bf] The Player <GolemDaWanderer> has slain Skeleton at X= -10300, Y= 36, Z= 4031
[2024-03-31 21:05:53] [world] [e8de36e0-d4b2-315e-8c5d-b2baec5db3bf] The Player <GolemDaWanderer> has slain Skeleton at X= -10300, Y= 36, Z= 4031
[2024-03-31 21:05:53] [world] [e8de36e0-d4b2-315e-8c5d-b2baec5db3bf] The Player <GolemDaWanderer> has slain Skeleton at X= -10300, Y= 36, Z= 4031
[2024-03-31 21:05:54] [world] [e8de36e0-d4b2-315e-8c5d-b2baec5db3bf] The Player <GolemDaWanderer> has slain Skeleton at X= -10300, Y= 36, Z= 4031
[2024-03-31 21:05:55] [world] [e8de36e0-d4b2-315e-8c5d-b2baec5db3bf] The Player <GolemDaWanderer> has slain Skeleton at X= -10300, Y= 36, Z= 4031
[2024-03-31 21:05:56] [world] [e8de36e0-d4b2-315e-8c5d-b2baec5db3bf] The Player <GolemDaWanderer> has slain Skeleton at X= -10300, Y= 36, Z= 4031
[2024-03-31 21:05:57] [world] [e8de36e0-d4b2-315e-8c5d-b2baec5db3bf] The Player <GolemDaWanderer> has slain Skeleton at X= -10300, Y= 36, Z= 4031
[2024-03-31 21:05:58] [world] [e8de36e0-d4b2-315e-8c5d-b2baec5db3bf] The Player <GolemDaWanderer> has slain Skeleton at X= -10300, Y= 36, Z= 4031
[2024-03-31 21:05:59] [world] [e8de36e0-d4b2-315e-8c5d-b2baec5db3bf] The Player <GolemDaWanderer> has slain Skeleton at X= -10300, Y= 36, Z= 4031
[2024-03-31 21:05:59] [world] [e8de36e0-d4b2-315e-8c5d-b2baec5db3bf] The Player <GolemDaWanderer> has slain Skeleton at X= -10300, Y= 36, Z= 4031
[2024-03-31 21:06:01] [world] [e8de36e0-d4b2-315e-8c5d-b2baec5db3bf] The Player <GolemDaWanderer> has slain Skeleton at X= -10300, Y= 36, Z= 4031
[2024-03-31 21:06:01] [world] [e8de36e0-d4b2-315e-8c5d-b2baec5db3bf] The Player <GolemDaWanderer> has slain Skeleton at X= -10300, Y= 36, Z= 4031
[2024-03-31 21:06:02] [world] [e8de36e0-d4b2-315e-8c5d-b2baec5db3bf] The Player <GolemDaWanderer> has slain Skeleton at X= -10300, Y= 36, Z= 4031
[2024-03-31 21:06:03] [world] [e8de36e0-d4b2-315e-8c5d-b2baec5db3bf] The Player <GolemDaWanderer> has slain Skeleton at X= -10300, Y= 36, Z= 4031
[2024-03-31 21:06:04] [world] [e8de36e0-d4b2-315e-8c5d-b2baec5db3bf] The Player <GolemDaWanderer> has slain Skeleton at X= -10300, Y= 36, Z= 4031
[2024-03-31 21:06:05] [world] [e8de36e0-d4b2-315e-8c5d-b2baec5db3bf] The Player <GolemDaWanderer> has slain Skeleton at X= -10300, Y= 36, Z= 4031
[2024-03-31 21:06:06] [world] [e8de36e0-d4b2-315e-8c5d-b2baec5db3bf] The Player <GolemDaWanderer> has slain Skeleton at X= -10300, Y= 36, Z= 4031
[2024-03-31 21:06:07] [world] [e8de36e0-d4b2-315e-8c5d-b2baec5db3bf] The Player <GolemDaWanderer> has slain Skeleton at X= -10300, Y= 36, Z= 4031
[2024-03-31 21:06:07] [world] [e8de36e0-d4b2-315e-8c5d-b2baec5db3bf] The Player <GolemDaWanderer> has slain Skeleton at X= -10300, Y= 36, Z= 4031
[2024-03-31 21:06:08] [world] [e8de36e0-d4b2-315e-8c5d-b2baec5db3bf] The Player <GolemDaWanderer> has slain Skeleton at X= -10300, Y= 36, Z= 4031
[2024-03-31 21:06:09] [world] [e8de36e0-d4b2-315e-8c5d-b2baec5db3bf] The Player <GolemDaWanderer> has slain Skeleton at X= -10300, Y= 36, Z= 4031
[2024-03-31 21:06:09] [world] [e8de36e0-d4b2-315e-8c5d-b2baec5db3bf] The Player <GolemDaWanderer> has slain Skeleton at X= -10300, Y= 36, Z= 4031
[2024-03-31 21:06:10] [world] [e8de36e0-d4b2-315e-8c5d-b2baec5db3bf] The Player <GolemDaWanderer> has slain Skeleton at X= -10300, Y= 36, Z= 4031
[2024-03-31 21:06:11] [world] [e8de36e0-d4b2-315e-8c5d-b2baec5db3bf] The Player <GolemDaWanderer> has slain Skeleton at X= -10300, Y= 36, Z= 4031
[2024-03-31 21:06:12] [world] [e8de36e0-d4b2-315e-8c5d-b2baec5db3bf] The Player <GolemDaWanderer> has slain Skeleton at X= -10300, Y= 36, Z= 4031
[2024-03-31 21:06:13] [world] [e8de36e0-d4b2-315e-8c5d-b2baec5db3bf] The Player <GolemDaWanderer> has slain Skeleton at X= -10300, Y= 36, Z= 4031
[2024-03-31 21:06:13] [world] [e8de36e0-d4b2-315e-8c5d-b2baec5db3bf] The Player <GolemDaWanderer> has slain Skeleton at X= -10300, Y= 36, Z= 4031
[2024-03-31 21:06:15] [world] [e8de36e0-d4b2-315e-8c5d-b2baec5db3bf] The Player <GolemDaWanderer> has slain Skeleton at X= -10300, Y= 36, Z= 4031
[2024-03-31 21:06:15] [world] [e8de36e0-d4b2-315e-8c5d-b2baec5db3bf] The Player <GolemDaWanderer> has slain Skeleton at X= -10300, Y= 36, Z= 4031
[2024-03-31 21:06:16] [world] [e8de36e0-d4b2-315e-8c5d-b2baec5db3bf] The Player <GolemDaWanderer> has slain Skeleton at X= -10300, Y= 36, Z= 4031
[2024-03-31 21:06:16] [world] [e8de36e0-d4b2-315e-8c5d-b2baec5db3bf] The Player <GolemDaWanderer> has slain Skeleton at X= -10300, Y= 36, Z= 4031
[2024-03-31 21:06:17] [world] [e8de36e0-d4b2-315e-8c5d-b2baec5db3bf] The Player <GolemDaWanderer> has slain Skeleton at X= -10300, Y= 36, Z= 4031
[2024-03-31 21:06:18] [world] [e8de36e0-d4b2-315e-8c5d-b2baec5db3bf] The Player <GolemDaWanderer> has slain Skeleton at X= -10300, Y= 36, Z= 4031
[2024-03-31 21:06:19] [world] [e8de36e0-d4b2-315e-8c5d-b2baec5db3bf] The Player <GolemDaWanderer> has slain Skeleton at X= -10300, Y= 36, Z= 4031
[2024-03-31 21:06:19] [world] [e8de36e0-d4b2-315e-8c5d-b2baec5db3bf] The Player <GolemDaWanderer> has slain Skeleton at X= -10300, Y= 36, Z= 4031
[2024-03-31 21:06:20] [world] [e8de36e0-d4b2-315e-8c5d-b2baec5db3bf] The Player <GolemDaWanderer> has slain Skeleton at X= -10300, Y= 36, Z= 4031
[2024-03-31 21:06:21] [world] [e8de36e0-d4b2-315e-8c5d-b2baec5db3bf] The Player <GolemDaWanderer> has slain Skeleton at X= -10300, Y= 36, Z= 4031
[2024-03-31 21:06:32] [world] [e8de36e0-d4b2-315e-8c5d-b2baec5db3bf] The Player <GolemDaWanderer> has slain Skeleton at X= -10299, Y= 36, Z= 4031
[2024-03-31 21:06:33] [world] [e8de36e0-d4b2-315e-8c5d-b2baec5db3bf] The Player <GolemDaWanderer> has slain Skeleton at X= -10299, Y= 36, Z= 4031
[2024-03-31 21:06:33] [world] [e8de36e0-d4b2-315e-8c5d-b2baec5db3bf] The Player <GolemDaWanderer> has slain Skeleton at X= -10299, Y= 36, Z= 4030
[2024-03-31 21:06:33] [world] [e8de36e0-d4b2-315e-8c5d-b2baec5db3bf] The Player <GolemDaWanderer> has slain Skeleton at X= -10300, Y= 36, Z= 4030
[2024-03-31 21:06:33] [world] [e8de36e0-d4b2-315e-8c5d-b2baec5db3bf] The Player <GolemDaWanderer> has slain Skeleton at X= -10299, Y= 36, Z= 4031
[2024-03-31 21:06:33] [world] [e8de36e0-d4b2-315e-8c5d-b2baec5db3bf] The Player <GolemDaWanderer> has slain Skeleton at X= -10300, Y= 36, Z= 4030
[2024-03-31 21:06:34] [world] [e8de36e0-d4b2-315e-8c5d-b2baec5db3bf] The Player <GolemDaWanderer> has slain Skeleton at X= -10299, Y= 36, Z= 4030
[2024-03-31 21:06:34] [world] [e8de36e0-d4b2-315e-8c5d-b2baec5db3bf] The Player <GolemDaWanderer> has slain Skeleton at X= -10299, Y= 36, Z= 4030
[2024-03-31 21:06:34] [world] [e8de36e0-d4b2-315e-8c5d-b2baec5db3bf] The Player <GolemDaWanderer> has slain Skeleton at X= -10299, Y= 36, Z= 4031
[2024-03-31 21:06:34] [world] [e8de36e0-d4b2-315e-8c5d-b2baec5db3bf] The Player <GolemDaWanderer> has slain Skeleton at X= -10299, Y= 36, Z= 4031
[2024-03-31 21:06:34] [world] [e8de36e0-d4b2-315e-8c5d-b2baec5db3bf] The Player <GolemDaWanderer> has slain Skeleton at X= -10299, Y= 36, Z= 4031
[2024-03-31 21:06:35] [world] [e8de36e0-d4b2-315e-8c5d-b2baec5db3bf] The Player <GolemDaWanderer> has slain Skeleton at X= -10299, Y= 36, Z= 4031
[2024-03-31 21:06:35] [world] [e8de36e0-d4b2-315e-8c5d-b2baec5db3bf] The Player <GolemDaWanderer> has slain Skeleton at X= -10299, Y= 36, Z= 4030
[2024-03-31 21:06:35] [world] [e8de36e0-d4b2-315e-8c5d-b2baec5db3bf] The Player <GolemDaWanderer> has slain Skeleton at X= -10299, Y= 36, Z= 4031
[2024-03-31 21:06:35] [world] [e8de36e0-d4b2-315e-8c5d-b2baec5db3bf] The Player <GolemDaWanderer> has slain Skeleton at X= -10300, Y= 36, Z= 4031
[2024-03-31 21:06:36] [world] [e8de36e0-d4b2-315e-8c5d-b2baec5db3bf] The Player <GolemDaWanderer> has slain Skeleton at X= -10299, Y= 36, Z= 4031
[2024-03-31 21:06:36] [world] [e8de36e0-d4b2-315e-8c5d-b2baec5db3bf] The Player <GolemDaWanderer> has slain Skeleton at X= -10299, Y= 36, Z= 4031
[2024-03-31 21:06:36] [world] [e8de36e0-d4b2-315e-8c5d-b2baec5db3bf] The Player <GolemDaWanderer> has slain Skeleton at X= -10299, Y= 36, Z= 4031
[2024-03-31 21:06:36] [world] [e8de36e0-d4b2-315e-8c5d-b2baec5db3bf] The Player <GolemDaWanderer> has slain Skeleton at X= -10299, Y= 36, Z= 4030
[2024-03-31 21:06:36] [world] [e8de36e0-d4b2-315e-8c5d-b2baec5db3bf] The Player <GolemDaWanderer> has slain Skeleton at X= -10299, Y= 36, Z= 4030
[2024-03-31 21:06:37] [world] [e8de36e0-d4b2-315e-8c5d-b2baec5db3bf] The Player <GolemDaWanderer> has slain Skeleton at X= -10299, Y= 36, Z= 4030
[2024-03-31 21:06:37] [world] [e8de36e0-d4b2-315e-8c5d-b2baec5db3bf] The Player <GolemDaWanderer> has slain Skeleton at X= -10299, Y= 36, Z= 4031
[2024-03-31 21:06:37] [world] [e8de36e0-d4b2-315e-8c5d-b2baec5db3bf] The Player <GolemDaWanderer> has slain Skeleton at X= -10299, Y= 36, Z= 4031
[2024-03-31 21:06:38] [world] [e8de36e0-d4b2-315e-8c5d-b2baec5db3bf] The Player <GolemDaWanderer> has slain Skeleton at X= -10300, Y= 36, Z= 4031
[2024-03-31 21:06:38] [world] [e8de36e0-d4b2-315e-8c5d-b2baec5db3bf] The Player <GolemDaWanderer> has slain Skeleton at X= -10299, Y= 36, Z= 4031
[2024-03-31 21:06:38] [world] [e8de36e0-d4b2-315e-8c5d-b2baec5db3bf] The Player <GolemDaWanderer> has slain Skeleton at X= -10299, Y= 36, Z= 4031
[2024-03-31 21:06:39] [world] [e8de36e0-d4b2-315e-8c5d-b2baec5db3bf] The Player <GolemDaWanderer> has slain Skeleton at X= -10299, Y= 36, Z= 4031
[2024-03-31 21:06:39] [world] [e8de36e0-d4b2-315e-8c5d-b2baec5db3bf] The Player <GolemDaWanderer> has slain Skeleton at X= -10299, Y= 36, Z= 4031
[2024-03-31 21:06:40] [world] [e8de36e0-d4b2-315e-8c5d-b2baec5db3bf] The Player <GolemDaWanderer> has slain Skeleton at X= -10300, Y= 36, Z= 4031
[2024-03-31 21:06:40] [world] [e8de36e0-d4b2-315e-8c5d-b2baec5db3bf] The Player <GolemDaWanderer> has slain Skeleton at X= -10300, Y= 36, Z= 4030
[2024-03-31 21:06:41] [world] [e8de36e0-d4b2-315e-8c5d-b2baec5db3bf] The Player <GolemDaWanderer> has slain Skeleton at X= -10299, Y= 36, Z= 4030
[2024-03-31 21:06:41] [world] [e8de36e0-d4b2-315e-8c5d-b2baec5db3bf] The Player <GolemDaWanderer> has slain Skeleton at X= -10299, Y= 36, Z= 4030
[2024-03-31 21:06:41] [world] [e8de36e0-d4b2-315e-8c5d-b2baec5db3bf] The Player <GolemDaWanderer> has slain Skeleton at X= -10300, Y= 36, Z= 4030
[2024-03-31 21:06:42] [world] [e8de36e0-d4b2-315e-8c5d-b2baec5db3bf] The Player <GolemDaWanderer> has slain Skeleton at X= -10299, Y= 36, Z= 4030
[2024-03-31 21:06:43] [world] [e8de36e0-d4b2-315e-8c5d-b2baec5db3bf] The Player <GolemDaWanderer> has slain Skeleton at X= -10299, Y= 36, Z= 4030
[2024-03-31 21:06:44] [world] [e8de36e0-d4b2-315e-8c5d-b2baec5db3bf] The Player <GolemDaWanderer> has slain Skeleton at X= -10299, Y= 36, Z= 4030
[2024-03-31 21:06:44] [world] [e8de36e0-d4b2-315e-8c5d-b2baec5db3bf] The Player <GolemDaWanderer> has slain Skeleton at X= -10299, Y= 36, Z= 4030
[2024-03-31 21:06:44] [world] [e8de36e0-d4b2-315e-8c5d-b2baec5db3bf] The Player <GolemDaWanderer> has slain Skeleton at X= -10299, Y= 36, Z= 4030
[2024-03-31 21:06:45] [world] [e8de36e0-d4b2-315e-8c5d-b2baec5db3bf] The Player <GolemDaWanderer> has slain Skeleton at X= -10299, Y= 36, Z= 4030
[2024-03-31 21:06:46] [world] [e8de36e0-d4b2-315e-8c5d-b2baec5db3bf] The Player <GolemDaWanderer> has slain Skeleton at X= -10299, Y= 36, Z= 4030
[2024-03-31 21:06:46] [world] [e8de36e0-d4b2-315e-8c5d-b2baec5db3bf] The Player <GolemDaWanderer> has slain Skeleton at X= -10300, Y= 36, Z= 4030
[2024-03-31 21:06:46] [world] [e8de36e0-d4b2-315e-8c5d-b2baec5db3bf] The Player <GolemDaWanderer> has slain Skeleton at X= -10299, Y= 36, Z= 4030
[2024-03-31 21:06:47] [world] [e8de36e0-d4b2-315e-8c5d-b2baec5db3bf] The Player <GolemDaWanderer> has slain Skeleton at X= -10299, Y= 36, Z= 4030
[2024-03-31 21:06:48] [world] [e8de36e0-d4b2-315e-8c5d-b2baec5db3bf] The Player <GolemDaWanderer> has slain Skeleton at X= -10299, Y= 36, Z= 4030
[2024-03-31 21:06:49] [world] [e8de36e0-d4b2-315e-8c5d-b2baec5db3bf] The Player <GolemDaWanderer> has slain Skeleton at X= -10299, Y= 36, Z= 4030
[2024-03-31 21:06:56] [world] [e8de36e0-d4b2-315e-8c5d-b2baec5db3bf] The Player <GolemDaWanderer> has slain Skeleton at X= -10300, Y= 36, Z= 4031
[2024-03-31 21:06:56] [world] [e8de36e0-d4b2-315e-8c5d-b2baec5db3bf] The Player <GolemDaWanderer> has slain Skeleton at X= -10300, Y= 36, Z= 4031
[2024-03-31 21:06:56] [world] [e8de36e0-d4b2-315e-8c5d-b2baec5db3bf] The Player <GolemDaWanderer> has slain Skeleton at X= -10300, Y= 36, Z= 4031
[2024-03-31 21:06:57] [world] [e8de36e0-d4b2-315e-8c5d-b2baec5db3bf] The Player <GolemDaWanderer> has slain Skeleton at X= -10300, Y= 36, Z= 4031
[2024-03-31 21:06:57] [world] [e8de36e0-d4b2-315e-8c5d-b2baec5db3bf] The Player <GolemDaWanderer> has slain Skeleton at X= -10300, Y= 36, Z= 4031
[2024-03-31 21:06:58] [world] [e8de36e0-d4b2-315e-8c5d-b2baec5db3bf] The Player <GolemDaWanderer> has slain Skeleton at X= -10300, Y= 36, Z= 4031
[2024-03-31 21:06:58] [world] [e8de36e0-d4b2-315e-8c5d-b2baec5db3bf] The Player <GolemDaWanderer> has slain Skeleton at X= -10300, Y= 36, Z= 4031
[2024-03-31 21:06:59] [world] [e8de36e0-d4b2-315e-8c5d-b2baec5db3bf] The Player <GolemDaWanderer> has slain Skeleton at X= -10300, Y= 36, Z= 4031
[2024-03-31 21:06:59] [world] [e8de36e0-d4b2-315e-8c5d-b2baec5db3bf] The Player <GolemDaWanderer> has slain Skeleton at X= -10300, Y= 36, Z= 4031
[2024-03-31 21:06:59] [world] [e8de36e0-d4b2-315e-8c5d-b2baec5db3bf] The Player <GolemDaWanderer> has slain Skeleton at X= -10300, Y= 36, Z= 4031
[2024-03-31 21:07:00] [world] [e8de36e0-d4b2-315e-8c5d-b2baec5db3bf] The Player <GolemDaWanderer> has slain Skeleton at X= -10300, Y= 36, Z= 4031
[2024-03-31 21:07:00] [world] [e8de36e0-d4b2-315e-8c5d-b2baec5db3bf] The Player <GolemDaWanderer> has slain Skeleton at X= -10300, Y= 36, Z= 4031
[2024-03-31 21:07:01] [world] [e8de36e0-d4b2-315e-8c5d-b2baec5db3bf] The Player <GolemDaWanderer> has slain Skeleton at X= -10300, Y= 36, Z= 4031
[2024-03-31 21:07:01] [world] [e8de36e0-d4b2-315e-8c5d-b2baec5db3bf] The Player <GolemDaWanderer> has slain Skeleton at X= -10300, Y= 36, Z= 4031
[2024-03-31 21:07:02] [world] [e8de36e0-d4b2-315e-8c5d-b2baec5db3bf] The Player <GolemDaWanderer> has slain Skeleton at X= -10300, Y= 36, Z= 4031
[2024-03-31 21:07:02] [world] [e8de36e0-d4b2-315e-8c5d-b2baec5db3bf] The Player <GolemDaWanderer> has slain Skeleton at X= -10300, Y= 36, Z= 4031
[2024-03-31 21:07:02] [world] [e8de36e0-d4b2-315e-8c5d-b2baec5db3bf] The Player <GolemDaWanderer> has slain Skeleton at X= -10300, Y= 36, Z= 4031
[2024-03-31 21:07:03] [world] [e8de36e0-d4b2-315e-8c5d-b2baec5db3bf] The Player <GolemDaWanderer> has slain Skeleton at X= -10300, Y= 36, Z= 4031
[2024-03-31 21:07:03] [world] [e8de36e0-d4b2-315e-8c5d-b2baec5db3bf] The Player <GolemDaWanderer> has slain Skeleton at X= -10300, Y= 36, Z= 4031
[2024-03-31 21:07:04] [world] [e8de36e0-d4b2-315e-8c5d-b2baec5db3bf] The Player <GolemDaWanderer> has slain Skeleton at X= -10300, Y= 36, Z= 4031
[2024-03-31 21:07:04] [world] [e8de36e0-d4b2-315e-8c5d-b2baec5db3bf] The Player <GolemDaWanderer> has slain Skeleton at X= -10300, Y= 36, Z= 4031
[2024-03-31 21:07:05] [world] [e8de36e0-d4b2-315e-8c5d-b2baec5db3bf] The Player <GolemDaWanderer> has slain Skeleton at X= -10300, Y= 36, Z= 4031
[2024-03-31 21:07:05] [world] [e8de36e0-d4b2-315e-8c5d-b2baec5db3bf] The Player <GolemDaWanderer> has slain Skeleton at X= -10300, Y= 36, Z= 4031
[2024-03-31 21:07:05] [world] [e8de36e0-d4b2-315e-8c5d-b2baec5db3bf] The Player <GolemDaWanderer> has slain Skeleton at X= -10300, Y= 36, Z= 4031
[2024-03-31 21:07:06] [world] [e8de36e0-d4b2-315e-8c5d-b2baec5db3bf] The Player <GolemDaWanderer> has slain Skeleton at X= -10300, Y= 36, Z= 4031
[2024-03-31 21:07:06] [world] [e8de36e0-d4b2-315e-8c5d-b2baec5db3bf] The Player <GolemDaWanderer> has slain Skeleton at X= -10300, Y= 36, Z= 4031
[2024-03-31 21:07:07] [world] [e8de36e0-d4b2-315e-8c5d-b2baec5db3bf] The Player <GolemDaWanderer> has slain Skeleton at X= -10300, Y= 36, Z= 4031
[2024-03-31 21:07:07] [world] [e8de36e0-d4b2-315e-8c5d-b2baec5db3bf] The Player <GolemDaWanderer> has slain Skeleton at X= -10300, Y= 36, Z= 4031
[2024-03-31 21:07:08] [world] [e8de36e0-d4b2-315e-8c5d-b2baec5db3bf] The Player <GolemDaWanderer> has slain Skeleton at X= -10300, Y= 36, Z= 4031
[2024-03-31 21:07:08] [world] [e8de36e0-d4b2-315e-8c5d-b2baec5db3bf] The Player <GolemDaWanderer> has slain Skeleton at X= -10300, Y= 36, Z= 4031
[2024-03-31 21:07:09] [world] [e8de36e0-d4b2-315e-8c5d-b2baec5db3bf] The Player <GolemDaWanderer> has slain Skeleton at X= -10300, Y= 36, Z= 4031
[2024-03-31 21:07:09] [world] [e8de36e0-d4b2-315e-8c5d-b2baec5db3bf] The Player <GolemDaWanderer> has slain Skeleton at X= -10300, Y= 36, Z= 4031
[2024-03-31 21:07:09] [world] [e8de36e0-d4b2-315e-8c5d-b2baec5db3bf] The Player <GolemDaWanderer> has slain Skeleton at X= -10300, Y= 36, Z= 4031
[2024-03-31 21:07:10] [world] [e8de36e0-d4b2-315e-8c5d-b2baec5db3bf] The Player <GolemDaWanderer> has slain Skeleton at X= -10300, Y= 36, Z= 4031
[2024-03-31 21:07:10] [world] [e8de36e0-d4b2-315e-8c5d-b2baec5db3bf] The Player <GolemDaWanderer> has slain Skeleton at X= -10300, Y= 36, Z= 4031
[2024-03-31 21:07:11] [world] [e8de36e0-d4b2-315e-8c5d-b2baec5db3bf] The Player <GolemDaWanderer> has slain Skeleton at X= -10300, Y= 36, Z= 4031
[2024-03-31 21:07:11] [world] [e8de36e0-d4b2-315e-8c5d-b2baec5db3bf] The Player <GolemDaWanderer> has slain Skeleton at X= -10300, Y= 36, Z= 4031
[2024-03-31 21:07:12] [world] [e8de36e0-d4b2-315e-8c5d-b2baec5db3bf] The Player <GolemDaWanderer> has slain Skeleton at X= -10300, Y= 36, Z= 4031
[2024-03-31 21:07:12] [world] [e8de36e0-d4b2-315e-8c5d-b2baec5db3bf] The Player <GolemDaWanderer> has slain Skeleton at X= -10300, Y= 36, Z= 4031
[2024-03-31 21:07:13] [world] [e8de36e0-d4b2-315e-8c5d-b2baec5db3bf] The Player <GolemDaWanderer> has slain Skeleton at X= -10300, Y= 36, Z= 4031
[2024-03-31 21:07:13] [world] [e8de36e0-d4b2-315e-8c5d-b2baec5db3bf] The Player <GolemDaWanderer> has slain Skeleton at X= -10300, Y= 36, Z= 4031
[2024-03-31 21:07:14] [world] [e8de36e0-d4b2-315e-8c5d-b2baec5db3bf] The Player <GolemDaWanderer> has slain Skeleton at X= -10300, Y= 36, Z= 4031
[2024-03-31 21:07:14] [world] [e8de36e0-d4b2-315e-8c5d-b2baec5db3bf] The Player <GolemDaWanderer> has slain Skeleton at X= -10300, Y= 36, Z= 4031
[2024-03-31 21:07:14] [world] [e8de36e0-d4b2-315e-8c5d-b2baec5db3bf] The Player <GolemDaWanderer> has slain Skeleton at X= -10300, Y= 36, Z= 4031
[2024-03-31 21:07:15] [world] [e8de36e0-d4b2-315e-8c5d-b2baec5db3bf] The Player <GolemDaWanderer> has slain Skeleton at X= -10300, Y= 36, Z= 4031
[2024-03-31 21:07:15] [world] [e8de36e0-d4b2-315e-8c5d-b2baec5db3bf] The Player <GolemDaWanderer> has slain Skeleton at X= -10300, Y= 36, Z= 4031
[2024-03-31 21:07:16] [world] [e8de36e0-d4b2-315e-8c5d-b2baec5db3bf] The Player <GolemDaWanderer> has slain Skeleton at X= -10300, Y= 36, Z= 4031
[2024-03-31 21:07:16] [world] [e8de36e0-d4b2-315e-8c5d-b2baec5db3bf] The Player <GolemDaWanderer> has slain Skeleton at X= -10300, Y= 36, Z= 4031
[2024-03-31 21:07:17] [world] [e8de36e0-d4b2-315e-8c5d-b2baec5db3bf] The Player <GolemDaWanderer> has slain Skeleton at X= -10300, Y= 36, Z= 4031
[2024-03-31 21:07:17] [world] [e8de36e0-d4b2-315e-8c5d-b2baec5db3bf] The Player <GolemDaWanderer> has slain Skeleton at X= -10300, Y= 36, Z= 4031
[2024-03-31 21:07:18] [world] [e8de36e0-d4b2-315e-8c5d-b2baec5db3bf] The Player <GolemDaWanderer> has slain Skeleton at X= -10300, Y= 36, Z= 4031
[2024-03-31 21:07:18] [world] [e8de36e0-d4b2-315e-8c5d-b2baec5db3bf] The Player <GolemDaWanderer> has slain Skeleton at X= -10300, Y= 36, Z= 4031
[2024-03-31 21:07:18] [world] [e8de36e0-d4b2-315e-8c5d-b2baec5db3bf] The Player <GolemDaWanderer> has slain Skeleton at X= -10300, Y= 36, Z= 4031
[2024-03-31 21:31:17] [world] [e8de36e0-d4b2-315e-8c5d-b2baec5db3bf] The Player <GolemDaWanderer> has slain Skeleton at X= -10300, Y= 36, Z= 4030
[2024-03-31 21:31:17] [world] [e8de36e0-d4b2-315e-8c5d-b2baec5db3bf] The Player <GolemDaWanderer> has slain Skeleton at X= -10300, Y= 36, Z= 4030
[2024-03-31 21:31:17] [world] [e8de36e0-d4b2-315e-8c5d-b2baec5db3bf] The Player <GolemDaWanderer> has slain Skeleton at X= -10300, Y= 36, Z= 4030
[2024-03-31 21:31:18] [world] [e8de36e0-d4b2-315e-8c5d-b2baec5db3bf] The Player <GolemDaWanderer> has slain Skeleton at X= -10300, Y= 36, Z= 4030
[2024-03-31 21:31:18] [world] [e8de36e0-d4b2-315e-8c5d-b2baec5db3bf] The Player <GolemDaWanderer> has slain Skeleton at X= -10300, Y= 36, Z= 4030
[2024-03-31 21:31:19] [world] [e8de36e0-d4b2-315e-8c5d-b2baec5db3bf] The Player <GolemDaWanderer> has slain Skeleton at X= -10300, Y= 36, Z= 4030
[2024-03-31 21:31:19] [world] [e8de36e0-d4b2-315e-8c5d-b2baec5db3bf] The Player <GolemDaWanderer> has slain Skeleton at X= -10300, Y= 36, Z= 4030
[2024-03-31 21:31:20] [world] [e8de36e0-d4b2-315e-8c5d-b2baec5db3bf] The Player <GolemDaWanderer> has slain Skeleton at X= -10300, Y= 36, Z= 4030
[2024-03-31 21:31:20] [world] [e8de36e0-d4b2-315e-8c5d-b2baec5db3bf] The Player <GolemDaWanderer> has slain Skeleton at X= -10300, Y= 36, Z= 4030
[2024-03-31 21:31:20] [world] [e8de36e0-d4b2-315e-8c5d-b2baec5db3bf] The Player <GolemDaWanderer> has slain Skeleton at X= -10300, Y= 36, Z= 4030
[2024-03-31 21:31:21] [world] [e8de36e0-d4b2-315e-8c5d-b2baec5db3bf] The Player <GolemDaWanderer> has slain Skeleton at X= -10300, Y= 36, Z= 4030
[2024-03-31 21:31:21] [world] [e8de36e0-d4b2-315e-8c5d-b2baec5db3bf] The Player <GolemDaWanderer> has slain Skeleton at X= -10300, Y= 36, Z= 4030
[2024-03-31 21:31:22] [world] [e8de36e0-d4b2-315e-8c5d-b2baec5db3bf] The Player <GolemDaWanderer> has slain Skeleton at X= -10300, Y= 36, Z= 4030
[2024-03-31 21:31:22] [world] [e8de36e0-d4b2-315e-8c5d-b2baec5db3bf] The Player <GolemDaWanderer> has slain Skeleton at X= -10300, Y= 36, Z= 4030
[2024-03-31 21:31:22] [world] [e8de36e0-d4b2-315e-8c5d-b2baec5db3bf] The Player <GolemDaWanderer> has slain Skeleton at X= -10300, Y= 36, Z= 4030
[2024-03-31 21:31:23] [world] [e8de36e0-d4b2-315e-8c5d-b2baec5db3bf] The Player <GolemDaWanderer> has slain Skeleton at X= -10300, Y= 36, Z= 4030
[2024-03-31 21:31:23] [world] [e8de36e0-d4b2-315e-8c5d-b2baec5db3bf] The Player <GolemDaWanderer> has slain Skeleton at X= -10300, Y= 36, Z= 4030
[2024-03-31 21:31:24] [world] [e8de36e0-d4b2-315e-8c5d-b2baec5db3bf] The Player <GolemDaWanderer> has slain Skeleton at X= -10300, Y= 36, Z= 4030
[2024-03-31 21:31:24] [world] [e8de36e0-d4b2-315e-8c5d-b2baec5db3bf] The Player <GolemDaWanderer> has slain Skeleton at X= -10300, Y= 36, Z= 4030
[2024-03-31 21:31:25] [world] [e8de36e0-d4b2-315e-8c5d-b2baec5db3bf] The Player <GolemDaWanderer> has slain Skeleton at X= -10300, Y= 36, Z= 4030
[2024-03-31 21:31:25] [world] [e8de36e0-d4b2-315e-8c5d-b2baec5db3bf] The Player <GolemDaWanderer> has slain Skeleton at X= -10300, Y= 36, Z= 4030
[2024-03-31 21:31:25] [world] [e8de36e0-d4b2-315e-8c5d-b2baec5db3bf] The Player <GolemDaWanderer> has slain Skeleton at X= -10300, Y= 36, Z= 4030
[2024-03-31 21:31:26] [world] [e8de36e0-d4b2-315e-8c5d-b2baec5db3bf] The Player <GolemDaWanderer> has slain Skeleton at X= -10300, Y= 36, Z= 4030
[2024-03-31 21:31:26] [world] [e8de36e0-d4b2-315e-8c5d-b2baec5db3bf] The Player <GolemDaWanderer> has slain Skeleton at X= -10300, Y= 36, Z= 4030
[2024-03-31 21:31:27] [world] [e8de36e0-d4b2-315e-8c5d-b2baec5db3bf] The Player <GolemDaWanderer> has slain Skeleton at X= -10300, Y= 36, Z= 4030
[2024-03-31 21:31:27] [world] [e8de36e0-d4b2-315e-8c5d-b2baec5db3bf] The Player <GolemDaWanderer> has slain Skeleton at X= -10300, Y= 36, Z= 4030
[2024-03-31 21:31:28] [world] [e8de36e0-d4b2-315e-8c5d-b2baec5db3bf] The Player <GolemDaWanderer> has slain Skeleton at X= -10300, Y= 36, Z= 4030
[2024-03-31 21:31:28] [world] [e8de36e0-d4b2-315e-8c5d-b2baec5db3bf] The Player <GolemDaWanderer> has slain Skeleton at X= -10300, Y= 36, Z= 4030
[2024-03-31 21:31:29] [world] [e8de36e0-d4b2-315e-8c5d-b2baec5db3bf] The Player <GolemDaWanderer> has slain Skeleton at X= -10300, Y= 36, Z= 4030
[2024-03-31 21:31:29] [world] [e8de36e0-d4b2-315e-8c5d-b2baec5db3bf] The Player <GolemDaWanderer> has slain Skeleton at X= -10300, Y= 36, Z= 4030
[2024-03-31 21:31:29] [world] [e8de36e0-d4b2-315e-8c5d-b2baec5db3bf] The Player <GolemDaWanderer> has slain Skeleton at X= -10300, Y= 36, Z= 4030
[2024-03-31 21:31:30] [world] [e8de36e0-d4b2-315e-8c5d-b2baec5db3bf] The Player <GolemDaWanderer> has slain Skeleton at X= -10300, Y= 36, Z= 4030
[2024-03-31 21:31:30] [world] [e8de36e0-d4b2-315e-8c5d-b2baec5db3bf] The Player <GolemDaWanderer> has slain Skeleton at X= -10300, Y= 36, Z= 4030
[2024-03-31 21:31:31] [world] [e8de36e0-d4b2-315e-8c5d-b2baec5db3bf] The Player <GolemDaWanderer> has slain Skeleton at X= -10300, Y= 36, Z= 4030
[2024-03-31 21:31:31] [world] [e8de36e0-d4b2-315e-8c5d-b2baec5db3bf] The Player <GolemDaWanderer> has slain Skeleton at X= -10300, Y= 36, Z= 4030
[2024-03-31 21:31:32] [world] [e8de36e0-d4b2-315e-8c5d-b2baec5db3bf] The Player <GolemDaWanderer> has slain Skeleton at X= -10300, Y= 36, Z= 4030
[2024-03-31 21:31:32] [world] [e8de36e0-d4b2-315e-8c5d-b2baec5db3bf] The Player <GolemDaWanderer> has slain Skeleton at X= -10300, Y= 36, Z= 4030
[2024-03-31 21:31:33] [world] [e8de36e0-d4b2-315e-8c5d-b2baec5db3bf] The Player <GolemDaWanderer> has slain Skeleton at X= -10300, Y= 36, Z= 4030
[2024-03-31 21:31:33] [world] [e8de36e0-d4b2-315e-8c5d-b2baec5db3bf] The Player <GolemDaWanderer> has slain Skeleton at X= -10300, Y= 36, Z= 4030
[2024-03-31 21:31:33] [world] [e8de36e0-d4b2-315e-8c5d-b2baec5db3bf] The Player <GolemDaWanderer> has slain Skeleton at X= -10300, Y= 36, Z= 4030
[2024-03-31 21:31:34] [world] [e8de36e0-d4b2-315e-8c5d-b2baec5db3bf] The Player <GolemDaWanderer> has slain Skeleton at X= -10300, Y= 36, Z= 4030
[2024-03-31 21:31:34] [world] [e8de36e0-d4b2-315e-8c5d-b2baec5db3bf] The Player <GolemDaWanderer> has slain Skeleton at X= -10300, Y= 36, Z= 4030
[2024-03-31 21:31:35] [world] [e8de36e0-d4b2-315e-8c5d-b2baec5db3bf] The Player <GolemDaWanderer> has slain Skeleton at X= -10300, Y= 36, Z= 4030
[2024-03-31 21:31:35] [world] [e8de36e0-d4b2-315e-8c5d-b2baec5db3bf] The Player <GolemDaWanderer> has slain Skeleton at X= -10300, Y= 36, Z= 4030
[2024-03-31 21:31:35] [world] [e8de36e0-d4b2-315e-8c5d-b2baec5db3bf] The Player <GolemDaWanderer> has slain Skeleton at X= -10300, Y= 36, Z= 4030
[2024-03-31 21:31:36] [world] [e8de36e0-d4b2-315e-8c5d-b2baec5db3bf] The Player <GolemDaWanderer> has slain Skeleton at X= -10300, Y= 36, Z= 4030
[2024-03-31 21:31:37] [world] [e8de36e0-d4b2-315e-8c5d-b2baec5db3bf] The Player <GolemDaWanderer> has slain Skeleton at X= -10300, Y= 36, Z= 4030
[2024-03-31 21:31:37] [world] [e8de36e0-d4b2-315e-8c5d-b2baec5db3bf] The Player <GolemDaWanderer> has slain Skeleton at X= -10300, Y= 36, Z= 4030
[2024-03-31 21:31:37] [world] [e8de36e0-d4b2-315e-8c5d-b2baec5db3bf] The Player <GolemDaWanderer> has slain Skeleton at X= -10300, Y= 36, Z= 4030
[2024-03-31 21:31:38] [world] [e8de36e0-d4b2-315e-8c5d-b2baec5db3bf] The Player <GolemDaWanderer> has slain Skeleton at X= -10300, Y= 36, Z= 4030
[2024-03-31 21:31:38] [world] [e8de36e0-d4b2-315e-8c5d-b2baec5db3bf] The Player <GolemDaWanderer> has slain Skeleton at X= -10300, Y= 36, Z= 4030
[2024-03-31 21:31:39] [world] [e8de36e0-d4b2-315e-8c5d-b2baec5db3bf] The Player <GolemDaWanderer> has slain Skeleton at X= -10300, Y= 36, Z= 4030
[2024-03-31 21:31:39] [world] [e8de36e0-d4b2-315e-8c5d-b2baec5db3bf] The Player <GolemDaWanderer> has slain Skeleton at X= -10300, Y= 36, Z= 4030
[2024-03-31 21:31:40] [world] [e8de36e0-d4b2-315e-8c5d-b2baec5db3bf] The Player <GolemDaWanderer> has slain Skeleton at X= -10300, Y= 36, Z= 4030
[2024-03-31 21:31:40] [world] [e8de36e0-d4b2-315e-8c5d-b2baec5db3bf] The Player <GolemDaWanderer> has slain Skeleton at X= -10300, Y= 36, Z= 4030
[2024-03-31 21:31:41] [world] [e8de36e0-d4b2-315e-8c5d-b2baec5db3bf] The Player <GolemDaWanderer> has slain Skeleton at X= -10300, Y= 36, Z= 4030
[2024-03-31 21:31:41] [world] [e8de36e0-d4b2-315e-8c5d-b2baec5db3bf] The Player <GolemDaWanderer> has slain Skeleton at X= -10300, Y= 36, Z= 4030
[2024-03-31 21:31:42] [world] [e8de36e0-d4b2-315e-8c5d-b2baec5db3bf] The Player <GolemDaWanderer> has slain Skeleton at X= -10300, Y= 36, Z= 4030
[2024-03-31 21:31:42] [world] [e8de36e0-d4b2-315e-8c5d-b2baec5db3bf] The Player <GolemDaWanderer> has slain Skeleton at X= -10300, Y= 36, Z= 4030
[2024-03-31 21:31:42] [world] [e8de36e0-d4b2-315e-8c5d-b2baec5db3bf] The Player <GolemDaWanderer> has slain Skeleton at X= -10300, Y= 36, Z= 4030
[2024-03-31 21:31:43] [world] [e8de36e0-d4b2-315e-8c5d-b2baec5db3bf] The Player <GolemDaWanderer> has slain Skeleton at X= -10300, Y= 36, Z= 4030
[2024-03-31 21:31:43] [world] [e8de36e0-d4b2-315e-8c5d-b2baec5db3bf] The Player <GolemDaWanderer> has slain Skeleton at X= -10300, Y= 36, Z= 4030
[2024-03-31 21:31:44] [world] [e8de36e0-d4b2-315e-8c5d-b2baec5db3bf] The Player <GolemDaWanderer> has slain Skeleton at X= -10300, Y= 36, Z= 4030
[2024-03-31 21:31:44] [world] [e8de36e0-d4b2-315e-8c5d-b2baec5db3bf] The Player <GolemDaWanderer> has slain Skeleton at X= -10300, Y= 36, Z= 4030
[2024-03-31 21:31:45] [world] [e8de36e0-d4b2-315e-8c5d-b2baec5db3bf] The Player <GolemDaWanderer> has slain Skeleton at X= -10300, Y= 36, Z= 4030
[2024-03-31 21:31:45] [world] [e8de36e0-d4b2-315e-8c5d-b2baec5db3bf] The Player <GolemDaWanderer> has slain Skeleton at X= -10300, Y= 36, Z= 4030
[2024-03-31 21:31:46] [world] [e8de36e0-d4b2-315e-8c5d-b2baec5db3bf] The Player <GolemDaWanderer> has slain Skeleton at X= -10300, Y= 36, Z= 4030
[2024-03-31 21:31:46] [world] [e8de36e0-d4b2-315e-8c5d-b2baec5db3bf] The Player <GolemDaWanderer> has slain Skeleton at X= -10300, Y= 36, Z= 4030
[2024-03-31 21:31:46] [world] [e8de36e0-d4b2-315e-8c5d-b2baec5db3bf] The Player <GolemDaWanderer> has slain Skeleton at X= -10300, Y= 36, Z= 4030
[2024-03-31 21:31:47] [world] [e8de36e0-d4b2-315e-8c5d-b2baec5db3bf] The Player <GolemDaWanderer> has slain Skeleton at X= -10300, Y= 36, Z= 4030
[2024-03-31 21:31:47] [world] [e8de36e0-d4b2-315e-8c5d-b2baec5db3bf] The Player <GolemDaWanderer> has slain Skeleton at X= -10300, Y= 36, Z= 4030
[2024-03-31 21:31:48] [world] [e8de36e0-d4b2-315e-8c5d-b2baec5db3bf] The Player <GolemDaWanderer> has slain Skeleton at X= -10300, Y= 36, Z= 4030
[2024-03-31 21:31:48] [world] [e8de36e0-d4b2-315e-8c5d-b2baec5db3bf] The Player <GolemDaWanderer> has slain Skeleton at X= -10300, Y= 36, Z= 4030
[2024-03-31 21:31:49] [world] [e8de36e0-d4b2-315e-8c5d-b2baec5db3bf] The Player <GolemDaWanderer> has slain Skeleton at X= -10300, Y= 36, Z= 4030
[2024-03-31 21:31:49] [world] [e8de36e0-d4b2-315e-8c5d-b2baec5db3bf] The Player <GolemDaWanderer> has slain Skeleton at X= -10300, Y= 36, Z= 4030
[2024-03-31 21:31:49] [world] [e8de36e0-d4b2-315e-8c5d-b2baec5db3bf] The Player <GolemDaWanderer> has slain Skeleton at X= -10300, Y= 36, Z= 4030
[2024-03-31 21:31:50] [world] [e8de36e0-d4b2-315e-8c5d-b2baec5db3bf] The Player <GolemDaWanderer> has slain Skeleton at X= -10300, Y= 36, Z= 4030
[2024-03-31 21:31:51] [world] [e8de36e0-d4b2-315e-8c5d-b2baec5db3bf] The Player <GolemDaWanderer> has slain Skeleton at X= -10300, Y= 36, Z= 4030
[2024-03-31 21:31:51] [world] [e8de36e0-d4b2-315e-8c5d-b2baec5db3bf] The Player <GolemDaWanderer> has slain Skeleton at X= -10300, Y= 36, Z= 4030
[2024-03-31 21:31:51] [world] [e8de36e0-d4b2-315e-8c5d-b2baec5db3bf] The Player <GolemDaWanderer> has slain Skeleton at X= -10300, Y= 36, Z= 4030
[2024-03-31 21:31:52] [world] [e8de36e0-d4b2-315e-8c5d-b2baec5db3bf] The Player <GolemDaWanderer> has slain Skeleton at X= -10300, Y= 36, Z= 4030
[2024-03-31 21:31:52] [world] [e8de36e0-d4b2-315e-8c5d-b2baec5db3bf] The Player <GolemDaWanderer> has slain Skeleton at X= -10300, Y= 36, Z= 4030
[2024-03-31 21:31:53] [world] [e8de36e0-d4b2-315e-8c5d-b2baec5db3bf] The Player <GolemDaWanderer> has slain Skeleton at X= -10300, Y= 36, Z= 4030
[2024-03-31 21:31:53] [world] [e8de36e0-d4b2-315e-8c5d-b2baec5db3bf] The Player <GolemDaWanderer> has slain Skeleton at X= -10300, Y= 36, Z= 4030
[2024-03-31 21:31:53] [world] [e8de36e0-d4b2-315e-8c5d-b2baec5db3bf] The Player <GolemDaWanderer> has slain Skeleton at X= -10300, Y= 36, Z= 4030
[2024-03-31 21:31:54] [world] [e8de36e0-d4b2-315e-8c5d-b2baec5db3bf] The Player <GolemDaWanderer> has slain Skeleton at X= -10300, Y= 36, Z= 4030
[2024-03-31 21:31:54] [world] [e8de36e0-d4b2-315e-8c5d-b2baec5db3bf] The Player <GolemDaWanderer> has slain Skeleton at X= -10300, Y= 36, Z= 4030
[2024-03-31 21:31:55] [world] [e8de36e0-d4b2-315e-8c5d-b2baec5db3bf] The Player <GolemDaWanderer> has slain Skeleton at X= -10300, Y= 36, Z= 4030
[2024-03-31 21:31:55] [world] [e8de36e0-d4b2-315e-8c5d-b2baec5db3bf] The Player <GolemDaWanderer> has slain Skeleton at X= -10300, Y= 36, Z= 4030
[2024-03-31 21:31:56] [world] [e8de36e0-d4b2-315e-8c5d-b2baec5db3bf] The Player <GolemDaWanderer> has slain Skeleton at X= -10300, Y= 36, Z= 4030
[2024-03-31 21:31:56] [world] [e8de36e0-d4b2-315e-8c5d-b2baec5db3bf] The Player <GolemDaWanderer> has slain Skeleton at X= -10300, Y= 36, Z= 4030
[2024-03-31 21:31:57] [world] [e8de36e0-d4b2-315e-8c5d-b2baec5db3bf] The Player <GolemDaWanderer> has slain Skeleton at X= -10300, Y= 36, Z= 4030
[2024-03-31 21:31:57] [world] [e8de36e0-d4b2-315e-8c5d-b2baec5db3bf] The Player <GolemDaWanderer> has slain Skeleton at X= -10300, Y= 36, Z= 4030
[2024-03-31 21:31:57] [world] [e8de36e0-d4b2-315e-8c5d-b2baec5db3bf] The Player <GolemDaWanderer> has slain Skeleton at X= -10300, Y= 36, Z= 4030
[2024-03-31 21:31:58] [world] [e8de36e0-d4b2-315e-8c5d-b2baec5db3bf] The Player <GolemDaWanderer> has slain Skeleton at X= -10300, Y= 36, Z= 4030
[2024-03-31 21:31:58] [world] [e8de36e0-d4b2-315e-8c5d-b2baec5db3bf] The Player <GolemDaWanderer> has slain Skeleton at X= -10300, Y= 36, Z= 4030
[2024-03-31 21:31:59] [world] [e8de36e0-d4b2-315e-8c5d-b2baec5db3bf] The Player <GolemDaWanderer> has slain Skeleton at X= -10300, Y= 36, Z= 4030
[2024-03-31 21:31:59] [world] [e8de36e0-d4b2-315e-8c5d-b2baec5db3bf] The Player <GolemDaWanderer> has slain Skeleton at X= -10300, Y= 36, Z= 4030
[2024-03-31 21:31:59] [world] [e8de36e0-d4b2-315e-8c5d-b2baec5db3bf] The Player <GolemDaWanderer> has slain Skeleton at X= -10300, Y= 36, Z= 4030
[2024-03-31 21:32:00] [world] [e8de36e0-d4b2-315e-8c5d-b2baec5db3bf] The Player <GolemDaWanderer> has slain Skeleton at X= -10300, Y= 36, Z= 4030
[2024-03-31 21:32:00] [world] [e8de36e0-d4b2-315e-8c5d-b2baec5db3bf] The Player <GolemDaWanderer> has slain Skeleton at X= -10300, Y= 36, Z= 4030
[2024-03-31 21:32:01] [world] [e8de36e0-d4b2-315e-8c5d-b2baec5db3bf] The Player <GolemDaWanderer> has slain Skeleton at X= -10300, Y= 36, Z= 4030
[2024-03-31 21:32:01] [world] [e8de36e0-d4b2-315e-8c5d-b2baec5db3bf] The Player <GolemDaWanderer> has slain Skeleton at X= -10300, Y= 36, Z= 4030
[2024-03-31 21:32:02] [world] [e8de36e0-d4b2-315e-8c5d-b2baec5db3bf] The Player <GolemDaWanderer> has slain Skeleton at X= -10300, Y= 36, Z= 4030
[2024-03-31 21:32:02] [world] [e8de36e0-d4b2-315e-8c5d-b2baec5db3bf] The Player <GolemDaWanderer> has slain Skeleton at X= -10300, Y= 36, Z= 4030
[2024-03-31 21:32:03] [world] [e8de36e0-d4b2-315e-8c5d-b2baec5db3bf] The Player <GolemDaWanderer> has slain Skeleton at X= -10300, Y= 36, Z= 4030
[2024-03-31 21:32:03] [world] [e8de36e0-d4b2-315e-8c5d-b2baec5db3bf] The Player <GolemDaWanderer> has slain Skeleton at X= -10300, Y= 36, Z= 4030
[2024-03-31 21:32:04] [world] [e8de36e0-d4b2-315e-8c5d-b2baec5db3bf] The Player <GolemDaWanderer> has slain Skeleton at X= -10300, Y= 36, Z= 4030
[2024-03-31 21:32:04] [world] [e8de36e0-d4b2-315e-8c5d-b2baec5db3bf] The Player <GolemDaWanderer> has slain Skeleton at X= -10300, Y= 36, Z= 4030
[2024-03-31 21:32:12] [world] [e8de36e0-d4b2-315e-8c5d-b2baec5db3bf] The Player <GolemDaWanderer> has slain Skeleton at X= -10300, Y= 36, Z= 4030
[2024-03-31 21:32:13] [world] [e8de36e0-d4b2-315e-8c5d-b2baec5db3bf] The Player <GolemDaWanderer> has slain Skeleton at X= -10300, Y= 36, Z= 4030
[2024-03-31 21:32:13] [world] [e8de36e0-d4b2-315e-8c5d-b2baec5db3bf] The Player <GolemDaWanderer> has slain Skeleton at X= -10300, Y= 36, Z= 4030
[2024-03-31 21:32:13] [world] [e8de36e0-d4b2-315e-8c5d-b2baec5db3bf] The Player <GolemDaWanderer> has slain Skeleton at X= -10300, Y= 36, Z= 4030
[2024-03-31 21:32:14] [world] [e8de36e0-d4b2-315e-8c5d-b2baec5db3bf] The Player <GolemDaWanderer> has slain Skeleton at X= -10300, Y= 36, Z= 4030
[2024-03-31 21:32:14] [world] [e8de36e0-d4b2-315e-8c5d-b2baec5db3bf] The Player <GolemDaWanderer> has slain Skeleton at X= -10300, Y= 36, Z= 4030
[2024-03-31 21:32:15] [world] [e8de36e0-d4b2-315e-8c5d-b2baec5db3bf] The Player <GolemDaWanderer> has slain Skeleton at X= -10300, Y= 36, Z= 4030
[2024-03-31 21:32:15] [world] [e8de36e0-d4b2-315e-8c5d-b2baec5db3bf] The Player <GolemDaWanderer> has slain Skeleton at X= -10300, Y= 36, Z= 4030
[2024-03-31 21:32:15] [world] [e8de36e0-d4b2-315e-8c5d-b2baec5db3bf] The Player <GolemDaWanderer> has slain Skeleton at X= -10300, Y= 36, Z= 4030
[2024-03-31 21:32:16] [world] [e8de36e0-d4b2-315e-8c5d-b2baec5db3bf] The Player <GolemDaWanderer> has slain Skeleton at X= -10300, Y= 36, Z= 4030
[2024-03-31 21:32:16] [world] [e8de36e0-d4b2-315e-8c5d-b2baec5db3bf] The Player <GolemDaWanderer> has slain Skeleton at X= -10300, Y= 36, Z= 4030
[2024-03-31 21:32:17] [world] [e8de36e0-d4b2-315e-8c5d-b2baec5db3bf] The Player <GolemDaWanderer> has slain Skeleton at X= -10300, Y= 36, Z= 4030
[2024-03-31 21:37:37] [world_the_end] [e8de36e0-d4b2-315e-8c5d-b2baec5db3bf] The Player <GolemDaWanderer> has slain Enderman at X= 99, Y= 49, Z= 3
[2024-03-31 22:23:34] [world_the_end] [e8de36e0-d4b2-315e-8c5d-b2baec5db3bf] The Player <GolemDaWanderer> has slain Ender Dragon at X= 0, Y= 92, Z= 18
