[2024-04-01 12:22:08] [world] The Player <Char> has teleported from -817, 73, 633 to -817, 73, 633
[2024-04-01 12:42:22] [world] The Player <Tester_> has teleported from -546, 68, 249 to -597, 68, 350
[2024-04-01 12:42:22] [world] The Player <Tester_> has teleported from -597, 67, 350 to -597, 68, 350
[2024-04-01 12:42:22] [world] The Player <Tester_> has teleported from -597, 67, 350 to -597, 68, 350
[2024-04-01 12:42:22] [world] The Player <Tester_> has teleported from -597, 67, 350 to -597, 68, 350
[2024-04-01 12:42:22] [world] The Player <Tester_> has teleported from -597, 67, 350 to -597, 68, 350
[2024-04-01 12:43:14] [world] The Player <Tester_> has teleported from -569, 64, 388 to -565, 68, 257
[2024-04-01 12:43:14] [world] The Player <Tester_> has teleported from -565, 67, 257 to -565, 68, 257
[2024-04-01 12:43:14] [world] The Player <Tester_> has teleported from -565, 67, 257 to -565, 68, 257
[2024-04-01 12:43:14] [world] The Player <Tester_> has teleported from -565, 67, 257 to -565, 68, 257
[2024-04-01 12:43:14] [world] The Player <Tester_> has teleported from -565, 67, 257 to -565, 68, 257
[2024-04-01 12:43:14] [world] The Player <Tester_> has teleported from -565, 67, 257 to -565, 68, 257
[2024-04-01 12:43:15] [world] The Player <Tester_> has teleported from -565, 67, 257 to -565, 68, 257
[2024-04-01 13:47:31] [world_the_end] The Player <GolemDaWanderer> has teleported from -41, 55, -4 to -10299, 36, 4029
[2024-04-01 13:47:31] [world] The Player <GolemDaWanderer> has teleported from -10299, 47, 4029 to -10299, 48, 4029
[2024-04-01 13:47:31] [world] The Player <GolemDaWanderer> has teleported from -10299, 47, 4029 to -10299, 48, 4029
[2024-04-01 13:47:32] [world] The Player <GolemDaWanderer> has teleported from -10299, 47, 4029 to -10299, 48, 4029
[2024-04-01 13:47:32] [world] The Player <GolemDaWanderer> has teleported from -10299, 47, 4029 to -10299, 48, 4029
[2024-04-01 13:47:41] [world] The Player <GolemDaWanderer> has teleported from -10299, 36, 4030 to -10299, 36, 4029
[2024-04-01 13:58:25] [world] The Player <GolemDaWanderer> has teleported from -10301, 39, 4029 to -10301, 39, 4029
[2024-04-01 13:58:25] [world] The Player <GolemDaWanderer> has teleported from -10301, 39, 4029 to -10301, 39, 4029
[2024-04-01 13:58:25] [world] The Player <GolemDaWanderer> has teleported from -10301, 39, 4029 to -10301, 39, 4029
[2024-04-01 13:58:25] [world] The Player <GolemDaWanderer> has teleported from -10301, 39, 4029 to -10301, 39, 4029
[2024-04-01 13:58:25] [world] The Player <GolemDaWanderer> has teleported from -10301, 39, 4029 to -10301, 39, 4029
[2024-04-01 13:58:25] [world] The Player <GolemDaWanderer> has teleported from -10301, 39, 4029 to -10301, 39, 4029
[2024-04-01 13:58:26] [world] The Player <GolemDaWanderer> has teleported from -10301, 39, 4029 to -10301, 39, 4029
[2024-04-01 13:58:26] [world] The Player <GolemDaWanderer> has teleported from -10301, 39, 4029 to -10301, 39, 4029
[2024-04-01 13:58:26] [world] The Player <GolemDaWanderer> has teleported from -10301, 39, 4029 to -10301, 39, 4029
[2024-04-01 13:58:26] [world] The Player <GolemDaWanderer> has teleported from -10301, 39, 4029 to -10301, 39, 4029
[2024-04-01 13:58:26] [world] The Player <GolemDaWanderer> has teleported from -10301, 39, 4029 to -10301, 39, 4029
[2024-04-01 13:58:26] [world] The Player <GolemDaWanderer> has teleported from -10301, 39, 4029 to -10301, 39, 4029
[2024-04-01 13:58:26] [world] The Player <GolemDaWanderer> has teleported from -10301, 39, 4029 to -10301, 39, 4029
[2024-04-01 13:58:26] [world] The Player <GolemDaWanderer> has teleported from -10301, 39, 4029 to -10301, 39, 4029
[2024-04-01 13:58:26] [world] The Player <GolemDaWanderer> has teleported from -10301, 39, 4029 to -10301, 39, 4029
[2024-04-01 13:58:26] [world] The Player <GolemDaWanderer> has teleported from -10301, 39, 4029 to -10301, 39, 4029
[2024-04-01 13:58:26] [world] The Player <GolemDaWanderer> has teleported from -10301, 39, 4029 to -10301, 39, 4029
[2024-04-01 13:58:26] [world] The Player <GolemDaWanderer> has teleported from -10301, 39, 4029 to -10301, 39, 4029
[2024-04-01 13:58:26] [world] The Player <GolemDaWanderer> has teleported from -10301, 39, 4029 to -10301, 39, 4029
[2024-04-01 20:22:29] [world] The Player <GolemDaWanderer> has teleported from -10301, 39, 4029 to -10301, 39, 4029
[2024-04-01 20:22:29] [world] The Player <GolemDaWanderer> has teleported from -10301, 39, 4029 to -10301, 39, 4029
[2024-04-01 20:35:47] [world] The Player <GolemDaWanderer> has teleported from -10298, 35, 4029 to -10298, 35, 4029
[2024-04-01 20:35:47] [world] The Player <GolemDaWanderer> has teleported from -10298, 35, 4029 to -10298, 35, 4029
[2024-04-01 20:35:47] [world] The Player <GolemDaWanderer> has teleported from -10298, 35, 4029 to -10298, 35, 4029
[2024-04-01 20:35:47] [world] The Player <GolemDaWanderer> has teleported from -10298, 35, 4029 to -10298, 35, 4029
[2024-04-01 20:35:47] [world] The Player <GolemDaWanderer> has teleported from -10298, 35, 4029 to -10298, 35, 4029
[2024-04-01 20:35:47] [world] The Player <GolemDaWanderer> has teleported from -10298, 35, 4029 to -10298, 35, 4029
[2024-04-01 20:35:47] [world] The Player <GolemDaWanderer> has teleported from -10298, 35, 4029 to -10298, 35, 4029
[2024-04-01 20:35:47] [world] The Player <GolemDaWanderer> has teleported from -10298, 35, 4029 to -10298, 35, 4029
[2024-04-01 20:35:47] [world] The Player <GolemDaWanderer> has teleported from -10298, 35, 4029 to -10298, 35, 4029
[2024-04-01 20:35:47] [world] The Player <GolemDaWanderer> has teleported from -10298, 35, 4029 to -10298, 35, 4029
[2024-04-01 20:35:47] [world] The Player <GolemDaWanderer> has teleported from -10298, 35, 4029 to -10298, 35, 4029
[2024-04-01 20:35:48] [world] The Player <GolemDaWanderer> has teleported from -10298, 35, 4029 to -10298, 35, 4029
[2024-04-01 20:35:48] [world] The Player <GolemDaWanderer> has teleported from -10298, 35, 4029 to -10298, 35, 4029
[2024-04-01 20:35:48] [world] The Player <GolemDaWanderer> has teleported from -10298, 35, 4029 to -10298, 35, 4029
[2024-04-01 20:35:48] [world] The Player <GolemDaWanderer> has teleported from -10298, 35, 4029 to -10298, 35, 4029
[2024-04-01 20:35:48] [world] The Player <GolemDaWanderer> has teleported from -10298, 35, 4029 to -10298, 35, 4029
[2024-04-01 20:35:48] [world] The Player <GolemDaWanderer> has teleported from -10298, 35, 4029 to -10298, 35, 4029
[2024-04-01 20:35:48] [world] The Player <GolemDaWanderer> has teleported from -10298, 35, 4029 to -10298, 35, 4029
[2024-04-01 20:35:48] [world] The Player <GolemDaWanderer> has teleported from -10298, 35, 4029 to -10298, 35, 4029
[2024-04-01 20:35:48] [world] The Player <GolemDaWanderer> has teleported from -10298, 35, 4029 to -10298, 35, 4029
[2024-04-01 20:35:48] [world] The Player <GolemDaWanderer> has teleported from -10298, 35, 4029 to -10298, 35, 4029
[2024-04-01 20:35:48] [world] The Player <GolemDaWanderer> has teleported from -10298, 35, 4029 to -10298, 35, 4029
[2024-04-01 20:35:48] [world] The Player <GolemDaWanderer> has teleported from -10298, 35, 4029 to -10298, 35, 4029
[2024-04-01 20:35:48] [world] The Player <GolemDaWanderer> has teleported from -10298, 35, 4029 to -10298, 35, 4029
[2024-04-01 20:35:48] [world] The Player <GolemDaWanderer> has teleported from -10298, 35, 4029 to -10298, 35, 4029
[2024-04-01 20:35:48] [world] The Player <GolemDaWanderer> has teleported from -10298, 35, 4029 to -10298, 35, 4029
[2024-04-01 20:35:48] [world] The Player <GolemDaWanderer> has teleported from -10298, 35, 4029 to -10298, 35, 4029
[2024-04-01 20:35:48] [world] The Player <GolemDaWanderer> has teleported from -10298, 35, 4029 to -10298, 35, 4029
[2024-04-01 20:35:48] [world] The Player <GolemDaWanderer> has teleported from -10298, 35, 4029 to -10298, 35, 4029
[2024-04-01 20:35:48] [world] The Player <GolemDaWanderer> has teleported from -10298, 35, 4029 to -10298, 35, 4029
[2024-04-01 20:35:49] [world] The Player <GolemDaWanderer> has teleported from -10298, 35, 4029 to -10298, 35, 4029
[2024-04-01 20:35:49] [world] The Player <GolemDaWanderer> has teleported from -10298, 35, 4029 to -10298, 35, 4029
[2024-04-01 20:35:49] [world] The Player <GolemDaWanderer> has teleported from -10298, 35, 4029 to -10298, 35, 4029
[2024-04-01 20:35:49] [world] The Player <GolemDaWanderer> has teleported from -10298, 35, 4029 to -10298, 35, 4029
[2024-04-01 20:35:49] [world] The Player <GolemDaWanderer> has teleported from -10298, 35, 4029 to -10298, 35, 4029
[2024-04-01 20:35:49] [world] The Player <GolemDaWanderer> has teleported from -10298, 35, 4029 to -10298, 35, 4029
[2024-04-01 20:35:49] [world] The Player <GolemDaWanderer> has teleported from -10298, 35, 4029 to -10298, 35, 4029
[2024-04-01 20:35:49] [world] The Player <GolemDaWanderer> has teleported from -10298, 35, 4029 to -10298, 35, 4029
[2024-04-01 20:35:49] [world] The Player <GolemDaWanderer> has teleported from -10298, 35, 4029 to -10298, 35, 4029
[2024-04-01 20:35:49] [world] The Player <GolemDaWanderer> has teleported from -10298, 35, 4029 to -10298, 35, 4029
[2024-04-01 20:35:49] [world] The Player <GolemDaWanderer> has teleported from -10298, 35, 4029 to -10298, 35, 4029
[2024-04-01 20:35:49] [world] The Player <GolemDaWanderer> has teleported from -10298, 35, 4029 to -10298, 35, 4029
[2024-04-01 20:35:49] [world] The Player <GolemDaWanderer> has teleported from -10298, 35, 4029 to -10298, 35, 4029
[2024-04-01 20:35:49] [world] The Player <GolemDaWanderer> has teleported from -10298, 35, 4029 to -10298, 35, 4029
[2024-04-01 20:35:49] [world] The Player <GolemDaWanderer> has teleported from -10298, 35, 4029 to -10298, 35, 4029
[2024-04-01 20:35:49] [world] The Player <GolemDaWanderer> has teleported from -10298, 35, 4029 to -10298, 35, 4029
[2024-04-01 20:35:49] [world] The Player <GolemDaWanderer> has teleported from -10298, 35, 4029 to -10298, 35, 4029
[2024-04-01 20:35:49] [world] The Player <GolemDaWanderer> has teleported from -10298, 35, 4029 to -10298, 35, 4029
[2024-04-01 20:35:49] [world] The Player <GolemDaWanderer> has teleported from -10298, 35, 4029 to -10298, 35, 4029
[2024-04-01 20:35:50] [world] The Player <GolemDaWanderer> has teleported from -10298, 35, 4029 to -10298, 35, 4029
[2024-04-01 20:35:50] [world] The Player <GolemDaWanderer> has teleported from -10298, 35, 4029 to -10298, 35, 4029
[2024-04-01 20:35:50] [world] The Player <GolemDaWanderer> has teleported from -10298, 35, 4029 to -10298, 35, 4029
[2024-04-01 20:35:50] [world] The Player <GolemDaWanderer> has teleported from -10298, 35, 4029 to -10298, 35, 4029
[2024-04-01 20:35:50] [world] The Player <GolemDaWanderer> has teleported from -10298, 35, 4029 to -10298, 35, 4029
[2024-04-01 20:35:50] [world] The Player <GolemDaWanderer> has teleported from -10298, 35, 4029 to -10298, 35, 4029
[2024-04-01 20:35:50] [world] The Player <GolemDaWanderer> has teleported from -10298, 35, 4029 to -10298, 35, 4029
[2024-04-01 20:35:50] [world] The Player <GolemDaWanderer> has teleported from -10298, 35, 4029 to -10298, 35, 4029
[2024-04-01 20:35:50] [world] The Player <GolemDaWanderer> has teleported from -10298, 35, 4029 to -10298, 35, 4029
[2024-04-01 20:35:50] [world] The Player <GolemDaWanderer> has teleported from -10298, 35, 4029 to -10298, 35, 4029
[2024-04-01 20:35:50] [world] The Player <GolemDaWanderer> has teleported from -10298, 35, 4029 to -10298, 35, 4029
[2024-04-01 20:35:50] [world] The Player <GolemDaWanderer> has teleported from -10298, 35, 4029 to -10298, 35, 4029
[2024-04-01 20:35:50] [world] The Player <GolemDaWanderer> has teleported from -10298, 35, 4029 to -10298, 35, 4029
[2024-04-01 20:35:50] [world] The Player <GolemDaWanderer> has teleported from -10298, 35, 4029 to -10298, 35, 4029
[2024-04-01 20:35:50] [world] The Player <GolemDaWanderer> has teleported from -10298, 35, 4029 to -10298, 35, 4029
[2024-04-01 20:35:51] [world] The Player <GolemDaWanderer> has teleported from -10298, 35, 4029 to -10298, 35, 4029
[2024-04-01 20:35:51] [world] The Player <GolemDaWanderer> has teleported from -10298, 35, 4029 to -10298, 35, 4029
[2024-04-01 20:35:51] [world] The Player <GolemDaWanderer> has teleported from -10298, 35, 4029 to -10298, 35, 4029
[2024-04-01 20:35:51] [world] The Player <GolemDaWanderer> has teleported from -10298, 35, 4029 to -10298, 35, 4029
[2024-04-01 20:35:51] [world] The Player <GolemDaWanderer> has teleported from -10298, 35, 4029 to -10298, 35, 4029
[2024-04-01 20:35:51] [world] The Player <GolemDaWanderer> has teleported from -10298, 35, 4029 to -10298, 35, 4029
[2024-04-01 20:35:51] [world] The Player <GolemDaWanderer> has teleported from -10298, 35, 4029 to -10298, 35, 4029
[2024-04-01 20:35:51] [world] The Player <GolemDaWanderer> has teleported from -10298, 35, 4029 to -10298, 35, 4029
[2024-04-01 20:35:51] [world] The Player <GolemDaWanderer> has teleported from -10298, 35, 4029 to -10298, 35, 4029
[2024-04-01 20:35:51] [world] The Player <GolemDaWanderer> has teleported from -10298, 35, 4029 to -10298, 35, 4029
[2024-04-01 20:35:51] [world] The Player <GolemDaWanderer> has teleported from -10298, 35, 4029 to -10298, 35, 4029
[2024-04-01 20:35:51] [world] The Player <GolemDaWanderer> has teleported from -10298, 35, 4029 to -10298, 35, 4029
[2024-04-01 20:35:51] [world] The Player <GolemDaWanderer> has teleported from -10298, 35, 4029 to -10298, 35, 4029
[2024-04-01 20:35:51] [world] The Player <GolemDaWanderer> has teleported from -10298, 35, 4029 to -10298, 35, 4029
[2024-04-01 20:35:51] [world] The Player <GolemDaWanderer> has teleported from -10298, 35, 4029 to -10298, 35, 4029
[2024-04-01 20:35:51] [world] The Player <GolemDaWanderer> has teleported from -10298, 35, 4029 to -10298, 35, 4029
[2024-04-01 20:35:51] [world] The Player <GolemDaWanderer> has teleported from -10298, 35, 4029 to -10298, 35, 4029
[2024-04-01 20:37:50] [world] The Player <GolemDaWanderer> has teleported from -574, 67, 316 to -574, 68, 316
[2024-04-01 20:37:50] [world] The Player <GolemDaWanderer> has teleported from -574, 67, 316 to -574, 68, 316
[2024-04-01 20:37:50] [world] The Player <GolemDaWanderer> has teleported from -574, 67, 316 to -574, 68, 316
[2024-04-01 20:37:50] [world] The Player <GolemDaWanderer> has teleported from -574, 67, 316 to -574, 68, 316
[2024-04-01 20:37:51] [world] The Player <GolemDaWanderer> has teleported from -574, 68, 316 to -574, 68, 316
[2024-04-01 20:37:51] [world] The Player <GolemDaWanderer> has teleported from -574, 68, 316 to -574, 68, 316
[2024-04-01 20:37:51] [world] The Player <GolemDaWanderer> has teleported from -574, 68, 316 to -574, 68, 316
[2024-04-01 20:37:51] [world] The Player <GolemDaWanderer> has teleported from -574, 68, 316 to -574, 68, 316
[2024-04-01 20:37:51] [world] The Player <GolemDaWanderer> has teleported from -574, 68, 316 to -574, 68, 316
[2024-04-01 20:37:51] [world] The Player <GolemDaWanderer> has teleported from -574, 68, 316 to -574, 68, 316
[2024-04-01 20:37:51] [world] The Player <GolemDaWanderer> has teleported from -574, 68, 316 to -574, 68, 316
[2024-04-01 20:37:51] [world] The Player <GolemDaWanderer> has teleported from -574, 68, 316 to -574, 68, 316
[2024-04-01 20:37:51] [world] The Player <GolemDaWanderer> has teleported from -574, 68, 316 to -574, 68, 316
[2024-04-01 20:37:51] [world] The Player <GolemDaWanderer> has teleported from -574, 68, 316 to -574, 68, 316
[2024-04-01 20:37:51] [world] The Player <GolemDaWanderer> has teleported from -574, 68, 316 to -574, 68, 316
[2024-04-01 20:37:51] [world] The Player <GolemDaWanderer> has teleported from -574, 68, 316 to -574, 68, 316
[2024-04-01 20:37:52] [world] The Player <GolemDaWanderer> has teleported from -574, 68, 316 to -574, 68, 316
[2024-04-01 20:37:52] [world] The Player <GolemDaWanderer> has teleported from -574, 68, 316 to -574, 68, 316
[2024-04-01 20:37:52] [world] The Player <GolemDaWanderer> has teleported from -574, 68, 316 to -574, 68, 316
[2024-04-01 20:37:52] [world] The Player <GolemDaWanderer> has teleported from -574, 68, 316 to -574, 68, 316
[2024-04-01 20:37:52] [world] The Player <GolemDaWanderer> has teleported from -574, 68, 316 to -574, 68, 316
[2024-04-01 20:37:52] [world] The Player <GolemDaWanderer> has teleported from -574, 68, 316 to -574, 68, 316
[2024-04-01 20:37:52] [world] The Player <GolemDaWanderer> has teleported from -574, 68, 316 to -574, 68, 316
[2024-04-01 20:37:52] [world] The Player <GolemDaWanderer> has teleported from -574, 68, 316 to -574, 68, 316
[2024-04-01 20:37:58] [world] The Player <GolemDaWanderer> has teleported from -574, 68, 316 to -10298, 35, 4029
[2024-04-01 20:37:58] [world] The Player <GolemDaWanderer> has teleported from -10298, 34, 4029 to -10298, 35, 4029
[2024-04-01 20:37:58] [world] The Player <GolemDaWanderer> has teleported from -10298, 34, 4029 to -10298, 35, 4029
[2024-04-01 20:37:58] [world] The Player <GolemDaWanderer> has teleported from -10298, 34, 4029 to -10298, 35, 4029
[2024-04-01 20:37:58] [world] The Player <GolemDaWanderer> has teleported from -10298, 34, 4029 to -10298, 35, 4029
[2024-04-01 20:37:58] [world] The Player <GolemDaWanderer> has teleported from -10298, 34, 4029 to -10298, 35, 4029
[2024-04-01 20:44:42] [world] The Player <GolemDaWanderer> has teleported from -10298, 35, 4029 to -10298, 35, 4029
[2024-04-01 20:44:42] [world] The Player <GolemDaWanderer> has teleported from -10299, 35, 4029 to -10298, 35, 4029
[2024-04-01 20:44:42] [world] The Player <GolemDaWanderer> has teleported from -10298, 35, 4029 to -10298, 35, 4029
[2024-04-01 20:44:42] [world] The Player <GolemDaWanderer> has teleported from -10298, 35, 4029 to -10298, 35, 4029
[2024-04-01 20:44:43] [world] The Player <GolemDaWanderer> has teleported from -10299, 35, 4029 to -10298, 35, 4029
[2024-04-01 20:44:43] [world] The Player <GolemDaWanderer> has teleported from -10298, 35, 4029 to -10298, 35, 4029
[2024-04-01 20:44:43] [world] The Player <GolemDaWanderer> has teleported from -10298, 35, 4029 to -10298, 35, 4029
[2024-04-01 20:44:43] [world] The Player <GolemDaWanderer> has teleported from -10298, 35, 4029 to -10298, 35, 4029
[2024-04-01 20:44:43] [world] The Player <GolemDaWanderer> has teleported from -10298, 35, 4029 to -10298, 35, 4029
[2024-04-01 20:46:26] [world] The Player <GolemDaWanderer> has teleported from -10295, 35, 4029 to -10295, 35, 4029
[2024-04-01 20:46:26] [world] The Player <GolemDaWanderer> has teleported from -10295, 35, 4029 to -10295, 35, 4029
[2024-04-01 20:46:26] [world] The Player <GolemDaWanderer> has teleported from -10295, 35, 4029 to -10295, 35, 4029
[2024-04-01 20:46:26] [world] The Player <GolemDaWanderer> has teleported from -10295, 35, 4029 to -10295, 35, 4029
[2024-04-01 20:46:26] [world] The Player <GolemDaWanderer> has teleported from -10295, 35, 4029 to -10295, 35, 4029
[2024-04-01 20:46:26] [world] The Player <GolemDaWanderer> has teleported from -10295, 35, 4029 to -10295, 35, 4029
[2024-04-01 20:46:26] [world] The Player <GolemDaWanderer> has teleported from -10295, 35, 4029 to -10295, 35, 4029
[2024-04-01 20:46:27] [world] The Player <GolemDaWanderer> has teleported from -10295, 35, 4029 to -10295, 35, 4029
[2024-04-01 20:46:27] [world] The Player <GolemDaWanderer> has teleported from -10295, 35, 4029 to -10295, 35, 4029
[2024-04-01 20:46:27] [world] The Player <GolemDaWanderer> has teleported from -10295, 35, 4029 to -10295, 35, 4029
[2024-04-01 20:46:27] [world] The Player <GolemDaWanderer> has teleported from -10295, 35, 4029 to -10295, 35, 4029
[2024-04-01 20:46:40] [world] The Player <GolemDaWanderer> has teleported from -10292, 35, 4029 to -10292, 35, 4029
[2024-04-01 20:46:40] [world] The Player <GolemDaWanderer> has teleported from -10292, 35, 4029 to -10292, 35, 4029
[2024-04-01 20:46:40] [world] The Player <GolemDaWanderer> has teleported from -10293, 35, 4028 to -10292, 35, 4029
[2024-04-02 02:13:21] [world] The Player <xcpc> has teleported from -306, 70, 277 to -306, 70, 277
[2024-04-02 02:13:22] [world] The Player <xcpc> has teleported from -305, 70, 277 to -306, 70, 277
[2024-04-02 02:13:22] [world] The Player <xcpc> has teleported from -305, 70, 277 to -306, 70, 277
[2024-04-02 02:13:22] [world] The Player <xcpc> has teleported from -305, 70, 277 to -306, 70, 277
[2024-04-02 02:13:22] [world] The Player <xcpc> has teleported from -305, 70, 277 to -306, 70, 277
[2024-04-02 02:13:22] [world] The Player <xcpc> has teleported from -305, 70, 277 to -306, 70, 277
[2024-04-02 02:13:22] [world] The Player <xcpc> has teleported from -306, 70, 277 to -306, 70, 277
[2024-04-02 02:13:22] [world] The Player <xcpc> has teleported from -305, 70, 277 to -306, 70, 277
[2024-04-02 02:13:22] [world] The Player <xcpc> has teleported from -306, 70, 277 to -306, 70, 277
[2024-04-02 02:13:22] [world] The Player <xcpc> has teleported from -306, 70, 277 to -306, 70, 277
[2024-04-02 02:13:22] [world] The Player <xcpc> has teleported from -306, 70, 277 to -306, 70, 277
[2024-04-02 02:13:22] [world] The Player <xcpc> has teleported from -306, 70, 277 to -306, 70, 277
[2024-04-02 02:13:22] [world] The Player <xcpc> has teleported from -306, 70, 277 to -306, 70, 277
[2024-04-02 02:13:22] [world] The Player <xcpc> has teleported from -306, 70, 277 to -306, 70, 277
[2024-04-02 02:15:45] [world] The Player <xcpc> has teleported from -308, 70, 274 to -308, 70, 274
[2024-04-02 02:15:45] [world] The Player <xcpc> has teleported from -308, 70, 274 to -308, 70, 274
[2024-04-02 02:17:33] [world] The Player <xcpc> has teleported from -306, 76, 280 to -306, 76, 280
[2024-04-02 02:17:33] [world] The Player <xcpc> has teleported from -306, 76, 281 to -306, 76, 280
[2024-04-02 02:17:33] [world] The Player <xcpc> has teleported from -306, 76, 281 to -306, 76, 280
[2024-04-02 02:17:33] [world] The Player <xcpc> has teleported from -306, 76, 280 to -306, 76, 280
[2024-04-02 02:17:33] [world] The Player <xcpc> has teleported from -306, 76, 280 to -306, 76, 280
[2024-04-02 02:21:52] [world] The Player <xcpc> has teleported from -303, 70, 277 to -573, 68, 316
[2024-04-02 02:21:52] [world] The Player <xcpc> has teleported from -573, 67, 316 to -573, 68, 316
[2024-04-02 02:21:52] [world] The Player <xcpc> has teleported from -573, 67, 316 to -573, 68, 316
[2024-04-02 02:21:52] [world] The Player <xcpc> has teleported from -573, 67, 316 to -573, 68, 316
[2024-04-02 02:21:52] [world] The Player <xcpc> has teleported from -573, 67, 316 to -573, 68, 316
[2024-04-02 02:21:52] [world] The Player <xcpc> has teleported from -573, 67, 316 to -573, 68, 316
[2024-04-02 02:21:53] [world] The Player <xcpc> has teleported from -573, 68, 316 to -573, 68, 316
[2024-04-02 02:21:53] [world] The Player <xcpc> has teleported from -573, 68, 316 to -573, 68, 316
[2024-04-02 02:21:53] [world] The Player <xcpc> has teleported from -573, 68, 316 to -573, 68, 316
[2024-04-02 02:21:53] [world] The Player <xcpc> has teleported from -573, 68, 316 to -573, 68, 316
[2024-04-02 02:21:53] [world] The Player <xcpc> has teleported from -573, 68, 316 to -573, 68, 316
[2024-04-02 02:21:53] [world] The Player <xcpc> has teleported from -573, 68, 316 to -573, 68, 316
[2024-04-02 02:21:53] [world] The Player <xcpc> has teleported from -573, 68, 316 to -573, 68, 316
[2024-04-02 02:22:14] [world] The Player <xcpc> has teleported from -575, 69, 308 to -310, 70, 277
[2024-04-02 02:22:14] [world] The Player <xcpc> has teleported from -310, 69, 277 to -310, 70, 277
[2024-04-02 02:22:14] [world] The Player <xcpc> has teleported from -310, 69, 277 to -310, 70, 277
[2024-04-02 02:22:14] [world] The Player <xcpc> has teleported from -310, 69, 277 to -310, 70, 277
[2024-04-02 02:22:14] [world] The Player <xcpc> has teleported from -310, 69, 277 to -310, 70, 277
[2024-04-02 02:23:13] [world] The Player <xcpc> has teleported from -291, 62, 258 to -291, 63, 258
[2024-04-02 02:23:13] [world] The Player <xcpc> has teleported from -291, 62, 258 to -291, 63, 258
[2024-04-02 02:23:13] [world] The Player <xcpc> has teleported from -291, 62, 258 to -291, 63, 258
[2024-04-02 02:28:09] [world] The Player <xcpc> has teleported from -290, 64, 257 to 0, 75, 11
