[2024-03-26 22:53:21] [world] The Player <Tester> has teleported from -10126, 49, 4133 to -10168, 58, 4091
[2024-03-26 22:53:47] [world] The Player <NezukoChan> has teleported from -10163, 59, 4054 to -573, 68, 316
[2024-03-26 22:54:53] [world] The Player <Tester> has teleported from -10174, 187, 4114 to -565, 68, 257
[2024-03-26 22:55:08] [world] The Player <NezukoChan> has teleported from -567, 82, 313 to -567, 83, 312
[2024-03-26 22:55:16] [world] The Player <NezukoChan> has teleported from -567, 83, 312 to -567, 83, 312
[2024-03-26 22:58:07] [world] The Player <NezukoChan> has teleported from -10186, 62, 4100 to -10186, 63, 4100
[2024-03-26 22:58:07] [world] The Player <NezukoChan> has teleported from -10186, 62, 4100 to -10186, 63, 4100
[2024-03-26 22:58:07] [world] The Player <NezukoChan> has teleported from -10186, 62, 4100 to -10186, 63, 4100
[2024-03-26 22:58:07] [world] The Player <NezukoChan> has teleported from -10186, 62, 4100 to -10186, 63, 4100
[2024-03-26 23:16:06] [world] The Player <NezukoChan> has teleported from -10162, 63, 4095 to -1262, 50, 513
[2024-03-26 23:16:06] [world_nether] The Player <NezukoChan> has teleported from -1261, 49, 513 to -1261, 50, 513
[2024-03-26 23:16:06] [world_nether] The Player <NezukoChan> has teleported from -1261, 49, 513 to -1261, 50, 513
[2024-03-26 23:16:06] [world_nether] The Player <NezukoChan> has teleported from -1261, 49, 513 to -1261, 50, 513
[2024-03-26 23:16:07] [world_nether] The Player <NezukoChan> has teleported from -1261, 49, 513 to -1261, 50, 513
[2024-03-26 23:16:30] [world] The Player <NezukoChan> has teleported from -10186, 62, 4100 to -10186, 63, 4100
[2024-03-26 23:16:30] [world] The Player <NezukoChan> has teleported from -10186, 62, 4100 to -10186, 63, 4100
[2024-03-26 23:16:30] [world] The Player <NezukoChan> has teleported from -10186, 62, 4100 to -10186, 63, 4100
[2024-03-26 23:16:43] [world] The Player <Tester> has teleported from -10175, 64, 4121 to -565, 68, 257
[2024-03-26 23:16:43] [world] The Player <Tester> has teleported from -565, 67, 257 to -565, 68, 257
[2024-03-26 23:16:43] [world] The Player <Tester> has teleported from -565, 67, 257 to -565, 68, 257
[2024-03-26 23:16:43] [world] The Player <Tester> has teleported from -565, 67, 257 to -565, 68, 257
[2024-03-26 23:16:43] [world] The Player <Tester> has teleported from -565, 67, 257 to -565, 68, 257
[2024-03-26 23:16:43] [world] The Player <Tester> has teleported from -565, 67, 257 to -565, 68, 257
[2024-03-26 23:16:45] [world] The Player <NezukoChan> has teleported from -10185, 64, 4093 to -1262, 50, 513
[2024-03-26 23:16:46] [world_nether] The Player <NezukoChan> has teleported from -1261, 49, 513 to -1261, 50, 513
[2024-03-26 23:16:46] [world_nether] The Player <NezukoChan> has teleported from -1261, 49, 513 to -1261, 50, 513
[2024-03-26 23:16:46] [world_nether] The Player <NezukoChan> has teleported from -1261, 49, 513 to -1261, 50, 513
[2024-03-26 23:16:46] [world_nether] The Player <NezukoChan> has teleported from -1261, 49, 513 to -1261, 50, 513
[2024-03-26 23:16:55] [world] The Player <Tester> has teleported from -556, 68, 257 to -556, 68, 257
[2024-03-26 23:16:55] [world] The Player <Tester> has teleported from -556, 68, 257 to -556, 68, 257
[2024-03-26 23:16:55] [world] The Player <Tester> has teleported from -555, 68, 257 to -556, 68, 257
[2024-03-26 23:16:56] [world] The Player <Tester> has teleported from -556, 68, 257 to -556, 68, 257
[2024-03-26 23:16:56] [world] The Player <Tester> has teleported from -556, 68, 257 to -556, 68, 257
[2024-03-26 23:16:56] [world] The Player <Tester> has teleported from -556, 68, 257 to -556, 68, 257
[2024-03-26 23:16:56] [world] The Player <Tester> has teleported from -556, 68, 257 to -556, 68, 257
[2024-03-26 23:16:56] [world] The Player <Tester> has teleported from -556, 68, 257 to -556, 68, 257
[2024-03-26 23:16:56] [world] The Player <Tester> has teleported from -556, 68, 257 to -556, 68, 257
[2024-03-26 23:16:56] [world] The Player <Tester> has teleported from -556, 68, 257 to -556, 68, 257
[2024-03-26 23:16:56] [world] The Player <Tester> has teleported from -556, 68, 257 to -556, 68, 257
[2024-03-26 23:17:48] [world] The Player <NezukoChan> has teleported from -10185, 64, 4093 to -1262, 50, 513
[2024-03-26 23:18:46] [world] The Player <Tester> has teleported from -548, 68, 287 to -1245, 49, 519
[2024-03-26 23:20:38] [world_nether] The Player <Tester> has teleported from -1261, 50, 515 to -565, 68, 257
[2024-03-26 23:24:49] [world] The Player <Tester> has teleported from -555, 68, 257 to -555, 68, 257
[2024-03-26 23:26:28] [world] The Player <Tester> has teleported from -591, 68, 300 to -585, 70, 215
[2024-03-26 23:26:28] [world] The Player <Tester> has teleported from -585, 69, 215 to -585, 70, 215
[2024-03-26 23:26:29] [world] The Player <Tester> has teleported from -585, 69, 215 to -585, 70, 215
[2024-03-26 23:26:29] [world] The Player <Tester> has teleported from -585, 69, 215 to -585, 70, 215
[2024-03-26 23:26:29] [world] The Player <Tester> has teleported from -585, 69, 215 to -585, 70, 215
[2024-03-26 23:26:29] [world] The Player <Tester> has teleported from -585, 69, 215 to -585, 70, 215
[2024-03-26 23:26:29] [world] The Player <Tester> has teleported from -585, 69, 215 to -585, 70, 215
[2024-03-26 23:26:29] [world] The Player <Tester> has teleported from -585, 69, 215 to -585, 70, 215
[2024-03-26 23:26:29] [world] The Player <Tester> has teleported from -585, 69, 215 to -585, 70, 215
[2024-03-26 23:26:29] [world] The Player <Tester> has teleported from -585, 69, 215 to -585, 70, 215
[2024-03-26 23:26:33] [world] The Player <Tester> has teleported from -585, 69, 215 to -585, 69, 215
[2024-03-26 23:26:33] [world] The Player <Tester> has teleported from -585, 69, 215 to -585, 69, 215
[2024-03-26 23:26:33] [world] The Player <Tester> has teleported from -585, 69, 215 to -585, 69, 215
[2024-03-26 23:26:33] [world] The Player <Tester> has teleported from -585, 69, 215 to -585, 69, 215
[2024-03-26 23:26:34] [world] The Player <Tester> has teleported from -585, 69, 215 to -585, 69, 215
[2024-03-26 23:26:34] [world] The Player <Tester> has teleported from -585, 69, 215 to -585, 69, 215
[2024-03-26 23:26:34] [world] The Player <Tester> has teleported from -585, 69, 215 to -585, 69, 215
[2024-03-26 23:26:34] [world] The Player <Tester> has teleported from -585, 69, 215 to -585, 70, 215
[2024-03-26 23:26:34] [world] The Player <Tester> has teleported from -585, 69, 215 to -585, 70, 215
[2024-03-26 23:26:35] [world] The Player <Tester> has teleported from -585, 69, 215 to -585, 70, 215
[2024-03-26 23:26:35] [world] The Player <Tester> has teleported from -585, 69, 215 to -585, 70, 215
[2024-03-26 23:26:36] [world] The Player <Tester> has teleported from -585, 69, 215 to -585, 70, 215
[2024-03-26 23:26:36] [world] The Player <Tester> has teleported from -585, 69, 215 to -585, 70, 215
[2024-03-26 23:26:37] [world] The Player <Tester> has teleported from -585, 69, 215 to -585, 70, 215
[2024-03-26 23:26:37] [world] The Player <Tester> has teleported from -585, 69, 215 to -585, 70, 215
[2024-03-26 23:26:43] [world] The Player <Tester> has teleported from -585, 71, 214 to -584, 70, 218
[2024-03-26 23:27:22] [world] The Player <Tester> has teleported from -584, 70, 218 to -584, 71, 223
[2024-03-26 23:54:54] [world_nether] The Player <NezukoChan> has teleported from -1253, 51, 515 to -573, 68, 316
[2024-03-27 00:04:43] [world] The Player <NezukoChan> has teleported from -533, 52, 441 to -10176, 64, 4117
[2024-03-27 00:05:51] [world] The Player <NezukoChan> has teleported from -573, 68, 316 to -10176, 64, 4117
[2024-03-27 02:26:49] [world] The Player <GolemDaWanderer> has teleported from -406, 64, 386 to -573, 68, 316
[2024-03-27 02:26:49] [world] The Player <GolemDaWanderer> has teleported from -573, 67, 316 to -573, 68, 316
[2024-03-27 02:26:49] [world] The Player <GolemDaWanderer> has teleported from -573, 67, 316 to -573, 68, 316
[2024-03-27 02:26:49] [world] The Player <GolemDaWanderer> has teleported from -573, 67, 316 to -573, 68, 316
[2024-03-27 02:26:49] [world] The Player <GolemDaWanderer> has teleported from -573, 67, 316 to -573, 68, 316
[2024-03-27 02:26:50] [world] The Player <GolemDaWanderer> has teleported from -573, 67, 316 to -573, 68, 316
[2024-03-27 02:33:24] [world] The Player <Tester> has teleported from -10178, 60, 4120 to -565, 68, 257
[2024-03-27 02:33:25] [world] The Player <Tester> has teleported from -565, 67, 257 to -565, 68, 257
[2024-03-27 02:33:25] [world] The Player <Tester> has teleported from -565, 67, 257 to -565, 68, 257
[2024-03-27 02:33:25] [world] The Player <Tester> has teleported from -565, 67, 257 to -565, 68, 257
[2024-03-27 02:33:25] [world] The Player <Tester> has teleported from -565, 67, 257 to -565, 68, 257
[2024-03-27 02:33:25] [world] The Player <Tester> has teleported from -565, 67, 257 to -565, 68, 257
[2024-03-27 02:33:25] [world] The Player <Tester> has teleported from -565, 67, 257 to -565, 68, 257
[2024-03-27 02:33:25] [world] The Player <Tester> has teleported from -565, 67, 257 to -565, 68, 257
[2024-03-27 02:33:25] [world] The Player <Tester> has teleported from -565, 67, 257 to -565, 68, 257
[2024-03-27 02:33:26] [world] The Player <Tester> has teleported from -565, 67, 257 to -565, 68, 257
[2024-03-27 02:33:27] [world] The Player <Tester> has teleported from -565, 68, 257 to -565, 68, 257
[2024-03-27 02:33:27] [world] The Player <Tester> has teleported from -565, 68, 257 to -565, 68, 257
[2024-03-27 02:33:27] [world] The Player <Tester> has teleported from -565, 68, 257 to -565, 68, 257
[2024-03-27 02:33:27] [world] The Player <Tester> has teleported from -565, 68, 257 to -565, 68, 257
[2024-03-27 02:33:27] [world] The Player <Tester> has teleported from -565, 68, 257 to -565, 68, 257
[2024-03-27 02:33:27] [world] The Player <Tester> has teleported from -565, 68, 257 to -565, 68, 257
[2024-03-27 02:33:27] [world] The Player <Tester> has teleported from -565, 68, 257 to -565, 68, 257
[2024-03-27 02:33:27] [world] The Player <Tester> has teleported from -565, 68, 257 to -565, 68, 257
[2024-03-27 02:33:27] [world] The Player <Tester> has teleported from -565, 68, 257 to -565, 68, 257
[2024-03-27 02:33:27] [world] The Player <Tester> has teleported from -565, 68, 257 to -565, 68, 257
[2024-03-27 02:33:27] [world] The Player <Tester> has teleported from -565, 68, 257 to -565, 68, 257
[2024-03-27 02:33:27] [world] The Player <Tester> has teleported from -565, 68, 257 to -565, 68, 257
[2024-03-27 02:33:27] [world] The Player <Tester> has teleported from -565, 68, 257 to -565, 68, 257
[2024-03-27 02:33:27] [world] The Player <Tester> has teleported from -565, 68, 257 to -565, 68, 257
[2024-03-27 02:33:27] [world] The Player <Tester> has teleported from -565, 68, 257 to -565, 68, 257
[2024-03-27 02:33:27] [world] The Player <Tester> has teleported from -565, 68, 257 to -565, 68, 257
[2024-03-27 02:33:28] [world] The Player <Tester> has teleported from -565, 68, 257 to -565, 68, 257
[2024-03-27 02:33:28] [world] The Player <Tester> has teleported from -565, 68, 257 to -565, 68, 257
[2024-03-27 02:33:28] [world] The Player <Tester> has teleported from -565, 68, 257 to -565, 68, 257
[2024-03-27 02:33:28] [world] The Player <Tester> has teleported from -565, 68, 257 to -565, 68, 257
[2024-03-27 02:33:28] [world] The Player <Tester> has teleported from -565, 68, 257 to -565, 68, 257
[2024-03-27 02:33:28] [world] The Player <Tester> has teleported from -565, 68, 257 to -565, 68, 257
[2024-03-27 02:33:28] [world] The Player <Tester> has teleported from -565, 68, 257 to -565, 68, 257
[2024-03-27 02:33:28] [world] The Player <Tester> has teleported from -565, 68, 257 to -565, 68, 257
[2024-03-27 02:33:28] [world] The Player <Tester> has teleported from -565, 68, 257 to -565, 68, 257
[2024-03-27 02:37:33] [world] The Player <Tester> has teleported from -614, 68, 280 to -613, 70, 261
[2024-03-27 02:57:57] [world] The Player <Tester> has teleported from -10174, 64, 4127 to -620, 69, 262
[2024-03-27 02:57:57] [world] The Player <Tester> has teleported from -620, 68, 262 to -620, 69, 262
[2024-03-27 02:57:58] [world] The Player <Tester> has teleported from -620, 68, 262 to -620, 69, 262
[2024-03-27 02:57:58] [world] The Player <Tester> has teleported from -620, 68, 262 to -620, 69, 262
[2024-03-27 02:57:58] [world] The Player <Tester> has teleported from -620, 68, 262 to -620, 69, 262
[2024-03-27 02:57:58] [world] The Player <Tester> has teleported from -620, 68, 262 to -620, 69, 262
[2024-03-27 02:58:52] [world] The Player <Tester> has teleported from -621, 69, 268 to -621, 69, 269
[2024-03-27 02:58:52] [world] The Player <Tester> has teleported from -621, 69, 268 to -621, 69, 269
[2024-03-27 02:59:17] [world] The Player <Tester> has teleported from -10174, 64, 4127 to -607, 68, 270
[2024-03-27 02:59:17] [world] The Player <Tester> has teleported from -607, 67, 270 to -607, 68, 270
[2024-03-27 02:59:17] [world] The Player <Tester> has teleported from -607, 67, 270 to -607, 68, 270
[2024-03-27 02:59:17] [world] The Player <Tester> has teleported from -607, 67, 270 to -607, 68, 270
[2024-03-27 02:59:17] [world] The Player <Tester> has teleported from -607, 67, 270 to -607, 68, 270
[2024-03-27 02:59:17] [world] The Player <Tester> has teleported from -607, 67, 270 to -607, 68, 270
[2024-03-27 03:10:38] [world] The Player <Tester> has teleported from -10179, 60, 4118 to -9963, 28, 4101
[2024-03-27 03:10:38] [world] The Player <Tester> has teleported from -9963, 27, 4101 to -9963, 28, 4101
[2024-03-27 03:10:38] [world] The Player <Tester> has teleported from -9963, 27, 4101 to -9963, 28, 4101
[2024-03-27 03:10:38] [world] The Player <Tester> has teleported from -9963, 27, 4101 to -9963, 28, 4101
[2024-03-27 03:10:38] [world] The Player <Tester> has teleported from -9963, 27, 4101 to -9963, 28, 4101
[2024-03-27 03:10:39] [world] The Player <Tester> has teleported from -9963, 27, 4101 to -9963, 28, 4101
[2024-03-27 03:10:39] [world] The Player <Tester> has teleported from -9963, 27, 4101 to -9963, 28, 4101
[2024-03-27 03:10:39] [world] The Player <Tester> has teleported from -9963, 27, 4101 to -9963, 28, 4101
[2024-03-27 03:13:33] [world] The Player <Tester> has teleported from -9962, 28, 4101 to -10172, 64, 4118
[2024-03-27 03:14:43] [world] The Player <Tester> has teleported from -10250, 61, 4099 to -10256, 64, 4095
[2024-03-27 03:16:56] [world] The Player <Tester> has teleported from -10175, 63, 4115 to -10246, 65, 4076
[2024-03-27 03:16:56] [world] The Player <Tester> has teleported from -10246, 64, 4076 to -10246, 65, 4076
[2024-03-27 03:16:56] [world] The Player <Tester> has teleported from -10246, 64, 4076 to -10246, 65, 4076
[2024-03-27 03:16:56] [world] The Player <Tester> has teleported from -10246, 64, 4076 to -10246, 65, 4076
[2024-03-27 03:16:56] [world] The Player <Tester> has teleported from -10246, 64, 4076 to -10246, 65, 4076
[2024-03-27 03:16:56] [world] The Player <Tester> has teleported from -10246, 64, 4076 to -10246, 65, 4076
[2024-03-27 03:16:56] [world] The Player <Tester> has teleported from -10246, 64, 4076 to -10246, 65, 4076
[2024-03-27 03:16:57] [world] The Player <Tester> has teleported from -10246, 64, 4076 to -10246, 65, 4076
[2024-03-27 03:16:57] [world] The Player <Tester> has teleported from -10246, 64, 4076 to -10246, 65, 4076
[2024-03-27 03:16:57] [world] The Player <Tester> has teleported from -10246, 64, 4076 to -10246, 65, 4076
[2024-03-27 03:16:57] [world] The Player <Tester> has teleported from -10246, 64, 4076 to -10246, 65, 4076
[2024-03-27 12:18:25] [world] The Player <Tester> has teleported from -10163, 62, 4093 to 100, 50, 0
[2024-03-27 12:18:59] [world_the_end] The Player <Tester> has teleported from 65, 23, -1 to -10174, 64, 4127
[2024-03-27 12:19:00] [world] The Player <Tester> has teleported from -10174, 63, 4127 to -10174, 64, 4127
[2024-03-27 12:19:00] [world] The Player <Tester> has teleported from -10174, 63, 4127 to -10174, 64, 4127
[2024-03-27 12:19:00] [world] The Player <Tester> has teleported from -10174, 63, 4127 to -10174, 64, 4127
[2024-03-27 12:19:03] [world] The Player <Tester> has teleported from -10174, 64, 4127 to -10174, 64, 4127
[2024-03-27 12:19:03] [world] The Player <Tester> has teleported from -10174, 64, 4127 to -10174, 64, 4127
[2024-03-27 12:19:03] [world] The Player <Tester> has teleported from -10174, 64, 4127 to -10174, 64, 4127
[2024-03-27 12:19:14] [world] The Player <Tester> has teleported from -10175, 64, 4125 to -10175, 64, 4125
[2024-03-27 12:19:14] [world] The Player <Tester> has teleported from -10175, 64, 4125 to -10175, 64, 4125
[2024-03-27 12:19:14] [world] The Player <Tester> has teleported from -10175, 64, 4124 to -10175, 64, 4125
[2024-03-27 12:19:14] [world] The Player <Tester> has teleported from -10175, 64, 4124 to -10175, 64, 4125
