[2024-03-30 19:16:05] [world] The Player <GolemDaWanderer> has teleported from 10337, 71, -10891 to 10337, 71, -10891
[2024-03-30 19:17:24] [world] The Player <GolemDaWanderer> has teleported from -574, 67, 316 to -574, 68, 316
[2024-03-30 19:17:24] [world] The Player <GolemDaWanderer> has teleported from -574, 67, 316 to -574, 68, 316
[2024-03-30 19:17:24] [world] The Player <GolemDaWanderer> has teleported from -574, 67, 316 to -574, 68, 316
[2024-03-30 19:17:24] [world] The Player <GolemDaWanderer> has teleported from -574, 67, 316 to -574, 68, 316
[2024-03-30 19:17:24] [world] The Player <GolemDaWanderer> has teleported from -574, 67, 316 to -574, 68, 316
[2024-03-30 19:17:25] [world] The Player <GolemDaWanderer> has teleported from -574, 68, 316 to -574, 68, 316
[2024-03-30 19:17:25] [world] The Player <GolemDaWanderer> has teleported from -574, 68, 316 to -574, 68, 316
[2024-03-30 19:17:25] [world] The Player <GolemDaWanderer> has teleported from -574, 68, 316 to -574, 68, 316
[2024-03-30 19:17:25] [world] The Player <GolemDaWanderer> has teleported from -574, 68, 316 to -574, 68, 316
[2024-03-30 19:17:25] [world] The Player <GolemDaWanderer> has teleported from -574, 68, 316 to -574, 68, 316
[2024-03-30 19:17:25] [world] The Player <GolemDaWanderer> has teleported from -574, 68, 316 to -574, 68, 316
[2024-03-30 19:17:26] [world] The Player <GolemDaWanderer> has teleported from -574, 68, 316 to -574, 68, 316
[2024-03-30 19:17:26] [world] The Player <GolemDaWanderer> has teleported from -574, 68, 316 to -574, 68, 316
[2024-03-30 19:17:26] [world] The Player <GolemDaWanderer> has teleported from -574, 68, 316 to -574, 68, 316
[2024-03-30 19:17:26] [world] The Player <GolemDaWanderer> has teleported from -574, 68, 316 to -574, 68, 316
[2024-03-30 19:17:26] [world] The Player <GolemDaWanderer> has teleported from -574, 68, 316 to -574, 68, 316
[2024-03-30 19:17:26] [world] The Player <GolemDaWanderer> has teleported from -574, 68, 316 to -574, 68, 316
[2024-03-30 19:17:26] [world] The Player <GolemDaWanderer> has teleported from -574, 68, 316 to -574, 68, 316
[2024-03-30 19:17:26] [world] The Player <GolemDaWanderer> has teleported from -574, 68, 316 to -574, 68, 316
[2024-03-30 19:17:26] [world] The Player <GolemDaWanderer> has teleported from -574, 68, 316 to -574, 68, 316
[2024-03-30 19:17:26] [world] The Player <GolemDaWanderer> has teleported from -574, 68, 316 to -574, 68, 316
[2024-03-30 19:17:26] [world] The Player <GolemDaWanderer> has teleported from -574, 68, 316 to -574, 68, 316
[2024-03-30 19:17:26] [world] The Player <GolemDaWanderer> has teleported from -574, 68, 316 to -574, 68, 316
[2024-03-30 19:17:26] [world] The Player <GolemDaWanderer> has teleported from -574, 68, 316 to -574, 68, 316
[2024-03-30 19:17:26] [world] The Player <GolemDaWanderer> has teleported from -574, 68, 316 to -574, 68, 316
[2024-03-30 19:17:26] [world] The Player <GolemDaWanderer> has teleported from -574, 68, 316 to -574, 68, 316
[2024-03-30 19:17:26] [world] The Player <GolemDaWanderer> has teleported from -574, 68, 316 to -574, 68, 316
[2024-03-30 19:17:26] [world] The Player <GolemDaWanderer> has teleported from -574, 68, 316 to -574, 68, 316
[2024-03-30 19:17:26] [world] The Player <GolemDaWanderer> has teleported from -574, 68, 316 to -574, 68, 316
[2024-03-30 19:17:26] [world] The Player <GolemDaWanderer> has teleported from -574, 68, 316 to -574, 68, 316
[2024-03-30 19:17:32] [world] The Player <GolemDaWanderer> has teleported from -574, 68, 316 to 10339, 71, -10880
[2024-03-30 19:17:32] [world] The Player <GolemDaWanderer> has teleported from 10339, 70, -10880 to 10339, 71, -10880
[2024-03-30 19:17:32] [world] The Player <GolemDaWanderer> has teleported from 10339, 70, -10880 to 10339, 71, -10880
[2024-03-30 19:17:32] [world] The Player <GolemDaWanderer> has teleported from 10339, 70, -10880 to 10339, 71, -10880
[2024-03-30 19:17:33] [world] The Player <GolemDaWanderer> has teleported from 10339, 70, -10880 to 10339, 71, -10880
[2024-03-30 19:17:33] [world] The Player <GolemDaWanderer> has teleported from 10339, 70, -10880 to 10339, 71, -10880
[2024-03-30 19:17:33] [world] The Player <GolemDaWanderer> has teleported from 10339, 70, -10880 to 10339, 71, -10880
[2024-03-30 19:17:33] [world] The Player <GolemDaWanderer> has teleported from 10339, 70, -10880 to 10339, 71, -10880
[2024-03-30 19:35:34] [world] The Player <GolemDaWanderer> has teleported from 10372, 63, -11141 to -10299, 36, 4029
[2024-03-30 20:27:42] [world] The Player <Mudkips_Rule> has teleported from -1172, 49, -428 to -1172, 49, -428
[2024-03-30 20:27:42] [world] The Player <Mudkips_Rule> has teleported from -1172, 49, -428 to -1172, 49, -428
[2024-03-30 20:27:42] [world] The Player <Mudkips_Rule> has teleported from -1172, 49, -428 to -1172, 49, -428
[2024-03-30 20:27:42] [world] The Player <Mudkips_Rule> has teleported from -1172, 49, -428 to -1172, 49, -428
[2024-03-30 20:27:42] [world] The Player <Mudkips_Rule> has teleported from -1172, 49, -428 to -1172, 49, -428
[2024-03-30 20:27:42] [world] The Player <Mudkips_Rule> has teleported from -1172, 49, -428 to -1172, 49, -428
[2024-03-30 20:27:42] [world] The Player <Mudkips_Rule> has teleported from -1172, 49, -428 to -1172, 49, -428
[2024-03-30 20:27:42] [world] The Player <Mudkips_Rule> has teleported from -1172, 49, -428 to -1172, 49, -428
[2024-03-30 20:27:42] [world] The Player <Mudkips_Rule> has teleported from -1172, 49, -428 to -1172, 49, -428
[2024-03-30 20:27:42] [world] The Player <Mudkips_Rule> has teleported from -1172, 49, -428 to -1172, 49, -428
[2024-03-30 20:27:42] [world] The Player <Mudkips_Rule> has teleported from -1172, 49, -428 to -1172, 49, -428
[2024-03-30 20:27:42] [world] The Player <Mudkips_Rule> has teleported from -1172, 49, -428 to -1172, 49, -428
[2024-03-30 20:27:42] [world] The Player <Mudkips_Rule> has teleported from -1172, 49, -428 to -1172, 49, -428
[2024-03-30 20:27:42] [world] The Player <Mudkips_Rule> has teleported from -1172, 49, -428 to -1172, 49, -428
[2024-03-30 20:27:43] [world] The Player <Mudkips_Rule> has teleported from -1172, 49, -428 to -1172, 49, -428
[2024-03-30 20:27:43] [world] The Player <Mudkips_Rule> has teleported from -1172, 49, -428 to -1172, 49, -428
[2024-03-30 20:27:43] [world] The Player <Mudkips_Rule> has teleported from -1172, 49, -428 to -1172, 49, -428
[2024-03-30 20:27:43] [world] The Player <Mudkips_Rule> has teleported from -1172, 49, -428 to -1172, 49, -428
[2024-03-30 20:27:43] [world] The Player <Mudkips_Rule> has teleported from -1172, 49, -428 to -1172, 49, -428
[2024-03-30 20:27:43] [world] The Player <Mudkips_Rule> has teleported from -1172, 49, -428 to -1172, 49, -428
[2024-03-30 20:27:43] [world] The Player <Mudkips_Rule> has teleported from -1172, 49, -428 to -1172, 49, -428
[2024-03-30 20:27:43] [world] The Player <Mudkips_Rule> has teleported from -1172, 49, -428 to -1172, 49, -428
[2024-03-30 20:27:43] [world] The Player <Mudkips_Rule> has teleported from -1172, 49, -428 to -1172, 49, -428
[2024-03-30 20:27:43] [world] The Player <Mudkips_Rule> has teleported from -1172, 49, -428 to -1172, 49, -428
[2024-03-30 20:27:43] [world] The Player <Mudkips_Rule> has teleported from -1172, 49, -428 to -1172, 49, -428
[2024-03-30 20:27:43] [world] The Player <Mudkips_Rule> has teleported from -1172, 49, -428 to -1172, 49, -428
[2024-03-30 20:27:43] [world] The Player <Mudkips_Rule> has teleported from -1172, 49, -428 to -1172, 49, -428
[2024-03-30 20:27:43] [world] The Player <Mudkips_Rule> has teleported from -1172, 49, -428 to -1172, 49, -428
[2024-03-30 20:27:43] [world] The Player <Mudkips_Rule> has teleported from -1172, 49, -428 to -1172, 49, -428
[2024-03-30 20:27:43] [world] The Player <Mudkips_Rule> has teleported from -1172, 49, -428 to -1172, 49, -428
[2024-03-30 20:27:43] [world] The Player <Mudkips_Rule> has teleported from -1172, 49, -428 to -1172, 49, -428
[2024-03-30 20:27:43] [world] The Player <Mudkips_Rule> has teleported from -1172, 49, -428 to -1172, 49, -428
[2024-03-30 20:27:44] [world] The Player <Mudkips_Rule> has teleported from -1172, 49, -428 to -1172, 49, -428
[2024-03-30 20:27:44] [world] The Player <Mudkips_Rule> has teleported from -1172, 49, -428 to -1172, 49, -428
[2024-03-30 20:27:44] [world] The Player <Mudkips_Rule> has teleported from -1172, 49, -428 to -1172, 49, -428
[2024-03-30 20:27:44] [world] The Player <Mudkips_Rule> has teleported from -1172, 49, -428 to -1172, 49, -428
[2024-03-30 20:27:44] [world] The Player <Mudkips_Rule> has teleported from -1172, 49, -428 to -1172, 49, -428
[2024-03-30 20:27:44] [world] The Player <Mudkips_Rule> has teleported from -1172, 49, -428 to -1172, 49, -428
[2024-03-30 20:27:44] [world] The Player <Mudkips_Rule> has teleported from -1172, 49, -428 to -1172, 49, -428
[2024-03-30 20:27:44] [world] The Player <Mudkips_Rule> has teleported from -1172, 49, -428 to -1172, 49, -428
[2024-03-30 20:27:44] [world] The Player <Mudkips_Rule> has teleported from -1172, 49, -428 to -1172, 49, -428
[2024-03-30 20:27:44] [world] The Player <Mudkips_Rule> has teleported from -1172, 49, -428 to -1172, 49, -428
[2024-03-30 20:27:44] [world] The Player <Mudkips_Rule> has teleported from -1172, 49, -428 to -1172, 49, -428
[2024-03-30 20:27:44] [world] The Player <Mudkips_Rule> has teleported from -1172, 49, -428 to -1172, 49, -428
[2024-03-30 20:27:44] [world] The Player <Mudkips_Rule> has teleported from -1172, 49, -428 to -1172, 49, -428
[2024-03-30 20:27:44] [world] The Player <Mudkips_Rule> has teleported from -1172, 49, -428 to -1172, 49, -428
[2024-03-30 20:27:44] [world] The Player <Mudkips_Rule> has teleported from -1172, 49, -428 to -1172, 49, -428
[2024-03-30 20:27:44] [world] The Player <Mudkips_Rule> has teleported from -1172, 49, -428 to -1172, 49, -428
[2024-03-30 20:27:44] [world] The Player <Mudkips_Rule> has teleported from -1172, 49, -428 to -1172, 49, -428
[2024-03-30 20:27:44] [world] The Player <Mudkips_Rule> has teleported from -1172, 49, -428 to -1172, 49, -428
[2024-03-30 20:27:44] [world] The Player <Mudkips_Rule> has teleported from -1172, 49, -428 to -1172, 49, -428
[2024-03-30 20:27:44] [world] The Player <Mudkips_Rule> has teleported from -1172, 49, -428 to -1172, 49, -428
[2024-03-30 20:27:44] [world] The Player <Mudkips_Rule> has teleported from -1172, 49, -428 to -1172, 49, -428
[2024-03-30 20:27:44] [world] The Player <Mudkips_Rule> has teleported from -1172, 49, -428 to -1172, 49, -428
[2024-03-30 20:27:44] [world] The Player <Mudkips_Rule> has teleported from -1172, 49, -428 to -1172, 49, -428
[2024-03-30 20:27:44] [world] The Player <Mudkips_Rule> has teleported from -1172, 49, -428 to -1172, 49, -428
[2024-03-30 20:27:45] [world] The Player <Mudkips_Rule> has teleported from -1172, 49, -428 to -1172, 49, -428
[2024-03-30 20:27:45] [world] The Player <Mudkips_Rule> has teleported from -1172, 49, -428 to -1172, 49, -428
[2024-03-30 20:27:45] [world] The Player <Mudkips_Rule> has teleported from -1172, 49, -428 to -1172, 49, -428
[2024-03-30 20:27:45] [world] The Player <Mudkips_Rule> has teleported from -1172, 49, -428 to -1172, 49, -428
[2024-03-30 20:27:45] [world] The Player <Mudkips_Rule> has teleported from -1172, 49, -428 to -1172, 49, -428
[2024-03-30 20:27:45] [world] The Player <Mudkips_Rule> has teleported from -1172, 49, -428 to -1172, 49, -428
[2024-03-30 20:27:45] [world] The Player <Mudkips_Rule> has teleported from -1172, 49, -428 to -1172, 49, -428
[2024-03-30 20:27:45] [world] The Player <Mudkips_Rule> has teleported from -1172, 49, -428 to -1172, 49, -428
[2024-03-31 03:25:45] [world] The Player <GolemDaWanderer> has teleported from -10301, 39, 4029 to -10301, 39, 4029
[2024-03-31 03:25:45] [world] The Player <GolemDaWanderer> has teleported from -10301, 39, 4029 to -10301, 39, 4029
[2024-03-31 03:25:45] [world] The Player <GolemDaWanderer> has teleported from -10301, 39, 4029 to -10301, 39, 4029
[2024-03-31 03:25:45] [world] The Player <GolemDaWanderer> has teleported from -10301, 39, 4029 to -10301, 39, 4029
[2024-03-31 03:25:45] [world] The Player <GolemDaWanderer> has teleported from -10301, 39, 4029 to -10301, 39, 4029
[2024-03-31 03:25:45] [world] The Player <GolemDaWanderer> has teleported from -10301, 39, 4029 to -10301, 39, 4029
[2024-03-31 03:25:45] [world] The Player <GolemDaWanderer> has teleported from -10301, 39, 4029 to -10301, 39, 4029
[2024-03-31 03:25:45] [world] The Player <GolemDaWanderer> has teleported from -10301, 39, 4029 to -10301, 39, 4029
[2024-03-31 03:25:45] [world] The Player <GolemDaWanderer> has teleported from -10301, 39, 4029 to -10301, 39, 4029
[2024-03-31 03:25:45] [world] The Player <GolemDaWanderer> has teleported from -10301, 39, 4029 to -10301, 39, 4029
[2024-03-31 03:25:45] [world] The Player <GolemDaWanderer> has teleported from -10301, 39, 4029 to -10301, 39, 4029
[2024-03-31 03:25:45] [world] The Player <GolemDaWanderer> has teleported from -10301, 39, 4029 to -10301, 39, 4029
[2024-03-31 03:25:45] [world] The Player <GolemDaWanderer> has teleported from -10301, 39, 4029 to -10301, 39, 4029
[2024-03-31 03:25:45] [world] The Player <GolemDaWanderer> has teleported from -10301, 39, 4029 to -10301, 39, 4029
[2024-03-31 03:25:45] [world] The Player <GolemDaWanderer> has teleported from -10301, 39, 4029 to -10301, 39, 4029
[2024-03-31 03:25:45] [world] The Player <GolemDaWanderer> has teleported from -10301, 39, 4029 to -10301, 39, 4029
[2024-03-31 03:25:45] [world] The Player <GolemDaWanderer> has teleported from -10301, 39, 4029 to -10301, 39, 4029
[2024-03-31 03:25:45] [world] The Player <GolemDaWanderer> has teleported from -10301, 39, 4029 to -10301, 39, 4029
[2024-03-31 03:25:45] [world] The Player <GolemDaWanderer> has teleported from -10301, 39, 4029 to -10301, 39, 4029
[2024-03-31 03:25:45] [world] The Player <GolemDaWanderer> has teleported from -10301, 39, 4029 to -10301, 39, 4029
[2024-03-31 03:25:46] [world] The Player <GolemDaWanderer> has teleported from -10301, 39, 4029 to -10301, 39, 4029
[2024-03-31 03:25:46] [world] The Player <GolemDaWanderer> has teleported from -10301, 39, 4029 to -10301, 39, 4029
[2024-03-31 03:25:46] [world] The Player <GolemDaWanderer> has teleported from -10301, 39, 4029 to -10301, 39, 4029
[2024-03-31 03:25:46] [world] The Player <GolemDaWanderer> has teleported from -10301, 39, 4029 to -10301, 39, 4029
[2024-03-31 03:25:46] [world] The Player <GolemDaWanderer> has teleported from -10301, 39, 4029 to -10301, 39, 4029
[2024-03-31 03:25:46] [world] The Player <GolemDaWanderer> has teleported from -10301, 39, 4029 to -10301, 39, 4029
[2024-03-31 03:25:46] [world] The Player <GolemDaWanderer> has teleported from -10301, 39, 4029 to -10301, 39, 4029
[2024-03-31 03:25:46] [world] The Player <GolemDaWanderer> has teleported from -10301, 39, 4029 to -10301, 39, 4029
[2024-03-31 03:25:46] [world] The Player <GolemDaWanderer> has teleported from -10301, 39, 4029 to -10301, 39, 4029
[2024-03-31 03:25:46] [world] The Player <GolemDaWanderer> has teleported from -10301, 39, 4029 to -10301, 39, 4029
[2024-03-31 03:25:46] [world] The Player <GolemDaWanderer> has teleported from -10301, 39, 4029 to -10301, 39, 4029
[2024-03-31 03:25:46] [world] The Player <GolemDaWanderer> has teleported from -10301, 39, 4029 to -10301, 39, 4029
[2024-03-31 03:25:46] [world] The Player <GolemDaWanderer> has teleported from -10301, 39, 4029 to -10301, 39, 4029
[2024-03-31 03:25:46] [world] The Player <GolemDaWanderer> has teleported from -10301, 39, 4029 to -10301, 39, 4029
[2024-03-31 03:25:46] [world] The Player <GolemDaWanderer> has teleported from -10301, 39, 4029 to -10301, 39, 4029
[2024-03-31 03:25:46] [world] The Player <GolemDaWanderer> has teleported from -10301, 39, 4029 to -10301, 39, 4029
[2024-03-31 03:25:46] [world] The Player <GolemDaWanderer> has teleported from -10301, 39, 4029 to -10301, 39, 4029
[2024-03-31 03:35:05] [world] The Player <GolemDaWanderer> has teleported from -10292, 35, 4029 to -10292, 35, 4029
[2024-03-31 03:35:05] [world] The Player <GolemDaWanderer> has teleported from -10292, 35, 4029 to -10292, 35, 4029
[2024-03-31 03:35:05] [world] The Player <GolemDaWanderer> has teleported from -10292, 35, 4029 to -10292, 35, 4029
[2024-03-31 03:35:05] [world] The Player <GolemDaWanderer> has teleported from -10293, 35, 4029 to -10292, 35, 4029
[2024-03-31 03:35:05] [world] The Player <GolemDaWanderer> has teleported from -10292, 35, 4029 to -10292, 35, 4029
[2024-03-31 03:35:05] [world] The Player <GolemDaWanderer> has teleported from -10293, 35, 4029 to -10292, 35, 4029
[2024-03-31 03:35:05] [world] The Player <GolemDaWanderer> has teleported from -10292, 35, 4029 to -10292, 35, 4029
[2024-03-31 03:35:05] [world] The Player <GolemDaWanderer> has teleported from -10292, 35, 4029 to -10292, 35, 4029
[2024-03-31 03:35:05] [world] The Player <GolemDaWanderer> has teleported from -10293, 35, 4029 to -10292, 35, 4029
[2024-03-31 10:00:16] [world] The Player <BTC> has teleported from -3263, 70, 935 to -3263, 70, 935
[2024-03-31 10:00:16] [world] The Player <BTC> has teleported from -3263, 70, 935 to -3263, 70, 935
[2024-03-31 10:00:16] [world] The Player <BTC> has teleported from -3263, 70, 935 to -3263, 70, 935
[2024-03-31 10:00:17] [world] The Player <BTC> has teleported from -3263, 70, 935 to -3263, 70, 935
[2024-03-31 10:00:17] [world] The Player <BTC> has teleported from -3263, 70, 935 to -3263, 70, 935
[2024-03-31 10:00:17] [world] The Player <BTC> has teleported from -3263, 70, 935 to -3263, 70, 935
[2024-03-31 10:00:17] [world] The Player <BTC> has teleported from -3264, 70, 935 to -3263, 70, 935
[2024-03-31 10:00:17] [world] The Player <BTC> has teleported from -3264, 70, 935 to -3263, 70, 935
[2024-03-31 10:00:17] [world] The Player <BTC> has teleported from -3264, 70, 935 to -3263, 70, 935
[2024-03-31 10:37:05] [world] The Player <BTC> has teleported from -3130, 63, 832 to -3130, 64, 832
[2024-03-31 10:37:05] [world] The Player <BTC> has teleported from -3130, 63, 832 to -3130, 64, 832
[2024-03-31 10:37:05] [world] The Player <BTC> has teleported from -3130, 63, 832 to -3130, 64, 832
[2024-03-31 10:37:06] [world] The Player <BTC> has teleported from -3130, 63, 832 to -3130, 64, 832
[2024-03-31 10:37:06] [world] The Player <BTC> has teleported from -3130, 63, 832 to -3130, 64, 832
[2024-03-31 10:37:06] [world] The Player <BTC> has teleported from -3130, 63, 832 to -3130, 64, 832
[2024-03-31 10:37:08] [world] The Player <BTC> has teleported from -3130, 63, 832 to -3130, 64, 832
[2024-03-31 10:37:08] [world] The Player <BTC> has teleported from -3130, 63, 832 to -3130, 64, 832
[2024-03-31 10:37:08] [world] The Player <BTC> has teleported from -3130, 63, 832 to -3130, 64, 832
[2024-03-31 10:37:13] [world] The Player <BTC> has teleported from -3130, 62, 832 to -3130, 63, 832
[2024-03-31 10:37:13] [world] The Player <BTC> has teleported from -3130, 62, 832 to -3130, 63, 832
[2024-03-31 10:37:13] [world] The Player <BTC> has teleported from -3130, 62, 832 to -3130, 63, 832
[2024-03-31 10:37:15] [world] The Player <BTC> has teleported from -3130, 62, 832 to -3130, 63, 832
[2024-03-31 10:37:15] [world] The Player <BTC> has teleported from -3130, 62, 832 to -3130, 63, 832
[2024-03-31 10:37:16] [world] The Player <BTC> has teleported from -3130, 62, 832 to -3130, 63, 832
[2024-03-31 10:37:16] [world] The Player <BTC> has teleported from -3130, 62, 832 to -3130, 63, 832
[2024-03-31 10:37:16] [world] The Player <BTC> has teleported from -3130, 62, 832 to -3130, 63, 832
[2024-03-31 12:53:42] [world] The Player <GolemDaWanderer> has teleported from -10298, 34, 4030 to -10298, 35, 4030
[2024-03-31 12:53:42] [world] The Player <GolemDaWanderer> has teleported from -10298, 34, 4030 to -10298, 35, 4030
[2024-03-31 12:53:42] [world] The Player <GolemDaWanderer> has teleported from -10298, 34, 4030 to -10298, 35, 4030
[2024-03-31 12:53:42] [world] The Player <GolemDaWanderer> has teleported from -10298, 34, 4030 to -10298, 35, 4030
[2024-03-31 12:53:42] [world] The Player <GolemDaWanderer> has teleported from -10298, 34, 4030 to -10298, 35, 4030
[2024-03-31 13:05:43] [world] The Player <GolemDaWanderer> has teleported from -10298, 35, 4031 to 1, 1, 1
[2024-03-31 13:05:59] [world] The Player <GolemDaWanderer> has teleported from 1, -7, 1 to 1, -6, 1
[2024-03-31 13:05:59] [world] The Player <GolemDaWanderer> has teleported from 1, -6, 1 to 1, -6, 1
[2024-03-31 13:06:00] [world] The Player <GolemDaWanderer> has teleported from -574, 68, 316 to -574, 68, 316
[2024-03-31 13:09:56] [world] The Player <GolemDaWanderer> has teleported from -625, 67, 233 to -625, 67, 233
[2024-03-31 13:10:23] [world] The Player <BTC> has teleported from -3129, 41, 832 to -573, 68, 316
[2024-03-31 13:10:24] [world] The Player <BTC> has teleported from -573, 67, 316 to -573, 68, 316
[2024-03-31 13:10:24] [world] The Player <BTC> has teleported from -573, 67, 316 to -573, 68, 316
[2024-03-31 13:10:24] [world] The Player <BTC> has teleported from -573, 67, 316 to -573, 68, 316
[2024-03-31 13:10:24] [world] The Player <BTC> has teleported from -573, 67, 316 to -573, 68, 316
[2024-03-31 13:10:24] [world] The Player <BTC> has teleported from -573, 67, 316 to -573, 68, 316
[2024-03-31 13:11:40] [world] The Player <GolemDaWanderer> has teleported from -636, 122, 111 to -636, 122, 111
[2024-03-31 13:11:40] [world] The Player <GolemDaWanderer> has teleported from -636, 122, 117 to -636, 122, 117
[2024-03-31 13:12:42] [world] The Player <GolemDaWanderer> has teleported from -574, 68, 316 to -556, 70, -152
[2024-03-31 13:12:49] [world] The Player <GolemDaWanderer> has teleported from -558, 64, -151 to -558, 64, -151
[2024-03-31 13:12:53] [world] The Player <GolemDaWanderer> has teleported from -556, 63, -151 to -557, 64, -152
[2024-03-31 13:12:53] [world] The Player <GolemDaWanderer> has teleported from -557, 64, -152 to -557, 64, -152
[2024-03-31 13:18:18] [world] The Player <BTC> has teleported from -711, 49, 89 to -3129, 41, 832
[2024-03-31 13:18:18] [world] The Player <BTC> has teleported from -3129, 40, 832 to -3129, 41, 832
[2024-03-31 13:18:18] [world] The Player <BTC> has teleported from -3129, 40, 832 to -3129, 41, 832
[2024-03-31 13:18:18] [world] The Player <BTC> has teleported from -3129, 40, 832 to -3129, 41, 832
[2024-03-31 13:18:18] [world] The Player <BTC> has teleported from -3129, 40, 832 to -3129, 41, 832
[2024-03-31 13:18:18] [world] The Player <BTC> has teleported from -3129, 40, 832 to -3129, 41, 832
[2024-03-31 13:18:19] [world] The Player <BTC> has teleported from -3129, 40, 832 to -3129, 41, 832
