[2024-04-01 12:16:31] [world] The Player <Tester> has said => how does this //paste cmd work-
[2024-04-01 12:16:35] [world] The Player <Tester> has said => it pastes randomly
[2024-04-01 12:17:15] [world] The Player <Tester> has said => ah
[2024-04-01 12:17:22] [world] The Player <Tester> has said => k
[2024-04-01 12:17:37] [world] The Player <Char> has said => im gonna have to reset the eco plugin
[2024-04-01 12:17:42] [world] The Player <Char> has said => i dont think i can fix without reseting
[2024-04-01 12:17:43] [world] The Player <Tester> has said => damn ok
[2024-04-01 12:17:53] [world] The Player <Tester> has said => can u find how much money ppl had?
[2024-04-01 12:17:54] [world] The Player <Char> has said => ill give u a bunch of money and if someone claims about losing money just /pay them it
[2024-04-01 12:18:08] [world] The Player <Tester> has said => so nez had like 4k
[2024-04-01 12:18:16] [world] The Player <Tester> has said => last time i checked
[2024-04-01 12:19:05] [world] The Player <Char> has said => k i made it work
[2024-04-01 12:19:07] [world] The Player <Tester> has said => k
[2024-04-01 12:19:09] [world] The Player <Char> has said => now relog so it gives u a balance
[2024-04-01 12:20:09] [world] The Player <Tester> has said => 100 bux
[2024-04-01 12:22:18] [world] The Player <Char> has said => fuc it broke again
[2024-04-01 12:22:24] [world] The Player <Tester> has said => wat u do
[2024-04-01 12:39:08] [world] The Player <Tester_> has said => e
[2024-04-01 12:42:33] [world] The Player <Tester_> has said => e
[2024-04-01 18:11:12] [world] The Player <Marshtomp12345> has said => My Brother Owns the new shop
[2024-04-01 18:11:24] [world] The Player <Marshtomp12345> has said => He has approx 150
[2024-04-01 18:12:01] [world] The Player <Marshtomp12345> has said => Jaiden or Marshtomp17 and Mudkips_Rule
[2024-04-01 18:12:59] [world] The Player <Marshtomp12345> has said => This isd Mudkips_Rule typing I wil join soon I have to play celo for symphonic orchestra first
[2024-04-01 20:37:57] [world] The Player <GolemDaWanderer> has said => but the xp D:
[2024-04-02 02:24:41] [world] The Player <xcpc> has said => uh
[2024-04-02 02:27:59] [world] The Player <xcpc> has said => thanks char
[2024-04-02 02:28:28] [world_nether] The Player <xcpc> has said => ok
[2024-04-02 02:28:32] [world_nether] The Player <xcpc> has said => omg the lag
[2024-04-02 02:28:51] [world_nether] The Player <xcpc> has said => I have 3-7
[2024-04-02 02:29:23] [world_nether] The Player <xcpc> has said => I have a sh!t processor
[2024-04-02 02:29:37] [world_nether] The Player <xcpc> has said => I have like everything set to minimum
[2024-04-02 02:29:49] [world_nether] The Player <xcpc> has said => I even turned unicode font off bc it was killing my fps smh
[2024-04-02 02:30:03] [world_nether] The Player <xcpc> has said => Can barely see
[2024-04-02 02:30:17] [world_nether] The Player <xcpc> has said => fog = off is wild
[2024-04-02 02:30:40] [world_nether] The Player <xcpc> has said => 7fps
[2024-04-02 02:30:58] [world_nether] The Player <xcpc> has said => I see what I came for
[2024-04-02 02:31:41] [world_nether] The Player <xcpc> has said => bruh if you see leaves anywhere then it's essentially a big green sign saying xcpc was here
[2024-04-02 02:32:04] [world_nether] The Player <xcpc> has said => bruh
[2024-04-02 02:32:20] [world_nether] The Player <xcpc> has said => thanks
[2024-04-02 02:35:12] [world_nether] The Player <xcpc> has said => Maybe I should get quartz too
[2024-04-02 02:35:26] [world_nether] The Player <xcpc> has said => am NOT coming back here unless I run out of gs
[2024-04-02 02:36:38] [world_nether] The Player <xcpc> has said => bro what
[2024-04-02 02:37:19] [world_nether] The Player <xcpc> has said => q u a r t z
[2024-04-02 02:37:26] [world_nether] The Player <xcpc> has said => holy ship
[2024-04-02 02:42:08] [world_nether] The Player <xcpc> has said => noooo someone took the spawner
