[2024-03-17 22:39:00] [world] The Player <Tester> has said => e
[2024-03-17 22:39:39] [world] The Player <Tester> has said => very pro
[2024-03-17 22:39:42] [world] The Player <Tester> has said => me found how to claim
[2024-03-17 22:39:48] [world] The Player <Tester> has said => -
[2024-03-17 22:39:52] [world] The Player <Tester> has said => NOOO
[2024-03-17 22:39:54] [world] The Player <Tester> has said => booo
[2024-03-17 22:40:07] [world] The Player <Tester> has said => i would join urs
[2024-03-17 22:40:09] [world] The Player <Tester> has said => can i :D
[2024-03-17 22:40:16] [world] The Player <Tester> has said => there is a certain koi person...
[2024-03-17 22:40:29] [world] The Player <Tester> has said => ik...
[2024-03-17 22:40:45] [world] The Player <Tester> has said => duh
[2024-03-17 22:40:55] [world] The Player <Tester> has said => eh-
[2024-03-17 22:40:58] [world] The Player <Tester> has said => in members?
[2024-03-17 22:41:07] [world] The Player <Tester> has said => ...
[2024-03-17 22:41:09] [world] The Player <Tester> has said => thayts unfair
[2024-03-17 22:41:12] [world] The Player <Tester> has said => me had like -20
[2024-03-17 22:41:18] [world] The Player <Tester> has said => thay prob had hundreds
[2024-03-17 22:41:21] [world] The Player <Tester> has said => erm here-
[2024-03-17 22:41:32] [world] The Player <Tester> has said => doggo
[2024-03-17 22:41:34] [world] The Player <Tester> has said => i havent used
[2024-03-17 22:41:35] [world] The Player <Brycethelegend> has said => wat ru talking about
[2024-03-17 22:41:36] [world] The Player <Tester> has said => those 2
[2024-03-17 22:41:38] [world] The Player <Tester> has said => from before
[2024-03-17 22:41:42] [world] The Player <Tester> has said => erm
[2024-03-17 22:41:46] [world] The Player <Tester> has said => like lets see
[2024-03-17 22:41:56] [world] The Player <Tester> has said => come here
[2024-03-17 22:42:06] [world] The Player <Tester> has said => me havent uses
[2024-03-17 22:42:08] [world] The Player <Tester> has said => used
[2024-03-17 22:42:09] [world] The Player <Tester> has said => -
[2024-03-17 22:42:14] [world] The Player <Tester> has said => well horse
[2024-03-17 22:42:21] [world] The Player <Tester> has said => come here
[2024-03-17 22:42:39] [world] The Player <Tester> has said => come
[2024-03-17 22:42:48] [world] The Player <Tester> has said => my secret stash that i havent used-
[2024-03-17 22:42:52] [world] The Player <Tester> has said => excet these horses
[2024-03-17 22:42:55] [world] The Player <Tester> has said => that keep dyin-
[2024-03-17 22:43:01] [world] The Player <Tester> has said => ooo
[2024-03-17 22:43:04] [world] The Player <Tester> has said => :O
[2024-03-17 22:43:06] [world] The Player <Tester> has said => it works
[2024-03-17 22:43:10] [world] The Player <Tester> has said => come here
[2024-03-17 22:43:24] [world] The Player <Tester> has said => eh
[2024-03-17 22:43:27] [world] The Player <Tester> has said => no?
[2024-03-17 22:43:38] [world] The Player <Tester> has said => now its called purple wool
[2024-03-17 22:43:42] [world] The Player <Tester> has said => gimmie another :D
[2024-03-17 22:43:47] [world] The Player <Tester> has said => come
[2024-03-17 22:43:51] [world] The Player <Tester> has said => ohg-
[2024-03-17 22:43:53] [world] The Player <Tester> has said => wat
[2024-03-17 22:44:03] [world] The Player <Tester> has said => do da end :D
[2024-03-17 22:44:15] [world] The Player <Tester> has said => yes
[2024-03-17 22:44:20] [world] The Player <Tester> has said => very pro
[2024-03-17 22:44:27] [world_nether] The Player <Heinrich_Himmler> has said => my portals can't link lol
[2024-03-17 22:44:30] [world] The Player <Tester> has said => this gonna make me dizzy
[2024-03-17 22:44:47] [world] The Player <Tester> has said => damn right here
[2024-03-17 22:44:52] [world] The Player <Tester> has said => me gonna touch like 1k times
[2024-03-17 22:44:54] [world] The Player <Tester> has said => a day
[2024-03-17 22:45:05] [world] The Player <Tester> has said => perfect
[2024-03-17 22:45:07] [world] The Player <Tester> has said => e-
[2024-03-17 22:45:13] [world] The Player <Tester> has said => no one shall know....
[2024-03-17 22:45:33] [world] The Player <Tester> has said => erm
[2024-03-17 22:45:34] [world_the_end] The Player <Heinrich_Himmler> has said => are there elytras?
[2024-03-17 22:45:35] [world] The Player <Tester> has said => hello :D
[2024-03-17 22:45:38] [world] The Player <NezukoChan> has said => hi
[2024-03-17 22:45:40] [world] The Player <NezukoChan> has said => what
[2024-03-17 22:45:42] [world_the_end] The Player <Heinrich_Himmler> has said => forgor this was 1.8
[2024-03-17 22:45:43] [world] The Player <NezukoChan> has said => why
[2024-03-17 22:45:43] [world] The Player <Tester> has said => erm
[2024-03-17 22:45:55] [world_the_end] The Player <Tester> has said => :O
[2024-03-17 22:45:58] [world_the_end] The Player <Tester> has said => i claimed the end
[2024-03-17 22:46:01] [world_the_end] The Player <Tester> has said => time to claim all :DDDD
[2024-03-17 22:46:02] [world] The Player <NezukoChan> has said => om
[2024-03-17 22:46:05] [world] The Player <NezukoChan> has said => what
[2024-03-17 22:46:15] [world_the_end] The Player <Heinrich_Himmler> has said => I'm in it hahahaha
[2024-03-17 22:47:14] [world_the_end] The Player <NezukoChan> has said => lol ur claming the whole end
[2024-03-17 22:47:14] [world_the_end] The Player <Tester> has said => nez
[2024-03-17 22:47:14] [world_the_end] The Player <Tester> has said => can u do /sf claim?
[2024-03-17 22:47:14] [world_the_end] The Player <Tester> has said => da lag?
[2024-03-17 22:47:14] [world_the_end] The Player <Tester> has said => e
[2024-03-17 22:47:15] [world_the_end] The Player <Tester> has said => e
[2024-03-17 22:47:24] [world_the_end] The Player <NezukoChan> has said => ?
[2024-03-17 22:48:02] [world_the_end] The Player <NezukoChan> has said => no lik e/login
[2024-03-17 22:48:09] [world_the_end] The Player <NezukoChan> has said => fr
[2024-03-17 22:48:11] [world_the_end] The Player <Tester> has said => i see
[2024-03-17 22:48:11] [world_the_end] The Player <NezukoChan> has said => what is that
[2024-03-17 22:48:13] [world_the_end] The Player <Tester> has said => phew
[2024-03-17 22:48:27] [world] The Player <Tester> has said => erm
[2024-03-17 22:48:28] [world] The Player <Tester> has said => yes :D
[2024-03-17 22:48:32] [world_the_end] The Player <NezukoChan> has said => damn endermen look rlly good on this pack
[2024-03-17 22:48:33] [world] The Player <Tester> has said => me gonna get tped to end
[2024-03-17 22:48:36] [world] The Player <Tester> has said => every 10 sec no
[2024-03-17 22:48:37] [world] The Player <Tester> has said => now
[2024-03-17 22:48:44] [world_the_end] The Player <Tester> has said => e
[2024-03-17 22:48:52] [world] The Player <Tester> has said => my bed gone
[2024-03-17 22:48:57] [world_the_end] The Player <NezukoChan> has said => what
[2024-03-17 22:48:58] [world_the_end] The Player <NezukoChan> has said => why
[2024-03-17 22:49:03] [world] The Player <Tester> has said => a ceratin
[2024-03-17 22:49:05] [world] The Player <Tester> has said => person
[2024-03-17 22:49:10] [world] The Player <Tester> has said => called eric
[2024-03-17 22:49:34] [world] The Player <NezukoChan> has said => btw koi did /kill @e
[2024-03-17 22:49:35] [world] The Player <NezukoChan> has said => xD
[2024-03-17 22:49:54] [world] The Player <NezukoChan> has said => somehow our horse is still alive
[2024-03-17 22:49:56] [world] The Player <Tester> has said => damnnn
[2024-03-17 22:50:00] [world] The Player <Tester> has said => yes
[2024-03-17 22:50:03] [world] The Player <Tester> has said => good
[2024-03-17 22:50:11] [world] The Player <Tester> has said => its named tester's dog
[2024-03-17 22:50:11] [world] The Player <NezukoChan> has said => no like a few hours ago
[2024-03-17 22:50:17] [world] The Player <Tester> has said => cuz its da only thing i had
[2024-03-17 22:50:19] [world] The Player <NezukoChan> has said => koi did /kill @e
[2024-03-17 22:50:24] [world] The Player <NezukoChan> has said => i was next to him
[2024-03-17 22:50:30] [world] The Player <Tester> has said => yea
[2024-03-17 22:50:30] [world] The Player <NezukoChan> has said => lol
[2024-03-17 22:50:41] [world_the_end] The Player <Tester> has said => e
[2024-03-17 22:50:44] [world_the_end] The Player <Tester> has said => okay nope
[2024-03-17 22:50:49] [world_the_end] The Player <Tester> has said => me was gonna be nice and giv u somethin
[2024-03-17 22:50:51] [world_the_end] The Player <Tester> has said => but nvm :>
[2024-03-17 22:51:01] [world] The Player <Tester> has said => here
[2024-03-17 22:51:04] [world] The Player <NezukoChan> has said => >
[2024-03-17 22:51:10] [world] The Player <NezukoChan> has said => whys that green
[2024-03-17 22:51:13] [world] The Player <Tester> has said => idk
[2024-03-17 22:51:15] [world] The Player <Tester> has said => its good
[2024-03-17 22:51:15] [world] The Player <NezukoChan> has said => is that just me
[2024-03-17 22:51:16] [world] The Player <Tester> has said => :>
[2024-03-17 22:51:18] [world] The Player <NezukoChan> has said => :>
[2024-03-17 22:51:18] [world] The Player <Tester> has said => :>
[2024-03-17 22:51:21] [world] The Player <Tester> has said => :>
[2024-03-17 22:51:32] [world] The Player <NezukoChan> has said => wait
[2024-03-17 22:51:36] [world] The Player <Tester> has said => thats pretty much all i had
[2024-03-17 22:51:38] [world] The Player <NezukoChan> has said => how u get to nether roof
[2024-03-17 22:51:41] [world] The Player <Tester> has said => except a stack of ender eyes
[2024-03-17 22:51:44] [world] The Player <Tester> has said => ender pearl
[2024-03-17 22:51:47] [world] The Player <NezukoChan> has said => ohh
[2024-03-17 22:51:49] [world] The Player <Tester> has said => want em to show
[2024-03-17 22:51:50] [world] The Player <Tester> has said => me
[2024-03-17 22:51:52] [world] The Player <NezukoChan> has said => wtf
[2024-03-17 22:52:00] [world_the_end] The Player <NezukoChan> has said => bruh
[2024-03-17 22:52:02] [world_the_end] The Player <Tester> has said => we claimed da end
[2024-03-17 22:52:03] [world_the_end] The Player <Tester> has said => ahhahaaha
[2024-03-17 22:52:06] [world_the_end] The Player <NezukoChan> has said => lol
[2024-03-17 22:52:12] [world_the_end] The Player <Tester> has said => we da gods of da end
[2024-03-17 22:52:16] [world_the_end] The Player <NezukoChan> has said => bruh
[2024-03-17 22:52:17] [world_the_end] The Player <Tester> has said => eh
[2024-03-17 22:52:24] [world] The Player <Tester> has said => what does that mean
[2024-03-17 22:52:27] [world] The Player <Tester> has said => :O
[2024-03-17 22:52:34] [world] The Player <Tester> has said => this dude can stalk me now
[2024-03-17 22:52:36] [world] The Player <Tester> has said => .....
[2024-03-17 22:52:38] [world] The Player <Tester> has said => e
[2024-03-17 22:52:40] [world] The Player <NezukoChan> has said => fr
[2024-03-17 22:52:40] [world] The Player <Tester> has said => ermmmmm
[2024-03-17 22:52:48] [world] The Player <Tester> has said => u should delete that
[2024-03-17 22:52:59] [world_nether] The Player <NezukoChan> has said => fr
[2024-03-17 22:52:59] [world] The Player <Tester> has said => lol
[2024-03-17 22:53:04] [world] The Player <Tester> has said => its very bad
[2024-03-17 22:53:08] [world] The Player <Tester> has said => for our privacy
[2024-03-17 22:53:10] [world_nether] The Player <NezukoChan> has said => ye
[2024-03-17 22:53:12] [world] The Player <Tester> has said => -
[2024-03-17 22:53:14] [world_nether] The Player <NezukoChan> has said => oh
[2024-03-17 22:53:15] [world_nether] The Player <NezukoChan> has said => lol
[2024-03-17 22:53:23] [world_nether] The Player <NezukoChan> has said => i did it
[2024-03-17 22:53:26] [world] The Player <Tester> has said => wwat that mean?
[2024-03-17 22:53:29] [world_nether] The Player <NezukoChan> has said => for the acheivement
[2024-03-17 22:53:37] [world] The Player <Tester> has said => food/
[2024-03-17 22:53:42] [world] The Player <Tester> has said => i see
[2024-03-17 22:53:57] [world] The Player <Tester> has said => put some of god apples in there :D
[2024-03-17 22:54:06] [world] The Player <Tester> has said => no no not god
[2024-03-17 22:54:10] [world] The Player <Tester> has said => gimmie lots of nmetherr wart :D
[2024-03-17 22:54:14] [world] The Player <Tester> has said => oo
[2024-03-17 22:54:19] [world] The Player <Tester> has said => rarest block for no admins
[2024-03-17 22:54:21] [world] The Player <Tester> has said => time to sell
[2024-03-17 22:54:23] [world] The Player <Tester> has said => MUL
[2024-03-17 22:54:25] [world] The Player <NezukoChan> has said => lol
[2024-03-17 22:54:26] [world] The Player <Tester> has said => money
[2024-03-17 22:54:27] [world] The Player <NezukoChan> has said => what is that
[2024-03-17 22:54:36] [world] The Player <NezukoChan> has said => WHAT
[2024-03-17 22:54:37] [world] The Player <Tester> has said => where
[2024-03-17 22:54:40] [world] The Player <Tester> has said => dont place it
[2024-03-17 22:54:44] [world] The Player <Tester> has said => it dont work
[2024-03-17 22:54:48] [world] The Player <Tester> has said => me be scammin ppl now
[2024-03-17 22:54:57] [world] The Player <NezukoChan> has said => lol
[2024-03-17 22:55:09] [world] The Player <NezukoChan> has said => we be trolling
[2024-03-17 22:55:17] [world] The Player <Tester> has said => look nez
[2024-03-17 22:55:26] [world] The Player <NezukoChan> has said => lmao
[2024-03-17 22:55:28] [world] The Player <Tester> has said => ah yes
[2024-03-17 22:55:31] [world] The Player <Tester> has said => then koi coms in
[2024-03-17 22:55:34] [world] The Player <Tester> has said => and bans me
[2024-03-17 22:55:35] [world] The Player <NezukoChan> has said => lets check on villager
[2024-03-17 22:55:43] [world] The Player <Tester> has said => are they ded?
[2024-03-17 22:55:44] [world] The Player <NezukoChan> has said => OOPS
[2024-03-17 22:55:47] [world] The Player <Tester> has said => ...
[2024-03-17 22:55:47] [world] The Player <NezukoChan> has said => misclick
[2024-03-17 22:55:48] [world] The Player <Tester> has said => wat
[2024-03-17 22:55:50] [world] The Player <NezukoChan> has said => i killed one
[2024-03-17 22:55:53] [world] The Player <Tester> has said => which...
[2024-03-17 22:55:54] [world] The Player <NezukoChan> has said => jk
[2024-03-17 22:55:55] [world] The Player <NezukoChan> has said => lmao
[2024-03-17 22:55:56] [world] The Player <Tester> has said => e
[2024-03-17 22:56:00] [world] The Player <NezukoChan> has said => LMAO
[2024-03-17 22:56:13] [world] The Player <Tester> has said => look
[2024-03-17 22:56:14] [world] The Player <Tester> has said => char
[2024-03-17 22:56:15] [world] The Player <NezukoChan> has said => THE VILLAGER SCREEN LOOKS GOOFY
[2024-03-17 22:56:18] [world] The Player <Tester> has said => the eye..
[2024-03-17 22:56:25] [world] The Player <NezukoChan> has said => lol imma ss
[2024-03-17 22:56:26] [world] The Player <Tester> has said => ikr
[2024-03-17 22:56:36] [world] The Player <Tester> has said => lol
[2024-03-17 22:56:57] [world] The Player <Tester> has said => wait
[2024-03-17 22:56:58] [world] The Player <Tester> has said => char
[2024-03-17 22:57:01] [world] The Player <Tester> has said => deop
[2024-03-17 22:57:03] [world] The Player <Tester> has said => for a sec
[2024-03-17 22:57:27] [world] The Player <Tester> has said => nez
[2024-03-17 22:57:28] [world] The Player <Tester> has said => look
[2024-03-17 22:57:30] [world] The Player <Tester> has said => rare
[2024-03-17 22:57:32] [world] The Player <Tester> has said => :D
[2024-03-17 22:57:54] [world] The Player <NezukoChan> has said => where
[2024-03-17 22:57:57] [world] The Player <Tester> has said => these 2
[2024-03-17 22:58:11] [world] The Player <Tester> has said => [prob only one :D
[2024-03-17 22:58:15] [world] The Player <NezukoChan> has said => lol bedrock
[2024-03-17 22:58:20] [world] The Player <Tester> has said => ah eys
[2024-03-17 22:58:21] [world] The Player <Tester> has said => yes
[2024-03-17 22:58:39] [world] The Player <Tester> has said => which
[2024-03-17 22:58:42] [world] The Player <Tester> has said => ah yes
[2024-03-17 22:58:50] [world] The Player <Tester> has said => lol
[2024-03-17 22:58:52] [world] The Player <Tester> has said => ya hoo
[2024-03-17 22:58:55] [world] The Player <NezukoChan> has said => "guys our base is very normal with no illegal items whatsoever"
[2024-03-17 22:58:56] [world] The Player <Tester> has said => cani hav a stack :D
[2024-03-17 22:58:58] [world] The Player <Tester> has said => yes
[2024-03-17 22:59:02] [world] The Player <Tester> has said => no items at all
[2024-03-17 22:59:09] [world] The Player <NezukoChan> has said => jsut plain survival
[2024-03-17 22:59:13] [world] The Player <Tester> has said => can i start a illegal bussiness..
[2024-03-17 22:59:14] [world] The Player <NezukoChan> has said => OHH
[2024-03-17 22:59:23] [world] The Player <Tester> has said => wjere u are my funder :D
[2024-03-17 22:59:27] [world] The Player <Tester> has said => ya hoo
[2024-03-17 22:59:32] [world] The Player <NezukoChan> has said => lol
[2024-03-17 22:59:43] [world] The Player <Tester> has said => lol ok
[2024-03-17 22:59:53] [world] The Player <Tester> has said => nez
[2024-03-17 22:59:57] [world] The Player <Tester> has said => this da double grass chest
[2024-03-17 23:00:04] [world] The Player <NezukoChan> has said => where
[2024-03-17 23:00:09] [world] The Player <Tester> has said => down here
[2024-03-17 23:00:16] [world] The Player <NezukoChan> has said => lmao
[2024-03-17 23:00:22] [world] The Player <Tester> has said => eh
[2024-03-17 23:00:26] [world] The Player <Tester> has said => enchanat it sharp 5 :D
[2024-03-17 23:00:43] [world] The Player <NezukoChan> has said => do so many wooden sword
[2024-03-17 23:01:34] [world] The Player <NezukoChan> has said => @Char punch me
[2024-03-17 23:01:38] [world] The Player <Tester> has said => char.... make a god wooden sword....
[2024-03-17 23:01:58] [world] The Player <Tester> has said => lilypad version of pacman
[2024-03-17 23:02:05] [world] The Player <NezukoChan> has said => lol
[2024-03-17 23:02:14] [world] The Player <NezukoChan> has said => @Char punch me with ur fist
[2024-03-17 23:02:26] [world] The Player <Tester> has said => wait so here
[2024-03-17 23:02:30] [world] The Player <NezukoChan> has said => hey
[2024-03-17 23:02:32] [world] The Player <Tester> has said => cant u enchant higher than 5?
[2024-03-17 23:02:33] [world] The Player <NezukoChan> has said => u killed me
[2024-03-17 23:02:38] [world] The Player <Tester> has said => like 1mil?
[2024-03-17 23:02:53] [world] The Player <Tester> has said => oh
[2024-03-17 23:03:00] [world] The Player <Tester> has said => can i had a kb 10 stick :DDD
[2024-03-17 23:03:10] [world] The Player <Tester> has said => me want :D
[2024-03-17 23:03:10] [world] The Player <NezukoChan> has said => les go
[2024-03-17 23:03:17] [world] The Player <Tester> has said => erm burn this pls
[2024-03-17 23:03:21] [world] The Player <Tester> has said => ...
[2024-03-17 23:03:25] [world] The Player <NezukoChan> has said => i cant pick up
[2024-03-17 23:03:26] [world] The Player <Tester> has said => me will hav no power as mod
[2024-03-17 23:03:27] [world] The Player <Tester> has said => i think
[2024-03-17 23:03:56] [world] The Player <NezukoChan> has said => the grass :(
[2024-03-17 23:04:00] [world] The Player <Tester> has said => lol
[2024-03-17 23:04:44] [world] The Player <NezukoChan> has said => wtf
[2024-03-17 23:04:45] [world] The Player <Tester> has said => the eye of wisdom.
[2024-03-17 23:04:45] [world] The Player <NezukoChan> has said => bro
[2024-03-17 23:04:48] [world] The Player <Tester> has said => ?
[2024-03-17 23:04:50] [world] The Player <NezukoChan> has said => look at the chests
[2024-03-17 23:04:54] [world] The Player <Tester> has said => eh-
[2024-03-17 23:04:58] [world] The Player <NezukoChan> has said => thers more
[2024-03-17 23:05:04] [world] The Player <Tester> has said => ---
[2024-03-17 23:05:06] [world] The Player <NezukoChan> has said => bruh
[2024-03-17 23:05:09] [world] The Player <Tester> has said => hwo it get there
[2024-03-17 23:05:13] [world] The Player <NezukoChan> has said => lol idk
[2024-03-17 23:05:19] [world] The Player <NezukoChan> has said => i think char did /give
[2024-03-17 23:05:22] [world] The Player <NezukoChan> has said => to me
[2024-03-17 23:05:25] [world] The Player <NezukoChan> has said => ohh invis
[2024-03-17 23:05:27] [world] The Player <Tester> has said => time to go rob char
[2024-03-17 23:05:46] [world] The Player <Tester> has said => e
[2024-03-17 23:05:55] [world] The Player <Tester> has said => mods get the command
[2024-03-17 23:06:01] [world] The Player <Tester> has said => and /vanish :D
[2024-03-17 23:06:08] [world] The Player <NezukoChan> has said => hehe
[2024-03-17 23:06:13] [world] The Player <NezukoChan> has said => time to rob someones base
[2024-03-17 23:06:20] [world] The Player <Tester> has said => yes our own
[2024-03-17 23:06:26] [world] The Player <Tester> has said => cuz no bases near here
[2024-03-17 23:06:28] [world] The Player <NezukoChan> has said => nah im somewhere else
[2024-03-17 23:06:30] [world] The Player <NezukoChan> has said => bruh
[2024-03-17 23:07:03] [world] The Player <NezukoChan> has said => nah im somewhere else
[2024-03-17 23:07:08] [world] The Player <NezukoChan> has said => its not our base
[2024-03-17 23:07:11] [world] The Player <Tester> has said => eh
[2024-03-17 23:07:12] [world] The Player <Tester> has said => lol
[2024-03-17 23:07:19] [world] The Player <NezukoChan> has said => wtf just happened
[2024-03-17 23:07:24] [world] The Player <Brycethelegend> has said => hi nez
[2024-03-17 23:07:29] [world] The Player <NezukoChan> has said => hi
[2024-03-17 23:07:44] [world] The Player <NezukoChan> has said => lag is crazy
[2024-03-17 23:07:49] [world] The Player <NezukoChan> has said => if ur at spawn
[2024-03-17 23:09:20] [world_nether] The Player <NezukoChan> has said => what y is nether roof
[2024-03-17 23:11:02] [world_nether] The Player <NezukoChan> has said => k
[2024-03-17 23:11:59] [world] The Player <Char> has said => i set it to unrender chunks the moment no one was in it
[2024-03-17 23:12:11] [world] The Player <Char> has said => the lag was caused by it forgeting to underrender chunks for some reason
[2024-03-17 23:12:13] [world] The Player <Char> has said => i think i fixed
[2024-03-17 23:12:59] [world] The Player <Char> has said => where did tester and koi despawn to after that reset
[2024-03-17 23:13:21] [world_nether] The Player <NezukoChan> has said => @Char can u light my portal
[2024-03-17 23:13:51] [world_nether] The Player <NezukoChan> has said => char
[2024-03-17 23:14:13] [world_nether] The Player <NezukoChan> has said => or milk
[2024-03-17 23:14:42] [world_nether] The Player <NezukoChan> has said => yay
[2024-03-17 23:14:46] [world_nether] The Player <NezukoChan> has said => ty
[2024-03-17 23:16:10] [world] The Player <Brycethelegend> has said => u can craft boats
[2024-03-17 23:16:15] [world_nether] The Player <NezukoChan> has said => yes
[2024-03-17 23:35:59] [world] The Player <NezukoChan> has said => yo
[2024-03-17 23:36:06] [world] The Player <Tester> has said => hi
[2024-03-17 23:36:25] [world] The Player <Tester> has said => we last
[2024-03-17 23:36:27] [world] The Player <Tester> has said => in powerr
[2024-03-17 23:36:30] [world] The Player <Tester> has said => wew need more
[2024-03-17 23:36:32] [world] The Player <NezukoChan> has said => what
[2024-03-17 23:36:35] [world] The Player <NezukoChan> has said => why we last
[2024-03-17 23:36:40] [world] The Player <Tester> has said => do /list
[2024-03-17 23:36:47] [world] The Player <NezukoChan> has said => i cant
[2024-03-17 23:36:51] [world] The Player <Tester> has said => y
[2024-03-17 23:36:52] [world] The Player <NezukoChan> has said => no perms
[2024-03-17 23:36:54] [world] The Player <Tester> has said => uh
[2024-03-17 23:36:56] [world] The Player <Tester> has said => how i giv perms
[2024-03-17 23:37:02] [world] The Player <NezukoChan> has said => um
[2024-03-17 23:37:15] [world] The Player <NezukoChan> has said => WAIT
[2024-03-17 23:37:20] [world] The Player <NezukoChan> has said => PIE CHART IS A THING
[2024-03-17 23:37:27] [world] The Player <Tester> has said => wat
[2024-03-17 23:37:34] [world] The Player <NezukoChan> has said => u can use it to find bases
[2024-03-17 23:37:38] [world] The Player <Tester> has said => ooo
[2024-03-17 23:37:52] [world] The Player <NezukoChan> has said => do shift f3
[2024-03-17 23:37:53] [world] The Player <Tester> has said => can u see?
[2024-03-17 23:37:58] [world] The Player <Milk_Frog> has said => uh
[2024-03-17 23:37:58] [world] The Player <NezukoChan> has said => oh
[2024-03-17 23:38:01] [world] The Player <NezukoChan> has said => still no
[2024-03-17 23:38:08] [world] The Player <NezukoChan> has said => still no
[2024-03-17 23:38:11] [world] The Player <Tester> has said => weird
[2024-03-17 23:38:15] [world] The Player <Tester> has said => leader is highest
[2024-03-17 23:39:39] [world] The Player <Tester> has said => da land
[2024-03-17 23:39:41] [world] The Player <Tester> has said => da power
[2024-03-17 23:39:43] [world_the_end] The Player <NezukoChan> has said => fr
[2024-03-17 23:39:46] [world_the_end] The Player <NezukoChan> has said => fr
[2024-03-17 23:39:47] [world] The Player <Tester> has said => go to end
[2024-03-17 23:39:50] [world] The Player <Tester> has said => and do it
[2024-03-17 23:39:50] [world_the_end] The Player <NezukoChan> has said => fr
[2024-03-17 23:39:54] [world_the_end] The Player <NezukoChan> has said => thats what im doing
[2024-03-17 23:39:57] [world_the_end] The Player <Tester> has said => nice
[2024-03-17 23:40:11] [world_the_end] The Player <NezukoChan> has said => imma claim the whole enderman farm
[2024-03-17 23:40:14] [world_the_end] The Player <Tester> has said => lol
[2024-03-17 23:40:16] [world_the_end] The Player <NezukoChan> has said => even though it doesnt work
[2024-03-17 23:40:19] [world_the_end] The Player <NezukoChan> has said => even though it doesnt work
[2024-03-17 23:41:08] [world_the_end] The Player <NezukoChan> has said => wait
[2024-03-17 23:41:15] [world_the_end] The Player <NezukoChan> has said => i might be able to fix this
[2024-03-17 23:41:21] [world_the_end] The Player <Tester> has said => ?
[2024-03-17 23:41:24] [world_the_end] The Player <NezukoChan> has said => the farm
[2024-03-17 23:41:25] [world_the_end] The Player <Tester> has said => fix it
[2024-03-17 23:41:30] [world_the_end] The Player <Tester> has said => they use enderman spawners..
[2024-03-17 23:41:32] [world_the_end] The Player <NezukoChan> has said => the farm
[2024-03-17 23:42:35] [world_the_end] The Player <Tester> has said => i need more power
[2024-03-17 23:42:35] [world_the_end] The Player <Tester> has said => e
[2024-03-17 23:42:43] [world_the_end] The Player <Tester> has said => we ran out of power....
[2024-03-17 23:42:46] [world_the_end] The Player <NezukoChan> has said => lol
[2024-03-17 23:42:57] [world_the_end] The Player <NezukoChan> has said => lol
[2024-03-17 23:43:00] [world_the_end] The Player <Tester> has said => wait a min
[2024-03-17 23:43:05] [world_the_end] The Player <Tester> has said => we first on factions
[2024-03-17 23:43:07] [world_the_end] The Player <Tester> has said => for somethin
[2024-03-17 23:43:11] [world_the_end] The Player <Tester> has said => idk what it is
[2024-03-17 23:43:44] [world_the_end] The Player <Tester> has said => :O
[2024-03-17 23:43:47] [world_the_end] The Player <Tester> has said => oo
[2024-03-17 23:43:48] [world_the_end] The Player <NezukoChan> has said => ?
[2024-03-17 23:43:53] [world_the_end] The Player <Tester> has said => the /sf map
[2024-03-17 23:44:02] [world_the_end] The Player <NezukoChan> has said => oh
[2024-03-17 23:44:58] [world] The Player <Tester> has said => can we caalim spawn.....
[2024-03-17 23:45:01] [world] The Player <Tester> has said => it says netural
[2024-03-17 23:45:40] [world] The Player <NezukoChan> has said => nice full iron
[2024-03-17 23:45:56] [world] The Player <Tester_> has said => yea
[2024-03-17 23:46:01] [world] The Player <Tester_> has said => me was seeing the end
[2024-03-17 23:46:07] [world] The Player <Tester_> has said => i cant break anything
[2024-03-17 23:46:08] [world] The Player <Tester_> has said => at base
[2024-03-17 23:46:10] [world] The Player <Tester_> has said => yay
[2024-03-17 23:46:12] [world] The Player <Tester_> has said => we safe from ppl
[2024-03-17 23:46:17] [world] The Player <NezukoChan> has said => nice
[2024-03-17 23:47:23] [world] The Player <Char> has said => k
[2024-03-17 23:47:32] [world] The Player <Tester_> has said => me need to dominate the server
[2024-03-17 23:47:51] [world_the_end] The Player <Tester_> has said => yay
[2024-03-17 23:47:54] [world_the_end] The Player <Tester_> has said => the end is so fun
[2024-03-17 23:48:00] [world_the_end] The Player <Tester_> has said => i cant break anythin
[2024-03-17 23:48:05] [world_the_end] The Player <NezukoChan> has said => lol
[2024-03-17 23:48:10] [world_the_end] The Player <Tester_> has said => me got no pickazxe
[2024-03-17 23:48:58] [world] The Player <Tester_> has said => wait nez
[2024-03-17 23:49:02] [world] The Player <Tester_> has said => can u invite me to facrtion?
[2024-03-17 23:49:06] [world] The Player <Tester_> has said => *faction
[2024-03-17 23:49:07] [world_the_end] The Player <NezukoChan> has said => how
[2024-03-17 23:49:10] [world_the_end] The Player <NezukoChan> has said => whats the cmd
[2024-03-17 23:49:15] [world] The Player <Tester_> has said => do /sf invite Tester_
[2024-03-17 23:49:31] [world_the_end] The Player <NezukoChan> has said => now?
[2024-03-17 23:49:35] [world] The Player <Tester_> has said => yea
[2024-03-17 23:49:38] [world_the_end] The Player <NezukoChan> has said => nice
[2024-03-17 23:50:01] [world] The Player <Tester_> has said => ...
[2024-03-17 23:50:05] [world] The Player <Tester_> has said => the end portal is invis
[2024-03-17 23:50:07] [world] The Player <Tester_> has said => e
[2024-03-17 23:50:11] [world] The Player <Tester_> has said => its like 1 pixel
[2024-03-17 23:50:21] [world] The Player <Tester_> has said => nah 0.001 pixel
[2024-03-17 23:50:32] [world_the_end] The Player <NezukoChan> has said => lol
[2024-03-17 23:50:43] [world_the_end] The Player <Tester_> has said => -
[2024-03-17 23:50:48] [world_the_end] The Player <Tester_> has said => why is there random portal
[2024-03-17 23:50:50] [world_the_end] The Player <Tester_> has said => me got tped
[2024-03-17 23:53:13] [world] The Player <Tester> has said => nez
[2024-03-17 23:53:19] [world] The Player <Tester> has said => do /pay Tester 200
[2024-03-17 23:54:16] [world] The Player <Char> has said => real
[2024-03-17 23:58:43] [world_the_end] The Player <NezukoChan> has said => back
[2024-03-17 23:58:54] [world_the_end] The Player <NezukoChan> has said => oh thanks for the dono
[2024-03-17 23:59:06] [world] The Player <TurtleDuck> has said => im getting 6 fps
[2024-03-17 23:59:08] [world_the_end] The Player <NezukoChan> has said => :)
[2024-03-17 23:59:12] [world] The Player <Tester> has said => gimmie 200 for a sec
[2024-03-17 23:59:24] [world] The Player <Tester> has said => I AM RICH
[2024-03-17 23:59:28] [world] The Player <Tester> has said => look at my balance
[2024-03-17 23:59:33] [world_the_end] The Player <NezukoChan> has said => WHAT
[2024-03-17 23:59:36] [world_the_end] The Player <NezukoChan> has said => KEEP IT
[2024-03-17 23:59:42] [world_the_end] The Player <NezukoChan> has said => TAKE ALL MY MONEY
[2024-03-18 00:00:00] [world] The Player <Tester> has said => damn
[2024-03-18 00:00:05] [world] The Player <Tester> has said => we rich
[2024-03-18 00:00:07] [world_the_end] The Player <NezukoChan> has said => fr
[2024-03-18 00:00:37] [world] The Player <Tester> has said => we shall dominate the world
[2024-03-18 00:00:45] [world] The Player <Tester> has said => me being hitler right now---
[2024-03-18 00:00:53] [world_the_end] The Player <NezukoChan> has said => lmao
[2024-03-18 00:01:47] [world] The Player <NezukoChan> has said => I CANT GET A STUPID ENDERMITE TO SPAWN
[2024-03-18 00:01:52] [world] The Player <Tester> has said => damn
[2024-03-18 00:01:57] [world] The Player <Tester> has said => prob dont spawn./...
[2024-03-18 00:02:03] [world] The Player <NezukoChan> has said => no they do
[2024-03-18 00:02:07] [world] The Player <Tester> has said => ok
[2024-03-18 00:02:15] [world] The Player <NezukoChan> has said => i went through likde 3 stacks of pearls alr
[2024-03-18 00:02:58] [world_the_end] The Player <Tester> has said => lol
[2024-03-18 00:03:07] [world_the_end] The Player <Tester> has said => did u get the pearls from herre??
[2024-03-18 00:03:07] [world_the_end] The Player <NezukoChan> has said => OP
[2024-03-18 00:04:10] [world_the_end] The Player <Tester> has said => ayo
[2024-03-18 00:04:14] [world_the_end] The Player <Tester> has said => da lag up here
[2024-03-18 00:06:13] [world] The Player <NezukoChan> has said => back
[2024-03-18 00:06:38] [world_the_end] The Player <Tester> has said => koi tp to see lag
[2024-03-18 00:06:52] [world_the_end] The Player <Koi> has said => omfg
[2024-03-18 00:06:53] [world] The Player <Tester> has said => ouch
[2024-03-18 00:07:08] [world_the_end] The Player <Koi> has said => i destroyed two spawners
[2024-03-18 00:07:12] [world_the_end] The Player <Koi> has said => way too lagy
[2024-03-18 00:07:18] [world_the_end] The Player <Tester> has said => ikr
[2024-03-18 00:07:45] [world_the_end] The Player <Tester> has said => e da laggg
[2024-03-18 00:08:59] [world_the_end] The Player <NezukoChan> has said => I GOT ONE
[2024-03-18 00:09:06] [world] The Player <Milk_Frog> has said => what
[2024-03-18 00:09:20] [world_the_end] The Player <NezukoChan> has said => mite
[2024-03-18 00:09:33] [world_the_end] The Player <Tester> has said => god
[2024-03-18 00:09:37] [world_the_end] The Player <NezukoChan> has said => WTf
[2024-03-18 00:09:39] [world_the_end] The Player <Tester> has said => I NEEd a custom thing now
[2024-03-18 00:09:45] [world_the_end] The Player <Tester> has said => 10k mula
[2024-03-18 00:10:39] [world_the_end] The Player <Tester> has said => koi is god damn rich
[2024-03-18 00:11:22] [world_the_end] The Player <Tester> has said => nez it work?
[2024-03-18 00:11:29] [world_the_end] The Player <Tester> has said => e i fell
[2024-03-18 00:11:29] [world_the_end] The Player <NezukoChan> has said => idk
[2024-03-18 00:11:51] [world] The Player <Tester> has said => :>
[2024-03-18 00:11:54] [world] The Player <Tester> has said => look at my balance
[2024-03-18 00:11:56] [world] The Player <Tester> has said => i am rich
[2024-03-18 00:12:10] [world_the_end] The Player <NezukoChan> has said => WHAT
[2024-03-18 00:12:13] [world_the_end] The Player <NezukoChan> has said => TESTER
[2024-03-18 00:12:16] [world_the_end] The Player <NezukoChan> has said => UR IN DEBT
[2024-03-18 00:12:17] [world] The Player <Tester> has said => I MA RICH
[2024-03-18 00:12:19] [world] The Player <Tester> has said => AM
[2024-03-18 00:12:24] [world] The Player <Milk_Frog> has said => i got 25 dollas
[2024-03-18 00:12:31] [world_the_end] The Player <NezukoChan> has said => U HAVE -999
[2024-03-18 00:12:32] [world] The Player <Tester> has said => me rich
[2024-03-18 00:13:13] [world] The Player <Tester> has said => me rich
[2024-03-18 00:13:15] [world] The Player <Tester> has said => at 0.00
[2024-03-18 00:13:42] [world_the_end] The Player <NezukoChan> has said => wtf
[2024-03-18 00:13:44] [world_the_end] The Player <NezukoChan> has said => bruh
[2024-03-18 00:13:48] [world] The Player <Tester> has said => the /baltop works
[2024-03-18 00:13:51] [world_the_end] The Player <NezukoChan> has said => it died somehow
[2024-03-18 00:14:01] [world] The Player <Tester> has said => me rich now
[2024-03-18 00:14:03] [world] The Player <Tester> has said => do /baltop
[2024-03-18 00:14:03] [world_the_end] The Player <NezukoChan> has said => im doen
[2024-03-18 00:14:04] [world_the_end] The Player <NezukoChan> has said => wtf
[2024-03-18 00:14:07] [world] The Player <Tester> has said => me third
[2024-03-18 00:14:21] [world_the_end] The Player <NezukoChan> has said => yessur
[2024-03-18 00:14:22] [world] The Player <Tester> has said => e
[2024-03-18 00:14:24] [world_the_end] The Player <NezukoChan> has said => yessur
[2024-03-18 00:14:27] [world] The Player <Tester> has said => yes
[2024-03-18 00:14:55] [world] The Player <Tester> has said => why is nez not there
[2024-03-18 00:14:57] [world] The Player <Tester> has said => i gav 2k
[2024-03-18 00:15:06] [world] The Player <Char> has said => they got 2k
[2024-03-18 00:15:09] [world] The Player <Tester> has said => baltop 2
[2024-03-18 00:15:13] [world_the_end] The Player <NezukoChan> has said => i have 29
[2024-03-18 00:15:13] [world] The Player <Tester> has said => yea
[2024-03-18 00:15:16] [world] The Player <Char> has said => weird idk why they aint up there
[2024-03-18 00:15:32] [world] The Player <Tester> has said => ah there
[2024-03-18 00:15:34] [world] The Player <Tester> has said => 7th
[2024-03-18 00:15:35] [world_the_end] The Player <NezukoChan> has said => i have 29
[2024-03-18 00:15:42] [world_the_end] The Player <NezukoChan> has said => oh nice
[2024-03-18 00:15:46] [world] The Player <Char> has said => af playerchat Tester fuck (test)
[2024-03-18 00:15:48] [world] The Player <Tester> has said => me kinda 1st
[2024-03-18 00:15:49] [world] The Player <Tester> has said => fuck (test)
[2024-03-18 00:15:52] [world] The Player <Char> has said => HAHAHAHAH
[2024-03-18 00:15:55] [world_the_end] The Player <NezukoChan> has said => what
[2024-03-18 00:15:56] [world_the_end] The Player <NezukoChan> has said => lol
[2024-03-18 00:15:57] [world] The Player <Char> has said => i can curse as other people
[2024-03-18 00:16:00] [world] The Player <Char> has said => and make them get kicked
[2024-03-18 00:16:23] [world_the_end] The Player <NezukoChan> has said => fuck
[2024-03-18 00:16:28] [world] The Player <Tester> has said => e
[2024-03-18 00:16:31] [world] The Player <Tester> has said => lol
[2024-03-18 00:16:32] [world] The Player <Char> has said => LMFAO
[2024-03-18 00:16:43] [world] The Player <Milk_Frog> has said => Horses for sale! anyone wanna purchase one? they range from 50-500 coins.
[2024-03-18 00:16:43] [world] The Player <Char> has said => i can /nick to someone elses name and curse and it kicks them
[2024-03-18 00:16:43] [world_the_end] The Player <NezukoChan> has said => bro what
[2024-03-18 00:16:48] [world] The Player <Tester> has said => e
[2024-03-18 00:16:49] [world_the_end] The Player <NezukoChan> has said => bruh
[2024-03-18 00:16:52] [world] The Player <Tester> has said => nick koi
[2024-03-18 00:16:54] [world] The Player <Char> has said => hoseys
[2024-03-18 00:16:55] [world] The Player <Char> has said => how much
[2024-03-18 00:17:01] [world] The Player <Tester> has said => Koi hav u seen my base :D
[2024-03-18 00:17:10] [world] The Player <Tester> has said => me very very pro
[2024-03-18 00:17:27] [world_the_end] The Player <NezukoChan> has said => @Char is there going to be a community xp farm
[2024-03-18 00:17:34] [world] The Player <Tester> has said => we need
[2024-03-18 00:17:37] [world] The Player <Milk_Frog> has said => take a look char, i still need to set up the chop, im just wondering how much people are willing to
[2024-03-18 00:17:43] [world] The Player <Char> has said => k
[2024-03-18 00:18:03] [world_the_end] The Player <Koi> has said => hell
[2024-03-18 00:18:05] [world_the_end] The Player <Koi> has said => hello
[2024-03-18 00:18:07] [world_the_end] The Player <Koi> has said => me am back
[2024-03-18 00:18:09] [world] The Player <Char> has said => koi check balance
[2024-03-18 00:18:11] [world_the_end] The Player <Koi> has said => ok
[2024-03-18 00:18:14] [world] The Player <Tester> has said => me currently tryin to find exploits to abuse :D
[2024-03-18 00:18:15] [world] The Player <Char> has said => btw we get a lot more players on weekdays
[2024-03-18 00:18:16] [world] The Player <Koi> has said => :OOOOOOOO
[2024-03-18 00:18:20] [world] The Player <Koi> has said => char
[2024-03-18 00:18:20] [world] The Player <Tester> has said => then report...
[2024-03-18 00:18:21] [world] The Player <Char> has said => esp between like 10 and 12
[2024-03-18 00:18:21] [world] The Player <Koi> has said => i think
[2024-03-18 00:18:26] [world] The Player <Koi> has said => to make the shop more balanced
[2024-03-18 00:18:27] [world] The Player <Milk_Frog> has said => we also sell a army pack of 5
[2024-03-18 00:18:29] [world] The Player <Koi> has said => and fair
[2024-03-18 00:18:30] [world] The Player <Koi> has said => we should
[2024-03-18 00:18:32] [world] The Player <Koi> has said => make it so
[2024-03-18 00:18:39] [world] The Player <Koi> has said => ppl from the same fac
[2024-03-18 00:18:43] [world] The Player <Koi> has said => can only buy
[2024-03-18 00:18:47] [world] The Player <Koi> has said => x no. of shops
[2024-03-18 00:18:51] [world] The Player <Char> has said => eh
[2024-03-18 00:18:53] [world] The Player <Char> has said => k
[2024-03-18 00:18:53] [world] The Player <Tester> has said => eh
[2024-03-18 00:18:56] [world] The Player <Char> has said => 10 limit per faction
[2024-03-18 00:18:57] [world] The Player <Tester> has said => cant remove mine :D
[2024-03-18 00:19:00] [world] The Player <Char> has said => no more for testers team
[2024-03-18 00:19:03] [world] The Player <Tester> has said => -
[2024-03-18 00:19:10] [world] The Player <Koi> has said => yeah
[2024-03-18 00:19:11] [world] The Player <Char> has said => wait no
[2024-03-18 00:19:12] [world] The Player <Tester> has said => i got like 8
[2024-03-18 00:19:13] [world] The Player <Koi> has said => def no more
[2024-03-18 00:19:13] [world] The Player <Char> has said => 3 per member
[2024-03-18 00:19:16] [world] The Player <Koi> has said => no
[2024-03-18 00:19:17] [world] The Player <Char> has said => so if tester gets more member
[2024-03-18 00:19:19] [world] The Player <Koi> has said => 5 per team
[2024-03-18 00:19:19] [world] The Player <Char> has said => he can get more
[2024-03-18 00:19:22] [world] The Player <Koi> has said => i mean
[2024-03-18 00:19:23] [world] The Player <Char> has said => so bigger factions aint punished
[2024-03-18 00:19:24] [world] The Player <Koi> has said => no tester
[2024-03-18 00:19:30] [world] The Player <Char> has said => for just being bigger
[2024-03-18 00:19:31] [world] The Player <Koi> has said => how much do u have rn
[2024-03-18 00:19:33] [world] The Player <Tester> has said => i hav 8
[2024-03-18 00:19:33] [world] The Player <Char> has said => he has 8
[2024-03-18 00:19:35] [world] The Player <Tester> has said => in total
[2024-03-18 00:19:35] [world] The Player <Milk_Frog> has said => gtg
[2024-03-18 00:19:36] [world] The Player <Char> has said => 3 per member
[2024-03-18 00:19:37] [world] The Player <Char> has said => cya
[2024-03-18 00:19:39] [world] The Player <Koi> has said => k
[2024-03-18 00:19:41] [world] The Player <Koi> has said => a fac
[2024-03-18 00:19:44] [world] The Player <Koi> has said => max has 8
[2024-03-18 00:19:49] [world] The Player <Tester> has said => 10
[2024-03-18 00:19:49] [world] The Player <Koi> has said => tester ur at ur limit
[2024-03-18 00:19:51] [world] The Player <Koi> has said => no more
[2024-03-18 00:19:53] [world] The Player <Tester> has said => e
[2024-03-18 00:19:53] [world] The Player <Koi> has said => :)
[2024-03-18 00:19:59] [world] The Player <NezukoChan> has said => >>>
[2024-03-18 00:19:59] [world] The Player <TurtleDuck> has said => hey char, can u hire me
[2024-03-18 00:20:00] [world] The Player <Tester> has said => me was plaiin to to all of 3rrd
[2024-03-18 00:20:02] [world] The Player <Char> has said => no its 3 per player
[2024-03-18 00:20:05] [world] The Player <Char> has said => so he can have one more
[2024-03-18 00:20:08] [world] The Player <Char> has said => cuz he has3 players
[2024-03-18 00:20:12] [world] The Player <Tester> has said => bagelz buy :D
[2024-03-18 00:20:15] [world] The Player <Koi> has said => bro char
[2024-03-18 00:20:16] [world] The Player <Koi> has said => no
[2024-03-18 00:20:16] [world] The Player <Tester> has said => tell me what u need
[2024-03-18 00:20:17] [world] The Player <Koi> has said => its not fair
[2024-03-18 00:20:18] [world] The Player <Tester> has said => i can guy u it
[2024-03-18 00:20:19] [world] The Player <Char> has said => why not
[2024-03-18 00:20:22] [world] The Player <Koi> has said => if its 3 per member
[2024-03-18 00:20:23] [world] The Player <Tester> has said => gut
[2024-03-18 00:20:23] [world] The Player <Char> has said => what if a faciton has like 300 people
[2024-03-18 00:20:24] [world] The Player <bagelz> has said => idk just looking
[2024-03-18 00:20:25] [world] The Player <Tester> has said => get
[2024-03-18 00:20:27] [world] The Player <Koi> has said => bc if my team has 300 ppl
[2024-03-18 00:20:27] [world] The Player <Char> has said => then no one can get stores
[2024-03-18 00:20:32] [world] The Player <Koi> has said => then they can get 900 stores
[2024-03-18 00:20:35] [world] The Player <Tester> has said => if u want soemthin
[2024-03-18 00:20:35] [world] The Player <Char> has said => 2 per member
[2024-03-18 00:20:36] [world] The Player <Tester> has said => ask me
[2024-03-18 00:20:40] [world] The Player <Koi> has said => ok
[2024-03-18 00:20:40] [world] The Player <Tester> has said => i can get it if u pay
[2024-03-18 00:20:40] [world] The Player <Char> has said => 2 per member then
[2024-03-18 00:20:41] [world] The Player <Koi> has said => also
[2024-03-18 00:20:47] [world] The Player <Char> has said => yea?
[2024-03-18 00:20:49] [world] The Player <Koi> has said => 5 ppl in fac
[2024-03-18 00:20:51] [world] The Player <Koi> has said => at most
[2024-03-18 00:20:54] [world] The Player <Char> has said => no
[2024-03-18 00:20:55] [world] The Player <Char> has said => no.
[2024-03-18 00:21:00] [world] The Player <NezukoChan> has said => how do u do faction chat
[2024-03-18 00:21:01] [world] The Player <Tester> has said => 1 per teammate
[2024-03-18 00:21:05] [world] The Player <Tester> has said => -
[2024-03-18 00:21:22] [world] The Player <Char> has said => in most faction servers there are massive factions with like hundreds of people
[2024-03-18 00:21:31] [world] The Player <Tester> has said => 1 per person
[2024-03-18 00:21:41] [world] The Player <Char> has said => nah we sticking with 2 per person
[2024-03-18 00:21:44] [world] The Player <Tester> has said => ok
[2024-03-18 00:21:49] [world] The Player <Koi> has said => bro char
[2024-03-18 00:21:50] [world] The Player <Char> has said => cuz some people just buy 2 smaller plots and put next to each other
[2024-03-18 00:21:52] [world] The Player <Koi> has said => if u do too many
[2024-03-18 00:21:57] [world] The Player <Koi> has said => its way too op
[2024-03-18 00:22:01] [world] The Player <Tester> has said => not op
[2024-03-18 00:22:02] [world] The Player <Char> has said => 2 per user aint that much
[2024-03-18 00:22:05] [world] The Player <Char> has said => milk uses 3
[2024-03-18 00:22:08] [world] The Player <Tester> has said => if no one buys anythin
[2024-03-18 00:22:09] [world] The Player <Koi> has said => k fine
[2024-03-18 00:22:21] [world] The Player <Char> has said => we can tune it down but for now we need MORE shops not less
[2024-03-18 00:22:27] [world] The Player <Tester> has said => like only 2 ppl hav bought from me
[2024-03-18 00:22:27] [world] The Player <Char> has said => cuz almost no one using the economy plugin
[2024-03-18 00:22:35] [world] The Player <Koi> has said => o
[2024-03-18 00:22:39] [world] The Player <Tester> has said => everyone broke
[2024-03-18 00:22:40] [world] The Player <Koi> has said => char
[2024-03-18 00:22:42] [world] The Player <Tester> has said => at 25
[2024-03-18 00:22:44] [world] The Player <Koi> has said => does the elevator plugin
[2024-03-18 00:22:47] [world] The Player <Koi> has said => work
[2024-03-18 00:22:50] [world] The Player <NezukoChan> has said => whos dog is fido
[2024-03-18 00:22:51] [world] The Player <Tester> has said => elevator??
[2024-03-18 00:22:52] [world] The Player <Koi> has said => if it does
[2024-03-18 00:23:00] [world] The Player <Koi> has said => imma quickly decor this building
[2024-03-18 00:23:04] [world] The Player <Char> has said => k
[2024-03-18 00:23:05] [world] The Player <Koi> has said => char what should i make this building
[2024-03-18 00:23:08] [world] The Player <Char> has said => idk
[2024-03-18 00:23:12] [world] The Player <Char> has said => im not good at this shit
[2024-03-18 00:23:21] [world] The Player <Tester> has said => me got sound muted xd
[2024-03-18 00:23:25] [world] The Player <NezukoChan> has said => same
[2024-03-18 00:23:26] [world] The Player <NezukoChan> has said => xD
[2024-03-18 00:23:37] [world] The Player <Tester> has said => there i unmuted
[2024-03-18 00:23:57] [world] The Player <NezukoChan> has said => what ar these signs
[2024-03-18 00:24:01] [world] The Player <Tester> has said => ?
[2024-03-18 00:24:05] [world] The Player <NezukoChan> has said => ik this si diamonds
[2024-03-18 00:24:06] [world] The Player <Char> has said => thats how shop works
[2024-03-18 00:24:08] [world] The Player <NezukoChan> has said => whats this
[2024-03-18 00:24:09] [world] The Player <Char> has said => click on one to buy
[2024-03-18 00:24:13] [world] The Player <Koi> has said => tester
[2024-03-18 00:24:16] [world] The Player <Koi> has said => why r u cheating
[2024-03-18 00:24:18] [world] The Player <Char> has said => bro anticheat is flagging u so bad
[2024-03-18 00:24:18] [world] The Player <NezukoChan> has said => no like signs are super glitchy for me
[2024-03-18 00:24:20] [world] The Player <Koi> has said => yknow the anticheat works
[2024-03-18 00:24:22] [world] The Player <Tester> has said => ikr
[2024-03-18 00:24:23] [world] The Player <Char> has said => ur standing is like -5
[2024-03-18 00:24:25] [world] The Player <Tester> has said => me da only one
[2024-03-18 00:24:25] [world] The Player <Char> has said => out of 10
[2024-03-18 00:24:29] [world] The Player <Tester> has said => getting kicked
[2024-03-18 00:24:32] [world] The Player <Char> has said => yep...
[2024-03-18 00:24:36] [world] The Player <Char> has said => and one kid who i know xrayed
[2024-03-18 00:24:36] [world] The Player <Koi> has said => bc ur cheating
[2024-03-18 00:24:40] [world] The Player <Tester> has said => prob on purpose---
[2024-03-18 00:24:44] [world] The Player <NezukoChan> has said => wait tester xrayed?
[2024-03-18 00:24:46] [world] The Player <Char> has said => no
[2024-03-18 00:24:48] [world] The Player <Char> has said => some other kid
[2024-03-18 00:24:50] [world] The Player <NezukoChan> has said => oh
[2024-03-18 00:24:51] [world] The Player <Tester> has said => i didnt
[2024-03-18 00:25:07] [world] The Player <Tester> has said => i was clickin too fast i think
[2024-03-18 00:25:10] [world] The Player <Koi> has said => if tester xrays
[2024-03-18 00:25:11] [world] The Player <Tester> has said => me was makin music
[2024-03-18 00:25:12] [world] The Player <Koi> has said => then hes banned
[2024-03-18 00:25:17] [world] The Player <Char> has said => har har ha hr ahr ahrahahahr ahr
[2024-03-18 00:25:20] [world] The Player <Tester> has said => me hasent x rayed ever in my life
[2024-03-18 00:25:24] [world] The Player <NezukoChan> has said => wait i hae an idea
[2024-03-18 00:25:30] [world] The Player <NezukoChan> has said => if someone xrays on an alt
[2024-03-18 00:25:37] [world] The Player <Koi> has said => it shows ur main
[2024-03-18 00:25:39] [world] The Player <Koi> has said => and we can ban ur main
[2024-03-18 00:25:40] [world] The Player <NezukoChan> has said => will they get banned or alt gets banned
[2024-03-18 00:25:41] [world] The Player <Char> has said => ip ban if they aint at school also
[2024-03-18 00:25:42] [world] The Player <Koi> has said => dont get ideas
[2024-03-18 00:25:43] [world] The Player <Tester> has said => form different computer
[2024-03-18 00:25:43] [world] The Player <NezukoChan> has said => ah ok
[2024-03-18 00:25:48] [world] The Player <Tester> has said => *from
[2024-03-18 00:25:54] [world] The Player <Koi> has said => char
[2024-03-18 00:25:57] [world] The Player <Koi> has said => does /fill work
[2024-03-18 00:25:58] [world] The Player <Koi> has said => xd
[2024-03-18 00:26:02] [world] The Player <Tester> has said => try it
[2024-03-18 00:26:04] [world] The Player <Tester> has said => to find out
[2024-03-18 00:26:05] [world] The Player <Char> has said => yea but idk how to use it
[2024-03-18 00:26:10] [world] The Player <Char> has said => wait it does
[2024-03-18 00:26:11] [world] The Player <Koi> has said => bruh
[2024-03-18 00:26:12] [world] The Player <Char> has said => same as miniblox
[2024-03-18 00:26:16] [world] The Player <NezukoChan> has said => bruh
[2024-03-18 00:26:22] [world] The Player <Koi> has said => whats the plugin called
[2024-03-18 00:26:25] [world] The Player <NezukoChan> has said => brb
[2024-03-18 00:26:25] [world] The Player <Tester> has said => make a diamodn_block fill :D
[2024-03-18 00:26:32] [world] The Player <Koi> has said => char
[2024-03-18 00:26:33] [world] The Player <Char> has said => yah it works
[2024-03-18 00:26:35] [world] The Player <Tester> has said => baglez
[2024-03-18 00:26:39] [world] The Player <Tester> has said => u should join my faction
[2024-03-18 00:26:39] [world] The Player <Koi> has said => whats the cmd
[2024-03-18 00:26:40] [world] The Player <Char> has said => exactly same as miniblox
[2024-03-18 00:26:41] [world] The Player <Koi> has said => for /fill
[2024-03-18 00:26:43] [world] The Player <Koi> has said => ok
[2024-03-18 00:26:44] [world] The Player <Char> has said => just /fill 1 1 1 2 2 2
[2024-03-18 00:26:45] [world] The Player <Koi> has said => imma use it
[2024-03-18 00:26:47] [world] The Player <Koi> has said => lesgooo
[2024-03-18 00:26:59] [world] The Player <Koi> has said => im tping teter here
[2024-03-18 00:27:00] [world] The Player <Koi> has said => :)
[2024-03-18 00:27:04] [world] The Player <Koi> has said => weeeeeee
[2024-03-18 00:27:04] [world] The Player <Tester> has said => da lag-
[2024-03-18 00:27:12] [world] The Player <Tester> has said => -1 fps?????????
[2024-03-18 00:27:16] [world] The Player <TurtleDuck> has said => 5 fps bro
[2024-03-18 00:27:27] [world] The Player <Char> has said => i got 84 what yall waffling about
[2024-03-18 00:27:31] [world] The Player <Char> has said => ope the moment i go to spawn
[2024-03-18 00:27:31] [world] The Player <Koi> has said => bruh char dont
[2024-03-18 00:27:31] [world] The Player <Char> has said => 22
[2024-03-18 00:27:34] [world] The Player <Koi> has said => im gonna use /fill
[2024-03-18 00:27:53] [world] The Player <Tester> has said => make da portal work
[2024-03-18 00:28:01] [world] The Player <Tester> has said => btw....
[2024-03-18 00:28:06] [world] The Player <Tester> has said => this ad thing is too expensive
[2024-03-18 00:28:21] [world] The Player <Tester> has said => 20 diamond per week??
[2024-03-18 00:28:56] [world] The Player <Tester> has said => lets go make parkour civilzaation-
[2024-03-18 00:29:25] [world] The Player <Tester> has said => koi do /shop
[2024-03-18 00:29:31] [world] The Player <Tester> has said => :O
[2024-03-18 00:29:34] [world] The Player <Tester> has said => we need a /ah
[2024-03-18 00:29:37] [world] The Player <Tester> has said => auction thing
[2024-03-18 00:29:42] [world] The Player <Tester> has said => all servers hav
[2024-03-18 00:29:50] [world] The Player <Koi> has said => ik
[2024-03-18 00:29:53] [world] The Player <Koi> has said => its gonna be added
[2024-03-18 00:31:44] [world] The Player <Koi> has said => -588 68 369
[2024-03-18 00:31:51] [world] The Player <Tester> has said => koi come here and put a em shop pls'
[2024-03-18 00:31:54] [world] The Player <Tester> has said => in shop
[2024-03-18 00:32:07] [world] The Player <Tester> has said => ems are pretty cheap tho
[2024-03-18 00:32:28] [world] The Player <Tester> has said => e
[2024-03-18 00:32:32] [world] The Player <Tester> has said => we
[2024-03-18 00:32:34] [world] The Player <Tester> has said => welc
[2024-03-18 00:32:36] [world] The Player <Tester> has said => welco
[2024-03-18 00:32:37] [world] The Player <Tester> has said => welcom
[2024-03-18 00:32:38] [world] The Player <Char> has said => hi
[2024-03-18 00:32:38] [world] The Player <Tester> has said => welcome
[2024-03-18 00:32:40] [world] The Player <Koi> has said => char
[2024-03-18 00:32:42] [world] The Player <Koi> has said => fill this area
[2024-03-18 00:32:45] [world] The Player <Koi> has said => i did it
[2024-03-18 00:32:45] [world] The Player <Tester> has said => ME
[2024-03-18 00:32:48] [world] The Player <Tester> has said => need food......
[2024-03-18 00:32:48] [world] The Player <Koi> has said => but it dosent work
[2024-03-18 00:32:53] [world] The Player <Koi> has said => tester
[2024-03-18 00:32:56] [world] The Player <Tester> has said => yo
[2024-03-18 00:32:58] [world] The Player <Koi> has said => how abt i make 64 eme blocks
[2024-03-18 00:32:59] [world] The Player <Koi> has said => for
[2024-03-18 00:33:01] [world] The Player <Koi> has said => 1 dolla
[2024-03-18 00:33:04] [world] The Player <Tester> has said => sure lol
[2024-03-18 00:33:11] [world] The Player <Tester> has said => i dont mind
[2024-03-18 00:33:12] [world] The Player <Koi> has said => :)
[2024-03-18 00:33:17] [world] The Player <Char> has said => works just fine
[2024-03-18 00:33:19] [world] The Player <Koi> has said => huh
[2024-03-18 00:33:21] [world] The Player <Char> has said => its grass not grass_block
[2024-03-18 00:33:25] [world] The Player <Char> has said => just checked logs lol
[2024-03-18 00:33:25] [world] The Player <Koi> has said => oh
[2024-03-18 00:33:29] [world] The Player <Koi> has said => ...
[2024-03-18 00:33:30] [world] The Player <Tester> has said => do /iteminfo
[2024-03-18 00:33:32] [world] The Player <Tester> has said => on da block
[2024-03-18 00:33:41] [world] The Player <Char> has said => koi watch this
[2024-03-18 00:33:45] [world] The Player <Koi> has said => tester
[2024-03-18 00:33:48] [world] The Player <Koi> has said => suck my dolla
[2024-03-18 00:33:49] [world] The Player <Char> has said => end portal fr
[2024-03-18 00:33:50] [world] The Player <Tester> has said => u should tp to me and sell 64 blocks of em for 1 dollar.
[2024-03-18 00:33:52] [world] The Player <Tester> has said => for 5 min
[2024-03-18 00:33:53] [world] The Player <Tester> has said => :D
[2024-03-18 00:33:53] [world] The Player <Koi> has said => WADA HELL
[2024-03-18 00:33:57] [world] The Player <Tester> has said => lol
[2024-03-18 00:34:02] [world] The Player <Koi> has said => NO
[2024-03-18 00:34:05] [world] The Player <Tester> has said => LOL
[2024-03-18 00:34:24] [world] The Player <Koi> has said => wut du heeeeeeel
[2024-03-18 00:34:47] [world] The Player <Char> has said => burger
[2024-03-18 00:34:49] [world] The Player <Koi> has said => char
[2024-03-18 00:34:52] [world] The Player <Koi> has said => me have a question
[2024-03-18 00:34:54] [world] The Player <Koi> has said => how do u
[2024-03-18 00:34:57] [world] The Player <Koi> has said => memoreize
[2024-03-18 00:34:57] [world] The Player <Char> has said => dont tp to testers base :D i def didnt litter it with portal blocks
[2024-03-18 00:34:59] [world] The Player <Koi> has said => these cords
[2024-03-18 00:35:00] [world] The Player <Koi> has said => so fast
[2024-03-18 00:35:02] [world] The Player <Tester> has said => ermm
[2024-03-18 00:35:05] [world] The Player <Tester> has said => u heard nothin
[2024-03-18 00:35:05] [world] The Player <Char> has said => im jsut that good
[2024-03-18 00:35:08] [world] The Player <Koi> has said => i cannot even memorize it
[2024-03-18 00:35:17] [world] The Player <Tester> has said => i can prob
[2024-03-18 00:35:19] [world] The Player <Char> has said => i have a really good short term memory but i forget shit in like 1 min
[2024-03-18 00:35:25] [world] The Player <Tester> has said => BRO ME TOO
[2024-03-18 00:35:27] [world] The Player <Koi> has said => bruh
[2024-03-18 00:35:33] [world] The Player <Tester> has said => i got short term memory loss or somethin
[2024-03-18 00:35:40] [world] The Player <Koi> has said => i got rly good long term memory but i cant memorize shit in a short time
[2024-03-18 00:35:40] [world] The Player <Tester> has said => and me got motion sickness
[2024-03-18 00:35:49] [world] The Player <Koi> has said => i rememeber these cords like 1 day after
[2024-03-18 00:35:51] [world] The Player <Tester> has said => me da opposite
[2024-03-18 00:36:01] [world_the_end] The Player <Heinrich_Himmler> has said => oh boy I get to fight the ender dragon
[2024-03-18 00:36:06] [world] The Player <Tester> has said => lol
[2024-03-18 00:36:08] [world] The Player <Koi> has said => -613 68 346
[2024-03-18 00:36:13] [world] The Player <Tester> has said => wait
[2024-03-18 00:36:17] [world] The Player <Tester> has said => can we respawn dragon??
[2024-03-18 00:36:20] [world] The Player <Char> has said => yea
[2024-03-18 00:36:25] [world] The Player <Tester> has said => how to make da crystal
[2024-03-18 00:36:28] [world] The Player <Tester> has said => me forgot
[2024-03-18 00:36:37] [world] The Player <Koi> has said => OH CRAP
[2024-03-18 00:36:40] [world] The Player <Koi> has said => I DID IT UM
[2024-03-18 00:36:42] [world] The Player <Koi> has said => CHAR
[2024-03-18 00:36:44] [world] The Player <Koi> has said => WELP ME
[2024-03-18 00:36:46] [world] The Player <Tester> has said => TP TP
[2024-03-18 00:36:48] [world] The Player <Koi> has said => no
[2024-03-18 00:36:48] [world] The Player <Tester> has said => ME WANNA SEE
[2024-03-18 00:36:54] [world] The Player <Tester> has said => what this guy did wrong?
[2024-03-18 00:36:59] [world] The Player <Koi> has said => ahem
[2024-03-18 00:37:26] [world] The Player <Tester> has said => eh bro did nothin wrong
[2024-03-18 00:37:29] [world] The Player <Tester> has said => except dfill grass
[2024-03-18 00:37:35] [world] The Player <Tester> has said => uh
[2024-03-18 00:37:37] [world] The Player <Tester> has said => 1 block higher
[2024-03-18 00:37:39] [world_the_end] The Player <Milk_Frog> has said => char, can you spawn the dragon.
[2024-03-18 00:37:52] [world] The Player <Koi> has said => ok undone
[2024-03-18 00:38:21] [world] The Player <Koi> has said => tester cmere
[2024-03-18 00:38:25] [world_the_end] The Player <Char> has said => done
[2024-03-18 00:38:34] [world] The Player <Koi> has said => tester
[2024-03-18 00:38:36] [world] The Player <Koi> has said => stand still
[2024-03-18 00:38:39] [world] The Player <Tester> has said => i hav that
[2024-03-18 00:38:40] [world_the_end] The Player <Char> has said => ender dragon is bugged in this version btw :D good luck
[2024-03-18 00:39:16] [world] The Player <Tester> has said => e
[2024-03-18 00:39:24] [world_the_end] The Player <Milk_Frog> has said => you finna fight it
[2024-03-18 00:39:27] [world_the_end] The Player <Heinrich_Himmler> has said => where it at bruh
[2024-03-18 00:39:27] [world_the_end] The Player <Char> has said => lets respawn it the right way
[2024-03-18 00:39:30] [world_the_end] The Player <Tester> has said => wait
[2024-03-18 00:39:31] [world] The Player <Koi> has said => AHAHAHAHHA
[2024-03-18 00:39:31] [world_the_end] The Player <Tester> has said => koi
[2024-03-18 00:39:33] [world_the_end] The Player <Tester> has said => go through it
[2024-03-18 00:39:34] [world_the_end] The Player <Char> has said => wheres da portal
[2024-03-18 00:39:38] [world_the_end] The Player <Tester> has said => says
[2024-03-18 00:39:48] [world_the_end] The Player <Milk_Frog> has said => ty
[2024-03-18 00:39:52] [world_the_end] The Player <Heinrich_Himmler> has said => I see the healthbar
[2024-03-18 00:39:54] [world] The Player <Koi> has said => AHAHAHAHAHAHAH
[2024-03-18 00:39:56] [world_the_end] The Player <Char> has said => i spawned it
[2024-03-18 00:39:56] [world] The Player <Tester> has said => read what it says
[2024-03-18 00:40:06] [world_the_end] The Player <Koi> has said => mamamiya
[2024-03-18 00:40:08] [world_the_end] The Player <Char> has said => ight gl
[2024-03-18 00:40:24] [world_the_end] The Player <Milk_Frog> has said => is it invis?
[2024-03-18 00:40:28] [world_the_end] The Player <Tester> has said => time to kill it
[2024-03-18 00:40:54] [world_the_end] The Player <Tester> has said => its gone~~~
[2024-03-18 00:40:56] [world_the_end] The Player <Tester> has said => e
[2024-03-18 00:40:59] [world_the_end] The Player <Milk_Frog> has said => where is it?
[2024-03-18 00:41:03] [world_the_end] The Player <Tester> has said => in da void
[2024-03-18 00:41:12] [world_the_end] The Player <Heinrich_Himmler> has said => I can't see it
[2024-03-18 00:41:24] [world_the_end] The Player <Koi> has said => AHAHAHAHAH
[2024-03-18 00:41:36] [world_the_end] The Player <Tester> has said => bud is trollin-
[2024-03-18 00:42:06] [world] The Player <Tester> has said => i lov flyin
[2024-03-18 00:42:28] [world] The Player <Tester> has said => who broke my bed
[2024-03-18 00:42:42] [world] The Player <Koi> has said => i didnt
[2024-03-18 00:42:44] [world_the_end] The Player <Heinrich_Himmler> has said => where is it
[2024-03-18 00:42:45] [world] The Player <Tester> has said => no one did
[2024-03-18 00:42:47] [world] The Player <Koi> has said => i just trolled u
[2024-03-18 00:42:51] [world] The Player <Tester> has said => but it spawned me at spawn
[2024-03-18 00:42:54] [world] The Player <Koi> has said => huh
[2024-03-18 00:42:58] [world] The Player <Koi> has said => then do /home home
[2024-03-18 00:42:59] [world] The Player <Koi> has said => ig
[2024-03-18 00:43:01] [world] The Player <Tester> has said => i did
[2024-03-18 00:44:03] [world] The Player <Milk_Frog> has said => turtle what is this
[2024-03-18 00:44:16] [world] The Player <Milk_Frog> has said => why is there a rail
[2024-03-18 00:44:27] [world_the_end] The Player <Heinrich_Himmler> has said => I'm going to leave the end now, because there is not dragon
[2024-03-18 00:44:46] [world] The Player <Milk_Frog> has said => no turtle
[2024-03-18 00:44:59] [world] The Player <TurtleDuck> has said => stop
[2024-03-18 00:45:07] [world] The Player <Milk_Frog> has said => i really dislike it
[2024-03-18 00:45:43] [world] The Player <TurtleDuck> has said => well i kinda hate the building but u dont see me desteoying ot
[2024-03-18 00:45:57] [world] The Player <Milk_Frog> has said => you could said that :I
[2024-03-18 00:46:56] [world] The Player <Milk_Frog> has said => what do you dislike about the building? im sure we can fix it.
[2024-03-18 00:47:09] [world] The Player <Koi> has said => AHA
[2024-03-18 00:47:11] [world] The Player <TurtleDuck> has said => its fine
[2024-03-18 00:47:12] [world] The Player <Koi> has said => I AM A GENIUS
[2024-03-18 00:47:32] [world] The Player <Milk_Frog> has said => turtle?
[2024-03-18 00:48:23] [world] The Player <Milk_Frog> has said => will you awnser me? your opinions matter to me.
[2024-03-18 00:48:38] [world] The Player <TurtleDuck> has said => IT"S FINE I SAID
[2024-03-18 00:49:07] [world] The Player <Milk_Frog> has said => you said you hated the building though.
[2024-03-18 00:50:04] [world] The Player <idkwhattoputhere> has said => wsp
[2024-03-18 00:50:21] [world] The Player <Milk_Frog> has said => your nezuko?
[2024-03-18 00:50:27] [world] The Player <Koi> has said => no i dont think so
[2024-03-18 00:50:27] [world] The Player <idkwhattoputhere> has said => ye how u know
[2024-03-18 00:50:29] [world] The Player <idkwhattoputhere> has said => lmao
[2024-03-18 00:50:36] [world] The Player <Koi> has said => um bc it says
[2024-03-18 00:50:36] [world] The Player <Milk_Frog> has said => it shows your accounts
[2024-03-18 00:50:40] [world] The Player <idkwhattoputhere> has said => ah
[2024-03-18 00:50:40] [world] The Player <Koi> has said => this player has two acc
[2024-03-18 00:50:43] [world] The Player <idkwhattoputhere> has said => ohh
[2024-03-18 00:51:18] [world_nether] The Player <Koi> has said => NO HEINRICH
[2024-03-18 00:51:22] [world_nether] The Player <Koi> has said => WHAT THE HECK R U DOING
[2024-03-18 00:51:42] [world_nether] The Player <Koi> has said => BRO HEINRICH
[2024-03-18 00:51:46] [world_nether] The Player <Heinrich_Himmler> has said => getting a better portal spawn
[2024-03-18 00:51:50] [world_nether] The Player <Koi> has said => NO
[2024-03-18 00:52:11] [world] The Player <Koi> has said => no brea
[2024-03-18 00:52:14] [world] The Player <Koi> has said => break
[2024-03-18 00:52:18] [world_nether] The Player <Heinrich_Himmler> has said => why are you so upset bro
[2024-03-18 00:52:25] [world] The Player <Koi> has said => BC UR BREAKING SPAWN
[2024-03-18 00:52:56] [world] The Player <Heinrich_Himmler> has said => as far as I am aware, I wasn't damaging spawn
[2024-03-18 00:53:02] [world] The Player <Koi> has said => u were breaking spawn
[2024-03-18 00:53:09] [world] The Player <Koi> has said => u were breakng the portal
[2024-03-18 00:53:15] [world] The Player <Koi> has said => that is supposed to be like that
[2024-03-18 00:53:21] [world] The Player <Koi> has said => and u didnt ask permission
[2024-03-18 00:53:25] [world] The Player <Koi> has said => which was the whole point
[2024-03-18 00:53:31] [world] The Player <Heinrich_Himmler> has said => ok mb bro
[2024-03-18 00:53:40] [world] The Player <Heinrich_Himmler> has said => can you fix the end portal though
[2024-03-18 00:53:46] [world] The Player <Koi> has said => wuts wrong with it
[2024-03-18 00:53:59] [world] The Player <Heinrich_Himmler> has said => when you go in you take like 4 hearts of damage
[2024-03-18 00:54:04] [world_the_end] The Player <Milk_Frog> has said => yall lagging?
[2024-03-18 00:54:07] [world_the_end] The Player <Koi> has said => ohhh
[2024-03-18 00:54:08] [world_the_end] The Player <Koi> has said => ok
[2024-03-18 00:54:21] [world_the_end] The Player <Heinrich_Himmler> has said => thanks bro
[2024-03-18 00:54:37] [world_the_end] The Player <Koi> has said => huh
[2024-03-18 00:55:08] [world_the_end] The Player <Milk_Frog> has said => jbflj
[2024-03-18 00:55:48] [world_the_end] The Player <Koi> has said => k i fixed it
[2024-03-18 00:55:54] [world_the_end] The Player <Koi> has said => u only take like half a heart
[2024-03-18 00:55:57] [world_the_end] The Player <Koi> has said => lemme claim it now
[2024-03-18 00:56:31] [world_the_end] The Player <Koi> has said => heirncih
[2024-03-18 00:56:35] [world_the_end] The Player <Koi> has said => try breaking
[2024-03-18 00:56:38] [world_the_end] The Player <Koi> has said => this platform
[2024-03-18 00:56:42] [world_the_end] The Player <Koi> has said => k
[2024-03-18 00:56:43] [world_the_end] The Player <Koi> has said => good
[2024-03-18 00:56:47] [world_the_end] The Player <Heinrich_Himmler> has said => it is perminant
[2024-03-18 00:56:47] [world_the_end] The Player <Koi> has said => try placing a block
[2024-03-18 00:56:49] [world_the_end] The Player <Koi> has said => yes
[2024-03-18 00:56:52] [world_the_end] The Player <Koi> has said => lemme add ladder
[2024-03-18 00:57:07] [world_the_end] The Player <Milk_Frog> has said => how do i tp himmler to me
[2024-03-18 00:57:17] [world] The Player <NezukoChan> has said => do /tp Heinrich_Himmler @s
[2024-03-18 00:57:18] [world_the_end] The Player <Koi> has said => do /tp Heinrich_Himmler Milk_Frog
[2024-03-18 00:57:23] [world_the_end] The Player <NezukoChan> has said => oop
[2024-03-18 00:57:46] [world] The Player <Heinrich_Himmler> has said => worth it
[2024-03-18 00:58:02] [world_the_end] The Player <NezukoChan> has said => heh
[2024-03-18 00:58:09] [world_the_end] The Player <NezukoChan> has said => s all claimed
[2024-03-18 00:58:27] [world_the_end] The Player <Koi> has said => milk do /tp player urself
[2024-03-18 00:58:30] [world_the_end] The Player <Koi> has said => yeah
[2024-03-18 00:58:51] [world_the_end] The Player <Koi> has said => uhhh
[2024-03-18 00:58:52] [world_the_end] The Player <Koi> has said => wtf
[2024-03-18 00:58:59] [world_the_end] The Player <Milk_Frog> has said => hi
[2024-03-18 00:59:39] [world_the_end] The Player <Tester> has said => all of it
[2024-03-18 00:59:43] [world_the_end] The Player <NezukoChan> has said => yep
[2024-03-18 00:59:46] [world_the_end] The Player <Tester> has said => yay
[2024-03-18 00:59:49] [world_the_end] The Player <Tester> has said => MORE
[2024-03-18 00:59:51] [world_the_end] The Player <NezukoChan> has said => yep
[2024-03-18 01:00:22] [world_the_end] The Player <Tester> has said => eh dragon here
[2024-03-18 01:00:33] [world_the_end] The Player <NezukoChan> has said => ?
[2024-03-18 01:00:38] [world_the_end] The Player <NezukoChan> has said => ?
[2024-03-18 01:00:40] [world_the_end] The Player <Tester> has said => me need food
[2024-03-18 01:00:41] [world_the_end] The Player <Tester> has said => me got 0
[2024-03-18 01:00:43] [world_the_end] The Player <NezukoChan> has said => mb
[2024-03-18 01:00:53] [world_the_end] The Player <Tester> has said => i need mroe power....
[2024-03-18 01:00:55] [world_the_end] The Player <Tester> has said => e
[2024-03-18 01:01:16] [world] The Player <Koi> has said => there tester
[2024-03-18 01:01:19] [world] The Player <Koi> has said => now ur not starving
[2024-03-18 01:01:26] [world] The Player <NezukoChan> has said => lmao
[2024-03-18 01:01:30] [world] The Player <Koi> has said => i gave im 1 potato
[2024-03-18 01:01:34] [world] The Player <Koi> has said => him*
[2024-03-18 01:01:35] [world] The Player <NezukoChan> has said => nice
[2024-03-18 01:01:40] [world_the_end] The Player <Milk_Frog> has said => koi, i messed up
[2024-03-18 01:01:41] [world] The Player <Koi> has said => lol
[2024-03-18 01:01:46] [world] The Player <Koi> has said => what happened
[2024-03-18 01:01:51] [world_the_end] The Player <Milk_Frog> has said => t-tp
[2024-03-18 01:02:01] [world_the_end] The Player <Koi> has said => wha happneed
[2024-03-18 01:02:08] [world_the_end] The Player <Milk_Frog> has said => i did not know they were ;ava proof
[2024-03-18 01:02:14] [world_the_end] The Player <Koi> has said => u need to kill?
[2024-03-18 01:02:20] [world_the_end] The Player <Milk_Frog> has said => yeah...
[2024-03-18 01:02:33] [world] The Player <NezukoChan> has said => bro
[2024-03-18 01:02:35] [world_the_end] The Player <Koi> has said => milk
[2024-03-18 01:02:39] [world_the_end] The Player <Koi> has said => if i do /kill @e here
[2024-03-18 01:02:39] [world] The Player <NezukoChan> has said => who broke the rail
[2024-03-18 01:02:44] [world_the_end] The Player <Milk_Frog> has said => kill all entities?
[2024-03-18 01:02:46] [world_the_end] The Player <Koi> has said => it will only kill this chunk entities right
[2024-03-18 01:02:53] [world_the_end] The Player <Milk_Frog> has said => i think so
[2024-03-18 01:02:54] [world_the_end] The Player <Koi> has said => imma do that
[2024-03-18 01:03:03] [world] The Player <Koi> has said => k done
[2024-03-18 01:03:03] [world] The Player <NezukoChan> has said => bruh
[2024-03-18 01:03:12] [world] The Player <Koi> has said => check the horses
[2024-03-18 01:03:26] [world] The Player <Milk_Frog> has said => they good
[2024-03-18 01:03:29] [world] The Player <Koi> has said => ok
[2024-03-18 01:03:45] [world] The Player <Milk_Frog> has said => wont happen again
[2024-03-18 01:03:46] [world] The Player <Koi> has said => gtg
[2024-03-18 01:03:47] [world] The Player <Koi> has said => k
[2024-03-18 01:04:02] [world] The Player <NezukoChan> has said => there arent any horses
[2024-03-18 01:04:22] [world_nether] The Player <Milk_Frog> has said => at my stable i have a bunch
[2024-03-18 01:04:25] [world] The Player <NezukoChan> has said => ah
[2024-03-18 01:04:36] [world_nether] The Player <Milk_Frog> has said => where me home is set, want to buy one?
[2024-03-18 01:05:47] [world_the_end] The Player <Heinrich_Himmler> has said => I hate private territory
[2024-03-18 01:14:22] [world_nether] The Player <Heinrich_Himmler> has said => hello
[2024-03-18 01:14:23] [world_nether] The Player <NezukoChan> has said => hi
[2024-03-18 01:14:32] [world_nether] The Player <Heinrich_Himmler> has said => what do you want
[2024-03-18 01:14:45] [world_nether] The Player <NezukoChan> has said => i was gonna give soomething
[2024-03-18 01:14:47] [world_nether] The Player <NezukoChan> has said => brb
[2024-03-18 01:14:53] [world_nether] The Player <Heinrich_Himmler> has said => ok
[2024-03-18 01:15:50] [world_nether] The Player <Heinrich_Himmler> has said => nice
[2024-03-18 01:15:58] [world] The Player <NezukoChan> has said => k gtg
[2024-03-18 01:15:59] [world_nether] The Player <Heinrich_Himmler> has said => thank you
[2024-03-18 01:16:02] [world] The Player <NezukoChan> has said => np
[2024-03-18 01:16:03] [world] The Player <NezukoChan> has said => cya
[2024-03-18 01:16:04] [world_nether] The Player <Heinrich_Himmler> has said => bye
