[2024-03-18 01:34:02] [world] The Player <NezukoChan> has said => wsf
[2024-03-18 01:34:04] [world] The Player <NezukoChan> has said => wsg
[2024-03-18 01:34:48] [world_the_end] The Player <Tester> has said => here?
[2024-03-18 01:35:03] [world_the_end] The Player <Tester> has said => may i had like 32 steak...
[2024-03-18 01:35:06] [world_the_end] The Player <Tester> has said => *hav
[2024-03-18 01:42:43] [world] The Player <Tester> has said => Char
[2024-03-18 01:42:50] [world] The Player <Tester> has said => can u make a emerald selling chest
[2024-03-18 01:42:58] [world] The Player <Tester> has said => wat
[2024-03-18 01:43:04] [world] The Player <Tester> has said => oh
[2024-03-18 01:43:05] [world] The Player <Tester> has said => right
[2024-03-18 01:43:09] [world] The Player <Tester> has said => me need some ems
[2024-03-18 01:43:12] [world] The Player <Tester> has said => e
[2024-03-18 01:43:31] [world] The Player <Tester> has said => my shop is better
[2024-03-18 01:43:39] [world] The Player <Tester> has said => random's shop is like out of stock
[2024-03-18 01:43:43] [world] The Player <Tester> has said => in everythin
[2024-03-18 01:44:18] [world] The Player <Tester> has said => nice
[2024-03-18 01:47:14] [world] The Player <Tester> has said => char
[2024-03-18 01:47:18] [world] The Player <Tester> has said => u there?
[2024-03-18 01:47:31] [world] The Player <Tester> has said => char
[2024-03-18 01:47:32] [world] The Player <Tester> has said => it dont work
[2024-03-18 01:47:36] [world] The Player <Tester> has said => me need perm for gun
[2024-03-18 11:19:07] [world] The Player <qwerty> has said => t
[2024-03-18 11:20:43] [world] The Player <sharky> has said => mudkips can i have some diamonds
[2024-03-18 11:21:17] [world] The Player <sharky> has said => thanks
[2024-03-18 11:24:16] [world] The Player <Rip_Dogwater> has said => hey sharky
[2024-03-18 11:24:30] [world] The Player <Rip_Dogwater> has said => do /server guns
[2024-03-18 11:24:46] [world] The Player <Rip_Dogwater> has said => guys do /server guns
[2024-03-18 11:25:42] [world] The Player <Rip_Dogwater> has said => guysss do /server guns its new server with GUNS
[2024-03-18 11:25:50] [world] The Player <BigDickRandy> has said => lol
[2024-03-18 12:05:50] [world] The Player <MrBlob2U> has said => hi
[2024-03-18 12:06:14] [world] The Player <Brycethelegend> has said => hi mudkips
[2024-03-18 12:06:15] [world] The Player <MrBlob2U> has said => josh
[2024-03-18 12:06:52] [world] The Player <MrBlob2U> has said => rotten flesh yuum yum
[2024-03-18 12:07:16] [world] The Player <MrBlob2U> has said => thx
[2024-03-18 12:07:21] [world] The Player <character> has said => bye
[2024-03-18 12:10:01] [world_nether] The Player <Mudkips_Rule> has said => 33 blaze rods
[2024-03-18 12:10:20] [world_nether] The Player <Mudkips_Rule> has said => I will go for a stack
[2024-03-18 12:10:30] [world_nether] The Player <Mudkips_Rule> has said => bye
[2024-03-18 12:26:47] [world] The Player <Rip_Dogwater> has said => hey nez arent you in health? hmmmm playing during class def not me and you right
[2024-03-18 12:27:07] [world] The Player <theproman3387> has said => hey how do I join a team
[2024-03-18 12:27:23] [world_the_end] The Player <Rip_Dogwater> has said => ppl have to invite you
[2024-03-18 12:28:55] [world] The Player <Rip_Dogwater> has said => good night
[2024-03-18 12:29:02] [world] The Player <Rip_Dogwater> has said => znoore
[2024-03-18 12:29:05] [world] The Player <Rip_Dogwater> has said => znooor
[2024-03-18 12:29:08] [world] The Player <Rip_Dogwater> has said => znoooor
[2024-03-18 12:29:10] [world] The Player <Rip_Dogwater> has said => znooor
[2024-03-18 12:29:12] [world] The Player <Rip_Dogwater> has said => znoooor
[2024-03-18 12:29:15] [world] The Player <Rip_Dogwater> has said => znoooor
[2024-03-18 12:29:16] [world_the_end] The Player <theproman3387> has said => quit yapping
[2024-03-18 12:29:18] [world] The Player <Rip_Dogwater> has said => znooor
[2024-03-18 12:30:05] [world] The Player <Rip_Dogwater> has said => stfu you kid who let you talk get back to work :}
[2024-03-18 12:31:41] [world] The Player <Rip_Dogwater> has said => the ender dragon is at the end gooo kill it
[2024-03-18 12:32:31] [world_the_end] The Player <Rip_Dogwater> has said => there
[2024-03-18 12:33:09] [world_the_end] The Player <Rip_Dogwater> has said => did you see the dragon
[2024-03-18 12:34:01] [world_the_end] The Player <Rip_Dogwater> has said => theproman3387 did you see the dragon yes or no
[2024-03-18 12:34:09] [world_the_end] The Player <theproman3387> has said => yes ni
[2024-03-18 12:34:16] [world_the_end] The Player <Rip_Dogwater> has said => ok ni
[2024-03-18 12:34:28] [world_the_end] The Player <theproman3387> has said => u were goin to f me up
[2024-03-18 12:34:38] [world_the_end] The Player <Rip_Dogwater> has said => naw iwas ent
[2024-03-18 12:35:39] [world_the_end] The Player <Rip_Dogwater> has said => holy shi i was knocked off
[2024-03-18 12:36:03] [world_the_end] The Player <theproman3387> has said => im f up
[2024-03-18 12:36:08] [world_the_end] The Player <theproman3387> has said => ender nig
[2024-03-18 12:36:11] [world_the_end] The Player <Rip_Dogwater> has said => hy i see you
[2024-03-18 12:36:27] [world_the_end] The Player <Rip_Dogwater> has said => whr the dragon?
[2024-03-18 12:36:39] [world_the_end] The Player <theproman3387> has said => i saw the name and
[2024-03-18 12:36:42] [world_the_end] The Player <theproman3387> has said => yea
[2024-03-18 12:36:52] [world_the_end] The Player <Rip_Dogwater> has said => do you have arrows
[2024-03-18 12:37:28] [world_the_end] The Player <Rip_Dogwater> has said => DO YOU HAVE FLINT
[2024-03-18 12:38:46] [world_the_end] The Player <Rip_Dogwater> has said => Brycethelegend THE ENDER DRAGON IS IN THE END
[2024-03-18 12:38:54] [world_the_end] The Player <theproman3387> has said => were
[2024-03-18 12:39:03] [world_the_end] The Player <Rip_Dogwater> has said => THE END
[2024-03-18 12:39:15] [world_the_end] The Player <theproman3387> has said => like were in the end
[2024-03-18 12:39:23] [world_the_end] The Player <Rip_Dogwater> has said => BY THE TOWERS
[2024-03-18 12:39:40] [world_the_end] The Player <Rip_Dogwater> has said => IT LEFT
[2024-03-18 12:39:53] [world_nether] The Player <Brycethelegend> has said => i cant believe u
[2024-03-18 12:39:57] [world_the_end] The Player <Rip_Dogwater> has said => WHY
[2024-03-18 12:40:13] [world_the_end] The Player <Rip_Dogwater> has said => theproman3387 DID YOU SEE IT THE BOSS BAR
[2024-03-18 12:41:07] [world_the_end] The Player <theproman3387> has said => stop yapping
[2024-03-18 12:42:42] [world_the_end] The Player <Rip_Dogwater> has said => GUYS THE ENDER DRAGON SPAWND IN AGAIN
[2024-03-18 12:45:47] [world] The Player <Rip_Dogwater> has said => tester why s the base like this??
[2024-03-18 12:45:50] [world] The Player <Tester> has said => ?
[2024-03-18 12:45:59] [world] The Player <Rip_Dogwater> has said => look
[2024-03-18 12:46:06] [world] The Player <Tester> has said => oh uh
[2024-03-18 12:46:06] [world] The Player <Rip_Dogwater> has said => wtf
[2024-03-18 12:46:10] [world] The Player <Tester> has said => since when did u liv here
[2024-03-18 12:46:11] [world] The Player <Tester> has said => -
[2024-03-18 12:46:12] [world] The Player <Tester> has said => e
[2024-03-18 12:46:18] [world] The Player <Tester> has said => did u break this?
[2024-03-18 12:46:24] [world] The Player <Rip_Dogwater> has said => n
[2024-03-18 12:46:27] [world] The Player <Rip_Dogwater> has said => no
[2024-03-18 12:46:47] [world] The Player <Rip_Dogwater> has said => are you hacking????????????????
[2024-03-18 12:46:50] [world] The Player <Tester> has said => no
[2024-03-18 12:46:52] [world] The Player <Tester> has said => cahr did it
[2024-03-18 12:46:53] [world] The Player <Rip_Dogwater> has said => or nez
[2024-03-18 12:46:54] [world] The Player <Tester> has said => *char
[2024-03-18 12:47:01] [world] The Player <Rip_Dogwater> has said => WHATTTT
[2024-03-18 12:47:24] [world] The Player <Rip_Dogwater> has said => WHY?
[2024-03-18 12:47:50] [world] The Player <Rip_Dogwater> has said => TESTER COME HERE
[2024-03-18 12:47:53] [world] The Player <Rip_Dogwater> has said => NOW
[2024-03-18 12:48:37] [world] The Player <Rip_Dogwater> has said => tester are you afk??
[2024-03-18 12:49:32] [world] The Player <Tester> has said => tp
[2024-03-18 12:49:49] [world] The Player <Tester> has said => whre u at
[2024-03-18 12:50:00] [world] The Player <Tester> has said => i put
[2024-03-18 12:50:09] [world] The Player <Rip_Dogwater> has said => oh acn i have golden apple
[2024-03-18 12:50:14] [world] The Player <Tester> has said => take 30
[2024-03-18 12:50:14] [world] The Player <Rip_Dogwater> has said => mb
[2024-03-18 12:50:14] [world_the_end] The Player <NezukoChan> has said => wsp
[2024-03-18 12:50:23] [world] The Player <Rip_Dogwater> has said => nez look at base
[2024-03-18 12:50:33] [world_the_end] The Player <NezukoChan> has said => ?
[2024-03-18 12:50:33] [world] The Player <Tester> has said => he knows
[2024-03-18 12:50:42] [world] The Player <NezukoChan> has said => oh ye
[2024-03-18 12:50:42] [world] The Player <Tester> has said => he shocked about da portals
[2024-03-18 12:50:46] [world] The Player <NezukoChan> has said => char did that
[2024-03-18 12:50:47] [world] The Player <NezukoChan> has said => lmao
[2024-03-18 12:51:03] [world] The Player <Tester> has said => hav u seen our villager?
[2024-03-18 12:51:07] [world] The Player <Rip_Dogwater> has said => no
[2024-03-18 12:51:33] [world] The Player <Rip_Dogwater> has said => ohhhh what
[2024-03-18 12:51:35] [world] The Player <VeerIsKKK> has said => do /server Guns to go on the server with guns
[2024-03-18 12:51:36] [world] The Player <NezukoChan> has said => yo rip
[2024-03-18 12:51:40] [world] The Player <Rip_Dogwater> has said => yea
[2024-03-18 12:51:40] [world] The Player <NezukoChan> has said => can i test my sword
[2024-03-18 12:51:47] [world] The Player <Rip_Dogwater> has said => ok
[2024-03-18 12:51:51] [world] The Player <NezukoChan> has said => i cant
[2024-03-18 12:51:51] [world] The Player <Tester> has said => lol
[2024-03-18 12:51:52] [world] The Player <NezukoChan> has said => bruh
[2024-03-18 12:51:53] [world] The Player <Rip_Dogwater> has said => you cant
[2024-03-18 12:51:55] [world] The Player <Rip_Dogwater> has said => lol
[2024-03-18 12:52:06] [world] The Player <Rip_Dogwater> has said => i have 20 ems
[2024-03-18 12:52:13] [world] The Player <NezukoChan> has said => i have 10
[2024-03-18 12:52:13] [world] The Player <Tester> has said => Rip_Dogwater now that ur here
[2024-03-18 12:52:18] [world] The Player <Tester> has said => NezukoChan explain our plan
[2024-03-18 12:52:21] [world] The Player <Rip_Dogwater> has said => yes
[2024-03-18 12:52:22] [world] The Player <Tester> has said => TO CONCOUR DA WORLD
[2024-03-18 12:52:26] [world] The Player <Rip_Dogwater> has said => do /mas
[2024-03-18 12:52:28] [world] The Player <Tester> has said => we need mula
[2024-03-18 12:52:34] [world] The Player <Rip_Dogwater> has said => okkkkkk im in
[2024-03-18 12:52:38] [world] The Player <Tester> has said => message is not good
[2024-03-18 12:52:40] [world] The Player <Tester> has said => right char
[2024-03-18 12:52:46] [world] The Player <Tester> has said => bro prob lookin at this
[2024-03-18 12:52:52] [world] The Player <VeerIsKKK> has said => misclick
[2024-03-18 12:52:52] [world] The Player <VeerIsKKK> has said => mb
[2024-03-18 12:53:04] [world] The Player <Tester> has said => we need more ppl in faction but dont tp them to base
[2024-03-18 12:53:10] [world] The Player <Rip_Dogwater> has said => lets make a string duper
[2024-03-18 12:53:16] [world] The Player <Tester> has said => is it possible?
[2024-03-18 12:53:16] [world] The Player <NezukoChan> has said => fr
[2024-03-18 12:53:19] [world] The Player <Tester> has said => yes tho
[2024-03-18 12:53:20] [world] The Player <Rip_Dogwater> has said => idk
[2024-03-18 12:53:21] [world] The Player <NezukoChan> has said => i searched it
[2024-03-18 12:53:27] [world] The Player <Tester> has said => lets make it if its possible
[2024-03-18 12:53:31] [world] The Player <NezukoChan> has said => idk if its possible on thie version
[2024-03-18 12:53:31] [world] The Player <Rip_Dogwater> has said => the fisher man
[2024-03-18 12:53:37] [world] The Player <Rip_Dogwater> has said => look
[2024-03-18 12:53:47] [world] The Player <Tester> has said => fletcher dont use sticks sad
[2024-03-18 12:53:54] [world] The Player <Rip_Dogwater> has said => ye
[2024-03-18 12:54:07] [world] The Player <Tester> has said => hav u seen our shop?
[2024-03-18 12:54:11] [world] The Player <Rip_Dogwater> has said => no
[2024-03-18 12:54:13] [world] The Player <Tester> has said => we need to earn money
[2024-03-18 12:54:17] [world] The Player <Rip_Dogwater> has said => ok
[2024-03-18 12:54:23] [world] The Player <Tester> has said => me first on money
[2024-03-18 12:54:24] [world] The Player <Tester> has said => with 10k
[2024-03-18 12:54:27] [world] The Player <Tester> has said => nez has 2k
[2024-03-18 12:54:35] [world] The Player <Tester> has said => we fighting with a_random_person
[2024-03-18 12:54:38] [world] The Player <Tester> has said => who has 6.4k
[2024-03-18 12:54:40] [world] The Player <Rip_Dogwater> has said => i have 30
[2024-03-18 12:54:42] [world] The Player <Tester> has said => we need more money
[2024-03-18 12:54:46] [world] The Player <Rip_Dogwater> has said => dollars
[2024-03-18 12:54:48] [world] The Player <Tester> has said => we gotta go minin
[2024-03-18 12:54:53] [world] The Player <Rip_Dogwater> has said => yea
[2024-03-18 12:54:57] [world] The Player <NezukoChan> has said => gtg
[2024-03-18 12:54:59] [world] The Player <Tester> has said => bye
[2024-03-18 12:55:00] [world] The Player <Brycethelegend> has said => wat ru guys talking about my friend
[2024-03-18 12:55:00] [world] The Player <Rip_Dogwater> has said => i have 5 dims
[2024-03-18 12:55:03] [world] The Player <Tester> has said => Rip_Dogwater u got fortune?
[2024-03-18 12:55:16] [world] The Player <Tester> has said => they be in da same school-
[2024-03-18 13:09:02] [world] The Player <Tester> has said => Char u seeing this?
[2024-03-18 13:24:48] [world] The Player <Tester> has said => Milk_Frog
[2024-03-18 13:24:51] [world] The Player <Tester> has said => i need 1 slime block
[2024-03-18 13:24:53] [world] The Player <Tester> has said => i pay u
[2024-03-18 13:24:54] [world] The Player <Tester> has said => ps
[2024-03-18 13:24:57] [world] The Player <Tester> has said => its like emergency
[2024-03-18 13:24:58] [world] The Player <Tester> has said => -
[2024-03-18 13:25:07] [world] The Player <Tester> has said => me pay u like 2 diamond
[2024-03-18 13:25:10] [world] The Player <Tester> has said => i cant find slime
[2024-03-18 13:25:22] [world] The Player <Tester> has said => ok
[2024-03-18 13:25:37] [world] The Player <Tester> has said => thanks
[2024-03-18 13:26:04] [world] The Player <Tester> has said => idk
[2024-03-18 13:26:08] [world] The Player <Tester> has said => is there slime spawn eggs?
[2024-03-18 13:26:13] [world] The Player <Tester> has said => oh no
[2024-03-18 13:26:16] [world] The Player <Tester> has said => they cant breed
[2024-03-18 13:26:45] [world] The Player <Tester> has said => my pet
[2024-03-18 13:26:48] [world] The Player <Tester> has said => me gonna name it
[2024-03-18 13:27:21] [world] The Player <Tester> has said => look
[2024-03-18 13:27:24] [world] The Player <Tester> has said => azt my new pet
[2024-03-18 13:27:33] [world] The Player <Tester> has said => bye
[2024-03-18 13:31:14] [world_the_end] The Player <VeerIsKKK> has said => no way you claimed the entire fucking end
[2024-03-18 13:34:00] [world_the_end] The Player <VeerIsKKK> has said => there is no way you claimed the whole end tester
[2024-03-18 13:34:04] [world] The Player <Tester> has said => :D
[2024-03-18 13:34:08] [world] The Player <Tester> has said => i dindt
[2024-03-18 13:34:10] [world] The Player <Tester> has said => didnt
[2024-03-18 13:34:17] [world] The Player <Tester> has said => nez did
[2024-03-18 13:34:35] [world_the_end] The Player <Tester> has said => loike half of it
[2024-03-18 13:34:37] [world_the_end] The Player <Tester> has said => Like
[2024-03-18 13:34:44] [world_the_end] The Player <VeerIsKKK> has said => im coming\\
[2024-03-18 13:37:43] [world_the_end] The Player <Tester> has said => Milk_Frog
[2024-03-18 13:37:45] [world_the_end] The Player <Tester> has said => anna kill dragon
[2024-03-18 13:37:47] [world_the_end] The Player <Tester> has said => its hedre
[2024-03-18 13:37:48] [world_the_end] The Player <Tester> has said => here
[2024-03-18 13:38:15] [world_the_end] The Player <Tester> has said => tp
[2024-03-18 13:38:18] [world_the_end] The Player <Tester> has said => and find dragon pls
[2024-03-18 13:38:20] [world_the_end] The Player <Tester> has said => its like gone
[2024-03-18 13:38:26] [world_the_end] The Player <Tester> has said => i saw health bar
[2024-03-18 13:38:44] [world_the_end] The Player <Tester> has said => can u giv me spec not creative
[2024-03-18 13:38:51] [world_the_end] The Player <Tester> has said => ok
[2024-03-18 13:39:51] [world_the_end] The Player <Tester> has said => ok
[2024-03-18 13:40:13] [world_the_end] The Player <Tester> has said => the thing i tried with slime didnt work
[2024-03-18 13:40:16] [world_the_end] The Player <Tester> has said => just 1 version too much
[2024-03-18 13:43:17] [world] The Player <Brycethelegend> has said => wat does demoted mean
[2024-03-18 13:43:22] [world] The Player <Tester> has said => erm
[2024-03-18 13:43:24] [world] The Player <Tester> has said => igore that :D
[2024-03-18 13:43:29] [world] The Player <Tester> has said => *ignore
[2024-03-18 13:43:35] [world] The Player <Brycethelegend> has said => ok
[2024-03-18 13:44:49] [world] The Player <Tester> has said => selling sharp 5 book for a stack of ems and 2 books
[2024-03-18 13:44:53] [world] The Player <Tester> has said => cheap!!
[2024-03-18 13:45:11] [world] The Player <Tester> has said => anyone need silktouch?
[2024-03-18 13:45:55] [world] The Player <WienerDogFace> has said => me
[2024-03-18 13:45:58] [world] The Player <WienerDogFace> has said => i need
[2024-03-18 13:46:01] [world] The Player <Tester> has said => silk?
[2024-03-18 13:46:03] [world] The Player <Tester> has said => u got 15 ems?
[2024-03-18 13:46:04] [world] The Player <WienerDogFace> has said => yea
[2024-03-18 13:46:08] [world] The Player <WienerDogFace> has said => yea
[2024-03-18 13:46:13] [world] The Player <Tester> has said => ok
[2024-03-18 13:46:21] [world] The Player <Tester> has said => 15 ems
[2024-03-18 13:46:25] [world] The Player <Tester> has said => hi
[2024-03-18 13:46:32] [world] The Player <Tester> has said => 15 ems and 2 book for it?
[2024-03-18 13:46:36] [world] The Player <Rip_Dogwater> has said => hey\\
[2024-03-18 13:46:38] [world] The Player <Tester> has said => hi
[2024-03-18 13:46:58] [world] The Player <A_Random_Person> has said => woa
[2024-03-18 13:47:00] [world] The Player <Tester> has said => u got 2 books?
[2024-03-18 13:47:04] [world] The Player <A_Random_Person> has said => i own 50 accounts
[2024-03-18 13:47:05] [world] The Player <WienerDogFace> has said => bo
[2024-03-18 13:47:08] [world] The Player <WienerDogFace> has said => no
[2024-03-18 13:47:10] [world] The Player <Tester> has said => hm okay free discount
[2024-03-18 13:47:12] [world] The Player <A_Random_Person> has said => ok tester one
[2024-03-18 13:47:16] [world] The Player <A_Random_Person> has said => won*
[2024-03-18 13:47:17] [world] The Player <Tester> has said => wat-
[2024-03-18 13:47:28] [world] The Player <Tester> has said => y u got 50 accounts
[2024-03-18 13:47:37] [world] The Player <A_Random_Person> has said => bro how did i miss these diamonds
[2024-03-18 13:48:11] [world] The Player <Tester> has said => sharky
[2024-03-18 13:48:13] [world] The Player <Tester> has said => * sword
[2024-03-18 13:48:19] [world] The Player <Tester> has said => u want silk for 15 ems?
[2024-03-18 13:48:33] [world] The Player <Tester> has said => look
[2024-03-18 13:48:35] [world] The Player <Tester> has said => i got a pet slime
[2024-03-18 13:48:39] [world] The Player <A_Random_Person> has said => woa
[2024-03-18 13:48:41] [world] The Player <Tester> has said => dont koi-
[2024-03-18 13:48:44] [world] The Player <Tester> has said => char put :<
[2024-03-18 13:48:48] [world] The Player <Tester> has said => e
[2024-03-18 13:48:49] [world_nether] The Player <The_Amazing_Yao> has said => can you guys play on the anarchy seerver it is super fun
[2024-03-18 13:49:02] [world] The Player <Tester> has said => e
[2024-03-18 13:49:11] [world] The Player <Tester> has said => bro stop wasting our armor durability
[2024-03-18 13:49:19] [world] The Player <Tester> has said => ADMIN ABUSE
[2024-03-18 13:49:23] [world_nether] The Player <The_Amazing_Yao> has said => hey veer
[2024-03-18 13:49:33] [world] The Player <Rip_Dogwater> has said => admin abuse
[2024-03-18 13:49:34] [world_nether] The Player <The_Amazing_Yao> has said => are you gonna play on the anarchy server
[2024-03-18 13:49:40] [world] The Player <Tester> has said => # ABUSE
[2024-03-18 13:50:02] [world] The Player <Rip_Dogwater> has said => ADMIN ADBUSE FROM KO
[2024-03-18 13:50:03] [world] The Player <sharky> has said => e
[2024-03-18 13:50:04] [world] The Player <Rip_Dogwater> has said => I
[2024-03-18 13:50:05] [world] The Player <Tester> has said => IKR
[2024-03-18 13:50:25] [world] The Player <Tester> has said => anyone wanna buy silktouch
[2024-03-18 13:50:28] [world] The Player <Tester> has said => unbrekaing 3
[2024-03-18 13:50:32] [world] The Player <Tester> has said => fire aspect 2
[2024-03-18 13:50:34] [world] The Player <Tester> has said => or sharpo 5
[2024-03-18 13:50:36] [world] The Player <Tester> has said => sharp 5
[2024-03-18 13:50:44] [world_nether] The Player <qwerty> has said => sharp 5
[2024-03-18 13:50:49] [world] The Player <Tester> has said => for 62 ems
[2024-03-18 13:50:53] [world] The Player <Tester> has said => it costs alot
[2024-03-18 13:51:15] [world] The Player <Tester> has said => they all from kilmer-
[2024-03-18 13:51:42] [world] The Player <Tester> has said => A_Random_Person what werew u sayin before?
[2024-03-18 13:52:01] [world] The Player <A_Random_Person> has said => well congrats on winning tester
[2024-03-18 13:52:12] [world] The Player <Tester> has said => selling sharp 5, unbreaking 3, fire aspect 2, silktouch 1, kb 1 books! cost ems
[2024-03-18 13:52:16] [world] The Player <Tester> has said => well thanks
[2024-03-18 13:52:17] [world] The Player <Tester> has said => but
[2024-03-18 13:52:17] [world] The Player <Rip_Dogwater> has said => CAN ARE TEAMMATE hi_ come to the base
[2024-03-18 13:52:20] [world] The Player <Tester> has said => its not done yet
[2024-03-18 13:52:25] [world] The Player <Tester> has said => it ends march 31st
[2024-03-18 13:52:30] [world] The Player <A_Random_Person> has said => oh
[2024-03-18 13:52:32] [world] The Player <A_Random_Person> has said => really
[2024-03-18 13:52:35] [world] The Player <Tester> has said => yea
[2024-03-18 13:52:42] [world] The Player <A_Random_Person> has said => so if we both get 10k we both win?
[2024-03-18 13:52:45] [world] The Player <Tester> has said => 1 person
[2024-03-18 13:52:46] [world_the_end] The Player <VeerIsKKK> has said => who wants to respawn the dragon and fight it with me
[2024-03-18 13:52:48] [world] The Player <A_Random_Person> has said => oh
[2024-03-18 13:52:54] [world] The Player <Tester> has said => VeerIsKKK its respawned
[2024-03-18 13:53:01] [world_the_end] The Player <VeerIsKKK> has said => it is?
[2024-03-18 13:53:03] [world] The Player <Tester> has said => yea
[2024-03-18 13:53:04] [world_the_end] The Player <VeerIsKKK> has said => i dont see it
[2024-03-18 13:53:04] [world] The Player <Tester> has said => its glitched
[2024-03-18 13:53:11] [world] The Player <hi_> has said => hi
[2024-03-18 13:53:12] [world_the_end] The Player <VeerIsKKK> has said => or the healthbar
[2024-03-18 13:53:15] [world] The Player <Tester> has said => Char
[2024-03-18 13:53:15] [world_the_end] The Player <VeerIsKKK> has said => where is it
[2024-03-18 13:53:19] [world] The Player <Tester> has said => koi is bully :<
[2024-03-18 13:53:23] [world] The Player <Tester> has said => VeerIsKKK no idea
[2024-03-18 13:53:31] [world] The Player <Tester> has said => ask dsa owner
[2024-03-18 13:53:39] [world] The Player <Tester> has said => damn server big
[2024-03-18 13:53:53] [world] The Player <Rip_Dogwater> has said => look its are teammate
[2024-03-18 13:54:02] [world] The Player <Tester> has said => dont tp them here...
[2024-03-18 13:54:05] [world_the_end] The Player <VeerIsKKK> has said => where is the dragon
[2024-03-18 13:54:09] [world] The Player <Rip_Dogwater> has said => oh
[2024-03-18 13:54:12] [world_the_end] The Player <VeerIsKKK> has said => *moans loudly*
[2024-03-18 13:54:14] [world] The Player <Tester> has said => its secret base
[2024-03-18 13:54:15] [world] The Player <Rip_Dogwater> has said => i traded
[2024-03-18 13:54:17] [world] The Player <A_Random_Person> has said => bro the lapis trick never works for me =(
[2024-03-18 13:54:19] [world] The Player <Rip_Dogwater> has said => look
[2024-03-18 13:54:21] [world] The Player <Tester> has said => eh ok
[2024-03-18 13:54:24] [world] The Player <somebody139> has said => THEY ARE KIDS
[2024-03-18 13:54:25] [world] The Player <Tester> has said => we had cane but sure
[2024-03-18 13:54:37] [world] The Player <hi_> has said => i didnt set home i just traded
[2024-03-18 13:54:40] [world] The Player <Tester> has said => ok
[2024-03-18 13:55:07] [world] The Player <Rip_Dogwater> has said => heyyyyy
[2024-03-18 13:55:12] [world] The Player <Tester> has said => ?
[2024-03-18 13:55:59] [world] The Player <Tester> has said => oo
[2024-03-18 13:56:02] [world] The Player <Tester> has said => 8 iron for a em..
[2024-03-18 13:56:20] [world] The Player <VeerIsKKK> has said => mb
[2024-03-18 13:56:28] [world] The Player <VeerIsKKK> has said => where is the dam dragon
[2024-03-18 13:56:35] [world] The Player <I_am_amazing> has said => LOL
[2024-03-18 13:56:37] [world_nether] The Player <Brycethelegend> has said => rip lied
[2024-03-18 13:56:50] [world_the_end] The Player <VeerIsKKK> has said => zaid
[2024-03-18 13:56:52] [world_the_end] The Player <VeerIsKKK> has said => wt
[2024-03-18 13:56:53] [world_the_end] The Player <VeerIsKKK> has said => wtf
[2024-03-18 13:57:23] [world_the_end] The Player <VeerIsKKK> has said => zaid do /sf join The_Axis
[2024-03-18 13:57:32] [world] The Player <Tester> has said => selling eff 2 diamond pick for 15 ems
[2024-03-18 13:57:39] [world] The Player <I_am_amazing> has said => uwu
[2024-03-18 13:58:27] [world_nether] The Player <Pog4lifepeople> has said => hi
[2024-03-18 13:59:11] [world_the_end] The Player <VeerIsKKK> has said => HOLY
[2024-03-18 13:59:15] [world] The Player <Tester> has said => ?
[2024-03-18 13:59:24] [world_the_end] The Player <VeerIsKKK> has said => DRAGON JUST SPAWNED OUT OF NO WHERE
[2024-03-18 13:59:26] [world_the_end] The Player <VeerIsKKK> has said => WTF
[2024-03-18 13:59:35] [world] The Player <A_Random_Person> has said => why tf does it say that my base is claimed by tester
[2024-03-18 14:00:00] [world_the_end] The Player <VeerIsKKK> has said => its really laggy
[2024-03-18 14:00:03] [world] The Player <Tester> has said => ikr
[2024-03-18 14:00:11] [world] The Player <Tester> has said => SELLING A EFF 2 DIMAOND PICK FOR 15 ems!
[2024-03-18 14:00:16] [world] The Player <I_am_amazing> has said => uwu
[2024-03-18 14:00:18] [world] The Player <I_am_amazing> has said => uwu daddy
[2024-03-18 14:00:19] [world] The Player <A_Random_Person> has said => woa
[2024-03-18 14:00:23] [world] The Player <I_am_amazing> has said => sorry
[2024-03-18 14:00:24] [world] The Player <VeerIsKKK> has said => WHY
[2024-03-18 14:00:25] [world] The Player <A_Random_Person> has said => GUM
[2024-03-18 14:00:28] [world] The Player <A_Random_Person> has said => GUN
[2024-03-18 14:00:29] [world] The Player <I_am_amazing> has said => uwu daddy
[2024-03-18 14:00:30] [world] The Player <A_Random_Person> has said => WHERE
[2024-03-18 14:00:53] [world] The Player <sharky> has said => bryce you are dead to me
[2024-03-18 14:01:05] [world] The Player <Brycethelegend> has said => same
[2024-03-18 14:02:37] [world_the_end] The Player <VeerIsKKK> has said => COME ON DRAGON
[2024-03-18 14:02:43] [world_the_end] The Player <VeerIsKKK> has said => FIGHT ME U PUSS
[2024-03-18 14:02:45] [world_the_end] The Player <VeerIsKKK> has said => Y
[2024-03-18 14:02:46] [world] The Player <I_am_amazing> has said => UWU DADDY
[2024-03-18 14:02:49] [world_the_end] The Player <somebody139> has said => cumming on a dragon
[2024-03-18 14:02:52] [world] The Player <Tester> has said => woah woah
[2024-03-18 14:02:56] [world] The Player <I_am_amazing> has said => UWU DADDY UWU UWU UWU UWU
[2024-03-18 14:03:11] [world] The Player <VeerIsKKK> has said => stop using that hacked sword
[2024-03-18 14:03:12] [world] The Player <Tester> has said => is respiration good
[2024-03-18 14:03:14] [world] The Player <I_am_amazing> has said => ??
[2024-03-18 14:03:28] [world] The Player <I_am_amazing> has said => uwuuwuwuwuwuwuwuw
[2024-03-18 14:03:56] [world_the_end] The Player <somebody139> has said => THE DRAGON
[2024-03-18 14:04:10] [world] The Player <A_Random_Person> has said => ding dong bing bong
[2024-03-18 14:04:27] [world] The Player <I_am_amazing> has said => uwu uwu uwu uwu uwu uwu uwu uwu uwu uwu uwu uwu uwu uwu uwu
[2024-03-18 14:04:39] [world] The Player <I_am_amazing> has said => uwu daddy
[2024-03-18 14:04:51] [world_the_end] The Player <VeerIsKKK> has said => tf are u doing
[2024-03-18 14:05:09] [world_the_end] The Player <Tester> has said => buddy
[2024-03-18 14:05:13] [world_the_end] The Player <Tester> has said => stop spawnkillin
[2024-03-18 14:05:16] [world] The Player <VeerIsKKK> has said => ok
[2024-03-18 14:05:20] [world] The Player <A_Random_Person> has said => BRO VEER
[2024-03-18 14:05:23] [world] The Player <VeerIsKKK> has said => FUCIK OFF
[2024-03-18 14:05:28] [world] The Player <A_Random_Person> has said => stop spawnkilling
[2024-03-18 14:05:28] [world_the_end] The Player <VeerIsKKK> has said => FUCK OFF
[2024-03-18 14:05:33] [world] The Player <A_Random_Person> has said => BRO
[2024-03-18 14:05:38] [world] The Player <A_Random_Person> has said => KICKED FOR SWEARING
[2024-03-18 14:05:39] [world] The Player <A_Random_Person> has said => LOL
[2024-03-18 14:05:41] [world] The Player <I_am_amazing> has said => '
[2024-03-18 14:05:47] [world] The Player <A_Random_Person> has said => IMAGINE
[2024-03-18 14:05:59] [world] The Player <A_Random_Person> has said => LOOK NOW HE EMBARRESED
[2024-03-18 14:06:03] [world_the_end] The Player <Tester> has said => lol
[2024-03-18 14:06:03] [world] The Player <A_Random_Person> has said => lel
[2024-03-18 14:07:43] [world] The Player <A_Random_Person> has said => woa free bow
[2024-03-18 14:07:53] [world_the_end] The Player <Tester> has said => SELLING BOOKS
[2024-03-18 14:07:55] [world_the_end] The Player <Tester> has said => FOR EMS
[2024-03-18 14:07:59] [world_the_end] The Player <Tester> has said => i got sharp 5
[2024-03-18 14:08:02] [world_the_end] The Player <Tester> has said => unbreakin 3
[2024-03-18 14:08:05] [world_the_end] The Player <Tester> has said => fire aspect 2
[2024-03-18 14:08:07] [world] The Player <I_am_amazing> has said => uwu
[2024-03-18 14:08:09] [world_the_end] The Player <Tester> has said => resperation 1
[2024-03-18 14:08:14] [world_the_end] The Player <Tester> has said => silktouch
[2024-03-18 14:08:17] [world] The Player <I_am_amazing> has said => uwu
[2024-03-18 14:08:18] [world_the_end] The Player <Tester> has said => kb 1
[2024-03-18 14:08:19] [world] The Player <I_am_amazing> has said => uwu
[2024-03-18 14:08:20] [world_the_end] The Player <Tester> has said => lots!
[2024-03-18 14:08:24] [world] The Player <I_am_amazing> has said => uwu
[2024-03-18 14:08:27] [world] The Player <I_am_amazing> has said => uwu
[2024-03-18 14:10:35] [world] The Player <I_am_amazing> has said => uwu uwu uwu uwu
[2024-03-18 14:11:16] [world] The Player <MrBlob2U> has said => how do you claim chests
[2024-03-18 14:12:18] [world] The Player <sharky> has said => es
[2024-03-18 14:12:47] [world_the_end] The Player <The_Amazing_Yao> has said => veer
[2024-03-18 14:12:56] [world_the_end] The Player <The_Amazing_Yao> has said => it is not letting me join your team
[2024-03-18 14:13:01] [world] The Player <VeerIsKKK> has said => yao kill somebodu
[2024-03-18 14:13:11] [world_the_end] The Player <The_Amazing_Yao> has said => how do i join your team
[2024-03-18 14:13:13] [world] The Player <VeerIsKKK> has said => thomas tp
[2024-03-18 14:13:41] [world_the_end] The Player <The_Amazing_Yao> has said => veer can you invite me to your team
[2024-03-18 14:13:46] [world] The Player <VeerIsKKK> has said => sharky tp
[2024-03-18 14:13:53] [world] The Player <Dave_TheCoolguy_> has said => let it shine let it grow let the love inside you showwwww
[2024-03-18 14:13:56] [world] The Player <VeerIsKKK> has said => do /sf join The_Axis
[2024-03-18 14:13:58] [world] The Player <Tester> has said => waht-
[2024-03-18 14:14:07] [world] The Player <VeerIsKKK> has said => wait nvm
[2024-03-18 14:14:29] [world_the_end] The Player <The_Amazing_Yao> has said => it says this faction is either not open or has not invited you!
[2024-03-18 14:14:35] [world] The Player <I_am_amazing> has said => ):
[2024-03-18 14:14:53] [world] The Player <somebody139> has said => zaid go to end
[2024-03-18 14:15:24] [world] The Player <VeerIsKKK> has said => do /sf join Aftermath
[2024-03-18 14:15:42] [world] The Player <sharky> has said => ese
[2024-03-18 14:16:00] [world_the_end] The Player <The_Amazing_Yao> has said => it still syas "This factoin is either not open or has not ncited you"
[2024-03-18 14:16:02] [world] The Player <WienerDogFace> has said => anyone got string
[2024-03-18 14:16:23] [world] The Player <VeerIsKKK> has said => there
[2024-03-18 14:16:39] [world] The Player <WienerDogFace> has said => anyone have sting plz
[2024-03-18 14:16:40] [world_the_end] The Player <The_Amazing_Yao> has said => Thanks!
[2024-03-18 14:16:48] [world] The Player <sharky> has said => esa
[2024-03-18 14:17:06] [world] The Player <Dave_TheCoolguy_> has said => I am the lorax
[2024-03-18 14:17:10] [world] The Player <proman50> has said => e
[2024-03-18 14:17:11] [world] The Player <Dave_TheCoolguy_> has said => I speak for the trees
[2024-03-18 14:17:13] [world] The Player <The_Amazing_Yao> has said => noce
[2024-03-18 14:17:32] [world] The Player <Rip_Dogwater> has said => tester can i have 59 ems and 1 book
[2024-03-18 14:17:38] [world] The Player <Rip_Dogwater> has said => plss
[2024-03-18 14:17:50] [world] The Player <Rip_Dogwater> has said => oh
[2024-03-18 14:17:54] [world] The Player <Tester> has said => i do
[2024-03-18 14:18:02] [world] The Player <Rip_Dogwater> has said => yea i do and what
[2024-03-18 14:18:02] [world] The Player <Tester> has said => i sell 1 for 2 books and 62 ems
[2024-03-18 14:18:12] [world] The Player <VeerIsKKK> has said => WAIT NO
[2024-03-18 14:18:14] [world] The Player <Tester> has said => why?
[2024-03-18 14:18:14] [world] The Player <VeerIsKKK> has said => DONT ACCET\\
[2024-03-18 14:18:17] [world] The Player <Tester> has said => the trade is 50 ems
[2024-03-18 14:18:19] [world] The Player <VeerIsKKK> has said => MISCLICK
[2024-03-18 14:18:19] [world] The Player <Tester> has said => *60
[2024-03-18 14:18:21] [world] The Player <The_Amazing_Yao> has said => veer do you have diamonds
[2024-03-18 14:18:23] [world] The Player <VeerIsKKK> has said => DONT ACCEPT THAT
[2024-03-18 14:18:23] [world] The Player <Tester> has said => i increase it by 2
[2024-03-18 14:18:25] [world] The Player <VeerIsKKK> has said => no
[2024-03-18 14:18:38] [world] The Player <Brycethelegend> has said => acept the request
[2024-03-18 14:18:40] [world] The Player <The_Amazing_Yao> has said => can i have some iron
[2024-03-18 14:18:52] [world] The Player <Dave_TheCoolguy_> has said => everyone expect outside of spawn for new trees for more materials to be grown
[2024-03-18 14:19:02] [world] The Player <Dave_TheCoolguy_> has said => and there is a wood rule
[2024-03-18 14:19:26] [world] The Player <Dave_TheCoolguy_> has said => if you cut a tree you need to replace with sappling
[2024-03-18 14:19:39] [world] The Player <Rip_Dogwater> has said => Tester lets go mining
[2024-03-18 14:19:44] [world] The Player <Tester> has said => k we need diamond
[2024-03-18 14:19:47] [world] The Player <Tester> has said => u got fortune?
[2024-03-18 14:19:50] [world] The Player <Rip_Dogwater> has said => for coal aswell
[2024-03-18 14:19:51] [world] The Player <Tester> has said => if u find diamond tp me
[2024-03-18 14:19:54] [world] The Player <Tester> has said => i got fortune 3
[2024-03-18 14:19:57] [world] The Player <Rip_Dogwater> has said => ok
[2024-03-18 14:20:15] [world] The Player <Rip_Dogwater> has said => get silk touch
[2024-03-18 14:20:18] [world] The Player <Tester> has said => k
[2024-03-18 14:20:26] [world] The Player <Rip_Dogwater> has said => its a good plan
[2024-03-18 14:20:32] [world] The Player <The_Amazing_Yao> has said => veer do you have enchanting tabe
[2024-03-18 14:20:45] [world] The Player <Tester> has said => move
[2024-03-18 14:20:50] [world] The Player <Tester> has said => get outta here
[2024-03-18 14:21:04] [world] The Player <VeerIsKKK> has said => im edging
[2024-03-18 14:21:08] [world] The Player <The_Amazing_Yao> has said => AYOO
[2024-03-18 14:21:09] [world] The Player <Dave_TheCoolguy_> has said => why is spawn so laggy
[2024-03-18 14:21:10] [world] The Player <Tester> has said => i dont got it-
[2024-03-18 14:21:13] [world] The Player <proman50> has said => ayooo
[2024-03-18 14:21:14] [world] The Player <Tester> has said => nez has my silk touch
[2024-03-18 14:21:25] [world] The Player <Rip_Dogwater> has said => oh
[2024-03-18 14:21:28] [world] The Player <The_Amazing_Yao> has said => veer do you have enchantng table
[2024-03-18 14:21:39] [world] The Player <Rip_Dogwater> has said => the villagers have silk touch
[2024-03-18 14:21:49] [world] The Player <Tester> has said => k
[2024-03-18 14:21:51] [world] The Player <The_Amazing_Yao> has said => veer can i use enchanting table
[2024-03-18 14:22:11] [world] The Player <Rip_Dogwater> has said => this one
[2024-03-18 14:22:19] [world] The Player <Rip_Dogwater> has said => look
[2024-03-18 14:22:32] [world] The Player <The_Amazing_Yao> has said => veer accept
[2024-03-18 14:22:34] [world] The Player <VeerIsKKK> has said => no
[2024-03-18 14:22:35] [world] The Player <sharky> has said => ewe
[2024-03-18 14:22:44] [world] The Player <Tester> has said => there
[2024-03-18 14:22:45] [world] The Player <Tester> has said => i got
[2024-03-18 14:22:46] [world] The Player <VeerIsKKK> has said => sharky do /sf join Aftermath
[2024-03-18 14:22:49] [world] The Player <Rip_Dogwater> has said => ok
[2024-03-18 14:22:56] [world] The Player <The_Amazing_Yao> has said => can i use encahntng tabele
[2024-03-18 14:22:58] [world] The Player <Rip_Dogwater> has said => put it on mine
[2024-03-18 14:23:03] [world] The Player <Tester> has said => giv
[2024-03-18 14:23:05] [world] The Player <Rip_Dogwater> has said => its
[2024-03-18 14:23:10] [world] The Player <VeerIsKKK> has said => we dont have a table
[2024-03-18 14:23:11] [world] The Player <Tester> has said => silk?
[2024-03-18 14:23:11] [world] The Player <Rip_Dogwater> has said => wait
[2024-03-18 14:23:19] [world] The Player <Tester> has said => wanna see op axe?
[2024-03-18 14:23:22] [world] The Player <Rip_Dogwater> has said => give that back
[2024-03-18 14:23:35] [world] The Player <Tester> has said => thats op axe'
[2024-03-18 14:23:38] [world] The Player <Rip_Dogwater> has said => put silk
[2024-03-18 14:23:44] [world] The Player <Tester> has said => look
[2024-03-18 14:23:56] [world] The Player <sharky> has said => e
[2024-03-18 14:23:57] [world] The Player <Rip_Dogwater> has said => out silk on my pic
[2024-03-18 14:24:30] [world] The Player <Tester> has said => free upgrade :D
[2024-03-18 14:24:40] [world] The Player <Rip_Dogwater> has said => thx
[2024-03-18 14:24:44] [world] The Player <WienerDogFace> has said => Does anyone have string
[2024-03-18 14:24:50] [world] The Player <Rip_Dogwater> has said => me
[2024-03-18 14:24:52] [world] The Player <MrBlob2U> has said => for a bow
[2024-03-18 14:24:52] [world] The Player <Rip_Dogwater> has said => t
[2024-03-18 14:24:57] [world] The Player <WienerDogFace> has said => I NEED
[2024-03-18 14:25:01] [world] The Player <Rip_Dogwater> has said => i have string
[2024-03-18 14:25:03] [world] The Player <The_Amazing_Yao> has said => does anyone have an enchanting table i can borrow
[2024-03-18 14:25:17] [world] The Player <proman50> has said => e
[2024-03-18 14:25:17] [world] The Player <WienerDogFace> has said => PLZ
[2024-03-18 14:25:26] [world] The Player <Rip_Dogwater> has said => ok
[2024-03-18 14:25:28] [world] The Player <MrBlob2U> has said => you need a bow
[2024-03-18 14:25:31] [world] The Player <MrBlob2U> has said => ?
[2024-03-18 14:25:35] [world] The Player <Rip_Dogwater> has said => what you want to trade
[2024-03-18 14:25:36] [world] The Player <WienerDogFace> has said => yes
[2024-03-18 14:25:46] [world] The Player <MrBlob2U> has said => what will you give me in return
[2024-03-18 14:25:51] [world] The Player <WienerDogFace> has said => diamond boots for 2 string
[2024-03-18 14:25:58] [world] The Player <Rip_Dogwater> has said => ok
[2024-03-18 14:26:17] [world] The Player <qwerty> has said => how did you find me
[2024-03-18 14:26:19] [world] The Player <MrBlob2U> has said => sure
[2024-03-18 14:26:22] [world] The Player <Rip_Dogwater> has said => Tester WienerDogFace wants to tp to trade
[2024-03-18 14:27:14] [world] The Player <WienerDogFace> has said => thanks
[2024-03-18 14:27:17] [world] The Player <MrBlob2U> has said => yw
[2024-03-18 14:27:18] [world] The Player <VeerIsKKK> has said => anyone up for a duel?
[2024-03-18 14:27:23] [world] The Player <Rip_Dogwater> has said => me
[2024-03-18 14:27:30] [world] The Player <Tester> has said => sure
[2024-03-18 14:27:30] [world] The Player <qwerty> has said => yeah
[2024-03-18 14:27:31] [world] The Player <sharky> has said => e
[2024-03-18 14:27:32] [world] The Player <Tester> has said => i dont mind
[2024-03-18 14:27:35] [world] The Player <Brycethelegend> has said => me2
[2024-03-18 14:27:42] [world] The Player <Rip_Dogwater> has said => WHO WANTS TO PVP 1V1 ME
[2024-03-18 14:27:47] [world] The Player <Tester> has said => me lol
[2024-03-18 14:27:50] [world] The Player <VeerIsKKK> has said => tpa
[2024-03-18 14:27:51] [world] The Player <Rip_Dogwater> has said => OK?
[2024-03-18 14:27:55] [world] The Player <VeerIsKKK> has said => and we can pvp
[2024-03-18 14:27:57] [world] The Player <sharky> has said => es
[2024-03-18 14:28:05] [world] The Player <sharky> has said => ea
[2024-03-18 14:28:06] [world] The Player <Brycethelegend> has said => dang it mattix
[2024-03-18 14:28:08] [world] The Player <VeerIsKKK> has said => sharky is tweaking
[2024-03-18 14:28:10] [world] The Player <Biggie_Vinny> has said => is it kee inventory
[2024-03-18 14:28:18] [world] The Player <Rip_Dogwater> has said => WHO WANTS TO 1V1 MEEEEE COME ONNNN
[2024-03-18 14:28:37] [world] The Player <Tester> has said => anyone wanna 1v1
[2024-03-18 14:28:37] [world] The Player <qwerty> has said => dont loot
[2024-03-18 14:28:42] [world] The Player <sharky> has said => ben these guys are on my team
[2024-03-18 14:28:44] [world] The Player <Rip_Dogwater> has said => ready
[2024-03-18 14:28:44] [world] The Player <VeerIsKKK> has said => 3
[2024-03-18 14:28:44] [world] The Player <Tester> has said => me adn spawn
[2024-03-18 14:28:46] [world] The Player <VeerIsKKK> has said => 2
[2024-03-18 14:28:48] [world] The Player <VeerIsKKK> has said => 1
[2024-03-18 14:28:48] [world] The Player <qwerty> has said => ok
[2024-03-18 14:28:51] [world] The Player <sharky> has said => we are gonna assasinate bryce
[2024-03-18 14:28:59] [world] The Player <VeerIsKKK> has said => IM LAGGING
[2024-03-18 14:29:00] [world] The Player <sharky> has said => can we have some iorn
[2024-03-18 14:29:06] [world] The Player <MrBlob2U> has said => what potion do you have
[2024-03-18 14:29:06] [world] The Player <VeerIsKKK> has said => I CANT MOVE
[2024-03-18 14:29:10] [world] The Player <VeerIsKKK> has said => LIKE DEADASS
[2024-03-18 14:29:15] [world] The Player <VeerIsKKK> has said => IM AT 3 FPS
[2024-03-18 14:29:16] [world] The Player <Tester> has said => i wana 1v1 soemone
[2024-03-18 14:29:17] [world] The Player <Rip_Dogwater> has said => ok login
[2024-03-18 14:29:18] [world] The Player <Tester> has said => *someone
[2024-03-18 14:29:22] [world] The Player <Rip_Dogwater> has said => me
[2024-03-18 14:29:25] [world] The Player <VeerIsKKK> has said => im at 3fps
[2024-03-18 14:29:26] [world] The Player <Tester> has said => except u
[2024-03-18 14:29:28] [world] The Player <Tester> has said => ur in team
[2024-03-18 14:29:31] [world] The Player <WienerDogFace> has said => anyone have a unbraking bow or a unbeaking book
[2024-03-18 14:29:31] [world] The Player <Rip_Dogwater> has said => ohh yea
[2024-03-18 14:29:36] [world] The Player <WienerDogFace> has said => ill trade for it
[2024-03-18 14:29:38] [world] The Player <MrBlob2U> has said => tx
[2024-03-18 14:29:48] [world] The Player <Rip_Dogwater> has said => WHO WANTS TO 1V1 MEEEEE
[2024-03-18 14:29:49] [world] The Player <sharky> has said => bryce come to my base and tp to me i want to say sorry
[2024-03-18 14:30:10] [world] The Player <Tester> has said => hav u seen this?
[2024-03-18 14:30:20] [world] The Player <Tester> has said => ayo
[2024-03-18 14:30:35] [world] The Player <WienerDogFace> has said => ANYONE HAVE A UNBREAKIING BOW OR UNBREAKING BOOK
[2024-03-18 14:30:39] [world] The Player <WienerDogFace> has said => ILL TRADE
[2024-03-18 14:30:40] [world] The Player <VeerIsKKK> has said => i do
[2024-03-18 14:30:41] [world] The Player <Tester> has said => i got book
[2024-03-18 14:30:43] [world] The Player <Tester> has said => unbreaking 3
[2024-03-18 14:30:47] [world] The Player <WienerDogFace> has said => plzzzzzzzzzzzz
[2024-03-18 14:30:49] [world] The Player <sharky> has said => vinny accept
[2024-03-18 14:30:51] [world] The Player <Tester> has said => u got ems?
[2024-03-18 14:30:55] [world] The Player <WienerDogFace> has said => 10 diamonds
[2024-03-18 14:31:00] [world] The Player <Tester> has said => i kinda need ems
[2024-03-18 14:31:03] [world] The Player <sharky> has said => vinny its me thomas'
[2024-03-18 14:31:12] [world] The Player <Tester> has said => DONT
[2024-03-18 14:31:14] [world] The Player <WienerDogFace> has said => 10 emeralds?
[2024-03-18 14:31:15] [world] The Player <Tester> has said => BRO
[2024-03-18 14:31:18] [world] The Player <sharky> has said => VVVVVVVVVVVVVVVVINNNNNNNNNNYYYY accept
[2024-03-18 14:31:19] [world] The Player <Tester> has said => ur gettin banned...
[2024-03-18 14:31:25] [world] The Player <sharky> has said => me
[2024-03-18 14:31:28] [world] The Player <Tester> has said => no
[2024-03-18 14:31:34] [world] The Player <Dave_TheCoolguy_> has said => I need some help
[2024-03-18 14:31:43] [world] The Player <WienerDogFace> has said => Testerr 15 emeralds
[2024-03-18 14:31:45] [world] The Player <Dave_TheCoolguy_> has said => when I move my mouse it moves slowly like its sliding
[2024-03-18 14:31:53] [world] The Player <qwerty> has said => press m
[2024-03-18 14:31:54] [world] The Player <Tester> has said => sure
[2024-03-18 14:31:56] [world] The Player <Tester> has said => WienerDogFace
[2024-03-18 14:32:02] [world] The Player <Tester> has said => u got some books?
[2024-03-18 14:32:03] [world] The Player <Dave_TheCoolguy_> has said => thanks
[2024-03-18 14:32:07] [world] The Player <sharky> has said => if you accept i give you diamonds
[2024-03-18 14:32:29] [world] The Player <Tester> has said => WienerDogFace
[2024-03-18 14:32:31] [world] The Player <Tester> has said => 15 ems for it
[2024-03-18 14:33:15] [world] The Player <Tester> has said => tell me if u need anything
[2024-03-18 14:33:19] [world] The Player <Tester> has said => u can visit my shop
[2024-03-18 14:33:21] [world] The Player <Tester> has said => ats spawn
[2024-03-18 14:33:27] [world] The Player <Tester> has said => i got prot 4
[2024-03-18 14:33:29] [world_nether] The Player <Rip_Dogwater> has said => i need arrows
[2024-03-18 14:33:37] [world] The Player <Tester> has said => arrows?
[2024-03-18 14:33:39] [world] The Player <Tester> has said => they at base
[2024-03-18 14:33:44] [world] The Player <Rip_Dogwater> has said => ok
[2024-03-18 14:33:52] [world] The Player <Rip_Dogwater> has said => ok
[2024-03-18 14:34:00] [world] The Player <qwerty> has said => sarky got wood
[2024-03-18 14:34:50] [world] The Player <WienerDogFace> has said => bye
[2024-03-18 14:34:57] [world] The Player <Tester> has said => .
[2024-03-18 14:35:01] [world] The Player <Tester> has said => mny lapis
[2024-03-18 14:35:07] [world] The Player <WienerDogFace> has said => ok i gib
[2024-03-18 14:35:11] [world] The Player <qwerty> has said => aanyone want to pvp i dare them
[2024-03-18 14:35:16] [world] The Player <VeerIsKKK> has said => sure
[2024-03-18 14:35:24] [world] The Player <VeerIsKKK> has said => il pvp
[2024-03-18 14:35:31] [world] The Player <qwerty> has said => tp to me
[2024-03-18 14:35:41] [world] The Player <Rip_Dogwater> has said => Veer can i pvp
[2024-03-18 14:35:49] [world] The Player <qwerty> has said => ret
[2024-03-18 14:36:10] [world] The Player <WienerDogFace> has said => ill pvp
[2024-03-18 14:36:18] [world] The Player <VeerIsKKK> has said => im going afk
[2024-03-18 14:36:59] [world] The Player <WienerDogFace> has said => ill pvp
[2024-03-18 14:37:36] [world] The Player <Tester> has said => gg
[2024-03-18 14:37:41] [world] The Player <Tester> has said => me bored
[2024-03-18 14:37:46] [world] The Player <Tester> has said => k bye
[2024-03-18 14:38:04] [world] The Player <WienerDogFace> has said => one more time
[2024-03-18 14:38:05] [world] The Player <Tester> has said => do /back
[2024-03-18 14:38:11] [world] The Player <Tester> has said => wait
[2024-03-18 14:38:37] [world] The Player <VeerIsKKK> has said => NAHHH
[2024-03-18 14:38:38] [world] The Player <Tester> has said => bro used a god apple
[2024-03-18 14:38:39] [world] The Player <VeerIsKKK> has said => I SAW THAT
[2024-03-18 14:38:49] [world] The Player <WienerDogFace> has said => 2
[2024-03-18 14:38:53] [world] The Player <WienerDogFace> has said => actually
[2024-03-18 14:39:09] [world] The Player <Dave_TheCoolguy_> has said => the trees shall regrow
[2024-03-18 14:39:14] [world] The Player <WienerDogFace> has said => lava monster
[2024-03-18 14:39:27] [world] The Player <Tester> has said => SO DARK
[2024-03-18 14:39:40] [world] The Player <WienerDogFace> has said => yo tester my armor got damaged so much
[2024-03-18 14:39:44] [world] The Player <Tester> has said => mine too
[2024-03-18 14:39:46] [world] The Player <Tester> has said => damn
[2024-03-18 14:39:47] [world] The Player <WienerDogFace> has said => what aouturs
[2024-03-18 14:39:49] [world] The Player <Tester> has said => swords do alot
[2024-03-18 14:39:55] [world] The Player <Tester> has said => mine went dpown by half
[2024-03-18 14:39:58] [world] The Player <WienerDogFace> has said => mmy armor is almost broke
[2024-03-18 14:40:07] [world] The Player <Tester> has said => ikr
[2024-03-18 14:40:56] [world] The Player <Tester> has said => koi
[2024-03-18 14:41:01] [world] The Player <Tester> has said => u seen my dog yet?
[2024-03-18 14:41:07] [world] The Player <Tester> has said => very cute and slimey dog
[2024-03-18 14:42:41] [world] The Player <VeerIsKKK> has said => i need netherwart
[2024-03-18 14:42:45] [world_the_end] The Player <Tester> has said => i got
[2024-03-18 14:42:48] [world_the_end] The Player <Tester> has said => i sell for ems :D
[2024-03-18 14:42:57] [world] The Player <VeerIsKKK> has said => 1 emerald for 10 wart
[2024-03-18 14:43:14] [world] The Player <Tester> has said => y u bullyin him
[2024-03-18 14:43:16] [world] The Player <Tester> has said => put him down herre
[2024-03-18 14:43:20] [world] The Player <Tester> has said => to protectt my villagers
[2024-03-18 14:43:24] [world] The Player <VeerIsKKK> has said => 1 emerald for 10 nether wart
[2024-03-18 14:43:32] [world] The Player <Tester> has said => hm 2 for 10
[2024-03-18 14:44:18] [world] The Player <qweqazz> has said => e
[2024-03-18 14:44:21] [world] The Player <Tester> has said => e
[2024-03-18 14:50:06] [world] The Player <qwerty> has said => t
[2024-03-18 14:50:14] [world] The Player <Brycethelegend> has said => i moved
[2024-03-18 14:50:29] [world] The Player <digbick> has said => since when did you guys build a whole city
[2024-03-18 14:50:32] [world] The Player <Rip_Dogwater> has said => WHO WANTS TO 1V1 ME
[2024-03-18 14:51:07] [world] The Player <Rip_Dogwater> has said => TESTER ILL LEAVE THE TEAM TO PVP YOU OK
[2024-03-18 14:51:16] [world] The Player <Rip_Dogwater> has said => THEN ILL JOIN BACK
[2024-03-18 15:01:00] [world] The Player <Rip_Dogwater> has said => HEY IM LONLEY HERE
[2024-03-18 15:01:48] [world] The Player <qwerty> has said => veer i will trade streangth two pot for emralds
[2024-03-18 15:06:05] [world] The Player <qwerty> has said => t
[2024-03-18 15:06:18] [world] The Player <Rip_Dogwater> has said => tester is not online
[2024-03-18 15:06:48] [world] The Player <Rip_Dogwater> has said => tell him to get online
[2024-03-18 15:06:59] [world] The Player <Rip_Dogwater> has said => do /login
[2024-03-18 15:07:03] [world] The Player <Rip_Dogwater> has said => no
[2024-03-18 15:07:18] [world] The Player <Rip_Dogwater> has said => do /register (your password
[2024-03-18 15:07:22] [world] The Player <Rip_Dogwater> has said => hen
[2024-03-18 15:07:44] [world] The Player <hexa> has said => alr leemy ask him
[2024-03-18 15:08:51] [world] The Player <qwerty> has said => amy one got mushrooms will pay in strength pots
[2024-03-18 15:08:52] [world_the_end] The Player <hexa> has said => any kits?
[2024-03-18 15:09:02] [world_the_end] The Player <hexa> has said => i have nothing ._.
[2024-03-18 15:09:36] [world_the_end] The Player <hexa> has said => bro im stuckkkk
[2024-03-18 15:10:15] [world_the_end] The Player <hexa> has said => can someone help me--
[2024-03-18 15:11:22] [world] The Player <hexa> has said => why cant i tp
[2024-03-18 15:11:33] [world] The Player <Rip_Dogwater> has said => do /tpa then the name
[2024-03-18 15:11:57] [world] The Player <hexa> has said => omg milkfrog!!
[2024-03-18 15:12:03] [world] The Player <hexa> has said => thats crazy
[2024-03-18 15:12:10] [world] The Player <Rip_Dogwater> has said => t
[2024-03-18 15:12:28] [world] The Player <Rip_Dogwater> has said => hey can you tell tester to get on
[2024-03-18 15:12:37] [world] The Player <hexa> has said => i tried no responce
[2024-03-18 15:12:54] [world] The Player <Rip_Dogwater> has said => oh who are you?
[2024-03-18 15:13:00] [world] The Player <hexa> has said => uhhh i got to kms
[2024-03-18 15:13:07] [world] The Player <Rip_Dogwater> has said => oh me too
[2024-03-18 15:13:07] [world] The Player <hexa> has said => *go to
[2024-03-18 15:13:15] [world] The Player <hexa> has said => cool who ru
[2024-03-18 15:13:19] [world] The Player <Rip_Dogwater> has said => come hexa
[2024-03-18 15:13:34] [world] The Player <Rip_Dogwater> has said => t
[2024-03-18 15:13:49] [world] The Player <hexa> has said => can i have some gear
[2024-03-18 15:13:51] [world] The Player <hexa> has said => ty
[2024-03-18 15:15:12] [world] The Player <hexa> has said => do u have more iron... ? XD
[2024-03-18 15:15:21] [world] The Player <Rip_Dogwater> has said => omm yea tp
[2024-03-18 15:15:47] [world] The Player <Rip_Dogwater> has said => tpa to mee hexa
[2024-03-18 15:15:59] [world] The Player <Rip_Dogwater> has said => t
[2024-03-18 15:15:59] [world] The Player <hexa> has said => wgho r u
[2024-03-18 15:16:07] [world] The Player <Rip_Dogwater> has said => im GERMAN
[2024-03-18 15:16:14] [world] The Player <Rip_Dogwater> has said => t
[2024-03-18 15:16:30] [world] The Player <qwerty> has said => hey how can i set up a shop
[2024-03-18 15:17:10] [world] The Player <hexa> has said => yooo
[2024-03-18 15:17:21] [world] The Player <hexa> has said => wtfff
[2024-03-18 15:17:25] [world] The Player <Rip_Dogwater> has said => what
[2024-03-18 15:17:25] [world] The Player <hexa> has said => that was weird
[2024-03-18 15:17:45] [world] The Player <hexa> has said => sure
[2024-03-18 15:18:29] [world] The Player <hexa> has said => blud dissapeared
[2024-03-18 15:18:46] [world] The Player <Dave_TheCoolguy_> has said => does everyone lik the new trees
[2024-03-18 15:18:46] [world] The Player <hexa> has said => oh
[2024-03-18 15:18:57] [world] The Player <hexa> has said => can someone add me to testers team
[2024-03-18 15:19:03] [world] The Player <hexa> has said => Hexa's mule B)
[2024-03-18 15:19:11] [world] The Player <Rip_Dogwater> has said => only he can
[2024-03-18 15:19:20] [world] The Player <hexa> has said => oh ok
[2024-03-18 15:19:38] [world] The Player <hexa> has said => ima die fr i dont got food
[2024-03-18 15:19:57] [world] The Player <hexa> has said => can u eat cactu
[2024-03-18 15:20:05] [world] The Player <Dave_TheCoolguy_> has said => sadly no
[2024-03-18 15:20:21] [world] The Player <hexa> has said => brb got lunch
[2024-03-18 15:28:09] [world] The Player <qwerty> has said => can i buy leather
[2024-03-18 15:28:44] [world] The Player <qwerty> has said => how much you got
[2024-03-18 15:29:02] [world] The Player <qwerty> has said => for how much
[2024-03-18 15:31:03] [world] The Player <qwerty> has said => qwerty
[2024-03-18 15:31:09] [world] The Player <Dave_TheCoolguy_> has said => Can I claim plots of land
[2024-03-18 15:31:35] [world] The Player <qwerty> has said => in what
[2024-03-18 15:33:27] [world_nether] The Player <WienerDogFace> has said => isaac
[2024-03-18 15:33:27] [world] The Player <Dave_TheCoolguy_> has said => hey isaac
[2024-03-18 15:33:40] [world] The Player <Dave_TheCoolguy_> has said => I planted some trees decent walk from spawn
[2024-03-18 15:34:02] [world_nether] The Player <WienerDogFace> has said => my armor says its too expensive to enchant so can i gib the diamonds to you and can you enchant them
[2024-03-18 15:34:19] [world_nether] The Player <WienerDogFace> has said => to repair i mean
[2024-03-18 15:36:55] [world] The Player <Tester> has said => eh pastor?
[2024-03-18 15:37:29] [world] The Player <A_Random_Person> has said => UMMM
[2024-03-18 15:37:34] [world] The Player <Tester> has said => buddy A_Random_Person
[2024-03-18 15:37:38] [world] The Player <Tester> has said => restock ur stuff
[2024-03-18 15:37:40] [world] The Player <Tester> has said => me need ur beef
[2024-03-18 15:37:45] [world] The Player <A_Random_Person> has said => ik
[2024-03-18 15:37:56] [world] The Player <Tester> has said => everything is out of stock.....
[2024-03-18 15:37:56] [world] The Player <A_Random_Person> has said => you like to rebrand my stuff
[2024-03-18 15:37:57] [world] The Player <Tester> has said => e
[2024-03-18 15:38:00] [world] The Player <Tester> has said => i dindt
[2024-03-18 15:38:01] [world] The Player <Tester> has said => didnt
[2024-03-18 15:38:02] [world] The Player <Tester> has said => y
[2024-03-18 15:38:29] [world] The Player <Tester> has said => Char u know hexa?
[2024-03-18 15:38:51] [world] The Player <WienerDogFace> has said => who is ogs
[2024-03-18 15:39:03] [world] The Player <Tester> has said => and ally
[2024-03-18 15:39:05] [world] The Player <Tester> has said => of mine
[2024-03-18 15:39:11] [world] The Player <WienerDogFace> has said => yay
[2024-03-18 15:39:32] [world] The Player <WienerDogFace> has said => can u repir
[2024-03-18 15:39:32] [world] The Player <Tester> has said => Char u should increase the diamond sell value :D
[2024-03-18 15:39:49] [world] The Player <Tester> has said => is respiration 1 good..
[2024-03-18 15:40:01] [world] The Player <Tester> has said => wanan see my new pet
[2024-03-18 15:40:07] [world] The Player <Tester> has said => .
[2024-03-18 15:40:08] [world] The Player <Tester> has said => :O
[2024-03-18 15:40:11] [world] The Player <WienerDogFace> has said => isaac
[2024-03-18 15:40:11] [world] The Player <Tester> has said => MY PET
[2024-03-18 15:40:17] [world] The Player <WienerDogFace> has said => can u repair
[2024-03-18 15:40:31] [world] The Player <Tester> has said => .....
[2024-03-18 15:40:33] [world] The Player <Tester> has said => Char
[2024-03-18 15:40:33] [world] The Player <Tester> has said => tp
[2024-03-18 15:41:27] [world] The Player <Tester> has said => my pet gone
[2024-03-18 15:41:27] [world] The Player <WienerDogFace> has said => oh
[2024-03-18 15:41:29] [world] The Player <Tester> has said => :<
[2024-03-18 15:41:40] [world] The Player <Tester> has said => someone killed
[2024-03-18 15:41:49] [world] The Player <WienerDogFace> has said => thanks
[2024-03-18 15:41:50] [world] The Player <Tester> has said => koi was here........
[2024-03-18 15:42:02] [world] The Player <Tester> has said => sad
[2024-03-18 15:42:05] [world] The Player <Tester> has said => my slime
[2024-03-18 15:42:18] [world] The Player <A_Random_Person> has said => does my rank do things yet?
[2024-03-18 15:42:38] [world] The Player <Tester> has said => e
[2024-03-18 15:43:05] [world] The Player <Tester> has said => my flying horse
[2024-03-18 15:43:10] [world] The Player <qwerty> has said => any one got wood
[2024-03-18 15:43:29] [world] The Player <A_Random_Person> has said => abc to die
[2024-03-18 15:43:42] [world] The Player <Tester> has said => :O
[2024-03-18 15:43:54] [world] The Player <Tester> has said => died
[2024-03-18 15:44:01] [world] The Player <Tester> has said => horse ded
[2024-03-18 15:44:17] [world] The Player <Tester> has said => bye
[2024-03-18 15:44:26] [world] The Player <Tester> has said => k
[2024-03-18 15:47:28] [world] The Player <A_Random_Person> has said => MILK FORG
[2024-03-18 15:48:12] [world] The Player <A_Random_Person> has said => can you add minecraft highways?
[2024-03-18 15:48:22] [world] The Player <A_Random_Person> has said => it would be nice
[2024-03-18 15:53:21] [world] The Player <A_Random_Person> has said => imagine not having a rank
[2024-03-18 15:53:52] [world] The Player <hexa> has said => i need food
[2024-03-18 15:54:01] [world] The Player <A_Random_Person> has said => oh
[2024-03-18 15:54:13] [world] The Player <A_Random_Person> has said => i can sell u porkchops?
[2024-03-18 15:54:43] [world] The Player <hexa> has said => YOO
[2024-03-18 15:54:47] [world] The Player <hexa> has said => NEZUKo
[2024-03-18 15:54:53] [world] The Player <NezukoChan> has said => U PLAY THIS
[2024-03-18 15:55:01] [world] The Player <hexa> has said => TESTER GAVE ME LINK TODAY
[2024-03-18 15:55:04] [world] The Player <NezukoChan> has said => lol
[2024-03-18 15:55:11] [world] The Player <hexa> has said => u got food?
[2024-03-18 15:55:18] [world] The Player <A_Random_Person> has said => yea
[2024-03-18 15:55:24] [world] The Player <A_Random_Person> has said => want some?
[2024-03-18 15:55:32] [world] The Player <hexa> has said => i was talking to nezukp ._.
[2024-03-18 15:55:36] [world] The Player <A_Random_Person> has said => oh
[2024-03-18 15:55:57] [world] The Player <A_Random_Person> has said => WHY TF DID I GET STRUCK WITH LIGHTNING IN THE DESERT
[2024-03-18 15:56:21] [world] The Player <NezukoChan> has said => i do
[2024-03-18 15:56:27] [world] The Player <hexa> has said => tp
[2024-03-18 15:56:47] [world] The Player <NezukoChan> has said => can i test smth
[2024-03-18 15:56:52] [world] The Player <hexa> has said => uhhh sure
[2024-03-18 15:57:07] [world] The Player <NezukoChan> has said => oops
[2024-03-18 15:57:10] [world] The Player <NezukoChan> has said => do /back
[2024-03-18 15:57:10] [world] The Player <hexa> has said => 4 hearts left
[2024-03-18 15:57:13] [world] The Player <hexa> has said => np
[2024-03-18 15:57:27] [world] The Player <hexa> has said => the sword did 6 and a half
[2024-03-18 15:57:30] [world] The Player <NezukoChan> has said => nice
[2024-03-18 15:57:45] [world] The Player <hexa> has said => can i try to kill u the lag is crazy
[2024-03-18 15:58:26] [world] The Player <hexa> has said => nezuko
[2024-03-18 15:59:24] [world] The Player <hexa> has said => yo
[2024-03-18 15:59:33] [world] The Player <hexa> has said => u go to kms?
[2024-03-18 16:00:00] [world] The Player <hexa> has said => bro i dont got a base where am i gonna keep it :skull:
[2024-03-18 16:00:02] [world] The Player <hexa> has said => uh sure
[2024-03-18 16:00:06] [world] The Player <hexa> has said => WHY R U FLYING
[2024-03-18 16:00:40] [world] The Player <hexa> has said => nice
[2024-03-18 16:01:29] [world] The Player <WienerDogFace> has said => bro
[2024-03-18 16:01:42] [world] The Player <hexa> has said => is that mithoon
[2024-03-18 16:01:52] [world] The Player <WienerDogFace> has said => yea
[2024-03-18 16:02:20] [world] The Player <hexa> has said => milk thanks for horse!!
[2024-03-18 16:02:48] [world] The Player <hexa> has said => bruhhhhh
[2024-03-18 16:02:52] [world] The Player <hexa> has said => ik
[2024-03-18 16:03:24] [world] The Player <hexa> has said => bruhhhh
[2024-03-18 16:03:31] [world] The Player <hexa> has said => im stuckkk
[2024-03-18 16:04:26] [world] The Player <WienerDogFace> has said => 10 vein of diamonds
[2024-03-18 16:04:31] [world] The Player <hexa> has said => dam
[2024-03-18 16:05:06] [world] The Player <WienerDogFace> has said => look
[2024-03-18 16:05:27] [world] The Player <WienerDogFace> has said => MOVE
[2024-03-18 16:05:41] [world] The Player <WienerDogFace> has said => 10
[2024-03-18 16:06:07] [world] The Player <hexa> has said => how far should i go to make a base
[2024-03-18 16:06:12] [world] The Player <NezukoChan> has said => 10000
[2024-03-18 16:06:14] [world] The Player <NezukoChan> has said => maybe
[2024-03-18 16:06:24] [world] The Player <WienerDogFace> has said => no stealing or griefing so anywhere rly
[2024-03-18 16:06:45] [world] The Player <hexa> has said => omg its mithooooon
[2024-03-18 16:07:01] [world] The Player <WienerDogFace> has said => im with mithun rn
[2024-03-18 16:07:06] [world] The Player <Rip_WillOfTheD> has said => yo
[2024-03-18 16:07:07] [world] The Player <WienerDogFace> has said => i can slap him
[2024-03-18 16:07:12] [world] The Player <hexa> has said => PLEASE DO
[2024-03-18 16:07:14] [world] The Player <Rip_WillOfTheD> has said => NO
[2024-03-18 16:07:23] [world] The Player <Rip_WillOfTheD> has said => HEXA
[2024-03-18 16:07:30] [world] The Player <hexa> has said => yes?
[2024-03-18 16:07:30] [world] The Player <Rip_WillOfTheD> has said => freak you
[2024-03-18 16:07:40] [world] The Player <hexa> has said => lmfaooo
[2024-03-18 16:07:53] [world] The Player <hexa> has said => milk
[2024-03-18 16:07:58] [world] The Player <hexa> has said => what is ur skin
[2024-03-18 16:08:17] [world] The Player <Rip_WillOfTheD> has said => idk
[2024-03-18 16:09:22] [world] The Player <hexa> has said => bruh
[2024-03-18 16:09:27] [world] The Player <hexa> has said => im in void
[2024-03-18 16:09:35] [world] The Player <hexa> has said => i was
[2024-03-18 16:09:58] [world] The Player <hexa> has said => i cant
[2024-03-18 16:10:08] [world] The Player <hexa> has said => i need boattt
[2024-03-18 16:10:21] [world] The Player <hexa> has said => i cant too muc hlaag
[2024-03-18 16:10:41] [world] The Player <WienerDogFace> has said => dimonds
[2024-03-18 16:10:51] [world] The Player <hexa> has said => pls tp to landdd
[2024-03-18 16:10:56] [world] The Player <hexa> has said => tomggg
[2024-03-18 16:11:38] [world] The Player <hexa> has said => ima jus sit here
[2024-03-18 16:11:42] [world] The Player <hexa> has said => dude the lag is insane
[2024-03-18 16:12:15] [world] The Player <hexa> has said => hellpppp
[2024-03-18 16:12:36] [world] The Player <hexa> has said => ima rejon
[2024-03-18 16:12:39] [world] The Player <hexa> has said => brb
[2024-03-18 16:12:43] [world] The Player <NezukoChan> has said => ;ag wtf
[2024-03-18 19:28:27] [world] The Player <Sword4001> has said => how to get onto gun game
[2024-03-18 19:51:18] [world] The Player <Corner1> has said => hi
[2024-03-18 19:51:23] [world] The Player <Koi> has said => hi cornnor
[2024-03-18 19:51:32] [world] The Player <Corner1> has said => whats up
[2024-03-18 19:51:37] [world] The Player <Koi> has said => nothing
[2024-03-18 19:51:41] [world] The Player <Koi> has said => just pooping
[2024-03-18 19:51:44] [world] The Player <Corner1> has said => come to villager trade plaza
[2024-03-18 19:51:49] [world] The Player <Koi> has said => ok
[2024-03-18 19:52:03] [world] The Player <Koi> has said => LOL HAHAhA
[2024-03-18 19:53:01] [world] The Player <Corner1> has said => hi gak
[2024-03-18 19:53:17] [world] The Player <Gakzilla> has said => great
[2024-03-18 19:55:37] [world] The Player <Gakzilla> has said => how do i put my money to 0
[2024-03-18 19:55:54] [world] The Player <Gakzilla> has said => reop me
[2024-03-18 19:55:55] [world] The Player <Corner1> has said => how did tester claim this area?
[2024-03-18 19:56:31] [world] The Player <Corner1> has said => koi to me
[2024-03-18 19:56:43] [world] The Player <Koi> has said => what the hell
[2024-03-18 19:56:57] [world] The Player <Corner1> has said => how he have territory here
[2024-03-18 19:57:11] [world] The Player <Koi> has said => char said they still cant do crap
[2024-03-18 20:01:32] [world] The Player <Corner1> has said => s
[2024-03-18 20:01:51] [world] The Player <Corner1> has said => bagels
[2024-03-18 20:02:14] [world] The Player <Corner1> has said => can u test /server guns for me?
[2024-03-18 20:02:28] [world] The Player <bagelz> has said => sure?
[2024-03-18 20:02:35] [world] The Player <Corner1> has said => use da command
[2024-03-18 20:16:24] [world] The Player <Milk_Frog> has said => yo!
[2024-03-18 20:17:03] [world] The Player <Milk_Frog> has said => wyd?
[2024-03-18 20:17:14] [world] The Player <TurtleDuck> has said => ROLLER COASTERRR
[2024-03-18 20:17:26] [world] The Player <Milk_Frog> has said => ppl are gonna break the rails...
[2024-03-18 20:18:35] [world] The Player <Milk_Frog> has said => wait, turtle, people are going to break the rails.
[2024-03-18 20:18:44] [world] The Player <TurtleDuck> has said => okkk?
[2024-03-18 20:18:57] [world] The Player <Milk_Frog> has said => like, the ones outside the shop terratory.
[2024-03-18 20:19:12] [world] The Player <TurtleDuck> has said => ok so break the,
[2024-03-18 20:19:17] [world] The Player <TurtleDuck> has said => them
[2024-03-18 20:19:39] [world] The Player <Milk_Frog> has said => WAIT
[2024-03-18 20:20:01] [world] The Player <Milk_Frog> has said => what if..... fe go Below the shop, and make a roller coaster through caves?
[2024-03-18 20:20:22] [world] The Player <Milk_Frog> has said => aye?
[2024-03-18 20:20:26] [world] The Player <TurtleDuck> has said => ok
[2024-03-18 20:21:03] [world] The Player <Milk_Frog> has said => wanna help?
[2024-03-18 20:21:14] [world] The Player <TurtleDuck> has said => in a sec
[2024-03-18 20:21:46] [world] The Player <Milk_Frog> has said => so laggy
[2024-03-18 20:22:31] [world] The Player <Milk_Frog> has said => ima change my skin rq
[2024-03-18 20:23:14] [world] The Player <Milk_Frog> has said => back
[2024-03-18 20:23:28] [world] The Player <Milk_Frog> has said => wanna buy a horse
[2024-03-18 20:23:35] [world] The Player <Corner1> has said => ow does turtle duck have creative
[2024-03-18 20:23:38] [world] The Player <Corner1> has said => how
[2024-03-18 20:23:40] [world] The Player <Sword4001> has said => for what
[2024-03-18 20:23:45] [world] The Player <Milk_Frog> has said => is it lag?
[2024-03-18 20:23:59] [world] The Player <Corner1> has said => he flew
[2024-03-18 20:24:10] [world] The Player <TurtleDuck> has said => huuuuhhhh?
[2024-03-18 20:24:11] [world] The Player <Milk_Frog> has said => lag
[2024-03-18 20:24:16] [world] The Player <TurtleDuck> has said => i wish
[2024-03-18 20:24:23] [world] The Player <Corner1> has said => he has a mine cart
[2024-03-18 20:24:38] [world] The Player <TurtleDuck> has said => "she" and no i do not
[2024-03-18 20:24:46] [world] The Player <Corner1> has said => ok
[2024-03-18 20:24:50] [world] The Player <Corner1> has said => sorry
[2024-03-18 20:24:53] [world] The Player <Milk_Frog> has said => we vibe
[2024-03-18 20:25:10] [world] The Player <Corner1> has said => how did u get so many rails
[2024-03-18 20:25:13] [world] The Player <Milk_Frog> has said => btw, any reason the server was down?
[2024-03-18 20:25:16] [world] The Player <TurtleDuck> has said => milk
[2024-03-18 20:25:30] [world] The Player <Milk_Frog> has said => yeah, she bought em off me
[2024-03-18 20:25:34] [world] The Player <Corner1> has said => ok
[2024-03-18 20:28:54] [world] The Player <Milk_Frog> has said => hey kid
[2024-03-18 20:28:58] [world] The Player <Sword4001> has said => yeah
[2024-03-18 20:29:02] [world] The Player <Milk_Frog> has said => want to buy a horse?
[2024-03-18 20:29:10] [world] The Player <Sword4001> has said => for what price
[2024-03-18 20:29:18] [world] The Player <Milk_Frog> has said => 25 coins?
[2024-03-18 20:29:27] [world] The Player <Milk_Frog> has said => you can haggle
[2024-03-18 20:29:46] [world] The Player <Milk_Frog> has said => what do ya think
[2024-03-18 20:30:03] [world] The Player <Milk_Frog> has said => no horse?
[2024-03-18 20:31:22] [world] The Player <Sword4001> has said => can i trade lapis for something
[2024-03-18 20:31:28] [world] The Player <Milk_Frog> has said => horse
[2024-03-18 20:31:34] [world] The Player <Corner1> has said => whiat u can tp with horses?
[2024-03-18 20:31:48] [world] The Player <Milk_Frog> has said => yeah, only to people and for admins only.
[2024-03-18 20:31:52] [world] The Player <Corner1> has said => ok
[2024-03-18 20:32:06] [world] The Player <Milk_Frog> has said => you want horse Sword4001
[2024-03-18 20:32:19] [world] The Player <Sword4001> has said => and saddle?
[2024-03-18 20:32:24] [world] The Player <Milk_Frog> has said => yes
[2024-03-18 20:32:27] [world] The Player <Sword4001> has said => sure
[2024-03-18 20:33:01] [world] The Player <Milk_Frog> has said => how do i tp someone to me?
[2024-03-18 20:33:12] [world] The Player <Corner1> has said => put their name first
[2024-03-18 20:33:40] [world] The Player <Milk_Frog> has said => can you tp sword?
[2024-03-18 20:34:02] [world] The Player <Milk_Frog> has said => want to buy a horse
[2024-03-18 20:34:07] [world] The Player <Corner1> has said => no
[2024-03-18 20:34:22] [world] The Player <Milk_Frog> has said => you may pick one Sword4001
[2024-03-18 20:34:40] [world] The Player <Sword4001> has said => dasher
[2024-03-18 20:34:50] [world] The Player <Milk_Frog> has said => do you want to rename him?
[2024-03-18 20:34:54] [world] The Player <Sword4001> has said => no
[2024-03-18 20:35:25] [world] The Player <Milk_Frog> has said => try to tp with him, if you cant, ill tp him to you
[2024-03-18 20:36:07] [world] The Player <Milk_Frog> has said => tpaccept
[2024-03-18 20:36:29] [world] The Player <Milk_Frog> has said => where do you want him?
[2024-03-18 20:36:30] [world] The Player <Sword4001> has said => can I have lasso
[2024-03-18 20:36:43] [world] The Player <Corner1> has said => sword what u name ur horse
[2024-03-18 20:37:10] [world] The Player <Milk_Frog> has said => want to move him to spawn?
[2024-03-18 20:37:13] [world] The Player <Sword4001> has said => dasher
[2024-03-18 20:37:25] [world] The Player <Milk_Frog> has said => oh, can you pay me rq
[2024-03-18 20:37:33] [world] The Player <Sword4001> has said => rq?
[2024-03-18 20:37:38] [world] The Player <Milk_Frog> has said => real quick
[2024-03-18 20:37:38] [world] The Player <Corner1> has said => pay up to milk
[2024-03-18 20:37:41] [world] The Player <NezukoChan> has said => yo kois
[2024-03-18 20:37:46] [world] The Player <NezukoChan> has said => koi*
[2024-03-18 20:37:47] [world] The Player <Sword4001> has said => woth what
[2024-03-18 20:38:04] [world] The Player <Milk_Frog> has said => do /pay Milk_Frog 25
[2024-03-18 20:38:05] [world] The Player <Koi> has said => what
[2024-03-18 20:38:17] [world] The Player <Koi> has said => what nez
[2024-03-18 20:38:41] [world] The Player <NezukoChan> has said => back
[2024-03-18 20:38:45] [world] The Player <NezukoChan> has said => do u know
[2024-03-18 20:38:46] [world] The Player <Corner1> has said => sword do /pay Milk_frog 25
[2024-03-18 20:38:46] [world] The Player <Milk_Frog> has said => the money?
[2024-03-18 20:38:53] [world] The Player <NezukoChan> has said => what happened to my base
[2024-03-18 20:38:57] [world] The Player <NezukoChan> has said => with the
[2024-03-18 20:39:02] [world] The Player <NezukoChan> has said => um
[2024-03-18 20:39:07] [world] The Player <NezukoChan> has said => survival blocks
[2024-03-18 20:39:07] [world] The Player <Sword4001> has said => i no need horse right now
[2024-03-18 20:39:17] [world] The Player <Milk_Frog> has said => mate
[2024-03-18 20:39:24] [world] The Player <Milk_Frog> has said => change him back.
[2024-03-18 20:39:27] [world] The Player <Koi> has said => corner
[2024-03-18 20:39:29] [world] The Player <Milk_Frog> has said => ty
[2024-03-18 20:39:31] [world] The Player <Corner1> has said => what
[2024-03-18 20:39:34] [world] The Player <Koi> has said => i might have to kill all ur villagers
[2024-03-18 20:39:38] [world] The Player <Koi> has said => its lagging the server
[2024-03-18 20:39:40] [world] The Player <Corner1> has said => ok
[2024-03-18 20:39:40] [world] The Player <Koi> has said => char said
[2024-03-18 20:39:57] [world] The Player <Corner1> has said => let me help
[2024-03-18 20:43:54] [world] The Player <Koi> has said => milk help
[2024-03-18 20:45:31] [world] The Player <Koi> has said => bruh coonor
[2024-03-18 20:45:33] [world] The Player <Corner1> has said => i trying to get librarians
[2024-03-18 20:45:35] [world] The Player <Koi> has said => dont spawn anymore
[2024-03-18 20:45:38] [world] The Player <Koi> has said => its lagging server
[2024-03-18 20:45:40] [world] The Player <Corner1> has said => ok
[2024-03-18 20:47:27] [world] The Player <Koi> has said => nez im sorry
[2024-03-18 20:47:29] [world] The Player <NezukoChan> has said => ?
[2024-03-18 20:47:30] [world] The Player <Koi> has said => ur getting banned
[2024-03-18 20:47:32] [world] The Player <NezukoChan> has said => WHAT
[2024-03-18 20:47:33] [world] The Player <Koi> has said => jkjk
[2024-03-18 20:47:36] [world] The Player <NezukoChan> has said => bruh
[2024-03-18 20:47:48] [world] The Player <NezukoChan> has said => hey
[2024-03-18 20:47:54] [world] The Player <NezukoChan> has said => WTF
[2024-03-18 20:48:03] [world] The Player <Koi> has said => what
[2024-03-18 20:48:59] [world] The Player <NezukoChan> has said => back
[2024-03-18 20:49:32] [world] The Player <NezukoChan> has said => hehe now that kois offline
[2024-03-18 20:49:35] [world] The Player <NezukoChan> has said => oh
[2024-03-18 20:50:23] [world] The Player <NezukoChan> has said => bruh
[2024-03-18 20:50:42] [world] The Player <NezukoChan> has said => wtf
[2024-03-18 20:50:43] [world] The Player <NezukoChan> has said => BRO
[2024-03-18 20:50:55] [world] The Player <Koi> has said => ?
[2024-03-18 20:51:10] [world] The Player <NezukoChan> has said => BRUH
[2024-03-18 20:51:18] [world] The Player <Koi> has said => what
[2024-03-18 20:51:25] [world] The Player <Koi> has said => what happpened
[2024-03-18 20:51:31] [world] The Player <NezukoChan> has said => yk what happened
[2024-03-18 20:51:34] [world] The Player <Koi> has said => ???
[2024-03-18 20:51:40] [world] The Player <Koi> has said => what did i do
[2024-03-18 20:51:45] [world] The Player <NezukoChan> has said => u tpd me
[2024-03-18 20:51:49] [world] The Player <NezukoChan> has said => up like 100 blocks
[2024-03-18 20:51:57] [world] The Player <NezukoChan> has said => bwhy i spectator
[2024-03-18 20:52:45] [world] The Player <NezukoChan> has said => WAIT
[2024-03-18 20:52:46] [world] The Player <NezukoChan> has said => wtf
[2024-03-18 20:52:52] [world] The Player <NezukoChan> has said => why am i in adventure
[2024-03-18 20:52:59] [world] The Player <NezukoChan> has said => U LOCKED ME IN
[2024-03-18 20:53:30] [world] The Player <NezukoChan> has said => u are not slick
[2024-03-18 20:53:38] [world] The Player <NezukoChan> has said => i see ur orange ah
[2024-03-18 20:53:57] [world] The Player <Koi> has said => what???
[2024-03-18 20:54:03] [world] The Player <Koi> has said => what me do
[2024-03-18 20:54:24] [world] The Player <NezukoChan> has said => back
[2024-03-18 20:54:27] [world] The Player <Koi> has said => bro is just not respawning
[2024-03-18 20:54:30] [world] The Player <NezukoChan> has said => bruh
[2024-03-18 20:55:01] [world] The Player <NezukoChan> has said => why u in spectaotr
[2024-03-18 20:55:09] [world] The Player <NezukoChan> has said => NI
[2024-03-18 20:55:33] [world] The Player <Koi> has said => alr alr imma stop meesing with u
[2024-03-18 20:55:57] [world] The Player <Koi> has said => nez
[2024-03-18 20:56:03] [world] The Player <Koi> has said => u mihgt have to leave
[2024-03-18 20:56:08] [world] The Player <Koi> has said => im taking a vid
[2024-03-18 20:58:46] [world] The Player <NezukoChan> has said => back
[2024-03-18 20:59:26] [world] The Player <NezukoChan> has said => also who placed the lava
[2024-03-18 20:59:29] [world] The Player <Koi> has said => what
[2024-03-18 20:59:29] [world] The Player <NezukoChan> has said => at spawn
[2024-03-18 20:59:30] [world] The Player <Koi> has said => ?
[2024-03-18 20:59:41] [world] The Player <NezukoChan> has said => there was lava
[2024-03-18 20:59:43] [world] The Player <NezukoChan> has said => its gone
[2024-03-18 20:59:49] [world] The Player <Koi> has said => oh u mean the /server guns?
[2024-03-18 20:59:52] [world] The Player <NezukoChan> has said => what
[2024-03-18 21:29:22] [world_the_end] The Player <NezukoChan> has said => tf
[2024-03-18 21:31:51] [world_the_end] The Player <NezukoChan> has said => tf
[2024-03-18 22:39:25] [world] The Player <Tester> has said => yo
[2024-03-18 22:43:21] [world] The Player <Tester> has said => hl
[2024-03-18 22:43:46] [world] The Player <Tester> has said => 
[2024-03-18 22:44:31] [world] The Player <Tester> has said => 
[2024-03-18 22:45:00] [world] The Player <Tester> has said => 
[2024-03-18 22:47:49] [world_the_end] The Player <NezukoChan> has said => back
[2024-03-19 00:39:02] [world] The Player <TurtleDuck> has said => yooo
[2024-03-19 00:39:04] [world] The Player <Milk_Frog> has said => yo!
[2024-03-19 00:39:56] [world] The Player <Milk_Frog> has said => i got alot more black horses
[2024-03-19 00:40:11] [world] The Player <TurtleDuck> has said => put them in the stables
[2024-03-19 00:40:18] [world] The Player <Milk_Frog> has said => i gotta tame em
[2024-03-19 00:42:04] [world] The Player <Milk_Frog> has said => how much should we sell them for?
[2024-03-19 00:43:11] [world] The Player <Milk_Frog> has said => btw, we have an issue
[2024-03-19 00:43:17] [world] The Player <TurtleDuck> has said => what
[2024-03-19 00:43:53] [world] The Player <Milk_Frog> has said => the roller coaster on the outside of the building is out of the land area we bought
[2024-03-19 00:44:10] [world] The Player <TurtleDuck> has said => i destroyed it
[2024-03-19 00:44:15] [world] The Player <Milk_Frog> has said => what
[2024-03-19 00:44:45] [world] The Player <Milk_Frog> has said => oh darn
[2024-03-19 00:45:44] [world] The Player <TurtleDuck> has said => im making our base underneath
[2024-03-19 00:45:50] [world] The Player <Milk_Frog> has said => sickkkk
[2024-03-19 00:46:31] [world] The Player <Milk_Frog> has said => im gonna work on making sure the horses DONT get stolen
[2024-03-19 00:47:01] [world] The Player <Milk_Frog> has said => uh
[2024-03-19 00:47:06] [world] The Player <Milk_Frog> has said => what was that?
[2024-03-19 00:47:29] [world] The Player <Milk_Frog> has said => i like what you did to the top floor!
[2024-03-19 00:49:16] [world] The Player <Milk_Frog> has said => so....
[2024-03-19 00:49:25] [world] The Player <Milk_Frog> has said => i figured out a solution....
[2024-03-19 00:49:39] [world] The Player <Milk_Frog> has said => but...
[2024-03-19 00:49:44] [world] The Player <Milk_Frog> has said => its not pretty
[2024-03-19 00:50:24] [world] The Player <Milk_Frog> has said => take a look turtle
[2024-03-19 00:51:57] [world] The Player <Milk_Frog> has said => turtle, what are your opinions on the anti-steal
[2024-03-19 00:52:26] [world] The Player <Milk_Frog> has said => TURTLE
[2024-03-19 00:52:33] [world] The Player <Milk_Frog> has said => come
[2024-03-19 00:52:33] [world] The Player <TurtleDuck> has said => wut
[2024-03-19 00:52:45] [world] The Player <TurtleDuck> has said => I ALREADY SAWWWWWW!!!!!!
[2024-03-19 00:52:47] [world] The Player <Milk_Frog> has said => havent you seen my messages
[2024-03-19 00:52:55] [world] The Player <Milk_Frog> has said => you did not.
[2024-03-19 00:53:20] [world] The Player <Milk_Frog> has said => cuz i literly added this now
[2024-03-19 00:53:21] [world] The Player <TurtleDuck> has said => YESSSSSS IIIIIII DIIIIIIIIIDDDDDD
[2024-03-19 00:53:30] [world] The Player <TurtleDuck> has said => I WAS JUST THERE
[2024-03-19 00:53:46] [world] The Player <Milk_Frog> has said => you did not state your opinion
[2024-03-19 00:54:00] [world] The Player <TurtleDuck> has said => it was fine
[2024-03-19 00:54:10] [world] The Player <Milk_Frog> has said => whats wrong with it
[2024-03-19 00:55:08] [world] The Player <Milk_Frog> has said => gorl
[2024-03-19 00:55:42] [world] The Player <Milk_Frog> has said => should i start moving horses
[2024-03-19 00:55:47] [world] The Player <TurtleDuck> has said => yeah
[2024-03-19 00:56:14] [world] The Player <Milk_Frog> has said => hm, who should i move
[2024-03-19 00:57:02] [world] The Player <Milk_Frog> has said => uh
[2024-03-19 00:57:18] [world] The Player <Milk_Frog> has said => how get out
[2024-03-19 00:59:12] [world] The Player <Milk_Frog> has said => so laggy
[2024-03-19 01:00:02] [world] The Player <Milk_Frog> has said => um
[2024-03-19 01:00:16] [world] The Player <Milk_Frog> has said => do we keep the name "obama"
[2024-03-19 01:00:26] [world] The Player <TurtleDuck> has said => YES
[2024-03-19 01:00:33] [world] The Player <Milk_Frog> has said => okokoko
[2024-03-19 01:02:15] [world] The Player <Milk_Frog> has said => should we decorate the entrance?
[2024-03-19 01:02:22] [world] The Player <TurtleDuck> has said => sure
[2024-03-19 01:03:19] [world] The Player <Milk_Frog> has said => OOOOO
[2024-03-19 01:03:35] [world] The Player <Milk_Frog> has said => should we name all the ones in the store goofy names?
[2024-03-19 01:03:44] [world] The Player <TurtleDuck> has said => sure
[2024-03-19 01:03:57] [world] The Player <Milk_Frog> has said => you name half ill name half?
[2024-03-19 01:04:55] [world] The Player <Milk_Frog> has said => awwww, dasher has to goooo
[2024-03-19 01:08:00] [world] The Player <Milk_Frog> has said => AWWWWW snowball has to goooo
[2024-03-19 01:09:44] [world] The Player <Milk_Frog> has said => should we have the DO-Nk-iEs seprate?
[2024-03-19 01:11:22] [world] The Player <Koi> has said => SO LAGGY
[2024-03-19 01:11:29] [world] The Player <Milk_Frog> has said => yep
[2024-03-19 01:12:11] [world] The Player <Milk_Frog> has said => yo
[2024-03-19 01:12:16] [world] The Player <Koi> has said => hello
[2024-03-19 01:15:15] [world] The Player <Milk_Frog> has said => gtg
[2024-03-19 01:15:29] [world] The Player <Koi> has said => ok
