[2024-03-24 21:45:48] [world] The Player <GolemDaWanderer> has said => 5 fps
[2024-03-24 21:46:18] [world] The Player <GolemDaWanderer> has said => WAIT HOLY TITTIES
[2024-03-24 21:46:23] [world] The Player <GolemDaWanderer> has said => 30
[2024-03-24 21:46:25] [world] The Player <GolemDaWanderer> has said => 40
[2024-03-24 21:46:29] [world] The Player <GolemDaWanderer> has said => 40 fps
[2024-03-24 21:46:36] [world] The Player <GolemDaWanderer> has said => AT SPAWN
[2024-03-24 21:49:21] [world] The Player <GolemDaWanderer> has said => char look at me
[2024-03-24 21:49:43] [world] The Player <GolemDaWanderer> has said => skelly head
[2024-03-24 21:50:02] [world_the_end] The Player <GolemDaWanderer> has said => ...
[2024-03-24 21:50:31] [world_the_end] The Player <GolemDaWanderer> has said => also
[2024-03-24 21:50:33] [world_the_end] The Player <GolemDaWanderer> has said => me and tester
[2024-03-24 21:50:40] [world] The Player <GolemDaWanderer> has said => worked on an xp farm
[2024-03-24 21:52:18] [world] The Player <Tester> has said => hi
[2024-03-24 21:52:21] [world] The Player <Tester> has said => look at my head
[2024-03-24 21:52:24] [world] The Player <Tester> has said => its great lol
[2024-03-24 21:52:56] [world] The Player <Tester> has said => no
[2024-03-24 21:53:39] [world] The Player <Tester> has said => can u make it so i can sell arropw
[2024-03-24 21:53:40] [world] The Player <Tester> has said => or bone
[2024-03-24 21:53:45] [world] The Player <GolemDaWanderer> has said => FR
[2024-03-24 21:54:03] [world] The Player <Tester> has said => no-
[2024-03-24 21:54:36] [world_the_end] The Player <Tester> has said => ikr
[2024-03-24 21:54:37] [world_the_end] The Player <GolemDaWanderer> has said => tf is an ender portal
[2024-03-24 21:54:38] [world_the_end] The Player <GolemDaWanderer> has said => XD
[2024-03-24 21:54:43] [world_the_end] The Player <GolemDaWanderer> has said => its end portal
[2024-03-24 21:54:49] [world_the_end] The Player <GolemDaWanderer> has said => lol
[2024-03-24 21:55:07] [world] The Player <xcpc> has said => laggy
[2024-03-24 21:55:12] [world] The Player <xcpc> has said => must be a me problem
[2024-03-24 21:55:37] [world] The Player <NezukoChan> has said => noo my settings
[2024-03-24 21:55:45] [world] The Player <GolemDaWanderer> has said => Same
[2024-03-24 21:56:06] [world] The Player <NezukoChan> has said => WTF
[2024-03-24 21:56:08] [world] The Player <NezukoChan> has said => 72 fps
[2024-03-24 21:56:11] [world] The Player <NezukoChan> has said => crazy
[2024-03-24 21:57:04] [world] The Player <Tester> has said => lag
[2024-03-24 21:57:08] [world] The Player <Tester> has said => 3 fps
[2024-03-24 21:57:20] [world] The Player <Tester> has said => remove the protals
[2024-03-24 21:57:22] [world] The Player <NezukoChan> has said => same
[2024-03-24 21:57:23] [world] The Player <Tester> has said => portals
[2024-03-24 21:57:25] [world] The Player <GolemDaWanderer> has said => YOOO
[2024-03-24 21:57:27] [world] The Player <GolemDaWanderer> has said => CHAR
[2024-03-24 21:57:30] [world] The Player <Tester> has said => ?
[2024-03-24 21:57:34] [world] The Player <GolemDaWanderer> has said => I FOUND A GLITCHY GLITCH
[2024-03-24 21:57:37] [world] The Player <GolemDaWanderer> has said => tp
[2024-03-24 21:57:41] [world] The Player <GolemDaWanderer> has said => and watch
[2024-03-24 21:57:53] [world] The Player <GolemDaWanderer> has said => u there?
[2024-03-24 21:58:03] [world] The Player <Tester> has said => me cant use /tp
[2024-03-24 21:58:05] [world] The Player <Tester> has said => uh
[2024-03-24 21:58:11] [world] The Player <GolemDaWanderer> has said => char just force tp
[2024-03-24 21:58:14] [world] The Player <GolemDaWanderer> has said => to me
[2024-03-24 21:58:19] [world] The Player <GolemDaWanderer> has said => watch
[2024-03-24 21:58:20] [world] The Player <Tester> has said => i'm sorry but i dont got perms
[2024-03-24 21:58:22] [world] The Player <Tester> has said => -
[2024-03-24 21:58:36] [world] The Player <GolemDaWanderer> has said => ik
[2024-03-24 21:58:38] [world] The Player <GolemDaWanderer> has said => and bloxd
[2024-03-24 21:59:01] [world] The Player <Tester> has said => ..
[2024-03-24 21:59:14] [world] The Player <Tester> has said => char u seen my spawner?
[2024-03-24 21:59:20] [world] The Player <Tester> has said => Nsdap../
[2024-03-24 21:59:22] [world] The Player <Tester> has said => hm okay
[2024-03-24 21:59:25] [world_the_end] The Player <NezukoChan> has said => wtf
[2024-03-24 21:59:27] [world] The Player <GolemDaWanderer> has said => why am I enemies with nsdap
[2024-03-24 21:59:30] [world] The Player <Tester> has said => ikr
[2024-03-24 21:59:31] [world_the_end] The Player <NezukoChan> has said => oop
[2024-03-24 21:59:37] [world_the_end] The Player <NezukoChan> has said => i can remove
[2024-03-24 21:59:38] [world] The Player <Tester> has said => well time to spawn kill em
[2024-03-24 21:59:44] [world_the_end] The Player <NezukoChan> has said => lmao they claimed end
[2024-03-24 21:59:51] [world] The Player <Tester> has said => -
[2024-03-24 21:59:56] [world] The Player <Tester> has said => here
[2024-03-24 22:00:20] [world] The Player <Tester> has said => -
[2024-03-24 22:00:25] [world] The Player <Tester> has said => u should do that to ur self
[2024-03-24 22:00:27] [world_the_end] The Player <NezukoChan> has said => lol
[2024-03-24 22:00:48] [world] The Player <NezukoChan> has said => um
[2024-03-24 22:00:54] [world] The Player <NezukoChan> has said => what happened to portal
[2024-03-24 22:01:29] [world] The Player <Tester> has said => ..............
[2024-03-24 22:01:36] [world] The Player <Tester> has said => u deserve that
[2024-03-24 22:01:53] [world_the_end] The Player <GolemDaWanderer> has said => f
[2024-03-24 22:02:00] [world_the_end] The Player <GolemDaWanderer> has said => g
[2024-03-24 22:02:02] [world_the_end] The Player <GolemDaWanderer> has said => h
[2024-03-24 22:02:03] [world_the_end] The Player <GolemDaWanderer> has said => i
[2024-03-24 22:02:04] [world_the_end] The Player <GolemDaWanderer> has said => j
[2024-03-24 22:02:05] [world_the_end] The Player <GolemDaWanderer> has said => k
[2024-03-24 22:02:06] [world_the_end] The Player <GolemDaWanderer> has said => l
[2024-03-24 22:02:07] [world_the_end] The Player <GolemDaWanderer> has said => m
[2024-03-24 22:02:08] [world_the_end] The Player <GolemDaWanderer> has said => n
[2024-03-24 22:02:09] [world_the_end] The Player <GolemDaWanderer> has said => o
[2024-03-24 22:02:10] [world_the_end] The Player <GolemDaWanderer> has said => p
[2024-03-24 22:02:11] [world_the_end] The Player <GolemDaWanderer> has said => q
[2024-03-24 22:02:11] [world_the_end] The Player <GolemDaWanderer> has said => r
[2024-03-24 22:02:12] [world_the_end] The Player <GolemDaWanderer> has said => s
[2024-03-24 22:02:13] [world_the_end] The Player <GolemDaWanderer> has said => t
[2024-03-24 22:02:14] [world_the_end] The Player <GolemDaWanderer> has said => u
[2024-03-24 22:02:15] [world_the_end] The Player <GolemDaWanderer> has said => v
[2024-03-24 22:02:17] [world_the_end] The Player <GolemDaWanderer> has said => w
[2024-03-24 22:02:18] [world_the_end] The Player <GolemDaWanderer> has said => x
[2024-03-24 22:02:19] [world_the_end] The Player <GolemDaWanderer> has said => y
[2024-03-24 22:02:20] [world_the_end] The Player <GolemDaWanderer> has said => z
[2024-03-24 22:02:43] [world] The Player <Tester> has said => i think ik why we got so much bones-
[2024-03-24 22:02:46] [world_the_end] The Player <GolemDaWanderer> has said => 80 fps
[2024-03-24 22:02:47] [world] The Player <Tester> has said => its cuz of my sword
[2024-03-24 22:02:48] [world] The Player <NezukoChan> has said => lol
[2024-03-24 22:02:55] [world] The Player <GolemDaWanderer> has said => 80 fps
[2024-03-24 22:03:00] [world] The Player <NezukoChan> has said => no way
[2024-03-24 22:03:03] [world] The Player <NezukoChan> has said => u got 80
[2024-03-24 22:03:13] [world] The Player <Tester> has said => me got 27
[2024-03-24 22:03:17] [world] The Player <Tester> has said => 9
[2024-03-24 22:03:19] [world] The Player <NezukoChan> has said => i got 20
[2024-03-24 22:03:23] [world] The Player <GolemDaWanderer> has said => I got 58
[2024-03-24 22:03:32] [world] The Player <Tester> has said => erm nez
[2024-03-24 22:03:35] [world] The Player <NezukoChan> has said => ?
[2024-03-24 22:03:36] [world] The Player <Tester> has said => chests are almost full
[2024-03-24 22:03:43] [world] The Player <NezukoChan> has said => lol
[2024-03-24 22:04:13] [world] The Player <NezukoChan> has said => where do u even get the heads
[2024-03-24 22:04:19] [world] The Player <Tester> has said => which
[2024-03-24 22:04:22] [world] The Player <NezukoChan> has said => skele
[2024-03-24 22:04:25] [world] The Player <Tester> has said => idk
[2024-03-24 22:04:27] [world] The Player <Tester> has said => golem gav me
[2024-03-24 22:04:30] [world] The Player <NezukoChan> has said => ah
[2024-03-24 22:04:42] [world] The Player <NezukoChan> has said => wait what
[2024-03-24 22:04:46] [world] The Player <NezukoChan> has said => i have 67 fps
[2024-03-24 22:04:49] [world] The Player <Tester> has said => 16
[2024-03-24 22:05:38] [world] The Player <NezukoChan> has said => lol
[2024-03-24 22:05:43] [world] The Player <Tester> has said => i didnt make it-
[2024-03-24 22:05:49] [world] The Player <Tester> has said => i didnt even ask for it-
[2024-03-24 22:05:55] [world] The Player <Tester> has said => milk....
[2024-03-24 22:06:01] [world] The Player <NezukoChan> has said => W
[2024-03-24 22:06:11] [world] The Player <Tester> has said => bro
[2024-03-24 22:06:15] [world] The Player <Tester> has said => u removed the orignial
[2024-03-24 22:06:15] [world] The Player <NezukoChan> has said => ?
[2024-03-24 22:06:16] [world] The Player <Tester> has said => -
[2024-03-24 22:07:06] [world] The Player <Tester> has said => bro
[2024-03-24 22:07:11] [world] The Player <Tester> has said => can i like quit this game-
[2024-03-24 22:07:12] [world] The Player <NezukoChan> has said => where the spawner
[2024-03-24 22:07:16] [world] The Player <Tester> has said => char removed
[2024-03-24 22:07:19] [world] The Player <NezukoChan> has said => oh
[2024-03-24 22:07:26] [world] The Player <GolemDaWanderer> has said => BRO
[2024-03-24 22:07:27] [world] The Player <Tester> has said => my orignial also
[2024-03-24 22:07:28] [world] The Player <GolemDaWanderer> has said => WHY
[2024-03-24 22:07:38] [world] The Player <GolemDaWanderer> has said => PLACE THE ORIGINAL ONE BACK
[2024-03-24 22:07:43] [world] The Player <Tester> has said => at least giv my orignial
[2024-03-24 22:07:46] [world] The Player <Tester> has said => i did
[2024-03-24 22:07:49] [world] The Player <GolemDaWanderer> has said => THE ORIGINAL ONE
[2024-03-24 22:07:51] [world] The Player <Tester> has said => then milk came and put others
[2024-03-24 22:07:52] [world] The Player <GolemDaWanderer> has said => PLACE IT BACK
[2024-03-24 22:07:55] [world] The Player <GolemDaWanderer> has said => YEAH
[2024-03-24 22:07:58] [world] The Player <GolemDaWanderer> has said => ITS NOT OUR FAULT
[2024-03-24 22:08:09] [world] The Player <Tester> has said => it was in the middle
[2024-03-24 22:08:09] [world] The Player <GolemDaWanderer> has said => BROOO
[2024-03-24 22:08:11] [world] The Player <GolemDaWanderer> has said => YEAH
[2024-03-24 22:08:17] [world] The Player <Tester> has said => others were in corners
[2024-03-24 22:08:30] [world] The Player <GolemDaWanderer> has said => PLace the og one back
[2024-03-24 22:08:32] [world] The Player <NezukoChan> has said => original spawner
[2024-03-24 22:08:35] [world] The Player <NezukoChan> has said => that was legal
[2024-03-24 22:08:41] [world] The Player <Tester> has said => wow
[2024-03-24 22:08:44] [world] The Player <GolemDaWanderer> has said => BUT MILK DID
[2024-03-24 22:08:46] [world] The Player <Tester> has said => then how the f did u remove it-
[2024-03-24 22:09:01] [world] The Player <Tester> has said => ???
[2024-03-24 22:09:08] [world] The Player <GolemDaWanderer> has said => How about we tell u where it was
[2024-03-24 22:09:21] [world] The Player <Tester> has said => go get a goddamn replay mod-
[2024-03-24 22:09:27] [world] The Player <NezukoChan> has said => he has replay
[2024-03-24 22:09:28] [world] The Player <GolemDaWanderer> has said => YEAH!
[2024-03-24 22:09:38] [world] The Player <Tester> has said => then use it-
[2024-03-24 22:09:40] [world] The Player <Tester> has said => to see
[2024-03-24 22:09:51] [world] The Player <Tester> has said => -
[2024-03-24 22:09:55] [world] The Player <GolemDaWanderer> has said => char, we can tell u where the og one was... just place it back!
[2024-03-24 22:10:18] [world] The Player <GolemDaWanderer> has said => YES THERE IS
[2024-03-24 22:10:18] [world] The Player <Tester> has said => then tp and put it-
[2024-03-24 22:10:28] [world] The Player <Tester> has said => how u think milk got it_-----
[2024-03-24 22:10:38] [world] The Player <Tester> has said => .
[2024-03-24 22:10:41] [world] The Player <GolemDaWanderer> has said => do /give Char mo then press tab
[2024-03-24 22:10:50] [world] The Player <GolemDaWanderer> has said => type 'mo'
[2024-03-24 22:10:52] [world] The Player <Tester> has said => what???
[2024-03-24 22:10:52] [world] The Player <GolemDaWanderer> has said => then tab
[2024-03-24 22:10:54] [world] The Player <Tester> has said => i foudn in dungeon
[2024-03-24 22:10:58] [world] The Player <GolemDaWanderer> has said => YEAH
[2024-03-24 22:11:04] [world] The Player <Tester> has said => HOW DA F
[2024-03-24 22:11:07] [world] The Player <Tester> has said => i didnt MINE
[2024-03-24 22:11:07] [world] The Player <GolemDaWanderer> has said => MILK DID IT FOR US
[2024-03-24 22:11:11] [world] The Player <Tester> has said => i turned dunegon into famr
[2024-03-24 22:11:15] [world] The Player <GolemDaWanderer> has said => MILK DID THAT
[2024-03-24 22:11:17] [world] The Player <GolemDaWanderer> has said => WE DIDNT
[2024-03-24 22:11:22] [world] The Player <Tester> has said => milk tped ot me
[2024-03-24 22:11:24] [world] The Player <Tester> has said => then put
[2024-03-24 22:11:26] [world] The Player <GolemDaWanderer> has said => MILK PLACED THOSE
[2024-03-24 22:11:27] [world] The Player <Tester> has said => i was making normal
[2024-03-24 22:11:29] [world] The Player <GolemDaWanderer> has said => YEA!!!
[2024-03-24 22:11:33] [world] The Player <Tester> has said => me adn golem-
[2024-03-24 22:11:37] [world] The Player <GolemDaWanderer> has said => EXACTLY
[2024-03-24 22:11:41] [world] The Player <GolemDaWanderer> has said => also
[2024-03-24 22:11:50] [world] The Player <Tester> has said => we ened skele egg to make it into skele
[2024-03-24 22:11:53] [world] The Player <GolemDaWanderer> has said => to make a monster spawner into a skeleton one
[2024-03-24 22:12:03] [world] The Player <GolemDaWanderer> has said => place a skele egg into it
[2024-03-24 22:12:12] [world] The Player <GolemDaWanderer> has said => just right click it with a skele egg
[2024-03-24 22:12:47] [world] The Player <GolemDaWanderer> has said => skele egg
[2024-03-24 22:12:50] [world] The Player <GolemDaWanderer> has said => tester
[2024-03-24 22:13:01] [world] The Player <GolemDaWanderer> has said => YAYAYAY
[2024-03-24 22:13:49] [world] The Player <Tester> has said => much slower.......
[2024-03-24 22:13:54] [world] The Player <Tester> has said => e
[2024-03-24 22:14:06] [world] The Player <NezukoChan> has said => i got a hopper
[2024-03-24 22:14:56] [world] The Player <GolemDaWanderer> has said => WHY IS THERE WATER
[2024-03-24 22:15:04] [world] The Player <NezukoChan> has said => idk
[2024-03-24 22:15:53] [world] The Player <NezukoChan> has said => lmao
[2024-03-24 22:15:53] [world] The Player <GolemDaWanderer> has said => 1 tap
[2024-03-24 22:15:54] [world] The Player <GolemDaWanderer> has said => XD
[2024-03-24 22:16:01] [world] The Player <NezukoChan> has said => i was on one heart
[2024-03-24 22:16:36] [world] The Player <NezukoChan> has said => -10301
[2024-03-24 22:16:41] [world] The Player <NezukoChan> has said => 4028
[2024-03-24 22:16:47] [world] The Player <NezukoChan> has said => yo what
[2024-03-24 22:16:47] [world] The Player <GolemDaWanderer> has said => gys
[2024-03-24 22:16:49] [world] The Player <GolemDaWanderer> has said => guys
[2024-03-24 22:16:56] [world] The Player <NezukoChan> has said => thats like rlly close to base
[2024-03-24 23:18:37] [world] The Player <GolemDaWanderer> has said => sup
[2024-03-24 23:18:43] [world] The Player <NezukoChan> has said => wsp
[2024-03-24 23:18:44] [world] The Player <GolemDaWanderer> has said => Im maxing out our farmer
[2024-03-24 23:18:48] [world] The Player <NezukoChan> has said => nice
[2024-03-24 23:18:59] [world] The Player <GolemDaWanderer> has said => 1 em for 6 cookies
[2024-03-24 23:19:07] [world] The Player <GolemDaWanderer> has said => it used to be 20 for 6
[2024-03-24 23:19:10] [world] The Player <NezukoChan> has said => did u quit old base?
[2024-03-24 23:19:12] [world] The Player <GolemDaWanderer> has said => then I zombified him
[2024-03-24 23:19:14] [world] The Player <GolemDaWanderer> has said => nah
[2024-03-24 23:19:16] [world] The Player <NezukoChan> has said => ohh cake
[2024-03-24 23:20:44] [world] The Player <GolemDaWanderer> has said => BRO THESE VILLAGERS R SCAMMERS
[2024-03-24 23:20:50] [world] The Player <GolemDaWanderer> has said => I THREW 64 BREAD AT THEM
[2024-03-24 23:20:57] [world] The Player <GolemDaWanderer> has said => THEY DIDNT MAKE BABIES
[2024-03-24 23:21:01] [world] The Player <NezukoChan> has said => brb
[2024-03-25 00:35:40] [world] The Player <NezukoChan> has said => doesnt work
[2024-03-25 00:35:45] [world_nether] The Player <Brycethelegend> has said => hi god
[2024-03-25 00:36:13] [world_nether] The Player <Brycethelegend> has said => issac u enjoy sprink break
[2024-03-25 00:39:18] [world] The Player <NezukoChan> has said => oh
[2024-03-25 00:39:24] [world] The Player <NezukoChan> has said => so its not just me?
[2024-03-25 00:39:30] [world] The Player <NezukoChan> has said => ok
[2024-03-25 00:44:52] [world] The Player <NezukoChan> has said => ?
[2024-03-25 00:44:57] [world] The Player <NezukoChan> has said => wat what
[2024-03-25 00:45:01] [world] The Player <NezukoChan> has said => WAIT
[2024-03-25 00:45:02] [world] The Player <NezukoChan> has said => nahanh
[2024-03-25 00:45:05] [world] The Player <NezukoChan> has said => naha
[2024-03-25 00:45:06] [world] The Player <NezukoChan> has said => ninrin
[2024-03-25 00:45:09] [world] The Player <NezukoChan> has said => NOOOOOO
[2024-03-25 00:45:16] [world] The Player <NezukoChan> has said => MY LILYPADS
[2024-03-25 00:45:20] [world] The Player <NezukoChan> has said => MY SUGARCANEEE
[2024-03-25 00:45:23] [world] The Player <NezukoChan> has said => AHHHHH
[2024-03-25 00:45:31] [world] The Player <Brycethelegend> has said => someone greifd u
[2024-03-25 00:45:34] [world] The Player <NezukoChan> has said => NOOOOOOOO
[2024-03-25 00:45:41] [world] The Player <NezukoChan> has said => ALL MY HARD WOOORRKK
[2024-03-25 00:45:49] [world] The Player <NezukoChan> has said => the talll grass
[2024-03-25 00:45:51] [world] The Player <NezukoChan> has said => :(:(
[2024-03-25 00:46:20] [world] The Player <NezukoChan> has said => um
[2024-03-25 00:46:23] [world] The Player <NezukoChan> has said => horsie
[2024-03-25 00:46:24] [world] The Player <NezukoChan> has said => is gone
[2024-03-25 00:46:26] [world] The Player <NezukoChan> has said => xD
[2024-03-25 00:46:32] [world] The Player <NezukoChan> has said => :0
[2024-03-25 00:47:48] [world] The Player <NezukoChan> has said => im am speed
[2024-03-25 00:48:28] [world] The Player <NezukoChan> has said => WHAT
[2024-03-25 00:48:36] [world] The Player <NezukoChan> has said => hehe
[2024-03-25 00:48:39] [world] The Player <NezukoChan> has said => i have idea
[2024-03-25 00:50:57] [world_the_end] The Player <NezukoChan> has said => what
[2024-03-25 00:51:24] [world] The Player <Brycethelegend> has said => who gave me night vison
[2024-03-25 00:51:27] [world_the_end] The Player <NezukoChan> has said => char
[2024-03-25 00:51:37] [world] The Player <Brycethelegend> has said => thx
[2024-03-25 00:52:11] [world_the_end] The Player <NezukoChan> has said => yo want some free obsidian
[2024-03-25 00:58:27] [world] The Player <Brycethelegend> has said => can u sellpotions
[2024-03-25 00:58:39] [world_the_end] The Player <NezukoChan> has said => yes
[2024-03-25 00:58:40] [world_the_end] The Player <NezukoChan> has said => but
[2024-03-25 00:58:50] [world] The Player <Brycethelegend> has said => but
[2024-03-25 00:58:53] [world_the_end] The Player <NezukoChan> has said => i put them somewhere and command for it is not working
[2024-03-25 00:58:58] [world_the_end] The Player <NezukoChan> has said => so i cant get them right now
[2024-03-25 00:59:08] [world] The Player <Brycethelegend> has said => shame
[2024-03-25 01:00:52] [world_the_end] The Player <NezukoChan> has said => i have haste but all end pillars are claimed
[2024-03-25 01:00:56] [world_the_end] The Player <NezukoChan> has said => so i cant mine
[2024-03-25 01:01:01] [world] The Player <Brycethelegend> has said => sad
[2024-03-25 01:01:05] [world_the_end] The Player <NezukoChan> has said => i can insta mine any block
[2024-03-25 01:01:40] [world] The Player <Brycethelegend> has said => why r therobsidian block the end portal
[2024-03-25 01:01:51] [world_the_end] The Player <NezukoChan> has said => char did a command by accident
[2024-03-25 01:01:57] [world_the_end] The Player <NezukoChan> has said => i dont think he knows
[2024-03-25 01:01:58] [world] The Player <Brycethelegend> has said => gg
[2024-03-25 01:02:04] [world_the_end] The Player <NezukoChan> has said => im in the end tho
[2024-03-25 01:02:07] [world_the_end] The Player <NezukoChan> has said => i sethome
[2024-03-25 01:02:12] [world] The Player <Brycethelegend> has said => gg just means good greif
[2024-03-25 01:02:16] [world_the_end] The Player <NezukoChan> has said => ohh
[2024-03-25 01:02:33] [world] The Player <Brycethelegend> has said => want a healing 2 potion
[2024-03-25 01:02:58] [world_the_end] The Player <NezukoChan> has said => suer
[2024-03-25 01:03:29] [world_the_end] The Player <NezukoChan> has said => thanks
[2024-03-25 01:03:54] [world_the_end] The Player <NezukoChan> has said => oops
[2024-03-25 01:32:45] [world_the_end] The Player <Heinrich_Himmler> has said => hi
[2024-03-25 01:32:56] [world_the_end] The Player <Heinrich_Himmler> has said => do you want some magma cream?
[2024-03-25 01:33:40] [world_the_end] The Player <Heinrich_Himmler> has said => nezuko can you read me?
[2024-03-25 01:40:06] [world_the_end] The Player <NezukoChan> has said => back
[2024-03-25 01:40:11] [world_the_end] The Player <NezukoChan> has said => hi
[2024-03-25 01:40:14] [world_the_end] The Player <Heinrich_Himmler> has said => hi
[2024-03-25 01:40:18] [world_the_end] The Player <Heinrich_Himmler> has said => where you afk
[2024-03-25 01:40:21] [world] The Player <NezukoChan> has said => the end
[2024-03-25 01:40:37] [world_the_end] The Player <Heinrich_Himmler> has said => you want to to, I'm in the end
[2024-03-25 01:41:02] [world_the_end] The Player <Heinrich_Himmler> has said => did you guys rob me?
[2024-03-25 01:41:14] [world_the_end] The Player <Heinrich_Himmler> has said => because some of my stuff is gone
[2024-03-25 01:44:15] [world] The Player <NezukoChan> has said => hmm
[2024-03-25 01:44:18] [world] The Player <NezukoChan> has said => what stuff?
[2024-03-25 01:44:31] [world] The Player <Heinrich_Himmler> has said => I had like 5 stacks of obby
[2024-03-25 01:44:43] [world] The Player <Heinrich_Himmler> has said => I could have just missplaced it though
[2024-03-25 01:53:04] [world] The Player <NezukoChan> has said => so sry
[2024-03-25 01:53:07] [world] The Player <NezukoChan> has said => im back
[2024-03-25 01:53:17] [world] The Player <Heinrich_Himmler> has said => np want a spawn egg?
[2024-03-25 01:53:19] [world] The Player <NezukoChan> has said => do u know where u put it?
[2024-03-25 01:53:28] [world] The Player <NezukoChan> has said => sure
[2024-03-25 01:53:29] [world] The Player <Heinrich_Himmler> has said => nope gones gone ig
[2024-03-25 01:53:36] [world] The Player <NezukoChan> has said => but um
[2024-03-25 01:53:43] [world] The Player <NezukoChan> has said => im at my base
[2024-03-25 01:54:00] [world] The Player <NezukoChan> has said => and i noticed a few hours ago that there were stacks of obby in my chests
[2024-03-25 01:54:13] [world] The Player <NezukoChan> has said => it might have been my teammate
[2024-03-25 01:54:13] [world] The Player <Heinrich_Himmler> has said => your obby evaporated too?
[2024-03-25 01:54:20] [world] The Player <NezukoChan> has said => no it appearde
[2024-03-25 01:54:25] [world] The Player <Heinrich_Himmler> has said => huh weird
[2024-03-25 01:54:30] [world] The Player <NezukoChan> has said => i think it could be urs
[2024-03-25 01:54:40] [world] The Player <Heinrich_Himmler> has said => do you want it?
[2024-03-25 01:54:42] [world] The Player <NezukoChan> has said => did u leave it in a chest
[2024-03-25 01:54:45] [world] The Player <NezukoChan> has said => no i dont need it
[2024-03-25 01:55:07] [world] The Player <Heinrich_Himmler> has said => uh sure I'll take it again
[2024-03-25 01:56:03] [world_the_end] The Player <Heinrich_Himmler> has said => thanks
[2024-03-25 01:56:03] [world_the_end] The Player <NezukoChan> has said => i think thats it
[2024-03-25 01:56:12] [world_the_end] The Player <NezukoChan> has said => sry if that cause trouble
[2024-03-25 01:56:18] [world_the_end] The Player <Heinrich_Himmler> has said => want a spawn egg?
[2024-03-25 01:56:18] [world_the_end] The Player <NezukoChan> has said => ill ask my teammate what happened
[2024-03-25 01:56:23] [world_the_end] The Player <NezukoChan> has said => sure
[2024-03-25 01:56:40] [world_the_end] The Player <Heinrich_Himmler> has said => you never had this deal ok.
[2024-03-25 01:56:43] [world_the_end] The Player <NezukoChan> has said => ok
[2024-03-25 01:57:03] [world_the_end] The Player <Heinrich_Himmler> has said => again, this never happened
[2024-03-25 01:57:10] [world_the_end] The Player <NezukoChan> has said => ok
[2024-03-25 01:58:00] [world_the_end] The Player <NezukoChan> has said => ty
[2024-03-25 02:05:25] [world] The Player <NezukoChan> has said => gtg
[2024-03-25 13:08:07] [world] The Player <NezukoChan> has said => @CHARMUNK
[2024-03-25 13:08:10] [world] The Player <NezukoChan> has said => ANYONE
[2024-03-25 13:08:15] [world] The Player <NezukoChan> has said => PLS CHECK LOGS
[2024-03-25 13:08:18] [world] The Player <NezukoChan> has said => HELLO
[2024-03-25 13:08:47] [world] The Player <NezukoChan> has said => BRUH MY ACC GOT DISABLED BC I SAID THAT THING IN SWEDISH OR SMTH
[2024-03-25 16:48:38] [world] The Player <xcpc> has said => tf
[2024-03-25 16:48:52] [world] The Player <xcpc> has said => I hear lava
[2024-03-25 16:50:45] [world] The Player <xcpc> has said => I found someone's base???????????????????????
[2024-03-25 16:51:39] [world] The Player <xcpc> has said => dead faction prob
[2024-03-25 16:54:54] [world] The Player <xcpc> has said => nice
