[2024-03-25 20:24:11] [world] The Player <GolemDaWanderer> has said => MilK!
[2024-03-25 20:24:55] [world] The Player <GolemDaWanderer> has said => good,
[2024-03-25 20:25:11] [world] The Player <GolemDaWanderer> has said => cmere
[2024-03-25 20:25:42] [world] The Player <GolemDaWanderer> has said => Imma go grind the xp farm
[2024-03-25 21:18:59] [world] The Player <NezukoChan> has said => yo golem
[2024-03-25 21:19:00] [world] The Player <NezukoChan> has said => wsp
[2024-03-25 21:19:36] [world] The Player <NezukoChan> has said => my discord account
[2024-03-25 21:19:38] [world] The Player <NezukoChan> has said => kinda
[2024-03-25 21:19:39] [world] The Player <NezukoChan> has said => got
[2024-03-25 21:19:42] [world] The Player <NezukoChan> has said => disabled
[2024-03-25 21:19:44] [world] The Player <NezukoChan> has said => xD
[2024-03-25 21:19:48] [world] The Player <NezukoChan> has said => bc
[2024-03-25 21:19:50] [world] The Player <NezukoChan> has said => well
[2024-03-25 21:19:56] [world] The Player <NezukoChan> has said => idk if its still there
[2024-03-25 21:20:02] [world] The Player <NezukoChan> has said => but check pinned msgs
[2024-03-25 21:20:09] [world] The Player <NezukoChan> has said => in the gc
[2024-03-25 21:21:31] [world] The Player <NezukoChan> has said => lol if u could pls tell the others
[2024-03-25 21:21:42] [world] The Player <NezukoChan> has said => not permanent tho
[2024-03-25 21:21:46] [world] The Player <NezukoChan> has said => anyways
[2024-03-25 21:21:50] [world] The Player <NezukoChan> has said => cya
[2024-03-25 22:26:00] [world] The Player <Mudkips_Rule> has said => Hi guys
[2024-03-25 22:26:03] [world_the_end] The Player <NezukoChan> has said => hi
[2024-03-25 22:27:06] [world] The Player <Mudkips_Rule> has said => I will finish setting up the shop
[2024-03-25 22:27:16] [world] The Player <Mudkips_Rule> has said => My alt is loading
[2024-03-25 22:29:29] [world] The Player <Marshtomp17> has said => When is the last time that you saw char in the server???
[2024-03-25 22:30:27] [world] The Player <Mudkips_Rule> has said => have any of you seen char recently on this server???
[2024-03-25 22:30:53] [world] The Player <Mudkips_Rule> has said => Marshtomp17 Is my Alt
[2024-03-25 22:31:12] [world] The Player <Marshtomp17> has said => Yes Mudkips_Rule is my main
[2024-03-25 22:32:22] [world] The Player <Mudkips_Rule> has said => Has anyone seen char recently???
[2024-03-25 22:32:32] [world] The Player <GolemDaWanderer> has said => yeah
[2024-03-25 22:32:37] [world] The Player <Mudkips_Rule> has said => I need him to confirm my purchase
[2024-03-25 22:33:44] [world] The Player <Marshtomp17> has said => woops I misclicked and killed my alt
[2024-03-25 22:35:44] [world] The Player <Marshtomp17> has said => golem do you know when char willbe on next???
[2024-03-25 22:35:52] [world_the_end] The Player <GolemDaWanderer> has said => I can tell char to get on rn
[2024-03-25 22:35:59] [world] The Player <Marshtomp17> has said => please do that
[2024-03-25 22:36:15] [world] The Player <Marshtomp17> has said => I might only be able to be on today
[2024-03-25 22:36:21] [world] The Player <Marshtomp17> has said => I am in costa rica
[2024-03-25 22:36:40] [world_the_end] The Player <GolemDaWanderer> has said => Char said 'in a min'
[2024-03-25 22:36:42] [world] The Player <Marshtomp17> has said => This is the only day when I am free
[2024-03-25 22:36:46] [world] The Player <Marshtomp17> has said => ok
[2024-03-25 22:38:30] [world] The Player <Marshtomp17> has said => hi can you confirm that I own this land
[2024-03-25 22:38:48] [world] The Player <Marshtomp17> has said => I just bought a store from tester on the second floor
[2024-03-25 22:39:11] [world] The Player <Marshtomp17> has said => yes
[2024-03-25 22:40:07] [world] The Player <Marshtomp17> has said => thx
[2024-03-25 22:41:36] [world] The Player <Tester> has said => hi
[2024-03-25 22:41:41] [world] The Player <Mudkips_Rule> has said => hi
[2024-03-25 22:41:54] [world] The Player <GolemDaWanderer> has said => XD
[2024-03-25 22:41:56] [world] The Player <Tester> has said => i wannnnttttt oneeeee
[2024-03-25 22:42:11] [world] The Player <Tester> has said => what tf is this
[2024-03-25 22:42:14] [world] The Player <Tester> has said => base
[2024-03-25 22:42:28] [world] The Player <Tester> has said => bro stop abusin ur powers to change my base
[2024-03-25 22:42:33] [world] The Player <Mudkips_Rule> has said => who's there???
[2024-03-25 22:42:35] [world] The Player <GolemDaWanderer> has said => DIAMOND
[2024-03-25 22:42:37] [world] The Player <Tester> has said => giv me a ak inm exchange :<
[2024-03-25 22:42:45] [world] The Player <Tester> has said => ew
[2024-03-25 22:43:02] [world] The Player <Mudkips_Rule> has said => Who just took their armour off and has invis???
[2024-03-25 22:43:10] [world] The Player <GolemDaWanderer> has said => prob char lol
[2024-03-25 22:43:19] [world] The Player <Tester> has said => BRO
[2024-03-25 22:43:23] [world] The Player <Tester> has said => WTF IS THIS
[2024-03-25 22:43:25] [world] The Player <Tester> has said => FIX IT
[2024-03-25 22:43:28] [world] The Player <Tester> has said => all da villagers
[2024-03-25 22:43:32] [world] The Player <Tester> has said => and stuff
[2024-03-25 22:43:41] [world] The Player <Mudkips_Rule> has said => I have a poison potion that lasts for 1:30 seconds for you if you don't show yourself
[2024-03-25 22:44:00] [world] The Player <GolemDaWanderer> has said => BRO
[2024-03-25 22:44:01] [world] The Player <Mudkips_Rule> has said => who is ther
[2024-03-25 22:44:05] [world] The Player <Mudkips_Rule> has said => there
[2024-03-25 22:44:19] [world] The Player <Mudkips_Rule> has said => tester is that you
[2024-03-25 22:44:27] [world] The Player <GolemDaWanderer> has said => nope
[2024-03-25 22:44:29] [world] The Player <Mudkips_Rule> has said => I sold you 10 invis potions???
[2024-03-25 22:44:33] [world] The Player <Tester> has said => I AM STRESSIN ABOUT STUFF HERE I SDONT GOT TIME TO BE THERE
[2024-03-25 22:44:47] [world] The Player <Tester> has said => ME LAGGIN LIKE HELL at 1 fps
[2024-03-25 22:44:58] [world] The Player <Mudkips_Rule> has said => I have poison for 1:30
[2024-03-25 22:44:59] [world] The Player <Tester> has said => CHNAG EITTTT
[2024-03-25 22:45:05] [world] The Player <Mudkips_Rule> has said => I hit the intruder
[2024-03-25 22:46:54] [world] The Player <Mudkips_Rule> has said => who ever is there show yourself
[2024-03-25 23:07:25] [world] The Player <TurtleDuck> has said => yo golem
[2024-03-25 23:14:41] [world] The Player <GolemDaWanderer> has said => NUKEEE
[2024-03-25 23:15:31] [world] The Player <GolemDaWanderer> has said => WTF
[2024-03-25 23:16:35] [world] The Player <GolemDaWanderer> has said => GAHH
[2024-03-25 23:16:39] [world] The Player <GolemDaWanderer> has said => gimme a nuke
[2024-03-25 23:16:49] [world] The Player <GolemDaWanderer> has said => with?
[2024-03-25 23:17:04] [world] The Player <GolemDaWanderer> has said => I got one...
[2024-03-25 23:17:17] [world_the_end] The Player <GolemDaWanderer> has said => I might...
[2024-03-25 23:17:22] [world_the_end] The Player <GolemDaWanderer> has said => Eh Ill do it
[2024-03-25 23:17:33] [world] The Player <GolemDaWanderer> has said => whats the full recipe
[2024-03-25 23:17:41] [world] The Player <GolemDaWanderer> has said => k
[2024-03-25 23:17:58] [world] The Player <GolemDaWanderer> has said => huhhh
[2024-03-25 23:17:58] [world] The Player <GolemDaWanderer> has said => wth
[2024-03-25 23:20:21] [world] The Player <GolemDaWanderer> has said => NOOOOOOO
[2024-03-25 23:20:57] [world] The Player <GolemDaWanderer> has said => XD
[2024-03-25 23:21:39] [world] The Player <GolemDaWanderer> has said => Huhhh
[2024-03-25 23:22:27] [world] The Player <NezukoChan> has said => CHAR
[2024-03-25 23:22:46] [world] The Player <NezukoChan> has said => yo golem
[2024-03-25 23:22:48] [world] The Player <GolemDaWanderer> has said => I got one :D
[2024-03-25 23:22:50] [world] The Player <NezukoChan> has said => did u see my msgs
[2024-03-25 23:22:52] [world] The Player <GolemDaWanderer> has said => wait afk brb
[2024-03-25 23:22:55] [world] The Player <GolemDaWanderer> has said => lemme check
[2024-03-25 23:23:04] [world] The Player <NezukoChan> has said => no like a long time ago
[2024-03-25 23:23:08] [world] The Player <NezukoChan> has said => when u were afk
[2024-03-25 23:58:33] [world] The Player <NezukoChan> has said => yo wtf
[2024-03-25 23:58:40] [world] The Player <GolemDaWanderer> has said => char did smth
[2024-03-25 23:58:45] [world] The Player <GolemDaWanderer> has said => yo tp rq
[2024-03-25 23:58:46] [world] The Player <NezukoChan> has said => why am i poisoned
[2024-03-25 23:58:55] [world] The Player <NezukoChan> has said => what happened
[2024-03-25 23:59:10] [world] The Player <NezukoChan> has said => my discord account got disabled
[2024-03-25 23:59:11] [world] The Player <GolemDaWanderer> has said => u got a redstone torch on u rn?
[2024-03-25 23:59:13] [world] The Player <NezukoChan> has said => ：skull"
[2024-03-25 23:59:16] [world] The Player <NezukoChan> has said => nah
[2024-03-25 23:59:19] [world] The Player <NezukoChan> has said => why
[2024-03-25 23:59:20] [world] The Player <GolemDaWanderer> has said => get one
[2024-03-25 23:59:23] [world] The Player <NezukoChan> has said => ok
[2024-03-25 23:59:29] [world] The Player <GolemDaWanderer> has said => then tp
[2024-03-26 00:00:17] [world] The Player <GolemDaWanderer> has said => tell me when ur healed
[2024-03-26 00:00:17] [world] The Player <NezukoChan> has said => our whole base is stone
[2024-03-26 00:00:20] [world] The Player <GolemDaWanderer> has said => ik
[2024-03-26 00:00:22] [world] The Player <GolemDaWanderer> has said => char replaced
[2024-03-26 00:00:39] [world] The Player <GolemDaWanderer> has said => healed?
[2024-03-26 00:00:43] [world] The Player <NezukoChan> has said => bruh did he set a repeting command block
[2024-03-26 00:01:07] [world] The Player <NezukoChan> has said => halp way
[2024-03-26 00:01:08] [world] The Player <GolemDaWanderer> has said => nvm
[2024-03-26 00:01:09] [world] The Player <NezukoChan> has said => here
[2024-03-26 00:37:51] [world] The Player <hexa> has said => yo
[2024-03-26 00:42:46] [world] The Player <Marshtomp17> has said => have any of you seen A_Random_Person on recently
[2024-03-26 00:42:49] [world] The Player <hexa> has said => no
[2024-03-26 00:44:36] [world] The Player <Marshtomp17> has said => A new shop has opened on the second floor
[2024-03-26 00:45:45] [world] The Player <Marshtomp17> has said => they sell strength potions
[2024-03-26 00:47:15] [world] The Player <GolemDaWanderer> has said => TP TO ME TO SEE A FLASH BOMB IN ACTION
[2024-03-26 00:47:19] [world] The Player <GolemDaWanderer> has said => TP TO ME TO SEE A FLASH BOMB IN ACTION
[2024-03-26 00:47:20] [world] The Player <GolemDaWanderer> has said => TP TO ME TO SEE A FLASH BOMB IN ACTION
[2024-03-26 00:47:21] [world] The Player <GolemDaWanderer> has said => TP TO ME TO SEE A FLASH BOMB IN ACTION
[2024-03-26 00:47:29] [world] The Player <GolemDaWanderer> has said => Watch
[2024-03-26 00:47:37] [world] The Player <GolemDaWanderer> has said => gimme a lever
[2024-03-26 00:47:41] [world] The Player <GolemDaWanderer> has said => or a redstone torch
[2024-03-26 00:47:58] [world] The Player <GolemDaWanderer> has said => Watch
[2024-03-26 00:48:15] [world] The Player <GolemDaWanderer> has said => like it?
[2024-03-26 00:48:24] [world] The Player <Mudkips_Rule> has said => It gives Nausia
[2024-03-26 00:48:25] [world] The Player <GolemDaWanderer> has said => Its a new server item
[2024-03-26 00:48:34] [world] The Player <Mudkips_Rule> has said => can I get one
[2024-03-26 00:48:41] [world] The Player <GolemDaWanderer> has said => 2k coins
[2024-03-26 00:48:52] [world] The Player <GolemDaWanderer> has said => just do /pay GolemDaWanderer 2000
[2024-03-26 00:48:58] [world] The Player <Mudkips_Rule> has said => o never mind I only have 30 dollars
[2024-03-26 00:48:59] [world] The Player <GolemDaWanderer> has said => and u get one
[2024-03-26 00:49:16] [world] The Player <Mudkips_Rule> has said => I just set up a shop
[2024-03-26 00:49:20] [world] The Player <GolemDaWanderer> has said => then tke it for free
[2024-03-26 00:49:22] [world] The Player <GolemDaWanderer> has said => take*
[2024-03-26 00:49:30] [world] The Player <Mudkips_Rule> has said => thx
[2024-03-26 00:49:34] [world] The Player <GolemDaWanderer> has said => np
[2024-03-26 00:49:40] [world] The Player <Mudkips_Rule> has said => do you want to see my shop
[2024-03-26 00:49:46] [world] The Player <GolemDaWanderer> has said => there is also a bomb better than this
[2024-03-26 00:49:47] [world] The Player <GolemDaWanderer> has said => Sure!
[2024-03-26 00:49:51] [world] The Player <GolemDaWanderer> has said => Its the nuke
[2024-03-26 00:50:00] [world] The Player <Mudkips_Rule> has said => Nice
[2024-03-26 00:50:03] [world] The Player <GolemDaWanderer> has said => it destroys a 120x120 radius
[2024-03-26 00:50:08] [world] The Player <Mudkips_Rule> has said => WOW
[2024-03-26 00:50:12] [world] The Player <GolemDaWanderer> has said => Needs a nether star to craft
[2024-03-26 00:50:15] [world] The Player <GolemDaWanderer> has said => I have one
[2024-03-26 00:50:23] [world] The Player <Mudkips_Rule> has said => that is very useful for war
[2024-03-26 00:51:01] [world] The Player <GolemDaWanderer> has said => Isnt Marsh your alt?
[2024-03-26 00:51:07] [world] The Player <Mudkips_Rule> has said => yes
[2024-03-26 00:51:22] [world] The Player <GolemDaWanderer> has said => stock it, Ill buy some
[2024-03-26 00:51:34] [world] The Player <Marshtomp17> has said => It has 20 potions
[2024-03-26 00:51:47] [world] The Player <GolemDaWanderer> has said => it says out of stock
[2024-03-26 00:51:54] [world] The Player <Marshtomp17> has said => that is weird
[2024-03-26 00:52:11] [world] The Player <Marshtomp17> has said => My mouse just died
[2024-03-26 00:54:31] [world] The Player <Marshtomp17> has said => that is a free potion
[2024-03-26 00:56:23] [world] The Player <Marshtomp17> has said => does it work now???
[2024-03-26 00:56:28] [world] The Player <GolemDaWanderer> has said => coming
[2024-03-26 00:56:48] [world] The Player <GolemDaWanderer> has said => nope
[2024-03-26 00:57:07] [world] The Player <Marshtomp17> has said => The first 2 rows are filled
[2024-03-26 00:57:13] [world] The Player <Marshtomp17> has said => that is so weird
[2024-03-26 00:57:27] [world] The Player <Marshtomp17> has said => I can sell them manual for 6
[2024-03-26 00:57:40] [world] The Player <GolemDaWanderer> has said => wait...
[2024-03-26 00:57:42] [world] The Player <GolemDaWanderer> has said => ik why
[2024-03-26 00:57:46] [world] The Player <GolemDaWanderer> has said => nvm idk
[2024-03-26 00:57:51] [world] The Player <GolemDaWanderer> has said => Ill take 5
[2024-03-26 00:57:55] [world] The Player <Marshtomp17> has said => ok
[2024-03-26 00:58:13] [world] The Player <Marshtomp17> has said => 1 tip potion
[2024-03-26 00:58:16] [world] The Player <Marshtomp17> has said => thx
[2024-03-26 00:58:23] [world] The Player <GolemDaWanderer> has said => I gave 100 XD
[2024-03-26 00:58:59] [world] The Player <Marshtomp17> has said => thx for being my first customer
[2024-03-26 00:59:03] [world] The Player <GolemDaWanderer> has said => np
[2024-03-26 00:59:37] [world] The Player <Marshtomp17> has said => do you want any custom potions like instant damage or invis?
[2024-03-26 00:59:48] [world] The Player <GolemDaWanderer> has said => What is the price for insta dmg
[2024-03-26 00:59:48] [world] The Player <Marshtomp17> has said => we can make them
[2024-03-26 00:59:56] [world] The Player <Marshtomp17> has said => 4 per potion
[2024-03-26 01:00:00] [world] The Player <GolemDaWanderer> has said => WHAT
[2024-03-26 01:00:04] [world] The Player <GolemDaWanderer> has said => SO CHEAP!
[2024-03-26 01:00:14] [world] The Player <Marshtomp17> has said => tp to me
[2024-03-26 01:00:18] [world] The Player <GolemDaWanderer> has said => Other ppl would do like 200 per potion ngl
[2024-03-26 01:00:19] [world] The Player <GolemDaWanderer> has said => lol
[2024-03-26 01:00:19] [world] The Player <Marshtomp17> has said => Mudkips_Rule
[2024-03-26 01:00:35] [world] The Player <Mudkips_Rule> has said => tp to me
[2024-03-26 01:00:48] [world] The Player <Mudkips_Rule> has said => I can mass produce so tp to me
[2024-03-26 01:01:22] [world] The Player <Mudkips_Rule> has said => this is the factory
[2024-03-26 01:01:27] [world] The Player <GolemDaWanderer> has said => YOOOOOOOOOOOOOOOO
[2024-03-26 01:02:14] [world] The Player <Mudkips_Rule> has said => yay my mouse works
[2024-03-26 01:02:37] [world] The Player <Mudkips_Rule> has said => do you want to buy instant health
[2024-03-26 01:02:37] [world] The Player <GolemDaWanderer> has said => do you have a crafting table I can borrow
[2024-03-26 01:02:42] [world] The Player <Mudkips_Rule> has said => sure come
[2024-03-26 01:02:45] [world] The Player <GolemDaWanderer> has said => nah, insta dmg is good
[2024-03-26 01:02:50] [world] The Player <GolemDaWanderer> has said => Ill take 9 insta dmg
[2024-03-26 01:02:50] [world] The Player <Mudkips_Rule> has said => ok
[2024-03-26 01:02:56] [world] The Player <Mudkips_Rule> has said => ok
[2024-03-26 01:03:33] [world] The Player <Mudkips_Rule> has said => do you have any mushrooms
[2024-03-26 01:03:38] [world] The Player <GolemDaWanderer> has said => sadly no
[2024-03-26 01:03:47] [world] The Player <GolemDaWanderer> has said => Char
[2024-03-26 01:03:47] [world] The Player <Mudkips_Rule> has said => I am running low
[2024-03-26 01:03:59] [world] The Player <Mudkips_Rule> has said => I have enough to make 6
[2024-03-26 01:04:04] [world] The Player <GolemDaWanderer> has said => Char
[2024-03-26 01:04:08] [world] The Player <GolemDaWanderer> has said => take the dims out of my inv
[2024-03-26 01:04:18] [world] The Player <Mudkips_Rule> has said => come
[2024-03-26 01:04:25] [world] The Player <GolemDaWanderer> has said => t3
[2024-03-26 01:04:31] [world] The Player <Mudkips_Rule> has said => I will show you how to make them
[2024-03-26 01:04:48] [world] The Player <Mudkips_Rule> has said => thx
[2024-03-26 01:05:04] [world] The Player <GolemDaWanderer> has said => brb Mudkips_Rule
[2024-03-26 01:05:44] [world] The Player <GolemDaWanderer> has said => THE HELL RU DOING
[2024-03-26 01:05:47] [world] The Player <GolemDaWanderer> has said => CHAR
[2024-03-26 01:05:54] [world] The Player <GolemDaWanderer> has said => I was almost up the ladder
[2024-03-26 01:05:59] [world] The Player <GolemDaWanderer> has said => then u tped me XD
[2024-03-26 01:06:24] [world] The Player <GolemDaWanderer> has said => dis one
[2024-03-26 01:06:56] [world] The Player <GolemDaWanderer> has said => char look at the milk bucket in my inv
[2024-03-26 01:07:20] [world] The Player <GolemDaWanderer> has said => yup
[2024-03-26 01:07:22] [world] The Player <GolemDaWanderer> has said => works
[2024-03-26 01:07:39] [world] The Player <GolemDaWanderer> has said => -_-
[2024-03-26 01:08:33] [world] The Player <GolemDaWanderer> has said => char
[2024-03-26 01:08:44] [world] The Player <GolemDaWanderer> has said => Can I asku smth
[2024-03-26 01:09:02] [world] The Player <GolemDaWanderer> has said => CAN I PLSPLSPLSPLS HAVE 128 quartz blocks
[2024-03-26 01:09:09] [world] The Player <GolemDaWanderer> has said => XD
[2024-03-26 01:09:19] [world] The Player <GolemDaWanderer> has said => the eagler begger strikes again
[2024-03-26 01:09:22] [world] The Player <GolemDaWanderer> has said => YAYAYAYAY
[2024-03-26 01:09:42] [world] The Player <Mudkips_Rule> has said => 3 of them are ready
[2024-03-26 01:11:30] [world] The Player <GolemDaWanderer> has said => time to get wood
[2024-03-26 01:11:32] [world] The Player <Mudkips_Rule> has said => they are all ready
[2024-03-26 01:12:17] [world] The Player <Mudkips_Rule> has said => tp to me
[2024-03-26 01:12:24] [world] The Player <Mudkips_Rule> has said => All 6 are ready
[2024-03-26 01:12:45] [world] The Player <Mudkips_Rule> has said => Every mushroom that you have gets me 3 instant damage potions
[2024-03-26 01:13:09] [world] The Player <Mudkips_Rule> has said => char have you seen A_Random_Person Lately???
[2024-03-26 01:14:26] [world] The Player <Mudkips_Rule> has said => I can sell an instant health potion for 3
[2024-03-26 01:16:13] [world] The Player <Mudkips_Rule> has said => Do you want to buy any potions
[2024-03-26 01:16:23] [world] The Player <Mudkips_Rule> has said => They will be very cheap
[2024-03-26 01:16:39] [world] The Player <Mudkips_Rule> has said => What potions do you want?
[2024-03-26 01:17:14] [world] The Player <Mudkips_Rule> has said => I will sell strength for 4
[2024-03-26 01:17:42] [world] The Player <Mudkips_Rule> has said => Golem the potions are ready so tp to me
[2024-03-26 01:18:21] [world] The Player <Mudkips_Rule> has said => char do you want strength 6:00 or Strength 2 1:17 both being splash
[2024-03-26 01:18:43] [world] The Player <Mudkips_Rule> has said => I also have Instant health 2 potions
[2024-03-26 01:19:06] [world] The Player <Mudkips_Rule> has said => I have all of those potions ready
[2024-03-26 01:19:13] [world] The Player <Mudkips_Rule> has said => so tp to me Char
[2024-03-26 01:20:14] [world] The Player <Mudkips_Rule> has said => all but the instant damage potions in the chest are for sale
[2024-03-26 01:20:41] [world] The Player <Mudkips_Rule> has said => I have more strength at my shop
[2024-03-26 01:20:55] [world] The Player <Mudkips_Rule> has said => thx
[2024-03-26 01:23:13] [world] The Player <Mudkips_Rule> has said => Golem are you still here???
[2024-03-26 01:27:43] [world] The Player <Mudkips_Rule> has said => does anyone have wood???
[2024-03-26 01:30:44] [world] The Player <NezukoChan> has said => yo
[2024-03-26 01:30:44] [world] The Player <Mudkips_Rule> has said => nezuko potion shop has started
[2024-03-26 01:30:48] [world] The Player <NezukoChan> has said => nice
[2024-03-26 01:31:00] [world] The Player <NezukoChan> has said => golem u there
[2024-03-26 01:31:04] [world] The Player <Mudkips_Rule> has said => Come to it it is on the second floor
[2024-03-26 01:31:11] [world] The Player <Mudkips_Rule> has said => Golem is AFK
[2024-03-26 01:31:16] [world] The Player <NezukoChan> has said => ah
[2024-03-26 01:32:44] [world] The Player <Mudkips_Rule> has said => I will continue the shop on my alt
[2024-03-26 01:33:47] [world] The Player <NezukoChan> has said => oh is yours the nether brick one?
[2024-03-26 01:33:56] [world] The Player <Marshtomp17> has said => yes
[2024-03-26 01:34:00] [world] The Player <NezukoChan> has said => nice
[2024-03-26 01:35:10] [world] The Player <Marshtomp17> has said => I am still stocking up
[2024-03-26 01:35:43] [world] The Player <NezukoChan> has said => ok
[2024-03-26 01:36:01] [world] The Player <Mudkips_Rule> has said => the shops in there should work
[2024-03-26 01:37:06] [world] The Player <Mudkips_Rule> has said => I made 100 dollars and 12 diamonds so far
[2024-03-26 01:37:36] [world] The Player <Mudkips_Rule> has said => once golem is back I will make more
[2024-03-26 01:42:50] [world] The Player <NezukoChan> has said => oop
[2024-03-26 01:42:51] [world] The Player <NezukoChan> has said => mb
[2024-03-26 01:42:58] [world] The Player <NezukoChan> has said => wait nvm
[2024-03-26 01:42:59] [world] The Player <NezukoChan> has said => gtg
[2024-03-26 12:04:33] [world] The Player <Tester> has said => white ink sack????
[2024-03-26 12:04:37] [world] The Player <Tester> has said => lol
[2024-03-26 12:06:11] [world] The Player <Tester> has said => CHARMUNK
[2024-03-26 12:06:18] [world] The Player <Tester> has said => WHAT THE HELL IS THIS
[2024-03-26 12:06:42] [world] The Player <Tester> has said => MY FRICKEN BASE
[2024-03-26 12:06:48] [world] The Player <Tester> has said => WTF
[2024-03-26 12:54:13] [world] The Player <Tester> has said => the kick aint workin
[2024-03-26 12:55:59] [world] The Player <Tester> has said => internal error????
[2024-03-26 12:56:01] [world] The Player <Tester> has said => e
[2024-03-26 12:56:02] [world] The Player <Tester> has said => bye
[2024-03-26 13:25:50] [world] The Player <hexa> has said => yo
[2024-03-26 13:26:24] [world] The Player <NezukoChan> has said => yo
[2024-03-26 13:26:29] [world] The Player <NezukoChan> has said => if u see tester
[2024-03-26 13:26:31] [world] The Player <NezukoChan> has said => or char
[2024-03-26 13:26:41] [world] The Player <hexa> has said => Wanna fish w me
[2024-03-26 13:26:44] [world] The Player <NezukoChan> has said => could u tell them that my discord acc got disabled
[2024-03-26 13:26:46] [world] The Player <NezukoChan> has said => sure
[2024-03-26 13:27:07] [world] The Player <NezukoChan> has said => lemme get my rod
[2024-03-26 13:27:39] [world] The Player <hexa> has said => dude accept
[2024-03-26 13:27:57] [world] The Player <hexa> has said => where u go
[2024-03-26 13:28:00] [world] The Player <NezukoChan> has said => died
[2024-03-26 13:28:01] [world] The Player <NezukoChan> has said => xD
[2024-03-26 13:28:04] [world] The Player <hexa> has said => how
[2024-03-26 13:28:11] [world] The Player <NezukoChan> has said => 3 block fall
[2024-03-26 13:28:14] [world] The Player <hexa> has said => e
[2024-03-26 13:28:21] [world] The Player <NezukoChan> has said => what the
[2024-03-26 13:28:29] [world] The Player <NezukoChan> has said => what happpened
[2024-03-26 13:28:55] [world] The Player <hexa> has said => ima search how to speed fish
[2024-03-26 13:29:05] [world] The Player <NezukoChan> has said => ok
[2024-03-26 13:30:32] [world] The Player <hexa> has said => nope
[2024-03-26 13:34:12] [world] The Player <NezukoChan> has said => wtf there are actually no fish
[2024-03-26 13:34:16] [world] The Player <hexa> has said => ikr
[2024-03-26 13:34:18] [world] The Player <NezukoChan> has said => where are u fishing
[2024-03-26 13:34:25] [world] The Player <hexa> has said => im miingactually xd
[2024-03-26 13:34:30] [world] The Player <hexa> has said => cannt find dia
[2024-03-26 13:34:30] [world] The Player <NezukoChan> has said => lmao
[2024-03-26 21:06:10] [world] The Player <Tester> has said => hi
[2024-03-26 21:06:13] [world] The Player <GolemDaWanderer> has said => yo
[2024-03-26 21:06:15] [world] The Player <Tester> has said => the /shop help eh
[2024-03-26 21:06:29] [world] The Player <GolemDaWanderer> has said => do u have logs lmao
[2024-03-26 21:06:29] [world] The Player <Tester> has said => u bought this?
[2024-03-26 21:06:34] [world] The Player <GolemDaWanderer> has said => yup
[2024-03-26 21:06:36] [world] The Player <Tester> has said => .......
[2024-03-26 21:06:39] [world] The Player <Tester> has said => excuse me?
[2024-03-26 21:06:42] [world] The Player <GolemDaWanderer> has said => XD
[2024-03-26 21:06:43] [world] The Player <Tester> has said => 1k for a bucket??
[2024-03-26 21:06:58] [world] The Player <GolemDaWanderer> has said => bro how r u accessing these...
[2024-03-26 21:07:03] [world] The Player <Tester> has said => uh
[2024-03-26 21:07:04] [world] The Player <Tester> has said => idk
[2024-03-26 21:07:09] [world] The Player <Tester> has said => i own the third floor?
[2024-03-26 21:07:17] [world] The Player <GolemDaWanderer> has said => YOU DO?
[2024-03-26 21:07:22] [world] The Player <Tester> has said => jk
[2024-03-26 21:07:27] [world] The Player <Tester> has said => me staff
[2024-03-26 21:07:31] [world] The Player <GolemDaWanderer> has said => oh.
[2024-03-26 21:07:36] [world] The Player <GolemDaWanderer> has said => Dont take my items lol
[2024-03-26 21:07:37] [world] The Player <Tester> has said => that cant do .tp
[2024-03-26 21:07:43] [world] The Player <Tester> has said => its not workin
[2024-03-26 21:07:49] [world] The Player <Tester> has said => i wont
[2024-03-26 21:07:52] [world] The Player <Tester> has said => btw
[2024-03-26 21:07:57] [world] The Player <Tester> has said => others can prob take ur stuff
[2024-03-26 21:08:02] [world] The Player <Tester> has said => if u dont make it into shop
[2024-03-26 21:08:10] [world] The Player <GolemDaWanderer> has said => wdym
[2024-03-26 21:08:14] [world] The Player <Tester> has said => heads
[2024-03-26 21:08:22] [world] The Player <GolemDaWanderer> has said => what?
[2024-03-26 21:08:32] [world] The Player <GolemDaWanderer> has said => whats this
[2024-03-26 21:08:36] [world] The Player <Tester> has said => heads-
[2024-03-26 21:08:39] [world] The Player <GolemDaWanderer> has said => for?
[2024-03-26 21:08:52] [world] The Player <Tester> has said => destruction :>
[2024-03-26 21:08:56] [world] The Player <GolemDaWanderer> has said => huh
[2024-03-26 21:09:00] [world] The Player <GolemDaWanderer> has said => ur confusing me
[2024-03-26 21:09:01] [world] The Player <Tester> has said => lol
[2024-03-26 21:09:08] [world] The Player <GolemDaWanderer> has said => So can ppl access my shop or not?
[2024-03-26 21:09:12] [world] The Player <GolemDaWanderer> has said => and do u have op?
[2024-03-26 21:09:15] [world] The Player <Tester> has said => i mean idk
[2024-03-26 21:09:18] [world] The Player <Tester> has said => no i dont got op
[2024-03-26 21:09:27] [world] The Player <Tester> has said => wait
[2024-03-26 21:09:32] [world] The Player <Tester> has said => make ti a shop
[2024-03-26 21:09:37] [world] The Player <GolemDaWanderer> has said => How
[2024-03-26 21:09:44] [world] The Player <Tester> has said => see :>
[2024-03-26 21:09:46] [world] The Player <Tester> has said => explosion
[2024-03-26 21:10:19] [world] The Player <GolemDaWanderer> has said => tf?
[2024-03-26 21:11:16] [world] The Player <GolemDaWanderer> has said => bro..
[2024-03-26 21:11:17] [world] The Player <Tester> has said => i cant access
[2024-03-26 21:11:20] [world] The Player <GolemDaWanderer> has said => YAY
[2024-03-26 21:11:27] [world] The Player <Tester> has said => so if u make a shop it wont let u
[2024-03-26 21:11:32] [world] The Player <Tester> has said => if its normal chest it will
[2024-03-26 21:37:29] [world] The Player <GolemDaWanderer> has said => I am a hacker.
[2024-03-26 21:37:38] [world] The Player <GolemDaWanderer> has said => I have hacked this account
[2024-03-26 21:38:00] [world] The Player <GolemDaWanderer> has said => I will destroy the server.
[2024-03-26 21:49:44] [world] The Player <Tester> has said => why isint my tp workin
[2024-03-26 21:49:49] [world] The Player <Tester> has said => or any cmd
[2024-03-26 22:18:32] [world] The Player <NezukoChan> has said => yo
[2024-03-26 22:18:37] [world] The Player <GolemDaWanderer> has said => yoo
[2024-03-26 22:19:02] [world] The Player <NezukoChan> has said => uh i have this thing in my inv
[2024-03-26 22:19:10] [world] The Player <NezukoChan> has said => its called a flash bomb
[2024-03-26 22:19:17] [world] The Player <NezukoChan> has said => a renamed sponge i think
[2024-03-26 22:19:26] [world] The Player <GolemDaWanderer> has said => new item
[2024-03-26 22:19:32] [world] The Player <GolemDaWanderer> has said => nukes
[2024-03-26 22:19:35] [world] The Player <NezukoChan> has said => WHAT
[2024-03-26 22:19:39] [world] The Player <NezukoChan> has said => WHEN
[2024-03-26 22:19:43] [world] The Player <NezukoChan> has said => DID CHAR ADD
[2024-03-26 22:19:44] [world] The Player <GolemDaWanderer> has said => but thats not a nuke
[2024-03-26 22:19:49] [world] The Player <GolemDaWanderer> has said => thats a flash bomb
[2024-03-26 22:19:53] [world] The Player <NezukoChan> has said => oh
[2024-03-26 22:19:55] [world] The Player <GolemDaWanderer> has said => I have a nuke
[2024-03-26 22:19:57] [world] The Player <NezukoChan> has said => does it work
[2024-03-26 22:19:58] [world] The Player <NezukoChan> has said => damn
[2024-03-26 22:19:58] [world] The Player <GolemDaWanderer> has said => :DDDD
[2024-03-26 22:20:01] [world] The Player <GolemDaWanderer> has said => HELL YEAH
[2024-03-26 22:20:06] [world] The Player <GolemDaWanderer> has said => NUKES R FREAKING OP
[2024-03-26 22:20:12] [world] The Player <GolemDaWanderer> has said => Flashbombs suck tho
[2024-03-26 22:20:14] [world] The Player <NezukoChan> has said => lol did char say in discprd
[2024-03-26 22:20:17] [world] The Player <GolemDaWanderer> has said => yea
[2024-03-26 22:20:21] [world] The Player <NezukoChan> has said => ah
[2024-03-26 22:20:51] [world] The Player <NezukoChan> has said => how to use it
[2024-03-26 22:21:07] [world] The Player <GolemDaWanderer> has said => tp
[2024-03-26 22:22:11] [world] The Player <NezukoChan> has said => brb
[2024-03-26 22:27:52] [world] The Player <NezukoChan> has said => what happened
[2024-03-26 22:28:28] [world] The Player <NezukoChan> has said => bruh
[2024-03-26 22:35:10] [world] The Player <NezukoChan> has said => yo wsp
[2024-03-26 22:35:15] [world] The Player <Tester> has said => hi
[2024-03-26 22:35:21] [world] The Player <Tester> has said => what happened to base
[2024-03-26 22:35:25] [world_the_end] The Player <NezukoChan> has said => char
[2024-03-26 22:35:27] [world] The Player <Tester> has said => i am getting 0 fps here
[2024-03-26 22:35:27] [world_the_end] The Player <NezukoChan> has said => i think
[2024-03-26 22:35:33] [world_the_end] The Player <NezukoChan> has said => also idk if u heard
[2024-03-26 22:35:39] [world] The Player <Tester> has said => i heard it was that rip guy
[2024-03-26 22:35:41] [world_the_end] The Player <NezukoChan> has said => but my discord acc kinda got
[2024-03-26 22:35:44] [world_the_end] The Player <NezukoChan> has said => disabled
[2024-03-26 22:35:50] [world] The Player <Tester> has said => why?
[2024-03-26 22:35:56] [world_the_end] The Player <NezukoChan> has said => no the poison is char
[2024-03-26 22:36:00] [world_the_end] The Player <NezukoChan> has said => bc uh
[2024-03-26 22:36:12] [world] The Player <Tester> has said => the poison is a pufferfish
[2024-03-26 22:36:20] [world] The Player <NezukoChan> has said => idk if its still there but check the pinned msg
[2024-03-26 22:36:25] [world] The Player <Tester> has said => k
[2024-03-26 22:37:01] [world] The Player <Tester> has said => what does the message say
[2024-03-26 22:37:30] [world] The Player <NezukoChan> has said => im 12
[2024-03-26 22:37:34] [world] The Player <Tester> has said => oh
[2024-03-26 22:37:35] [world] The Player <NezukoChan> has said => :skull:
[2024-03-26 22:37:41] [world] The Player <Tester> has said => and discord caught that?
[2024-03-26 22:37:46] [world] The Player <NezukoChan> has said => yep idk how
[2024-03-26 22:37:49] [world] The Player <Tester> has said => damn
[2024-03-26 22:37:55] [world] The Player <Tester> has said => can u make a new account?
[2024-03-26 22:38:09] [world] The Player <NezukoChan> has said => now i gotta submit a photo of myself holding an identification card
[2024-03-26 22:38:14] [world] The Player <Tester> has said => damn-
[2024-03-26 22:38:20] [world] The Player <NezukoChan> has said => yea i could but i rlly dont have another email
[2024-03-26 22:38:26] [world] The Player <Tester> has said => make one?
[2024-03-26 22:38:34] [world] The Player <NezukoChan> has said => i could..
[2024-03-26 22:38:40] [world] The Player <Tester> has said => i got like 12 emails....
[2024-03-26 22:38:45] [world] The Player <NezukoChan> has said => lmao
[2024-03-26 22:38:51] [world] The Player <Tester> has said => just for miniblox
[2024-03-26 22:38:53] [world] The Player <Tester> has said => they gone now
[2024-03-26 22:38:58] [world] The Player <NezukoChan> has said => dont u need a phone number for each one?
[2024-03-26 22:39:03] [world] The Player <Tester> has said => erm
[2024-03-26 22:39:06] [world] The Player <Tester> has said => i think so
[2024-03-26 22:39:09] [world] The Player <NezukoChan> has said => hi char
[2024-03-26 22:39:09] [world] The Player <Tester> has said => hi...
[2024-03-26 22:39:12] [world] The Player <Tester> has said => fix my base-
[2024-03-26 22:39:14] [world] The Player <NezukoChan> has said => wait do u know
[2024-03-26 22:39:18] [world] The Player <Tester> has said => i cant do /tp
[2024-03-26 22:39:21] [world] The Player <Tester> has said => it saus no perms
[2024-03-26 22:39:31] [world] The Player <Tester> has said => or the /sf kick
[2024-03-26 22:39:45] [world] The Player <Tester> has said => erm nope
[2024-03-26 22:39:52] [world] The Player <Tester> has said => let me rejoin
[2024-03-26 22:40:07] [world] The Player <Tester> has said => it worked
[2024-03-26 22:40:15] [world] The Player <Tester> has said => my base?
[2024-03-26 22:40:18] [world] The Player <Tester> has said => k tp there
[2024-03-26 22:40:27] [world] The Player <Tester> has said => tp to me
[2024-03-26 22:40:34] [world] The Player <Tester> has said => 0 fps
[2024-03-26 22:41:05] [world] The Player <Tester> has said => me dyin of poison
[2024-03-26 22:41:11] [world] The Player <Tester> has said => at 1 fps
[2024-03-26 22:41:19] [world] The Player <NezukoChan> has said => back
[2024-03-26 22:41:36] [world] The Player <NezukoChan> has said => char remember how i said im 12 in swedish or smth
[2024-03-26 22:41:51] [world] The Player <NezukoChan> has said => my acc got disabled bc of that
[2024-03-26 22:42:02] [world] The Player <NezukoChan> has said => lol
[2024-03-26 22:42:08] [world] The Player <NezukoChan> has said => now i gotta verify age
[2024-03-26 22:42:11] [world] The Player <NezukoChan> has said => goofy
[2024-03-26 22:42:25] [world] The Player <NezukoChan> has said => what did u send my
[2024-03-26 22:42:27] [world] The Player <NezukoChan> has said => me
[2024-03-26 22:42:39] [world] The Player <NezukoChan> has said => it said i got msgs from u
[2024-03-26 22:42:47] [world] The Player <NezukoChan> has said => in my gmail
[2024-03-26 22:42:56] [world] The Player <NezukoChan> has said => oh
[2024-03-26 22:42:59] [world] The Player <NezukoChan> has said => nuttin
[2024-03-26 22:43:00] [world] The Player <NezukoChan> has said => nvm
[2024-03-26 22:43:01] [world] The Player <Tester> has said => although this is gonnahurt my soul.... my villagers gonna be gone but can u kill all da entity here?
[2024-03-26 22:43:14] [world] The Player <NezukoChan> has said => fr what
[2024-03-26 22:43:16] [world] The Player <Tester> has said => SEE
[2024-03-26 22:43:17] [world] The Player <NezukoChan> has said => i thought that was u
[2024-03-26 22:43:23] [world] The Player <NezukoChan> has said => there also withere
[2024-03-26 22:43:24] [world] The Player <Tester> has said => its not him
[2024-03-26 22:43:37] [world] The Player <Tester> has said => me at 1 fps over here
[2024-03-26 22:43:51] [world] The Player <NezukoChan> has said => tf
[2024-03-26 22:44:00] [world] The Player <Tester> has said => 6 fps
[2024-03-26 22:44:01] [world] The Player <Tester> has said => 7
[2024-03-26 22:44:04] [world] The Player <Tester> has said => holy
[2024-03-26 22:44:11] [world] The Player <Tester> has said => i just saw 2k villagers die
[2024-03-26 22:44:13] [world] The Player <Tester> has said => in this hole
[2024-03-26 22:44:15] [world] The Player <NezukoChan> has said => noooo
[2024-03-26 22:44:16] [world] The Player <NezukoChan> has said => whyy
[2024-03-26 22:44:21] [world] The Player <Tester> has said => IKR
[2024-03-26 22:44:24] [world] The Player <Tester> has said => TF
[2024-03-26 22:44:25] [world] The Player <NezukoChan> has said => bro
[2024-03-26 22:44:29] [world] The Player <Tester> has said => put us in spc
[2024-03-26 22:44:31] [world] The Player <Tester> has said => spece
[2024-03-26 22:44:35] [world] The Player <Tester> has said => i wanna see stuff here
[2024-03-26 22:44:35] [world] The Player <NezukoChan> has said => how do u guys not know
[2024-03-26 22:44:45] [world] The Player <NezukoChan> has said => this is obv the work of a cmd block
[2024-03-26 22:44:55] [world] The Player <Tester> has said => ikr
[2024-03-26 22:44:58] [world] The Player <Tester> has said => nothin here...
[2024-03-26 22:45:02] [world] The Player <NezukoChan> has said => ty
[2024-03-26 22:45:10] [world] The Player <Tester> has said => no poison at spawn
[2024-03-26 22:45:18] [world] The Player <NezukoChan> has said => only our base
[2024-03-26 22:45:19] [world] The Player <Tester> has said => afk for 2 min
[2024-03-26 22:45:28] [world] The Player <NezukoChan> has said => wait can u check replay
[2024-03-26 22:45:35] [world] The Player <NezukoChan> has said => ok
[2024-03-26 22:45:40] [world] The Player <NezukoChan> has said => oh
[2024-03-26 22:46:24] [world] The Player <NezukoChan> has said => wtf
[2024-03-26 22:47:09] [world] The Player <NezukoChan> has said => could u give me nv
[2024-03-26 22:47:47] [world] The Player <NezukoChan> has said => lmao its like a beacon but with bad effects
[2024-03-26 22:47:56] [world] The Player <NezukoChan> has said => see
[2024-03-26 22:48:04] [world] The Player <NezukoChan> has said => come near the portal
[2024-03-26 22:48:11] [world] The Player <Tester> has said => back
[2024-03-26 22:48:16] [world] The Player <NezukoChan> has said => now wither too
[2024-03-26 22:48:28] [world] The Player <Tester> has said => ?
[2024-03-26 22:48:39] [world] The Player <Tester> has said => noooo
[2024-03-26 22:48:42] [world] The Player <NezukoChan> has said => ?
[2024-03-26 22:48:43] [world] The Player <Tester> has said => my chickens gone sad
[2024-03-26 22:48:50] [world] The Player <NezukoChan> has said => bruh
[2024-03-26 22:48:59] [world] The Player <Tester> has said => what is this....
[2024-03-26 22:49:04] [world] The Player <NezukoChan> has said => oh thats why ur slime is dead
[2024-03-26 22:49:08] [world] The Player <Tester> has said => e
[2024-03-26 22:49:16] [world] The Player <NezukoChan> has said => oh thats the netherend portal
[2024-03-26 22:49:20] [world] The Player <Tester> has said => ah
