[2024-03-26 22:50:49] [world] The Player <Tester> has said => oh
[2024-03-26 22:50:57] [world] The Player <Tester> has said => weird
[2024-03-26 22:51:02] [world] The Player <Tester> has said => yea-
[2024-03-26 22:51:09] [world] The Player <NezukoChan> has said => what happened
[2024-03-26 22:51:12] [world] The Player <Tester> has said => command block
[2024-03-26 22:51:14] [world] The Player <NezukoChan> has said => nice
[2024-03-26 22:51:15] [world] The Player <Tester> has said => someone did it
[2024-03-26 22:51:19] [world] The Player <NezukoChan> has said => yea
[2024-03-26 22:51:23] [world] The Player <NezukoChan> has said => someone
[2024-03-26 22:51:26] [world] The Player <NezukoChan> has said => with admin'
[2024-03-26 22:51:31] [world] The Player <Tester> has said => maybe koi???
[2024-03-26 22:51:31] [world] The Player <NezukoChan> has said => or creative
[2024-03-26 22:51:37] [world] The Player <Tester> has said => i mean he kinda hates me
[2024-03-26 22:51:41] [world] The Player <NezukoChan> has said => hmm
[2024-03-26 22:51:44] [world] The Player <NezukoChan> has said => i dont think so
[2024-03-26 22:51:50] [world] The Player <NezukoChan> has said => i sau him 2 days ago
[2024-03-26 22:51:51] [world] The Player <NezukoChan> has said => irl
[2024-03-26 22:51:54] [world] The Player <Tester> has said => oh
[2024-03-26 22:52:11] [world] The Player <NezukoChan> has said => did u delete them
[2024-03-26 22:52:23] [world] The Player <Tester> has said => -
[2024-03-26 22:52:26] [world] The Player <NezukoChan> has said => what
[2024-03-26 22:52:37] [world] The Player <NezukoChan> has said => try near portal?
[2024-03-26 22:52:59] [world] The Player <Tester> has said => k
[2024-03-26 22:53:02] [world] The Player <NezukoChan> has said => theres not rlly a way
[2024-03-26 22:53:07] [world] The Player <Tester> has said => i cant do /tp again-
[2024-03-26 22:53:08] [world] The Player <Tester> has said => e
[2024-03-26 22:53:08] [world] The Player <NezukoChan> has said => they are full blocks
[2024-03-26 22:53:16] [world] The Player <Tester> has said => tp me to u
[2024-03-26 22:53:27] [world] The Player <NezukoChan> has said => whos
[2024-03-26 22:53:28] [world] The Player <NezukoChan> has said => ok
[2024-03-26 22:53:29] [world] The Player <NezukoChan> has said => hi
[2024-03-26 22:53:43] [world] The Player <Tester> has said => lag at base again is it just me?
[2024-03-26 22:53:49] [world] The Player <Tester> has said => 1 fps
[2024-03-26 22:53:53] [world] The Player <Tester> has said => oh
[2024-03-26 22:53:53] [world] The Player <NezukoChan> has said => im getting 95 fps
[2024-03-26 22:54:04] [world] The Player <Tester> has said => weird
[2024-03-26 22:54:21] [world] The Player <NezukoChan> has said => why do new players spawn ontop of the temple
[2024-03-26 22:54:21] [world] The Player <Tester> has said => i found problem it was my tabs-
[2024-03-26 22:54:25] [world] The Player <NezukoChan> has said => oh lol
[2024-03-26 22:55:04] [world] The Player <NezukoChan> has said => idk if its just me but that skin looks like ivorys skin but blue
[2024-03-26 22:55:18] [world] The Player <Tester> has said => gimmie ur 10 ems!
[2024-03-26 22:55:21] [world] The Player <NezukoChan> has said => oh i for got u could enter ppl
[2024-03-26 22:55:31] [world] The Player <NezukoChan> has said => oop
[2024-03-26 22:55:32] [world] The Player <NezukoChan> has said => like
[2024-03-26 22:55:33] [world] The Player <Tester> has said => chaar giv me like creative or survivla for a sec
[2024-03-26 22:55:35] [world] The Player <NezukoChan> has said => spectate them
[2024-03-26 22:55:38] [world] The Player <Tester> has said => oh
[2024-03-26 22:55:48] [world] The Player <Tester> has said => e
[2024-03-26 22:55:50] [world] The Player <Tester> has said => my ems
[2024-03-26 22:55:56] [world] The Player <NezukoChan> has said => oop
[2024-03-26 22:56:17] [world] The Player <NezukoChan> has said => lmao
[2024-03-26 22:56:21] [world] The Player <NezukoChan> has said => owner
[2024-03-26 22:56:25] [world] The Player <NezukoChan> has said => has half op
[2024-03-26 22:56:47] [world] The Player <Tester> has said => weird
[2024-03-26 22:56:51] [world] The Player <NezukoChan> has said => what
[2024-03-26 22:57:00] [world] The Player <Tester> has said => me need villagers back
[2024-03-26 22:57:05] [world] The Player <NezukoChan> has said => hehe ull never catch me
[2024-03-26 22:57:29] [world] The Player <NezukoChan> has said => IM OUT
[2024-03-26 22:57:32] [world] The Player <NezukoChan> has said => OF SPRINT
[2024-03-26 22:58:08] [world] The Player <NezukoChan> has said => same
[2024-03-26 22:58:16] [world] The Player <NezukoChan> has said => bruh a creeper blew me up
[2024-03-26 22:59:37] [world] The Player <Tester> has said => i love that my /tp aint workin :D
[2024-03-26 22:59:40] [world] The Player <NezukoChan> has said => lol
[2024-03-26 23:00:06] [world] The Player <NezukoChan> has said => why are u the only one that gest kicked
[2024-03-26 23:00:32] [world] The Player <Feathery> has said => hello!
[2024-03-26 23:00:35] [world] The Player <NezukoChan> has said => hi :D
[2024-03-26 23:00:55] [world] The Player <Feathery> has said => ouch
[2024-03-26 23:01:00] [world] The Player <Feathery> has said => oh hello nezuko!
[2024-03-26 23:01:11] [world] The Player <Tester> has said => Feathery are u that person from miniblox
[2024-03-26 23:01:19] [world] The Player <Tester> has said => changed name?
[2024-03-26 23:04:43] [world] The Player <Feathery> has said => so uhh
[2024-03-26 23:04:48] [world] The Player <Feathery> has said => whats with the 12fps im getting
[2024-03-26 23:05:00] [world] The Player <Feathery> has said => its still 12fps
[2024-03-26 23:05:13] [world] The Player <Feathery> has said => do shaders make you lag?
[2024-03-26 23:05:19] [world] The Player <Feathery> has said => since thats maybe why
[2024-03-26 23:05:37] [world] The Player <Feathery> has said => better graphics with no shaders
[2024-03-26 23:05:48] [world] The Player <Feathery> has said => why do i got 10 emeralds?
[2024-03-26 23:06:37] [world] The Player <Feathery> has said => so uhhh what do i do here
[2024-03-26 23:06:48] [world] The Player <Feathery> has said => like my skin?
[2024-03-26 23:07:01] [world] The Player <Feathery> has said => i am a gal now.
[2024-03-26 23:07:03] [world] The Player <Feathery> has said => give me
[2024-03-26 23:07:13] [world] The Player <Feathery> has said => i wanna help build (fr)
[2024-03-26 23:07:17] [world] The Player <Feathery> has said => both.
[2024-03-26 23:08:03] [world] The Player <NezukoChan> has said => hi
[2024-03-26 23:13:07] [world] The Player <NezukoChan> has said => lol
[2024-03-26 23:13:09] [world] The Player <NezukoChan> has said => back
[2024-03-26 23:13:23] [world] The Player <NezukoChan> has said => i use 3rd to run away
[2024-03-26 23:13:44] [world] The Player <NezukoChan> has said => feather has admin?
[2024-03-26 23:13:58] [world] The Player <NezukoChan> has said => oh nice
[2024-03-26 23:14:14] [world] The Player <NezukoChan> has said => apex?
[2024-03-26 23:14:28] [world] The Player <NezukoChan> has said => what did u play in mb
[2024-03-26 23:14:40] [world] The Player <NezukoChan> has said => ah
[2024-03-26 23:14:55] [world] The Player <NezukoChan> has said => oh like worlds>
[2024-03-26 23:15:36] [world] The Player <NezukoChan> has said => bro has da power
[2024-03-26 23:16:32] [world] The Player <NezukoChan> has said => bro what
[2024-03-26 23:16:36] [world] The Player <NezukoChan> has said => what killed me
[2024-03-26 23:16:36] [world] The Player <Tester> has said => ME TOO
[2024-03-26 23:16:44] [world] The Player <Tester> has said => I AM GOOD BUILDER
[2024-03-26 23:16:50] [world_nether] The Player <NezukoChan> has said => lol
[2024-03-26 23:16:51] [world] The Player <Tester> has said => U HAV NEVR SEEN MY TALENTS
[2024-03-26 23:17:09] [world_nether] The Player <NezukoChan> has said => splef
[2024-03-26 23:17:10] [world] The Player <Tester> has said => Me can build stuff..........
[2024-03-26 23:17:13] [world] The Player <Tester> has said => and spleef :>
[2024-03-26 23:17:18] [world] The Player <Tester> has said => eh decent
[2024-03-26 23:17:20] [world] The Player <Tester> has said => i suppose
[2024-03-26 23:17:27] [world] The Player <Tester> has said => i had otehr worlds u know
[2024-03-26 23:17:34] [world] The Player <Tester> has said => i nevwr showed
[2024-03-26 23:17:36] [world] The Player <NezukoChan> has said => wtf i forgot how fast lava flows in nether
[2024-03-26 23:17:37] [world] The Player <Tester> has said => i had in private
[2024-03-26 23:17:45] [world] The Player <Tester> has said => it does?
[2024-03-26 23:17:52] [world_nether] The Player <NezukoChan> has said => yes
[2024-03-26 23:17:54] [world_nether] The Player <NezukoChan> has said => tp
[2024-03-26 23:17:54] [world] The Player <Tester> has said => i had to delete one world i had sadly
[2024-03-26 23:17:57] [world_nether] The Player <NezukoChan> has said => wait nvm u cant
[2024-03-26 23:17:58] [world] The Player <Tester> has said => to make a new map
[2024-03-26 23:18:02] [world] The Player <Tester> has said => it was a city project
[2024-03-26 23:18:09] [world] The Player <Tester> has said => thewn,.....
[2024-03-26 23:18:09] [world_nether] The Player <NezukoChan> has said => ok waht the actual g
[2024-03-26 23:18:12] [world] The Player <Tester> has said => vector added more slots
[2024-03-26 23:18:16] [world] The Player <Tester> has said => i still regret it-
[2024-03-26 23:18:26] [world] The Player <Tester> has said => had been workin on it for like 2 months-
[2024-03-26 23:18:28] [world_nether] The Player <NezukoChan> has said => bro theres an ivis mob
[2024-03-26 23:18:32] [world_nether] The Player <NezukoChan> has said => what is it
[2024-03-26 23:18:37] [world] The Player <Tester> has said => why cant i /tp to nezzzz
[2024-03-26 23:18:38] [world_nether] The Player <NezukoChan> has said => hellp
[2024-03-26 23:18:53] [world_nether] The Player <Tester> has said => where
[2024-03-26 23:18:59] [world_nether] The Player <NezukoChan> has said => look
[2024-03-26 23:19:05] [world_nether] The Player <Tester> has said => ?
[2024-03-26 23:19:07] [world_nether] The Player <Tester> has said => i see
[2024-03-26 23:19:10] [world_nether] The Player <Tester> has said => so fast
[2024-03-26 23:19:12] [world_nether] The Player <NezukoChan> has said => fr
[2024-03-26 23:19:15] [world_nether] The Player <Tester> has said => the tick speed is so fast for it
[2024-03-26 23:19:22] [world_nether] The Player <Tester> has said => SLIME
[2024-03-26 23:19:23] [world_nether] The Player <Tester> has said => WHY
[2024-03-26 23:19:26] [world_nether] The Player <NezukoChan> has said => lmao
[2024-03-26 23:19:28] [world_nether] The Player <Tester> has said => WOULD U KAMAKAZI
[2024-03-26 23:19:29] [world_nether] The Player <Tester> has said => INTO IT
[2024-03-26 23:19:36] [world_nether] The Player <NezukoChan> has said => gtg
[2024-03-26 23:19:36] [world_nether] The Player <Tester> has said => hi
[2024-03-26 23:19:37] [world_nether] The Player <NezukoChan> has said => cya
[2024-03-26 23:19:38] [world_nether] The Player <Tester> has said => bye
[2024-03-26 23:19:46] [world_nether] The Player <Tester> has said => -
[2024-03-26 23:19:48] [world_nether] The Player <Tester> has said => uh
[2024-03-26 23:19:50] [world_nether] The Player <NezukoChan> has said => also could one of u tell certified
[2024-03-26 23:19:53] [world_nether] The Player <NezukoChan> has said => abt my acc
[2024-03-26 23:19:55] [world_nether] The Player <Tester> has said => ye
[2024-03-26 23:19:56] [world_nether] The Player <NezukoChan> has said => lol
[2024-03-26 23:19:56] [world_nether] The Player <NezukoChan> has said => ty
[2024-03-26 23:19:57] [world_nether] The Player <Tester> has said => char did
[2024-03-26 23:20:24] [world_nether] The Player <Tester> has said => hi
[2024-03-26 23:21:09] [world] The Player <Tester> has said => i can
[2024-03-26 23:21:27] [world] The Player <Tester> has said => e
[2024-03-26 23:21:30] [world] The Player <Tester> has said => i cant do /tp
[2024-03-26 23:22:04] [world] The Player <Tester> has said => mods are weird for eagler
[2024-03-26 23:22:26] [world] The Player <Tester> has said => ye
[2024-03-26 23:22:28] [world] The Player <Tester> has said => i think
[2024-03-26 23:22:41] [world] The Player <Tester> has said => unless u put string-
[2024-03-26 23:22:43] [world] The Player <Tester> has said => i think?
[2024-03-26 23:23:00] [world] The Player <Tester> has said => #bad design for milk
[2024-03-26 23:23:05] [world] The Player <Tester> has said => all da skele out here
[2024-03-26 23:23:23] [world] The Player <Tester> has said => me cant do any cmds~~
[2024-03-26 23:24:25] [world] The Player <Tester> has said => sooo me gettin builder?
[2024-03-26 23:24:29] [world] The Player <Tester> has said => me can help build
[2024-03-26 23:25:16] [world] The Player <Tester> has said => Feathery
[2024-03-26 23:25:22] [world] The Player <Tester> has said => do /sf accept
[2024-03-26 23:25:24] [world] The Player <Tester> has said => or soemthin
[2024-03-26 23:26:11] [world] The Player <Tester> has said => ye-
[2024-03-26 23:26:20] [world] The Player <Tester> has said => e
[2024-03-26 23:26:26] [world] The Player <Tester> has said => no perms~
[2024-03-26 23:26:29] [world] The Player <Tester> has said => for anythin
[2024-03-26 23:26:31] [world] The Player <Tester> has said => erm
[2024-03-26 23:26:51] [world] The Player <Tester> has said => i had a way out-
[2024-03-26 23:26:55] [world] The Player <Tester> has said => prob by dyin
[2024-03-26 23:27:21] [world] The Player <Tester> has said => e
[2024-03-26 23:27:26] [world] The Player <Tester> has said => ?
[2024-03-26 23:27:27] [world] The Player <Tester> has said => oh
[2024-03-26 23:27:29] [world] The Player <Tester> has said => cmd
[2024-03-26 23:27:30] [world] The Player <Tester> has said => hi
[2024-03-26 23:27:39] [world] The Player <Tester> has said => me want to make somethin
[2024-03-26 23:27:57] [world] The Player <Tester> has said => ?
[2024-03-26 23:28:00] [world] The Player <Tester> has said => what area
[2024-03-26 23:28:08] [world] The Player <Tester> has said => GOD IS GoD CHARMUNK
[2024-03-26 23:28:12] [world] The Player <Tester> has said => GOD CHARMUNK
[2024-03-26 23:28:15] [world] The Player <Tester> has said => GIV ME BUILDER
[2024-03-26 23:28:18] [world] The Player <Tester> has said => I WISH TO HELP
[2024-03-26 23:28:28] [world] The Player <Tester> has said => lol
[2024-03-26 23:28:48] [world] The Player <Tester> has said => e
[2024-03-26 23:29:05] [world] The Player <Tester> has said => me need builder-
[2024-03-26 23:30:57] [world] The Player <GolemDaWanderer> has said => Milk?
[2024-03-26 23:31:04] [world] The Player <GolemDaWanderer> has said => Turtle?
[2024-03-26 23:51:27] [world_nether] The Player <NezukoChan> has said => oops
[2024-03-26 23:51:31] [world_nether] The Player <NezukoChan> has said => hi feathery
[2024-03-26 23:54:14] [world_nether] The Player <NezukoChan> has said => yo what
[2024-03-26 23:54:20] [world_nether] The Player <NezukoChan> has said => spectator?
[2024-03-26 23:54:52] [world_nether] The Player <NezukoChan> has said => what
[2024-03-26 23:54:58] [world] The Player <NezukoChan> has said => where did u leave it?
[2024-03-26 23:55:38] [world] The Player <NezukoChan> has said => oh
[2024-03-26 23:55:43] [world] The Player <NezukoChan> has said => do /tpa [username]
[2024-03-26 23:56:13] [world] The Player <NezukoChan> has said => wait since u have mod u could just do /tp [usrename]
[2024-03-26 23:56:21] [world] The Player <NezukoChan> has said => thanks
[2024-03-26 23:56:26] [world] The Player <NezukoChan> has said => is that ivory?
[2024-03-26 23:56:30] [world] The Player <NezukoChan> has said => but blue
[2024-03-26 23:56:39] [world] The Player <NezukoChan> has said => ah
[2024-03-26 23:56:46] [world] The Player <NezukoChan> has said => lol
[2024-03-26 23:57:20] [world] The Player <NezukoChan> has said => hmm
[2024-03-26 23:57:24] [world] The Player <NezukoChan> has said => lemme check
[2024-03-26 23:57:28] [world] The Player <NezukoChan> has said => oop
[2024-03-26 23:57:34] [world] The Player <NezukoChan> has said => lol
[2024-03-26 23:58:01] [world] The Player <NezukoChan> has said => uh lower ur render distance
[2024-03-26 23:58:05] [world] The Player <NezukoChan> has said => make graphics fast
[2024-03-26 23:58:14] [world] The Player <NezukoChan> has said => also clouds fast
[2024-03-26 23:58:24] [world] The Player <NezukoChan> has said => and turn fog off
[2024-03-26 23:59:14] [world] The Player <NezukoChan> has said => nice
[2024-03-27 00:00:12] [world] The Player <NezukoChan> has said => aight
[2024-03-27 00:01:25] [world] The Player <NezukoChan> has said => yea u should
[2024-03-27 00:01:34] [world] The Player <NezukoChan> has said => i mean the textures arent bad
[2024-03-27 00:01:42] [world] The Player <NezukoChan> has said => theyre just not the best
[2024-03-27 00:02:47] [world] The Player <NezukoChan> has said => ohh
[2024-03-27 00:03:04] [world] The Player <NezukoChan> has said => i didnt know she made music
[2024-03-27 00:04:08] [world] The Player <NezukoChan> has said => damn
[2024-03-27 00:04:33] [world] The Player <NezukoChan> has said => sure
[2024-03-27 00:04:58] [world] The Player <NezukoChan> has said => lol some of the admins did /replace
[2024-03-27 00:05:07] [world] The Player <NezukoChan> has said => it wasnt all planks before
[2024-03-27 00:05:15] [world] The Player <NezukoChan> has said => yes
[2024-03-27 00:05:21] [world] The Player <NezukoChan> has said => whattt
[2024-03-27 00:05:36] [world] The Player <NezukoChan> has said => lol2.5 hearts
[2024-03-27 00:05:44] [world] The Player <NezukoChan> has said => lmao
[2024-03-27 00:06:26] [world] The Player <NezukoChan> has said => lol
[2024-03-27 00:06:29] [world] The Player <NezukoChan> has said => i gtg
[2024-03-27 01:43:44] [world] The Player <Tester> has said => sure
[2024-03-27 01:43:52] [world] The Player <Tester> has said => k
[2024-03-27 01:44:01] [world] The Player <Tester> has said => me want!
[2024-03-27 01:44:07] [world] The Player <Tester> has said => 1 wont do any harm
[2024-03-27 01:44:11] [world] The Player <Tester> has said => k
[2024-03-27 02:25:24] [world] The Player <GolemDaWanderer> has said => tp
[2024-03-27 02:26:03] [world] The Player <GolemDaWanderer> has said => sure
[2024-03-27 02:26:10] [world] The Player <GolemDaWanderer> has said => XD
[2024-03-27 02:27:01] [world] The Player <GolemDaWanderer> has said => im at spawn
[2024-03-27 02:27:10] [world] The Player <GolemDaWanderer> has said => this it?
[2024-03-27 02:27:15] [world] The Player <GolemDaWanderer> has said => NOICE
[2024-03-27 02:27:20] [world] The Player <GolemDaWanderer> has said => YOOO
[2024-03-27 02:28:11] [world] The Player <GolemDaWanderer> has said => ?
[2024-03-27 02:34:06] [world] The Player <Tester> has said => i wanna help
[2024-03-27 02:34:35] [world] The Player <Tester> has said => QUESTON IS.....
[2024-03-27 02:34:44] [world] The Player <Tester> has said => why a cabin thing next to a skyscraper-
[2024-03-27 02:35:07] [world] The Player <Tester> has said => e
[2024-03-27 02:35:13] [world] The Player <Tester> has said => kk
[2024-03-27 02:42:58] [world] The Player <Tester> has said => testin skins
[2024-03-27 02:43:13] [world] The Player <Tester> has said => yes :>
[2024-03-27 02:43:18] [world] The Player <Tester> has said => thats what i do
[2024-03-27 02:43:25] [world] The Player <Tester> has said => i am a tester
[2024-03-27 02:56:05] [world] The Player <Tester> has said => EHH
[2024-03-27 02:56:10] [world] The Player <Tester> has said => banner?
[2024-03-27 02:56:42] [world] The Player <Tester> has said => COMMUNISH
[2024-03-27 02:56:44] [world] The Player <Tester> has said => ah
[2024-03-27 02:56:50] [world] The Player <Tester> has said => add god apple
[2024-03-27 02:57:47] [world] The Player <Tester> has said => IW ANT
[2024-03-27 02:57:52] [world] The Player <Tester> has said => me buy
[2024-03-27 02:58:03] [world] The Player <Tester> has said => how much
[2024-03-27 02:58:08] [world] The Player <Tester> has said => me admin
[2024-03-27 02:58:15] [world] The Player <Tester> has said => [staff]
[2024-03-27 02:58:38] [world] The Player <Tester> has said => giv banner
[2024-03-27 02:58:56] [world] The Player <Tester> has said => ?
[2024-03-27 03:00:14] [world] The Player <Tester> has said => oh oop
[2024-03-27 03:01:05] [world] The Player <Tester> has said => Feathery
[2024-03-27 03:01:10] [world] The Player <Tester> has said => spawn me villagers
[2024-03-27 03:01:16] [world] The Player <Tester> has said => mine got killed
[2024-03-27 03:01:19] [world] The Player <Tester> has said => by char
[2024-03-27 03:02:14] [world] The Player <Tester> has said => here
[2024-03-27 03:02:59] [world] The Player <Tester> has said => i had sharp 5 unbreakin 3 fire aspect 2
[2024-03-27 03:03:03] [world] The Player <Tester> has said => so much
[2024-03-27 03:03:12] [world] The Player <Tester> has said => then char killed all entity-
[2024-03-27 03:04:04] [world] The Player <Tester> has said => eh worse than 5
[2024-03-27 03:05:12] [world] The Player <Tester> has said => nice
[2024-03-27 03:05:20] [world] The Player <Tester> has said => i had a silktouch guy
[2024-03-27 03:05:40] [world] The Player <Tester> has said => they dont restock
[2024-03-27 03:05:46] [world] The Player <Tester> has said => they dont sleep
[2024-03-27 03:06:08] [world] The Player <Tester> has said => yeae
[2024-03-27 03:06:12] [world] The Player <Tester> has said => trash trades
[2024-03-27 03:06:27] [world] The Player <Tester> has said => i got 2 spider farms
[2024-03-27 03:06:48] [world] The Player <Tester> has said => get a fletcher
[2024-03-27 03:07:21] [world] The Player <Tester> has said => just giv me villager eggs i will do it
[2024-03-27 03:07:57] [world] The Player <Tester> has said => cheaper
[2024-03-27 03:07:59] [world] The Player <Tester> has said => silk
[2024-03-27 03:08:04] [world] The Player <Tester> has said => kill other
[2024-03-27 03:08:13] [world] The Player <Tester> has said => my silk was 11
[2024-03-27 03:08:16] [world] The Player <Tester> has said => before
[2024-03-27 03:08:30] [world] The Player <Tester> has said => never put blacksmith
[2024-03-27 03:08:33] [world] The Player <Tester> has said => they bad
[2024-03-27 03:08:39] [world] The Player <Tester> has said => without enchnated tool
[2024-03-27 03:11:02] [world] The Player <Tester> has said => wanna see my farm
[2024-03-27 03:11:47] [world] The Player <Tester> has said => i get xp
[2024-03-27 03:11:51] [world] The Player <Tester> has said => from this
[2024-03-27 03:12:18] [world] The Player <Tester> has said => press q
[2024-03-27 03:12:33] [world] The Player <Tester> has said => duh-
[2024-03-27 03:12:49] [world] The Player <Tester> has said => throw it
[2024-03-27 03:13:07] [world] The Player <Tester> has said => oh
[2024-03-27 03:13:13] [world] The Player <Tester> has said => i wanna see
[2024-03-27 03:13:58] [world] The Player <Tester> has said => .........
[2024-03-27 03:14:01] [world] The Player <Tester> has said => NOOOOOOOOOO
[2024-03-27 03:14:09] [world] The Player <Tester> has said => .......................
[2024-03-27 03:14:15] [world] The Player <Tester> has said => M<Y MASTERPIECE
[2024-03-27 03:14:19] [world] The Player <Tester> has said => not just a door
[2024-03-27 03:14:23] [world] The Player <Tester> has said => its a system
[2024-03-27 03:14:34] [world] The Player <Tester> has said => filter
[2024-03-27 03:14:37] [world] The Player <Tester> has said => hhere
[2024-03-27 03:15:20] [world] The Player <Tester> has said => when da hell-
[2024-03-27 03:15:27] [world] The Player <Tester> has said => did creepers explode
[2024-03-27 03:16:22] [world] The Player <Tester> has said => watch this
[2024-03-27 03:16:42] [world] The Player <Tester> has said => what for ak
[2024-03-27 03:16:53] [world] The Player <Tester> has said => loook
[2024-03-27 03:18:08] [world] The Player <Tester> has said => giv
[2024-03-27 03:18:18] [world] The Player <Tester> has said => sword
[2024-03-27 03:19:02] [world] The Player <Tester> has said => ride
[2024-03-27 03:19:21] [world] The Player <Tester> has said => oop
[2024-03-27 03:20:37] [world] The Player <Tester> has said => there
[2024-03-27 03:21:34] [world] The Player <Tester> has said => gotta go
