[2024-03-27 13:39:55] [world] The Player <Char> has said => hello
[2024-03-27 13:40:04] [world] The Player <Milk_Frog> has said => hi!
[2024-03-27 13:40:23] [world] The Player <Char> has said => this is your current plot right?
[2024-03-27 13:40:28] [world] The Player <Milk_Frog> has said => correct
[2024-03-27 13:40:33] [world] The Player <Char> has said => where do you want to move it?
[2024-03-27 13:40:46] [world] The Player <Milk_Frog> has said => hm
[2024-03-27 13:41:06] [world] The Player <Milk_Frog> has said => could i have the end of the road? ir does i go somewhere
[2024-03-27 13:41:13] [world] The Player <Milk_Frog> has said => or*
[2024-03-27 13:41:14] [world] The Player <Char> has said => sure it does not go anywhere
[2024-03-27 13:41:23] [world] The Player <Milk_Frog> has said => perfect
[2024-03-27 13:42:37] [world] The Player <Milk_Frog> has said => crashed, sry
[2024-03-27 13:42:43] [world] The Player <Char> has said => its fine, yea it does that lol
[2024-03-27 13:44:49] [world] The Player <Milk_Frog> has said => 31x6
[2024-03-27 13:45:09] [world] The Player <Char> has said => thats fine
[2024-03-27 13:52:15] [world] The Player <Milk_Frog> has said => wait, my chats are still going through, right?
[2024-03-27 13:52:19] [world] The Player <Char> has said => uh
[2024-03-27 13:52:23] [world] The Player <Char> has said => havent gotten any til now
[2024-03-27 13:52:47] [world] The Player <Char> has said => although i have been spamming a bunch of commands so i may have missed
[2024-03-27 13:52:49] [world] The Player <Milk_Frog> has said => oh ok, its just when its bout to crash, chat cuts out
[2024-03-27 13:55:18] [world] The Player <Char> has said => gtg cya
[2024-03-27 13:55:22] [world] The Player <Milk_Frog> has said => cya
[2024-03-27 14:21:26] [world] The Player <Milk_Frog> has said => chat
[2024-03-27 14:21:32] [world] The Player <Milk_Frog> has said => mk, good
[2024-03-27 14:34:03] [world] The Player <Milk_Frog> has said => yo
[2024-03-27 14:34:04] [world] The Player <Tester> has said => h9
[2024-03-27 14:34:05] [world] The Player <Tester> has said => hi
[2024-03-27 14:34:36] [world] The Player <Milk_Frog> has said => im making a shop/home
[2024-03-27 14:34:39] [world] The Player <Tester> has said => nice
[2024-03-27 14:35:10] [world] The Player <Tester> has said => i am a tail
[2024-03-27 14:35:19] [world] The Player <Milk_Frog> has said => body
[2024-03-27 14:35:22] [world] The Player <Milk_Frog> has said => cool
[2024-03-27 14:35:24] [world] The Player <Tester> has said => lol
[2024-03-27 14:35:34] [world] The Player <Tester> has said => can i help build
[2024-03-27 14:35:35] [world] The Player <Tester> has said => i am bored
[2024-03-27 14:35:37] [world] The Player <Milk_Frog> has said => come, sit
[2024-03-27 14:35:50] [world] The Player <Milk_Frog> has said => lol
[2024-03-27 14:36:03] [world] The Player <Milk_Frog> has said => dude
[2024-03-27 14:36:06] [world] The Player <Tester> has said => ?
[2024-03-27 14:36:21] [world] The Player <Milk_Frog> has said => dont vandalize
[2024-03-27 14:36:24] [world] The Player <Tester> has said => I WONT
[2024-03-27 14:36:27] [world] The Player <Tester> has said => oops caps
[2024-03-27 14:36:44] [world] The Player <Tester> has said => can i help
[2024-03-27 14:37:41] [world] The Player <Tester> has said => wpw
[2024-03-27 14:37:42] [world] The Player <Tester> has said => wow
[2024-03-27 14:37:54] [world] The Player <Tester> has said => e
[2024-03-27 14:38:00] [world] The Player <Tester> has said => e
[2024-03-27 14:38:06] [world] The Player <Tester> has said => ..
[2024-03-27 14:38:10] [world] The Player <Tester> has said => where my paintin go
[2024-03-27 14:38:14] [world] The Player <Tester> has said => nvm
[2024-03-27 14:39:20] [world] The Player <Tester> has said => can i helpppp
[2024-03-27 14:42:08] [world] The Player <Milk_Frog> has said => midkip
[2024-03-27 14:42:15] [world] The Player <Milk_Frog> has said => mudkip*
[2024-03-27 14:42:20] [world] The Player <Tester> has said => look char
[2024-03-27 14:43:44] [world] The Player <Char> has said => should be done
[2024-03-27 14:43:48] [world] The Player <Char> has said => tester try /gamemode c
[2024-03-27 14:44:01] [world] The Player <Char> has said => k
[2024-03-27 14:44:26] [world] The Player <Tester> has said => there
[2024-03-27 14:44:28] [world] The Player <Milk_Frog> has said => how do i make sure i get all of it?
[2024-03-27 14:44:32] [world] The Player <Char> has said => k its done
[2024-03-27 14:44:35] [world] The Player <Tester> has said => i wont abuse
[2024-03-27 14:44:38] [world] The Player <Char> has said => u have gamemode, setblock and worldedit
[2024-03-27 14:44:41] [world] The Player <Tester> has said => okay
[2024-03-27 14:44:46] [world] The Player <Tester> has said => is world edit like miniblox?
[2024-03-27 14:44:53] [world] The Player <Char> has said => its fill,replace, copy, and paste
[2024-03-27 14:44:56] [world] The Player <Tester> has said => alright
[2024-03-27 14:45:02] [world] The Player <Tester> has said => Milk_Frog want help buildin
[2024-03-27 14:46:02] [world] The Player <Milk_Frog> has said => gtg
[2024-03-27 14:46:04] [world] The Player <Char> has said => oh yea mudkip clan owned
[2024-03-27 14:46:05] [world] The Player <Tester> has said => bye
[2024-03-27 14:46:07] [world] The Player <Char> has said => bye
[2024-03-27 14:46:16] [world] The Player <Tester> has said => lava....
[2024-03-27 14:46:27] [world] The Player <Char> has said => tiny parkour lel
[2024-03-27 14:46:33] [world] The Player <Milk_Frog> has said => back
[2024-03-27 14:46:36] [world] The Player <Char> has said => hi
[2024-03-27 14:47:21] [world] The Player <Tester> has said => hm maybe somethin here
[2024-03-27 14:47:26] [world] The Player <Char> has said => yea
[2024-03-27 14:47:38] [world] The Player <Char> has said => i think its time to make a pvp server
[2024-03-27 14:47:42] [world] The Player <Char> has said => what do you guys think
[2024-03-27 14:47:42] [world] The Player <Tester> has said => maybe
[2024-03-27 14:47:43] [world] The Player <Tester> has said => ye
[2024-03-27 14:47:45] [world] The Player <Milk_Frog> has said => yes
[2024-03-27 14:47:50] [world] The Player <Tester> has said => its bornin not being able to steal anythin
[2024-03-27 14:47:51] [world] The Player <Milk_Frog> has said => anarchy
[2024-03-27 14:47:57] [world] The Player <Char> has said => yep
[2024-03-27 14:48:02] [world] The Player <Char> has said => ight lemme go start one up
[2024-03-27 14:48:06] [world] The Player <Tester> has said => alright
[2024-03-27 14:48:14] [world] The Player <Char> has said => hmmm wait
[2024-03-27 14:48:17] [world] The Player <Tester> has said => ?
[2024-03-27 14:48:21] [world] The Player <Char> has said => should i make a anarchy server or a like pvp arena
[2024-03-27 14:48:25] [world] The Player <Tester> has said => hm
[2024-03-27 14:48:27] [world] The Player <Tester> has said => maybe pvp
[2024-03-27 14:48:31] [world] The Player <Milk_Frog> has said => hmmm
[2024-03-27 14:48:36] [world] The Player <Tester> has said => or make a pvp arena here
[2024-03-27 14:48:38] [world] The Player <Tester> has said => at spawn
[2024-03-27 14:48:42] [world] The Player <Char> has said => ima do pvp arena first, then anarchy later
[2024-03-27 14:48:48] [world] The Player <Tester> has said => forest fire
[2024-03-27 14:48:49] [world] The Player <Char> has said => cuz if its here people could steal pvp kits
[2024-03-27 14:48:54] [world] The Player <Milk_Frog> has said => cool
[2024-03-27 14:49:04] [world] The Player <Char> has said => cya
[2024-03-27 14:49:07] [world] The Player <Milk_Frog> has said => or, not cool, the stealing part
[2024-03-27 14:49:09] [world] The Player <Tester> has said => fire maeks me lag
[2024-03-27 14:49:18] [world] The Player <Tester> has said => want help?
[2024-03-27 14:49:30] [world] The Player <Milk_Frog> has said => no thanks
[2024-03-27 14:49:35] [world] The Player <Tester> has said => alright
[2024-03-27 14:49:47] [world] The Player <Tester> has said => might make somethin here
[2024-03-27 14:50:15] [world] The Player <Milk_Frog> has said => gl!
[2024-03-27 14:50:41] [world] The Player <Tester> has said => u got /give?
[2024-03-27 14:50:46] [world] The Player <Milk_Frog> has said => yep
[2024-03-27 14:50:50] [world] The Player <Tester> has said => can i hav a barrier
[2024-03-27 14:50:54] [world] The Player <Tester> has said => so i can see these
[2024-03-27 14:51:03] [world] The Player <Tester> has said => thanks
[2024-03-27 14:58:34] [world] The Player <Milk_Frog> has said => hello again
[2024-03-27 14:58:37] [world] The Player <Tester> has said => hi
[2024-03-27 14:58:41] [world] The Player <Tester> has said => loook at discord
[2024-03-27 14:58:47] [world] The Player <Tester> has said => char askin if we should make pvp arena
[2024-03-27 14:58:50] [world] The Player <Tester> has said => or download
[2024-03-27 14:58:59] [world] The Player <Milk_Frog> has said => ooo
[2024-03-27 14:59:13] [world] The Player <Milk_Frog> has said => that would be cool ig
[2024-03-27 14:59:18] [world] The Player <Tester> has said => download?
[2024-03-27 14:59:26] [world] The Player <Milk_Frog> has said => building one
[2024-03-27 14:59:28] [world] The Player <Tester> has said => oh
[2024-03-27 14:59:31] [world] The Player <Tester> has said => alright
[2024-03-27 14:59:37] [world] The Player <Tester> has said => should i say u want to make one
[2024-03-27 14:59:44] [world] The Player <Tester> has said => oh u said it
[2024-03-27 14:59:48] [world] The Player <Milk_Frog> has said => sry
[2024-03-27 15:01:56] [world] The Player <Tester> has said => k
[2024-03-27 15:12:44] [world] The Player <Tester> has said => k
[2024-03-27 15:12:50] [world] The Player <Tester> has said => can i make a mall thing
[2024-03-27 15:12:54] [world] The Player <Tester> has said => for ppl to buy stuff
[2024-03-27 16:10:14] [world] The Player <Milk_Frog> has said => any luck?
[2024-03-27 19:55:31] [world] The Player <Tester> has said => almost cleared all my tools-
[2024-03-27 20:03:10] [world] The Player <GolemDaWanderer> has said => Tester
[2024-03-27 20:03:17] [world] The Player <GolemDaWanderer> has said => what perms do u have
[2024-03-27 20:03:35] [world] The Player <Tester> has said => nothin good
[2024-03-27 20:03:46] [world] The Player <GolemDaWanderer> has said => wut dis
[2024-03-27 20:03:52] [world] The Player <GolemDaWanderer> has said => which country
[2024-03-27 20:04:09] [world] The Player <Tester> has said => why isint /tp workiinnnn
[2024-03-27 20:04:15] [world] The Player <GolemDaWanderer> has said => oh.
[2024-03-27 20:04:19] [world] The Player <Tester> has said => open up
[2024-03-27 20:04:22] [world] The Player <Tester> has said => FBI OPEN Up
[2024-03-27 20:04:43] [world] The Player <Tester> has said => just a sec
[2024-03-27 20:04:44] [world] The Player <GolemDaWanderer> has said => warrant*
[2024-03-27 20:04:51] [world] The Player <Tester> has said => here
[2024-03-27 20:05:00] [world] The Player <Tester> has said => da key to da shop
[2024-03-27 20:05:21] [world] The Player <Tester> has said => host what
[2024-03-27 20:06:55] [world] The Player <Tester> has said => k
[2024-03-27 20:07:35] [world_the_end] The Player <GolemDaWanderer> has said => ?
[2024-03-27 20:07:48] [world_the_end] The Player <GolemDaWanderer> has said => yup
[2024-03-27 20:07:52] [world] The Player <Tester> has said => me too prob
[2024-03-27 20:08:09] [world_the_end] The Player <GolemDaWanderer> has said => 3/30 is 1 day b4 my bday
[2024-03-27 20:08:23] [world_the_end] The Player <GolemDaWanderer> has said => thx :)
[2024-03-27 20:08:36] [world_the_end] The Player <GolemDaWanderer> has said => btw
[2024-03-27 20:08:44] [world_the_end] The Player <GolemDaWanderer> has said => ur cabin is fire
[2024-03-27 20:12:21] [world] The Player <Tester> has said => cuz my cmds aint workin
[2024-03-27 20:13:19] [world] The Player <Tester> has said => do /server build
[2024-03-27 20:13:22] [world] The Player <Tester> has said => hav u seen it?
[2024-03-27 20:13:41] [world] The Player <Tester> has said => nice
[2024-03-27 20:16:25] [world] The Player <Tester> has said => hi
[2024-03-27 20:16:29] [world] The Player <Tester> has said => my cmds aint workin
[2024-03-27 20:16:30] [world] The Player <Tester> has said => -
[2024-03-27 20:16:33] [world] The Player <Tester> has said => so annoyin
[2024-03-27 20:16:55] [world] The Player <Tester> has said => nope
[2024-03-27 20:17:15] [world] The Player <Tester> has said => nope
[2024-03-27 20:17:23] [world] The Player <Tester> has said => does op giv all cmds?
[2024-03-27 20:32:08] [world] The Player <NezukoChan> has said => yo
[2024-03-27 20:32:38] [world] The Player <NezukoChan> has said => oh
[2024-03-27 20:32:46] [world] The Player <NezukoChan> has said => yo what base is so laggy
[2024-03-27 20:33:01] [world] The Player <NezukoChan> has said => bro i got jumpscared
[2024-03-27 20:33:18] [world] The Player <NezukoChan> has said => im getting 9 fps
[2024-03-27 20:33:38] [world] The Player <NezukoChan> has said => why so laggy
[2024-03-27 20:33:51] [world] The Player <NezukoChan> has said => what
[2024-03-27 20:33:56] [world] The Player <NezukoChan> has said => what the
[2024-03-27 20:34:05] [world] The Player <NezukoChan> has said => bro what
[2024-03-27 20:34:17] [world] The Player <NezukoChan> has said => INFINITE WOOD
[2024-03-27 20:34:20] [world] The Player <NezukoChan> has said => $$
[2024-03-27 20:34:38] [world] The Player <NezukoChan> has said => ohhh
[2024-03-27 20:34:43] [world] The Player <NezukoChan> has said => bruh
[2024-03-27 20:34:46] [world] The Player <NezukoChan> has said => fuck
[2024-03-27 20:35:05] [world] The Player <NezukoChan> has said => fuck
[2024-03-27 20:35:14] [world] The Player <NezukoChan> has said => mb
[2024-03-27 20:35:53] [world] The Player <NezukoChan> has said => bro
[2024-03-27 20:36:04] [world] The Player <NezukoChan> has said => ./chest still not working
[2024-03-27 20:36:16] [world] The Player <NezukoChan> has said => oh
[2024-03-27 20:36:21] [world] The Player <NezukoChan> has said => all my stuff :(
[2024-03-27 20:36:29] [world] The Player <NezukoChan> has said => internal error ovvurred
[2024-03-27 20:36:47] [world] The Player <NezukoChan> has said => no its been like that
[2024-03-27 20:36:57] [world] The Player <NezukoChan> has said => i did
[2024-03-27 20:37:18] [world] The Player <NezukoChan> has said => the inv commands are down rn or smth idk
[2024-03-27 20:37:28] [world] The Player <NezukoChan> has said => ??
[2024-03-27 20:37:40] [world] The Player <NezukoChan> has said => oh
[2024-03-27 20:37:50] [world] The Player <NezukoChan> has said => does this do anything
[2024-03-27 20:38:13] [world] The Player <NezukoChan> has said => it worked
[2024-03-27 20:38:27] [world] The Player <NezukoChan> has said => ?
[2024-03-27 20:38:43] [world] The Player <NezukoChan> has said => what happenedf
[2024-03-27 20:38:56] [world] The Player <NezukoChan> has said => i saw this and i thought u moved materials
[2024-03-27 20:39:01] [world] The Player <NezukoChan> has said => U CAN FLY
[2024-03-27 20:39:04] [world] The Player <NezukoChan> has said => WHAT
[2024-03-27 20:39:07] [world] The Player <NezukoChan> has said => JR BUILDER
[2024-03-27 20:39:25] [world] The Player <NezukoChan> has said => lmao did u "convince" char
[2024-03-27 20:39:29] [world] The Player <NezukoChan> has said => ohh
[2024-03-27 20:39:40] [world] The Player <NezukoChan> has said => bros boutta make targer
[2024-03-27 20:39:43] [world] The Player <NezukoChan> has said => target
[2024-03-27 20:40:03] [world] The Player <NezukoChan> has said => sure
[2024-03-27 20:40:39] [world] The Player <NezukoChan> has said => laggg
[2024-03-27 20:40:43] [world] The Player <NezukoChan> has said => is it just me
[2024-03-27 20:49:48] [world] The Player <Heinrich_Himmler> has said => hi guys
[2024-03-27 20:50:22] [world_the_end] The Player <Heinrich_Himmler> has said => what are you guys doing rn
[2024-03-27 20:50:53] [world_the_end] The Player <Heinrich_Himmler> has said => did you know I have access to a mod account
[2024-03-27 20:51:24] [world_the_end] The Player <Heinrich_Himmler> has said => ok, I don't plan to use it
[2024-03-27 20:52:19] [world] The Player <Heinrich_Himmler> has said => hi
[2024-03-27 21:01:30] [world_the_end] The Player <Heinrich_Himmler> has said => sure
[2024-03-27 21:02:48] [world_the_end] The Player <Heinrich_Himmler> has said => where it at
[2024-03-27 21:04:38] [world_the_end] The Player <Heinrich_Himmler> has said => I think you have to respawn it the normie way
[2024-03-27 21:05:15] [world_the_end] The Player <Heinrich_Himmler> has said => you just need 4 end crystals
[2024-03-27 21:05:58] [world_the_end] The Player <Heinrich_Himmler> has said => where it at dawg
[2024-03-27 21:06:58] [world_the_end] The Player <Heinrich_Himmler> has said => I'm gonna fight it with a pick and a bow
[2024-03-27 21:08:48] [world] The Player <Tester> has said => here
[2024-03-27 21:11:50] [world] The Player <Heinrich_Himmler> has said => what is drop party
[2024-03-27 21:12:53] [world] The Player <Heinrich_Himmler> has said => again???
[2024-03-27 21:13:09] [world] The Player <Heinrich_Himmler> has said => that is insane dawg
[2024-03-27 21:13:24] [world] The Player <Heinrich_Himmler> has said => I got 60 rn
[2024-03-27 21:13:38] [world] The Player <Heinrich_Himmler> has said => this rabit just got napalmed
[2024-03-27 21:14:57] [world] The Player <Heinrich_Himmler> has said => what is this pit dawg
[2024-03-27 21:15:53] [world] The Player <Heinrich_Himmler> has said => why isn't fulbright working?
[2024-03-27 21:16:20] [world] The Player <Heinrich_Himmler> has said => 1.8
[2024-03-27 21:16:26] [world] The Player <Heinrich_Himmler> has said => thanks
[2024-03-27 21:19:44] [world] The Player <Heinrich_Himmler> has said => it works now
[2024-03-27 21:19:52] [world] The Player <Heinrich_Himmler> has said => nvm
[2024-03-27 21:20:22] [world] The Player <Heinrich_Himmler> has said => xd
[2024-03-27 21:20:32] [world] The Player <Heinrich_Himmler> has said => \\
[2024-03-27 21:30:32] [world_the_end] The Player <Heinrich_Himmler> has said => can I get a mauser
[2024-03-27 21:56:19] [world] The Player <Heinrich_Himmler> has said => cool
[2024-03-27 21:56:24] [world] The Player <Heinrich_Himmler> has said => button pls
[2024-03-27 21:56:29] [world] The Player <Heinrich_Himmler> has said => thx
[2024-03-27 21:58:10] [world] The Player <Heinrich_Himmler> has said => Day 1 mod edging
[2024-03-27 21:58:30] [world] The Player <Heinrich_Himmler> has said => not yet
[2024-03-27 21:58:44] [world] The Player <Heinrich_Himmler> has said => just kicked
[2024-03-27 21:59:06] [world] The Player <Heinrich_Himmler> has said => still here
[2024-03-27 22:03:38] [world] The Player <Heinrich_Himmler> has said => just say random stuff, chance of winning a diamond
[2024-03-27 22:03:50] [world] The Player <Heinrich_Himmler> has said => 1 dollar per play
[2024-03-27 22:04:47] [world] The Player <Heinrich_Himmler> has said => yes
[2024-03-27 22:05:07] [world] The Player <Heinrich_Himmler> has said => just sell if for 1 dollar and say their is a chance of winnig a diamond to scam people
[2024-03-27 22:05:39] [world] The Player <Heinrich_Himmler> has said => hi char
[2024-03-27 22:08:07] [world] The Player <Heinrich_Himmler> has said => nope
[2024-03-27 22:08:48] [world] The Player <Heinrich_Himmler> has said => can I buy an unlicenced firearm
[2024-03-27 22:09:22] [world] The Player <Heinrich_Himmler> has said => char, can I get an unlicenced firearm, like a mauser
[2024-03-27 22:09:34] [world] The Player <Heinrich_Himmler> has said => same
[2024-03-27 22:11:37] [world] The Player <Heinrich_Himmler> has said => diamons
[2024-03-27 22:11:46] [world] The Player <Heinrich_Himmler> has said => yes
[2024-03-27 22:12:05] [world] The Player <Heinrich_Himmler> has said => can I get a quintillion dollars worth of debt
[2024-03-27 22:12:34] [world] The Player <Heinrich_Himmler> has said => pls give me a quintillion dollars of debt
[2024-03-27 22:13:05] [world] The Player <Heinrich_Himmler> has said => gimme debt cha
[2024-03-27 22:13:09] [world] The Player <Heinrich_Himmler> has said => charmunk
[2024-03-27 22:13:35] [world] The Player <Heinrich_Himmler> has said => I want a quintillion dollars worth of debt charmunk
[2024-03-27 22:15:52] [world] The Player <Tester> has said => ...........
[2024-03-27 22:15:56] [world] The Player <Tester> has said => WHAT HAPPNEED
[2024-03-27 22:16:11] [world] The Player <Char> has said => what
[2024-03-27 22:16:28] [world] The Player <Tester> has said => ...........
[2024-03-27 22:16:33] [world] The Player <Char> has said => wut
[2024-03-27 22:16:34] [world] The Player <Tester> has said => my system......
[2024-03-27 22:16:47] [world] The Player <Char> has said => my economy plguin just died
[2024-03-27 22:16:56] [world] The Player <Tester> has said => damn
[2024-03-27 22:16:58] [world] The Player <Tester> has said => i see that
[2024-03-27 22:17:11] [world] The Player <Tester> has said => nez says he cant do /chest
[2024-03-27 22:17:18] [world] The Player <Char> has said => weird
[2024-03-27 22:17:31] [world] The Player <Char> has said => brb
[2024-03-27 22:17:36] [world] The Player <Tester> has said => may i legally put a villager spawner
[2024-03-27 22:17:38] [world] The Player <Tester> has said => azt my base
[2024-03-27 22:21:04] [world] The Player <Tester_> has said => gamemode me
[2024-03-27 22:21:08] [world] The Player <Feathery> has said => no
[2024-03-27 22:21:10] [world] The Player <Tester_> has said => y
[2024-03-27 22:21:34] [world] The Player <Feathery> has said => im busy
[2024-03-27 22:21:36] [world] The Player <Feathery> has said => thats why
[2024-03-27 22:21:39] [world] The Player <Tester_> has said => okk
[2024-03-27 22:26:33] [world] The Player <Feathery> has said => helllo 0w0
[2024-03-27 22:27:02] [world] The Player <Feathery> has said => char
[2024-03-27 22:27:20] [world] The Player <Feathery> has said => dont tp
[2024-03-27 22:27:40] [world] The Player <Feathery> has said => ?
[2024-03-27 22:27:54] [world] The Player <Feathery> has said => omg
[2024-03-27 22:27:55] [world] The Player <Feathery> has said => OMG
[2024-03-27 22:27:55] [world] The Player <Feathery> has said => OMG
[2024-03-27 22:27:57] [world] The Player <Tester> has said => LOL
[2024-03-27 22:27:59] [world] The Player <Feathery> has said => BRO IS EVIL
[2024-03-27 22:28:05] [world] The Player <Feathery> has said => BRO CAN WATCH THE PARTY FROM DISCORD
[2024-03-27 22:28:06] [world] The Player <Feathery> has said => FR
[2024-03-27 22:28:10] [world] The Player <Tester> has said => e-
[2024-03-27 22:28:21] [world] The Player <Tester> has said => do /adminfun bgod
[2024-03-27 22:29:34] [world] The Player <Tester> has said => chicken
[2024-03-27 22:29:38] [world] The Player <Tester> has said => move
[2024-03-27 22:29:45] [world] The Player <Tester> has said => thank you
[2024-03-27 22:31:09] [world] The Player <Tester> has said => i love it
[2024-03-27 22:31:09] [world] The Player <Feathery> has said => IT EXPOSED ME FR
[2024-03-27 22:31:16] [world] The Player <Tester> has said => ?
[2024-03-27 22:31:22] [world] The Player <Feathery> has said => NO
[2024-03-27 22:31:23] [world] The Player <Feathery> has said => DONT MIND IT
[2024-03-27 22:31:26] [world] The Player <Tester> has said => uh okay
[2024-03-27 22:34:33] [world] The Player <Milk_Frog> has said => Feathery, u sure i cant help build
[2024-03-27 22:34:43] [world] The Player <Feathery> has said => i am almost done the interior
[2024-03-27 22:34:48] [world] The Player <Feathery> has said => then i have to do the exterior and boom
[2024-03-27 22:34:49] [world] The Player <Feathery> has said => its finished
[2024-03-27 22:34:52] [world] The Player <Milk_Frog> has said => y/n
[2024-03-27 22:35:21] [world] The Player <Milk_Frog> has said => what
[2024-03-27 22:35:32] [world] The Player <Feathery> has said => the little tiny
[2024-03-27 22:35:36] [world] The Player <Feathery> has said => event im holding
[2024-03-27 22:35:42] [world] The Player <Tester> has said => is it really tiny?
[2024-03-27 22:35:43] [world] The Player <Feathery> has said => needs to be glorious so everyone sees how glorious it is
[2024-03-27 22:35:51] [world] The Player <Feathery> has said => maybe...
[2024-03-27 22:35:55] [world] The Player <Milk_Frog> has said => can i help make it glorious
[2024-03-27 22:36:16] [world] The Player <Feathery> has said => i cant let people expect char see it
[2024-03-27 22:36:36] [world] The Player <Feathery> has said => you tp to me tester im gonna make char ban you.
[2024-03-27 22:36:37] [world] The Player <Feathery> has said => (fr)
[2024-03-27 22:36:48] [world] The Player <Tester> has said => oh i was about to thinking u said to tp-
[2024-03-27 22:36:54] [world] The Player <Feathery> has said => dont.
[2024-03-27 22:37:15] [world] The Player <Milk_Frog> has said => should i make another outfit? I forgot to change to my old one.
[2024-03-27 22:37:24] [world] The Player <Feathery> has said => ehh milk
[2024-03-27 22:37:24] [world] The Player <Tester> has said => make me a mask one
[2024-03-27 22:37:28] [world] The Player <Feathery> has said => what about a.
[2024-03-27 22:37:32] [world] The Player <Feathery> has said => ehh nvm
[2024-03-27 22:37:33] [world] The Player <Feathery> has said => forgot
[2024-03-27 22:37:47] [world] The Player <Milk_Frog> has said => tester, u want me to make u a mask?
[2024-03-27 22:37:55] [world] The Player <Tester> has said => sure
[2024-03-27 22:38:05] [world] The Player <Milk_Frog> has said => of what? and dm me yo skin
[2024-03-27 22:38:09] [world] The Player <Tester> has said => k
[2024-03-27 22:38:14] [world] The Player <Tester> has said => hm a dragon one
[2024-03-27 22:38:20] [world] The Player <Tester> has said => cool lookin
[2024-03-27 22:38:29] [world] The Player <Milk_Frog> has said => mk
[2024-03-27 22:38:47] [world] The Player <Milk_Frog> has said => ill wor on that, i just need yo skin :D
[2024-03-27 22:38:47] [world] The Player <Tester> has said => i love deleteing my skins-
[2024-03-27 22:38:50] [world] The Player <Tester> has said => let me go find it
[2024-03-27 22:38:51] [world] The Player <Milk_Frog> has said => what
[2024-03-27 22:49:34] [world] The Player <Feathery> has said => ITS DONE
[2024-03-27 22:49:38] [world] The Player <Tester> has said => may i see
[2024-03-27 22:49:39] [world] The Player <Feathery> has said => time to prepare.
[2024-03-27 22:49:45] [world] The Player <Feathery> has said => NO'
[2024-03-27 22:49:48] [world] The Player <Tester> has said => kk
[2024-03-27 22:49:51] [world] The Player <Feathery> has said => =YOU'LL SEE ON THE DAY OF THE PARTY
[2024-03-27 22:51:07] [world] The Player <Tester> has said => do /xp
[2024-03-27 22:51:14] [world] The Player <Feathery> has said => i just like the sound
[2024-03-27 22:52:14] [world] The Player <Tester> has said => oh it works
[2024-03-27 22:52:44] [world] The Player <Feathery> has said => brb
[2024-03-27 22:52:50] [world] The Player <Tester> has said => k
[2024-03-27 22:56:55] [world] The Player <Tester> has said => look
[2024-03-27 22:57:00] [world] The Player <Feathery> has said => nice
[2024-03-27 22:57:08] [world] The Player <Feathery> has said => i have a mask planned
[2024-03-27 22:57:10] [world] The Player <Feathery> has said => as well
[2024-03-27 22:57:12] [world] The Player <Tester> has said => nice
[2024-03-27 22:57:19] [world] The Player <Feathery> has said => i want it to be a surprise
[2024-03-27 23:07:51] [world] The Player <Tester> has said => yo
[2024-03-27 23:07:57] [world] The Player <Feathery> has said => the party is happening today!
[2024-03-27 23:08:00] [world] The Player <Tester> has said => damn
[2024-03-27 23:08:01] [world] The Player <Tester> has said => nice
[2024-03-27 23:08:12] [world] The Player <Feathery> has said => when people start to join ill announce the coords
[2024-03-27 23:08:14] [world] The Player <Tester> has said => tell me cords
[2024-03-27 23:08:18] [world] The Player <Tester> has said => i will make train to it
[2024-03-27 23:08:58] [world] The Player <Tester> has said => yes?
[2024-03-27 23:11:21] [world] The Player <Tester> has said => where da cords
[2024-03-27 23:11:24] [world] The Player <Tester> has said => i wanna make train to it
[2024-03-27 23:11:29] [world] The Player <Feathery> has said => im waiting for more people to come
[2024-03-27 23:11:36] [world] The Player <Tester> has said => me need to start early
[2024-03-27 23:11:38] [world] The Player <Tester> has said => for train
[2024-03-27 23:11:50] [world] The Player <Tester> has said => plz
[2024-03-27 23:11:56] [world] The Player <Feathery> has said => well
[2024-03-27 23:11:57] [world] The Player <Feathery> has said => sure
[2024-03-27 23:11:59] [world] The Player <Char> has said => i have the best mask
[2024-03-27 23:12:04] [world] The Player <Feathery> has said => YOOO FR
[2024-03-27 23:12:19] [world] The Player <Feathery> has said => how do i message people?
[2024-03-27 23:12:22] [world] The Player <Char> has said => its /tell
[2024-03-27 23:12:31] [world] The Player <Tester> has said => did i just see....
[2024-03-27 23:12:34] [world] The Player <Tester> has said => somethin black?
[2024-03-27 23:12:38] [world] The Player <Tester> has said => idk-
[2024-03-27 23:13:05] [world] The Player <Feathery> has said => get into gamemode s
[2024-03-27 23:13:08] [world] The Player <Tester> has said => my lag
[2024-03-27 23:13:14] [world] The Player <Feathery> has said => L
[2024-03-27 23:13:18] [world] The Player <Char> has said => e
[2024-03-27 23:13:31] [world] The Player <Feathery> has said => GO IN SURVIVAL TESTER
[2024-03-27 23:13:34] [world] The Player <Char> has said => lel
[2024-03-27 23:13:35] [world] The Player <Tester> has said => i am
[2024-03-27 23:13:36] [world] The Player <Feathery> has said => CHARMUNK IS GOD SO HE DOESN'T NEED TO
[2024-03-27 23:13:47] [world] The Player <Char> has said => why does it have autoaim
[2024-03-27 23:13:52] [world] The Player <Char> has said => i swear i wasnt aiming at u
[2024-03-27 23:14:30] [world] The Player <Char> has said => sorry about that
[2024-03-27 23:14:34] [world] The Player <Char> has said => i swear these guns autofir
[2024-03-27 23:14:39] [world] The Player <Feathery> has said => i got something fun planned for this
[2024-03-27 23:14:48] [world] The Player <Char> has said => cool
[2024-03-27 23:14:52] [world] The Player <Feathery> has said => Tell these children to jin
[2024-03-27 23:15:09] [world] The Player <Char> has said => k
[2024-03-27 23:15:25] [world] The Player <Feathery> has said => why server keep
[2024-03-27 23:15:28] [world] The Player <Feathery> has said => crashing
[2024-03-27 23:15:31] [world] The Player <Char> has said => same
[2024-03-27 23:15:33] [world] The Player <Char> has said => milk is getting on
[2024-03-27 23:15:36] [world] The Player <Char> has said => hi
[2024-03-27 23:15:50] [world] The Player <Feathery> has said => the party is at X: 1051 y: 63 z: 706
[2024-03-27 23:15:50] [world] The Player <Char> has said => why do these bullets bounce
[2024-03-27 23:15:58] [world] The Player <Feathery> has said => welcome!
[2024-03-27 23:16:01] [world] The Player <Feathery> has said => have some pie
[2024-03-27 23:16:07] [world] The Player <Feathery> has said => we are waiting
[2024-03-27 23:16:18] [world] The Player <Char> has said => wheres ya mask
[2024-03-27 23:16:24] [world] The Player <Milk_Frog> has said => this the place?
[2024-03-27 23:16:27] [world] The Player <Feathery> has said => yes!
[2024-03-27 23:16:27] [world] The Player <Char> has said => oh nvm
[2024-03-27 23:16:30] [world] The Player <Char> has said => i see it lol
[2024-03-27 23:16:36] [world] The Player <Milk_Frog> has said => ooooo
[2024-03-27 23:16:44] [world] The Player <Feathery> has said => we are waiting for golem, and tester
[2024-03-27 23:16:49] [world] The Player <Char> has said => tester left
[2024-03-27 23:16:59] [world] The Player <Feathery> has said => you want some wine milk?
[2024-03-27 23:17:03] [world] The Player <Milk_Frog> has said => yes
[2024-03-27 23:17:11] [world] The Player <Feathery> has said => WOW
[2024-03-27 23:17:12] [world] The Player <Milk_Frog> has said => give me old grape juice
[2024-03-27 23:17:16] [world] The Player <Feathery> has said => take some wine
[2024-03-27 23:17:24] [world] The Player <Milk_Frog> has said => mmmmm-
[2024-03-27 23:17:29] [world] The Player <Milk_Frog> has said => *dies*
[2024-03-27 23:17:32] [world] The Player <Char> has said => real
[2024-03-27 23:17:45] [world] The Player <Char> has said => dont do drugs kids
[2024-03-27 23:17:45] [world] The Player <Feathery> has said => WOW
[2024-03-27 23:17:48] [world] The Player <Milk_Frog> has said => oh im drunk
[2024-03-27 23:17:51] [world] The Player <Char> has said => fr
[2024-03-27 23:17:52] [world] The Player <Feathery> has said => i feel like im on crack
[2024-03-27 23:17:56] [world] The Player <Char> has said => real
[2024-03-27 23:18:05] [world] The Player <Char> has said => hangover time
[2024-03-27 23:18:09] [world] The Player <Feathery> has said => im going to make sure my thing is done real quick
[2024-03-27 23:18:58] [world] The Player <Char> has said => this is only nausea 2
[2024-03-27 23:19:01] [world] The Player <Char> has said => imagine nausea 255
[2024-03-27 23:19:04] [world] The Player <Char> has said => should i try it?
[2024-03-27 23:19:07] [world] The Player <Milk_Frog> has said => i am about to shit my pants
[2024-03-27 23:19:13] [world] The Player <Char> has said => lets try 255
[2024-03-27 23:19:17] [world] The Player <Milk_Frog> has said => what
[2024-03-27 23:19:19] [world] The Player <Feathery> has said => imagine we get like 10,000 bites of ram
[2024-03-27 23:19:22] [world] The Player <Feathery> has said => oh wow
[2024-03-27 23:19:22] [world] The Player <Milk_Frog> has said => uh
[2024-03-27 23:19:28] [world] The Player <Feathery> has said => OH YEAH
[2024-03-27 23:19:30] [world] The Player <Char> has said => dang it maxes out at 3
[2024-03-27 23:19:33] [world] The Player <Milk_Frog> has said => yo, i fell, im looking down tho
[2024-03-27 23:19:38] [world] The Player <Feathery> has said => AYO
[2024-03-27 23:19:44] [world] The Player <Milk_Frog> has said => i have not seen anyting
[2024-03-27 23:20:05] [world] The Player <Milk_Frog> has said => how do i get out, am i supposed to look
[2024-03-27 23:20:12] [world] The Player <Char> has said => boing
[2024-03-27 23:20:17] [world] The Player <Feathery> has said => look straight
[2024-03-27 23:20:18] [world] The Player <Feathery> has said => its fine
[2024-03-27 23:20:26] [world] The Player <Feathery> has said => welcome!
[2024-03-27 23:20:42] [world] The Player <Char> has said => that wine was powerful fr
[2024-03-27 23:20:45] [world] The Player <Milk_Frog> has said => im on crack
[2024-03-27 23:20:46] [world] The Player <Feathery> has said => stop
[2024-03-27 23:20:52] [world] The Player <Feathery> has said => ty
[2024-03-27 23:20:59] [world] The Player <Feathery> has said => so milk
[2024-03-27 23:21:05] [world] The Player <Feathery> has said => do you like the events, area?
[2024-03-27 23:21:10] [world] The Player <Milk_Frog> has said => yes!
[2024-03-27 23:21:18] [world] The Player <Milk_Frog> has said => im gonna wait for a few more ppl
[2024-03-27 23:21:18] [world] The Player <Feathery> has said => where ven are you
[2024-03-27 23:21:30] [world] The Player <Milk_Frog> has said => then ill explore more
[2024-03-27 23:21:34] [world] The Player <Char> has said => riot shield fr
[2024-03-27 23:22:01] [world] The Player <Feathery> has said => crazy
[2024-03-27 23:22:06] [world] The Player <Char> has said => crashes suck
[2024-03-27 23:22:15] [world] The Player <Feathery> has said => get 10,000
[2024-03-27 23:22:19] [world] The Player <Feathery> has said => memory
[2024-03-27 23:22:23] [world] The Player <Feathery> has said => fr*
[2024-03-27 23:22:29] [world] The Player <Char> has said => bro wants me to spend 2milliondollars a month fr
[2024-03-27 23:22:52] [world] The Player <Milk_Frog> has said => is himmy here?
[2024-03-27 23:23:09] [world] The Player <Feathery> has said => bring eric
[2024-03-27 23:23:33] [world] The Player <Feathery> has said => we are waiting for tester
[2024-03-27 23:23:35] [world] The Player <Feathery> has said => and golem
[2024-03-27 23:23:37] [world] The Player <Char> has said => he went for 30 mins
[2024-03-27 23:23:56] [world] The Player <Feathery> has said => so you guys wait in the hay room
[2024-03-27 23:23:59] [world] The Player <Char> has said => e
[2024-03-27 23:24:21] [world] The Player <Char> has said => more drugs fr
[2024-03-27 23:24:35] [world] The Player <Heinrich_Himmler> has said => drugs lol
[2024-03-27 23:24:45] [world] The Player <Heinrich_Himmler> has said => I'm gonna drive under the influence
[2024-03-27 23:24:49] [world] The Player <Char> has said => real
[2024-03-27 23:25:04] [world] The Player <Char> has said => mini drug
[2024-03-27 23:25:08] [world] The Player <Heinrich_Himmler> has said => more alchol pls
[2024-03-27 23:25:12] [world] The Player <Char> has said => ight
[2024-03-27 23:25:36] [world] The Player <Feathery> has said => this is for just incase.
[2024-03-27 23:26:11] [world] The Player <Heinrich_Himmler> has said => can I try that?
[2024-03-27 23:26:36] [world] The Player <Feathery> has said => we are waiting for golem
[2024-03-27 23:26:53] [world] The Player <Feathery> has said => GG
[2024-03-27 23:27:04] [world] The Player <Heinrich_Himmler> has said => wow
[2024-03-27 23:27:06] [world] The Player <Char> has said => dont make me bring out the flashbangs
[2024-03-27 23:27:11] [world] The Player <Heinrich_Himmler> has said => ok
[2024-03-27 23:27:21] [world] The Player <Char> has said => flashban
[2024-03-27 23:27:25] [world] The Player <Feathery> has said => WINE
[2024-03-27 23:27:30] [world] The Player <Char> has said => c4 time
[2024-03-27 23:27:34] [world] The Player <Feathery> has said => IM GETTING SOBER
[2024-03-27 23:27:38] [world] The Player <Feathery> has said => LOL
[2024-03-27 23:27:40] [world] The Player <Char> has said => c4 fr
[2024-03-27 23:27:56] [world] The Player <Char> has said => i keep killing meself
[2024-03-27 23:27:57] [world] The Player <Milk_Frog> has said => did i make a brand new skin for nothing
[2024-03-27 23:28:03] [world] The Player <Char> has said => sadge
[2024-03-27 23:28:07] [world] The Player <Feathery> has said => it seems like that.
[2024-03-27 23:28:27] [world] The Player <Char> has said => no detah allowed
[2024-03-27 23:28:31] [world] The Player <Char> has said => death*
[2024-03-27 23:28:35] [world_nether] The Player <Heinrich_Himmler> has said => ok
[2024-03-27 23:28:39] [world] The Player <Feathery> has said => you know what would be funny
[2024-03-27 23:28:41] [world] The Player <Feathery> has said => right now
[2024-03-27 23:28:49] [world] The Player <Feathery> has said => OH
[2024-03-27 23:29:29] [world] The Player <Feathery> has said => you know what would be really funny?
[2024-03-27 23:29:32] [world] The Player <Feathery> has said => FINALLY
[2024-03-27 23:29:39] [world] The Player <Char> has said => real
[2024-03-27 23:29:45] [world] The Player <NezukoChan> has said => yo
[2024-03-27 23:29:47] [world] The Player <Char> has said => hi
[2024-03-27 23:29:48] [world] The Player <NezukoChan> has said => new team?
[2024-03-27 23:29:49] [world] The Player <Feathery> has said => nezko!
[2024-03-27 23:29:52] [world] The Player <NezukoChan> has said => wsp
[2024-03-27 23:29:53] [world] The Player <Char> has said => hi
[2024-03-27 23:29:53] [world] The Player <Feathery> has said => welcome to the party?
[2024-03-27 23:30:00] [world] The Player <Feathery> has said => stop char
[2024-03-27 23:30:02] [world] The Player <Char> has said => k
[2024-03-27 23:30:15] [world] The Player <Feathery> has said => OH
[2024-03-27 23:30:51] [world] The Player <Feathery> has said => tp nezuko
[2024-03-27 23:31:21] [world] The Player <Feathery> has said => welcome to the party
[2024-03-27 23:31:27] [world] The Player <NezukoChan> has said => back
[2024-03-27 23:31:28] [world] The Player <Feathery> has said => wait are you in a maid dress?
[2024-03-27 23:31:32] [world] The Player <NezukoChan> has said => ooo
[2024-03-27 23:31:38] [world] The Player <NezukoChan> has said => um
[2024-03-27 23:31:39] [world] The Player <Char> has said => this is the party
[2024-03-27 23:31:40] [world] The Player <Feathery> has said => welcome to the party
[2024-03-27 23:31:42] [world] The Player <NezukoChan> has said => nice
[2024-03-27 23:31:43] [world] The Player <Char> has said => apparently
[2024-03-27 23:31:43] [world] The Player <NezukoChan> has said => uh
[2024-03-27 23:31:45] [world] The Player <NezukoChan> has said => dw
[2024-03-27 23:31:48] [world] The Player <NezukoChan> has said => about my skin
[2024-03-27 23:31:59] [world] The Player <Feathery> has said => Nezuko is a discord e-kitten fr*
[2024-03-27 23:32:01] [world] The Player <Char> has said => fr
[2024-03-27 23:32:04] [world] The Player <NezukoChan> has said => lmao
[2024-03-27 23:32:13] [world] The Player <Char> has said => Golem
[2024-03-27 23:32:14] [world] The Player <NezukoChan> has said => MP7??
[2024-03-27 23:32:15] [world] The Player <Char> has said => !
[2024-03-27 23:32:16] [world] The Player <GolemDaWanderer> has said => ?
[2024-03-27 23:32:16] [world] The Player <Feathery> has said => finally golem
[2024-03-27 23:32:19] [world] The Player <Char> has said => i made a new gun
[2024-03-27 23:32:22] [world] The Player <Char> has said => its full auto and one shot
[2024-03-27 23:32:25] [world] The Player <Feathery> has said => welcome to the party
[2024-03-27 23:32:29] [world] The Player <Feathery> has said => .
[2024-03-27 23:32:31] [world] The Player <NezukoChan> has said => i cant be a discord e-kitten :(
[2024-03-27 23:32:31] [world] The Player <GolemDaWanderer> has said => gimme it
[2024-03-27 23:32:41] [world] The Player <NezukoChan> has said => until my acc gets enabled
[2024-03-27 23:32:47] [world] The Player <Feathery> has said => welcome to the party good golem
[2024-03-27 23:32:52] [world] The Player <NezukoChan> has said => lol
[2024-03-27 23:33:06] [world] The Player <Feathery> has said => dibs on nezuko
[2024-03-27 23:33:11] [world] The Player <NezukoChan> has said => yo waht
[2024-03-27 23:33:22] [world] The Player <NezukoChan> has said => ok what
[2024-03-27 23:33:23] [world] The Player <Char> has said => STOP WALKING INTO ME
[2024-03-27 23:33:26] [world] The Player <Char> has said => lol
[2024-03-27 23:33:31] [world] The Player <GolemDaWanderer> has said => tp me to the party
[2024-03-27 23:33:34] [world] The Player <Feathery> has said => dibs on nezuko fr*
[2024-03-27 23:33:34] [world] The Player <NezukoChan> has said => damage is crazy
[2024-03-27 23:33:39] [world] The Player <Char> has said => its 20 damage
[2024-03-27 23:33:43] [world] The Player <Char> has said => so any armor=survive
[2024-03-27 23:33:43] [world] The Player <NezukoChan> has said => ay wdym by that
[2024-03-27 23:34:01] [world] The Player <NezukoChan> has said => oop
[2024-03-27 23:34:02] [world] The Player <Feathery> has said => LOL
[2024-03-27 23:34:04] [world] The Player <Char> has said => c4
[2024-03-27 23:34:06] [world] The Player <Char> has said => :D
[2024-03-27 23:34:08] [world] The Player <NezukoChan> has said => lol
[2024-03-27 23:34:10] [world] The Player <Char> has said => ddo /back everyone
[2024-03-27 23:34:13] [world] The Player <GolemDaWanderer> has said => tp me to the party
[2024-03-27 23:34:19] [world] The Player <Feathery> has said => since i see this party isn't doing great in vision
[2024-03-27 23:34:21] [world] The Player <Char> has said => flashbang
[2024-03-27 23:34:25] [world] The Player <NezukoChan> has said => nice skin
[2024-03-27 23:34:28] [world] The Player <GolemDaWanderer> has said => ...
[2024-03-27 23:34:32] [world] The Player <NezukoChan> has said => ;)
[2024-03-27 23:34:33] [world] The Player <GolemDaWanderer> has said => tp me to the party
[2024-03-27 23:34:37] [world] The Player <GolemDaWanderer> has said => AND DONT KILL ME
[2024-03-27 23:34:41] [world] The Player <NezukoChan> has said => oh mb
[2024-03-27 23:34:45] [world] The Player <Feathery> has said => you know what would be funny rn?
[2024-03-27 23:34:45] [world] The Player <NezukoChan> has said => wtf
[2024-03-27 23:34:51] [world] The Player <NezukoChan> has said => NAUSEA IS SO WEIRD
[2024-03-27 23:34:52] [world] The Player <GolemDaWanderer> has said => nausea
[2024-03-27 23:34:54] [world] The Player <Char> has said => real
[2024-03-27 23:34:55] [world] The Player <NezukoChan> has said => aiyricmu
[2024-03-27 23:35:02] [world] The Player <NezukoChan> has said => im boutta thw up
[2024-03-27 23:35:04] [world] The Player <NezukoChan> has said => nvm
[2024-03-27 23:35:30] [world] The Player <Char> has said => WITHERS
[2024-03-27 23:35:33] [world] The Player <Feathery> has said => m
[2024-03-27 23:35:33] [world] The Player <Char> has said => WITHERS
[2024-03-27 23:35:35] [world] The Player <NezukoChan> has said => i got kicked
[2024-03-27 23:35:45] [world] The Player <Char> has said => SKILL ISSSUE WITHER
[2024-03-27 23:35:50] [world] The Player <Feathery> has said => LOL
[2024-03-27 23:35:51] [world] The Player <Char> has said => no more wither
[2024-03-27 23:35:56] [world] The Player <NezukoChan> has said => bro what
[2024-03-27 23:35:59] [world] The Player <GolemDaWanderer> has said => XD
[2024-03-27 23:36:05] [world] The Player <Char> has said => partys over guys
[2024-03-27 23:36:06] [world] The Player <Char> has said => lel
[2024-03-27 23:36:07] [world] The Player <Feathery> has said => its destroyed
[2024-03-27 23:36:09] [world] The Player <NezukoChan> has said => noo
[2024-03-27 23:36:12] [world] The Player <xcpc> has said => huh
[2024-03-27 23:36:15] [world] The Player <Feathery> has said => You guys were to late
[2024-03-27 23:36:17] [world] The Player <Feathery> has said => for it dumbo
[2024-03-27 23:36:23] [world] The Player <Char> has said => no ak for u
[2024-03-27 23:36:24] [world] The Player <GolemDaWanderer> has said => OW
[2024-03-27 23:36:30] [world] The Player <GolemDaWanderer> has said => Sad D:
[2024-03-27 23:36:33] [world] The Player <NezukoChan> has said => MY WATER
[2024-03-27 23:36:36] [world] The Player <Feathery> has said => dibs on nezuko)
[2024-03-27 23:36:44] [world] The Player <xcpc> has said => Bro what
[2024-03-27 23:36:52] [world] The Player <NezukoChan> has said => lmoa
[2024-03-27 23:36:58] [world] The Player <xcpc> has said => Did everybdy destroy a cave I was in
[2024-03-27 23:37:02] [world] The Player <Char> has said => idk
[2024-03-27 23:37:04] [world] The Player <NezukoChan> has said => yes
[2024-03-27 23:37:10] [world] The Player <Char> has said => someone spawned withers named skill issue
[2024-03-27 23:37:15] [world] The Player <NezukoChan> has said => that was te "party"
[2024-03-27 23:37:17] [world] The Player <Feathery> has said => skill issue
[2024-03-27 23:37:21] [world] The Player <NezukoChan> has said => real
[2024-03-27 23:37:35] [world] The Player <Char> has said => tester u missed it
[2024-03-27 23:37:38] [world] The Player <NezukoChan> has said => fr
[2024-03-27 23:37:38] [world] The Player <Feathery> has said => partys over
[2024-03-27 23:37:47] [world] The Player <NezukoChan> has said => there was a party
[2024-03-27 23:37:50] [world] The Player <NezukoChan> has said => its over now
[2024-03-27 23:37:58] [world] The Player <Tester> has said => was it fun
[2024-03-27 23:38:01] [world] The Player <Feathery> has said => no
[2024-03-27 23:38:01] [world] The Player <Char> has said => very fun
[2024-03-27 23:38:02] [world] The Player <NezukoChan> has said => um
[2024-03-27 23:38:06] [world] The Player <NezukoChan> has said => u could say so
[2024-03-27 23:38:22] [world] The Player <Tester> has said => TF
[2024-03-27 23:38:22] [world] The Player <NezukoChan> has said => SH!T
[2024-03-27 23:38:27] [world] The Player <NezukoChan> has said => LAG
[2024-03-27 23:38:28] [world] The Player <Char> has said => gtg
[2024-03-27 23:38:33] [world] The Player <xcpc> has said => STOP TELEPORTING PEOPLE
[2024-03-27 23:38:34] [world] The Player <Char> has said => this party is being crazy ngl
[2024-03-27 23:38:36] [world] The Player <NezukoChan> has said => cya
[2024-03-27 23:38:36] [world] The Player <xcpc> has said => I WAS MINING
[2024-03-27 23:38:38] [world_the_end] The Player <Feathery> has said => nezuko
[2024-03-27 23:38:39] [world] The Player <NezukoChan> has said => lmao
[2024-03-27 23:38:40] [world] The Player <NezukoChan> has said => ?
[2024-03-27 23:38:42] [world] The Player <GolemDaWanderer> has said => gimme an ak
[2024-03-27 23:38:46] [world_the_end] The Player <Feathery> has said => t
[2024-03-27 23:38:48] [world_the_end] The Player <Feathery> has said => p
[2024-03-27 23:39:11] [world] The Player <NezukoChan> has said => yo what
[2024-03-27 23:39:30] [world] The Player <NezukoChan> has said => noo i moved
[2024-03-27 23:39:43] [world] The Player <GolemDaWanderer> has said => tp again
[2024-03-27 23:39:44] [world] The Player <GolemDaWanderer> has said => ig
[2024-03-27 23:39:48] [world] The Player <NezukoChan> has said => bruh i sent tp to wrong person
[2024-03-27 23:39:58] [world] The Player <NezukoChan> has said => im not dyslexic
[2024-03-27 23:40:32] [world] The Player <GolemDaWanderer> has said => nez tp
[2024-03-27 23:41:19] [world] The Player <GolemDaWanderer> has said => tp nez
[2024-03-27 23:41:23] [world_the_end] The Player <NezukoChan> has said => why
[2024-03-27 23:41:27] [world] The Player <GolemDaWanderer> has said => for da gun
[2024-03-27 23:41:35] [world_the_end] The Player <NezukoChan> has said => tester why u in spectator
[2024-03-27 23:41:37] [world] The Player <GolemDaWanderer> has said => FAKE OP
[2024-03-27 23:41:41] [world] The Player <Tester> has said => i aint?
[2024-03-27 23:41:45] [world] The Player <Tester> has said => y
[2024-03-27 23:41:46] [world_the_end] The Player <NezukoChan> has said => nvm
[2024-03-27 23:41:51] [world] The Player <Tester> has said => me making a track
[2024-03-27 23:42:00] [world] The Player <Tester> has said => wanna see it
[2024-03-27 23:42:25] [world_the_end] The Player <NezukoChan> has said => sure
[2024-03-27 23:42:29] [world] The Player <Tester> has said => k
[2024-03-27 23:42:38] [world] The Player <GolemDaWanderer> has said => XD
[2024-03-27 23:42:38] [world] The Player <Tester> has said => if i find it....
[2024-03-27 23:42:43] [world_the_end] The Player <NezukoChan> has said => lol
[2024-03-27 23:43:13] [world_the_end] The Player <NezukoChan> has said => for some reason im in the end trapped in a claimed obby box
[2024-03-27 23:43:23] [world] The Player <Tester> has said => damn
[2024-03-27 23:43:25] [world] The Player <GolemDaWanderer> has said => tpa
[2024-03-27 23:43:30] [world_the_end] The Player <NezukoChan> has said => guys i just lost my 10 year hardcore world
[2024-03-27 23:43:40] [world_the_end] The Player <Tester> has said => lol
[2024-03-27 23:43:41] [world_the_end] The Player <NezukoChan> has said => i def dont have pearls
[2024-03-27 23:43:53] [world_the_end] The Player <GolemDaWanderer> has said => test be in creative
[2024-03-27 23:43:53] [world_the_end] The Player <NezukoChan> has said => what
[2024-03-27 23:43:56] [world_the_end] The Player <NezukoChan> has said => lmao
[2024-03-27 23:44:04] [world_the_end] The Player <NezukoChan> has said => holem imma help u
[2024-03-27 23:44:22] [world_the_end] The Player <GolemDaWanderer> has said => AHAHA
[2024-03-27 23:44:29] [world] The Player <xcpc> has said => pov: killing creepers with like 4fps
[2024-03-27 23:44:31] [world_the_end] The Player <GolemDaWanderer> has said => Missed me missed my now you gotta--
[2024-03-27 23:44:36] [world_the_end] The Player <NezukoChan> has said => lmao
[2024-03-27 23:44:36] [world] The Player <GolemDaWanderer> has said => BRO TF
[2024-03-27 23:44:37] [world_the_end] The Player <NezukoChan> has said => u thought
[2024-03-27 23:44:42] [world_the_end] The Player <NezukoChan> has said => i have aimbot
[2024-03-27 23:44:43] [world_the_end] The Player <NezukoChan> has said => jkjk
[2024-03-27 23:44:43] [world] The Player <xcpc> has said => My 4fps is legit
[2024-03-27 23:44:45] [world] The Player <GolemDaWanderer> has said => GIMME DAT
[2024-03-27 23:44:50] [world] The Player <GolemDaWanderer> has said => GIMMIE DAT
[2024-03-27 23:44:52] [world_the_end] The Player <NezukoChan> has said => hi feathery
[2024-03-27 23:44:56] [world_the_end] The Player <NezukoChan> has said => give u what
[2024-03-27 23:45:09] [world_the_end] The Player <Feathery> has said => ni hao
[2024-03-27 23:45:13] [world_the_end] The Player <Tester> has said => ?
[2024-03-27 23:45:39] [world_the_end] The Player <NezukoChan> has said => .
[2024-03-27 23:45:43] [world_the_end] The Player <Tester> has said => ?
[2024-03-27 23:45:50] [world_the_end] The Player <Feathery> has said => 0_0
[2024-03-27 23:45:52] [world] The Player <NezukoChan> has said => owie
[2024-03-27 23:45:58] [world_the_end] The Player <NezukoChan> has said => owie
[2024-03-27 23:46:08] [world_the_end] The Player <NezukoChan> has said => yay
[2024-03-27 23:46:14] [world] The Player <xcpc> has said => I'm in danger fr
[2024-03-27 23:46:18] [world_the_end] The Player <NezukoChan> has said => hi guys i am Nezuko and i love god appples!
[2024-03-27 23:46:23] [world_the_end] The Player <NezukoChan> has said => bro what
[2024-03-27 23:46:24] [world_the_end] The Player <Feathery> has said => sit
[2024-03-27 23:46:25] [world_the_end] The Player <Tester> has said => dragon-
[2024-03-27 23:46:27] [world_the_end] The Player <NezukoChan> has said => i never said that
[2024-03-27 23:46:31] [world] The Player <xcpc> has said => Hi chat I'm cpc and I suck at pvp
[2024-03-27 23:46:40] [world_the_end] The Player <NezukoChan> has said => tester did u do smth
[2024-03-27 23:46:44] [world_the_end] The Player <NezukoChan> has said => hi guys i am Nezuko and i never say anythin
[2024-03-27 23:46:45] [world_the_end] The Player <Tester> has said => ?
[2024-03-27 23:46:46] [world_the_end] The Player <Tester> has said => wat
[2024-03-27 23:47:08] [world] The Player <xcpc> has said => Just found the perfect spot for a base
[2024-03-27 23:47:16] [world_the_end] The Player <Tester> has said => nice
[2024-03-27 23:47:20] [world] The Player <xcpc> has said => Somebody gave me op
[2024-03-27 23:47:22] [world_the_end] The Player <NezukoChan> has said => back
[2024-03-27 23:47:24] [world] The Player <xcpc> has said => smh
[2024-03-27 23:47:25] [world] The Player <Tester> has said => who?
[2024-03-27 23:47:25] [world_the_end] The Player <NezukoChan> has said => bro waht
[2024-03-27 23:47:28] [world] The Player <xcpc> has said => idk
[2024-03-27 23:47:33] [world] The Player <Tester> has said => try agemmode c
[2024-03-27 23:47:36] [world_the_end] The Player <NezukoChan> has said => no its fake
[2024-03-27 23:47:39] [world] The Player <xcpc> has said => I just got a message saying "You are now op!"
[2024-03-27 23:47:42] [world_the_end] The Player <NezukoChan> has said => same
[2024-03-27 23:47:44] [world] The Player <xcpc> has said => Now I'm in c
[2024-03-27 23:47:45] [world_the_end] The Player <NezukoChan> has said => doesnt work
[2024-03-27 23:47:48] [world_the_end] The Player <NezukoChan> has said => what
[2024-03-27 23:47:56] [world] The Player <xcpc> has said => Now I'm in survival
[2024-03-27 23:48:02] [world] The Player <xcpc> has said => chat wtf
[2024-03-27 23:48:07] [world_the_end] The Player <Feathery> has said => 0w0
[2024-03-27 23:48:09] [world] The Player <xcpc> has said => lol
[2024-03-27 23:48:13] [world] The Player <xcpc> has said => somebody's in console
[2024-03-27 23:48:22] [world_the_end] The Player <NezukoChan> has said => its char
[2024-03-27 23:48:26] [world] The Player <xcpc> has said => real
[2024-03-27 23:48:30] [world_the_end] The Player <NezukoChan> has said => @Tester 1 or 2
[2024-03-27 23:48:38] [world_the_end] The Player <NezukoChan> has said => or 3
[2024-03-27 23:48:39] [world_the_end] The Player <Tester> has said => 1
[2024-03-27 23:48:44] [world] The Player <xcpc> has said => Do I have to worry about people raiding me
[2024-03-27 23:48:45] [world_the_end] The Player <NezukoChan> has said => bruh
[2024-03-27 23:48:47] [world] The Player <xcpc> has said => lol
[2024-03-27 23:48:49] [world_the_end] The Player <NezukoChan> has said => why
[2024-03-27 23:48:49] [world_the_end] The Player <Tester> has said => nah
[2024-03-27 23:48:52] [world_the_end] The Player <Tester> has said => if they do they banned
[2024-03-27 23:48:54] [world_the_end] The Player <NezukoChan> has said => why u pick one
[2024-03-27 23:48:56] [world] The Player <xcpc> has said => real
[2024-03-27 23:49:00] [world_the_end] The Player <Tester> has said => ye
[2024-03-27 23:49:05] [world_the_end] The Player <NezukoChan> has said => why did u
[2024-03-27 23:49:16] [world_the_end] The Player <Tester> has said => we lov pigs
[2024-03-27 23:49:24] [world_the_end] The Player <NezukoChan> has said => bruh
[2024-03-27 23:49:34] [world_the_end] The Player <Tester> has said => ?
[2024-03-27 23:49:39] [world_the_end] The Player <Tester> has said => -
[2024-03-27 23:49:40] [world] The Player <NezukoChan> has said => fine
[2024-03-27 23:49:41] [world_the_end] The Player <Tester> has said => wrong pigs
[2024-03-27 23:49:45] [world_the_end] The Player <Feathery> has said => where is nezuko
[2024-03-27 23:49:47] [world_the_end] The Player <Tester> has said => idk
[2024-03-27 23:49:50] [world] The Player <NezukoChan> has said => i died
[2024-03-27 23:49:57] [world_the_end] The Player <Feathery> has said => i wanna t-
[2024-03-27 23:50:02] [world_the_end] The Player <Feathery> has said => hit a pig
[2024-03-27 23:50:07] [world_the_end] The Player <Tester> has said => Feathery giv me a gun
[2024-03-27 23:50:07] [world] The Player <Heinrich_Himmler> has said => do we have farlands in this version
[2024-03-27 23:50:13] [world_the_end] The Player <NezukoChan> has said => teser op one was u pick a skin and i gotta wear it for 4 days
[2024-03-27 23:50:13] [world_the_end] The Player <Tester> has said => oop
[2024-03-27 23:50:15] [world_the_end] The Player <Tester> has said => i hit it
[2024-03-27 23:50:18] [world_the_end] The Player <Tester> has said => and its attackin him
[2024-03-27 23:50:33] [world_the_end] The Player <Feathery> has said => take off your chestplate
[2024-03-27 23:50:46] [world_the_end] The Player <Tester> has said => ERM
[2024-03-27 23:50:50] [world] The Player <NezukoChan> has said => so?
[2024-03-27 23:50:53] [world] The Player <NezukoChan> has said => what skin]
[2024-03-27 23:50:55] [world_the_end] The Player <Feathery> has said => rawr
[2024-03-27 23:51:41] [world_the_end] The Player <NezukoChan> has said => nooo
[2024-03-27 23:51:55] [world_the_end] The Player <Tester> has said => i should stop messing around and work.
[2024-03-27 23:51:56] [world_the_end] The Player <NezukoChan> has said => OW
[2024-03-27 23:51:57] [world_the_end] The Player <Tester> has said => time to work
[2024-03-27 23:52:02] [world] The Player <NezukoChan> has said => bruh
[2024-03-27 23:52:06] [world] The Player <NezukoChan> has said => back
[2024-03-27 23:52:11] [world_the_end] The Player <Feathery> has said => come
[2024-03-27 23:52:12] [world_the_end] The Player <NezukoChan> has said => what skin tester
[2024-03-27 23:52:20] [world_the_end] The Player <Tester> has said => ?
[2024-03-27 23:52:26] [world_the_end] The Player <Tester> has said => look
[2024-03-27 23:52:35] [world_the_end] The Player <Feathery> has said => welcome to exilement
[2024-03-27 23:52:37] [world_the_end] The Player <NezukoChan> has said => 1 was u get to choose a skin for me and ill wear it for 4 days
[2024-03-27 23:52:41] [world_the_end] The Player <Feathery> has said => LOL
[2024-03-27 23:52:41] [world_the_end] The Player <NezukoChan> has said => no
[2024-03-27 23:52:41] [world_the_end] The Player <Tester> has said => oop
[2024-03-27 23:52:54] [world_the_end] The Player <Tester> has said => hm okay
[2024-03-27 23:52:56] [world_the_end] The Player <Tester> has said => lets see
[2024-03-27 23:52:59] [world_the_end] The Player <Tester> has said => just a sec :>
[2024-03-27 23:53:00] [world] The Player <xcpc> has said => I'm hiding in the desert fr
[2024-03-27 23:53:00] [world_the_end] The Player <Feathery> has said => this is your home now
[2024-03-27 23:53:08] [world_the_end] The Player <NezukoChan> has said => lmao
[2024-03-27 23:53:08] [world_the_end] The Player <Feathery> has said => got that?
[2024-03-27 23:53:21] [world_the_end] The Player <NezukoChan> has said => hehe
[2024-03-27 23:53:24] [world_the_end] The Player <NezukoChan> has said => nooo
[2024-03-27 23:53:43] [world_the_end] The Player <Tester> has said => this?
[2024-03-27 23:53:44] [world] The Player <NezukoChan> has said => yes
[2024-03-27 23:53:51] [world_the_end] The Player <NezukoChan> has said => ow
[2024-03-27 23:54:01] [world_the_end] The Player <NezukoChan> has said => bro what
[2024-03-27 23:54:05] [world_the_end] The Player <Tester> has said => wear it
[2024-03-27 23:54:08] [world_the_end] The Player <NezukoChan> has said => can u send it to me
[2024-03-27 23:54:10] [world_the_end] The Player <Tester> has said => kk
[2024-03-27 23:54:13] [world_the_end] The Player <Tester> has said => gimmie ur gmail :>
[2024-03-27 23:54:28] [world_the_end] The Player <Feathery> has said => drop ypour pearls
[2024-03-27 23:54:35] [world_the_end] The Player <Tester> has said => delete ur homes
[2024-03-27 23:54:54] [world] The Player <NezukoChan> has said => NOO
[2024-03-27 23:54:57] [world] The Player <NezukoChan> has said => I WAS TYPING
[2024-03-27 23:55:00] [world_the_end] The Player <Tester> has said => damn
[2024-03-27 23:56:12] [world_the_end] The Player <NezukoChan> has said => hehe
[2024-03-27 23:56:16] [world_the_end] The Player <NezukoChan> has said => ive escaped
[2024-03-27 23:56:22] [world_the_end] The Player <NezukoChan> has said => cant catch me
[2024-03-27 23:56:32] [world_the_end] The Player <Tester> has said => i sent it
[2024-03-27 23:57:11] [world_the_end] The Player <Tester> has said => ROAR
[2024-03-27 23:57:36] [world] The Player <NezukoChan> has said => BRO WHAT
[2024-03-27 23:57:39] [world] The Player <Tester> has said => Heinrich_Himmler
[2024-03-27 23:57:40] [world] The Player <NezukoChan> has said => how u got an mp7
[2024-03-27 23:57:42] [world] The Player <Tester> has said => gimmie da gun for a sec
[2024-03-27 23:57:43] [world] The Player <Heinrich_Himmler> has said => yeah?
[2024-03-27 23:57:49] [world] The Player <Tester> has said => me need to make a copy
[2024-03-27 23:57:51] [world] The Player <NezukoChan> has said => howw
[2024-03-27 23:57:59] [world] The Player <Tester> has said => giv
[2024-03-27 23:58:01] [world] The Player <Tester> has said => me need one
[2024-03-27 23:58:01] [world] The Player <Heinrich_Himmler> has said => cya
[2024-03-27 23:58:04] [world] The Player <Tester> has said => me make a copy
[2024-03-27 23:58:04] [world_the_end] The Player <NezukoChan> has said => lmao
[2024-03-27 23:58:15] [world] The Player <Heinrich_Himmler> has said => how do I know you wont delete it
[2024-03-27 23:58:18] [world] The Player <Tester> has said => i wont-
[2024-03-27 23:58:22] [world] The Player <Tester> has said => trust
[2024-03-27 23:58:26] [world] The Player <Heinrich_Himmler> has said => and that you will even give it back
[2024-03-27 23:58:30] [world] The Player <Tester> has said => i will
[2024-03-27 23:58:41] [world] The Player <Tester> has said => trust this ghost tail
[2024-03-27 23:58:46] [world] The Player <Heinrich_Himmler> has said => hmm idk bro
[2024-03-27 23:58:47] [world_the_end] The Player <NezukoChan> has said => brb im changing skin
[2024-03-27 23:59:40] [world_the_end] The Player <Feathery> has said => i am going to touch you
[2024-03-27 23:59:43] [world] The Player <Heinrich_Himmler> has said => promise you will give it back
[2024-03-27 23:59:49] [world] The Player <Tester> has said => i promise
[2024-03-28 00:00:17] [world_the_end] The Player <Feathery> has said => why is nezukochan in gamemode creative or spectator?
[2024-03-28 00:00:21] [world] The Player <Tester> has said => why me not drop
[2024-03-28 00:00:25] [world] The Player <Tester> has said => there
[2024-03-28 00:00:30] [world] The Player <Heinrich_Himmler> has said => tysm
[2024-03-28 00:00:37] [world_the_end] The Player <NezukoChan> has said => wait what
[2024-03-28 00:00:39] [world_the_end] The Player <NezukoChan> has said => yo what
[2024-03-28 00:00:46] [world_the_end] The Player <NezukoChan> has said => ur gonna touch me??
[2024-03-28 00:00:50] [world] The Player <Tester> has said => btw nez
[2024-03-28 00:00:54] [world_the_end] The Player <NezukoChan> has said => ?
[2024-03-28 00:00:54] [world] The Player <Tester> has said => gimmie 2k
[2024-03-28 00:00:56] [world] The Player <Tester> has said => for a gun :>
[2024-03-28 00:01:09] [world_the_end] The Player <Feathery> has said => wait nezuko
[2024-03-28 00:01:20] [world] The Player <Feathery> has said => come here
[2024-03-28 00:01:33] [world] The Player <NezukoChan> has said => bro i cant
[2024-03-28 00:01:38] [world] The Player <NezukoChan> has said => try /pay
[2024-03-28 00:01:51] [world] The Player <Tester> has said => here
[2024-03-28 00:01:56] [world_the_end] The Player <Heinrich_Himmler> has said => why was I flying
[2024-03-28 00:02:09] [world] The Player <NezukoChan> has said => bruh
[2024-03-28 00:02:15] [world_the_end] The Player <Tester> has said => oop
[2024-03-28 00:02:22] [world_the_end] The Player <NezukoChan> has said => i cant pay
[2024-03-28 00:02:30] [world] The Player <NezukoChan> has said => yay tysm
[2024-03-28 00:02:37] [world_the_end] The Player <Tester> has said => for 5 min.
[2024-03-28 00:02:40] [world_the_end] The Player <Tester> has said => giv later
[2024-03-28 00:02:46] [world] The Player <Feathery> has said => welcome
[2024-03-28 00:02:47] [world] The Player <Feathery> has said => mine.
[2024-03-28 00:02:48] [world] The Player <NezukoChan> has said => ooh mooshroom
[2024-03-28 00:03:06] [world_the_end] The Player <Heinrich_Himmler> has said => do you want to buy a spawn egg?
[2024-03-28 00:03:15] [world_the_end] The Player <Tester> has said => hm
[2024-03-28 00:03:18] [world_the_end] The Player <Tester> has said => and how u got that?
[2024-03-28 00:03:30] [world] The Player <NezukoChan> has said => damn bro got caught
[2024-03-28 00:03:33] [world_the_end] The Player <Heinrich_Himmler> has said => I found it by the side of the road
[2024-03-28 00:03:37] [world_the_end] The Player <Tester> has said => uh huhhhh
[2024-03-28 00:03:42] [world_the_end] The Player <Tester> has said => endermen can resist the fun
[2024-03-28 00:03:43] [world_the_end] The Player <Tester> has said => gun
[2024-03-28 00:03:47] [world_the_end] The Player <Tester> has said => they dodge
[2024-03-28 00:03:49] [world_the_end] The Player <Tester> has said => arrows
[2024-03-28 00:03:51] [world] The Player <NezukoChan> has said => arrows
[2024-03-28 00:04:23] [world_the_end] The Player <Heinrich_Himmler> has said => wut
[2024-03-28 00:04:27] [world_the_end] The Player <Tester> has said => i found a prision lol
[2024-03-28 00:04:32] [world_the_end] The Player <Tester> has said => look!
[2024-03-28 00:04:35] [world_the_end] The Player <Tester> has said => we own this part
[2024-03-28 00:04:40] [world_the_end] The Player <Tester> has said => mine here
[2024-03-28 00:05:11] [world_the_end] The Player <NezukoChan> has said => bro this skin is hideous
[2024-03-28 00:05:21] [world_the_end] The Player <NezukoChan> has said => cant even see my hand
[2024-03-28 00:05:27] [world_the_end] The Player <Heinrich_Himmler> has said => I can fly with this thing
[2024-03-28 00:05:30] [world_the_end] The Player <NezukoChan> has said => althought it might be usefulw
[2024-03-28 00:05:33] [world_the_end] The Player <NezukoChan> has said => invis
[2024-03-28 00:06:12] [world_the_end] The Player <Heinrich_Himmler> has said => you can clutch with a machine gun
[2024-03-28 00:06:17] [world_the_end] The Player <Tester> has said => true
[2024-03-28 00:06:22] [world_the_end] The Player <Tester> has said => NezukoChan
[2024-03-28 00:06:24] [world_the_end] The Player <Tester> has said => i am bored
[2024-03-28 00:06:26] [world] The Player <Heinrich_Himmler> has said => nvm
[2024-03-28 00:06:42] [world_the_end] The Player <NezukoChan> has said => lemme try
[2024-03-28 00:06:55] [world_the_end] The Player <Tester> has said => NezukoChan can i hav da gun now
[2024-03-28 00:06:57] [world_the_end] The Player <NezukoChan> has said => YO WHAT
[2024-03-28 00:07:01] [world_the_end] The Player <NezukoChan> has said => why
[2024-03-28 00:07:04] [world_the_end] The Player <NezukoChan> has said => ;)
[2024-03-28 00:07:06] [world_the_end] The Player <Tester> has said => someone named char
[2024-03-28 00:07:11] [world_the_end] The Player <NezukoChan> has said => oh
[2024-03-28 00:07:25] [world] The Player <NezukoChan> has said => oops
[2024-03-28 00:07:25] [world] The Player <Tester> has said => ouch
[2024-03-28 00:07:32] [world] The Player <NezukoChan> has said => bro
[2024-03-28 00:07:39] [world_the_end] The Player <Heinrich_Himmler> has said => summon the dragon I want to shot it
[2024-03-28 00:07:44] [world] The Player <Tester> has said => trueeee
[2024-03-28 00:07:55] [world_the_end] The Player <Tester> has said => ready?
[2024-03-28 00:07:59] [world_the_end] The Player <Heinrich_Himmler> has said => yeah
[2024-03-28 00:08:08] [world_the_end] The Player <Tester> has said => SO STRONG
[2024-03-28 00:08:22] [world_the_end] The Player <Tester> has said => afk
[2024-03-28 00:08:24] [world_the_end] The Player <Heinrich_Himmler> has said => where the dragon at
[2024-03-28 00:08:47] [world] The Player <NezukoChan> has said => ok i put the gun away
[2024-03-28 00:10:15] [world_the_end] The Player <Heinrich_Himmler> has said => take me to the skeleton farm
[2024-03-28 00:10:38] [world] The Player <Feathery> has said => hey heinrich
[2024-03-28 00:11:59] [world] The Player <Heinrich_Himmler> has said => agiain
[2024-03-28 00:12:19] [world] The Player <NezukoChan> has said => oop
[2024-03-28 00:12:57] [world] The Player <Heinrich_Himmler> has said => where the endermites at
[2024-03-28 00:13:02] [world] The Player <NezukoChan> has said => idk
[2024-03-28 00:13:04] [world] The Player <NezukoChan> has said => i died
[2024-03-28 00:13:11] [world] The Player <Feathery> has said => spawn
[2024-03-28 00:13:31] [world] The Player <Heinrich_Himmler> has said => tester let me tp to the skeleton farm
[2024-03-28 00:13:51] [world] The Player <Heinrich_Himmler> has said => bring me to the skeleton farm
[2024-03-28 00:14:37] [world] The Player <Heinrich_Himmler> has said => bring me to the skeleton farm
[2024-03-28 00:14:38] [world] The Player <Tester> has said => da fuck
[2024-03-28 00:14:41] [world] The Player <Tester> has said => *frick
[2024-03-28 00:14:41] [world] The Player <NezukoChan> has said => YO
[2024-03-28 00:14:44] [world] The Player <Feathery> has said => mass extinction
[2024-03-28 00:14:45] [world] The Player <NezukoChan> has said => NO WAYYYYY
[2024-03-28 00:14:48] [world] The Player <NezukoChan> has said => NOOOO WAYYYYY
[2024-03-28 00:14:51] [world] The Player <Tester> has said => u saw nothin
[2024-03-28 00:14:53] [world] The Player <NezukoChan> has said => :O:O:O:O
[2024-03-28 00:15:02] [world] The Player <Heinrich_Himmler> has said => pls let me shoot skeletons
[2024-03-28 00:15:03] [world] The Player <Feathery> has said => MASS EXTINCTION
[2024-03-28 00:15:08] [world] The Player <NezukoChan> has said => CHAT SAVVESSS
[2024-03-28 00:15:15] [world] The Player <Tester> has said => U SAW NOTHIN NESZ
[2024-03-28 00:15:21] [world] The Player <Char> has said => hi
[2024-03-28 00:15:22] [world] The Player <NezukoChan> has said => NOO WAYYY
[2024-03-28 00:15:23] [world_nether] The Player <Heinrich_Himmler> has said => hi
[2024-03-28 00:15:35] [world] The Player <Char> has said => meanie tester
[2024-03-28 00:15:39] [world] The Player <Char> has said => war
[2024-03-28 00:15:41] [world] The Player <Feathery> has said => STOP
[2024-03-28 00:15:42] [world] The Player <Tester> has said => e
[2024-03-28 00:15:44] [world] The Player <Tester> has said => oh
[2024-03-28 00:15:45] [world] The Player <Tester> has said => oops
[2024-03-28 00:15:47] [world] The Player <Feathery> has said => mass extinction
[2024-03-28 00:15:55] [world] The Player <Tester> has said => lol
[2024-03-28 00:16:16] [world] The Player <Feathery> has said => LOL
[2024-03-28 00:16:32] [world] The Player <NezukoChan> has said => NO WAYY
[2024-03-28 00:16:41] [world_nether] The Player <Heinrich_Himmler> has said => send snipertoad a cheeseburger invite pls
[2024-03-28 00:16:44] [world] The Player <Char> has said => k
[2024-03-28 00:16:48] [world] The Player <Char> has said => i know your his alt
[2024-03-28 00:16:48] [world] The Player <Tester> has said => feather got banned lol
[2024-03-28 00:16:49] [world] The Player <NezukoChan> has said => tester check gmail
[2024-03-28 00:16:52] [world] The Player <Tester> has said => wat
[2024-03-28 00:16:55] [world] The Player <Tester> has said => ah yea
[2024-03-28 00:16:58] [world] The Player <Tester> has said => oka
[2024-03-28 00:17:10] [world] The Player <NezukoChan> has said => what feather got banned?
[2024-03-28 00:17:24] [world] The Player <Char> has said => i never friended him
[2024-03-28 00:17:28] [world] The Player <Char> has said => also i unbanned feather
[2024-03-28 00:17:33] [world] The Player <NezukoChan> has said => oh
[2024-03-28 00:17:49] [world] The Player <Char> has said => vote bobfish_j
[2024-03-28 00:17:51] [world] The Player <Tester> has said => does /vanish exist
[2024-03-28 00:17:54] [world] The Player <Tester> has said => wat
[2024-03-28 00:17:58] [world] The Player <Tester> has said => make /balance work
[2024-03-28 00:18:08] [world] The Player <Char> has said => the whole economy plugin exploded
[2024-03-28 00:18:10] [world] The Player <Char> has said => remember
[2024-03-28 00:18:13] [world] The Player <Tester> has said => ye
[2024-03-28 00:18:17] [world] The Player <Tester> has said => cuz of me??
[2024-03-28 00:18:19] [world] The Player <Tester> has said => i am rifch
[2024-03-28 00:18:21] [world] The Player <Char> has said => idk why
[2024-03-28 00:18:35] [world] The Player <NezukoChan> has said => lmao so rich u broke the system
[2024-03-28 00:18:36] [world] The Player <Char> has said => ima go make the uncrash website
[2024-03-28 00:18:46] [world] The Player <Tester> has said => lol
[2024-03-28 00:18:49] [world] The Player <Char> has said => im making a website u can click to start server
[2024-03-28 00:18:51] [world] The Player <Char> has said => cya a
[2024-03-28 00:18:52] [world] The Player <Tester> has said => yay
[2024-03-28 00:18:55] [world] The Player <Char> has said => *dies*
[2024-03-28 00:18:58] [world] The Player <Tester> has said => poof
[2024-03-28 00:19:04] [world] The Player <NezukoChan> has said => what the atcual f was hitting me
[2024-03-28 00:19:09] [world] The Player <Tester> has said => idk
[2024-03-28 00:19:11] [world] The Player <Tester> has said => maybe a char
[2024-03-28 00:19:16] [world] The Player <NezukoChan> has said => oh invis endermite
[2024-03-28 00:19:21] [world] The Player <Tester> has said => oh
[2024-03-28 00:19:22] [world] The Player <Tester> has said => :>
[2024-03-28 00:19:22] [world] The Player <NezukoChan> has said => bruh
[2024-03-28 00:19:26] [world] The Player <Tester> has said => where it go........
[2024-03-28 00:19:30] [world] The Player <Tester> has said => erm
[2024-03-28 00:19:32] [world] The Player <Tester> has said => FIND IT
[2024-03-28 00:19:41] [world] The Player <Tester> has said => time to get a endermen
[2024-03-28 00:19:43] [world] The Player <Tester> has said => to find i
[2024-03-28 00:19:45] [world] The Player <Tester> has said => tis a great dog
[2024-03-28 00:22:18] [world] The Player <NezukoChan> has said => yo tester since u got creative could u uhh type "diamond blo" in menu and give me 64 of it
[2024-03-28 00:22:25] [world] The Player <Tester> has said => hm
[2024-03-28 00:22:29] [world] The Player <NezukoChan> has said => ;)
[2024-03-28 00:22:29] [world] The Player <Tester> has said => i shall pass
[2024-03-28 00:22:32] [world] The Player <NezukoChan> has said => its um
[2024-03-28 00:22:35] [world] The Player <NezukoChan> has said => for building
[2024-03-28 00:22:38] [world] The Player <Tester> has said => since this guy called neztook a picture
[2024-03-28 00:22:44] [world] The Player <NezukoChan> has said => ah
[2024-03-28 00:22:49] [world] The Player <Tester> has said => i got creative not op
[2024-03-28 00:22:52] [world] The Player <Tester> has said => i cant do /give
[2024-03-28 00:23:00] [world] The Player <NezukoChan> has said => no in the creative menu
[2024-03-28 00:23:06] [world] The Player <Tester> has said => nahhhh
[2024-03-28 00:23:09] [world] The Player <NezukoChan> has said => lmao
[2024-03-28 00:23:15] [world] The Player <Tester> has said => i cna giv 1 stick tho
[2024-03-28 00:23:18] [world] The Player <Tester> has said => can
[2024-03-28 00:23:19] [world] The Player <NezukoChan> has said => yay
[2024-03-28 00:23:34] [world] The Player <Tester> has said => here u go
[2024-03-28 00:23:57] [world] The Player <Feathery> has said => tster
[2024-03-28 00:24:00] [world] The Player <Tester> has said => ye
[2024-03-28 00:24:00] [world] The Player <Feathery> has said => we gotta kill some maggots
[2024-03-28 00:24:03] [world] The Player <Feathery> has said => tp
[2024-03-28 00:24:07] [world] The Player <Tester> has said => y
[2024-03-28 00:24:13] [world] The Player <NezukoChan> has said => nice rod
[2024-03-28 00:24:14] [world] The Player <Feathery> has said => we are killing maggots today
[2024-03-28 00:24:16] [world] The Player <NezukoChan> has said => WAIT
[2024-03-28 00:24:17] [world] The Player <Feathery> has said => come here
[2024-03-28 00:24:18] [world] The Player <NezukoChan> has said => NOT LIKE THAT
[2024-03-28 00:24:22] [world] The Player <NezukoChan> has said => BLAZE ROD
[2024-03-28 00:24:24] [world] The Player <NezukoChan> has said => **
[2024-03-28 00:24:25] [world] The Player <Tester> has said => ?
[2024-03-28 00:24:26] [world] The Player <Tester> has said => lol
[2024-03-28 00:24:34] [world] The Player <Feathery> has said => nezuko chan likes rods.
[2024-03-28 00:24:38] [world] The Player <Feathery> has said => take
[2024-03-28 00:24:38] [world] The Player <NezukoChan> has said => real
[2024-03-28 00:24:39] [world] The Player <Tester> has said => ye
[2024-03-28 00:24:40] [world] The Player <NezukoChan> has said => i mean
[2024-03-28 00:24:44] [world] The Player <NezukoChan> has said => um
[2024-03-28 00:24:46] [world] The Player <Feathery> has said => we gonna kill some maggots
[2024-03-28 00:24:47] [world] The Player <NezukoChan> has said => uh
[2024-03-28 00:24:53] [world] The Player <NezukoChan> has said => tester loves rods
[2024-03-28 00:25:09] [world] The Player <NezukoChan> has said => maggots?
[2024-03-28 00:25:10] [world] The Player <Tester> has said => i love cool sword rods
[2024-03-28 00:25:12] [world] The Player <NezukoChan> has said => ah
[2024-03-28 00:25:23] [world] The Player <Tester> has said => swords that slice
[2024-03-28 00:25:23] [world] The Player <xcpc> has said => Chat I'm getting hhiger fps!!!!!!!!!!!!!!
[2024-03-28 00:25:25] [world] The Player <Feathery> has said => nezuko likes our r-
[2024-03-28 00:25:33] [world] The Player <xcpc> has said => rifp my keyboard repeat
[2024-03-28 00:25:33] [world] The Player <NezukoChan> has said => i do
[2024-03-28 00:25:34] [world] The Player <NezukoChan> has said => nt
[2024-03-28 00:25:37] [world] The Player <Feathery> has said => ;)
[2024-03-28 00:25:39] [world] The Player <Feathery> has said => yes you do
[2024-03-28 00:25:46] [world] The Player <NezukoChan> has said => it depends
[2024-03-28 00:25:49] [world] The Player <NezukoChan> has said => what rods
[2024-03-28 00:25:49] [world] The Player <Feathery> has said => you liked it last n-
[2024-03-28 00:25:55] [world] The Player <NezukoChan> has said => oh that one
[2024-03-28 00:25:57] [world] The Player <NezukoChan> has said => yes
[2024-03-28 00:26:02] [world] The Player <NezukoChan> has said => WAIT
[2024-03-28 00:26:04] [world] The Player <NezukoChan> has said => um
[2024-03-28 00:26:07] [world] The Player <NezukoChan> has said => no wdym
[2024-03-28 00:26:11] [world] The Player <xcpc> has said => Lol
[2024-03-28 00:26:18] [world] The Player <NezukoChan> has said => hey
[2024-03-28 00:26:22] [world] The Player <NezukoChan> has said => i saw that
[2024-03-28 00:26:25] [world] The Player <Tester> has said => ?
[2024-03-28 00:26:30] [world] The Player <NezukoChan> has said => nvm
[2024-03-28 00:26:32] [world] The Player <Tester> has said => what is a flash bomb
[2024-03-28 00:26:33] [world] The Player <Feathery> has said => dont lie nezuko
[2024-03-28 00:26:36] [world] The Player <Feathery> has said => stand here nezukod
[2024-03-28 00:26:37] [world] The Player <NezukoChan> has said => can anyone do /af see
[2024-03-28 00:26:37] [world] The Player <Tester> has said => sponge??
[2024-03-28 00:26:42] [world] The Player <NezukoChan> has said => or smth idk
[2024-03-28 00:26:43] [world] The Player <NezukoChan> has said => yes
[2024-03-28 00:26:44] [world] The Player <Tester> has said => what is /af see
[2024-03-28 00:26:49] [world] The Player <Feathery> has said => stand here
[2024-03-28 00:26:49] [world] The Player <NezukoChan> has said => my flash bomb
[2024-03-28 00:26:54] [world] The Player <Tester> has said => idk
[2024-03-28 00:27:01] [world] The Player <Tester> has said => its just a sponge
[2024-03-28 00:27:05] [world] The Player <Feathery> has said => STAND HERE
[2024-03-28 00:27:07] [world] The Player <NezukoChan> has said => ./af invsee
[2024-03-28 00:27:20] [world] The Player <Tester> has said => it dont exist
[2024-03-28 00:27:47] [world] The Player <NezukoChan> has said => what happene
[2024-03-28 00:28:10] [world] The Player <NezukoChan> has said => MY SWORD
[2024-03-28 00:28:11] [world] The Player <NezukoChan> has said => HOW
[2024-03-28 00:28:18] [world] The Player <NezukoChan> has said => DO U HAVE /af
[2024-03-28 00:28:23] [world] The Player <Tester> has said => no
[2024-03-28 00:28:24] [world] The Player <Tester> has said => sadly
[2024-03-28 00:28:31] [world] The Player <Tester> has said => i did sf invsee
[2024-03-28 00:28:32] [world] The Player <NezukoChan> has said => then how did u get my sword
[2024-03-28 00:28:38] [world] The Player <NezukoChan> has said => sf??
[2024-03-28 00:28:42] [world] The Player <Tester> has said => i can spy on faction emmbers
[2024-03-28 00:28:44] [world] The Player <Tester> has said => members
[2024-03-28 00:28:46] [world] The Player <NezukoChan> has said => oh
[2024-03-28 00:29:00] [world] The Player <xcpc> has said => remind me never to join a fac
[2024-03-28 00:29:05] [world] The Player <NezukoChan> has said => why
[2024-03-28 00:29:09] [world] The Player <Tester> has said => WOW
[2024-03-28 00:29:11] [world] The Player <Tester> has said => it works
[2024-03-28 00:29:13] [world] The Player <NezukoChan> has said => u could make ur own
[2024-03-28 00:29:14] [world] The Player <Tester> has said => the /sf zap
[2024-03-28 00:29:17] [world] The Player <NezukoChan> has said => bro u have af
[2024-03-28 00:29:17] [world] The Player <xcpc> has said => If minecraft had a reply feature lol
[2024-03-28 00:29:26] [world] The Player <NezukoChan> has said => dont lie
[2024-03-28 00:29:29] [world] The Player <NezukoChan> has said => u have af
[2024-03-28 00:29:31] [world] The Player <Tester> has said => u try
[2024-03-28 00:29:37] [world] The Player <NezukoChan> has said => nope
[2024-03-28 00:29:42] [world] The Player <NezukoChan> has said => no perms
[2024-03-28 00:29:46] [world] The Player <Tester> has said => didnt u see-
[2024-03-28 00:29:59] [world] The Player <NezukoChan> has said => i dontn have perrmms
[2024-03-28 00:30:00] [world] The Player <xcpc> has said => Someone invited me to testerteam but it's weird
[2024-03-28 00:30:05] [world] The Player <xcpc> has said => won't let me join
[2024-03-28 00:30:09] [world] The Player <Tester> has said => weird
[2024-03-28 00:30:24] [world] The Player <Tester> has said => do /sf join Tester_Team
[2024-03-28 00:30:24] [world] The Player <NezukoChan> has said => nice
[2024-03-28 00:30:25] [world] The Player <xcpc> has said => there we go
[2024-03-28 00:30:27] [world] The Player <xcpc> has said => weird
[2024-03-28 00:30:33] [world] The Player <xcpc> has said => Blue chat?
[2024-03-28 00:30:37] [world] The Player <Tester> has said => ye
[2024-03-28 00:30:39] [world] The Player <NezukoChan> has said => blue means your team
[2024-03-28 00:30:42] [world] The Player <xcpc> has said => ye
[2024-03-28 00:30:47] [world] The Player <NezukoChan> has said => red means enemy
[2024-03-28 00:30:49] [world] The Player <xcpc> has said => I used /f when I played mc
[2024-03-28 00:30:55] [world] The Player <NezukoChan> has said => purple means ally
[2024-03-28 00:30:56] [world] The Player <xcpc> has said => for factions
[2024-03-28 00:31:46] [world] The Player <xcpc> has said => pov: looking for water in a desert
[2024-03-28 00:31:49] [world] The Player <Tester> has said => lol
[2024-03-28 00:32:13] [world] The Player <NezukoChan> has said => bryg
[2024-03-28 00:32:15] [world] The Player <Tester> has said => ?
[2024-03-28 00:32:15] [world] The Player <NezukoChan> has said => bruh
[2024-03-28 00:32:46] [world] The Player <NezukoChan> has said => ./tell xcpc did u know tester likes men
[2024-03-28 00:32:50] [world] The Player <NezukoChan> has said => oh
[2024-03-28 00:32:51] [world] The Player <NezukoChan> has said => um
[2024-03-28 00:32:53] [world] The Player <xcpc> has said => LOL
[2024-03-28 00:32:54] [world] The Player <NezukoChan> has said => uh
[2024-03-28 00:32:54] [world] The Player <NezukoChan> has said => cya
[2024-03-28 00:33:15] [world] The Player <xcpc> has said => people fall on putting a period before commands
[2024-03-28 00:33:18] [world] The Player <xcpc> has said => smh
[2024-03-28 00:33:19] [world] The Player <Tester> has said => ikr
[2024-03-28 00:33:28] [world] The Player <defnotnezuko> has said => oh damn
[2024-03-28 00:33:30] [world] The Player <defnotnezuko> has said => im at base
[2024-03-28 00:33:32] [world] The Player <defnotnezuko> has said => lmao
[2024-03-28 00:33:37] [world] The Player <defnotnezuko> has said => i wasnt even registerd
[2024-03-28 00:33:57] [world] The Player <xcpc> has said => How do I privmsg people if /w and /msg don't exist
[2024-03-28 00:33:59] [world] The Player <xcpc> has said => oh wait
[2024-03-28 00:34:03] [world] The Player <xcpc> has said => nvm /tell exists
[2024-03-28 00:34:07] [world] The Player <Tester> has said => ye
[2024-03-28 00:34:07] [world] The Player <xcpc> has said => Yall should add /r
[2024-03-28 00:34:29] [world] The Player <xcpc> has said => AYO I JUST GOT STRUCK BY LIGHTNING
[2024-03-28 00:34:33] [world] The Player <Tester> has said => DAMN
[2024-03-28 00:34:35] [world] The Player <Tester> has said => 1 in 100k
[2024-03-28 00:34:36] [world] The Player <Tester> has said => moment
[2024-03-28 00:34:38] [world] The Player <xcpc> has said => Took 3 hearts
[2024-03-28 00:34:48] [world] The Player <xcpc> has said => I have weird pants on
[2024-03-28 00:34:51] [world] The Player <Tester> has said => lol
[2024-03-28 00:34:57] [world] The Player <defnotnezuko> has said => take them off
[2024-03-28 00:34:57] [world] The Player <xcpc> has said => Found em in my inv smh with a bunch of random junk
[2024-03-28 00:35:02] [world] The Player <defnotnezuko> has said => wait nvm not like that
[2024-03-28 00:35:05] [world] The Player <xcpc> has said => Prot IV
[2024-03-28 00:35:07] [world] The Player <defnotnezuko> has said => bruh
[2024-03-28 00:35:09] [world] The Player <xcpc> has said => Unbreak III
[2024-03-28 00:35:11] [world] The Player <Tester> has said => damn
[2024-03-28 00:35:13] [world] The Player <xcpc> has said => Thorns III
[2024-03-28 00:35:15] [world] The Player <xcpc> has said => That's all
[2024-03-28 00:35:16] [world] The Player <Tester> has said => damnn
[2024-03-28 00:35:24] [world] The Player <xcpc> has said => When I got tp'd earlier I think I picked them up
[2024-03-28 00:35:29] [world] The Player <xcpc> has said => My inv was full
[2024-03-28 00:35:45] [world] The Player <Tester> has said => btw
[2024-03-28 00:35:47] [world] The Player <Tester> has said => monsters exist
[2024-03-28 00:35:48] [world] The Player <xcpc> has said => Bruh I heard pot sounds
[2024-03-28 00:35:49] [world] The Player <Tester> has said => only 1 tho
[2024-03-28 00:35:51] [world] The Player <Tester> has said => they invis
[2024-03-28 00:36:07] [world] The Player <Tester> has said => bro found it as soon as i said it
[2024-03-28 00:36:11] [world] The Player <Tester> has said => they make potion sounds
[2024-03-28 00:36:14] [world] The Player <defnotnezuko> has said => lmao tester splashed invis
[2024-03-28 00:36:18] [world] The Player <xcpc> has said => real
[2024-03-28 00:36:20] [world] The Player <Tester> has said => nah
[2024-03-28 00:36:24] [world] The Player <xcpc> has said => Bro ruined the joke frfr
[2024-03-28 00:36:28] [world] The Player <Tester> has said => ikr
[2024-03-28 00:36:31] [world] The Player <xcpc> has said => Someone's messing with me
[2024-03-28 00:36:40] [world] The Player <defnotnezuko> has said => nvm i dropped a bottle of wine
[2024-03-28 00:36:54] [world] The Player <xcpc> has said => uh
[2024-03-28 00:36:54] [world] The Player <Tester> has said => er
[2024-03-28 00:36:56] [world] The Player <xcpc> has said => Can it wait?
[2024-03-28 00:36:56] [world] The Player <defnotnezuko> has said => sure
[2024-03-28 00:37:00] [world] The Player <xcpc> has said => I'm being attacked
[2024-03-28 00:37:34] [world] The Player <xcpc> has said => Bruh who's messing with potions
[2024-03-28 00:37:42] [world] The Player <defnotnezuko> has said => its the wine glasses
[2024-03-28 00:37:48] [world] The Player <xcpc> has said => Goddamn you
[2024-03-28 00:37:56] [world] The Player <xcpc> has said => You're in c
[2024-03-28 00:37:56] [world] The Player <defnotnezuko> has said => must be a drunk zombie
[2024-03-28 00:37:57] [world] The Player <xcpc> has said => HEY
[2024-03-28 00:38:00] [world] The Player <Tester> has said => me in spec
[2024-03-28 00:38:00] [world] The Player <xcpc> has said => my base mf
[2024-03-28 00:38:02] [world] The Player <xcpc> has said => Get out
[2024-03-28 00:38:03] [world] The Player <Tester> has said => ??
[2024-03-28 00:38:06] [world] The Player <Tester> has said => ur base damnnn
[2024-03-28 00:38:08] [world] The Player <Tester> has said => k bye
[2024-03-28 00:38:29] [world] The Player <xcpc> has said => I'm glitching
[2024-03-28 00:38:37] [world] The Player <xcpc> has said => I pray to god to restart the server
[2024-03-28 00:38:51] [world] The Player <defnotnezuko> has said => YAY IT WORKED
[2024-03-28 00:38:55] [world] The Player <Tester> has said => ?
[2024-03-28 00:38:56] [world] The Player <xcpc> has said => nezuko stfu
[2024-03-28 00:38:59] [world] The Player <defnotnezuko> has said => nothing
[2024-03-28 00:39:08] [world] The Player <xcpc> has said => Char check console command list
[2024-03-28 00:39:09] [world] The Player <defnotnezuko> has said => it was a test
[2024-03-28 00:39:11] [world] The Player <xcpc> has said => lol
[2024-03-28 00:39:17] [world] The Player <Tester> has said => bro got slapped
[2024-03-28 00:39:19] [world] The Player <defnotnezuko> has said => ?
[2024-03-28 00:39:30] [world] The Player <defnotnezuko> has said => what
[2024-03-28 00:39:34] [world] The Player <defnotnezuko> has said => the
[2024-03-28 00:39:35] [world] The Player <Tester> has said => bro got slapped again
[2024-03-28 00:39:42] [world] The Player <defnotnezuko> has said => thats u?
[2024-03-28 00:39:46] [world] The Player <Tester> has said => DAMN
[2024-03-28 00:39:46] [world] The Player <defnotnezuko> has said => ok wtf
[2024-03-28 00:39:49] [world] The Player <Tester> has said => I DIDNAT DEO THAT
[2024-03-28 00:39:53] [world] The Player <Tester> has said => bro got hit
[2024-03-28 00:40:09] [world] The Player <defnotnezuko> has said => so did u
[2024-03-28 00:40:13] [world] The Player <defnotnezuko> has said => nvm
[2024-03-28 00:40:27] [world] The Player <xcpc> has said => huh tester left and feathery joined
[2024-03-28 00:40:33] [world] The Player <defnotnezuko> has said => alt frfr
[2024-03-28 00:40:36] [world] The Player <Feathery> has said => huh
[2024-03-28 00:40:36] [world] The Player <xcpc> has said => lol
[2024-03-28 00:40:40] [world] The Player <Feathery> has said => im not a alt
[2024-03-28 00:40:43] [world] The Player <defnotnezuko> has said => ik
[2024-03-28 00:40:44] [world] The Player <defnotnezuko> has said => lmao
[2024-03-28 00:40:46] [world] The Player <xcpc> has said => We were joking
[2024-03-28 00:40:52] [world] The Player <xcpc> has said => Tester just left like 5 secs ago
[2024-03-28 00:40:56] [world] The Player <Feathery> has said => oh
[2024-03-28 00:41:09] [world] The Player <xcpc> has said => Time to look for water source no. 2
[2024-03-28 00:42:00] [world] The Player <xcpc> has said => Did we just get kicked?
[2024-03-28 00:42:15] [world] The Player <xcpc> has said => I got EOS'd
[2024-03-28 00:42:23] [world] The Player <xcpc> has said => WATER!!!!!!!!!!!!!!1
[2024-03-28 00:42:33] [world] The Player <defnotnezuko> has said => bro waht
[2024-03-28 00:42:40] [world] The Player <xcpc> has said => I got kicked from the game
[2024-03-28 00:42:43] [world] The Player <defnotnezuko> has said => why are there feathers in my base
[2024-03-28 00:42:49] [world] The Player <defnotnezuko> has said => it was prob the restart
[2024-03-28 00:42:55] [world] The Player <defnotnezuko> has said => oh i see
[2024-03-28 00:42:56] [world] The Player <Feathery> has said => totally not me
[2024-03-28 00:43:00] [world] The Player <defnotnezuko> has said => lol
[2024-03-28 00:43:04] [world] The Player <xcpc> has said => I need more iron to make armor that's not my pants
[2024-03-28 00:44:11] [world] The Player <Feathery> has said => brb
[2024-03-28 00:44:15] [world] The Player <defnotnezuko> has said => hi milk
[2024-03-28 00:44:16] [world] The Player <xcpc> has said => idk what I'm even doing
[2024-03-28 00:45:13] [world] The Player <xcpc> has said => Bro wtf
[2024-03-28 00:45:38] [world] The Player <xcpc> has said => Bruh frog just tp'd to me
[2024-03-28 00:45:59] [world] The Player <defnotnezuko> has said => brb
[2024-03-28 00:46:05] [world] The Player <Feathery> has said => like the skin?
[2024-03-28 00:46:19] [world] The Player <Milk_Frog> has said => its cool!
[2024-03-28 00:46:21] [world] The Player <ASTRID> has said => Hello there.
[2024-03-28 00:46:31] [world] The Player <ASTRID> has said => I am Astrid ruler of the Astrid empire
[2024-03-28 00:46:47] [world] The Player <Feathery> has said => who even are you
[2024-03-28 00:47:14] [world] The Player <Feathery> has said => who even is astrid
[2024-03-28 00:47:33] [world] The Player <Milk_Frog> has said => what should we build next
[2024-03-28 00:47:42] [world] The Player <Feathery> has said => hmm
[2024-03-28 00:47:50] [world] The Player <Feathery> has said => cool lookign ancient portal?
[2024-03-28 00:48:07] [world] The Player <Milk_Frog> has said => what?
[2024-03-28 00:48:11] [world] The Player <Feathery> has said => ancient portal?
[2024-03-28 00:48:17] [world] The Player <Milk_Frog> has said => mmmmm
[2024-03-28 00:48:32] [world] The Player <Milk_Frog> has said => like, one molded into a rock would be cool
[2024-03-28 00:48:44] [world] The Player <Feathery> has said => yeah
[2024-03-28 00:48:57] [world] The Player <Feathery> has said => brb
[2024-03-28 00:50:02] [world] The Player <Milk_Frog> has said => sure
[2024-03-28 00:50:05] [world] The Player <Tester> has said => k
[2024-03-28 00:50:10] [world] The Player <Tester> has said => me comin in like 3 min
[2024-03-28 00:50:33] [world] The Player <Milk_Frog> has said => het Feathery, do /server Build
[2024-03-28 00:50:39] [world] The Player <Feathery> has said => i saw
[2024-03-28 00:50:40] [world] The Player <Feathery> has said => but sure
[2024-03-28 00:54:45] [world] The Player <xcpc> has said => Go ahead
