[2024-03-30 19:32:48] [world] The Player <GolemDaWanderer> has said => Tester
[2024-03-30 19:32:54] [world] The Player <GolemDaWanderer> has said => invite me to the fac
[2024-03-30 19:33:00] [world] The Player <GolemDaWanderer> has said => I got kicked
[2024-03-30 20:24:07] [world] The Player <Mudkips_Rule> has said => o I got it
[2024-03-30 20:30:59] [world] The Player <Mudkips_Rule> has said => MY GOD PICK DISSAPPEARED
[2024-03-30 20:31:09] [world] The Player <Mudkips_Rule> has said => WHAT IS THIS NEW UPDATE
[2024-03-31 09:59:15] [world] The Player <BTC> has said => Hello
[2024-03-31 10:36:58] [world] The Player <BTC> has said => Golem
[2024-03-31 13:02:23] [world] The Player <GolemDaWanderer> has said => tester
[2024-03-31 13:02:27] [world] The Player <GolemDaWanderer> has said => inv me to fac
[2024-03-31 13:05:08] [world] The Player <GolemDaWanderer> has said => bc of me
[2024-03-31 13:05:20] [world] The Player <GolemDaWanderer> has said => have 4k skellies w/ me
[2024-03-31 13:06:09] [world] The Player <GolemDaWanderer> has said => fine
[2024-03-31 13:06:14] [world] The Player <GolemDaWanderer> has said => I afked for 30 mins
[2024-03-31 13:06:19] [world] The Player <GolemDaWanderer> has said => and that was the result
[2024-03-31 13:06:27] [world] The Player <GolemDaWanderer> has said => But u ate my xp
[2024-03-31 13:06:34] [world] The Player <GolemDaWanderer> has said => I COULDVE ABSORBED THAT
[2024-03-31 13:06:37] [world] The Player <GolemDaWanderer> has said => GIMME XP
[2024-03-31 13:06:42] [world] The Player <GolemDaWanderer> has said => Im at 44 rn
[2024-03-31 13:06:54] [world] The Player <GolemDaWanderer> has said => the extras would easily get me to 65
[2024-03-31 13:07:02] [world] The Player <GolemDaWanderer> has said => or 74 :D
[2024-03-31 13:07:20] [world] The Player <GolemDaWanderer> has said => Bro
[2024-03-31 13:07:29] [world] The Player <GolemDaWanderer> has said => Ive killed 1140 skeletons
[2024-03-31 13:07:32] [world] The Player <GolemDaWanderer> has said => in total
[2024-03-31 13:07:46] [world] The Player <GolemDaWanderer> has said => xD
[2024-03-31 13:08:27] [world] The Player <BTC> has said => hello
[2024-03-31 13:08:30] [world] The Player <GolemDaWanderer> has said => yo
[2024-03-31 13:08:50] [world] The Player <GolemDaWanderer> has said => this resource pack is amazng...
[2024-03-31 13:08:54] [world] The Player <GolemDaWanderer> has said => amazing*
