[2024-03-31 13:20:46] [world] The Player <Char> has said => login again btc if it freezes
[2024-03-31 13:21:04] [world] The Player <Char> has said => its back
[2024-03-31 13:21:05] [world] The Player <Tester> has said => yay
[2024-03-31 13:21:06] [world] The Player <BTC> has said => kk
[2024-03-31 13:21:30] [world] The Player <BTC> has said => wya
[2024-03-31 13:21:35] [world] The Player <BTC> has said => i need a sword
[2024-03-31 13:21:37] [world] The Player <Char> has said => k
[2024-03-31 13:21:40] [world] The Player <BTC> has said => not a hoe
[2024-03-31 13:22:01] [world] The Player <BTC> has said => make my sword shine bright like a diamond'
[2024-03-31 13:22:49] [world] The Player <Tester> has said => .......
[2024-03-31 13:22:55] [world] The Player <Tester> has said => these pigs are gonna ruin my ride-
[2024-03-31 13:23:33] [world] The Player <Char> has said => 3000 exp levels later....
[2024-03-31 13:23:37] [world] The Player <Tester> has said => is there a drain tool-
[2024-03-31 13:23:48] [world] The Player <Tester> has said => i think there is?
[2024-03-31 13:23:51] [world] The Player <Tester> has said => let me find it....
[2024-03-31 13:23:59] [world] The Player <BTC> has said => im going to love my self
[2024-03-31 13:24:05] [world] The Player <BTC> has said => prot 4 on a sword
[2024-03-31 13:24:08] [world] The Player <BTC> has said => lovly
[2024-03-31 13:24:15] [world] The Player <BTC> has said => hit me
[2024-03-31 13:24:28] [world] The Player <BTC> has said => yea
[2024-03-31 13:24:31] [world] The Player <Tester> has said => yay //drain exists
[2024-03-31 13:24:38] [world] The Player <BTC> has said => it hurts
[2024-03-31 13:24:40] [world] The Player <BTC> has said => alot
[2024-03-31 13:24:48] [world] The Player <Char> has said => real
[2024-03-31 13:25:16] [world] The Player <Char> has said => chat should i re add jetpacks
[2024-03-31 13:25:21] [world] The Player <BTC> has said => yes
[2024-03-31 13:25:21] [world] The Player <Tester> has said => eh
[2024-03-31 13:25:23] [world] The Player <Tester> has said => maybe
[2024-03-31 13:25:23] [world] The Player <Char> has said => they lag out the server but maybe i can patch that
[2024-03-31 13:25:47] [world] The Player <BTC> has said => anyone selling pots
[2024-03-31 13:26:56] [world] The Player <BTC> has said => Golem
[2024-03-31 13:26:58] [world] The Player <BTC> has said => wya
[2024-03-31 13:27:05] [world] The Player <Tester> has said => he stalkin me
[2024-03-31 13:27:06] [world] The Player <Tester> has said => afk
[2024-03-31 13:27:11] [world] The Player <Tester> has said => bro found me somehow
[2024-03-31 13:27:21] [world] The Player <BTC> has said => what
[2024-03-31 13:27:24] [world] The Player <BTC> has said => nvm
[2024-03-31 13:32:46] [world] The Player <BTC> has said => tester want to feel my sword
[2024-03-31 13:32:52] [world] The Player <Tester> has said => busy
[2024-03-31 13:36:56] [world] The Player <Tester> has said => fill -551 52 -102
[2024-03-31 14:09:52] [world] The Player <BTC> has said => Bro Golem what r u doing
[2024-03-31 16:31:07] [world] The Player <BTC> has said => tester tp
[2024-03-31 16:32:38] [world] The Player <BTC> has said => tester
[2024-03-31 16:32:43] [world] The Player <Tester> has said => OMG I GOT OUT
[2024-03-31 16:32:48] [world] The Player <Tester> has said => of that kill trap
[2024-03-31 16:32:48] [world] The Player <BTC> has said => a/
[2024-03-31 16:32:53] [world] The Player <BTC> has said => ??
[2024-03-31 16:33:10] [world] The Player <BTC> has said => wya il help
[2024-03-31 16:35:24] [world] The Player <BTC> has said => Tester send me da cords
[2024-03-31 16:35:29] [world] The Player <Tester> has said => what cords
[2024-03-31 16:35:37] [world] The Player <BTC> has said => nvm
[2024-03-31 16:35:42] [world] The Player <BTC> has said => wya tho
[2024-03-31 16:35:48] [world] The Player <Tester> has said => stalkin u-
[2024-03-31 16:35:52] [world] The Player <Tester> has said => makin my train track
[2024-03-31 16:35:54] [world] The Player <Tester> has said => come
[2024-03-31 16:36:17] [world] The Player <Tester> has said => wrong way..
[2024-03-31 16:36:26] [world] The Player <BTC> has said => :skull:
[2024-03-31 16:37:13] [world] The Player <BTC> has said => GO GO
[2024-03-31 16:38:42] [world] The Player <BTC> has said => bro i just goanother carty
[2024-03-31 16:39:20] [world] The Player <Tester> has said => lol
[2024-03-31 16:39:58] [world] The Player <BTC> has said => thats fr cool
[2024-03-31 16:40:43] [world] The Player <BTC> has said => tester ur getting mugged
[2024-03-31 16:41:07] [world] The Player <Tester> has said => hands up
[2024-03-31 16:41:15] [world] The Player <BTC> has said => oh shit
[2024-03-31 16:41:45] [world] The Player <BTC> has said => t
[2024-03-31 16:41:57] [world] The Player <BTC> has said => yea u cant swear
[2024-03-31 16:43:21] [world] The Player <Tester> has said => wanna see somehtin
[2024-03-31 16:43:25] [world] The Player <BTC> has said => sure
[2024-03-31 16:44:16] [world] The Player <Tester> has said => lol
[2024-03-31 16:44:19] [world] The Player <Tester> has said => got 1?
[2024-03-31 16:44:20] [world] The Player <Tester> has said => nice
[2024-03-31 16:44:22] [world] The Player <BTC> has said => yes
[2024-03-31 16:44:37] [world] The Player <Tester> has said => lets go minin
[2024-03-31 16:44:40] [world] The Player <Tester> has said => me be in sruvival
[2024-03-31 16:45:43] [world] The Player <Tester> has said => wanna see soemthin...
[2024-03-31 16:45:46] [world] The Player <BTC> has said => sure
[2024-03-31 16:45:49] [world] The Player <Tester> has said => this mkight cause lag be aware.
[2024-03-31 16:46:00] [world] The Player <Tester> has said => ready?????
[2024-03-31 16:46:04] [world] The Player <BTC> has said => yes
[2024-03-31 16:46:58] [world] The Player <Tester> has said => oops....
[2024-03-31 16:47:47] [world] The Player <BTC> has said => wanna see smg cool
[2024-03-31 16:47:53] [world] The Player <Tester> has said => sure
[2024-03-31 16:48:00] [world] The Player <BTC> has said => come
[2024-03-31 16:48:04] [world] The Player <Tester> has said => k
[2024-03-31 16:48:04] [world] The Player <BTC> has said => that works
[2024-03-31 16:48:16] [world] The Player <BTC> has said => i call it shiveddd
[2024-03-31 16:48:31] [world] The Player <Tester> has said => afk
[2024-03-31 16:50:28] [world] The Player <Tester> has said => back
[2024-03-31 16:51:50] [world] The Player <BTC> has said => ur not cool flying
[2024-03-31 16:51:57] [world] The Player <BTC> has said => i can fly
[2024-03-31 16:52:27] [world] The Player <Tester> has said => lol
[2024-03-31 16:52:32] [world] The Player <BTC> has said => to fast
[2024-03-31 16:52:57] [world] The Player <BTC> has said => wait go to survival rq
[2024-03-31 16:53:03] [world] The Player <BTC> has said => il show ya magic
[2024-03-31 16:53:04] [world] The Player <Tester> has said => y
[2024-03-31 16:53:08] [world] The Player <BTC> has said => magic
[2024-03-31 16:53:13] [world] The Player <BTC> has said => bro kitted
[2024-03-31 16:53:17] [world] The Player <Tester> has said => ?
[2024-03-31 16:53:19] [world] The Player <Tester> has said => i had this on me
[2024-03-31 16:53:52] [world] The Player <Tester> has said => e
[2024-03-31 16:54:35] [world] The Player <BTC> has said => tester can u go in there
[2024-03-31 16:54:48] [world] The Player <Tester> has said => uh okay
[2024-03-31 16:54:48] [world] The Player <Tester> has said => uh okay
[2024-03-31 16:55:09] [world] The Player <BTC> has said => wait nvm tp golem tgere
[2024-03-31 16:55:10] [world] The Player <Tester> has said => just a sec
[2024-03-31 16:55:12] [world] The Player <Tester> has said => k
[2024-03-31 16:55:55] [world] The Player <GolemDaWanderer> has said => Yall
[2024-03-31 16:56:04] [world] The Player <GolemDaWanderer> has said => Its my birthday today :)
[2024-03-31 16:56:04] [world] The Player <Tester> has said => ow
[2024-03-31 16:56:08] [world] The Player <Tester> has said => happy bday
[2024-03-31 16:56:11] [world] The Player <GolemDaWanderer> has said => thx
[2024-03-31 16:56:21] [world] The Player <BTC> has said => happy b day
[2024-03-31 16:56:26] [world] The Player <GolemDaWanderer> has said => ty
[2024-03-31 16:56:41] [world] The Player <GolemDaWanderer> has said => wth is causing this lag
[2024-03-31 16:56:45] [world] The Player <Tester> has said => idk
[2024-03-31 16:57:10] [world] The Player <Tester> has said => i took armor off
[2024-03-31 16:57:31] [world] The Player <GolemDaWanderer> has said => 1.19 textures r insane
[2024-03-31 16:57:37] [world] The Player <GolemDaWanderer> has said => water is so pretty
[2024-03-31 16:57:38] [world] The Player <BTC> has said => bruuu poping e apples
[2024-03-31 16:57:46] [world] The Player <Tester> has said => its jsut normal golden apples
[2024-03-31 16:57:52] [world] The Player <Tester> has said => its da armor
[2024-03-31 16:58:53] [world] The Player <Tester> has said => oop
[2024-03-31 16:58:55] [world] The Player <Tester> has said => 1 shot-
[2024-03-31 16:59:08] [world] The Player <BTC> has said => yea i would say ur gear hurts
[2024-03-31 16:59:14] [world] The Player <Tester> has said => thorn 5..
[2024-03-31 16:59:21] [world] The Player <Tester> has said => but it wears off fast
[2024-03-31 16:59:25] [world] The Player <Tester> has said => my boot and legging gone
[2024-03-31 16:59:26] [world] The Player <BTC> has said => my gear going to break
[2024-03-31 16:59:38] [world] The Player <Tester> has said => put ur gear in ur inv
[2024-03-31 17:00:15] [world] The Player <BTC> has said => i used half a stack of chicken fighting u
[2024-03-31 17:00:22] [world] The Player <Tester> has said => lolll
[2024-03-31 17:00:22] [world] The Player <GolemDaWanderer> has said => Tester
[2024-03-31 17:00:25] [world] The Player <GolemDaWanderer> has said => gimme 256 steak
[2024-03-31 17:01:24] [world_nether] The Player <BTC> has said => Golem u in the nether
[2024-03-31 17:01:27] [world] The Player <GolemDaWanderer> has said => nah
[2024-03-31 17:02:39] [world_nether] The Player <BTC> has said => u know where a fortress is?
[2024-03-31 17:03:52] [world] The Player <GolemDaWanderer> has said => it wont work
[2024-03-31 17:04:06] [world] The Player <Tester> has said => w
[2024-03-31 17:04:22] [world] The Player <Tester> has said => what is it
[2024-03-31 17:04:26] [world] The Player <Tester> has said => oh
[2024-03-31 17:04:33] [world] The Player <Tester> has said => just igv perms?
[2024-03-31 17:05:49] [world_nether] The Player <BTC> has said => YES A NETHER FORTRESS
[2024-03-31 17:06:23] [world] The Player <BTC> has said => im sorry what
[2024-03-31 17:07:23] [world] The Player <Tester> has said => it looks like a normal message
[2024-03-31 17:07:30] [world] The Player <Tester> has said => looks normal?
[2024-03-31 17:08:03] [world] The Player <Tester> has said => char bro
[2024-03-31 17:08:08] [world] The Player <Tester> has said => i got the best god set ever!!!
[2024-03-31 17:08:22] [world] The Player <Tester> has said => golem is gonna love it
[2024-03-31 17:11:00] [world] The Player <BTC> has said => IL DO It
[2024-03-31 17:11:03] [world] The Player <BTC> has said => RIGHT NOW
[2024-03-31 17:11:20] [world] The Player <Tester> has said => i gotc ur set ready
[2024-03-31 17:11:30] [world] The Player <BTC> has said => i nnneeeeed ddd it
[2024-03-31 17:12:09] [world] The Player <Tester> has said => here
[2024-03-31 17:12:26] [world] The Player <Tester> has said => :D
[2024-03-31 17:12:36] [world] The Player <BTC> has said => better then dia set
[2024-03-31 17:12:40] [world] The Player <Tester> has said => yes
[2024-03-31 17:12:54] [world] The Player <Tester> has said => lol
[2024-03-31 17:13:47] [world] The Player <BTC> has said => ty
[2024-03-31 17:13:48] [world] The Player <Tester> has said => 1v1?
[2024-03-31 17:13:59] [world] The Player <BTC> has said => sure
[2024-03-31 17:14:02] [world] The Player <BTC> has said => wait a sec
[2024-03-31 17:14:37] [world] The Player <Tester> has said => readyyyy
[2024-03-31 17:14:38] [world] The Player <Tester> has said => dont join
[2024-03-31 17:14:42] [world] The Player <Tester> has said => for now
[2024-03-31 17:14:46] [world] The Player <Tester> has said => e
[2024-03-31 17:14:49] [world] The Player <Tester> has said => da lag
[2024-03-31 17:15:32] [world] The Player <Tester> has said => ready?
[2024-03-31 17:15:36] [world] The Player <Char> has said => hi
[2024-03-31 17:15:38] [world] The Player <Tester> has said => hi
[2024-03-31 17:15:43] [world] The Player <BTC> has said => yea
[2024-03-31 17:16:06] [world] The Player <Tester> has said => char
[2024-03-31 17:16:07] [world] The Player <Tester> has said => tp
[2024-03-31 17:16:12] [world] The Player <Tester> has said => here
[2024-03-31 17:16:30] [world] The Player <Tester> has said => take
[2024-03-31 17:16:33] [world] The Player <Tester> has said => char
[2024-03-31 17:16:50] [world] The Player <Char> has said => STOP tping me god dam
[2024-03-31 17:16:54] [world] The Player <Tester> has said => lol
[2024-03-31 17:16:56] [world] The Player <BTC> has said => i think he special
[2024-03-31 17:17:15] [world] The Player <BTC> has said => how tf u got my sword
[2024-03-31 17:17:19] [world] The Player <Tester> has said => u dropped
[2024-03-31 17:17:22] [world] The Player <Char> has said => tester check ur enchantment table
[2024-03-31 17:17:27] [world] The Player <Tester> has said => -
[2024-03-31 17:17:32] [world] The Player <Tester> has said => which
[2024-03-31 17:17:37] [world] The Player <Char> has said => ender chest i mean
[2024-03-31 17:17:46] [world] The Player <Tester> has said => i think i missin somethin?
[2024-03-31 17:17:49] [world] The Player <Char> has said => real
[2024-03-31 17:17:50] [world] The Player <Tester> has said => idk
[2024-03-31 17:17:55] [world] The Player <Char> has said => i took half ur stuff frfrr
[2024-03-31 17:18:02] [world] The Player <Tester> has said => ah
[2024-03-31 17:18:11] [world] The Player <Char> has said => i gave it back lel
[2024-03-31 17:18:22] [world] The Player <Tester> has said => i see...
[2024-03-31 17:18:26] [world] The Player <Tester> has said => i can open ppl's chests eh
[2024-03-31 17:18:27] [world] The Player <BTC> has said => alr im ready im so good il 2v1 u
[2024-03-31 17:18:30] [world] The Player <Tester> has said => lol
[2024-03-31 17:18:32] [world] The Player <Char> has said => chat lets fill up btcs chest with mushrooms
[2024-03-31 17:18:39] [world] The Player <BTC> has said => what
[2024-03-31 17:18:41] [world] The Player <Tester> has said => yes-
[2024-03-31 17:18:50] [world] The Player <Char> has said => btc do /enderches
[2024-03-31 17:18:51] [world] The Player <Char> has said => btc do /enderchest
[2024-03-31 17:19:00] [world] The Player <Tester> has said => bro cant
[2024-03-31 17:19:06] [world] The Player <Tester> has said => he aint high enough lvl
[2024-03-31 17:19:07] [world] The Player <Char> has said => o
[2024-03-31 17:19:10] [world] The Player <Char> has said => yea i should fix
[2024-03-31 17:19:23] [world] The Player <Char> has said => btc check ur ender chets
[2024-03-31 17:19:25] [world] The Player <Tester> has said => lol
[2024-03-31 17:19:40] [world] The Player <Char> has said => mushroom master fr
[2024-03-31 17:19:52] [world] The Player <Char> has said => chat should i lag the sevrer
[2024-03-31 17:19:58] [world] The Player <Tester> has said => nah
[2024-03-31 17:20:07] [world] The Player <BTC> has said => ty
[2024-03-31 17:20:18] [world] The Player <Char> has said => done
[2024-03-31 17:20:20] [world] The Player <BTC> has said => i can make the best food in the game
[2024-03-31 17:20:35] [world] The Player <Char> has said => btc is underground now fr
[2024-03-31 17:20:48] [world] The Player <Char> has said => gtg
[2024-03-31 17:20:51] [world] The Player <Tester> has said => bye
[2024-03-31 17:20:56] [world] The Player <Tester> has said => btc lets fight
[2024-03-31 17:21:03] [world] The Player <Tester> has said => no dimaond sword
[2024-03-31 17:21:23] [world] The Player <BTC> has said => alr
[2024-03-31 17:21:29] [world] The Player <BTC> has said => u count
[2024-03-31 17:21:40] [world] The Player <Tester> has said => k
[2024-03-31 17:21:41] [world] The Player <Tester> has said => 3
[2024-03-31 17:21:44] [world] The Player <Tester> has said => 2
[2024-03-31 17:21:46] [world] The Player <Tester> has said => 1
[2024-03-31 17:21:49] [world] The Player <Tester> has said => go
[2024-03-31 17:22:09] [world] The Player <BTC> has said => bro in creative
[2024-03-31 17:22:13] [world] The Player <Tester> has said => now
[2024-03-31 17:22:16] [world] The Player <BTC> has said => MY AK
[2024-03-31 17:22:19] [world] The Player <Tester> has said => 3
[2024-03-31 17:22:20] [world] The Player <Tester> has said => 2
[2024-03-31 17:22:21] [world] The Player <Tester> has said => 1
[2024-03-31 17:22:23] [world] The Player <Tester> has said => go
[2024-03-31 17:22:23] [world] The Player <BTC> has said => WHERES MY AK'
[2024-03-31 17:22:37] [world] The Player <Tester> has said => gg
[2024-03-31 17:22:41] [world] The Player <BTC> has said => GG
[2024-03-31 17:26:07] [world] The Player <Tester> has said => af spamcast Test
[2024-03-31 17:27:25] [world] The Player <GolemDaWanderer> has said => Tester
[2024-03-31 17:27:29] [world] The Player <GolemDaWanderer> has said => godset ?
[2024-03-31 17:28:10] [world] The Player <GolemDaWanderer> has said => bro
[2024-03-31 17:28:13] [world] The Player <GolemDaWanderer> has said => diamond
[2024-03-31 17:28:15] [world] The Player <GolemDaWanderer> has said => not leather
[2024-03-31 17:28:21] [world] The Player <Tester> has said => bro everyone has that god set-
[2024-03-31 17:28:32] [world] The Player <Tester> has said => its better than idamond
[2024-03-31 17:28:37] [world] The Player <GolemDaWanderer> has said => no its not
[2024-03-31 17:28:38] [world] The Player <Tester> has said => it has prot 100
[2024-03-31 17:28:41] [world] The Player <Tester> has said => says 4
[2024-03-31 17:28:43] [world] The Player <GolemDaWanderer> has said => what.
[2024-03-31 17:28:46] [world] The Player <GolemDaWanderer> has said => :)
[2024-03-31 17:29:00] [world] The Player <GolemDaWanderer> has said => lets see
[2024-03-31 17:30:12] [world] The Player <GolemDaWanderer> has said => but the tools--
[2024-03-31 17:31:03] [world] The Player <GolemDaWanderer> has said => bro
[2024-03-31 17:31:08] [world] The Player <Tester> has said => -
[2024-03-31 17:31:09] [world] The Player <Tester> has said => e
[2024-03-31 17:31:11] [world] The Player <GolemDaWanderer> has said => wait...
[2024-03-31 17:33:52] [world] The Player <GolemDaWanderer> has said => Tester
[2024-03-31 17:33:56] [world] The Player <GolemDaWanderer> has said => but the unb on them is nothing
[2024-03-31 17:34:47] [world] The Player <GolemDaWanderer> has said => Tester?
[2024-03-31 17:37:08] [world] The Player <GolemDaWanderer> has said => Testercles
[2024-03-31 17:37:55] [world] The Player <GolemDaWanderer> has said => char?
[2024-03-31 17:37:57] [world] The Player <GolemDaWanderer> has said => that u?
[2024-03-31 17:38:43] [world] The Player <GolemDaWanderer> has said => gimme some stuff :)
[2024-03-31 17:38:50] [world] The Player <GolemDaWanderer> has said => ARGH WHAT
[2024-03-31 17:38:54] [world] The Player <GolemDaWanderer> has said => TF IS THIS
[2024-03-31 17:39:06] [world] The Player <GolemDaWanderer> has said => oh..
[2024-03-31 17:39:07] [world] The Player <GolemDaWanderer> has said => ghast
[2024-03-31 17:39:09] [world] The Player <GolemDaWanderer> has said => killed
[2024-03-31 17:40:04] [world] The Player <GolemDaWanderer> has said => ik why u should gimme stuff
[2024-03-31 17:40:09] [world] The Player <GolemDaWanderer> has said => its my bday :)
[2024-03-31 17:40:22] [world] The Player <GolemDaWanderer> has said => CHar?
[2024-03-31 17:40:49] [world] The Player <Tester> has said => my cart-
[2024-03-31 17:41:10] [world] The Player <Tester> has said => here is bday gift
[2024-03-31 17:41:18] [world] The Player <GolemDaWanderer> has said => Yay
[2024-03-31 17:41:22] [world] The Player <GolemDaWanderer> has said => minecart
[2024-03-31 17:41:33] [world] The Player <Tester> has said => a sword has spawned
[2024-03-31 17:41:37] [world] The Player <GolemDaWanderer> has said => :0
[2024-03-31 17:41:44] [world] The Player <GolemDaWanderer> has said => wait--
[2024-03-31 17:41:49] [world] The Player <GolemDaWanderer> has said => aww
[2024-03-31 17:41:51] [world] The Player <Tester> has said => jsut a sec
[2024-03-31 17:42:18] [world] The Player <Tester> has said => LOL 4186 to repair-
[2024-03-31 17:42:22] [world] The Player <Tester> has said => 1 durability
[2024-03-31 17:42:34] [world] The Player <Tester> has said => hav fun repairing it--
[2024-03-31 17:43:17] [world] The Player <Tester> has said => bro be askin for god sets when he has 3
[2024-03-31 17:44:04] [world] The Player <GolemDaWanderer> has said => :)
[2024-03-31 17:44:29] [world] The Player <GolemDaWanderer> has said => wth does depth strider do on a sword XD
[2024-03-31 17:44:35] [world] The Player <GolemDaWanderer> has said => JEB!
[2024-03-31 17:44:42] [world] The Player <GolemDaWanderer> has said => WAIT
[2024-03-31 17:44:44] [world] The Player <GolemDaWanderer> has said => I CAN USE IT
[2024-03-31 17:44:54] [world] The Player <GolemDaWanderer> has said => no?
[2024-03-31 17:45:02] [world] The Player <GolemDaWanderer> has said => JEBBY
[2024-03-31 17:45:28] [world] The Player <Tester> has said => ::O
[2024-03-31 17:45:31] [world] The Player <Tester> has said => that was a pink sheep
[2024-03-31 17:45:36] [world] The Player <Tester> has said => before i turned it jeb
[2024-03-31 17:45:39] [world] The Player <GolemDaWanderer> has said => Imma party w/ them :)
[2024-03-31 17:45:40] [world] The Player <GolemDaWanderer> has said => fr?
[2024-03-31 17:45:44] [world] The Player <Tester> has said => ye
[2024-03-31 17:46:35] [world] The Player <Tester> has said => fish
[2024-03-31 17:46:38] [world] The Player <GolemDaWanderer> has said => XD
[2024-03-31 17:46:53] [world] The Player <GolemDaWanderer> has said => bro named him jeb--
[2024-03-31 17:47:09] [world] The Player <GolemDaWanderer> has said => do dinnerbone
[2024-03-31 17:47:34] [world] The Player <Tester> has said => i need fullbright-
[2024-03-31 17:47:38] [world] The Player <GolemDaWanderer> has said => same
[2024-03-31 17:48:06] [world] The Player <Tester> has said => i need fullbright-
[2024-03-31 17:48:23] [world] The Player <GolemDaWanderer> has said => oof
[2024-03-31 17:48:53] [world] The Player <Tester> has said => chaos
[2024-03-31 17:49:31] [world] The Player <GolemDaWanderer> has said => owie
[2024-03-31 17:50:31] [world] The Player <Tester> has said => oops
[2024-03-31 17:50:33] [world] The Player <Tester> has said => erm
[2024-03-31 17:50:40] [world] The Player <GolemDaWanderer> has said => wait...
[2024-03-31 17:50:48] [world] The Player <GolemDaWanderer> has said => thats the name of my actual axe
[2024-03-31 17:50:53] [world] The Player <Tester> has said => ?
[2024-03-31 17:51:36] [world] The Player <Tester> has said => wat u doin
[2024-03-31 17:51:44] [world] The Player <Tester> has said => lol
[2024-03-31 17:51:49] [world] The Player <Tester> has said => bro afk
[2024-03-31 17:51:53] [world] The Player <Tester> has said => while gurdian hittin him
[2024-03-31 17:52:28] [world] The Player <Tester> has said => e
[2024-03-31 17:52:40] [world] The Player <GolemDaWanderer> has said => uhm
[2024-03-31 17:52:45] [world] The Player <GolemDaWanderer> has said => did u name my axe
[2024-03-31 17:52:49] [world] The Player <Tester> has said => ?
[2024-03-31 17:52:52] [world] The Player <GolemDaWanderer> has said => from golem's dik to golem's love
[2024-03-31 17:52:56] [world] The Player <Tester> has said => at
[2024-03-31 17:52:58] [world] The Player <Tester> has said => wat
[2024-03-31 17:53:09] [world] The Player <GolemDaWanderer> has said => my axe used to be called golem's dik
[2024-03-31 17:53:13] [world] The Player <Tester> has said => damn
[2024-03-31 17:53:15] [world] The Player <GolemDaWanderer> has said => someone named it golem's love...
[2024-03-31 17:53:19] [world] The Player <GolemDaWanderer> has said => this is my actual axe
[2024-03-31 17:53:32] [world] The Player <GolemDaWanderer> has said => check my inv
[2024-03-31 17:53:35] [world] The Player <Tester> has said => k
[2024-03-31 17:53:36] [world] The Player <GolemDaWanderer> has said => Q^Q
[2024-03-31 17:53:43] [world] The Player <GolemDaWanderer> has said => thats my actual axe
[2024-03-31 17:54:10] [world] The Player <Tester> has said => bro has 3 axes-
[2024-03-31 17:54:38] [world] The Player <GolemDaWanderer> has said => Wait..
[2024-03-31 17:54:44] [world] The Player <GolemDaWanderer> has said => where is my axe
[2024-03-31 17:54:46] [world] The Player <Tester> has said => ?
[2024-03-31 17:54:50] [world] The Player <GolemDaWanderer> has said => the time to chop ur balls off one
[2024-03-31 17:54:54] [world] The Player <Tester> has said => wat
[2024-03-31 17:55:00] [world] The Player <GolemDaWanderer> has said => mr.silky axe
[2024-03-31 17:55:09] [world] The Player <Tester> has said => me so confused
[2024-03-31 17:55:13] [world] The Player <GolemDaWanderer> has said => did u eat him
[2024-03-31 17:55:24] [world] The Player <Tester> has said => here me named a axe ofr u
[2024-03-31 17:55:24] [world] The Player <GolemDaWanderer> has said => D:<
[2024-03-31 17:55:26] [world] The Player <Tester> has said => for
[2024-03-31 17:55:35] [world] The Player <Tester> has said => ho shoot
[2024-03-31 17:55:37] [world] The Player <Tester> has said => i got urs
[2024-03-31 17:55:44] [world] The Player <GolemDaWanderer> has said => yay
[2024-03-31 17:55:47] [world] The Player <GolemDaWanderer> has said => nope
[2024-03-31 17:55:53] [world] The Player <GolemDaWanderer> has said => wait..
[2024-03-31 17:55:55] [world] The Player <GolemDaWanderer> has said => YAY
[2024-03-31 17:55:59] [world] The Player <GolemDaWanderer> has said => MR.SILKY AXE IS BACK
[2024-03-31 17:56:36] [world] The Player <GolemDaWanderer> has said => Imma try to max this leather armour out
[2024-03-31 17:57:17] [world] The Player <GolemDaWanderer> has said => Tester if I apply more enchants to this leather set
[2024-03-31 17:57:55] [world] The Player <GolemDaWanderer> has said => will I lose the prot 100
[2024-03-31 17:58:03] [world] The Player <Tester> has said => yes
[2024-03-31 17:58:07] [world] The Player <GolemDaWanderer> has said => oh.
[2024-03-31 17:58:11] [world] The Player <GolemDaWanderer> has said => so I cant repair it?
[2024-03-31 17:58:14] [world] The Player <Tester> has said => nope sadly
[2024-03-31 17:58:16] [world] The Player <GolemDaWanderer> has said => bruhhhhhhhhhhhh
[2024-03-31 17:58:24] [world] The Player <GolemDaWanderer> has said => its so low lmao
[2024-03-31 17:58:30] [world] The Player <Tester> has said => e
[2024-03-31 17:58:42] [world] The Player <Tester> has said => omg-
[2024-03-31 18:01:10] [world] The Player <Tester> has said => me in the cat's pov
[2024-03-31 18:01:14] [world] The Player <Tester> has said => lol
[2024-03-31 18:01:16] [world] The Player <Tester> has said => ow
[2024-03-31 18:01:19] [world] The Player <GolemDaWanderer> has said => XD
[2024-03-31 18:01:25] [world] The Player <Tester> has said => me in ur pov
[2024-03-31 18:01:26] [world] The Player <GolemDaWanderer> has said => put me in spec rq
[2024-03-31 18:01:45] [world] The Player <Tester> has said => me riding u litterly-
[2024-03-31 18:01:49] [world] The Player <GolemDaWanderer> has said => Im a sheep
[2024-03-31 18:02:01] [world] The Player <Tester> has said => me too
[2024-03-31 18:02:05] [world] The Player <Tester> has said => lol
[2024-03-31 18:02:22] [world] The Player <GolemDaWanderer> has said => sheep lives r boring
[2024-03-31 18:02:28] [world] The Player <Tester> has said => yea
[2024-03-31 18:02:37] [world] The Player <GolemDaWanderer> has said => how do I leave this sheep
[2024-03-31 18:02:43] [world] The Player <Tester> has said => u cant :D
[2024-03-31 18:03:05] [world] The Player <Tester> has said => sad
[2024-03-31 18:03:08] [world] The Player <Tester> has said => oh no
[2024-03-31 18:03:12] [world] The Player <Tester> has said => that was the pink sheep
[2024-03-31 18:03:23] [world] The Player <GolemDaWanderer> has said => oof
[2024-03-31 18:03:24] [world] The Player <GolemDaWanderer> has said => XD
[2024-03-31 18:03:29] [world] The Player <GolemDaWanderer> has said => I love spec
[2024-03-31 18:04:49] [world] The Player <GolemDaWanderer> has said => k back in survival :D
[2024-03-31 18:05:12] [world] The Player <Tester> has said => this is ur life now :D
[2024-03-31 18:05:13] [world] The Player <GolemDaWanderer> has said => bros a horse
[2024-03-31 18:05:17] [world] The Player <Tester> has said => as a horse
[2024-03-31 18:05:24] [world] The Player <GolemDaWanderer> has said => lmao
[2024-03-31 18:06:52] [world] The Player <GolemDaWanderer> has said => wtf is this horse population
[2024-03-31 18:06:56] [world] The Player <Tester> has said => * i may /kill @e*
[2024-03-31 18:06:59] [world] The Player <Tester> has said => i am lagging
[2024-03-31 18:07:07] [world] The Player <GolemDaWanderer> has said => Im getting 40 fps
[2024-03-31 18:07:11] [world] The Player <GolemDaWanderer> has said => nvm
[2024-03-31 18:07:11] [world] The Player <Tester> has said => me at 3
[2024-03-31 18:07:12] [world] The Player <GolemDaWanderer> has said => 20
[2024-03-31 18:07:24] [world] The Player <Tester> has said => k killin all
[2024-03-31 18:07:27] [world] The Player <Tester> has said => 3
[2024-03-31 18:07:29] [world] The Player <Tester> has said => 2
[2024-03-31 18:07:30] [world] The Player <Tester> has said => 1
[2024-03-31 18:23:57] [world] The Player <Marshtomp17> has said => golem can you help figure out why the chest shops don't work?
[2024-04-01 12:05:42] [world] The Player <Tester> has said => e
[2024-04-01 12:13:17] [world] The Player <Char> has said => real
[2024-04-01 12:13:19] [world] The Player <Tester> has said => hi
[2024-04-01 12:13:22] [world] The Player <Char> has said => hi
[2024-04-01 12:13:29] [world] The Player <Char> has said => stone is not a valid number fr fr
[2024-04-01 12:13:32] [world] The Player <Tester> has said => damn
[2024-04-01 12:13:34] [world] The Player <Char> has said => ima go try and fix economy
[2024-04-01 12:13:38] [world] The Player <Tester> has said => k
[2024-04-01 12:14:08] [world] The Player <Tester> has said => come on fill workkk
[2024-04-01 12:14:10] [world] The Player <Tester> has said => e
[2024-04-01 12:14:17] [world] The Player <Tester> has said => ah there we go
