[2024-04-01 12:15:29] [world] The Player <Tester> has executed => /copy
[2024-04-01 12:15:31] [world] The Player <Tester> has executed => //copy
[2024-04-01 12:15:37] [world] The Player <Tester> has executed => //copy
[2024-04-01 12:15:43] [world] The Player <Tester> has executed => //paste
[2024-04-01 12:15:50] [world] The Player <Tester> has executed => //undo
[2024-04-01 12:15:59] [world] The Player <Tester> has executed => //paste
[2024-04-01 12:16:04] [world] The Player <Tester> has executed => //undo
[2024-04-01 12:16:11] [world] The Player <Tester> has executed => //paste
[2024-04-01 12:16:17] [world] The Player <Tester> has executed => //undo
[2024-04-01 12:16:18] [world] The Player <Tester> has executed => //paste
[2024-04-01 12:16:21] [world] The Player <Tester> has executed => //undo
[2024-04-01 12:16:59] [world] The Player <Char> has executed => /reload
[2024-04-01 12:17:27] [world] The Player <Char> has executed => /bal
[2024-04-01 12:17:30] [world] The Player <Char> has executed => /balance
[2024-04-01 12:18:20] [world] The Player <Char> has executed => /reload
[2024-04-01 12:18:46] [world] The Player <Char> has executed => /reload
[2024-04-01 12:19:00] [world] The Player <Char> has executed => /bal
[2024-04-01 12:19:08] [world] The Player <Tester> has executed => /balance
[2024-04-01 12:19:26] [world] The Player <Tester> has executed => /balance
[2024-04-01 12:19:31] [world] The Player <Tester> has executed => /baltop
[2024-04-01 12:20:04] [world] The Player <Char> has executed => /bal
[2024-04-01 12:20:07] [world] The Player <Tester> has executed => /balance
[2024-04-01 12:20:16] [world] The Player <Char> has executed => /user Char
[2024-04-01 12:20:19] [world] The Player <Tester> has executed => /time set day
[2024-04-01 12:20:39] [world] The Player <Char> has executed => /economy reload
[2024-04-01 12:20:41] [world] The Player <Char> has executed => /bal
[2024-04-01 12:21:12] [world] The Player <Char> has executed => /economy reload
[2024-04-01 12:21:13] [world] The Player <Char> has executed => /economy reload
[2024-04-01 12:21:14] [world] The Player <Char> has executed => /bal
[2024-04-01 12:21:27] [world] The Player <Char> has executed => /economy reload
[2024-04-01 12:21:28] [world] The Player <Char> has executed => /bal
[2024-04-01 12:21:53] [world] The Player <Char> has executed => /economy reload
[2024-04-01 12:21:54] [world] The Player <Char> has executed => /bal
[2024-04-01 12:21:56] [world] The Player <Char> has executed => /reload
[2024-04-01 12:22:12] [world] The Player <Char> has executed => /bal
[2024-04-01 12:22:22] [world] The Player <Tester> has executed => /balance
[2024-04-01 12:22:34] [world] The Player <Char> has executed => /reload
[2024-04-01 12:38:59] [world] The Player <Tester_> has executed => /balance
[2024-04-01 12:39:02] [world] The Player <Tester_> has executed => /baltop
[2024-04-01 12:39:06] [world] The Player <Tester_> has executed => /baltop 2
[2024-04-01 12:39:35] [world] The Player <Tester_> has executed => /help
[2024-04-01 12:42:19] [world] The Player <Tester_> has executed => /warp mall
[2024-04-01 12:43:11] [world] The Player <Tester_> has executed => /warp shop
[2024-04-01 12:43:37] [world] The Player <Tester_> has executed => /homes
[2024-04-01 12:43:43] [world] The Player <Tester_> has executed => /delhome plan
[2024-04-01 12:43:47] [world] The Player <Tester_> has executed => /delhome village
[2024-04-01 13:47:26] [world_the_end] The Player <GolemDaWanderer> has executed => /home kill
[2024-04-01 13:47:36] [world] The Player <GolemDaWanderer> has executed => /home kill
[2024-04-01 13:59:01] [world] The Player <GolemDaWanderer> has executed => /balance
[2024-04-01 13:59:04] [world] The Player <GolemDaWanderer> has executed => /chest
[2024-04-01 16:14:21] [world] The Player <GolemDaWanderer> has executed => /lobby skyblockworld
[2024-04-01 16:14:26] [world] The Player <GolemDaWanderer> has executed => /lobby
[2024-04-01 16:14:29] [world] The Player <GolemDaWanderer> has executed => /lobby
[2024-04-01 20:37:53] [world] The Player <GolemDaWanderer> has executed => /back
[2024-04-01 20:46:42] [world] The Player <GolemDaWanderer> has executed => /balance
[2024-04-01 20:47:59] [world] The Player <GolemDaWanderer> has executed => /chest
[2024-04-01 20:48:09] [world] The Player <GolemDaWanderer> has executed => /chest
[2024-04-01 20:48:15] [world] The Player <GolemDaWanderer> has executed => /chest
[2024-04-01 20:49:02] [world] The Player <GolemDaWanderer> has executed => /chest
[2024-04-02 02:12:18] [world] The Player <xcpc> has executed => /shop
[2024-04-02 02:12:22] [world] The Player <xcpc> has executed => /chest
[2024-04-02 02:13:05] [world] The Player <xcpc> has executed => /chest
[2024-04-02 02:18:39] [world] The Player <xcpc> has executed => /chest
[2024-04-02 02:19:10] [world] The Player <xcpc> has executed => /chest
[2024-04-02 02:20:13] [world] The Player <xcpc> has executed => /chest
[2024-04-02 02:20:44] [world] The Player <xcpc> has executed => /chest
[2024-04-02 02:21:42] [world] The Player <xcpc> has executed => /warp
[2024-04-02 02:21:44] [world] The Player <xcpc> has executed => /warps
[2024-04-02 02:21:49] [world] The Player <xcpc> has executed => /warp spawn
[2024-04-02 02:21:53] [world] The Player <xcpc> has executed => /chest
[2024-04-02 02:22:09] [world] The Player <xcpc> has executed => /home home
[2024-04-02 02:22:30] [world] The Player <xcpc> has executed => /chest
[2024-04-02 02:26:20] [world] The Player <xcpc> has executed => /chest
[2024-04-02 02:27:37] [world] The Player <xcpc> has executed => /chest
[2024-04-02 02:33:05] [world_nether] The Player <xcpc> has executed => /chest
[2024-04-02 02:33:21] [world_nether] The Player <xcpc> has executed => /chest
[2024-04-02 02:36:17] [world_nether] The Player <xcpc> has executed => /chest
[2024-04-02 02:45:00] [world_nether] The Player <xcpc> has executed => /chest
[2024-04-02 02:47:53] [world_nether] The Player <xcpc> has executed => /chest
