[2024-03-17 22:32:17] [world] The Player <Heinrich_Himmler> has executed => /home portal
[2024-03-17 22:34:25] [world] The Player <TurtleDuck> has executed => /home
[2024-03-17 22:34:31] [world] The Player <TurtleDuck> has executed => /home stable
[2024-03-17 22:35:49] [world] The Player <Heinrich_Himmler> has executed => /home portal
[2024-03-17 22:40:40] [world] The Player <bagelz> has executed => /back
[2024-03-17 22:41:59] [world] The Player <Tester> has executed => /sf list
[2024-03-17 22:42:04] [world] The Player <bagelz> has executed => /sf list
[2024-03-17 22:42:59] [world] The Player <Tester> has executed => /ooo
[2024-03-17 22:43:22] [world] The Player <bagelz> has executed => /home home1
[2024-03-17 22:44:50] [world_the_end] The Player <Brycethelegend> has executed => /home Brycethelegend
[2024-03-17 22:45:54] [world_the_end] The Player <Tester> has executed => /sf claim
[2024-03-17 22:46:06] [world_the_end] The Player <Tester> has executed => /sf claim
[2024-03-17 22:46:16] [world_the_end] The Player <Tester> has executed => /sf claim
[2024-03-17 22:46:21] [world_the_end] The Player <Tester> has executed => /sf claim
[2024-03-17 22:46:35] [world_the_end] The Player <Tester> has executed => /sf claim
[2024-03-17 22:46:40] [world_the_end] The Player <Tester> has executed => /sf claim
[2024-03-17 22:46:44] [world_the_end] The Player <Tester> has executed => /f claim
[2024-03-17 22:46:52] [world_the_end] The Player <Tester> has executed => /sf claim
[2024-03-17 22:46:58] [world_the_end] The Player <Tester> has executed => /sf claim
[2024-03-17 22:47:03] [world_the_end] The Player <Tester> has executed => /sf cliam
[2024-03-17 22:47:30] [world_the_end] The Player <NezukoChan> has executed => /sf claim
[2024-03-17 22:47:36] [world_the_end] The Player <Tester> has executed => /sf claim
[2024-03-17 22:48:29] [world] The Player <TurtleDuck> has executed => /clear
[2024-03-17 22:48:46] [world] The Player <bagelz> has executed => /home home1
[2024-03-17 22:48:49] [world] The Player <Tester> has executed => /back
[2024-03-17 22:49:00] [world_the_end] The Player <NezukoChan> has executed => /home home
[2024-03-17 22:49:00] [world] The Player <Tester> has executed => /home basse
[2024-03-17 22:50:37] [world] The Player <NezukoChan> has executed => /warp spawn
[2024-03-17 22:50:38] [world] The Player <Brycethelegend> has executed => /back
[2024-03-17 22:50:53] [world_the_end] The Player <Tester> has executed => /sf claim
[2024-03-17 22:50:55] [world_the_end] The Player <Tester> has executed => /home base
[2024-03-17 22:51:21] [world] The Player <Brycethelegend> has executed => /home
[2024-03-17 22:51:27] [world] The Player <Brycethelegend> has executed => /home Brycethelegend
[2024-03-17 22:52:03] [world_the_end] The Player <NezukoChan> has executed => /home home
[2024-03-17 22:52:14] [world_the_end] The Player <Tester> has executed => /home base
[2024-03-17 22:52:18] [world_the_end] The Player <NezukoChan> has executed => /home home
[2024-03-17 22:53:11] [world] The Player <bagelz> has executed => /home home1
[2024-03-17 22:54:48] [world] The Player <bagelz> has executed => /home home1
[2024-03-17 22:57:11] [world] The Player <Tester> has executed => /tell Char sure :D but cant koi se this ?
[2024-03-17 22:57:16] [world] The Player <Tester> has executed => /tell Char ooo
[2024-03-17 22:57:20] [world] The Player <Tester> has executed => /tell Char can i place lol
[2024-03-17 22:57:40] [world] The Player <Tester> has executed => /tell Char k
[2024-03-17 22:59:12] [world] The Player <Brycethelegend> has executed => /home
[2024-03-17 22:59:17] [world] The Player <Brycethelegend> has executed => /home Brycethelegend
[2024-03-17 23:01:13] [world] The Player <bagelz> has executed => /home home1
[2024-03-17 23:02:31] [world] The Player <Brycethelegend> has executed => /back
[2024-03-17 23:06:03] [world] The Player <NezukoChan> has executed => /home trap
[2024-03-17 23:11:56] [world_nether] The Player <NezukoChan> has executed => /homes
[2024-03-17 23:12:18] [world] The Player <Char> has executed => /gamemode spectator
[2024-03-17 23:12:28] [world] The Player <NezukoChan> has executed => /back
[2024-03-17 23:12:35] [world] The Player <Char> has executed => /gamemode c
[2024-03-17 23:12:39] [world] The Player <NezukoChan> has executed => /back
[2024-03-17 23:14:39] [world] The Player <Char> has executed => /tp NezukoChan
[2024-03-17 23:15:20] [world_nether] The Player <NezukoChan> has executed => /home home
[2024-03-17 23:16:21] [world] The Player <Milk_Frog> has executed => /enchant adminfun
[2024-03-17 23:16:25] [world] The Player <NezukoChan> has executed => /back
[2024-03-17 23:16:30] [world] The Player <Milk_Frog> has executed => /adminfun
[2024-03-17 23:16:40] [world] The Player <Milk_Frog> has executed => /adminfun enchant
[2024-03-17 23:16:42] [world] The Player <NezukoChan> has executed => /back
[2024-03-17 23:17:03] [world] The Player <NezukoChan> has executed => /back
[2024-03-17 23:17:14] [world] The Player <NezukoChan> has executed => /back
[2024-03-17 23:17:53] [world] The Player <NezukoChan> has executed => /back
[2024-03-17 23:18:09] [world] The Player <NezukoChan> has executed => /back
[2024-03-17 23:18:28] [world] The Player <NezukoChan> has executed => /back
[2024-03-17 23:22:07] [world_nether] The Player <idkwhattoputhere> has executed => /tpa NezukoChan
[2024-03-17 23:22:11] [world_nether] The Player <NezukoChan> has executed => /tpaccept
[2024-03-17 23:22:29] [world_nether] The Player <idkwhattoputhere> has executed => /sethome bedrock
[2024-03-17 23:22:48] [world] The Player <NezukoChan> has executed => /ack
[2024-03-17 23:22:51] [world] The Player <NezukoChan> has executed => /back
[2024-03-17 23:23:17] [world] The Player <idkwhattoputhere> has executed => /tpa NezukoChan
[2024-03-17 23:23:21] [world_nether] The Player <NezukoChan> has executed => /tpaccept
[2024-03-17 23:23:37] [world_nether] The Player <idkwhattoputhere> has executed => /sethome roof
[2024-03-17 23:24:18] [world] The Player <TurtleDuck> has executed => /warp spawn
[2024-03-17 23:24:22] [world] The Player <Milk_Frog> has executed => /spawn
[2024-03-17 23:24:28] [world] The Player <Milk_Frog> has executed => /warp spawn
[2024-03-17 23:25:23] [world_the_end] The Player <NezukoChan> has executed => /home
[2024-03-17 23:25:25] [world_the_end] The Player <NezukoChan> has executed => /home home
[2024-03-17 23:25:48] [world] The Player <NezukoChan> has executed => /home
[2024-03-17 23:25:54] [world] The Player <NezukoChan> has executed => /home home
[2024-03-17 23:26:22] [world_the_end] The Player <NezukoChan> has executed => /home enderman
[2024-03-17 23:28:20] [world_nether] The Player <Char> has executed => /spawn
[2024-03-17 23:28:22] [world_nether] The Player <Char> has executed => /warp spawn
[2024-03-17 23:28:33] [world] The Player <NezukoChan> has executed => /home home
[2024-03-17 23:36:21] [world] The Player <Tester> has executed => /sf power
[2024-03-17 23:36:34] [world] The Player <Tester> has executed => /sf rank
[2024-03-17 23:36:37] [world] The Player <Tester> has executed => /sf list
[2024-03-17 23:36:43] [world] The Player <NezukoChan> has executed => /list
[2024-03-17 23:36:44] [world] The Player <Tester> has executed => /list 2
[2024-03-17 23:36:46] [world] The Player <Tester> has executed => /sf list 2
[2024-03-17 23:37:00] [world] The Player <Tester> has executed => /sf perms
[2024-03-17 23:37:02] [world] The Player <Tester> has executed => /sf
[2024-03-17 23:37:04] [world] The Player <Tester> has executed => /sf help
[2024-03-17 23:37:10] [world] The Player <Tester> has executed => /sf help 2
[2024-03-17 23:37:18] [world] The Player <Tester> has executed => /sf help 3
[2024-03-17 23:37:37] [world] The Player <Tester> has executed => /sf help 4
[2024-03-17 23:37:47] [world] The Player <Tester> has executed => /sf promote NezukoChan
[2024-03-17 23:37:56] [world] The Player <NezukoChan> has executed => /list
[2024-03-17 23:37:59] [world] The Player <Tester> has executed => /sf leader NezukoChan
[2024-03-17 23:38:03] [world] The Player <NezukoChan> has executed => /list
[2024-03-17 23:38:05] [world] The Player <Tester> has executed => /sf help 5
[2024-03-17 23:38:10] [world] The Player <Tester> has executed => /sf help 6
[2024-03-17 23:38:25] [world_the_end] The Player <NezukoChan> has executed => /sf claim
[2024-03-17 23:38:33] [world_the_end] The Player <NezukoChan> has executed => /sf claim
[2024-03-17 23:38:41] [world] The Player <Tester> has executed => /sf safezone
[2024-03-17 23:38:44] [world_the_end] The Player <NezukoChan> has executed => /sf claim
[2024-03-17 23:38:45] [world_the_end] The Player <NezukoChan> has executed => /sf claim
[2024-03-17 23:38:48] [world_the_end] The Player <NezukoChan> has executed => /sf claim
[2024-03-17 23:38:49] [world] The Player <Tester> has executed => /sf safezone true
[2024-03-17 23:38:51] [world_the_end] The Player <NezukoChan> has executed => /sf claim
[2024-03-17 23:38:55] [world_the_end] The Player <NezukoChan> has executed => /sf claim
[2024-03-17 23:39:00] [world_the_end] The Player <NezukoChan> has executed => /sf claim
[2024-03-17 23:39:02] [world_the_end] The Player <NezukoChan> has executed => /sf claim
[2024-03-17 23:39:03] [world] The Player <Tester> has executed => /sf set safezone true
[2024-03-17 23:39:06] [world_the_end] The Player <NezukoChan> has executed => /sf claim
[2024-03-17 23:39:13] [world_the_end] The Player <NezukoChan> has executed => /sf claim
[2024-03-17 23:39:16] [world_the_end] The Player <NezukoChan> has executed => /sf claim
[2024-03-17 23:39:19] [world_the_end] The Player <NezukoChan> has executed => /sf claim
[2024-03-17 23:39:21] [world_the_end] The Player <NezukoChan> has executed => /sf claim
[2024-03-17 23:39:24] [world_the_end] The Player <NezukoChan> has executed => /sf claim
[2024-03-17 23:39:34] [world_the_end] The Player <NezukoChan> has executed => /sf claim
[2024-03-17 23:39:36] [world] The Player <Tester> has executed => /sf set Tester Tester_Team peaceful true
[2024-03-17 23:39:40] [world_the_end] The Player <NezukoChan> has executed => /sf claim
[2024-03-17 23:39:59] [world_the_end] The Player <NezukoChan> has executed => /home enderman
[2024-03-17 23:40:22] [world_the_end] The Player <NezukoChan> has executed => /sf claim
[2024-03-17 23:40:25] [world_the_end] The Player <Tester> has executed => /sf claim
[2024-03-17 23:40:30] [world_the_end] The Player <Tester> has executed => /sf claim
[2024-03-17 23:40:36] [world_the_end] The Player <NezukoChan> has executed => /sf claim
[2024-03-17 23:40:36] [world_the_end] The Player <Tester> has executed => /sf claim
[2024-03-17 23:40:41] [world_the_end] The Player <Tester> has executed => /sf cliam
[2024-03-17 23:40:43] [world_the_end] The Player <Tester> has executed => /sf claim
[2024-03-17 23:40:44] [world_the_end] The Player <NezukoChan> has executed => /sf claim
[2024-03-17 23:40:47] [world_the_end] The Player <Tester> has executed => /sf claim
[2024-03-17 23:40:53] [world_the_end] The Player <NezukoChan> has executed => /sf claim
[2024-03-17 23:40:55] [world_the_end] The Player <Tester> has executed => /sf claim
[2024-03-17 23:40:57] [world_the_end] The Player <Tester> has executed => /sf claim
[2024-03-17 23:41:01] [world_the_end] The Player <NezukoChan> has executed => /sf claim
[2024-03-17 23:41:05] [world_the_end] The Player <Tester> has executed => /sf claim
[2024-03-17 23:41:06] [world_the_end] The Player <NezukoChan> has executed => /sf claim
[2024-03-17 23:41:09] [world_the_end] The Player <Tester> has executed => /sf claim
[2024-03-17 23:41:16] [world_the_end] The Player <Tester> has executed => /balance a_random_person
[2024-03-17 23:41:33] [world_the_end] The Player <Tester> has executed => /sf claim
[2024-03-17 23:41:38] [world_the_end] The Player <Tester> has executed => /sf claim
[2024-03-17 23:41:44] [world_the_end] The Player <Tester> has executed => /sf claim
[2024-03-17 23:41:48] [world_the_end] The Player <NezukoChan> has executed => /home trap
[2024-03-17 23:41:49] [world_the_end] The Player <Tester> has executed => /sf claim
[2024-03-17 23:41:54] [world_the_end] The Player <Tester> has executed => /sf claim
[2024-03-17 23:42:00] [world_the_end] The Player <Tester> has executed => /sf claim
[2024-03-17 23:42:05] [world_the_end] The Player <Tester> has executed => /sf claim
[2024-03-17 23:42:11] [world_the_end] The Player <Tester> has executed => /sf claim
[2024-03-17 23:42:17] [world] The Player <NezukoChan> has executed => /home end
[2024-03-17 23:42:17] [world_the_end] The Player <Tester> has executed => /sf claim
[2024-03-17 23:42:25] [world_the_end] The Player <NezukoChan> has executed => /home enderman
[2024-03-17 23:42:25] [world_the_end] The Player <Tester> has executed => /sf claim
[2024-03-17 23:42:32] [world_the_end] The Player <Tester> has executed => /sf power
[2024-03-17 23:42:38] [world_the_end] The Player <Tester> has executed => /sf claim
[2024-03-17 23:42:50] [world_the_end] The Player <Tester> has executed => /sf list
[2024-03-17 23:42:55] [world_the_end] The Player <Tester> has executed => /sf list 2
[2024-03-17 23:43:03] [world_the_end] The Player <NezukoChan> has executed => /sf claim
[2024-03-17 23:43:27] [world_the_end] The Player <Tester> has executed => /sf claim
[2024-03-17 23:43:30] [world_the_end] The Player <Tester> has executed => /sf help
[2024-03-17 23:43:38] [world_the_end] The Player <Tester> has executed => /sf help 2
[2024-03-17 23:43:41] [world_the_end] The Player <Tester> has executed => /sf map
[2024-03-17 23:43:50] [world_the_end] The Player <Tester> has executed => /map
[2024-03-17 23:43:58] [world_the_end] The Player <Tester> has executed => /sf help 2
[2024-03-17 23:43:58] [world_the_end] The Player <NezukoChan> has executed => /sf map
[2024-03-17 23:44:26] [world_the_end] The Player <Tester> has executed => /home base
[2024-03-17 23:44:33] [world] The Player <NezukoChan> has executed => /back
[2024-03-17 23:44:45] [world] The Player <Tester> has executed => /warp shop
[2024-03-17 23:44:53] [world] The Player <Tester> has executed => /sf claim
[2024-03-17 23:44:54] [world] The Player <NezukoChan> has executed => /back
[2024-03-17 23:45:28] [world] The Player <NezukoChan> has executed => /home trap
[2024-03-17 23:45:44] [world] The Player <Tester_> has executed => /lol
[2024-03-17 23:45:45] [world] The Player <NezukoChan> has executed => /tell Tester_ WAIT
[2024-03-17 23:46:18] [world] The Player <Char> has executed => /tp Tester_
[2024-03-17 23:46:23] [world] The Player <Char> has executed => /warp spawn
[2024-03-17 23:46:25] [world] The Player <Char> has executed => /help elevator
[2024-03-17 23:46:29] [world] The Player <Char> has executed => /elevator
[2024-03-17 23:47:46] [world] The Player <NezukoChan> has executed => /back
[2024-03-17 23:47:51] [world] The Player <NezukoChan> has executed => /home enderman
[2024-03-17 23:48:40] [world_the_end] The Player <Tester_> has executed => /homes
[2024-03-17 23:48:44] [world_the_end] The Player <Tester_> has executed => /home base
[2024-03-17 23:48:53] [world] The Player <Tester_> has executed => /delhome cave
[2024-03-17 23:49:23] [world_the_end] The Player <NezukoChan> has executed => /sf invite Tester_
[2024-03-17 23:49:27] [world] The Player <Tester_> has executed => /sf join
[2024-03-17 23:49:34] [world] The Player <Tester_> has executed => /sf join Tester_Team
[2024-03-17 23:50:43] [world] The Player <NezukoChan> has executed => /back
[2024-03-17 23:50:54] [world_the_end] The Player <Tester_> has executed => /home base
[2024-03-17 23:52:58] [world] The Player <Tester> has executed => /balance bagelz
[2024-03-17 23:53:01] [world] The Player <Tester> has executed => /balance Tester
[2024-03-17 23:53:12] [world] The Player <Tester> has executed => /pay NezukoChan 1
[2024-03-17 23:54:40] [world] The Player <Tester> has executed => /iteminfo
[2024-03-17 23:55:49] [world] The Player <Tester> has executed => /help
[2024-03-17 23:55:56] [world] The Player <Tester> has executed => /help AdvancedReplay
[2024-03-17 23:56:02] [world] The Player <Tester> has executed => /help AdvancedPortals
[2024-03-17 23:56:09] [world] The Player <Tester> has executed => /destination
[2024-03-17 23:56:17] [world] The Player <Tester> has executed => /destomatoon help
[2024-03-17 23:56:25] [world] The Player <Tester> has executed => /desti help
[2024-03-17 23:56:52] [world] The Player <Tester> has executed => /desti create shop
[2024-03-17 23:56:55] [world] The Player <Tester> has executed => /help
[2024-03-17 23:57:02] [world] The Player <Tester> has executed => /help AEco
[2024-03-17 23:57:07] [world] The Player <Tester> has executed => /shop
[2024-03-17 23:57:12] [world] The Player <Tester> has executed => /wallet
[2024-03-17 23:57:20] [world] The Player <Tester> has executed => /shop help
[2024-03-17 23:57:26] [world] The Player <Tester> has executed => /shop buy grass 1
[2024-03-17 23:57:31] [world] The Player <Tester> has executed => /shop buy
[2024-03-17 23:57:42] [world] The Player <Tester> has executed => /shop buy 1
[2024-03-17 23:57:46] [world] The Player <Tester> has executed => /shop abort
[2024-03-17 23:57:52] [world] The Player <Tester> has executed => /shop 1 2
[2024-03-17 23:57:59] [world] The Player <Tester> has executed => /help
[2024-03-17 23:58:02] [world] The Player <Tester> has executed => /help AEco
[2024-03-17 23:58:07] [world] The Player <Tester> has executed => /sell
[2024-03-17 23:58:10] [world] The Player <Tester> has executed => /sell 1
[2024-03-17 23:58:18] [world] The Player <Tester> has executed => /help AuthMe
[2024-03-17 23:58:25] [world] The Player <Tester> has executed => /authme
[2024-03-17 23:58:31] [world] The Player <Tester> has executed => /email
[2024-03-17 23:58:34] [world] The Player <Tester> has executed => /email add
[2024-03-17 23:58:50] [world] The Player <Tester> has executed => /email add Testerminiblox@gmail.com Testerminiblox@gmail.com
[2024-03-17 23:59:04] [world_the_end] The Player <NezukoChan> has executed => /pay Tester 0.1
[2024-03-17 23:59:19] [world] The Player <Tester> has executed => /balance
[2024-03-17 23:59:21] [world_the_end] The Player <NezukoChan> has executed => /pay Tester 200
[2024-03-17 23:59:22] [world] The Player <Tester> has executed => /balance
[2024-03-17 23:59:30] [world_the_end] The Player <NezukoChan> has executed => /balance Tester
[2024-03-17 23:59:46] [world_the_end] The Player <NezukoChan> has executed => /balance
[2024-03-17 23:59:56] [world_the_end] The Player <NezukoChan> has executed => /pay tester 2400
[2024-03-18 00:00:01] [world_the_end] The Player <NezukoChan> has executed => /balance Tester
[2024-03-18 00:00:02] [world] The Player <Tester> has executed => /balance
[2024-03-18 00:00:12] [world_the_end] The Player <NezukoChan> has executed => /balance
[2024-03-18 00:00:21] [world] The Player <NezukoChan> has executed => /back
[2024-03-18 00:01:19] [world] The Player <NezukoChan> has executed => /back
[2024-03-18 00:01:53] [world] The Player <NezukoChan> has executed => /home trap
[2024-03-18 00:02:11] [world] The Player <Tester> has executed => /tpa NezukoChan
[2024-03-18 00:02:31] [world] The Player <NezukoChan> has executed => /home enderman
[2024-03-18 00:02:34] [world] The Player <NezukoChan> has executed => /home enderman
[2024-03-18 00:02:43] [world_the_end] The Player <NezukoChan> has executed => /tpaccept
[2024-03-18 00:05:08] [world_the_end] The Player <Tester> has executed => /sf claim
[2024-03-18 00:06:17] [world] The Player <NezukoChan> has executed => /home home
[2024-03-18 00:06:28] [world] The Player <NezukoChan> has executed => /home enderman
[2024-03-18 00:06:42] [world] The Player <Koi> has executed => /tp Tester
[2024-03-18 00:06:55] [world] The Player <Tester> has executed => /back
[2024-03-18 00:07:49] [world] The Player <NezukoChan> has executed => /back
[2024-03-18 00:08:05] [world] The Player <NezukoChan> has executed => /back
[2024-03-18 00:08:29] [world] The Player <NezukoChan> has executed => /back
[2024-03-18 00:08:43] [world] The Player <NezukoChan> has executed => /back
[2024-03-18 00:09:34] [world_the_end] The Player <NezukoChan> has executed => /balance koi
[2024-03-18 00:10:08] [world] The Player <NezukoChan> has executed => /home enderman
[2024-03-18 00:10:22] [world_the_end] The Player <Tester> has executed => /balance koi
[2024-03-18 00:10:28] [world_the_end] The Player <Tester> has executed => /balance
[2024-03-18 00:10:46] [world] The Player <Milk_Frog> has executed => /balnce
[2024-03-18 00:11:45] [world] The Player <Tester> has executed => /balance
[2024-03-18 00:11:46] [world] The Player <NezukoChan> has executed => /back
[2024-03-18 00:11:57] [world] The Player <Tester> has executed => /balance
[2024-03-18 00:12:08] [world_the_end] The Player <NezukoChan> has executed => /balance Tester
[2024-03-18 00:12:17] [world] The Player <Milk_Frog> has executed => /balance Milk_Frog
[2024-03-18 00:12:24] [world_the_end] The Player <NezukoChan> has executed => /balance Tester
[2024-03-18 00:13:09] [world] The Player <Tester> has executed => /balance
[2024-03-18 00:13:20] [world] The Player <Tester> has executed => /balance
[2024-03-18 00:13:23] [world] The Player <Milk_Frog> has executed => /clear
[2024-03-18 00:13:28] [world] The Player <Tester> has executed => /baltop
[2024-03-18 00:13:30] [world_the_end] The Player <NezukoChan> has executed => /balance Tester
[2024-03-18 00:13:50] [world] The Player <Tester> has executed => /baltop
[2024-03-18 00:13:53] [world] The Player <Tester> has executed => /balance
[2024-03-18 00:14:10] [world] The Player <Milk_Frog> has executed => /clear
[2024-03-18 00:14:14] [world_the_end] The Player <NezukoChan> has executed => /baltop
[2024-03-18 00:14:19] [world] The Player <Tester> has executed => /pay NezukoChan 2k
[2024-03-18 00:14:23] [world] The Player <Tester> has executed => /balance
[2024-03-18 00:14:24] [world] The Player <Milk_Frog> has executed => /balance Milk_Frog
[2024-03-18 00:14:25] [world] The Player <Tester> has executed => /baltop
[2024-03-18 00:14:27] [world_the_end] The Player <NezukoChan> has executed => /baltop
[2024-03-18 00:14:35] [world] The Player <Tester> has executed => /baltop
[2024-03-18 00:14:42] [world] The Player <Tester> has executed => /balance
[2024-03-18 00:14:47] [world] The Player <Tester> has executed => /balance NezukoChan
[2024-03-18 00:14:49] [world] The Player <Tester> has executed => /baltop
[2024-03-18 00:15:03] [world] The Player <Tester> has executed => /baltop
[2024-03-18 00:15:04] [world_the_end] The Player <NezukoChan> has executed => /baltop
[2024-03-18 00:15:04] [world] The Player <Char> has executed => /balance NezukoChan
[2024-03-18 00:15:08] [world] The Player <Char> has executed => /baltop
[2024-03-18 00:15:11] [world] The Player <Tester> has executed => /baltop 2
[2024-03-18 00:15:20] [world] The Player <Tester> has executed => /balance
[2024-03-18 00:15:27] [world] The Player <Tester> has executed => /balance NezukoChan
[2024-03-18 00:15:28] [world] The Player <Tester> has executed => /baltop
[2024-03-18 00:15:38] [world_the_end] The Player <NezukoChan> has executed => /baltop
[2024-03-18 00:15:44] [world] The Player <Tester> has executed => /baltop
[2024-03-18 00:15:49] [world] The Player <Char> has executed => /af playerchat Tester fuck (test)
[2024-03-18 00:16:21] [world] The Player <Tester> has executed => /af playerchat Char fuck
[2024-03-18 00:16:23] [world] The Player <Char> has executed => /af playerchat NezukoChan fuck
[2024-03-18 00:16:46] [world] The Player <Char> has executed => /nick
[2024-03-18 00:16:50] [world] The Player <bagelz> has executed => /warp spawn
[2024-03-18 00:16:55] [world] The Player <Milk_Frog> has executed => /home stable
[2024-03-18 00:17:18] [world] The Player <Char> has executed => /tp Milk_Frog
[2024-03-18 00:17:22] [world] The Player <Char> has executed => /warp shops
[2024-03-18 00:17:47] [world] The Player <Char> has executed => /warp shops
[2024-03-18 00:17:48] [world] The Player <NezukoChan> has executed => /home home
[2024-03-18 00:17:49] [world] The Player <Tester> has executed => /warp shop
[2024-03-18 00:17:49] [world] The Player <Char> has executed => /warp shop
[2024-03-18 00:18:10] [world_the_end] The Player <Koi> has executed => /warp spawn
[2024-03-18 00:18:12] [world_the_end] The Player <Koi> has executed => /balance
[2024-03-18 00:18:27] [world] The Player <Char> has executed => /bal Koi
[2024-03-18 00:19:10] [world] The Player <Milk_Frog> has executed => /tp Koi
[2024-03-18 00:20:12] [world] The Player <NezukoChan> has executed => /sf
[2024-03-18 00:20:20] [world] The Player <NezukoChan> has executed => /sf help
[2024-03-18 00:20:32] [world] The Player <Tester> has executed => /
[2024-03-18 00:20:43] [world] The Player <NezukoChan> has executed => /s f
[2024-03-18 00:20:47] [world] The Player <NezukoChan> has executed => /s f chat
[2024-03-18 00:20:48] [world] The Player <Tester> has executed => /sf invite bagelz
[2024-03-18 00:20:53] [world] The Player <NezukoChan> has executed => /chat f
[2024-03-18 00:21:12] [world] The Player <NezukoChan> has executed => /warp spawn
[2024-03-18 00:23:39] [world] The Player <Char> has executed => /tell Koi if tester is annoying u do /kick Tester server.plugin.anticheat.detected
[2024-03-18 00:23:48] [world] The Player <Char> has executed => /tell Koi I keep doing it and telling him why are u cheating LMFAO
[2024-03-18 00:23:52] [world] The Player <Koi> has executed => /tell Char ok lol
[2024-03-18 00:24:02] [world] The Player <Char> has executed => /tp NezukoChan
[2024-03-18 00:24:08] [world] The Player <Koi> has executed => /kick Tester server.plugin.anticheat.detected
[2024-03-18 00:24:43] [world] The Player <bagelz> has executed => /home home1
[2024-03-18 00:25:06] [world] The Player <bagelz> has executed => /warp spawn
[2024-03-18 00:25:22] [world] The Player <bagelz> has executed => /help
[2024-03-18 00:25:48] [world] The Player <bagelz> has executed => /hel[ aliases
[2024-03-18 00:25:54] [world] The Player <bagelz> has executed => /Aliases
[2024-03-18 00:26:04] [world] The Player <bagelz> has executed => /help Aliases
[2024-03-18 00:26:06] [world] The Player <Char> has executed => /fill
[2024-03-18 00:26:12] [world] The Player <Koi> has executed => /plugins
[2024-03-18 00:26:18] [world] The Player <Char> has executed => /tp 100 100 100
[2024-03-18 00:26:18] [world] The Player <bagelz> has executed => /warp shop
[2024-03-18 00:26:19] [world] The Player <Char> has executed => /gamemdoe c
[2024-03-18 00:26:23] [world] The Player <bagelz> has executed => /warp shop
[2024-03-18 00:26:30] [world] The Player <Char> has executed => /fill 100 100 100 120 101 120 cobblestone
[2024-03-18 00:26:35] [world] The Player <Char> has executed => /tp Koi Char
[2024-03-18 00:26:50] [world] The Player <Char> has executed => /fill 100 100 100 120 101 120 air
[2024-03-18 00:26:50] [world] The Player <Koi> has executed => /back
[2024-03-18 00:26:51] [world] The Player <Tester> has executed => /tpa Koi
[2024-03-18 00:26:55] [world] The Player <Koi> has executed => /tpaccept
[2024-03-18 00:27:07] [world] The Player <Char> has executed => /tp 1 1 1
[2024-03-18 00:27:08] [world] The Player <Koi> has executed => /warp spawn
[2024-03-18 00:27:12] [world] The Player <Char> has executed => /tp Koi Char
[2024-03-18 00:27:16] [world] The Player <Char> has executed => /tp Tester Char
[2024-03-18 00:27:19] [world] The Player <Char> has executed => /warp spawn
[2024-03-18 00:27:28] [world] The Player <Koi> has executed => /warp spawn
[2024-03-18 00:27:32] [world] The Player <Tester> has executed => /tpa Char
[2024-03-18 00:27:35] [world] The Player <Char> has executed => /tpaccept
[2024-03-18 00:28:21] [world] The Player <bagelz> has executed => /home home1
[2024-03-18 00:28:48] [world] The Player <Koi> has executed => /baltop
[2024-03-18 00:29:15] [world] The Player <Tester> has executed => /shop
[2024-03-18 00:29:22] [world] The Player <Tester> has executed => /shop create
[2024-03-18 00:30:07] [world] The Player <Tester> has executed => /balance
[2024-03-18 00:30:15] [world_nether] The Player <Heinrich_Himmler> has executed => /back
[2024-03-18 00:30:48] [world_the_end] The Player <Heinrich_Himmler> has executed => /warp spawn
[2024-03-18 00:30:48] [world] The Player <Koi> has executed => /time set day
[2024-03-18 00:32:12] [world] The Player <Koi> has executed => /fill -575 68 351 -588 68 369 grass_block
[2024-03-18 00:32:34] [world] The Player <Char> has executed => /tp Koi
[2024-03-18 00:32:41] [world] The Player <Char> has executed => /mat
[2024-03-18 00:32:57] [world] The Player <Char> has executed => /fill -576 67 351
[2024-03-18 00:33:10] [world] The Player <Char> has executed => /fill -576 67 351 -590 67 370 grass_block
[2024-03-18 00:33:14] [world] The Player <Char> has executed => /fill -576 67 351 -590 67 370 grass
[2024-03-18 00:33:15] [world] The Player <Tester> has executed => /warp shop
[2024-03-18 00:33:33] [world] The Player <Char> has executed => /iteminfo
[2024-03-18 00:33:42] [world] The Player <Char> has executed => /tp Koi
[2024-03-18 00:36:00] [world] The Player <Milk_Frog> has executed => /home stable
[2024-03-18 00:36:33] [world] The Player <Koi> has executed => /fill -613 68 346 -590 68 369 grass
[2024-03-18 00:36:41] [world] The Player <Tester> has executed => /tpa Koi
[2024-03-18 00:36:57] [world] The Player <Tester> has executed => /tpa Char
[2024-03-18 00:37:17] [world] The Player <Char> has executed => /tp Milk_Frog
[2024-03-18 00:37:20] [world] The Player <Milk_Frog> has executed => /tp Heinrich_Himmler
[2024-03-18 00:37:40] [world] The Player <Char> has executed => /tell Heinrich_Himmler stop pretending u aint snipers alt it litterally shows u as being on the same
[2024-03-18 00:37:46] [world] The Player <Char> has executed => /tell Heinrich_Himmler wifi as milk lol
[2024-03-18 00:37:49] [world] The Player <Koi> has executed => /fill -590 68 369 -613 68 346 air
[2024-03-18 00:37:50] [world] The Player <Char> has executed => /warp spawn
[2024-03-18 00:38:06] [world] The Player <Tester> has executed => /back
[2024-03-18 00:38:18] [world] The Player <Char> has executed => /tp Milk_Frog
[2024-03-18 00:38:23] [world_the_end] The Player <Char> has executed => /summon EnderDragon
[2024-03-18 00:38:50] [world_the_end] The Player <Milk_Frog> has executed => /tp Heinrich_Himmler
[2024-03-18 00:38:52] [world_the_end] The Player <Char> has executed => /tp Char EnderDragon
[2024-03-18 00:39:01] [world_the_end] The Player <Char> has executed => /tp Char @e[type=EnderDragon]
[2024-03-18 00:39:05] [world_the_end] The Player <Char> has executed => /tp Char @e[name=EnderDragon]
[2024-03-18 00:39:10] [world_the_end] The Player <Char> has executed => /tp Char @e[id=EnderDragon]
[2024-03-18 00:39:10] [world] The Player <Koi> has executed => /tp Tester Koi
[2024-03-18 00:39:15] [world_the_end] The Player <Char> has executed => /tp Milk_Frog
[2024-03-18 00:39:27] [world] The Player <Koi> has executed => /tp Tester Koi
[2024-03-18 00:39:36] [world] The Player <Koi> has executed => /tp Tester Koi
[2024-03-18 00:39:40] [world] The Player <Koi> has executed => /tp Tester Koi
[2024-03-18 00:39:43] [world_the_end] The Player <Char> has executed => /effect @a minecraft:night_vision 255 255 true
[2024-03-18 00:39:47] [world] The Player <Koi> has executed => /tp Tester Koi
[2024-03-18 00:39:51] [world] The Player <Koi> has executed => /tp Tester Koi
[2024-03-18 00:39:53] [world] The Player <Tester> has executed => /back
[2024-03-18 00:40:10] [world_the_end] The Player <Char> has executed => /warp spawn
[2024-03-18 00:41:14] [world_the_end] The Player <Koi> has executed => /tp Tester Koi
[2024-03-18 00:41:20] [world_the_end] The Player <Koi> has executed => /tp Tester Koi
[2024-03-18 00:41:26] [world_the_end] The Player <Koi> has executed => /tp Tester
[2024-03-18 00:41:27] [world] The Player <Tester> has executed => /back
[2024-03-18 00:41:43] [world] The Player <Koi> has executed => /af freeze Tester
[2024-03-18 00:41:47] [world] The Player <Koi> has executed => /af rocket Tester
[2024-03-18 00:41:48] [world_the_end] The Player <Tester> has executed => /home base
[2024-03-18 00:41:50] [world] The Player <Koi> has executed => /af rocket Tester
[2024-03-18 00:41:53] [world] The Player <Koi> has executed => /af rocket Tester
[2024-03-18 00:42:01] [world] The Player <Koi> has executed => /af rocket Tester
[2024-03-18 00:42:04] [world] The Player <Koi> has executed => /af rocket Tester
[2024-03-18 00:42:07] [world] The Player <Koi> has executed => /af rocket Tester
[2024-03-18 00:42:12] [world] The Player <Koi> has executed => /tp TurtleDuck
[2024-03-18 00:42:15] [world] The Player <Koi> has executed => /tp Tester
[2024-03-18 00:42:20] [world] The Player <Koi> has executed => /f rocket Tester
[2024-03-18 00:42:21] [world] The Player <Tester> has executed => /home base
[2024-03-18 00:42:25] [world] The Player <Koi> has executed => /af rocket Tester
[2024-03-18 00:43:05] [world_the_end] The Player <Milk_Frog> has executed => /gamemode s
[2024-03-18 00:43:52] [world] The Player <Milk_Frog> has executed => /gamemode c
[2024-03-18 00:47:05] [world] The Player <Koi> has executed => /fill -613 67 346 -590 67 369 grass
[2024-03-18 00:49:46] [world] The Player <idkwhattoputhere> has executed => /sf join Tester_team
[2024-03-18 00:49:50] [world] The Player <idkwhattoputhere> has executed => /sf join Tester_Team
[2024-03-18 00:50:55] [world] The Player <idkwhattoputhere> has executed => /tpa Tester
[2024-03-18 00:51:34] [world] The Player <Milk_Frog> has executed => /tp Koi
[2024-03-18 00:54:21] [world_the_end] The Player <Koi> has executed => /warp spawn
[2024-03-18 00:54:25] [world_the_end] The Player <Heinrich_Himmler> has executed => /warp spawn
[2024-03-18 00:54:30] [world] The Player <Koi> has executed => /gamemode s
[2024-03-18 00:54:40] [world_the_end] The Player <Koi> has executed => /gamemode c
[2024-03-18 00:54:57] [world_the_end] The Player <Heinrich_Himmler> has executed => /tp MilkFrog
[2024-03-18 00:55:01] [world_the_end] The Player <Koi> has executed => /warp spawn
[2024-03-18 00:55:08] [world] The Player <Koi> has executed => /gamemode s
[2024-03-18 00:55:10] [world_the_end] The Player <Heinrich_Himmler> has executed => /tpMilkFrog
[2024-03-18 00:55:18] [world_the_end] The Player <Koi> has executed => /gamemode c
[2024-03-18 00:55:21] [world_the_end] The Player <Heinrich_Himmler> has executed => /tp Milk_Frog
[2024-03-18 00:55:37] [world_the_end] The Player <Koi> has executed => /warp spawn
[2024-03-18 00:55:39] [world_the_end] The Player <Koi> has executed => /gamemode s
[2024-03-18 00:55:59] [world_the_end] The Player <Koi> has executed => /gamemdoe c
[2024-03-18 00:56:01] [world_the_end] The Player <Koi> has executed => /gamemode c
[2024-03-18 00:56:03] [world_the_end] The Player <Koi> has executed => //wand
[2024-03-18 00:56:22] [world_the_end] The Player <Koi> has executed => /rg claim no
[2024-03-18 00:56:29] [world_the_end] The Player <Koi> has executed => /tp Heinrich_Himmler Koi
[2024-03-18 00:56:57] [world_the_end] The Player <Milk_Frog> has executed => /tpa Heinrich_Himmler
[2024-03-18 00:56:57] [world] The Player <NezukoChan> has executed => /tpa Tester
[2024-03-18 00:57:29] [world_the_end] The Player <Milk_Frog> has executed => /tp Heinrich_Himmler@s
[2024-03-18 00:58:14] [world_the_end] The Player <Milk_Frog> has executed => /tp Heinrich_Himmler @s
[2024-03-18 00:58:26] [world_the_end] The Player <NezukoChan> has executed => /sf claim
[2024-03-18 00:58:35] [world_the_end] The Player <NezukoChan> has executed => /sf claim
[2024-03-18 00:58:38] [world_the_end] The Player <NezukoChan> has executed => /sf claim
[2024-03-18 00:58:50] [world_the_end] The Player <NezukoChan> has executed => /sf claim
[2024-03-18 00:59:08] [world_the_end] The Player <NezukoChan> has executed => /sf claim
[2024-03-18 00:59:12] [world_the_end] The Player <NezukoChan> has executed => /sf claim
[2024-03-18 00:59:15] [world_the_end] The Player <NezukoChan> has executed => /sf claim
[2024-03-18 00:59:22] [world_the_end] The Player <NezukoChan> has executed => /sf claim
[2024-03-18 00:59:24] [world] The Player <Tester> has executed => /tpa Tester Tester
[2024-03-18 00:59:27] [world] The Player <Tester> has executed => /tpa NezukoChan
[2024-03-18 00:59:30] [world_the_end] The Player <NezukoChan> has executed => /tpaccept
[2024-03-18 00:59:32] [world_the_end] The Player <NezukoChan> has executed => /sf claim
[2024-03-18 00:59:41] [world_the_end] The Player <Koi> has executed => /warp spawn
[2024-03-18 00:59:43] [world_the_end] The Player <Tester> has executed => /ya hoo
[2024-03-18 00:59:47] [world] The Player <Heinrich_Himmler> has executed => /home portal
[2024-03-18 00:59:54] [world_the_end] The Player <NezukoChan> has executed => /sf claim
[2024-03-18 00:59:55] [world_the_end] The Player <Tester> has executed => /sf power
[2024-03-18 01:00:04] [world_the_end] The Player <Tester> has executed => /sf info
[2024-03-18 01:00:15] [world_the_end] The Player <NezukoChan> has executed => /sf claim
[2024-03-18 01:00:16] [world_the_end] The Player <Tester> has executed => /sf info NezukoChan
[2024-03-18 01:00:19] [world_the_end] The Player <NezukoChan> has executed => /sf claim
[2024-03-18 01:00:32] [world_the_end] The Player <Milk_Frog> has executed => /gamemode s
[2024-03-18 01:00:42] [world_the_end] The Player <NezukoChan> has executed => /sf claim
[2024-03-18 01:00:49] [world_the_end] The Player <Tester> has executed => /sf claim
[2024-03-18 01:00:59] [world] The Player <Koi> has executed => /give Tester minecraft:beetroot
[2024-03-18 01:01:01] [world_the_end] The Player <Milk_Frog> has executed => /gamemode c
[2024-03-18 01:01:06] [world_the_end] The Player <NezukoChan> has executed => /warp spawn
[2024-03-18 01:01:10] [world] The Player <Koi> has executed => /give Tester minecraft:potato
[2024-03-18 01:01:16] [world] The Player <NezukoChan> has executed => /sf list
[2024-03-18 01:01:54] [world] The Player <Koi> has executed => /tp Milk_Frog
[2024-03-18 01:02:09] [world] The Player <NezukoChan> has executed => /sf list
[2024-03-18 01:02:28] [world_nether] The Player <Heinrich_Himmler> has executed => /warp spawn
[2024-03-18 01:02:57] [world_the_end] The Player <Koi> has executed => /kill @e
[2024-03-18 01:03:17] [world] The Player <Milk_Frog> has executed => /yep
[2024-03-18 01:03:20] [world] The Player <Heinrich_Himmler> has executed => /home portal
[2024-03-18 01:03:22] [world] The Player <Milk_Frog> has executed => /home stable
[2024-03-18 01:03:44] [world] The Player <Koi> has executed => /weather clear
[2024-03-18 01:03:56] [world] The Player <Milk_Frog> has executed => /tp Heinrich_Himmler
[2024-03-18 01:04:36] [world_nether] The Player <Heinrich_Himmler> has executed => /warp spawn
[2024-03-18 01:06:56] [world_the_end] The Player <Heinrich_Himmler> has executed => /home portal
[2024-03-18 01:07:15] [world_the_end] The Player <NezukoChan> has executed => /home end
[2024-03-18 01:07:55] [world_nether] The Player <Heinrich_Himmler> has executed => /claim
[2024-03-18 01:08:00] [world_nether] The Player <Heinrich_Himmler> has executed => /help
[2024-03-18 01:08:11] [world_nether] The Player <Heinrich_Himmler> has executed => /claim
[2024-03-18 01:08:17] [world_nether] The Player <Heinrich_Himmler> has executed => /help 2
[2024-03-18 01:08:29] [world_nether] The Player <Heinrich_Himmler> has executed => /help3
[2024-03-18 01:08:35] [world_nether] The Player <Heinrich_Himmler> has executed => /help 3
[2024-03-18 01:09:06] [world_nether] The Player <Heinrich_Himmler> has executed => /SimpleHomes
[2024-03-18 01:09:11] [world_nether] The Player <Heinrich_Himmler> has executed => /help 4
[2024-03-18 01:09:39] [world_nether] The Player <Heinrich_Himmler> has executed => /help 5
[2024-03-18 01:09:52] [world_nether] The Player <Heinrich_Himmler> has executed => /help 6
[2024-03-18 01:10:17] [world_nether] The Player <Heinrich_Himmler> has executed => /help 7
[2024-03-18 01:10:36] [world_nether] The Player <Heinrich_Himmler> has executed => /help 8
[2024-03-18 01:10:52] [world_nether] The Player <Heinrich_Himmler> has executed => /help 9
[2024-03-18 01:11:13] [world_nether] The Player <Heinrich_Himmler> has executed => /help 10
[2024-03-18 01:11:26] [world_nether] The Player <Heinrich_Himmler> has executed => /help 11
[2024-03-18 01:11:43] [world_nether] The Player <Heinrich_Himmler> has executed => /sethome
[2024-03-18 01:12:00] [world_nether] The Player <Heinrich_Himmler> has executed => /help 12
[2024-03-18 01:12:13] [world_nether] The Player <Heinrich_Himmler> has executed => /help 13
[2024-03-18 01:12:29] [world_nether] The Player <Heinrich_Himmler> has executed => /help 14
[2024-03-18 01:13:53] [world] The Player <NezukoChan> has executed => /tpa Heinrich_Himmler
[2024-03-18 01:13:57] [world] The Player <NezukoChan> has executed => /tpa NezukoChan
[2024-03-18 01:14:09] [world_nether] The Player <Heinrich_Himmler> has executed => /tpaccept
[2024-03-18 01:14:49] [world_nether] The Player <NezukoChan> has executed => /home home
[2024-03-18 01:15:24] [world] The Player <NezukoChan> has executed => /tpa Heinrich_Himmler
[2024-03-18 01:15:31] [world_nether] The Player <Heinrich_Himmler> has executed => /tpaccept
