[2024-03-18 01:32:01] [world_nether] The Player <NezukoChan> has executed => /home home
[2024-03-18 01:34:44] [world_the_end] The Player <Tester> has executed => /wwat
[2024-03-18 01:34:59] [world_the_end] The Player <Tester> has executed => /tpa Char
[2024-03-18 01:36:16] [world] The Player <Tester> has executed => /sf power
[2024-03-18 01:36:18] [world] The Player <Tester> has executed => /sf claim
[2024-03-18 01:36:26] [world] The Player <Tester> has executed => /
[2024-03-18 01:37:28] [world] The Player <Tester> has executed => /baltop
[2024-03-18 01:37:32] [world] The Player <Tester> has executed => /balance
[2024-03-18 01:37:35] [world] The Player <Tester> has executed => /help
[2024-03-18 01:37:38] [world] The Player <Tester> has executed => /balance
[2024-03-18 01:39:12] [world] The Player <Tester> has executed => /balance
[2024-03-18 01:40:39] [world] The Player <Tester> has executed => /balance
[2024-03-18 01:42:16] [world] The Player <Tester> has executed => /balance
[2024-03-18 01:47:29] [world] The Player <Tester> has executed => /help
[2024-03-18 10:35:56] [world] The Player <sharky> has executed => /home q
[2024-03-18 11:06:32] [world] The Player <qwerty> has executed => /warp spawn
[2024-03-18 11:10:35] [world] The Player <qwerty> has executed => /balance qwerty
[2024-03-18 11:11:33] [world] The Player <Mudkips_Rule> has executed => /home 12
[2024-03-18 11:11:42] [world] The Player <qwerty> has executed => /tpa Mudkips_Rule
[2024-03-18 11:11:47] [world] The Player <Mudkips_Rule> has executed => /tpaccept
[2024-03-18 11:12:23] [world] The Player <qwerty> has executed => /home 1
[2024-03-18 11:12:29] [world] The Player <Mudkips_Rule> has executed => /tpa qwerty
[2024-03-18 11:12:35] [world] The Player <qwerty> has executed => /tpaccept
[2024-03-18 11:13:18] [world] The Player <Rip_Dogwater> has executed => /warp spawn
[2024-03-18 11:15:59] [world] The Player <Rip_Dogwater> has executed => /sever guns
[2024-03-18 11:18:23] [world] The Player <Mudkips_Rule> has executed => /home 2
[2024-03-18 11:18:33] [world] The Player <Rip_Dogwater> has executed => /back
[2024-03-18 11:19:00] [world] The Player <Mudkips_Rule> has executed => /tpa qwerty
[2024-03-18 11:19:05] [world] The Player <qwerty> has executed => /tpaccept
[2024-03-18 11:20:11] [world] The Player <sharky> has executed => /home q
[2024-03-18 11:20:49] [world] The Player <qwerty> has executed => /home 123
[2024-03-18 11:21:10] [world] The Player <sharky> has executed => /thanks
[2024-03-18 11:21:16] [world] The Player <Mudkips_Rule> has executed => /tpa qwerty
[2024-03-18 11:21:20] [world_nether] The Player <qwerty> has executed => /tpaccept
[2024-03-18 11:23:09] [world] The Player <BigDickRandy> has executed => /
[2024-03-18 11:26:08] [world] The Player <BigDickRandy> has executed => /home Base2
[2024-03-18 11:31:11] [world] The Player <VeerIsKKK> has executed => /home base
[2024-03-18 11:33:50] [world] The Player <sharky> has executed => /home q
[2024-03-18 11:59:40] [world] The Player <character> has executed => /home ryan
[2024-03-18 12:05:02] [world] The Player <MrBlob2U> has executed => /chest
[2024-03-18 12:05:10] [world] The Player <MrBlob2U> has executed => /home Mob
[2024-03-18 12:05:43] [world] The Player <MrBlob2U> has executed => /claim
[2024-03-18 12:05:56] [world] The Player <MrBlob2U> has executed => /claim peace
[2024-03-18 12:06:10] [world] The Player <MrBlob2U> has executed => /tpa character
[2024-03-18 12:06:18] [world] The Player <MrBlob2U> has executed => /tp
[2024-03-18 12:06:25] [world] The Player <character> has executed => /tpaccept
[2024-03-18 12:23:20] [world] The Player <Brycethelegend> has executed => /back
[2024-03-18 12:26:17] [world] The Player <Rip_Dogwater> has executed => /home BASE
[2024-03-18 12:27:37] [world_the_end] The Player <Rip_Dogwater> has executed => /home BASE
[2024-03-18 12:41:01] [world_nether] The Player <Brycethelegend> has executed => /removehome Brycethelegend
[2024-03-18 12:41:09] [world_nether] The Player <Brycethelegend> has executed => /sethome Brycethelegend
[2024-03-18 12:42:57] [world_the_end] The Player <Rip_Dogwater> has executed => /CLAIM
[2024-03-18 12:45:49] [world_nether] The Player <Brycethelegend> has executed => /home Brycethelegend
[2024-03-18 12:45:53] [world] The Player <Tester> has executed => /tpa Rip_Dogwater
[2024-03-18 12:45:56] [world] The Player <Rip_Dogwater> has executed => /tpaccept
[2024-03-18 12:49:27] [world] The Player <Tester> has executed => /tpa Rip_Dogwater
[2024-03-18 12:49:51] [world] The Player <Rip_Dogwater> has executed => /tpaccept
[2024-03-18 12:49:58] [world_nether] The Player <Brycethelegend> has executed => /home Brycethelegend
[2024-03-18 12:50:29] [world_the_end] The Player <NezukoChan> has executed => /home homee
[2024-03-18 12:50:30] [world_the_end] The Player <NezukoChan> has executed => /home home
[2024-03-18 12:52:06] [world] The Player <NezukoChan> has executed => /warp spawn
[2024-03-18 12:52:10] [world] The Player <Tester> has executed => /balance a_random_person
[2024-03-18 12:52:24] [world] The Player <VeerIsKKK> has executed => /sf join Ballers
[2024-03-18 12:52:33] [world] The Player <VeerIsKKK> has executed => /sf join Conquerers
[2024-03-18 12:52:44] [world] The Player <VeerIsKKK> has executed => /sf join Tester_Team
[2024-03-18 12:52:46] [world] The Player <VeerIsKKK> has executed => /sf leave
[2024-03-18 12:53:11] [world] The Player <Tester> has executed => /sf power
[2024-03-18 12:53:22] [world] The Player <VeerIsKKK> has executed => /warp spawn
[2024-03-18 12:54:18] [world] The Player <Tester> has executed => /baltop
[2024-03-18 12:54:33] [world] The Player <Rip_Dogwater> has executed => /bal
[2024-03-18 12:54:51] [world] The Player <Tester> has executed => /balance
[2024-03-18 12:54:57] [world] The Player <Tester> has executed => /pay Rip_Dogwater 300
[2024-03-18 12:57:32] [world] The Player <Tester> has executed => /warap shop
[2024-03-18 12:57:35] [world] The Player <Tester> has executed => /warp shop
[2024-03-18 12:57:43] [world] The Player <Tester> has executed => /sf claim
[2024-03-18 12:57:48] [world] The Player <Tester> has executed => /sf claim
[2024-03-18 12:57:52] [world] The Player <Tester> has executed => /sf claim
[2024-03-18 12:58:06] [world] The Player <Tester> has executed => /sf claim
[2024-03-18 12:58:13] [world] The Player <Tester> has executed => /sf claim
[2024-03-18 12:58:23] [world] The Player <Tester> has executed => /sf claim
[2024-03-18 12:58:50] [world] The Player <Brycethelegend> has executed => /home Brycethelegend
[2024-03-18 13:00:55] [world] The Player <Tester> has executed => /sf power
[2024-03-18 13:00:59] [world] The Player <Tester> has executed => /sf claim
[2024-03-18 13:02:51] [world] The Player <Tester> has executed => /balance WienerDogFace
[2024-03-18 13:02:55] [world] The Player <Tester> has executed => /balance char
[2024-03-18 13:03:02] [world] The Player <Tester> has executed => /balance Brycethelegend
[2024-03-18 13:06:18] [world] The Player <Tester> has executed => /balance VeerIsKKK
[2024-03-18 13:06:25] [world] The Player <Tester> has executed => /balance kirbo
[2024-03-18 13:06:27] [world] The Player <Tester> has executed => /
[2024-03-18 13:07:10] [world] The Player <VeerIsKKK> has executed => /home base
[2024-03-18 13:07:20] [world] The Player <VeerIsKKK> has executed => /home base
[2024-03-18 13:07:26] [world] The Player <VeerIsKKK> has executed => /home base
[2024-03-18 13:07:47] [world] The Player <VeerIsKKK> has executed => /warp spawn
[2024-03-18 13:07:56] [world] The Player <VeerIsKKK> has executed => /home base
[2024-03-18 13:08:13] [world] The Player <VeerIsKKK> has executed => /warp shop
[2024-03-18 13:09:29] [world] The Player <Tester> has executed => /home base
[2024-03-18 13:11:08] [world] The Player <Tester> has executed => /warp shop
[2024-03-18 13:11:58] [world] The Player <Tester> has executed => /home base
[2024-03-18 13:14:31] [world] The Player <Tester> has executed => /home base
[2024-03-18 13:24:46] [world] The Player <Tester> has executed => /home base
[2024-03-18 13:25:24] [world] The Player <Tester> has executed => /pay Milk_Frog 10
[2024-03-18 13:29:48] [world] The Player <VeerIsKKK> has executed => /home base
[2024-03-18 13:30:25] [world] The Player <VeerIsKKK> has executed => /sf create The_Axis
[2024-03-18 13:39:13] [world_the_end] The Player <Tester> has executed => /home end
[2024-03-18 13:39:15] [world_the_end] The Player <Tester> has executed => /homes
[2024-03-18 13:39:55] [world_the_end] The Player <Tester> has executed => /balance Milk_Frog
[2024-03-18 13:40:14] [world] The Player <WienerDogFace> has executed => /home ball
[2024-03-18 13:40:38] [world_the_end] The Player <Tester> has executed => /home base
[2024-03-18 13:43:55] [world] The Player <Brycethelegend> has executed => /home Brycethelegend
[2024-03-18 13:43:55] [world_the_end] The Player <Tester> has executed => /home base
[2024-03-18 13:45:53] [world] The Player <WienerDogFace> has executed => /me
[2024-03-18 13:46:32] [world] The Player <WienerDogFace> has executed => /tpa Tester
[2024-03-18 13:46:37] [world] The Player <Tester> has executed => /warp shop
[2024-03-18 13:46:43] [world] The Player <Tester> has executed => /tpaccept
[2024-03-18 13:47:07] [world] The Player <A_Random_Person> has executed => /balance tester
[2024-03-18 13:47:26] [world] The Player <Rip_Dogwater> has executed => /tell Tester What about the string dup
[2024-03-18 13:47:33] [world] The Player <Tester> has executed => /tell Rip_Dogwater ?? dont dupe
[2024-03-18 13:47:42] [world] The Player <Rip_Dogwater> has executed => /tell Tester why
[2024-03-18 13:47:51] [world] The Player <Tester> has executed => /tell Rip_Dogwater cuz char is seeing this right char?
[2024-03-18 13:47:58] [world] The Player <Tester> has executed => /tell Rip_Dogwater uh dont ban me char i aint involved :D
[2024-03-18 13:48:01] [world] The Player <A_Random_Person> has executed => /balance
[2024-03-18 13:48:22] [world] The Player <Rip_Dogwater> has executed => /tell Tester yea im sry CHar
[2024-03-18 13:48:23] [world] The Player <Tester> has executed => /home base
[2024-03-18 13:49:13] [world] The Player <Rip_Dogwater> has executed => /back
[2024-03-18 13:49:34] [world] The Player <somebody139> has executed => /tpa sharky
[2024-03-18 13:49:47] [world] The Player <sharky> has executed => /tpaccept
[2024-03-18 13:53:29] [world] The Player <character> has executed => /home ryan
[2024-03-18 13:53:37] [world] The Player <Brycethelegend> has executed => /back
[2024-03-18 13:53:42] [world] The Player <hi_> has executed => /tpa Rip_Dogwater
[2024-03-18 13:53:44] [world] The Player <Rip_Dogwater> has executed => /tpaccept
[2024-03-18 13:53:48] [world] The Player <Sword4001> has executed => /warp spawn
[2024-03-18 13:54:00] [world] The Player <hi_> has executed => /home stuff
[2024-03-18 13:54:23] [world] The Player <WienerDogFace> has executed => /tpa somebody139
[2024-03-18 13:54:31] [world] The Player <somebody139> has executed => /tpaccept
[2024-03-18 13:54:32] [world] The Player <somebody139> has executed => /tpaccept
[2024-03-18 13:54:34] [world] The Player <Rip_Dogwater> has executed => /bal
[2024-03-18 13:54:42] [world] The Player <character> has executed => /home ryan
[2024-03-18 13:54:46] [world] The Player <hi_> has executed => /bal
[2024-03-18 13:54:46] [world] The Player <Tester> has executed => /sf invite hi_
[2024-03-18 13:54:50] [world] The Player <character> has executed => /home ryan
[2024-03-18 13:55:02] [world] The Player <hi_> has executed => /sf join Tester_Team
[2024-03-18 13:55:16] [world] The Player <I_am_amazing> has executed => /home base
[2024-03-18 13:55:43] [world] The Player <character> has executed => /home ryan
[2024-03-18 13:55:48] [world] The Player <I_am_amazing> has executed => /tp Dio
[2024-03-18 13:56:08] [world] The Player <character> has executed => /tpa sharky
[2024-03-18 13:56:08] [world] The Player <Sword4001> has executed => /warp spawn
[2024-03-18 13:56:16] [world_nether] The Player <Mudkips_Rule> has executed => /sethome blaze
[2024-03-18 13:56:24] [world_nether] The Player <Mudkips_Rule> has executed => /homes
[2024-03-18 13:56:38] [world_nether] The Player <Mudkips_Rule> has executed => /delhome 10
[2024-03-18 13:56:50] [world_nether] The Player <Mudkips_Rule> has executed => /sethome 10
[2024-03-18 13:56:59] [world] The Player <I_am_amazing> has executed => /gome spawn
[2024-03-18 13:57:04] [world] The Player <I_am_amazing> has executed => /home spawn
[2024-03-18 13:57:44] [world] The Player <I_am_amazing> has executed => /home spawn
[2024-03-18 13:57:47] [world] The Player <Tester> has executed => /sf list
[2024-03-18 13:58:02] [world] The Player <I_am_amazing> has executed => /home base
[2024-03-18 13:58:16] [world] The Player <A_Random_Person> has executed => /home store
[2024-03-18 13:58:41] [world] The Player <somebody139> has executed => /sever Guns
[2024-03-18 13:58:48] [world] The Player <sharky> has executed => /warp spawn
[2024-03-18 13:59:11] [world_the_end] The Player <WienerDogFace> has executed => /warp spawn
[2024-03-18 13:59:27] [world] The Player <somebody139> has executed => /tpa VeerIsKKK
[2024-03-18 13:59:31] [world_nether] The Player <Mudkips_Rule> has executed => /home 2
[2024-03-18 13:59:36] [world_the_end] The Player <VeerIsKKK> has executed => /tpaccept
[2024-03-18 14:00:05] [world] The Player <Mudkips_Rule> has executed => /home 12
[2024-03-18 14:00:15] [world] The Player <Pog4lifepeople> has executed => /back
[2024-03-18 14:00:50] [world] The Player <I_am_amazing> has executed => /tp 1000 10000 10000
[2024-03-18 14:01:10] [world_the_end] The Player <somebody139> has executed => /tpa WienerDogFace
[2024-03-18 14:01:17] [world_the_end] The Player <WienerDogFace> has executed => /tpaccept
[2024-03-18 14:01:42] [world] The Player <sharky> has executed => /home q
[2024-03-18 14:01:53] [world] The Player <Mudkips_Rule> has executed => /tpa A_Random_Person
[2024-03-18 14:01:59] [world] The Player <A_Random_Person> has executed => /tpaccept
[2024-03-18 14:02:03] [world] The Player <I_am_amazing> has executed => /home spawn
[2024-03-18 14:02:05] [world] The Player <Brycethelegend> has executed => /tpa A_Random_Person
[2024-03-18 14:02:21] [world] The Player <Brycethelegend> has executed => /tpa Mudkips_Rule
[2024-03-18 14:02:21] [world] The Player <A_Random_Person> has executed => /tpaccept
[2024-03-18 14:02:42] [world] The Player <I_am_amazing> has executed => /home base
[2024-03-18 14:02:57] [world] The Player <character> has executed => /home ryan
[2024-03-18 14:03:34] [world_the_end] The Player <somebody139> has executed => /back
[2024-03-18 14:03:50] [world_the_end] The Player <somebody139> has executed => /THE DRAGON
[2024-03-18 14:04:03] [world] The Player <Tester> has executed => /warp spawn
[2024-03-18 14:04:05] [world] The Player <digbick> has executed => /sf claim
[2024-03-18 14:04:24] [world_the_end] The Player <somebody139> has executed => /BACK
[2024-03-18 14:04:27] [world_the_end] The Player <WienerDogFace> has executed => /back
[2024-03-18 14:04:49] [world] The Player <somebody139> has executed => /bak
[2024-03-18 14:04:50] [world] The Player <WienerDogFace> has executed => /bacl
[2024-03-18 14:04:52] [world] The Player <somebody139> has executed => /back
[2024-03-18 14:04:53] [world] The Player <WienerDogFace> has executed => /back
[2024-03-18 14:05:01] [world] The Player <somebody139> has executed => /back
[2024-03-18 14:06:08] [world] The Player <Mudkips_Rule> has executed => /home 12
[2024-03-18 14:06:17] [world] The Player <sharky> has executed => /warp spawn
[2024-03-18 14:07:13] [world] The Player <sharky> has executed => /tpa character
[2024-03-18 14:07:22] [world] The Player <character> has executed => /tpaccept
[2024-03-18 14:07:49] [world_the_end] The Player <Tester> has executed => /tpa A_Random_Person
[2024-03-18 14:08:02] [world] The Player <sharky> has executed => /home q
[2024-03-18 14:08:33] [world_the_end] The Player <Tester> has executed => /home base
[2024-03-18 14:08:34] [world] The Player <MrBlob2U> has executed => /tpa character
[2024-03-18 14:09:12] [world] The Player <somebody139> has executed => /tpa character
[2024-03-18 14:09:15] [world] The Player <I_am_amazing> has executed => /homes
[2024-03-18 14:09:21] [world] The Player <I_am_amazing> has executed => /delhome 1
[2024-03-18 14:09:24] [world] The Player <I_am_amazing> has executed => /sethome 1
[2024-03-18 14:09:27] [world] The Player <I_am_amazing> has executed => /home base
[2024-03-18 14:09:27] [world] The Player <MrBlob2U> has executed => /warp shop
[2024-03-18 14:09:30] [world_nether] The Player <The_Amazing_Yao> has executed => /sf join The_Axis
[2024-03-18 14:09:42] [world] The Player <Brycethelegend> has executed => /home Brycethelegend
[2024-03-18 14:09:43] [world_nether] The Player <The_Amazing_Yao> has executed => /sf join The_Axis
[2024-03-18 14:10:10] [world_nether] The Player <The_Amazing_Yao> has executed => /home Ballers
[2024-03-18 14:10:29] [world] The Player <I_am_amazing> has executed => /home 1
[2024-03-18 14:10:32] [world_the_end] The Player <WienerDogFace> has executed => /warp spawn
[2024-03-18 14:10:58] [world] The Player <The_Amazing_Yao> has executed => /tpa VeerIsKKK
[2024-03-18 14:11:00] [world] The Player <MrBlob2U> has executed => /home Mob
[2024-03-18 14:11:47] [world] The Player <sharky> has executed => /create clan Buster
[2024-03-18 14:11:51] [world] The Player <character> has executed => /home ryan
[2024-03-18 14:12:02] [world] The Player <somebody139> has executed => /tpa sharky
[2024-03-18 14:12:15] [world] The Player <sharky> has executed => /tpaccept
[2024-03-18 14:12:20] [world_the_end] The Player <The_Amazing_Yao> has executed => /sfjoin The_Axis
[2024-03-18 14:12:36] [world] The Player <WienerDogFace> has executed => /tpa somebody139
[2024-03-18 14:12:45] [world] The Player <somebody139> has executed => /tpaccept
[2024-03-18 14:13:09] [world] The Player <VeerIsKKK> has executed => /home base
[2024-03-18 14:13:13] [world] The Player <MrBlob2U> has executed => /warp shop
[2024-03-18 14:13:18] [world] The Player <sharky> has executed => /home q
[2024-03-18 14:13:30] [world_the_end] The Player <The_Amazing_Yao> has executed => /sf join The_Axis
[2024-03-18 14:13:38] [world] The Player <somebody139> has executed => /back
[2024-03-18 14:14:05] [world] The Player <sharky> has executed => /home q
[2024-03-18 14:14:09] [world_the_end] The Player <The_Amazing_Yao> has executed => /sf join The_Axis
[2024-03-18 14:14:10] [world] The Player <VeerIsKKK> has executed => /sf leave
[2024-03-18 14:14:23] [world] The Player <WienerDogFace> has executed => /warp spawn
[2024-03-18 14:14:26] [world] The Player <MrBlob2U> has executed => /home Mob
[2024-03-18 14:14:33] [world] The Player <I_am_amazing> has executed => /home base
[2024-03-18 14:14:45] [world] The Player <WienerDogFace> has executed => /home ball
[2024-03-18 14:14:55] [world] The Player <MrBlob2U> has executed => /warp shop
[2024-03-18 14:14:56] [world] The Player <VeerIsKKK> has executed => /sf create Our_Golden_Rule
[2024-03-18 14:15:01] [world] The Player <somebody139> has executed => /warp spawn
[2024-03-18 14:15:01] [world] The Player <VeerIsKKK> has executed => /sf leave
[2024-03-18 14:15:05] [world] The Player <Brycethelegend> has executed => /home Brycethelegend
[2024-03-18 14:15:10] [world_the_end] The Player <The_Amazing_Yao> has executed => /sf join The_Axis
[2024-03-18 14:15:12] [world] The Player <proman50> has executed => /joinfaction
[2024-03-18 14:15:15] [world] The Player <VeerIsKKK> has executed => /sf create Aftermath
[2024-03-18 14:15:16] [world] The Player <proman50> has executed => /help
[2024-03-18 14:15:30] [world] The Player <character> has executed => /tpa sharky
[2024-03-18 14:15:33] [world] The Player <proman50> has executed => /sf
[2024-03-18 14:15:33] [world_the_end] The Player <The_Amazing_Yao> has executed => /sf join Aftermath
[2024-03-18 14:15:37] [world] The Player <sharky> has executed => /tpaccept
[2024-03-18 14:15:40] [world] The Player <sharky> has executed => /tpaccept
[2024-03-18 14:15:41] [world] The Player <proman50> has executed => /sf join faction
[2024-03-18 14:15:59] [world] The Player <MrBlob2U> has executed => /home Mineshaft
[2024-03-18 14:16:08] [world] The Player <VeerIsKKK> has executed => /sf
[2024-03-18 14:16:11] [world] The Player <VeerIsKKK> has executed => /sfs
[2024-03-18 14:16:20] [world] The Player <VeerIsKKK> has executed => /sf invite The_Amazing_Yao
[2024-03-18 14:16:30] [world] The Player <VeerIsKKK> has executed => /sf invite sharky
[2024-03-18 14:16:31] [world] The Player <proman50> has executed => /home
[2024-03-18 14:16:31] [world] The Player <MrBlob2U> has executed => /tpa character
[2024-03-18 14:16:31] [world_the_end] The Player <somebody139> has executed => /tpa sharky
[2024-03-18 14:16:36] [world_the_end] The Player <The_Amazing_Yao> has executed => /sf join Aftermath
[2024-03-18 14:16:36] [world] The Player <proman50> has executed => /e
[2024-03-18 14:16:43] [world] The Player <sharky> has executed => /tpaccept
[2024-03-18 14:16:45] [world] The Player <VeerIsKKK> has executed => /sf invite WienerDogFace
[2024-03-18 14:16:46] [world] The Player <sharky> has executed => /tpaccept
[2024-03-18 14:16:47] [world_the_end] The Player <The_Amazing_Yao> has executed => /tp VeerIsKKK
[2024-03-18 14:16:49] [world] The Player <character> has executed => /tpaccept
[2024-03-18 14:16:51] [world] The Player <VeerIsKKK> has executed => /sf claim
[2024-03-18 14:16:55] [world_the_end] The Player <The_Amazing_Yao> has executed => /tpa VeerIsKKK
[2024-03-18 14:16:59] [world] The Player <VeerIsKKK> has executed => /tpaccept
[2024-03-18 14:17:01] [world] The Player <WienerDogFace> has executed => /warp spawn
[2024-03-18 14:17:01] [world] The Player <somebody139> has executed => /sethome 1
[2024-03-18 14:17:02] [world] The Player <VeerIsKKK> has executed => /sf claim
[2024-03-18 14:17:06] [world] The Player <VeerIsKKK> has executed => /sf claim
[2024-03-18 14:17:08] [world] The Player <WienerDogFace> has executed => /warp spawn
[2024-03-18 14:17:12] [world] The Player <VeerIsKKK> has executed => /sf claim
[2024-03-18 14:17:16] [world] The Player <VeerIsKKK> has executed => /sf claim
[2024-03-18 14:17:21] [world] The Player <sharky> has executed => /leave clan
[2024-03-18 14:17:22] [world] The Player <VeerIsKKK> has executed => /sf claim
[2024-03-18 14:17:28] [world] The Player <sharky> has executed => /leave clan //
[2024-03-18 14:17:28] [world] The Player <VeerIsKKK> has executed => /sf commands
[2024-03-18 14:17:34] [world] The Player <VeerIsKKK> has executed => /sf
[2024-03-18 14:17:41] [world] The Player <VeerIsKKK> has executed => /sf sfs
[2024-03-18 14:17:44] [world] The Player <VeerIsKKK> has executed => /sfs
[2024-03-18 14:17:48] [world] The Player <sharky> has executed => /warp spawn
[2024-03-18 14:17:51] [world] The Player <VeerIsKKK> has executed => /sf claim
[2024-03-18 14:17:58] [world] The Player <VeerIsKKK> has executed => /sf claim
[2024-03-18 14:18:08] [world] The Player <VeerIsKKK> has executed => /sf invite Brycethelegend
[2024-03-18 14:18:11] [world] The Player <character> has executed => /warpspawn
[2024-03-18 14:18:15] [world] The Player <character> has executed => /warp spawn
[2024-03-18 14:18:33] [world] The Player <The_Amazing_Yao> has executed => /can i have some iron
[2024-03-18 14:18:55] [world] The Player <proman50> has executed => /sf join /Aftermath/
[2024-03-18 14:18:56] [world] The Player <sharky> has executed => /warp spawn
[2024-03-18 14:19:02] [world] The Player <proman50> has executed => /join Aftermath
[2024-03-18 14:19:08] [world] The Player <The_Amazing_Yao> has executed => /sethome Aftermath
[2024-03-18 14:19:11] [world] The Player <proman50> has executed => /join faction
[2024-03-18 14:19:13] [world] The Player <VeerIsKKK> has executed => /sf invite WienerDogFace
[2024-03-18 14:19:13] [world] The Player <sharky> has executed => /home q
[2024-03-18 14:19:25] [world] The Player <somebody139> has executed => /back
[2024-03-18 14:19:26] [world] The Player <character> has executed => /home ryan
[2024-03-18 14:19:26] [world] The Player <MrBlob2U> has executed => /warp shop
[2024-03-18 14:19:30] [world] The Player <qwerty> has executed => /back
[2024-03-18 14:19:38] [world] The Player <MrBlob2U> has executed => /home Mob
[2024-03-18 14:19:52] [world] The Player <VeerIsKKK> has executed => /sf claim
[2024-03-18 14:19:58] [world] The Player <VeerIsKKK> has executed => /sf claim
[2024-03-18 14:20:03] [world] The Player <VeerIsKKK> has executed => /sf claim
[2024-03-18 14:20:09] [world] The Player <VeerIsKKK> has executed => /sf claim
[2024-03-18 14:20:13] [world] The Player <VeerIsKKK> has executed => /sf claim
[2024-03-18 14:20:14] [world] The Player <character> has executed => /warpspawn
[2024-03-18 14:20:16] [world] The Player <VeerIsKKK> has executed => /sf claim
[2024-03-18 14:20:18] [world] The Player <character> has executed => /warp spawn
[2024-03-18 14:20:19] [world] The Player <VeerIsKKK> has executed => /sf claim
[2024-03-18 14:20:25] [world] The Player <VeerIsKKK> has executed => /sf claim
[2024-03-18 14:20:30] [world] The Player <VeerIsKKK> has executed => /sf claim
[2024-03-18 14:20:31] [world] The Player <Rip_Dogwater> has executed => /home BASE
[2024-03-18 14:20:35] [world] The Player <VeerIsKKK> has executed => /sf claim
[2024-03-18 14:20:39] [world] The Player <VeerIsKKK> has executed => /home base
[2024-03-18 14:20:43] [world] The Player <VeerIsKKK> has executed => /sf help
[2024-03-18 14:21:26] [world] The Player <MrBlob2U> has executed => /home Mob
[2024-03-18 14:21:44] [world] The Player <Brycethelegend> has executed => /back
[2024-03-18 14:21:46] [world] The Player <qwerty> has executed => /back
[2024-03-18 14:21:53] [world] The Player <VeerIsKKK> has executed => /tpa WienerDogFace
[2024-03-18 14:21:59] [world] The Player <WienerDogFace> has executed => /tpaccept
[2024-03-18 14:22:00] [world] The Player <Brycethelegend> has executed => /back
[2024-03-18 14:22:03] [world] The Player <proman50> has executed => /spawn
[2024-03-18 14:22:06] [world] The Player <MrBlob2U> has executed => /home Mob
[2024-03-18 14:22:16] [world] The Player <The_Amazing_Yao> has executed => /tpa VeerIsKKK
[2024-03-18 14:22:33] [world] The Player <somebody139> has executed => /sever Guns
[2024-03-18 14:23:06] [world] The Player <MrBlob2U> has executed => /home Mob
[2024-03-18 14:23:27] [world_nether] The Player <qwerty> has executed => /home 1
[2024-03-18 14:23:29] [world] The Player <VeerIsKKK> has executed => /warp end
[2024-03-18 14:23:48] [world] The Player <WienerDogFace> has executed => /home Tinkle
[2024-03-18 14:23:49] [world] The Player <character> has executed => /tpa sharky
[2024-03-18 14:23:53] [world] The Player <sharky> has executed => /tpaccept
[2024-03-18 14:24:38] [world] The Player <MrBlob2U> has executed => /home Mob
[2024-03-18 14:24:49] [world] The Player <Dave_TheCoolguy_> has executed => /help
[2024-03-18 14:24:58] [world] The Player <Dave_TheCoolguy_> has executed => /claim plot
[2024-03-18 14:25:01] [world] The Player <Dave_TheCoolguy_> has executed => /help
[2024-03-18 14:25:10] [world] The Player <Dave_TheCoolguy_> has executed => /bPermissions
[2024-03-18 14:25:13] [world] The Player <Dave_TheCoolguy_> has executed => /bp
[2024-03-18 14:25:14] [world] The Player <WienerDogFace> has executed => /tpa MrBlob2U
[2024-03-18 14:25:14] [world] The Player <qwerty> has executed => /home 1
[2024-03-18 14:25:18] [world] The Player <Dave_TheCoolguy_> has executed => /bclaim
[2024-03-18 14:25:21] [world] The Player <Dave_TheCoolguy_> has executed => /help
[2024-03-18 14:25:37] [world] The Player <Dave_TheCoolguy_> has executed => /AuthMe
[2024-03-18 14:26:01] [world] The Player <MrBlob2U> has executed => /home Mob
[2024-03-18 14:26:08] [world] The Player <WienerDogFace> has executed => /tpa Rip_Dogwater
[2024-03-18 14:26:27] [world] The Player <MrBlob2U> has executed => /warp shop
[2024-03-18 14:26:29] [world] The Player <WienerDogFace> has executed => /tpa Rip_Dogwater
[2024-03-18 14:26:34] [world] The Player <MrBlob2U> has executed => /tpaccept
[2024-03-18 14:26:36] [world] The Player <MrBlob2U> has executed => /tpaccept
[2024-03-18 14:26:43] [world] The Player <MrBlob2U> has executed => /tpa
[2024-03-18 14:26:49] [world] The Player <MrBlob2U> has executed => /tpa WienerDogFace
[2024-03-18 14:26:50] [world] The Player <Rip_Dogwater> has executed => /warp spawn
[2024-03-18 14:26:52] [world] The Player <WienerDogFace> has executed => /tpaccept
[2024-03-18 14:26:58] [world] The Player <Tester> has executed => /tpa Rip_Dogwater
[2024-03-18 14:27:07] [world] The Player <Rip_Dogwater> has executed => /tpaccept
[2024-03-18 14:27:08] [world] The Player <Rip_Dogwater> has executed => /tp
[2024-03-18 14:27:20] [world] The Player <VeerIsKKK> has executed => /home home1
[2024-03-18 14:27:24] [world] The Player <character> has executed => /tpa sharky
[2024-03-18 14:27:24] [world] The Player <qwerty> has executed => /yeah
[2024-03-18 14:27:29] [world] The Player <sharky> has executed => /tpaccept
[2024-03-18 14:27:36] [world] The Player <qwerty> has executed => /home 1
[2024-03-18 14:28:00] [world] The Player <MrBlob2U> has executed => /tpa sharky
[2024-03-18 14:28:03] [world] The Player <sharky> has executed => /tpaccept
[2024-03-18 14:28:09] [world] The Player <Tester> has executed => /home base
[2024-03-18 14:28:19] [world] The Player <qwerty> has executed => /
[2024-03-18 14:28:30] [world] The Player <VeerIsKKK> has executed => /tpa Rip_Dogwater
[2024-03-18 14:28:33] [world] The Player <Rip_Dogwater> has executed => /tpaccept
[2024-03-18 14:28:36] [world] The Player <WienerDogFace> has executed => /warp shop
[2024-03-18 14:28:48] [world] The Player <Tester> has executed => /warp shop
[2024-03-18 14:30:11] [world] The Player <Dave_TheCoolguy_> has executed => /back
[2024-03-18 14:30:40] [world] The Player <sharky> has executed => /tpa Biggie_Vinny
[2024-03-18 14:31:19] [world] The Player <MrBlob2U> has executed => /home Mob
[2024-03-18 14:31:48] [world] The Player <sharky> has executed => /tpa proman50
[2024-03-18 14:31:57] [world] The Player <WienerDogFace> has executed => /home Ball
[2024-03-18 14:31:59] [world] The Player <Tester> has executed => /home base
[2024-03-18 14:32:01] [world] The Player <WienerDogFace> has executed => /home ball
[2024-03-18 14:32:26] [world] The Player <sharky> has executed => /warp spawn
[2024-03-18 14:32:30] [world] The Player <character> has executed => /warp spawn
[2024-03-18 14:32:34] [world] The Player <Tester> has executed => /tpa WienerDogFace
[2024-03-18 14:32:41] [world] The Player <WienerDogFace> has executed => /tpaccept
[2024-03-18 14:32:59] [world] The Player <character> has executed => /tpa sharky
[2024-03-18 14:33:34] [world] The Player <sharky> has executed => /home q
[2024-03-18 14:33:46] [world] The Player <Tester> has executed => /tell Rip_Dogwater from villager
[2024-03-18 14:33:49] [world] The Player <VeerIsKKK> has executed => /home base
[2024-03-18 14:33:56] [world] The Player <sharky> has executed => /warp spawn
[2024-03-18 14:34:12] [world] The Player <MrBlob2U> has executed => /home Mob
[2024-03-18 14:35:14] [world] The Player <WienerDogFace> has executed => /tpa Tester
[2024-03-18 14:35:23] [world] The Player <qwerty> has executed => /warp spawn
[2024-03-18 14:35:36] [world] The Player <VeerIsKKK> has executed => /tpa qwerty
[2024-03-18 14:35:40] [world] The Player <WienerDogFace> has executed => /tpa qwerty
[2024-03-18 14:35:46] [world] The Player <qwerty> has executed => /tpaccept
[2024-03-18 14:35:53] [world] The Player <MrBlob2U> has executed => /home Mob
[2024-03-18 14:35:54] [world] The Player <Tester> has executed => /back
[2024-03-18 14:36:07] [world] The Player <WienerDogFace> has executed => /tpa Rip_Dogwater
[2024-03-18 14:36:35] [world] The Player <MrBlob2U> has executed => /home Mob
[2024-03-18 14:36:45] [world] The Player <Tester> has executed => /back
[2024-03-18 14:36:46] [world] The Player <VeerIsKKK> has executed => /home base
[2024-03-18 14:36:48] [world] The Player <qwerty> has executed => /help
[2024-03-18 14:36:53] [world] The Player <sharky> has executed => /home q
[2024-03-18 14:36:54] [world] The Player <WienerDogFace> has executed => /tpa Rip_Dogwater
[2024-03-18 14:37:02] [world] The Player <sharky> has executed => /back
[2024-03-18 14:37:16] [world] The Player <qwerty> has executed => /help EAco
[2024-03-18 14:37:39] [world] The Player <qwerty> has executed => /help Economy
[2024-03-18 14:37:47] [world] The Player <MrBlob2U> has executed => /home Mob
[2024-03-18 14:37:47] [world] The Player <qwerty> has executed => /money
[2024-03-18 14:37:54] [world] The Player <qwerty> has executed => /shop
[2024-03-18 14:37:59] [world] The Player <WienerDogFace> has executed => /tpa Tester
[2024-03-18 14:38:03] [world] The Player <Tester> has executed => /tpaccept
[2024-03-18 14:38:41] [world] The Player <qwerty> has executed => /shop create 1 15.00
[2024-03-18 14:38:47] [world] The Player <Tester> has executed => /back
[2024-03-18 14:39:02] [world] The Player <MrBlob2U> has executed => /home Mob
[2024-03-18 14:39:32] [world_the_end] The Player <VeerIsKKK> has executed => /warp end
[2024-03-18 14:39:51] [world] The Player <Tester> has executed => /home base
[2024-03-18 14:39:57] [world] The Player <MrBlob2U> has executed => /home Mob
[2024-03-18 14:40:25] [world] The Player <MrBlob2U> has executed => /home Mob
[2024-03-18 14:40:27] [world] The Player <WienerDogFace> has executed => /home ball
[2024-03-18 14:40:39] [world] The Player <WienerDogFace> has executed => /home ba;;
[2024-03-18 14:40:43] [world_the_end] The Player <VeerIsKKK> has executed => /home base
[2024-03-18 14:40:44] [world] The Player <WienerDogFace> has executed => /home ball
[2024-03-18 14:41:24] [world] The Player <MrBlob2U> has executed => /warp shop
[2024-03-18 14:41:45] [world] The Player <Tester> has executed => /home end
[2024-03-18 14:42:23] [world] The Player <MrBlob2U> has executed => /home Enchant
[2024-03-18 14:42:50] [world_the_end] The Player <Tester> has executed => /home base
[2024-03-18 14:43:06] [world] The Player <character> has executed => /home ryan
[2024-03-18 14:43:24] [world] The Player <MrBlob2U> has executed => /home Mob
[2024-03-18 14:43:29] [world] The Player <VeerIsKKK> has executed => /warp shop
[2024-03-18 14:43:57] [world] The Player <MrBlob2U> has executed => /warp shop
[2024-03-18 14:44:04] [world] The Player <Tester> has executed => /tpa qweqazz
[2024-03-18 14:44:09] [world] The Player <WienerDogFace> has executed => /tpa VeerIsKKK
[2024-03-18 14:44:11] [world] The Player <qweqazz> has executed => /tpaccept
[2024-03-18 14:44:16] [world] The Player <qweqazz> has executed => /tpaccept
[2024-03-18 14:49:55] [world] The Player <Brycethelegend> has executed => /tpa qwerty
[2024-03-18 14:50:03] [world] The Player <qwerty> has executed => /tpaccept
[2024-03-18 14:50:10] [world] The Player <Brycethelegend> has executed => /tpa qwerty
[2024-03-18 14:55:44] [world] The Player <Rip_Dogwater> has executed => /home BASE
[2024-03-18 14:56:41] [world] The Player <Rip_Dogwater> has executed => /warp shop
[2024-03-18 14:57:08] [world] The Player <Rip_Dogwater> has executed => /bal
[2024-03-18 14:58:02] [world] The Player <Rip_Dogwater> has executed => /bal
[2024-03-18 15:00:52] [world] The Player <Rip_Dogwater> has executed => /home BASE
[2024-03-18 15:05:39] [world] The Player <Rip_Dogwater> has executed => /
[2024-03-18 15:05:39] [world] The Player <qwerty> has executed => /sethome water
[2024-03-18 15:05:43] [world] The Player <qwerty> has executed => /home 1
[2024-03-18 15:06:02] [world] The Player <Rip_Dogwater> has executed => /home BASE
[2024-03-18 15:06:30] [world] The Player <qwerty> has executed => /home water
[2024-03-18 15:06:41] [world] The Player <qwerty> has executed => /home 1
[2024-03-18 15:07:03] [world] The Player <qwerty> has executed => /home water
[2024-03-18 15:07:17] [world] The Player <qwerty> has executed => /home 1
[2024-03-18 15:08:47] [world_the_end] The Player <hexa> has executed => /kit
[2024-03-18 15:09:07] [world_the_end] The Player <hexa> has executed => /spawn
[2024-03-18 15:09:10] [world_the_end] The Player <hexa> has executed => /help
[2024-03-18 15:09:23] [world_the_end] The Player <hexa> has executed => /home
[2024-03-18 15:09:27] [world_the_end] The Player <hexa> has executed => /home tester
[2024-03-18 15:09:58] [world] The Player <qwerty> has executed => /home 123
[2024-03-18 15:11:05] [world] The Player <hexa> has executed => /tp
[2024-03-18 15:11:15] [world] The Player <hexa> has executed => /tp dogwater
[2024-03-18 15:11:50] [world] The Player <hexa> has executed => /tpa Rip_dogwater
[2024-03-18 15:12:01] [world] The Player <Rip_Dogwater> has executed => /warp spawn
[2024-03-18 15:12:08] [world] The Player <Rip_Dogwater> has executed => /tpaccept
[2024-03-18 15:13:29] [world] The Player <hexa> has executed => /tpa Rip_dogwater
[2024-03-18 15:13:33] [world] The Player <Rip_Dogwater> has executed => /tpaccept
[2024-03-18 15:15:54] [world] The Player <hexa> has executed => /tpa Rip_Dogwater
[2024-03-18 15:15:58] [world] The Player <Rip_Dogwater> has executed => /tpaccept
[2024-03-18 15:16:09] [world] The Player <hexa> has executed => /tpa Rip_Dogwater
[2024-03-18 15:16:12] [world] The Player <Rip_Dogwater> has executed => /tpaccept
[2024-03-18 15:18:30] [world] The Player <qwerty> has executed => /warp spawn
[2024-03-18 15:19:16] [world] The Player <sharky> has executed => /home q
[2024-03-18 15:22:11] [world] The Player <qwerty> has executed => /spawn
[2024-03-18 15:22:14] [world] The Player <sharky> has executed => /home q
[2024-03-18 15:22:19] [world] The Player <qwerty> has executed => /home 1
[2024-03-18 15:22:31] [world] The Player <sharky> has executed => /home q
[2024-03-18 15:23:17] [world] The Player <qwerty> has executed => /warp spawn
[2024-03-18 15:25:05] [world_nether] The Player <qwerty> has executed => /warp spawn
[2024-03-18 15:27:00] [world] The Player <WienerDogFace> has executed => /warp shop
[2024-03-18 15:27:19] [world] The Player <qwerty> has executed => /home 1
[2024-03-18 15:28:28] [world] The Player <qwerty> has executed => /warp spawn
[2024-03-18 15:29:34] [world] The Player <WienerDogFace> has executed => /home ball
[2024-03-18 15:29:54] [world] The Player <MrBlob2U> has executed => /tp Enchant
[2024-03-18 15:29:59] [world] The Player <MrBlob2U> has executed => /home Enchant
[2024-03-18 15:31:22] [world] The Player <WienerDogFace> has executed => /home fortress
[2024-03-18 15:32:08] [world] The Player <qwerty> has executed => /pay Milk_Frog
[2024-03-18 15:32:21] [world] The Player <MrBlob2U> has executed => /home Mob
[2024-03-18 15:32:26] [world] The Player <qwerty> has executed => /pay Milk_Frog 10
[2024-03-18 15:32:40] [world] The Player <qwerty> has executed => /home 1
[2024-03-18 15:33:01] [world] The Player <MrBlob2U> has executed => /sf claim
[2024-03-18 15:33:15] [world] The Player <qwerty> has executed => /warp spawn
[2024-03-18 15:33:21] [world] The Player <qwerty> has executed => /balance
[2024-03-18 15:34:19] [world] The Player <MrBlob2U> has executed => /home Mob
[2024-03-18 15:35:16] [world] The Player <qwerty> has executed => /home 1
[2024-03-18 15:35:52] [world] The Player <character> has executed => /home ryan
[2024-03-18 15:36:49] [world] The Player <MrBlob2U> has executed => /sf claim
[2024-03-18 15:37:04] [world] The Player <Tester> has executed => /balance A_Random_Person
[2024-03-18 15:37:05] [world] The Player <MrBlob2U> has executed => /home Mob
[2024-03-18 15:38:14] [world_nether] The Player <WienerDogFace> has executed => /tpa Char
[2024-03-18 15:38:17] [world] The Player <qwerty> has executed => /warpspawn
[2024-03-18 15:38:21] [world] The Player <qwerty> has executed => /warp spawn
[2024-03-18 15:38:32] [world] The Player <qwerty> has executed => /warp spawn
[2024-03-18 15:38:37] [world_nether] The Player <WienerDogFace> has executed => /home ball
[2024-03-18 15:39:08] [world] The Player <character> has executed => /home ryan
[2024-03-18 15:39:09] [world] The Player <WienerDogFace> has executed => /sf join OGs
[2024-03-18 15:39:12] [world] The Player <Tester> has executed => /sf invite WienerDogFace
[2024-03-18 15:39:21] [world] The Player <WienerDogFace> has executed => /tpa Char
[2024-03-18 15:39:50] [world] The Player <Tester> has executed => /home abse
[2024-03-18 15:39:52] [world] The Player <Tester> has executed => /home base
[2024-03-18 15:40:00] [world] The Player <qwerty> has executed => /home
[2024-03-18 15:40:04] [world] The Player <qwerty> has executed => /home 1
[2024-03-18 15:40:13] [world] The Player <Tester> has executed => /home base
[2024-03-18 15:40:26] [world] The Player <A_Random_Person> has executed => /balaance
[2024-03-18 15:40:28] [world] The Player <A_Random_Person> has executed => /balance
[2024-03-18 15:41:06] [world] The Player <MrBlob2U> has executed => /home Mob
[2024-03-18 15:41:19] [world] The Player <character> has executed => /home ryan
[2024-03-18 15:41:24] [world] The Player <qwerty> has executed => /warp spawn
[2024-03-18 15:41:42] [world] The Player <MrBlob2U> has executed => /home Mob
[2024-03-18 15:41:53] [world] The Player <character> has executed => /warp spawn
[2024-03-18 15:42:24] [world] The Player <Uwupapa> has executed => /spectate
[2024-03-18 15:42:34] [world] The Player <qwerty> has executed => /home 1
[2024-03-18 15:42:40] [world] The Player <Uwupapa> has executed => /help
[2024-03-18 15:42:50] [world] The Player <MrBlob2U> has executed => /help
[2024-03-18 15:42:59] [world] The Player <qwerty> has executed => /any one got wood
[2024-03-18 15:43:06] [world] The Player <Uwupapa> has executed => /help minecraft
[2024-03-18 15:43:45] [world] The Player <Tester> has executed => /back
[2024-03-18 15:44:15] [world] The Player <WienerDogFace> has executed => /home gay
[2024-03-18 15:52:54] [world] The Player <Rip_Dogwater> has executed => /shop
[2024-03-18 15:53:00] [world] The Player <qwerty> has executed => /
[2024-03-18 15:53:03] [world] The Player <Rip_Dogwater> has executed => /warp shop
[2024-03-18 15:53:22] [world] The Player <Rip_Dogwater> has executed => /tpa General_Rihan
[2024-03-18 15:53:31] [world] The Player <General_Rihan> has executed => /warp spawn
[2024-03-18 15:53:36] [world] The Player <General_Rihan> has executed => /tpa
[2024-03-18 15:53:40] [world] The Player <General_Rihan> has executed => /tpaccept
[2024-03-18 15:54:18] [world] The Player <A_Random_Person> has executed => /balance hexa
[2024-03-18 15:56:27] [world] The Player <NezukoChan> has executed => /tpa hexa
[2024-03-18 15:56:29] [world] The Player <hexa> has executed => /tpa
[2024-03-18 15:56:33] [world] The Player <hexa> has executed => /tpaccept
[2024-03-18 15:57:17] [world] The Player <hexa> has executed => /back
[2024-03-18 15:57:28] [world] The Player <NezukoChan> has executed => /home home
[2024-03-18 16:00:36] [world] The Player <sharky> has executed => /home q
[2024-03-18 16:01:04] [world] The Player <Mudkips_Rule> has executed => /warp spawn
[2024-03-18 16:02:32] [world] The Player <Mudkips_Rule> has executed => /balance Mudkips_Rule
[2024-03-18 16:02:44] [world] The Player <hexa> has executed => /back
[2024-03-18 16:03:27] [world] The Player <hexa> has executed => /back
[2024-03-18 16:05:17] [world] The Player <NezukoChan> has executed => /warp spawn
[2024-03-18 16:06:26] [world] The Player <Mudkips_Rule> has executed => /balance tester
[2024-03-18 16:06:29] [world] The Player <hexa> has executed => /sethome
[2024-03-18 16:06:35] [world] The Player <hexa> has executed => /sethome horseey
[2024-03-18 16:06:53] [world] The Player <Mudkips_Rule> has executed => /balance A_Random_Person
[2024-03-18 16:06:53] [world] The Player <NezukoChan> has executed => /home enderman
[2024-03-18 16:07:49] [world] The Player <Mudkips_Rule> has executed => /home 12
[2024-03-18 16:08:45] [world] The Player <Rip_WillOfTheD> has executed => /set home 1010
[2024-03-18 16:08:52] [world] The Player <Rip_WillOfTheD> has executed => /sethome 1010
[2024-03-18 16:09:20] [world] The Player <NezukoChan> has executed => /home home
[2024-03-18 16:09:21] [world] The Player <NezukoChan> has executed => /homes
[2024-03-18 16:10:12] [world] The Player <Rip_WillOfTheD> has executed => /back
[2024-03-18 16:11:02] [world] The Player <NezukoChan> has executed => /home home
[2024-03-18 16:11:03] [world] The Player <Rip_WillOfTheD> has executed => /home 1010
[2024-03-18 16:12:29] [world] The Player <NezukoChan> has executed => /home home
[2024-03-18 16:15:44] [world] The Player <Rip_WillOfTheD> has executed => /home 1010
[2024-03-18 19:16:27] [world] The Player <Sword4001> has executed => /sever Guns
[2024-03-18 19:17:23] [world] The Player <Sword4001> has executed => /joinserver Guns
[2024-03-18 19:26:35] [world_nether] The Player <Sword4001> has executed => /warp spawn
[2024-03-18 19:29:14] [world] The Player <Sword4001> has executed => /serverguns
[2024-03-18 19:29:27] [world] The Player <Sword4001> has executed => /guns
[2024-03-18 19:39:02] [world] The Player <Char> has executed => /gamemode c
[2024-03-18 19:40:19] [world] The Player <Gakzilla> has executed => /gamemode s
[2024-03-18 19:41:50] [world] The Player <Gakzilla> has executed => /bal A_Random_Person
[2024-03-18 19:47:57] [world] The Player <Koi> has executed => /tp Gakzilla
[2024-03-18 19:48:21] [world] The Player <Koi> has executed => /gamemode spectator Gakzilla
[2024-03-18 19:48:43] [world] The Player <Gakzilla> has executed => /deop Koi
[2024-03-18 19:48:47] [world] The Player <Gakzilla> has executed => /gamemode c
[2024-03-18 19:48:57] [world] The Player <Koi> has executed => /gamemode survival Gakzilla
[2024-03-18 19:49:06] [world] The Player <Gakzilla> has executed => /op Koi
[2024-03-18 19:49:21] [world] The Player <Koi> has executed => /deop Gakzilla
[2024-03-18 19:49:36] [world] The Player <Koi> has executed => /op Gakzilla
[2024-03-18 19:51:52] [world] The Player <Koi> has executed => /tp Corner1
[2024-03-18 19:53:00] [world] The Player <Koi> has executed => /af rocket Corner
[2024-03-18 19:53:11] [world] The Player <Sword4001> has executed => /warp spawn
[2024-03-18 19:53:12] [world] The Player <Koi> has executed => /gamemode survival Gakzilla
[2024-03-18 19:53:15] [world] The Player <Koi> has executed => /af rocket Gakzilla
[2024-03-18 19:53:29] [world] The Player <Koi> has executed => /op Koi
[2024-03-18 19:53:31] [world] The Player <Gakzilla> has executed => /clear Gakzilla
[2024-03-18 19:53:56] [world] The Player <Gakzilla> has executed => /bal reset Gakzilla
[2024-03-18 19:54:05] [world] The Player <Gakzilla> has executed => /bal help
[2024-03-18 19:54:29] [world] The Player <Gakzilla> has executed => /gamemode c
[2024-03-18 19:54:33] [world] The Player <Gakzilla> has executed => /gamemode s
[2024-03-18 19:54:46] [world] The Player <Koi> has executed => /tp Corner1
[2024-03-18 19:54:47] [world] The Player <Corner1> has executed => /tp Corner1 Corner1
[2024-03-18 19:55:01] [world] The Player <Corner1> has executed => /tp Corner1 Gakzilla
[2024-03-18 19:55:13] [world] The Player <Gakzilla> has executed => /deop Gakzilla
[2024-03-18 19:56:35] [world] The Player <Koi> has executed => /tp Corner1
[2024-03-18 20:02:35] [world] The Player <bagelz> has executed => /warp spawn
[2024-03-18 20:16:50] [world] The Player <Milk_Frog> has executed => /tp TurtleDuck
[2024-03-18 20:22:19] [world] The Player <Corner1> has executed => /weather clear
[2024-03-18 20:22:37] [world] The Player <Corner1> has executed => /time set day
[2024-03-18 20:22:52] [world] The Player <Corner1> has executed => /tp Corner1 TurtleDuck
[2024-03-18 20:23:53] [world] The Player <Milk_Frog> has executed => /tp Corner1
[2024-03-18 20:24:09] [world] The Player <Corner1> has executed => /tp Corner1 TurtleDuck
[2024-03-18 20:24:32] [world] The Player <Milk_Frog> has executed => /tp TurtleDuck
[2024-03-18 20:26:13] [world] The Player <Milk_Frog> has executed => /clear TurtleDuck
[2024-03-18 20:28:03] [world] The Player <Milk_Frog> has executed => /info Sword4001
[2024-03-18 20:28:24] [world] The Player <Milk_Frog> has executed => /info Sword4001
[2024-03-18 20:28:32] [world] The Player <Milk_Frog> has executed => /tp Sword4001
[2024-03-18 20:28:50] [world] The Player <Milk_Frog> has executed => /inventory Sword4001
[2024-03-18 20:29:14] [world] The Player <Corner1> has executed => /see inventory Sword4001
[2024-03-18 20:29:24] [world] The Player <Corner1> has executed => /tp Corner1 Sword4001
[2024-03-18 20:30:47] [world] The Player <Corner1> has executed => /enchant Corner1 minecraft:knockback 10
[2024-03-18 20:31:03] [world] The Player <Milk_Frog> has executed => /home stable
[2024-03-18 20:31:17] [world] The Player <Corner1> has executed => /enchant Corner1 minecraft:knockback 3
[2024-03-18 20:31:18] [world] The Player <Milk_Frog> has executed => /tp Corner1
[2024-03-18 20:32:18] [world] The Player <Corner1> has executed => /enchant Corner1 knockback2
[2024-03-18 20:32:30] [world] The Player <Milk_Frog> has executed => /home stable
[2024-03-18 20:32:34] [world] The Player <Corner1> has executed => /enchant Corner1 knockback 2
[2024-03-18 20:32:59] [world] The Player <Corner1> has executed => /enchant Corner1 minecraft:knockback 2
[2024-03-18 20:33:10] [world] The Player <Sword4001> has executed => /warp spawn
[2024-03-18 20:33:24] [world] The Player <Corner1> has executed => /tp Corner1 Milk_Frog
[2024-03-18 20:34:00] [world] The Player <Sword4001> has executed => /tpa Milk_Frog
[2024-03-18 20:34:06] [world] The Player <Milk_Frog> has executed => /tpaccept
[2024-03-18 20:35:40] [world] The Player <Sword4001> has executed => /tpa Milk_Frog
[2024-03-18 20:35:45] [world] The Player <Milk_Frog> has executed => /warp spawn
[2024-03-18 20:35:49] [world] The Player <NezukoChan> has executed => /home home
[2024-03-18 20:35:53] [world] The Player <Milk_Frog> has executed => /tpaccept
[2024-03-18 20:36:13] [world] The Player <Milk_Frog> has executed => /tpaccept
[2024-03-18 20:36:18] [world] The Player <Milk_Frog> has executed => /home stable
[2024-03-18 20:37:08] [world] The Player <Koi> has executed => /weather clear
[2024-03-18 20:37:13] [world] The Player <Koi> has executed => /time set day
[2024-03-18 20:39:11] [world] The Player <Sword4001> has executed => /warp spawn
[2024-03-18 20:40:19] [world] The Player <Corner1> has executed => /home spawn
[2024-03-18 20:41:25] [world] The Player <Corner1> has executed => /enchant Corner1 minecraft:fire_aspect 2
[2024-03-18 20:41:41] [world] The Player <Corner1> has executed => /enchant Corner1 minecraft:sharpness 5
[2024-03-18 20:43:41] [world] The Player <Milk_Frog> has executed => /tp Koi
[2024-03-18 20:44:38] [world] The Player <NezukoChan> has executed => /tell Koi did u find a replay that actually works yet
[2024-03-18 20:44:46] [world] The Player <Koi> has executed => /tell NezukoChan ofc
[2024-03-18 20:44:53] [world] The Player <NezukoChan> has executed => /tell Koi les goo
[2024-03-18 20:45:15] [world] The Player <Koi> has executed => /tell NezukoChan we found the cobble dick culprit
[2024-03-18 20:45:27] [world] The Player <NezukoChan> has executed => /tell Koi shit
[2024-03-18 20:45:38] [world] The Player <NezukoChan> has executed => /tell Koi who was it
[2024-03-18 20:45:45] [world] The Player <Koi> has executed => /tell NezukoChan u
[2024-03-18 20:45:52] [world] The Player <NezukoChan> has executed => /tell Koi yo what
[2024-03-18 20:45:59] [world] The Player <NezukoChan> has executed => /tell Koi must be a vis glitch
[2024-03-18 20:47:18] [world] The Player <Koi> has executed => /weather clear
[2024-03-18 20:47:43] [world] The Player <Koi> has executed => /tp NezukoChan
[2024-03-18 20:47:51] [world] The Player <Koi> has executed => /af rocket NezukoChan
[2024-03-18 20:47:55] [world] The Player <Koi> has executed => /af rocket NezukoChan
[2024-03-18 20:48:27] [world] The Player <Koi> has executed => /tp NezukoChan
[2024-03-18 20:49:04] [world_the_end] The Player <NezukoChan> has executed => /home home
[2024-03-18 20:49:44] [world] The Player <Koi> has executed => /tp NezukoChan
[2024-03-18 20:49:51] [world] The Player <Koi> has executed => /gamemode spectator
[2024-03-18 20:50:19] [world] The Player <Koi> has executed => /kill NezukoChan
[2024-03-18 20:50:25] [world] The Player <NezukoChan> has executed => /home home
[2024-03-18 20:50:29] [world] The Player <Koi> has executed => /af rocket NezukoChan
[2024-03-18 20:50:36] [world] The Player <Koi> has executed => /af rocket NezukoChan
[2024-03-18 20:50:39] [world] The Player <Koi> has executed => /af rocket NezukoChan
[2024-03-18 20:50:43] [world] The Player <Koi> has executed => /af rocket NezukoChan
[2024-03-18 20:50:48] [world] The Player <Koi> has executed => /af rocket NezukoChan
[2024-03-18 20:50:51] [world] The Player <Koi> has executed => /af rocket NezukoChan
[2024-03-18 20:51:03] [world] The Player <Koi> has executed => /af rocket NezukoChan
[2024-03-18 20:51:07] [world] The Player <Koi> has executed => /af rocket NezukoChan
[2024-03-18 20:51:17] [world] The Player <NezukoChan> has executed => /home home
[2024-03-18 20:51:48] [world] The Player <Koi> has executed => /gamemode spectator NezukoChan
[2024-03-18 20:51:58] [world] The Player <Koi> has executed => /gamemode adventure NezukoChan
[2024-03-18 20:52:12] [world] The Player <Koi> has executed => /gamemode c
[2024-03-18 20:52:21] [world] The Player <Koi> has executed => /gamemode spectator
[2024-03-18 20:52:31] [world] The Player <Koi> has executed => /gamemode c
[2024-03-18 20:52:37] [world] The Player <Koi> has executed => /gamemode spectator
[2024-03-18 20:52:58] [world] The Player <Koi> has executed => /gamemode survival NezukoChan
[2024-03-18 20:53:15] [world] The Player <Koi> has executed => /gamemode c
[2024-03-18 20:53:42] [world] The Player <Koi> has executed => /af rocket NezukoChan
[2024-03-18 20:53:46] [world] The Player <Koi> has executed => /af rocket NezukoChan
[2024-03-18 20:53:50] [world] The Player <Koi> has executed => /gamemode spectator
[2024-03-18 20:54:14] [world] The Player <Koi> has executed => /tp NezukoChan
[2024-03-18 20:54:29] [world] The Player <Koi> has executed => /tp NezukoChan
[2024-03-18 20:54:32] [world] The Player <NezukoChan> has executed => /home home
[2024-03-18 20:55:03] [world] The Player <Koi> has executed => /tp NezukoChan 1 69 1
[2024-03-18 20:55:21] [world] The Player <Koi> has executed => /tp NezukoChan Koi
[2024-03-18 20:56:30] [world] The Player <Koi> has executed => /gamemode c
[2024-03-18 20:56:44] [world] The Player <Koi> has executed => /gamemode spectator
[2024-03-18 20:59:00] [world] The Player <NezukoChan> has executed => /tpa Koi
[2024-03-18 20:59:25] [world] The Player <Koi> has executed => /tpaccept
[2024-03-18 21:08:37] [world] The Player <character> has executed => /home ryan
[2024-03-18 21:09:21] [world] The Player <character> has executed => /home ryan
[2024-03-18 21:09:45] [world] The Player <character> has executed => /home ryan
[2024-03-18 21:11:22] [world] The Player <character> has executed => /home ryan
[2024-03-18 21:21:47] [world] The Player <character> has executed => /home ryan
[2024-03-18 21:28:38] [world_the_end] The Player <NezukoChan> has executed => /sf claim
[2024-03-18 21:28:56] [world_the_end] The Player <NezukoChan> has executed => /sf claim
[2024-03-18 21:29:06] [world_the_end] The Player <NezukoChan> has executed => /sf claim
[2024-03-18 21:29:11] [world_the_end] The Player <NezukoChan> has executed => /sf claim
[2024-03-18 21:31:55] [world_the_end] The Player <NezukoChan> has executed => /sf claim
[2024-03-18 21:31:57] [world_the_end] The Player <NezukoChan> has executed => /sf claim
[2024-03-18 21:32:28] [world_the_end] The Player <NezukoChan> has executed => /sf claim
[2024-03-18 21:32:30] [world_the_end] The Player <NezukoChan> has executed => /sf claim
[2024-03-18 21:32:33] [world_the_end] The Player <NezukoChan> has executed => /sf claim
[2024-03-18 21:46:50] [world] The Player <character> has executed => /home ryan
[2024-03-18 21:47:09] [world] The Player <character> has executed => /spawn warp
[2024-03-18 21:47:12] [world] The Player <character> has executed => /warp spawn
[2024-03-18 21:55:04] [world] The Player <character> has executed => /home ryan
[2024-03-18 21:55:39] [world] The Player <character> has executed => /home ryan
[2024-03-18 22:28:53] [world_the_end] The Player <NezukoChan> has executed => /sf power
[2024-03-18 22:29:37] [world_the_end] The Player <NezukoChan> has executed => /sf claim
[2024-03-18 22:33:04] [world_the_end] The Player <NezukoChan> has executed => /sf claim
[2024-03-18 22:33:08] [world_the_end] The Player <NezukoChan> has executed => /sf claim
[2024-03-18 22:42:20] [world] The Player <Tester> has executed => /home base
[2024-03-18 22:42:45] [world] The Player <Tester> has executed => /baltop
[2024-03-18 22:42:47] [world] The Player <Tester> has executed => /balance
[2024-03-19 00:39:10] [world] The Player <Milk_Frog> has executed => /tp TurtleDuck
[2024-03-19 00:39:25] [world] The Player <Milk_Frog> has executed => /home stable
[2024-03-19 00:43:10] [world] The Player <TurtleDuck> has executed => /clear
[2024-03-19 00:44:25] [world] The Player <Milk_Frog> has executed => /warp spawn
[2024-03-19 00:44:59] [world] The Player <TurtleDuck> has executed => /warp spawn
[2024-03-19 00:55:58] [world] The Player <Milk_Frog> has executed => /home stable
[2024-03-19 00:56:36] [world] The Player <Milk_Frog> has executed => /gamemode s
[2024-03-19 00:56:53] [world] The Player <Milk_Frog> has executed => /tp TurtleDuck
[2024-03-19 00:57:25] [world] The Player <Milk_Frog> has executed => /gamemode c
[2024-03-19 00:59:52] [world] The Player <Milk_Frog> has executed => /home stable
[2024-03-19 01:00:31] [world] The Player <Milk_Frog> has executed => /tp TurtleDuck
[2024-03-19 01:00:41] [world] The Player <Milk_Frog> has executed => /gamemode s
[2024-03-19 01:01:23] [world] The Player <Milk_Frog> has executed => /gamemode c
[2024-03-19 01:01:56] [world] The Player <Milk_Frog> has executed => /home stable
[2024-03-19 01:02:23] [world] The Player <Milk_Frog> has executed => /warp TurtleDuck
[2024-03-19 01:02:30] [world] The Player <Milk_Frog> has executed => /tp TurtleDuck
[2024-03-19 01:04:02] [world] The Player <Milk_Frog> has executed => /gamemode s
[2024-03-19 01:04:19] [world] The Player <Milk_Frog> has executed => /gamemode c
[2024-03-19 01:04:38] [world] The Player <Milk_Frog> has executed => /home stable
[2024-03-19 01:04:58] [world] The Player <Milk_Frog> has executed => /gamemode s
[2024-03-19 01:05:11] [world] The Player <Milk_Frog> has executed => /warp TurtleDuck
[2024-03-19 01:05:15] [world] The Player <Milk_Frog> has executed => /tp TurtleDuck
[2024-03-19 01:05:26] [world] The Player <Milk_Frog> has executed => /gamemode c
[2024-03-19 01:07:38] [world] The Player <Milk_Frog> has executed => /home stable
[2024-03-19 01:07:49] [world] The Player <Milk_Frog> has executed => /tp TurtleDuck
[2024-03-19 01:08:50] [world] The Player <Milk_Frog> has executed => /home stable
[2024-03-19 01:09:52] [world] The Player <Milk_Frog> has executed => /gamemode survival
[2024-03-19 01:10:11] [world] The Player <Milk_Frog> has executed => /warp TurtleDuck
[2024-03-19 01:10:15] [world] The Player <Milk_Frog> has executed => /tp TurtleDuck
[2024-03-19 01:10:27] [world] The Player <Milk_Frog> has executed => /gamemode c
[2024-03-19 01:11:01] [world] The Player <Koi> has executed => /weather clear
[2024-03-19 01:11:06] [world] The Player <Koi> has executed => /time set day
[2024-03-19 01:11:26] [world] The Player <Milk_Frog> has executed => /yep
[2024-03-19 01:11:27] [world] The Player <Koi> has executed => /gamemode c
[2024-03-19 01:11:42] [world] The Player <Milk_Frog> has executed => /home stables
[2024-03-19 01:11:49] [world] The Player <Milk_Frog> has executed => /home stable
[2024-03-19 01:12:07] [world] The Player <Koi> has executed => /tp Milk_Frog
[2024-03-19 01:12:59] [world] The Player <Koi> has executed => /warp spawn
[2024-03-19 01:14:25] [world] The Player <Milk_Frog> has executed => /tp Koi
[2024-03-19 01:14:53] [world] The Player <Milk_Frog> has executed => /gamemode s
