[2024-03-24 21:45:34] [world] The Player <GolemDaWanderer> has executed => /warp spawn
[2024-03-24 21:47:40] [world] The Player <GolemDaWanderer> has executed => /tpa Char
[2024-03-24 21:50:27] [world_the_end] The Player <GolemDaWanderer> has executed => /home kil
[2024-03-24 21:50:30] [world_the_end] The Player <GolemDaWanderer> has executed => /home kill
[2024-03-24 21:50:51] [world] The Player <GolemDaWanderer> has executed => /home spawner
[2024-03-24 21:51:07] [world] The Player <GolemDaWanderer> has executed => /homes
[2024-03-24 21:51:19] [world] The Player <GolemDaWanderer> has executed => /home kill
[2024-03-24 21:51:24] [world] The Player <GolemDaWanderer> has executed => /home kill
[2024-03-24 21:54:39] [world_the_end] The Player <Tester> has executed => /tp C
[2024-03-24 21:54:44] [world_the_end] The Player <Tester> has executed => /warp shop
[2024-03-24 21:56:30] [world] The Player <NezukoChan> has executed => /warp spawn
[2024-03-24 21:56:43] [world] The Player <NezukoChan> has executed => /warp spawn
[2024-03-24 21:57:44] [world] The Player <Tester> has executed => /tp g
[2024-03-24 21:57:58] [world] The Player <Tester> has executed => /tp G
[2024-03-24 21:58:00] [world] The Player <Tester> has executed => /tp G
[2024-03-24 21:58:10] [world] The Player <Tester> has executed => /tp G
[2024-03-24 21:58:25] [world] The Player <Tester> has executed => /tp G
[2024-03-24 21:58:46] [world] The Player <Tester> has executed => /tp Char
[2024-03-24 21:58:54] [world] The Player <Tester> has executed => /tp Char
[2024-03-24 21:59:04] [world] The Player <Tester> has executed => /tp Char
[2024-03-24 21:59:13] [world_the_end] The Player <NezukoChan> has executed => /sf enemy NSDAP
[2024-03-24 21:59:44] [world] The Player <Tester> has executed => /home bone
[2024-03-24 21:59:53] [world] The Player <Tester> has executed => /tp Char Tester
[2024-03-24 22:00:06] [world_the_end] The Player <NezukoChan> has executed => /sf removeenemy NSDAP
[2024-03-24 22:00:12] [world_the_end] The Player <NezukoChan> has executed => /sf enemy NSDAP
[2024-03-24 22:00:18] [world_the_end] The Player <NezukoChan> has executed => /sf neutral NSDAP
[2024-03-24 22:01:32] [world] The Player <Tester> has executed => /kill Char
[2024-03-24 22:01:37] [world] The Player <NezukoChan> has executed => /tpa Tester
[2024-03-24 22:01:49] [world] The Player <NezukoChan> has executed => /tpa Tester
[2024-03-24 22:01:50] [world] The Player <Tester> has executed => /tp NezukoChan Tester
[2024-03-24 22:02:37] [world_the_end] The Player <GolemDaWanderer> has executed => /home kill
[2024-03-24 22:02:43] [world_the_end] The Player <GolemDaWanderer> has executed => /home kill
[2024-03-24 22:02:57] [world] The Player <GolemDaWanderer> has executed => /home kill
[2024-03-24 22:03:54] [world] The Player <Tester> has executed => /tp Char
[2024-03-24 22:04:03] [world] The Player <Tester> has executed => /tp NezukoChan
[2024-03-24 22:06:43] [world] The Player <Tester> has executed => /tp G
[2024-03-24 22:06:46] [world] The Player <Tester> has executed => /tp GolemDaWanderer
[2024-03-24 22:07:10] [world] The Player <GolemDaWanderer> has executed => /home kill
[2024-03-24 22:07:21] [world] The Player <Tester> has executed => /tp NezukoChan
[2024-03-24 22:08:39] [world] The Player <GolemDaWanderer> has executed => /home spawner
[2024-03-24 22:09:45] [world] The Player <NezukoChan> has executed => /chest
[2024-03-24 22:09:56] [world] The Player <Tester> has executed => /home bone
[2024-03-24 22:10:00] [world] The Player <NezukoChan> has executed => /home home
[2024-03-24 22:10:30] [world] The Player <GolemDaWanderer> has executed => /give @p mo then press tab
[2024-03-24 22:12:25] [world] The Player <GolemDaWanderer> has executed => /delhome spawner
[2024-03-24 22:12:29] [world] The Player <GolemDaWanderer> has executed => /sethome spawner
[2024-03-24 22:13:01] [world] The Player <NezukoChan> has executed => /tpa Tester
[2024-03-24 22:13:04] [world] The Player <GolemDaWanderer> has executed => /home k
[2024-03-24 22:13:05] [world] The Player <Tester> has executed => /tp NezukoChan Tester
[2024-03-24 22:13:21] [world] The Player <NezukoChan> has executed => /back
[2024-03-24 22:13:39] [world] The Player <GolemDaWanderer> has executed => /home kill
[2024-03-24 22:13:41] [world] The Player <Tester> has executed => /tp GolemDaWanderer
[2024-03-24 22:13:41] [world] The Player <NezukoChan> has executed => /back
[2024-03-24 22:13:51] [world] The Player <Tester> has executed => /tp GolemDaWanderer
[2024-03-24 22:13:59] [world] The Player <NezukoChan> has executed => /back
[2024-03-24 22:15:09] [world] The Player <GolemDaWanderer> has executed => /home spawner
[2024-03-24 22:15:36] [world] The Player <GolemDaWanderer> has executed => /home kill
[2024-03-24 22:15:58] [world] The Player <GolemDaWanderer> has executed => /home kill
[2024-03-24 22:16:31] [world] The Player <NezukoChan> has executed => /home home
[2024-03-24 22:16:33] [world] The Player <NezukoChan> has executed => /home home
[2024-03-24 22:18:26] [world] The Player <Tester> has executed => /sf claim
[2024-03-24 22:18:29] [world] The Player <Tester> has executed => /sf power
[2024-03-24 22:18:35] [world] The Player <NezukoChan> has executed => /tpa Tester
[2024-03-24 22:18:38] [world] The Player <Tester> has executed => /tp NezukoChan Tester
[2024-03-24 22:18:40] [world] The Player <NezukoChan> has executed => /sf autoclaim
[2024-03-24 22:18:58] [world] The Player <NezukoChan> has executed => /sf autoclaim
[2024-03-24 22:19:09] [world] The Player <NezukoChan> has executed => /sf list
[2024-03-24 22:19:18] [world] The Player <NezukoChan> has executed => /sf list 2
[2024-03-24 22:19:23] [world] The Player <NezukoChan> has executed => /sf list 3
[2024-03-24 22:19:44] [world] The Player <NezukoChan> has executed => /chest
[2024-03-24 22:19:47] [world] The Player <NezukoChan> has executed => /chest
[2024-03-24 22:20:02] [world] The Player <NezukoChan> has executed => /chest
[2024-03-24 22:20:58] [world] The Player <GolemDaWanderer> has executed => /home spawner
[2024-03-24 22:27:39] [world] The Player <GolemDaWanderer> has executed => /home kill
[2024-03-24 22:50:27] [world] The Player <GolemDaWanderer> has executed => /home 2
[2024-03-24 23:00:27] [world] The Player <GolemDaWanderer> has executed => /home 2
[2024-03-24 23:01:44] [world] The Player <Tester> has executed => /chest
[2024-03-24 23:03:39] [world] The Player <Tester> has executed => /chest
[2024-03-24 23:04:21] [world] The Player <Tester> has executed => /warp shop
[2024-03-24 23:18:51] [world] The Player <NezukoChan> has executed => /home home
[2024-03-24 23:22:38] [world] The Player <GolemDaWanderer> has executed => /home kill
[2024-03-24 23:22:57] [world] The Player <GolemDaWanderer> has executed => /home 2
[2024-03-24 23:34:28] [world] The Player <GolemDaWanderer> has executed => /home 2
[2024-03-24 23:34:31] [world] The Player <GolemDaWanderer> has executed => /home 1
[2024-03-24 23:34:33] [world] The Player <GolemDaWanderer> has executed => /home 1
[2024-03-24 23:35:22] [world] The Player <GolemDaWanderer> has executed => /home 2
[2024-03-24 23:38:57] [world] The Player <Heinrich_Himmler> has executed => /tp Milk_Frog
[2024-03-24 23:39:04] [world] The Player <Heinrich_Himmler> has executed => /tpa Milk_Frog
[2024-03-24 23:39:26] [world] The Player <Heinrich_Himmler> has executed => /tpa Milk_Frog
[2024-03-24 23:41:42] [world] The Player <Heinrich_Himmler> has executed => /home pillar
[2024-03-24 23:42:57] [world] The Player <Heinrich_Himmler> has executed => /home pillar
[2024-03-24 23:49:14] [world] The Player <Heinrich_Himmler> has executed => /home pillar
[2024-03-24 23:52:42] [world] The Player <Heinrich_Himmler> has executed => /home pillar
[2024-03-25 00:11:36] [world] The Player <Brycethelegend> has executed => /back
[2024-03-25 00:13:18] [world] The Player <Brycethelegend> has executed => /back
[2024-03-25 00:13:29] [world] The Player <Brycethelegend> has executed => /back
[2024-03-25 00:14:19] [world] The Player <Brycethelegend> has executed => /back
[2024-03-25 00:17:24] [world_nether] The Player <Brycethelegend> has executed => /sethome 2
[2024-03-25 00:18:48] [world] The Player <Brycethelegend> has executed => /home 2
[2024-03-25 00:19:17] [world] The Player <NezukoChan> has executed => /chest
[2024-03-25 00:21:08] [world] The Player <Brycethelegend> has executed => /back
[2024-03-25 00:24:47] [world] The Player <Brycethelegend> has executed => /home 2
[2024-03-25 00:25:33] [world] The Player <NezukoChan> has executed => /chest
[2024-03-25 00:26:26] [world] The Player <Brycethelegend> has executed => /home
[2024-03-25 00:26:27] [world] The Player <NezukoChan> has executed => /help
[2024-03-25 00:26:32] [world] The Player <Brycethelegend> has executed => /home Brycethelegend
[2024-03-25 00:26:36] [world] The Player <NezukoChan> has executed => /help chest
[2024-03-25 00:26:45] [world] The Player <NezukoChan> has executed => /chest
[2024-03-25 00:26:52] [world] The Player <NezukoChan> has executed => /help VirtualChestPlus
[2024-03-25 00:26:56] [world] The Player <NezukoChan> has executed => /vcp
[2024-03-25 00:27:19] [world] The Player <NezukoChan> has executed => /vcp setLore
[2024-03-25 00:27:25] [world] The Player <NezukoChan> has executed => /vcp setLore end
[2024-03-25 00:27:29] [world] The Player <NezukoChan> has executed => /vcp setLore ender ender
[2024-03-25 00:27:36] [world] The Player <NezukoChan> has executed => /chest
[2024-03-25 00:27:56] [world] The Player <NezukoChan> has executed => /vcp setLore ender Unlimited Storage
[2024-03-25 00:28:06] [world] The Player <NezukoChan> has executed => /chest
[2024-03-25 00:28:12] [world] The Player <NezukoChan> has executed => /chest
[2024-03-25 00:28:33] [world] The Player <NezukoChan> has executed => /chest
[2024-03-25 00:31:31] [world] The Player <NezukoChan> has executed => /home
[2024-03-25 00:31:33] [world] The Player <NezukoChan> has executed => /home home
[2024-03-25 00:31:55] [world] The Player <NezukoChan> has executed => /vcp setMenuItem dragon_egg
[2024-03-25 00:32:01] [world] The Player <NezukoChan> has executed => /chest
[2024-03-25 00:32:13] [world] The Player <NezukoChan> has executed => /vcp setMenuItem diamond_block
[2024-03-25 00:32:16] [world] The Player <NezukoChan> has executed => /vcp setMenuItem diamond
[2024-03-25 00:32:19] [world] The Player <NezukoChan> has executed => /chest
[2024-03-25 00:32:33] [world] The Player <NezukoChan> has executed => /vcp setMenuItem ender dragon_egg
[2024-03-25 00:32:35] [world] The Player <NezukoChan> has executed => /chest
[2024-03-25 00:32:58] [world] The Player <NezukoChan> has executed => /vcp setItem ender dragon_egg
[2024-03-25 00:33:01] [world] The Player <NezukoChan> has executed => /chest
[2024-03-25 00:33:05] [world] The Player <NezukoChan> has executed => /chest
[2024-03-25 00:33:07] [world] The Player <NezukoChan> has executed => /chest
[2024-03-25 00:33:14] [world] The Player <NezukoChan> has executed => /vcp setItem ender stone
[2024-03-25 00:33:17] [world] The Player <NezukoChan> has executed => /chest
[2024-03-25 00:33:24] [world] The Player <NezukoChan> has executed => /cehst
[2024-03-25 00:33:37] [world] The Player <Brycethelegend> has executed => /home 2
[2024-03-25 00:33:40] [world] The Player <NezukoChan> has executed => /vcp setItem stone
[2024-03-25 00:33:43] [world] The Player <NezukoChan> has executed => /chest
[2024-03-25 00:33:56] [world] The Player <NezukoChan> has executed => /chest
[2024-03-25 00:34:01] [world] The Player <NezukoChan> has executed => /vcp help
[2024-03-25 00:34:31] [world] The Player <NezukoChan> has executed => /vcp setItem ender stone stone
[2024-03-25 00:34:34] [world] The Player <NezukoChan> has executed => /chest
[2024-03-25 00:35:27] [world] The Player <NezukoChan> has executed => /chest
[2024-03-25 00:35:31] [world] The Player <NezukoChan> has executed => /vcp
[2024-03-25 00:35:37] [world] The Player <NezukoChan> has executed => /chest
[2024-03-25 00:35:44] [world] The Player <NezukoChan> has executed => /chest
[2024-03-25 00:35:54] [world] The Player <NezukoChan> has executed => /vcp setItem ender stone stone
[2024-03-25 00:35:57] [world] The Player <NezukoChan> has executed => /chest
[2024-03-25 00:36:55] [world_the_end] The Player <NezukoChan> has executed => /home
[2024-03-25 00:36:58] [world_the_end] The Player <NezukoChan> has executed => /home home
[2024-03-25 00:36:59] [world_the_end] The Player <NezukoChan> has executed => /chest
[2024-03-25 00:37:34] [world] The Player <NezukoChan> has executed => /chest
[2024-03-25 00:37:45] [world] The Player <NezukoChan> has executed => /chest
[2024-03-25 00:37:49] [world] The Player <NezukoChan> has executed => /vcp help
[2024-03-25 00:38:00] [world] The Player <NezukoChan> has executed => /vcp create end
[2024-03-25 00:38:02] [world] The Player <NezukoChan> has executed => /chest
[2024-03-25 00:38:29] [world] The Player <NezukoChan> has executed => /vcp setItem ender stone
[2024-03-25 00:38:35] [world] The Player <NezukoChan> has executed => /chest
[2024-03-25 00:39:01] [world] The Player <Brycethelegend> has executed => /back
[2024-03-25 00:46:37] [world] The Player <NezukoChan> has executed => /chest
[2024-03-25 00:49:24] [world] The Player <Brycethelegend> has executed => /home
[2024-03-25 00:49:29] [world] The Player <Brycethelegend> has executed => /home Brycethelegend
[2024-03-25 00:53:34] [world] The Player <Brycethelegend> has executed => /warp spawn
[2024-03-25 00:54:09] [world_the_end] The Player <NezukoChan> has executed => /home home
[2024-03-25 00:56:08] [world_the_end] The Player <NezukoChan> has executed => /sf enemy EnderVoid
[2024-03-25 01:02:12] [world_the_end] The Player <NezukoChan> has executed => /homes
[2024-03-25 01:03:06] [world] The Player <Brycethelegend> has executed => /tpa NezukoChan
[2024-03-25 01:03:09] [world_the_end] The Player <NezukoChan> has executed => /tpaccept
[2024-03-25 01:04:02] [world] The Player <NezukoChan> has executed => /home end
[2024-03-25 01:05:47] [world_the_end] The Player <Brycethelegend> has executed => /sethome 3
[2024-03-25 01:35:51] [world_nether] The Player <Heinrich_Himmler> has executed => /home pillar
[2024-03-25 01:37:55] [world] The Player <Heinrich_Himmler> has executed => /home pillar
[2024-03-25 01:48:55] [world] The Player <Heinrich_Himmler> has executed => /home pillar
[2024-03-25 01:51:45] [world_nether] The Player <Heinrich_Himmler> has executed => /warp spawn
[2024-03-25 01:53:37] [world] The Player <Heinrich_Himmler> has executed => /home pillar
[2024-03-25 01:53:59] [world_the_end] The Player <Heinrich_Himmler> has executed => /warp spawn
[2024-03-25 01:55:04] [world] The Player <NezukoChan> has executed => /tpa Heinrich_Himmler
[2024-03-25 01:55:10] [world] The Player <Heinrich_Himmler> has executed => /home pillar
[2024-03-25 01:55:18] [world_the_end] The Player <Heinrich_Himmler> has executed => /
[2024-03-25 01:55:24] [world_the_end] The Player <Heinrich_Himmler> has executed => /tpaccept
[2024-03-25 01:56:08] [world_the_end] The Player <Heinrich_Himmler> has executed => /home pillar
[2024-03-25 01:57:43] [world_the_end] The Player <Heinrich_Himmler> has executed => /warp spawn
[2024-03-25 01:57:58] [world_the_end] The Player <NezukoChan> has executed => /home home
[2024-03-25 01:59:05] [world] The Player <Heinrich_Himmler> has executed => /home end
[2024-03-25 01:59:22] [world] The Player <Heinrich_Himmler> has executed => /home pillar
[2024-03-25 01:59:59] [world_the_end] The Player <Heinrich_Himmler> has executed => /warp spawn
[2024-03-25 02:02:41] [world] The Player <NezukoChan> has executed => /tell NezukoChan bro
[2024-03-25 02:02:47] [world] The Player <NezukoChan> has executed => /tell NezukoChan hi
[2024-03-25 02:05:08] [world] The Player <NezukoChan> has executed => /home home
[2024-03-25 02:05:15] [world] The Player <Heinrich_Himmler> has executed => /warp spawn
[2024-03-25 03:13:21] [world] The Player <GolemDaWanderer> has executed => /home 2
[2024-03-25 03:19:54] [world] The Player <GolemDaWanderer> has executed => /home 2
[2024-03-25 13:10:19] [world_the_end] The Player <NezukoChan> has executed => /truce NSDAP
[2024-03-25 13:10:32] [world_the_end] The Player <NezukoChan> has executed => /sf truce NSDAP
[2024-03-25 13:12:44] [world] The Player <NezukoChan> has executed => /back
[2024-03-25 13:22:37] [world] The Player <NezukoChan> has executed => /back
[2024-03-25 13:23:47] [world] The Player <NezukoChan> has executed => /chest
[2024-03-25 13:43:30] [world_the_end] The Player <NezukoChan> has executed => /home home
[2024-03-25 16:47:21] [world] The Player <xcpc> has executed => /spawn
[2024-03-25 16:47:26] [world] The Player <xcpc> has executed => /world
[2024-03-25 16:47:37] [world] The Player <xcpc> has executed => /shop
[2024-03-25 16:47:50] [world] The Player <xcpc> has executed => /ah
[2024-03-25 19:18:20] [world] The Player <GolemDaWanderer> has executed => /home 2
[2024-03-25 19:31:46] [world] The Player <GolemDaWanderer> has executed => /home 2
