[2024-03-25 20:25:45] [world] The Player <GolemDaWanderer> has executed => /home kill
[2024-03-25 20:40:58] [world] The Player <GolemDaWanderer> has executed => /home 2
[2024-03-25 20:48:44] [world] The Player <GolemDaWanderer> has executed => /back
[2024-03-25 20:49:49] [world] The Player <GolemDaWanderer> has executed => /back
[2024-03-25 20:50:18] [world] The Player <GolemDaWanderer> has executed => /back
[2024-03-25 20:51:07] [world] The Player <GolemDaWanderer> has executed => /home 2
[2024-03-25 22:26:37] [world] The Player <NezukoChan> has executed => /chest
[2024-03-25 22:33:31] [world] The Player <Marshtomp17> has executed => /back
[2024-03-25 22:41:39] [world] The Player <Tester> has executed => /
[2024-03-25 22:41:43] [world] The Player <Tester> has executed => /tp Char
[2024-03-25 22:42:25] [world] The Player <GolemDaWanderer> has executed => /tell Char I KEPT IT QUIET! NOW HE KNOWS!
[2024-03-25 22:42:48] [world] The Player <GolemDaWanderer> has executed => /tell Char oh.
[2024-03-25 22:42:57] [world] The Player <GolemDaWanderer> has executed => /tell Char YUMMY
[2024-03-25 22:43:10] [world] The Player <Tester> has executed => /tp char
[2024-03-25 22:43:24] [world] The Player <GolemDaWanderer> has executed => /home 2
[2024-03-25 22:43:46] [world] The Player <GolemDaWanderer> has executed => /home 2
[2024-03-25 22:44:15] [world] The Player <Tester> has executed => /tp Mu
[2024-03-25 22:45:01] [world] The Player <Tester> has executed => /AHHH
[2024-03-25 22:45:11] [world] The Player <GolemDaWanderer> has executed => /tpa Marshtomp17
[2024-03-25 23:09:25] [world_the_end] The Player <TurtleDuck> has executed => /tp MilkFrog
[2024-03-25 23:14:23] [world] The Player <GolemDaWanderer> has executed => /tpa Char
[2024-03-25 23:15:56] [world] The Player <GolemDaWanderer> has executed => /back
[2024-03-25 23:16:33] [world] The Player <GolemDaWanderer> has executed => /back
[2024-03-25 23:17:23] [world_the_end] The Player <GolemDaWanderer> has executed => /home 2
[2024-03-25 23:18:06] [world] The Player <GolemDaWanderer> has executed => /home 2
[2024-03-25 23:22:32] [world] The Player <NezukoChan> has executed => /home home
[2024-03-25 23:52:50] [world] The Player <GolemDaWanderer> has executed => /home 2
[2024-03-25 23:56:15] [world] The Player <GolemDaWanderer> has executed => /home 1
[2024-03-25 23:58:51] [world] The Player <NezukoChan> has executed => /tpa GolemDaWanderer
[2024-03-25 23:58:54] [world] The Player <GolemDaWanderer> has executed => /tpacept
[2024-03-25 23:58:58] [world] The Player <GolemDaWanderer> has executed => /tpaccept
[2024-03-25 23:59:24] [world] The Player <NezukoChan> has executed => /home home
[2024-03-25 23:59:40] [world] The Player <NezukoChan> has executed => /chest
[2024-03-26 00:00:08] [world] The Player <NezukoChan> has executed => /tpa GolemDaWanderer
[2024-03-26 00:00:11] [world] The Player <GolemDaWanderer> has executed => /tpaccept
[2024-03-26 00:37:05] [world] The Player <hexa> has executed => /homes
[2024-03-26 00:37:13] [world] The Player <hexa> has executed => /home xp2
[2024-03-26 00:39:59] [world] The Player <Marshtomp17> has executed => /store
[2024-03-26 00:41:13] [world] The Player <Marshtomp17> has executed => /balance
[2024-03-26 00:42:47] [world] The Player <hexa> has executed => /home 1
[2024-03-26 00:43:21] [world] The Player <hexa> has executed => /e
[2024-03-26 00:43:28] [world] The Player <GolemDaWanderer> has executed => /home 2
[2024-03-26 00:44:05] [world] The Player <hexa> has executed => /home xp2
[2024-03-26 00:44:15] [world] The Player <GolemDaWanderer> has executed => /home 1
[2024-03-26 00:45:13] [world] The Player <GolemDaWanderer> has executed => /home 1
[2024-03-26 00:45:54] [world] The Player <hexa> has executed => /homeee 1
[2024-03-26 00:46:00] [world] The Player <hexa> has executed => /home 1
[2024-03-26 00:47:23] [world] The Player <Mudkips_Rule> has executed => /tpa GolemDaWanderer
[2024-03-26 00:47:27] [world] The Player <GolemDaWanderer> has executed => /tpaccept
[2024-03-26 00:49:05] [world] The Player <GolemDaWanderer> has executed => /baltop
[2024-03-26 00:49:14] [world] The Player <GolemDaWanderer> has executed => /baltop Mudkips_Rule
[2024-03-26 00:58:01] [world] The Player <GolemDaWanderer> has executed => /pay Marshtomp17 100
[2024-03-26 00:58:27] [world] The Player <GolemDaWanderer> has executed => /balance
[2024-03-26 00:59:08] [world] The Player <GolemDaWanderer> has executed => /home 1
[2024-03-26 01:00:23] [world] The Player <GolemDaWanderer> has executed => /tpa Marshtomp17
[2024-03-26 01:00:28] [world] The Player <Mudkips_Rule> has executed => /home 1
[2024-03-26 01:00:31] [world] The Player <Mudkips_Rule> has executed => /tp to me
[2024-03-26 01:01:00] [world] The Player <GolemDaWanderer> has executed => /tpa Mudkips_Rule
[2024-03-26 01:01:05] [world] The Player <Mudkips_Rule> has executed => /tpaccept
[2024-03-26 01:05:10] [world] The Player <GolemDaWanderer> has executed => /warp spawn
[2024-03-26 01:05:16] [world] The Player <GolemDaWanderer> has executed => /warp shop
[2024-03-26 01:06:06] [world] The Player <Marshtomp17> has executed => /tpa Mudkips_Rule
[2024-03-26 01:06:11] [world] The Player <Mudkips_Rule> has executed => /tpaccept
[2024-03-26 01:11:26] [world] The Player <GolemDaWanderer> has executed => /home 1
[2024-03-26 01:29:56] [world] The Player <Mudkips_Rule> has executed => /home 1
[2024-03-26 01:32:47] [world] The Player <NezukoChan> has executed => /warp spawn
[2024-03-26 01:32:50] [world] The Player <NezukoChan> has executed => /warp spawn
[2024-03-26 01:32:56] [world] The Player <Marshtomp17> has executed => /warp spawn
[2024-03-26 01:33:00] [world] The Player <NezukoChan> has executed => /home trap
[2024-03-26 01:33:11] [world] The Player <NezukoChan> has executed => /warp spawn
[2024-03-26 01:34:09] [world] The Player <Marshtomp17> has executed => /tpa NezukoChan
[2024-03-26 01:34:11] [world] The Player <NezukoChan> has executed => /tpaccept
[2024-03-26 01:34:45] [world] The Player <Marshtomp17> has executed => /sethome Shop
[2024-03-26 01:35:51] [world] The Player <Mudkips_Rule> has executed => /tpa Marshtomp17
[2024-03-26 01:36:18] [world] The Player <Marshtomp17> has executed => /tpaccept
[2024-03-26 11:22:36] [world] The Player <GolemDaWanderer> has executed => /back
[2024-03-26 11:22:54] [world] The Player <GolemDaWanderer> has executed => /back
[2024-03-26 12:02:41] [world] The Player <Tester> has executed => /warp shop
[2024-03-26 12:02:51] [world] The Player <Tester> has executed => /rp shop
[2024-03-26 12:02:57] [world] The Player <Tester> has executed => /warp shop
[2024-03-26 12:03:11] [world] The Player <Tester> has executed => /warp shop
[2024-03-26 12:04:23] [world] The Player <Tester> has executed => /iteminfo
[2024-03-26 12:05:43] [world] The Player <Tester> has executed => /home base
[2024-03-26 12:05:46] [world] The Player <Tester> has executed => /homes
[2024-03-26 12:51:44] [world] The Player <Tester> has executed => /sf info
[2024-03-26 12:52:08] [world] The Player <Tester> has executed => /sf kick Clownpierce
[2024-03-26 12:52:25] [world] The Player <Tester> has executed => /
[2024-03-26 12:52:44] [world] The Player <Tester> has executed => /chest
[2024-03-26 12:53:15] [world] The Player <Tester> has executed => /sf kick
[2024-03-26 12:53:25] [world] The Player <Tester> has executed => /sf kick Clownpierce
[2024-03-26 12:54:21] [world] The Player <Tester> has executed => /warp shop
[2024-03-26 12:54:52] [world] The Player <Tester> has executed => /warp bone
[2024-03-26 12:54:55] [world] The Player <Tester> has executed => /home bone
[2024-03-26 12:55:11] [world] The Player <Tester> has executed => /sf kick Clownpierce
[2024-03-26 12:55:17] [world] The Player <Tester> has executed => /sf info
[2024-03-26 12:55:49] [world] The Player <Tester> has executed => /sf kick Clownpierce
[2024-03-26 13:03:08] [world] The Player <NezukoChan> has executed => /back
[2024-03-26 13:26:50] [world] The Player <NezukoChan> has executed => /warp spawn
[2024-03-26 13:26:57] [world] The Player <hexa> has executed => /tpa Nezukocha
[2024-03-26 13:27:01] [world] The Player <NezukoChan> has executed => /lemem get my rod
[2024-03-26 13:27:03] [world] The Player <NezukoChan> has executed => /tpaccept
[2024-03-26 13:27:07] [world] The Player <hexa> has executed => /tpa Nezukocha
[2024-03-26 13:27:09] [world] The Player <NezukoChan> has executed => /home
[2024-03-26 13:27:11] [world] The Player <NezukoChan> has executed => /home home
[2024-03-26 13:27:13] [world] The Player <hexa> has executed => /tpa Nezukochan
[2024-03-26 13:27:39] [world] The Player <NezukoChan> has executed => /warp spawn
[2024-03-26 13:27:42] [world] The Player <NezukoChan> has executed => /tpaccept
[2024-03-26 13:27:55] [world] The Player <NezukoChan> has executed => /back
[2024-03-26 13:34:44] [world] The Player <NezukoChan> has executed => /chest
[2024-03-26 20:59:58] [world] The Player <GolemDaWanderer> has executed => /warp shop
[2024-03-26 21:02:10] [world] The Player <Tester> has executed => /tp -581 88 242
[2024-03-26 21:02:20] [world] The Player <Tester> has executed => /help
[2024-03-26 21:02:22] [world] The Player <Tester> has executed => /help 15
[2024-03-26 21:02:25] [world] The Player <Tester> has executed => /help 13
[2024-03-26 21:02:29] [world] The Player <Tester> has executed => /to
[2024-03-26 21:02:57] [world] The Player <Tester> has executed => /tp
[2024-03-26 21:02:59] [world] The Player <Tester> has executed => /tp
[2024-03-26 21:03:06] [world] The Player <Tester> has executed => /why aint thsi workin
[2024-03-26 21:05:51] [world] The Player <Tester> has executed => /tp G
[2024-03-26 21:05:54] [world] The Player <Tester> has executed => /warp shop
[2024-03-26 21:06:00] [world] The Player <GolemDaWanderer> has executed => /shop help
[2024-03-26 21:09:43] [world] The Player <GolemDaWanderer> has executed => /shop help
[2024-03-26 21:10:08] [world] The Player <GolemDaWanderer> has executed => /shop create 1 1000
[2024-03-26 21:10:28] [world] The Player <Tester> has executed => /tp G
[2024-03-26 21:10:31] [world] The Player <Tester> has executed => /back
[2024-03-26 21:10:57] [world] The Player <Tester> has executed => /sf claim
[2024-03-26 21:11:02] [world] The Player <Tester> has executed => /sf kick Clownpierce
[2024-03-26 21:11:43] [world] The Player <Tester> has executed => /balance
[2024-03-26 21:11:49] [world] The Player <Tester> has executed => /balance a_random_person
[2024-03-26 21:33:03] [world_the_end] The Player <Heinrich_Himmler> has executed => /home pillar
[2024-03-26 21:33:11] [world_the_end] The Player <Heinrich_Himmler> has executed => /home pillar
[2024-03-26 21:49:32] [world] The Player <Tester> has executed => /tp M
[2024-03-26 21:50:01] [world] The Player <Tester> has executed => /tp M
[2024-03-26 22:17:35] [world] The Player <GolemDaWanderer> has executed => /home 2
[2024-03-26 22:21:27] [world] The Player <NezukoChan> has executed => /tpa GolemDaWanderer
[2024-03-26 22:22:07] [world] The Player <GolemDaWanderer> has executed => /tpaccept
[2024-03-26 22:22:16] [world] The Player <GolemDaWanderer> has executed => /back
[2024-03-26 22:28:19] [world] The Player <NezukoChan> has executed => /tpa G
[2024-03-26 22:32:39] [world] The Player <GolemDaWanderer> has executed => /back
[2024-03-26 22:32:42] [world] The Player <GolemDaWanderer> has executed => /back
[2024-03-26 22:32:50] [world] The Player <GolemDaWanderer> has executed => /back
[2024-03-26 22:33:01] [world] The Player <GolemDaWanderer> has executed => /back
[2024-03-26 22:35:03] [world] The Player <Tester> has executed => /warp shop
[2024-03-26 22:35:57] [world] The Player <Tester> has executed => /warp shop
[2024-03-26 22:35:58] [world_the_end] The Player <NezukoChan> has executed => /home home
[2024-03-26 22:39:15] [world] The Player <Tester> has executed => /tp C
[2024-03-26 22:39:38] [world] The Player <Tester> has executed => /sf kick Clownpierce
[2024-03-26 22:39:44] [world] The Player <Tester> has executed => /tp C
[2024-03-26 22:39:48] [world] The Player <Tester> has executed => /tp Char
[2024-03-26 22:40:05] [world] The Player <Tester> has executed => /tp Char
[2024-03-26 22:40:09] [world] The Player <Tester> has executed => /tp Char
[2024-03-26 22:40:23] [world] The Player <Tester> has executed => /home base
[2024-03-26 22:40:40] [world] The Player <Tester> has executed => /ay
[2024-03-26 22:46:58] [world] The Player <NezukoChan> has executed => /chest
