[2024-03-26 22:52:58] [world] The Player <Tester> has executed => /tp C
[2024-03-26 22:53:02] [world] The Player <Tester> has executed => /tp C
[2024-03-26 22:53:36] [world] The Player <Tester> has executed => /lag again at base
[2024-03-26 22:53:37] [world] The Player <NezukoChan> has executed => /spawn
[2024-03-26 22:53:39] [world] The Player <NezukoChan> has executed => /spawn
[2024-03-26 22:53:44] [world] The Player <NezukoChan> has executed => /warp spawn
[2024-03-26 22:54:50] [world] The Player <Tester> has executed => /warp shop
[2024-03-26 22:59:18] [world] The Player <Tester> has executed => /
[2024-03-26 22:59:29] [world] The Player <Tester> has executed => /tp C
[2024-03-26 23:16:40] [world] The Player <Tester> has executed => /warp shop
[2024-03-26 23:18:31] [world] The Player <Tester> has executed => /tp N
[2024-03-26 23:18:39] [world] The Player <Tester> has executed => /tpa NezukoChan
[2024-03-26 23:18:41] [world_nether] The Player <NezukoChan> has executed => /tpaccept
[2024-03-26 23:19:52] [world_nether] The Player <Tester> has executed => /sf invite Feathery
[2024-03-26 23:20:30] [world_nether] The Player <Tester> has executed => /tp C
[2024-03-26 23:20:35] [world_nether] The Player <Tester> has executed => /warp shop
[2024-03-26 23:21:26] [world] The Player <Tester> has executed => /tp F
[2024-03-26 23:22:19] [world] The Player <Tester> has executed => /
[2024-03-26 23:22:24] [world] The Player <Tester> has executed => /tp
[2024-03-26 23:23:18] [world] The Player <Tester> has executed => /time set 1300
[2024-03-26 23:24:44] [world] The Player <Tester> has executed => /tp C
[2024-03-26 23:25:26] [world] The Player <Tester> has executed => /sf accept
[2024-03-26 23:25:28] [world] The Player <Tester> has executed => /sf
[2024-03-26 23:25:32] [world] The Player <Tester> has executed => /sf help accept
[2024-03-26 23:25:34] [world] The Player <Tester> has executed => /sf help 2
[2024-03-26 23:25:37] [world] The Player <Tester> has executed => /sf help 3
[2024-03-26 23:25:40] [world] The Player <Tester> has executed => /sf help 4
[2024-03-26 23:25:42] [world] The Player <Tester> has executed => /sf help 5
[2024-03-26 23:25:53] [world] The Player <Tester> has executed => /sf access
[2024-03-26 23:26:02] [world] The Player <Tester> has executed => /sf access r
[2024-03-26 23:26:20] [world] The Player <Tester> has executed => /tp C
[2024-03-26 23:26:36] [world] The Player <Tester> has executed => /warp shop
[2024-03-26 23:27:22] [world] The Player <Tester> has executed => /tp Char
[2024-03-26 23:54:51] [world_nether] The Player <NezukoChan> has executed => /warp spawn
[2024-03-26 23:55:58] [world] The Player <NezukoChan> has executed => /tpaccept
[2024-03-27 00:04:38] [world] The Player <NezukoChan> has executed => /home home
[2024-03-27 00:05:46] [world] The Player <NezukoChan> has executed => /home home
[2024-03-27 01:44:38] [world] The Player <Tester> has executed => /time set 1500
[2024-03-27 02:26:46] [world] The Player <GolemDaWanderer> has executed => /warp spawn
[2024-03-27 02:33:21] [world] The Player <Tester> has executed => /warp shop
[2024-03-27 02:34:27] [world] The Player <Tester> has executed => /sf invite Feathery
[2024-03-27 02:37:33] [world] The Player <Tester> has executed => /tp Feathery
[2024-03-27 02:37:40] [world] The Player <Tester> has executed => /time set 1500
[2024-03-27 02:57:57] [world] The Player <Tester> has executed => /tp Feathery
[2024-03-27 02:59:17] [world] The Player <Tester> has executed => /tp Milk_Frog
[2024-03-27 03:09:00] [world] The Player <Tester> has executed => /chest
[2024-03-27 03:09:07] [world] The Player <Tester> has executed => /chest
[2024-03-27 03:09:46] [world] The Player <Tester> has executed => /chest
[2024-03-27 03:09:56] [world] The Player <Tester> has executed => /chest
[2024-03-27 03:10:09] [world] The Player <Tester> has executed => /chest
[2024-03-27 03:10:16] [world] The Player <Tester> has executed => /chest
[2024-03-27 03:10:29] [world] The Player <Tester> has executed => /homes
[2024-03-27 03:10:33] [world] The Player <Tester> has executed => /home farm
[2024-03-27 03:11:31] [world] The Player <Tester> has executed => /tp Feathery Tester
[2024-03-27 03:12:03] [world] The Player <Tester> has executed => /sf claim
[2024-03-27 03:13:28] [world] The Player <Tester> has executed => /home base
[2024-03-27 03:14:43] [world] The Player <Tester> has executed => /tp Feathery
[2024-03-27 03:16:01] [world] The Player <Tester> has executed => /chest
[2024-03-27 03:16:56] [world] The Player <Tester> has executed => /tp Feathery
[2024-03-27 03:17:38] [world] The Player <Tester> has executed => /chest
[2024-03-27 03:18:06] [world] The Player <Tester> has executed => /giv
[2024-03-27 03:18:59] [world] The Player <Tester> has executed => /tp Feathery Tester
[2024-03-27 03:19:33] [world] The Player <Tester> has executed => /chest
[2024-03-27 03:19:39] [world] The Player <Tester> has executed => /chest
[2024-03-27 03:20:04] [world] The Player <Tester> has executed => /chest
[2024-03-27 03:20:47] [world] The Player <Tester> has executed => /chest
[2024-03-27 12:13:29] [world] The Player <Tester> has executed => /time set 1500
[2024-03-27 12:14:01] [world] The Player <Tester> has executed => /time set 1500
[2024-03-27 12:14:05] [world] The Player <Tester> has executed => /time set 15000
[2024-03-27 12:15:09] [world] The Player <Tester> has executed => /chest
[2024-03-27 12:15:19] [world] The Player <Tester> has executed => /chest
[2024-03-27 12:15:43] [world] The Player <Tester> has executed => /chest
[2024-03-27 12:19:52] [world] The Player <Tester> has executed => /time set 1500
[2024-03-27 12:19:56] [world] The Player <Tester> has executed => /time set 14000
[2024-03-27 12:21:55] [world] The Player <Tester> has executed => /sf claim
[2024-03-27 12:22:03] [world] The Player <Tester> has executed => /sf claim
[2024-03-27 12:22:08] [world] The Player <Tester> has executed => /sf claim
[2024-03-27 12:22:36] [world] The Player <Tester> has executed => /sf claim
[2024-03-27 12:26:11] [world] The Player <Tester> has executed => /time set 1500
