[2024-03-27 13:35:52] [world] The Player <Char> has executed => /warp spawn
[2024-03-27 13:40:06] [world] The Player <Milk_Frog> has executed => /clear
[2024-03-27 13:41:23] [world] The Player <Char> has executed => //wand
[2024-03-27 13:41:33] [world] The Player <Char> has executed => //replace spruce_logs air
[2024-03-27 13:41:43] [world] The Player <Char> has executed => //replace 17 air
[2024-03-27 13:41:46] [world] The Player <Char> has executed => //undo
[2024-03-27 13:44:39] [world] The Player <Char> has executed => /fill lava
[2024-03-27 13:44:44] [world] The Player <Char> has executed => //replace air lava
[2024-03-27 13:45:00] [world] The Player <Char> has executed => /give Char barrier
[2024-03-27 13:46:16] [world] The Player <Char> has executed => /give Char barrier
[2024-03-27 13:48:41] [world] The Player <Char> has executed => //copy
[2024-03-27 13:48:43] [world] The Player <Char> has executed => //past
[2024-03-27 13:48:45] [world] The Player <Char> has executed => //paste
[2024-03-27 13:48:49] [world] The Player <Char> has executed => //paste
[2024-03-27 13:48:51] [world] The Player <Char> has executed => //undo
[2024-03-27 13:48:54] [world] The Player <Char> has executed => //paste
[2024-03-27 13:48:57] [world] The Player <Char> has executed => //und
[2024-03-27 13:48:59] [world] The Player <Char> has executed => //undo
[2024-03-27 13:49:02] [world] The Player <Char> has executed => //paste
[2024-03-27 13:49:04] [world] The Player <Char> has executed => //undo
[2024-03-27 13:49:08] [world] The Player <Char> has executed => //paste
[2024-03-27 13:49:09] [world] The Player <Char> has executed => //undo
[2024-03-27 13:49:12] [world] The Player <Char> has executed => //paste
[2024-03-27 13:49:14] [world] The Player <Char> has executed => //undo
[2024-03-27 13:49:16] [world] The Player <Char> has executed => //paste
[2024-03-27 13:49:19] [world] The Player <Char> has executed => //paste
[2024-03-27 13:49:21] [world] The Player <Char> has executed => //paste
[2024-03-27 13:49:23] [world] The Player <Char> has executed => //paste
[2024-03-27 13:49:25] [world] The Player <Char> has executed => //paste
[2024-03-27 13:49:26] [world] The Player <Char> has executed => //paste
[2024-03-27 13:49:27] [world] The Player <Char> has executed => //paste
[2024-03-27 13:49:29] [world] The Player <Char> has executed => //paste
[2024-03-27 13:49:32] [world] The Player <Char> has executed => //paste
[2024-03-27 13:49:33] [world] The Player <Char> has executed => //paste
[2024-03-27 13:49:34] [world] The Player <Char> has executed => //paste
[2024-03-27 13:49:36] [world] The Player <Char> has executed => //paste
[2024-03-27 13:49:37] [world] The Player <Char> has executed => //paste
[2024-03-27 13:49:38] [world] The Player <Char> has executed => //paste
[2024-03-27 13:49:40] [world] The Player <Char> has executed => //paste
[2024-03-27 13:49:42] [world] The Player <Char> has executed => //paste
[2024-03-27 13:52:49] [world] The Player <Char> has executed => //paste
[2024-03-27 13:52:53] [world] The Player <Char> has executed => //paste
[2024-03-27 13:52:55] [world] The Player <Char> has executed => //paste
[2024-03-27 13:55:06] [world] The Player <Char> has executed => //replace cobblestone air
[2024-03-27 14:06:21] [world] The Player <Milk_Frog> has executed => /save
[2024-03-27 14:34:12] [world] The Player <Tester> has executed => /tp M
[2024-03-27 14:34:40] [world] The Player <Tester> has executed => /tp M
[2024-03-27 14:34:43] [world] The Player <Tester> has executed => /tpa Milk_Frog
[2024-03-27 14:34:48] [world] The Player <Milk_Frog> has executed => /tpaccept
[2024-03-27 14:36:15] [world] The Player <Milk_Frog> has executed => /dont vandalize
[2024-03-27 14:36:56] [world] The Player <Milk_Frog> has executed => /sf clear
[2024-03-27 14:37:04] [world] The Player <Milk_Frog> has executed => /sfx leave
[2024-03-27 14:37:09] [world] The Player <Milk_Frog> has executed => /sf help
[2024-03-27 14:37:24] [world] The Player <Milk_Frog> has executed => /sf leave
[2024-03-27 14:37:36] [world] The Player <Tester> has executed => /TIME set 1500
[2024-03-27 14:37:38] [world] The Player <Milk_Frog> has executed => /sf create Frog
[2024-03-27 14:37:57] [world] The Player <Milk_Frog> has executed => /sf claim
[2024-03-27 14:38:31] [world] The Player <Milk_Frog> has executed => /sf claim -608 64 240 ~ ~ ~
[2024-03-27 14:39:09] [world] The Player <Milk_Frog> has executed => /sf claim
[2024-03-27 14:39:19] [world] The Player <Milk_Frog> has executed => /sf claim
[2024-03-27 14:40:57] [world] The Player <Milk_Frog> has executed => /sf claim
[2024-03-27 14:41:59] [world] The Player <Char> has executed => /time set day
[2024-03-27 14:42:01] [world] The Player <Char> has executed => /tp Milk_Frog
[2024-03-27 14:42:15] [world] The Player <Tester> has executed => /tp C
[2024-03-27 14:43:58] [world] The Player <Milk_Frog> has executed => /sf claim
[2024-03-27 14:44:08] [world] The Player <Milk_Frog> has executed => /sf claim
[2024-03-27 14:44:16] [world] The Player <Milk_Frog> has executed => /sf claim
[2024-03-27 14:44:28] [world] The Player <Tester> has executed => /gamemode c
[2024-03-27 14:45:36] [world] The Player <Char> has executed => /lagg clear
[2024-03-27 14:45:55] [world] The Player <Char> has executed => /tp Milk_Frog
[2024-03-27 14:46:10] [world] The Player <Char> has executed => /sf unclaim
[2024-03-27 14:46:22] [world] The Player <Char> has executed => /tp Tester
[2024-03-27 14:47:24] [world] The Player <Char> has executed => /tp Tester
[2024-03-27 14:48:52] [world] The Player <Char> has executed => /tp Tester
[2024-03-27 14:49:56] [world] The Player <Milk_Frog> has executed => /tp Tester
[2024-03-27 14:50:37] [world] The Player <Tester> has executed => /give Tester barrier
[2024-03-27 14:51:01] [world] The Player <Milk_Frog> has executed => /give Tester barrier 1
[2024-03-27 14:52:53] [world] The Player <Tester> has executed => /time set 1500
[2024-03-27 14:58:47] [world] The Player <Milk_Frog> has executed => /sf claim
[2024-03-27 15:01:10] [world] The Player <Tester> has executed => /gamemode s
[2024-03-27 15:01:14] [world] The Player <Tester> has executed => /gamemode c
[2024-03-27 15:01:16] [world] The Player <Tester> has executed => /gamemode sp
[2024-03-27 15:01:19] [world] The Player <Tester> has executed => /gamemode c
[2024-03-27 15:06:08] [world] The Player <Tester> has executed => /worldedit help
[2024-03-27 15:06:18] [world] The Player <Tester> has executed => /brush
[2024-03-27 15:06:23] [world] The Player <Tester> has executed => /ascend
[2024-03-27 15:06:27] [world] The Player <Tester> has executed => /ascend 5
[2024-03-27 15:06:32] [world] The Player <Tester> has executed => /ascent 70
[2024-03-27 15:06:38] [world] The Player <Tester> has executed => /ascend 70
[2024-03-27 15:07:11] [world] The Player <Tester> has executed => /
[2024-03-27 15:07:18] [world] The Player <Tester> has executed => /world
[2024-03-27 15:07:23] [world] The Player <Tester> has executed => /worldedit
[2024-03-27 15:07:28] [world] The Player <Tester> has executed => /worldedit help
[2024-03-27 15:07:32] [world] The Player <Tester> has executed => /brush
[2024-03-27 15:07:49] [world] The Player <Tester> has executed => /brush sphere
[2024-03-27 15:10:36] [world] The Player <Char> has executed => /servers
[2024-03-27 16:14:13] [world] The Player <Milk_Frog> has executed => /clear
[2024-03-27 16:16:58] [world] The Player <Milk_Frog> has executed => /tp Char
[2024-03-27 17:51:39] [world] The Player <Char> has executed => /iteminfo
[2024-03-27 18:57:13] [world] The Player <Tester> has executed => /time set 1500
[2024-03-27 18:57:17] [world] The Player <Tester> has executed => /time set 1500
[2024-03-27 19:02:49] [world] The Player <Tester> has executed => /iteminfo
[2024-03-27 19:54:28] [world] The Player <Tester> has executed => /tp m
[2024-03-27 19:55:34] [world] The Player <Tester> has executed => /chest
[2024-03-27 20:04:05] [world] The Player <Tester> has executed => /tp G
[2024-03-27 20:04:45] [world] The Player <Tester> has executed => /chest
[2024-03-27 20:05:51] [world] The Player <Tester> has executed => /adminfun
[2024-03-27 20:06:48] [world] The Player <Tester> has executed => /tp t
[2024-03-27 20:07:38] [world] The Player <Tester> has executed => /tp g
[2024-03-27 20:09:06] [world_the_end] The Player <Tester> has executed => /gamemode s
[2024-03-27 20:09:09] [world_the_end] The Player <Tester> has executed => /gamemode c
[2024-03-27 20:09:27] [world_the_end] The Player <Tester> has executed => /gamemode s
[2024-03-27 20:09:34] [world_the_end] The Player <Tester> has executed => /tell Feathery do /gamemode s Tester
[2024-03-27 20:09:48] [world_the_end] The Player <Tester> has executed => /tell Feathery my cmds aint workin
[2024-03-27 20:10:02] [world_the_end] The Player <Tester> has executed => /gamemode c
[2024-03-27 20:10:15] [world_the_end] The Player <Tester> has executed => /tpa GolemDaWanderer
[2024-03-27 20:10:25] [world] The Player <GolemDaWanderer> has executed => /tpaccept
[2024-03-27 20:10:40] [world] The Player <Tester> has executed => /help
[2024-03-27 20:10:43] [world] The Player <Tester> has executed => /help 16
[2024-03-27 20:10:46] [world] The Player <Tester> has executed => /world
[2024-03-27 20:10:49] [world] The Player <Tester> has executed => /worldeditt
[2024-03-27 20:10:53] [world] The Player <Tester> has executed => /worldedit
[2024-03-27 20:11:03] [world] The Player <Tester> has executed => /help 15
[2024-03-27 20:11:08] [world] The Player <Tester> has executed => /vcp
[2024-03-27 20:11:11] [world] The Player <Tester> has executed => /help 14
[2024-03-27 20:11:13] [world] The Player <Tester> has executed => /help 1
[2024-03-27 20:11:16] [world] The Player <Tester> has executed => /help 2
[2024-03-27 20:11:20] [world] The Player <Tester> has executed => /help 3
[2024-03-27 20:11:25] [world] The Player <Tester> has executed => /help 4
[2024-03-27 20:11:30] [world] The Player <Tester> has executed => /help 5
[2024-03-27 20:11:36] [world] The Player <Tester> has executed => /help 6
[2024-03-27 20:11:42] [world] The Player <Tester> has executed => /cs
[2024-03-27 20:11:48] [world] The Player <Tester> has executed => /csgive
[2024-03-27 20:12:03] [world] The Player <Tester> has executed => /gamemode c
[2024-03-27 20:12:09] [world] The Player <Tester> has executed => /tell Feathery creativwe
[2024-03-27 20:12:37] [world] The Player <Tester> has executed => /tp G
[2024-03-27 20:13:54] [world] The Player <Tester> has executed => /time
[2024-03-27 20:15:49] [world] The Player <Tester> has executed => /sf claim
[2024-03-27 20:15:52] [world] The Player <Tester> has executed => /sf give
[2024-03-27 20:16:17] [world] The Player <Tester> has executed => /tp
[2024-03-27 20:16:53] [world] The Player <Tester> has executed => /time set 1500
[2024-03-27 20:16:56] [world] The Player <Tester> has executed => /time
[2024-03-27 20:17:13] [world] The Player <Tester> has executed => /time set 1500
[2024-03-27 20:35:50] [world] The Player <NezukoChan> has executed => /chest
[2024-03-27 20:35:59] [world] The Player <NezukoChan> has executed => /chest still not working
[2024-03-27 20:54:26] [world] The Player <Heinrich_Himmler> has executed => /home island
[2024-03-27 21:01:40] [world_the_end] The Player <Heinrich_Himmler> has executed => /home pillar
[2024-03-27 21:09:39] [world] The Player <Tester> has executed => /sf
[2024-03-27 21:09:40] [world] The Player <Tester> has executed => /af
[2024-03-27 21:09:42] [world] The Player <Tester> has executed => /
[2024-03-27 21:11:17] [world_nether] The Player <Heinrich_Himmler> has executed => /home pillar
[2024-03-27 21:11:33] [world_the_end] The Player <Heinrich_Himmler> has executed => /warp spawn
[2024-03-27 21:28:24] [world] The Player <Heinrich_Himmler> has executed => /home pillar
[2024-03-27 21:41:19] [world] The Player <Heinrich_Himmler> has executed => /home pillar
[2024-03-27 21:45:35] [world_the_end] The Player <Heinrich_Himmler> has executed => /warp spawn
[2024-03-27 21:49:03] [world] The Player <Heinrich_Himmler> has executed => /sf claim
[2024-03-27 21:49:16] [world] The Player <Heinrich_Himmler> has executed => /sf claim
[2024-03-27 21:57:40] [world] The Player <Heinrich_Himmler> has executed => /home pillar
[2024-03-27 21:58:00] [world_the_end] The Player <Heinrich_Himmler> has executed => /warp spawn
[2024-03-27 22:06:20] [world] The Player <Heinrich_Himmler> has executed => /sf unclaim
[2024-03-27 22:06:27] [world] The Player <Heinrich_Himmler> has executed => /sf unclaim
[2024-03-27 22:12:51] [world] The Player <Heinrich_Himmler> has executed => /balance
[2024-03-27 22:15:11] [world] The Player <Char> has executed => /pl
[2024-03-27 22:15:15] [world] The Player <Char> has executed => /pl
[2024-03-27 22:15:25] [world] The Player <Tester> has executed => /tp -10100 80 4100
[2024-03-27 22:15:30] [world] The Player <Char> has executed => /user Char
[2024-03-27 22:15:50] [world] The Player <Tester> has executed => /............
[2024-03-27 22:16:10] [world] The Player <Char> has executed => /balance
[2024-03-27 22:16:12] [world] The Player <Tester> has executed => /weather cleara
[2024-03-27 22:16:13] [world] The Player <Char> has executed => /help balance
[2024-03-27 22:16:15] [world] The Player <Char> has executed => /bal
[2024-03-27 22:16:17] [world] The Player <Tester> has executed => /weather clear
[2024-03-27 22:16:21] [world] The Player <Char> has executed => /time day
[2024-03-27 22:16:22] [world] The Player <Tester> has executed => /time set 1500
[2024-03-27 22:16:24] [world] The Player <Char> has executed => /pay Tester 1
[2024-03-27 22:16:26] [world] The Player <Tester> has executed => /tp Char Tester
[2024-03-27 22:16:35] [world] The Player <Char> has executed => /warp spawn
[2024-03-27 22:16:50] [world] The Player <Char> has executed => /pl
[2024-03-27 22:16:53] [world] The Player <Tester> has executed => /balance
[2024-03-27 22:16:58] [world] The Player <Char> has executed => /help Vaul
[2024-03-27 22:17:01] [world] The Player <Char> has executed => /vault-info
[2024-03-27 22:17:02] [world] The Player <Tester> has executed => /balance
[2024-03-27 22:17:04] [world] The Player <Tester> has executed => /chest
[2024-03-27 22:17:08] [world] The Player <Char> has executed => /help AEco
[2024-03-27 22:17:11] [world] The Player <Char> has executed => /sell
[2024-03-27 22:17:13] [world] The Player <Char> has executed => /sell 5
[2024-03-27 22:17:15] [world] The Player <Char> has executed => /pl
[2024-03-27 22:17:16] [world] The Player <Char> has executed => /chest
[2024-03-27 22:17:21] [world] The Player <Char> has executed => /vault-info
[2024-03-27 22:17:26] [world] The Player <Char> has executed => /pay
[2024-03-27 22:17:29] [world] The Player <Char> has executed => /pay Tester 1
[2024-03-27 22:19:52] [world] The Player <Tester_> has executed => /balance
[2024-03-27 22:20:01] [world] The Player <Tester_> has executed => /warp shop
[2024-03-27 22:23:25] [world] The Player <Tester> has executed => /pay Tester_ 5000000
[2024-03-27 22:23:43] [world] The Player <Tester> has executed => /warp shop
[2024-03-27 22:23:45] [world] The Player <Tester> has executed => /help
[2024-03-27 22:23:48] [world] The Player <Tester> has executed => /af
[2024-03-27 22:24:04] [world] The Player <Tester> has executed => /admin show
[2024-03-27 22:24:11] [world] The Player <Tester> has executed => /adminfun show
[2024-03-27 22:24:30] [world] The Player <Tester> has executed => /adminfun help 2
[2024-03-27 22:24:37] [world] The Player <Tester> has executed => /adminfun explode tester
[2024-03-27 22:25:17] [world] The Player <Tester> has executed => /adminfun explode tester
[2024-03-27 22:25:23] [world] The Player <Tester> has executed => /adminfun explode tester
[2024-03-27 22:25:25] [world] The Player <Tester> has executed => /adminfun explode tester
[2024-03-27 22:25:28] [world] The Player <Tester> has executed => /adminfun explode tester
[2024-03-27 22:25:41] [world] The Player <Tester> has executed => /adminfun help 3
[2024-03-27 22:25:48] [world] The Player <Tester> has executed => /adminfun fakequit
[2024-03-27 22:26:00] [world] The Player <Tester> has executed => /adminfun console hi
[2024-03-27 22:26:09] [world] The Player <Tester> has executed => /adminfun help 4
[2024-03-27 22:26:16] [world] The Player <Tester> has executed => /adminfun bgod hello
[2024-03-27 22:26:35] [world] The Player <Tester> has executed => /adminfun fakejoin Milk_Frog
[2024-03-27 22:26:54] [world] The Player <Tester> has executed => /adminfun fakejoin Char
[2024-03-27 22:27:09] [world] The Player <Tester> has executed => /adminfun bgod ?
[2024-03-27 22:27:31] [world] The Player <Tester> has executed => /adminfun bgod get trolled lol lol
[2024-03-27 22:27:45] [world] The Player <Tester> has executed => /adminfun bgod check tab
[2024-03-27 22:27:52] [world] The Player <Feathery> has executed => /0_0
[2024-03-27 22:28:04] [world] The Player <Tester> has executed => /time set 1000
[2024-03-27 22:28:33] [world] The Player <Tester> has executed => /adminfun bgod testing
[2024-03-27 22:29:15] [world] The Player <Tester> has executed => /adminfun help 5
[2024-03-27 22:29:22] [world] The Player <Tester> has executed => /adminfun slap Tester
[2024-03-27 22:29:30] [world] The Player <Tester> has executed => /adminfun slap Feathery
[2024-03-27 22:30:00] [world] The Player <Tester> has executed => /adminfun fakeleave
[2024-03-27 22:30:06] [world] The Player <Tester> has executed => /adminfun fake leave
[2024-03-27 22:30:09] [world] The Player <Tester> has executed => /adminfun help 2
[2024-03-27 22:30:14] [world] The Player <Tester> has executed => /adminfun help 3
[2024-03-27 22:30:21] [world] The Player <Tester> has executed => /adminfun fakequit Tester
[2024-03-27 22:30:41] [world] The Player <Tester> has executed => /adminfun help 4
[2024-03-27 22:30:46] [world] The Player <Tester> has executed => /adminfun fakejoin tester
[2024-03-27 22:30:56] [world] The Player <Tester> has executed => /adminfun fakeop Feathery
[2024-03-27 22:31:05] [world] The Player <Tester> has executed => /adminfun fakeop Tester
[2024-03-27 22:32:16] [world] The Player <Tester> has executed => /sf claim
[2024-03-27 22:32:19] [world] The Player <Tester> has executed => /balance
[2024-03-27 22:32:25] [world] The Player <Tester> has executed => /pay Feathery 5000
[2024-03-27 22:34:07] [world] The Player <Tester> has executed => /adminfun fakejoin Char
[2024-03-27 22:34:59] [world] The Player <Milk_Frog> has executed => /clear
[2024-03-27 22:35:15] [world] The Player <Tester> has executed => /ADMINFUN fakeop Milk_Frog
[2024-03-27 22:35:29] [world] The Player <Tester> has executed => /adminfun bgod lol
[2024-03-27 22:36:24] [world] The Player <Tester> has executed => /gamemode sp
[2024-03-27 22:36:31] [world] The Player <Tester> has executed => /help
[2024-03-27 22:37:08] [world] The Player <Tester> has executed => /help 4
[2024-03-27 22:37:16] [world] The Player <Tester> has executed => /gamemode c
[2024-03-27 22:37:51] [world] The Player <Milk_Frog> has executed => /tp Tester
[2024-03-27 22:38:05] [world] The Player <Feathery> has executed => /clear
[2024-03-27 22:41:22] [world] The Player <Feathery> has executed => /clear
[2024-03-27 22:49:31] [world] The Player <Feathery> has executed => /clear
[2024-03-27 22:49:41] [world] The Player <Feathery> has executed => /NO
[2024-03-27 22:50:55] [world] The Player <Feathery> has executed => /tp Tester
[2024-03-27 22:51:02] [world] The Player <Feathery> has executed => /gamemode s
[2024-03-27 22:51:11] [world] The Player <Tester> has executed => /xp T
[2024-03-27 22:51:12] [world] The Player <Tester> has executed => /xp
[2024-03-27 22:51:19] [world] The Player <Tester> has executed => /xp 5000000000 Tester
[2024-03-27 22:51:23] [world] The Player <Tester> has executed => /gamemode s
[2024-03-27 22:51:25] [world] The Player <Feathery> has executed => /xp 50000
[2024-03-27 22:51:27] [world] The Player <Feathery> has executed => /xp 50000
[2024-03-27 22:51:29] [world] The Player <Feathery> has executed => /xp 500000
[2024-03-27 22:51:36] [world] The Player <Feathery> has executed => /xp 1000000
[2024-03-27 22:51:37] [world] The Player <Tester> has executed => /xp 5000000000000000 Tester
[2024-03-27 22:51:42] [world] The Player <Feathery> has executed => /gamemode c
[2024-03-27 22:51:49] [world] The Player <Tester> has executed => /xp
[2024-03-27 22:51:55] [world] The Player <Tester> has executed => /xp 5000000000 Tester
[2024-03-27 22:52:02] [world] The Player <Tester> has executed => /xp 500000 Tester
[2024-03-27 22:52:10] [world] The Player <Tester> has executed => /xp 999999999 Tester
[2024-03-27 22:52:21] [world] The Player <Tester> has executed => //undo
[2024-03-27 22:52:29] [world] The Player <Tester> has executed => /gamemode c
[2024-03-27 22:52:38] [world] The Player <Tester> has executed => /xp 999999999 tester
[2024-03-27 22:52:41] [world] The Player <Tester> has executed => /gamemode s
[2024-03-27 22:52:49] [world] The Player <Tester> has executed => /xp 99999999999 Tester
[2024-03-27 22:52:57] [world] The Player <Tester> has executed => /xp 999999999 tester
[2024-03-27 22:54:35] [world] The Player <Feathery> has executed => /home Outcast
[2024-03-27 22:56:54] [world] The Player <Tester> has executed => /tp Feathery Tester
[2024-03-27 22:57:14] [world] The Player <Feathery> has executed => /home Outcast
[2024-03-27 22:57:35] [world] The Player <Tester> has executed => /gamemode c
[2024-03-27 22:59:01] [world] The Player <Tester> has executed => /give Tester minecraft:minecart
[2024-03-27 23:12:01] [world] The Player <Char> has executed => /tp Feathery
[2024-03-27 23:12:20] [world] The Player <Tester> has executed => /tp Char Tester
[2024-03-27 23:12:25] [world] The Player <Char> has executed => /tp Feathery
[2024-03-27 23:12:51] [world] The Player <Char> has executed => /tp Tester Char
[2024-03-27 23:13:02] [world] The Player <Feathery> has executed => /gamemode survival
[2024-03-27 23:13:22] [world] The Player <Char> has executed => /gamemode s Tester
[2024-03-27 23:13:38] [world] The Player <Tester> has executed => /tp Feathery
[2024-03-27 23:13:47] [world] The Player <Feathery> has executed => /gamemode spect
[2024-03-27 23:13:50] [world] The Player <Feathery> has executed => /tp char
[2024-03-27 23:13:53] [world] The Player <Feathery> has executed => /tp Char
[2024-03-27 23:13:57] [world] The Player <Tester> has executed => /adminfun bgod I AM THE TRUE GOD
[2024-03-27 23:15:26] [world] The Player <Feathery> has executed => /crashing
[2024-03-27 23:15:47] [world] The Player <Milk_Frog> has executed => /clear
[2024-03-27 23:15:54] [world] The Player <Char> has executed => /tp Milk_Frog Char
[2024-03-27 23:15:59] [world] The Player <Milk_Frog> has executed => /gamemode survival
[2024-03-27 23:16:03] [world] The Player <Char> has executed => /gamemode s
[2024-03-27 23:17:29] [world] The Player <Char> has executed => /effect @a clear
[2024-03-27 23:17:42] [world] The Player <Char> has executed => /effect @a minecraft:nausea 20 2 true
[2024-03-27 23:18:10] [world] The Player <Char> has executed => /effect @a minecraft:blindness 20 2 true
[2024-03-27 23:18:11] [world] The Player <Feathery> has executed => /gamemode c
[2024-03-27 23:18:51] [world] The Player <Char> has executed => /effect @a minecraft:nausea 20 2 true
[2024-03-27 23:19:07] [world] The Player <Char> has executed => /effect @a clear
[2024-03-27 23:19:20] [world] The Player <Char> has executed => /effect @a minecraft:nausea 20 255 true
[2024-03-27 23:19:49] [world] The Player <Feathery> has executed => /tp Milk_Frog
[2024-03-27 23:19:49] [world] The Player <Char> has executed => /tp Fe
[2024-03-27 23:19:52] [world] The Player <Char> has executed => /tp Feathery
[2024-03-27 23:19:55] [world] The Player <Char> has executed => /tp Feathery
[2024-03-27 23:19:56] [world] The Player <Char> has executed => /tp Feathery
[2024-03-27 23:19:58] [world] The Player <Feathery> has executed => /gamemode s
[2024-03-27 23:20:04] [world] The Player <Char> has executed => /effect @a minecraft:jump_boost 255
[2024-03-27 23:20:07] [world] The Player <Char> has executed => /effect @a minecraft:jump_boost 255 20
[2024-03-27 23:20:33] [world] The Player <Char> has executed => /effect @a speed 255 20 true
[2024-03-27 23:20:39] [world] The Player <Feathery> has executed => /give Milk
[2024-03-27 23:20:50] [world] The Player <Char> has executed => /effect @a clear
[2024-03-27 23:21:14] [world] The Player <Char> has executed => /shot give Char riotshield
[2024-03-27 23:21:39] [world] The Player <Feathery> has executed => /home Outcast
[2024-03-27 23:21:41] [world] The Player <Char> has executed => /tp Feathery Char
[2024-03-27 23:22:33] [world] The Player <Feathery> has executed => /LOL
[2024-03-27 23:22:53] [world] The Player <Heinrich_Himmler> has executed => /warp spawn
[2024-03-27 23:23:01] [world] The Player <Feathery> has executed => /home Outcast
[2024-03-27 23:23:22] [world] The Player <Heinrich_Himmler> has executed => /tpa Milk_Frog
[2024-03-27 23:23:26] [world] The Player <Milk_Frog> has executed => /tpaccept
[2024-03-27 23:23:43] [world] The Player <Char> has executed => /back
[2024-03-27 23:23:45] [world] The Player <Char> has executed => /back
[2024-03-27 23:24:01] [world] The Player <Char> has executed => /tp Feathery
[2024-03-27 23:24:15] [world] The Player <Char> has executed => /effect @a minecraft:nausea 30 2 true
[2024-03-27 23:24:55] [world] The Player <Milk_Frog> has executed => /effect Milk_Frog clear
[2024-03-27 23:24:58] [world] The Player <Char> has executed => /effect @a minecraft:nausea 5 1 true
[2024-03-27 23:25:19] [world] The Player <Char> has executed => /effect @a minecraft:nausea 15 2 true
[2024-03-27 23:25:41] [world] The Player <Char> has executed => /tp Heinrich_Himmler
[2024-03-27 23:25:59] [world] The Player <Heinrich_Himmler> has executed => /back
[2024-03-27 23:26:06] [world] The Player <Char> has executed => /GAMEMODE C
[2024-03-27 23:26:22] [world] The Player <Char> has executed => /shot give Heinrich_Himmler mp7
[2024-03-27 23:26:24] [world] The Player <Heinrich_Himmler> has executed => /back
[2024-03-27 23:26:25] [world] The Player <Char> has executed => /gamemode s
[2024-03-27 23:26:29] [world] The Player <Char> has executed => /af invsee Heinrich_Himmler
[2024-03-27 23:26:55] [world] The Player <Char> has executed => /back
[2024-03-27 23:27:11] [world] The Player <Char> has executed => /shot give Char flashbang 64
[2024-03-27 23:27:12] [world] The Player <Milk_Frog> has executed => /gamemode spectator
[2024-03-27 23:27:14] [world] The Player <Heinrich_Himmler> has executed => /back
[2024-03-27 23:27:15] [world] The Player <Char> has executed => /tp Feathery
[2024-03-27 23:27:27] [world] The Player <Char> has executed => /shot give Char c4 64
[2024-03-27 23:27:31] [world] The Player <Milk_Frog> has executed => /gamemode survival
[2024-03-27 23:27:39] [world] The Player <Char> has executed => /back
[2024-03-27 23:27:52] [world] The Player <Char> has executed => /back
[2024-03-27 23:28:24] [world] The Player <Char> has executed => /effect @a minecraft:regeneration 255 255 true
[2024-03-27 23:28:47] [world] The Player <Char> has executed => /effect @a wither 255 255 true
[2024-03-27 23:28:49] [world] The Player <Milk_Frog> has executed => /effect Milk_Frog minecraft:jump_boost 3
[2024-03-27 23:29:10] [world] The Player <Char> has executed => /gamemode spectator
[2024-03-27 23:29:13] [world] The Player <Char> has executed => /effect @a clear
[2024-03-27 23:29:13] [world] The Player <Milk_Frog> has executed => /gamemode creative
[2024-03-27 23:29:17] [world] The Player <Char> has executed => /gamemode c
[2024-03-27 23:29:25] [world] The Player <Char> has executed => /gamemode spectator
[2024-03-27 23:29:27] [world] The Player <Milk_Frog> has executed => /gamemode survival
[2024-03-27 23:29:30] [world] The Player <Char> has executed => /af zap Feathery
[2024-03-27 23:29:34] [world] The Player <Char> has executed => /af zap Feathery
[2024-03-27 23:29:41] [world] The Player <Feathery> has executed => /tp nezukochan Feather
[2024-03-27 23:29:42] [world] The Player <Char> has executed => /gamemode c
[2024-03-27 23:29:46] [world] The Player <Char> has executed => /af zap Ne
[2024-03-27 23:29:51] [world] The Player <Char> has executed => /af zap Feathery
[2024-03-27 23:29:55] [world] The Player <Char> has executed => /af zap Feathery
[2024-03-27 23:29:58] [world] The Player <Char> has executed => /af zap Feathery
[2024-03-27 23:30:08] [world] The Player <Char> has executed => /af explode Feathery 5
[2024-03-27 23:30:11] [world] The Player <Char> has executed => /af explode Feathery
[2024-03-27 23:30:15] [world] The Player <NezukoChan> has executed => /sf ally Cheeseburger
[2024-03-27 23:30:17] [world] The Player <Feathery> has executed => /gamemode c
[2024-03-27 23:30:30] [world] The Player <Char> has executed => /sf ally Tester_Team
[2024-03-27 23:30:34] [world] The Player <Char> has executed => /af explode Feathery
[2024-03-27 23:30:48] [world] The Player <Char> has executed => /af freeze Char
[2024-03-27 23:30:52] [world] The Player <Char> has executed => /af freeze Feathery
[2024-03-27 23:30:58] [world] The Player <Char> has executed => /af invsee Feathery
[2024-03-27 23:31:11] [world] The Player <Char> has executed => /af bgod get over here or die
[2024-03-27 23:31:15] [world] The Player <Char> has executed => /tp NezukoChan Feathery
[2024-03-27 23:31:22] [world] The Player <Char> has executed => /shout e
[2024-03-27 23:31:29] [world] The Player <Char> has executed => /shout /shout do be fire tho
[2024-03-27 23:31:36] [world] The Player <Feathery> has executed => /gamemode s
[2024-03-27 23:31:40] [world] The Player <Char> has executed => /gamemode s
[2024-03-27 23:31:58] [world] The Player <Char> has executed => /lagg clear
[2024-03-27 23:32:11] [world] The Player <Char> has executed => /tp NezukoChan Char
[2024-03-27 23:32:17] [world] The Player <Char> has executed => /tp GolemDaWanderer Char
[2024-03-27 23:32:29] [world] The Player <Char> has executed => /tp GolemDaWanderer Char
[2024-03-27 23:32:38] [world] The Player <Char> has executed => /shot give GolemDaWanderer mp7
[2024-03-27 23:32:44] [world] The Player <Char> has executed => /back
[2024-03-27 23:32:58] [world] The Player <GolemDaWanderer> has executed => /home 2
[2024-03-27 23:33:09] [world] The Player <Char> has executed => /tp NezukoChan Char
[2024-03-27 23:33:25] [world] The Player <Char> has executed => /tp NezukoChan Char
[2024-03-27 23:33:35] [world] The Player <Char> has executed => /tp GolemDaWanderer Char
[2024-03-27 23:34:03] [world] The Player <Char> has executed => /back
[2024-03-27 23:34:06] [world] The Player <Feathery> has executed => /home Outcast
[2024-03-27 23:34:17] [world] The Player <Char> has executed => /tp GolemDaWanderer Char
[2024-03-27 23:34:31] [world] The Player <Char> has executed => /effect @a minecraft:regeneration 999 255 true
[2024-03-27 23:34:40] [world] The Player <Char> has executed => /effect @a minecraft:nausea 20 255 true
[2024-03-27 23:34:42] [world] The Player <Char> has executed => /tp GolemDaWanderer Char
[2024-03-27 23:35:18] [world] The Player <Char> has executed => /kick NezukoChan meanie pants
[2024-03-27 23:35:19] [world] The Player <Char> has executed => /bac
[2024-03-27 23:35:21] [world] The Player <Char> has executed => /back
[2024-03-27 23:35:36] [world] The Player <Char> has executed => /tp @a Char
[2024-03-27 23:35:38] [world] The Player <Char> has executed => /tp @e
[2024-03-27 23:35:41] [world] The Player <Char> has executed => /tp NezukoChan
[2024-03-27 23:35:47] [world] The Player <Char> has executed => /kill @e
[2024-03-27 23:35:52] [world] The Player <Char> has executed => /back
[2024-03-27 23:35:56] [world] The Player <GolemDaWanderer> has executed => /back
[2024-03-27 23:35:59] [world] The Player <Char> has executed => /tp @a Char
[2024-03-27 23:36:17] [world] The Player <Char> has executed => /af invsee GolemDaWanderer
[2024-03-27 23:36:24] [world] The Player <Char> has executed => /back
[2024-03-27 23:36:37] [world] The Player <Feathery> has executed => /
[2024-03-27 23:36:38] [world] The Player <Feathery> has executed => /
[2024-03-27 23:36:38] [world] The Player <Feathery> has executed => /
[2024-03-27 23:36:39] [world] The Player <Feathery> has executed => /
[2024-03-27 23:36:48] [world] The Player <xcpc> has executed => /back
[2024-03-27 23:36:54] [world] The Player <Char> has executed => /tp xcpc
[2024-03-27 23:37:00] [world] The Player <Char> has executed => /tp NezukoChan
[2024-03-27 23:37:32] [world] The Player <Char> has executed => /tp Ne
[2024-03-27 23:37:37] [world] The Player <Char> has executed => /tp NezukoChan
[2024-03-27 23:37:47] [world] The Player <Char> has executed => /tp Tester
[2024-03-27 23:37:55] [world] The Player <Char> has executed => /tp Feathery
[2024-03-27 23:38:02] [world] The Player <Feathery> has executed => /clear
[2024-03-27 23:38:05] [world] The Player <Tester> has executed => /tp NezukoChan
[2024-03-27 23:38:07] [world] The Player <Feathery> has executed => /gamemode c
[2024-03-27 23:38:10] [world] The Player <Char> has executed => /af invsee @a
[2024-03-27 23:38:14] [world] The Player <Char> has executed => /tp @e Char
[2024-03-27 23:38:20] [world] The Player <Feathery> has executed => /warp spawn
[2024-03-27 23:38:22] [world] The Player <Char> has executed => /warp spawn
[2024-03-27 23:38:35] [world] The Player <Tester> has executed => /weather clear
[2024-03-27 23:38:43] [world] The Player <Tester> has executed => /adminfun
[2024-03-27 23:38:47] [world] The Player <Tester> has executed => /adminfun help
[2024-03-27 23:38:52] [world] The Player <Tester> has executed => /adminfun help 3
[2024-03-27 23:38:59] [world] The Player <NezukoChan> has executed => /tell GolemDaWanderer ill give u my gun ;)
[2024-03-27 23:39:02] [world] The Player <Tester> has executed => /adminfun fakequit Tester
[2024-03-27 23:39:06] [world] The Player <NezukoChan> has executed => /tpa GolemDaWanderer
[2024-03-27 23:39:07] [world] The Player <Tester> has executed => /adminfun fakeop NezukoChan
[2024-03-27 23:39:10] [world_the_end] The Player <xcpc> has executed => /spawn
[2024-03-27 23:39:12] [world_the_end] The Player <GolemDaWanderer> has executed => /tell NezukoChan b.e.t
[2024-03-27 23:39:13] [world] The Player <NezukoChan> has executed => /gamemode c
[2024-03-27 23:39:14] [world_the_end] The Player <GolemDaWanderer> has executed => /warp shop
[2024-03-27 23:39:21] [world] The Player <GolemDaWanderer> has executed => /tpaccept
[2024-03-27 23:39:24] [world] The Player <NezukoChan> has executed => /tell GolemDaWanderer :skull:
[2024-03-27 23:39:29] [world] The Player <Tester> has executed => /adminfun bgod lol
[2024-03-27 23:39:37] [world] The Player <Tester> has executed => /adminfun 4
[2024-03-27 23:39:40] [world] The Player <GolemDaWanderer> has executed => /tpaccept
[2024-03-27 23:39:40] [world] The Player <NezukoChan> has executed => /tpa Feathery
[2024-03-27 23:39:41] [world] The Player <Tester> has executed => /adminfun help 4
[2024-03-27 23:39:43] [world_the_end] The Player <Feathery> has executed => /tp MezukoChan Feather
[2024-03-27 23:39:56] [world_the_end] The Player <Feathery> has executed => /tpaccept
[2024-03-27 23:39:57] [world] The Player <Tester> has executed => /adminfun fakejoin Vector
[2024-03-27 23:40:49] [world] The Player <Tester> has executed => /adminfun fakejoin Vector
[2024-03-27 23:41:05] [world] The Player <Tester> has executed => /adminfun fakeop xcpc
[2024-03-27 23:41:14] [world] The Player <Tester> has executed => /gamemode sp
[2024-03-27 23:41:18] [world] The Player <Tester> has executed => /vanish
[2024-03-27 23:41:27] [world] The Player <Tester> has executed => /adminfun fakeop GolemDaWanderer
[2024-03-27 23:41:31] [world] The Player <Tester> has executed => /tp GolemDaWanderer
[2024-03-27 23:41:33] [world] The Player <GolemDaWanderer> has executed => /gamemode c
[2024-03-27 23:41:43] [world_the_end] The Player <NezukoChan> has executed => /tell GolemDaWanderer i was joking..
[2024-03-27 23:42:03] [world_the_end] The Player <NezukoChan> has executed => /tell GolemDaWanderer yk i meant the other "gun"
[2024-03-27 23:42:16] [world_the_end] The Player <NezukoChan> has executed => /tell GolemDaWanderer that doesnt shoot bullets
[2024-03-27 23:42:27] [world] The Player <Tester> has executed => /gamemode c
[2024-03-27 23:42:27] [world] The Player <GolemDaWanderer> has executed => /tell NezukoChan the one that shoots cum?
[2024-03-27 23:42:28] [world_the_end] The Player <xcpc> has executed => /spawn
[2024-03-27 23:42:34] [world_the_end] The Player <xcpc> has executed => /warp spawn
[2024-03-27 23:42:35] [world_the_end] The Player <NezukoChan> has executed => /tell GolemDaWanderer err yes..
[2024-03-27 23:43:22] [world] The Player <GolemDaWanderer> has executed => /tpa NezukoChan
[2024-03-27 23:43:29] [world] The Player <Tester> has executed => /tp NezukoChan
[2024-03-27 23:43:35] [world_the_end] The Player <NezukoChan> has executed => /tpaccept
[2024-03-27 23:44:01] [world_the_end] The Player <Tester> has executed => /tell GolemDaWanderer SHHHHH
[2024-03-27 23:44:37] [world_the_end] The Player <Tester> has executed => /adminfun help 3
[2024-03-27 23:44:50] [world_the_end] The Player <Tester> has executed => /adminfun playerchat GolemDaWanderer GIMMIE DAT
[2024-03-27 23:45:01] [world_the_end] The Player <NezukoChan> has executed => /tell GolemDaWanderer my cock?
[2024-03-27 23:45:09] [world_the_end] The Player <Tester> has executed => /adminfun playerchat Feathery ni hao
[2024-03-27 23:45:19] [world_the_end] The Player <Feathery> has executed => /clear
[2024-03-27 23:45:35] [world_the_end] The Player <Tester> has executed => /adminfun playerchat NezukoChan
[2024-03-27 23:45:39] [world_the_end] The Player <Tester> has executed => /adminfun playerchat NezukoChan .
[2024-03-27 23:45:58] [world_the_end] The Player <Tester> has executed => /adminfun playerchat NezukoChan owie
[2024-03-27 23:45:59] [world_the_end] The Player <Feathery> has executed => /tp NezukoChan Feathery
[2024-03-27 23:46:09] [world_nether] The Player <Heinrich_Himmler> has executed => /home pillar
[2024-03-27 23:46:18] [world_the_end] The Player <Tester> has executed => /adminfun playerchat NezukoChan hi guys i am Nezuko and i love god appples!
[2024-03-27 23:46:44] [world_the_end] The Player <Tester> has executed => /adminfun playerchat NezukoChan hi guys i am Nezuko and i never say anythin
[2024-03-27 23:47:09] [world_the_end] The Player <Tester> has executed => /adminfun fakeop @a
[2024-03-27 23:47:11] [world] The Player <xcpc> has executed => /sethome lol
[2024-03-27 23:47:14] [world] The Player <xcpc> has executed => /home
[2024-03-27 23:47:14] [world_the_end] The Player <Tester> has executed => /adminfun fakeop xcpc
[2024-03-27 23:47:19] [world_the_end] The Player <Tester> has executed => /gamemode sp
[2024-03-27 23:47:21] [world_the_end] The Player <Tester> has executed => /tp xcpc
[2024-03-27 23:47:35] [world_the_end] The Player <Feathery> has executed => /clear
[2024-03-27 23:47:36] [world] The Player <Tester> has executed => /gamemode c xcpc
[2024-03-27 23:47:39] [world_the_end] The Player <Heinrich_Himmler> has executed => /warp spawn
[2024-03-27 23:47:50] [world] The Player <Tester> has executed => /gamemode s xcpc
[2024-03-27 23:48:05] [world] The Player <Tester> has executed => /adminfun bgod lol
[2024-03-27 23:48:24] [world] The Player <Tester> has executed => /adminfun bgod Tester is da best
[2024-03-27 23:48:27] [world] The Player <Tester> has executed => /
[2024-03-27 23:48:35] [world] The Player <Tester> has executed => /tp NezukoChan
[2024-03-27 23:48:47] [world_the_end] The Player <Tester> has executed => /gamemode c
[2024-03-27 23:49:03] [world_the_end] The Player <Feathery> has executed => /tp NezukoChan
[2024-03-27 23:49:07] [world_the_end] The Player <Tester> has executed => /give Tester minecraft:mob_spawner
[2024-03-27 23:49:11] [world] The Player <NezukoChan> has executed => /back
[2024-03-27 23:49:12] [world_the_end] The Player <Tester> has executed => /tp NezukoChan Tester
[2024-03-27 23:49:35] [world_the_end] The Player <Feathery> has executed => /tp Tester
[2024-03-27 23:49:56] [world_the_end] The Player <Tester> has executed => /tp NezukoChan Tester
[2024-03-27 23:50:49] [world_the_end] The Player <Tester> has executed => /tp Feathery Tester
[2024-03-27 23:50:54] [world] The Player <NezukoChan> has executed => /back
[2024-03-27 23:51:19] [world_the_end] The Player <Feathery> has executed => /tp NezukoChan
[2024-03-27 23:52:06] [world_the_end] The Player <Feathery> has executed => /tp NezukoChan Feathery
[2024-03-27 23:52:10] [world_the_end] The Player <Tester> has executed => /tp NezukoChan
[2024-03-27 23:52:15] [world] The Player <xcpc> has executed => /sethome home
[2024-03-27 23:52:16] [world_the_end] The Player <Tester> has executed => /homse
[2024-03-27 23:52:18] [world_the_end] The Player <Tester> has executed => /homes
[2024-03-27 23:52:18] [world] The Player <xcpc> has executed => /delhome lol
[2024-03-27 23:52:23] [world] The Player <xcpc> has executed => /delhome clear
[2024-03-27 23:52:24] [world_the_end] The Player <Tester> has executed => /look
[2024-03-27 23:52:26] [world] The Player <xcpc> has executed => /home
[2024-03-27 23:52:47] [world_the_end] The Player <Tester> has executed => /tp NezukoChan Tester
[2024-03-27 23:53:20] [world_the_end] The Player <Feathery> has executed => /tp NezukoChan Feathery
[2024-03-27 23:53:36] [world_the_end] The Player <Tester> has executed => /tp NezukoChan Tester
[2024-03-27 23:53:41] [world_the_end] The Player <Tester> has executed => /tp NezukoChan Tester
[2024-03-27 23:53:45] [world_the_end] The Player <Tester> has executed => /tp NezukoChan Tester
[2024-03-27 23:53:46] [world_the_end] The Player <NezukoChan> has executed => /
[2024-03-27 23:53:56] [world_the_end] The Player <Tester> has executed => /tp NezukoChan Tester
[2024-03-27 23:54:21] [world_the_end] The Player <Tester> has executed => /seeinv
[2024-03-27 23:54:50] [world_the_end] The Player <Tester> has executed => /tp NezukoChan Tester
[2024-03-27 23:54:58] [world_the_end] The Player <Tester> has executed => /tp NezukoChan Tester
[2024-03-27 23:55:09] [world_the_end] The Player <Tester> has executed => /gamemode sp NezukoChan
[2024-03-27 23:55:14] [world_the_end] The Player <Tester> has executed => /gamemode sp
[2024-03-27 23:55:21] [world] The Player <xcpc> has executed => /home home
[2024-03-27 23:55:28] [world_the_end] The Player <NezukoChan> has executed => /tell Tester d6243577@gmail.com
[2024-03-27 23:56:28] [world] The Player <Heinrich_Himmler> has executed => /tpa MeukoChan
[2024-03-27 23:56:31] [world_the_end] The Player <Feathery> has executed => /tp Nezukochan
[2024-03-27 23:56:40] [world_the_end] The Player <Feathery> has executed => /tp NezukoChan
[2024-03-27 23:56:41] [world_the_end] The Player <Tester> has executed => /tp NezukoChan
[2024-03-27 23:56:45] [world_the_end] The Player <Feathery> has executed => /WHERE IS SHE
[2024-03-27 23:56:48] [world_the_end] The Player <Tester> has executed => /tp NezukoChan
[2024-03-27 23:56:48] [world_the_end] The Player <Feathery> has executed => /tp tester
[2024-03-27 23:56:51] [world_the_end] The Player <Feathery> has executed => /tp Tester
[2024-03-27 23:56:54] [world_the_end] The Player <Tester> has executed => /gamemode c
[2024-03-27 23:56:57] [world_the_end] The Player <Tester> has executed => /gamemode s NezukoChan
[2024-03-27 23:57:34] [world_the_end] The Player <Tester> has executed => /tp Heinrich_Himmler
[2024-03-27 23:57:57] [world] The Player <Tester> has executed => /tp Heinrich_Himmler Tester
[2024-03-27 23:59:27] [world_nether] The Player <Tester> has executed => /tp NezukoChan
[2024-03-27 23:59:36] [world_the_end] The Player <Tester> has executed => /tp Heinrich_Himmler
[2024-03-27 23:59:45] [world_the_end] The Player <Feathery> has executed => /tp NezukoChan
[2024-03-28 00:00:01] [world_the_end] The Player <Feathery> has executed => /gamemode NezukoChan s
[2024-03-28 00:00:43] [world] The Player <Tester> has executed => /balance
[2024-03-28 00:00:48] [world] The Player <Tester> has executed => /pay NezukoChan 5000
[2024-03-28 00:01:10] [world] The Player <NezukoChan> has executed => /pay Tester 2k
[2024-03-28 00:01:15] [world_the_end] The Player <Feathery> has executed => /tp nezukoChan
[2024-03-28 00:01:16] [world] The Player <NezukoChan> has executed => /pay
[2024-03-28 00:01:23] [world] The Player <NezukoChan> has executed => /pay Tester 2000
[2024-03-28 00:01:28] [world] The Player <NezukoChan> has executed => /balance
[2024-03-28 00:01:31] [world] The Player <NezukoChan> has executed => /balance
[2024-03-28 00:01:38] [world] The Player <Tester> has executed => /tp NezukoChan
[2024-03-28 00:02:25] [world] The Player <Feathery> has executed => /home Outcast
[2024-03-28 00:02:41] [world] The Player <Feathery> has executed => /tp nezukochan Feathery
[2024-03-28 00:03:13] [world_the_end] The Player <Tester> has executed => /tp Heinrich_Himmler
[2024-03-28 00:04:16] [world_the_end] The Player <Tester> has executed => /tp Heinrich_Himmler Tester
[2024-03-28 00:05:57] [world] The Player <NezukoChan> has executed => /tpa T
[2024-03-28 00:06:00] [world_the_end] The Player <Tester> has executed => /tpaccept
[2024-03-28 00:06:03] [world_the_end] The Player <Tester> has executed => /tp NezukoChan Tester
[2024-03-28 00:06:08] [world_the_end] The Player <Tester> has executed => /yo
[2024-03-28 00:06:33] [world_the_end] The Player <Tester> has executed => /tp NezukoChan Tester
[2024-03-28 00:07:11] [world_the_end] The Player <Tester> has executed => /gamemode s
[2024-03-28 00:07:21] [world] The Player <Tester> has executed => /tp NezukoChan Tester
[2024-03-28 00:07:57] [world_the_end] The Player <Tester> has executed => /gamemode c
[2024-03-28 00:08:04] [world_the_end] The Player <Tester> has executed => /summon EnderDragon
[2024-03-28 00:08:05] [world] The Player <Feathery> has executed => /tp GolemDaWanderer
[2024-03-28 00:10:30] [world] The Player <NezukoChan> has executed => /tpa GolemDaWanderer
[2024-03-28 00:10:49] [world] The Player <NezukoChan> has executed => /tpa F
[2024-03-28 00:11:17] [world] The Player <Feathery> has executed => /tpaccept
[2024-03-28 00:11:22] [world] The Player <NezukoChan> has executed => /tpa F
[2024-03-28 00:11:33] [world] The Player <NezukoChan> has executed => /tpcancel Feathery
[2024-03-28 00:11:38] [world] The Player <NezukoChan> has executed => /tpa F
[2024-03-28 00:11:39] [world] The Player <Feathery> has executed => /tp Heinrich_Himmler Feathery
[2024-03-28 00:12:06] [world] The Player <NezukoChan> has executed => /tpa F
[2024-03-28 00:12:09] [world] The Player <Feathery> has executed => /tpaccept
[2024-03-28 00:12:16] [world] The Player <Heinrich_Himmler> has executed => /tpa Tester
[2024-03-28 00:12:35] [world] The Player <Heinrich_Himmler> has executed => /tpa NezukoChan
[2024-03-28 00:12:38] [world] The Player <NezukoChan> has executed => /tpaccept
[2024-03-28 00:12:42] [world] The Player <NezukoChan> has executed => /tpa F
[2024-03-28 00:12:49] [world] The Player <NezukoChan> has executed => /tpa F
[2024-03-28 00:14:24] [world_the_end] The Player <Tester> has executed => /tp Heinrich_Himmler
[2024-03-28 00:14:33] [world] The Player <Feathery> has executed => /tp Tester Feathery
[2024-03-28 00:14:55] [world] The Player <Tester> has executed => /kick NezukoChan
[2024-03-28 00:15:09] [world] The Player <Tester> has executed => /kick NezukoChan
[2024-03-28 00:15:25] [world] The Player <Char> has executed => /gamemode c
[2024-03-28 00:15:27] [world] The Player <Tester> has executed => /kick NezukoChan
[2024-03-28 00:15:30] [world] The Player <Char> has executed => /tp Feathery
[2024-03-28 00:15:51] [world] The Player <Feathery> has executed => /kick Char
[2024-03-28 00:16:06] [world] The Player <Char> has executed => /ban Tester imagine kicking me
[2024-03-28 00:16:16] [world] The Player <Char> has executed => /pardon Tester
[2024-03-28 00:16:29] [world] The Player <Char> has executed => /ban Feathery wrong person my bad
[2024-03-28 00:16:44] [world] The Player <Char> has executed => /pardon Feathery
[2024-03-28 00:17:31] [world] The Player <Char> has executed => /pardon Feather
[2024-03-28 00:17:32] [world] The Player <Char> has executed => /pardon Feathery
[2024-03-28 00:17:42] [world] The Player <Tester> has executed => /
[2024-03-28 00:17:58] [world] The Player <Char> has executed => /vanish
[2024-03-28 00:18:02] [world] The Player <NezukoChan> has executed => /balance
[2024-03-28 00:18:03] [world] The Player <Char> has executed => /balance
[2024-03-28 00:18:30] [world] The Player <Tester> has executed => /tp NezukoChan Tester
[2024-03-28 00:18:58] [world] The Player <Char> has executed => /kill
[2024-03-28 00:19:07] [world] The Player <Tester> has executed => /adminfun fakeop
[2024-03-28 00:19:37] [world] The Player <Tester> has executed => /time set 1500
[2024-03-28 00:20:18] [world] The Player <Tester> has executed => /give Tester minecraft:diamond__sword
[2024-03-28 00:20:52] [world] The Player <Tester> has executed => /tp NezukoChan
[2024-03-28 00:21:48] [world] The Player <Tester> has executed => /gamemode c
[2024-03-28 00:21:50] [world] The Player <Tester> has executed => /gamemode s
[2024-03-28 00:23:22] [world] The Player <Tester> has executed => /gamemode c
[2024-03-28 00:23:23] [world] The Player <Tester> has executed => /tp NezukoChan
[2024-03-28 00:23:31] [world] The Player <Tester> has executed => /give Tester minecraft:blaze_rod
[2024-03-28 00:23:53] [world] The Player <Tester> has executed => /tp NezukoChan
[2024-03-28 00:24:02] [world] The Player <Tester> has executed => /tp Feathery
[2024-03-28 00:24:35] [world] The Player <Tester> has executed => /tp Feathery
[2024-03-28 00:24:56] [world] The Player <NezukoChan> has executed => /tpa F
[2024-03-28 00:25:03] [world] The Player <Feathery> has executed => /tpaccept
[2024-03-28 00:25:50] [world] The Player <Tester> has executed => /adminfun help 4
[2024-03-28 00:25:59] [world] The Player <Tester> has executed => /adminfun invsee NezukoChan
[2024-03-28 00:26:11] [world] The Player <NezukoChan> has executed => /back
[2024-03-28 00:26:28] [world] The Player <xcpc> has executed => /help
[2024-03-28 00:26:32] [world] The Player <xcpc> has executed => /help 2
[2024-03-28 00:26:34] [world] The Player <xcpc> has executed => /help 3
[2024-03-28 00:26:36] [world] The Player <xcpc> has executed => /help 4
[2024-03-28 00:26:38] [world] The Player <xcpc> has executed => /help 5
[2024-03-28 00:26:44] [world] The Player <xcpc> has executed => /help 6
[2024-03-28 00:26:50] [world] The Player <xcpc> has executed => /balance
[2024-03-28 00:26:53] [world] The Player <xcpc> has executed => /crackshot
[2024-03-28 00:26:56] [world] The Player <NezukoChan> has executed => /af inv see
[2024-03-28 00:27:02] [world] The Player <NezukoChan> has executed => /af invsee
[2024-03-28 00:27:11] [world] The Player <Tester> has executed => /af invsee N
[2024-03-28 00:27:12] [world] The Player <xcpc> has executed => /af
[2024-03-28 00:27:14] [world] The Player <Feathery> has executed => /ON THE ANDESITE
[2024-03-28 00:27:16] [world] The Player <Tester> has executed => /af invsee N
[2024-03-28 00:27:45] [world] The Player <NezukoChan> has executed => /back
[2024-03-28 00:27:56] [world] The Player <Tester> has executed => /af invsee NezukoChan
[2024-03-28 00:28:13] [world] The Player <xcpc> has executed => /help af
[2024-03-28 00:28:17] [world] The Player <xcpc> has executed => /af
[2024-03-28 00:28:22] [world] The Player <xcpc> has executed => /op
[2024-03-28 00:28:52] [world] The Player <NezukoChan> has executed => /sf invsee
[2024-03-28 00:28:57] [world] The Player <Tester> has executed => /af
[2024-03-28 00:28:57] [world] The Player <NezukoChan> has executed => /sf invsee
[2024-03-28 00:28:58] [world] The Player <NezukoChan> has executed => /sf invsee
[2024-03-28 00:29:00] [world] The Player <NezukoChan> has executed => /sf invsee
[2024-03-28 00:29:06] [world] The Player <Tester> has executed => /af zap NezukoChan
[2024-03-28 00:29:21] [world] The Player <Tester> has executed => /sf invite xcpc
[2024-03-28 00:29:35] [world] The Player <NezukoChan> has executed => /af zap
[2024-03-28 00:29:36] [world] The Player <xcpc> has executed => /sf join Testerster
[2024-03-28 00:29:38] [world] The Player <Tester> has executed => /af zap Tester
[2024-03-28 00:29:40] [world] The Player <xcpc> has executed => /sf join Tester
[2024-03-28 00:29:43] [world] The Player <xcpc> has executed => /sf join Tester_Team
[2024-03-28 00:29:48] [world] The Player <NezukoChan> has executed => /sf invsee Tester
[2024-03-28 00:29:53] [world] The Player <NezukoChan> has executed => /af invsee Tester
[2024-03-28 00:29:59] [world] The Player <Tester> has executed => /af zap tester
[2024-03-28 00:30:04] [world] The Player <Tester> has executed => /af zap tester
[2024-03-28 00:30:05] [world] The Player <Tester> has executed => /af zap tester
[2024-03-28 00:30:07] [world] The Player <Tester> has executed => /af zap tester
[2024-03-28 00:30:14] [world] The Player <NezukoChan> has executed => /sf invite xcpc
[2024-03-28 00:30:15] [world] The Player <Tester> has executed => /sf join
[2024-03-28 00:30:17] [world] The Player <NezukoChan> has executed => /back
[2024-03-28 00:30:22] [world] The Player <xcpc> has executed => /sf join Tester_Team
[2024-03-28 00:30:42] [world] The Player <Tester> has executed => /af help 4
[2024-03-28 00:30:45] [world] The Player <Tester> has executed => /af help 4
[2024-03-28 00:30:48] [world] The Player <Tester> has executed => /help 1
[2024-03-28 00:30:49] [world] The Player <Tester> has executed => /help 4
[2024-03-28 00:30:51] [world] The Player <Tester> has executed => /help 5
[2024-03-28 00:30:53] [world] The Player <Tester> has executed => /help 6
[2024-03-28 00:30:56] [world] The Player <Tester> has executed => /help 7
[2024-03-28 00:30:59] [world] The Player <Tester> has executed => /help 10
[2024-03-28 00:31:01] [world] The Player <Tester> has executed => /help 12
[2024-03-28 00:31:04] [world] The Player <Tester> has executed => /help 14
[2024-03-28 00:31:06] [world] The Player <NezukoChan> has executed => /tpa T
[2024-03-28 00:31:08] [world] The Player <Tester> has executed => /help 15
[2024-03-28 00:31:10] [world] The Player <Tester> has executed => /tp NezukoChan Tester
[2024-03-28 00:31:14] [world] The Player <Tester> has executed => /help 16
[2024-03-28 00:31:17] [world] The Player <Tester> has executed => /help 18
[2024-03-28 00:31:19] [world] The Player <Tester> has executed => /help 17
[2024-03-28 00:31:27] [world] The Player <Tester> has executed => /help 19
[2024-03-28 00:31:31] [world] The Player <Tester> has executed => /help 20
[2024-03-28 00:31:36] [world] The Player <Tester> has executed => /help 21
[2024-03-28 00:31:39] [world] The Player <Tester> has executed => /help 22
[2024-03-28 00:31:41] [world] The Player <Tester> has executed => /help 23
[2024-03-28 00:31:47] [world] The Player <Tester> has executed => /help 24
[2024-03-28 00:31:59] [world] The Player <Tester> has executed => /ban NezukoChan Test
[2024-03-28 00:32:05] [world] The Player <Tester> has executed => /pardon NezukoChan
[2024-03-28 00:32:23] [world] The Player <xcpc> has executed => /home
[2024-03-28 00:32:25] [world] The Player <xcpc> has executed => /home home
[2024-03-28 00:32:37] [world] The Player <xcpc> has executed => /sf map
[2024-03-28 00:32:41] [world] The Player <Tester> has executed => /gamemode sp
[2024-03-28 00:32:44] [world] The Player <Tester> has executed => /tp xcpc
[2024-03-28 00:32:55] [world] The Player <Tester> has executed => /af help 4
[2024-03-28 00:33:00] [world] The Player <Tester> has executed => /af help 5
[2024-03-28 00:33:03] [world] The Player <Tester> has executed => /af help 3
[2024-03-28 00:33:09] [world] The Player <Tester> has executed => /af help 2
[2024-03-28 00:33:18] [world] The Player <Tester> has executed => /af help 1
[2024-03-28 00:33:31] [world] The Player <xcpc> has executed => /back
[2024-03-28 00:33:35] [world] The Player <Tester> has executed => /adminfun tell neezuko loves himself! :D
[2024-03-28 00:33:41] [world] The Player <xcpc> has executed => /r bru
[2024-03-28 00:33:43] [world] The Player <xcpc> has executed => /msg
[2024-03-28 00:33:45] [world] The Player <xcpc> has executed => /w
[2024-03-28 00:34:09] [world] The Player <Tester> has executed => /af help 3
[2024-03-28 00:34:15] [world] The Player <xcpc> has executed => /tell neezuko bru
[2024-03-28 00:34:18] [world] The Player <Tester> has executed => /adminfun zap xcpc
[2024-03-28 00:34:25] [world] The Player <Tester> has executed => /weather thunder
[2024-03-28 00:34:43] [world] The Player <defnotnezuko> has executed => /back
[2024-03-28 00:34:57] [world] The Player <Tester> has executed => /adminfun invsee xcpc
[2024-03-28 00:35:22] [world] The Player <Tester> has executed => /gamemode c
[2024-03-28 00:35:35] [world] The Player <xcpc> has executed => /near
[2024-03-28 00:35:38] [world] The Player <Tester> has executed => /gamemode sp
[2024-03-28 00:35:49] [world] The Player <defnotnezuko> has executed => /sf join Tester_Team
[2024-03-28 00:36:23] [world] The Player <Tester> has executed => /tp xcpc
[2024-03-28 00:36:30] [world] The Player <Tester> has executed => /gamemode c
[2024-03-28 00:36:48] [world] The Player <Tester> has executed => /adminfun 2
[2024-03-28 00:36:52] [world] The Player <Tester> has executed => /adminfun 5
[2024-03-28 00:36:59] [world] The Player <Tester> has executed => /admin fun
[2024-03-28 00:37:00] [world] The Player <Tester> has executed => /af
[2024-03-28 00:37:04] [world] The Player <Tester> has executed => /af help 5
[2024-03-28 00:37:10] [world] The Player <defnotnezuko> has executed => /tell G
[2024-03-28 00:37:16] [world] The Player <defnotnezuko> has executed => /tell God yo
[2024-03-28 00:37:16] [world] The Player <Tester> has executed => /tp xcpc
[2024-03-28 00:38:10] [world] The Player <defnotnezuko> has executed => /tpa T
[2024-03-28 00:38:11] [world] The Player <Tester> has executed => /gamemode sp
[2024-03-28 00:38:47] [world] The Player <Tester> has executed => /adminfun bgod hm
[2024-03-28 00:38:48] [world] The Player <defnotnezuko> has executed => /tell xcpc tester likes men
[2024-03-28 00:38:58] [world] The Player <Tester> has executed => /tp defnotnezuko
[2024-03-28 00:39:11] [world] The Player <Tester> has executed => /adminfun slap defnotnezuko
[2024-03-28 00:39:27] [world] The Player <Tester> has executed => /adminfun slap defnotnezuko
[2024-03-28 00:39:43] [world] The Player <Tester> has executed => /adminfun zap defnotnezuko
[2024-03-28 00:40:22] [world] The Player <defnotnezuko> has executed => /tell Feathery wsp
[2024-03-28 00:40:47] [world] The Player <Feathery> has executed => /clear
[2024-03-28 00:41:21] [world] The Player <defnotnezuko> has executed => /sethome
[2024-03-28 00:41:23] [world] The Player <Feathery> has executed => /tp xcpc
[2024-03-28 00:41:25] [world] The Player <defnotnezuko> has executed => /sethome home
[2024-03-28 00:41:27] [world] The Player <defnotnezuko> has executed => /homes
[2024-03-28 00:41:49] [world] The Player <defnotnezuko> has executed => /sethome
[2024-03-28 00:41:53] [world] The Player <defnotnezuko> has executed => /sethome home
[2024-03-28 00:41:57] [world] The Player <defnotnezuko> has executed => /hoems
[2024-03-28 00:41:59] [world] The Player <defnotnezuko> has executed => /homes
[2024-03-28 00:42:06] [world] The Player <defnotnezuko> has executed => /sethome home2
[2024-03-28 00:42:12] [world] The Player <defnotnezuko> has executed => /home
[2024-03-28 00:42:16] [world] The Player <defnotnezuko> has executed => /home home
[2024-03-28 00:42:43] [world] The Player <xcpc> has executed => /home home
[2024-03-28 00:42:44] [world] The Player <Feathery> has executed => /tp xopc
[2024-03-28 00:42:51] [world] The Player <Feathery> has executed => /tp defnotnezuko
[2024-03-28 00:44:31] [world] The Player <Milk_Frog> has executed => /gamemode creative
[2024-03-28 00:44:35] [world] The Player <Milk_Frog> has executed => /clear
[2024-03-28 00:44:39] [world] The Player <Milk_Frog> has executed => /kill
[2024-03-28 00:45:09] [world] The Player <Milk_Frog> has executed => /tp xcpc
[2024-03-28 00:45:41] [world] The Player <Milk_Frog> has executed => /tp defnotnezuko
[2024-03-28 00:45:48] [world] The Player <Feathery> has executed => /tp Milk_Frog
[2024-03-28 00:46:20] [world] The Player <Feathery> has executed => /gamemode s
[2024-03-28 00:47:16] [world] The Player <Milk_Frog> has executed => /warp spawn
[2024-03-28 00:47:20] [world] The Player <Feathery> has executed => /gamemode c
[2024-03-28 00:47:33] [world] The Player <Feathery> has executed => /tp Milk_Frog
[2024-03-28 00:47:36] [world] The Player <Feathery> has executed => /weather clear
[2024-03-28 00:49:09] [world] The Player <Milk_Frog> has executed => /tp Heinrich_Himmler
[2024-03-28 00:49:42] [world_nether] The Player <Milk_Frog> has executed => /tp Feathery
[2024-03-28 00:50:01] [world] The Player <Tester> has executed => /gamemode c
[2024-03-28 00:50:14] [world] The Player <Tester> has executed => /af help 4
[2024-03-28 00:50:22] [world] The Player <Tester> has executed => /adminfun enchant
[2024-03-28 00:50:38] [world] The Player <Tester> has executed => /adminfun enchant Tester
[2024-03-28 00:50:50] [world] The Player <Tester> has executed => /help 18
[2024-03-28 00:50:58] [world] The Player <Tester> has executed => /enchant sharpness 5
[2024-03-28 00:51:09] [world] The Player <Feathery> has executed => /
[2024-03-28 00:51:56] [world] The Player <Heinrich_Himmler> has executed => /home pillar
[2024-03-28 00:53:35] [world] The Player <Heinrich_Himmler> has executed => /home pillar
[2024-03-28 00:54:24] [world] The Player <Heinrich_Himmler> has executed => /home pillar
