[2024-03-30 14:19:20] [world] The Player <Tester_Testing> has executed => /tp G
[2024-03-30 14:19:22] [world] The Player <Tester_Testing> has executed => /tpa GolemDaWanderer
[2024-03-30 14:22:22] [world] The Player <GolemDaWanderer> has executed => /lobby
[2024-03-30 19:17:27] [world] The Player <GolemDaWanderer> has executed => /back
[2024-03-30 19:31:18] [world] The Player <GolemDaWanderer> has executed => /chest
[2024-03-30 19:33:54] [world] The Player <GolemDaWanderer> has executed => /chest
[2024-03-30 19:35:29] [world] The Player <GolemDaWanderer> has executed => /home kill
[2024-03-31 03:34:11] [world] The Player <GolemDaWanderer> has executed => /chest
[2024-03-31 03:34:37] [world] The Player <GolemDaWanderer> has executed => /chest
[2024-03-31 03:35:18] [world] The Player <GolemDaWanderer> has executed => /chest
[2024-03-31 03:35:45] [world] The Player <GolemDaWanderer> has executed => /chest
[2024-03-31 03:36:11] [world] The Player <GolemDaWanderer> has executed => /chest
[2024-03-31 13:02:46] [world] The Player <GolemDaWanderer> has executed => /sf join Tester_Team
[2024-03-31 13:10:10] [world] The Player <BTC> has executed => /sethome Base2
[2024-03-31 13:10:20] [world] The Player <BTC> has executed => /warp spawn
[2024-03-31 13:10:55] [world] The Player <BTC> has executed => /claim
[2024-03-31 13:12:14] [world] The Player <BTC> has executed => /tell GolemDaWandererwant to team when the anarchy sever comes out?
[2024-03-31 13:12:21] [world] The Player <BTC> has executed => /msg
[2024-03-31 13:12:37] [world] The Player <GolemDaWanderer> has executed => /back
[2024-03-31 13:12:41] [world] The Player <BTC> has executed => /msg GolemDaWander
[2024-03-31 13:13:12] [world] The Player <BTC> has executed => /msg GolemDaWanderer want to team up when the anacrchy sever comes out
[2024-03-31 13:16:29] [world] The Player <BTC> has executed => /tp GolemDaWanderer
[2024-03-31 13:17:53] [world] The Player <BTC> has executed => /home Bas2
[2024-03-31 13:18:00] [world] The Player <BTC> has executed => /Base2
[2024-03-31 13:18:06] [world] The Player <BTC> has executed => /home base2
[2024-03-31 13:18:13] [world] The Player <BTC> has executed => /home Base2
