[2024-03-31 13:20:49] [world] The Player <Tester> has executed => //replace quartz_block
[2024-03-31 13:20:50] [world] The Player <Char> has executed => /gamemode c
[2024-03-31 13:20:57] [world] The Player <Char> has executed => /af zap Tester
[2024-03-31 13:20:59] [world] The Player <Char> has executed => /tp Tester
[2024-03-31 13:21:00] [world] The Player <Tester> has executed => //replace quartz_block
[2024-03-31 13:21:02] [world] The Player <Char> has executed => /af zap Tester
[2024-03-31 13:21:10] [world] The Player <Char> has executed => /af
[2024-03-31 13:21:25] [world] The Player <Tester> has executed => //replace quartz_block
[2024-03-31 13:21:39] [world] The Player <Char> has executed => /tp BTC
[2024-03-31 13:23:44] [world] The Player <Char> has executed => /af invsee BTC
[2024-03-31 13:23:53] [world] The Player <Tester> has executed => /help 5
[2024-03-31 13:23:55] [world] The Player <Tester> has executed => /help 4
[2024-03-31 13:23:58] [world] The Player <Tester> has executed => /help 6
[2024-03-31 13:24:03] [world] The Player <Tester> has executed => //drain
[2024-03-31 13:24:04] [world] The Player <Char> has executed => /af invsee BTC
[2024-03-31 13:24:06] [world] The Player <Tester> has executed => //drain 5
[2024-03-31 13:24:12] [world] The Player <Tester> has executed => //drain 10
[2024-03-31 13:24:20] [world] The Player <Char> has executed => /af invsee BTC
[2024-03-31 13:24:20] [world] The Player <Tester> has executed => //drain 30
[2024-03-31 13:24:28] [world] The Player <Char> has executed => /af invsee BTC
[2024-03-31 13:24:34] [world] The Player <Char> has executed => //drain
[2024-03-31 13:24:47] [world] The Player <BTC> has executed => /home Base2
[2024-03-31 13:24:59] [world] The Player <Char> has executed => /shot give Char mp7
[2024-03-31 13:25:08] [world] The Player <Char> has executed => /warp spawn
[2024-03-31 13:25:37] [world] The Player <Char> has executed => /gamemode s
[2024-03-31 13:25:53] [world] The Player <Char> has executed => /gamemode c
[2024-03-31 13:26:06] [world] The Player <Tester> has executed => /weather clear
[2024-03-31 13:27:15] [world] The Player <Char> has executed => /gamemode s
[2024-03-31 13:27:30] [world] The Player <Char> has executed => /gamemode c
[2024-03-31 13:27:38] [world] The Player <BTC> has executed => /tp GolemDaWanderer
[2024-03-31 13:28:26] [world] The Player <Char> has executed => /tool cycler
[2024-03-31 13:28:29] [world] The Player <Char> has executed => /tool cycler
[2024-03-31 13:28:32] [world] The Player <BTC> has executed => /home Base2
[2024-03-31 13:30:09] [world] The Player <Char> has executed => /none
[2024-03-31 13:31:51] [world] The Player <BTC> has executed => /warp spawn
[2024-03-31 13:32:36] [world] The Player <BTC> has executed => /home Base2
[2024-03-31 13:34:01] [world] The Player <BTC> has executed => /anyone got a hopper
[2024-03-31 13:36:32] [world] The Player <Tester> has executed => /weather clear
[2024-03-31 13:36:34] [world] The Player <Tester> has executed => /time set day
[2024-03-31 13:37:20] [world] The Player <Tester> has executed => /fill -551 52 -102 -550 62 -119 water
[2024-03-31 13:39:35] [world] The Player <Tester> has executed => /help 6
[2024-03-31 13:39:38] [world] The Player <Tester> has executed => /help 7
[2024-03-31 13:39:48] [world] The Player <Tester> has executed => /fix water
[2024-03-31 13:39:51] [world] The Player <Tester> has executed => //fixwater
[2024-03-31 13:39:56] [world] The Player <Tester> has executed => //fixwater 3
[2024-03-31 13:40:14] [world] The Player <Tester> has executed => /help 8
[2024-03-31 13:40:20] [world] The Player <Tester> has executed => /
[2024-03-31 13:40:57] [world] The Player <Tester> has executed => /brush cylinder 5 2 water
[2024-03-31 13:41:03] [world] The Player <Tester> has executed => /brush cylinder water 5 2
[2024-03-31 13:41:41] [world] The Player <Tester> has executed => /undo
[2024-03-31 13:41:45] [world] The Player <Tester> has executed => /undo
[2024-03-31 13:41:48] [world] The Player <Tester> has executed => /undo
[2024-03-31 13:41:56] [world] The Player <Tester> has executed => /undo
[2024-03-31 13:42:29] [world] The Player <Tester> has executed => /brush cylinder water 2 2
[2024-03-31 13:42:39] [world] The Player <Tester> has executed => /undp
[2024-03-31 13:42:40] [world] The Player <Tester> has executed => /undo
[2024-03-31 13:42:43] [world] The Player <Tester> has executed => /
[2024-03-31 13:42:48] [world] The Player <Tester> has executed => /undo
[2024-03-31 13:43:34] [world] The Player <Tester> has executed => /undo
[2024-03-31 13:44:38] [world] The Player <Tester> has executed => //replace air
[2024-03-31 13:44:43] [world] The Player <Tester> has executed => //undo
[2024-03-31 13:44:56] [world] The Player <Tester> has executed => /brush cylinder air 1 1
[2024-03-31 13:45:07] [world] The Player <Tester> has executed => /drain
[2024-03-31 13:45:10] [world] The Player <Tester> has executed => //drain 2
[2024-03-31 13:45:16] [world] The Player <Tester> has executed => //drain 4
[2024-03-31 13:45:35] [world] The Player <Tester> has executed => /BRUSH cylinder 3 1
[2024-03-31 13:45:40] [world] The Player <Tester> has executed => /undo
[2024-03-31 13:45:45] [world] The Player <Tester> has executed => /undo
[2024-03-31 13:45:52] [world] The Player <Tester> has executed => /undo
[2024-03-31 13:45:58] [world] The Player <Tester> has executed => /brush cylinder water 3 1
[2024-03-31 13:46:30] [world] The Player <Tester> has executed => /undp
[2024-03-31 13:46:32] [world] The Player <Tester> has executed => /undo
[2024-03-31 14:10:54] [world] The Player <BTC> has executed => /warp spawn
[2024-03-31 14:39:09] [world] The Player <GolemDaWanderer> has executed => /
[2024-03-31 14:39:18] [world] The Player <GolemDaWanderer> has executed => /home 2
[2024-03-31 14:52:16] [world] The Player <Tester> has executed => /gamemode ps
[2024-03-31 14:52:19] [world] The Player <Tester> has executed => /gamemode sp
[2024-03-31 14:52:23] [world] The Player <Tester> has executed => /tp GolemDaWanderer
[2024-03-31 16:23:44] [world] The Player <Tester> has executed => /gamemode c
[2024-03-31 16:24:38] [world] The Player <Tester> has executed => /kill @e
[2024-03-31 16:35:24] [world] The Player <Tester> has executed => /gamemode sp
[2024-03-31 16:35:25] [world] The Player <Tester> has executed => /tp BTC
[2024-03-31 16:35:36] [world] The Player <Tester> has executed => /gamemode c
[2024-03-31 16:37:40] [world] The Player <Tester> has executed => /tp BTC
[2024-03-31 16:37:47] [world] The Player <Tester> has executed => /tp BTC
[2024-03-31 16:40:59] [world] The Player <Tester> has executed => /af invsee BTC
[2024-03-31 16:43:08] [world] The Player <Tester> has executed => /tp BTC
[2024-03-31 16:43:31] [world] The Player <Tester> has executed => /brush cylinder torch 3 1
[2024-03-31 16:44:00] [world] The Player <Tester> has executed => //wand
[2024-03-31 16:44:10] [world] The Player <Tester> has executed => //replace diamond_block
[2024-03-31 16:44:13] [world] The Player <Tester> has executed => //replace dirt
[2024-03-31 16:44:46] [world] The Player <Tester> has executed => /af invsee BTC
[2024-03-31 16:44:52] [world] The Player <Tester> has executed => /gamemode s
[2024-03-31 16:45:58] [world] The Player <Tester> has executed => /superpickaxe area 5
[2024-03-31 16:47:02] [world] The Player <Tester> has executed => /undo
[2024-03-31 16:47:41] [world] The Player <Tester> has executed => /brush sphere 5 torch
[2024-03-31 16:47:52] [world] The Player <Tester> has executed => /brush sphere torch 5
[2024-03-31 16:48:25] [world] The Player <Tester> has executed => /tp BTC
[2024-03-31 16:48:32] [world] The Player <Tester> has executed => /gamemode c
[2024-03-31 16:50:38] [world] The Player <Tester> has executed => /tp BTC
[2024-03-31 16:51:43] [world] The Player <Tester> has executed => /brush sphere 5 diamond_ore
[2024-03-31 16:51:53] [world] The Player <Tester> has executed => /brush sphere diamond_ore 5
[2024-03-31 16:51:58] [world] The Player <Tester> has executed => /undo
[2024-03-31 16:52:09] [world] The Player <Tester> has executed => /undo
[2024-03-31 16:53:03] [world] The Player <Tester> has executed => /af enchant
[2024-03-31 16:53:09] [world] The Player <Tester> has executed => /gamemode s
[2024-03-31 16:53:49] [world] The Player <Tester> has executed => /effect Tester minecraft:resistance 50000 5000
[2024-03-31 16:54:07] [world] The Player <Tester> has executed => /effect Tester minecraft:resistance 5 5
[2024-03-31 16:54:15] [world] The Player <Tester> has executed => /gamemode c
[2024-03-31 16:54:30] [world] The Player <Tester> has executed => /gamemode s
[2024-03-31 16:55:02] [world] The Player <Tester> has executed => /effect Tester minecraft:resistance 50 500
[2024-03-31 16:55:05] [world] The Player <Tester> has executed => /tp BTC
[2024-03-31 16:55:43] [world] The Player <Tester> has executed => /give Tester minecraft:golden_apple
[2024-03-31 16:55:57] [world] The Player <Tester> has executed => /give Tester enchanted_golden_apple
[2024-03-31 16:56:16] [world] The Player <Tester> has executed => /gamemode c
[2024-03-31 16:56:28] [world] The Player <Tester> has executed => /back
[2024-03-31 16:56:30] [world] The Player <Tester> has executed => /gamemode s
[2024-03-31 16:56:58] [world] The Player <Tester> has executed => /af enchant
[2024-03-31 16:57:01] [world] The Player <GolemDaWanderer> has executed => /home 2
[2024-03-31 16:57:12] [world] The Player <Tester> has executed => /back
[2024-03-31 16:58:36] [world] The Player <Tester> has executed => /give Tester bedrock 10
[2024-03-31 16:59:28] [world] The Player <Tester> has executed => /clear Tester
[2024-03-31 16:59:55] [world] The Player <Tester> has executed => /af invsee btc
[2024-03-31 17:00:26] [world] The Player <Tester> has executed => /af invsee btc
[2024-03-31 17:00:31] [world] The Player <Tester> has executed => /gamemode c
[2024-03-31 17:00:33] [world] The Player <Tester> has executed => /af invsee
[2024-03-31 17:00:36] [world] The Player <Tester> has executed => /af invsee btc
[2024-03-31 17:00:46] [world] The Player <Tester> has executed => /give GolemDaWanderer steak 500
[2024-03-31 17:00:54] [world] The Player <Tester> has executed => /give GolemDaWanderer 500 steak
[2024-03-31 17:00:57] [world] The Player <Tester> has executed => /tp GolemDaWanderer
[2024-03-31 17:03:43] [world] The Player <GolemDaWanderer> has executed => /balance
[2024-03-31 17:03:55] [world] The Player <GolemDaWanderer> has executed => /balance
[2024-03-31 17:04:11] [world] The Player <Tester> has executed => /balance
[2024-03-31 17:04:36] [world] The Player <Tester> has executed => /
[2024-03-31 17:04:56] [world] The Player <Tester> has executed => /enchant Tester minecraft:protection 4
[2024-03-31 17:05:00] [world] The Player <Tester> has executed => /enchant Tester minecraft:unbreaking 3
[2024-03-31 17:05:11] [world] The Player <Tester> has executed => /enchant Tester minecraft:punch 2
[2024-03-31 17:05:30] [world] The Player <Tester> has executed => /enchant Tester minecraft:protection 4
[2024-03-31 17:05:34] [world] The Player <Tester> has executed => /enchant Tester minecraft:unbreaking 3
[2024-03-31 17:05:39] [world] The Player <Tester> has executed => /enchant Tester minecraft:protection 4
[2024-03-31 17:05:43] [world] The Player <Tester> has executed => /enchant Tester minecraft:unbreaking 3
[2024-03-31 17:05:50] [world] The Player <Tester> has executed => /enchant Tester minecraft:protection 4
[2024-03-31 17:05:54] [world] The Player <Tester> has executed => /enchant Tester minecraft:unbreaking 3
[2024-03-31 17:06:17] [world] The Player <Tester> has executed => /enchant Tester minecraft:sharpness 5
[2024-03-31 17:06:20] [world] The Player <Tester> has executed => /enchant Tester minecraft:unbreaking 3
[2024-03-31 17:06:29] [world] The Player <Tester> has executed => /enchant Tester minecraft:fire_aspect 2
[2024-03-31 17:06:51] [world] The Player <Tester> has executed => /enchant Tester minecraft:fire_aspect 1
[2024-03-31 17:07:05] [world] The Player <Tester> has executed => /enchant Tester looting 2
[2024-03-31 17:07:49] [world] The Player <Tester> has executed => /enchant Tester minecraft:efficiency 5
[2024-03-31 17:07:53] [world] The Player <Tester> has executed => /enchant Tester minecraft:unbreaking 3
[2024-03-31 17:07:56] [world] The Player <Tester> has executed => /enchant Tester minecraft:fortune 3
[2024-03-31 17:08:42] [world] The Player <Tester> has executed => /enchant Tester minecraft:efficiency 5
[2024-03-31 17:08:45] [world] The Player <Tester> has executed => /enchant Tester minecraft:unbreaking 3
[2024-03-31 17:09:44] [world] The Player <Tester> has executed => /enchant Tester minecraft:unbreaking 3
[2024-03-31 17:09:47] [world] The Player <Tester> has executed => /enchant Tester minecraft:efficiency 5
[2024-03-31 17:09:53] [world] The Player <Tester> has executed => /enchant Tester minecraft:fire_aspect 1
[2024-03-31 17:10:36] [world] The Player <Tester> has executed => /warp mall
[2024-03-31 17:10:56] [world] The Player <Tester> has executed => /enchant Tester minecraft:unbreaking 3
[2024-03-31 17:11:11] [world] The Player <Tester> has executed => /enchant Tester minecraft:fire_aspect 2
[2024-03-31 17:12:07] [world] The Player <Tester> has executed => /tp BTC Tester
[2024-03-31 17:13:57] [world] The Player <Tester> has executed => /gamemode s
[2024-03-31 17:14:05] [world] The Player <Tester> has executed => /sf invite BTC
[2024-03-31 17:14:21] [world] The Player <BTC> has executed => /sf join
[2024-03-31 17:14:24] [world] The Player <Tester> has executed => /give Tester minecraft:golden_carrot 5
[2024-03-31 17:14:30] [world] The Player <Tester> has executed => /give BTC minecraft:golden_carrot 5
[2024-03-31 17:14:35] [world] The Player <BTC> has executed => /sf join Tester_Team
[2024-03-31 17:14:44] [world] The Player <Tester> has executed => /sf kick BTC
[2024-03-31 17:15:15] [world] The Player <Tester> has executed => /gamemode c
[2024-03-31 17:15:21] [world] The Player <Tester> has executed => /chest
[2024-03-31 17:15:37] [world] The Player <Tester> has executed => /gamemode s
[2024-03-31 17:15:39] [world] The Player <Char> has executed => /list
[2024-03-31 17:15:48] [world] The Player <Tester> has executed => /gamemode c
[2024-03-31 17:15:53] [world] The Player <Char> has executed => /execute Tester ~ ~ ~ lis
[2024-03-31 17:15:54] [world] The Player <Char> has executed => /execute Tester ~ ~ ~ list
[2024-03-31 17:15:59] [world] The Player <Char> has executed => /execute @a ~ ~ ~ list
[2024-03-31 17:16:02] [world] The Player <Tester> has executed => /af invsee char
[2024-03-31 17:16:08] [world] The Player <Char> has executed => /execute @e ~ ~ ~ list
[2024-03-31 17:16:10] [world] The Player <Tester> has executed => /tp Char Tester
[2024-03-31 17:16:13] [world] The Player <Char> has executed => /gamemode c
[2024-03-31 17:16:22] [world] The Player <Char> has executed => /execute @e ~ ~ ~ xp 1L @a
[2024-03-31 17:16:24] [world] The Player <Char> has executed => /gamemode s
[2024-03-31 17:16:26] [world] The Player <Tester> has executed => /tp Char Tester
[2024-03-31 17:16:28] [world] The Player <Char> has executed => /gamemode c
[2024-03-31 17:16:31] [world] The Player <Char> has executed => /execute @e ~ ~ ~ xp 1L @a
[2024-03-31 17:16:34] [world] The Player <Char> has executed => /execute @e ~ ~ ~ xp 1L @a
[2024-03-31 17:16:40] [world] The Player <Char> has executed => /gamemode s
[2024-03-31 17:16:41] [world] The Player <Char> has executed => /gamemode c
[2024-03-31 17:16:42] [world] The Player <Tester> has executed => /tp Char Tester
[2024-03-31 17:17:02] [world] The Player <Char> has executed => /balanc
[2024-03-31 17:17:05] [world] The Player <Char> has executed => /balance
[2024-03-31 17:17:06] [world] The Player <Char> has executed => /bal
[2024-03-31 17:17:07] [world] The Player <Char> has executed => /ec
[2024-03-31 17:17:09] [world] The Player <Tester> has executed => /gamemode s
[2024-03-31 17:17:11] [world] The Player <Char> has executed => /ec Tester
[2024-03-31 17:17:25] [world] The Player <Tester> has executed => /gamemode c
[2024-03-31 17:17:39] [world] The Player <Tester> has executed => /ec
[2024-03-31 17:17:45] [world] The Player <Char> has executed => /ec Tester
[2024-03-31 17:17:51] [world] The Player <Tester> has executed => /ec
[2024-03-31 17:17:57] [world] The Player <Char> has executed => /ec Tester
[2024-03-31 17:18:04] [world] The Player <Tester> has executed => /ec
[2024-03-31 17:18:07] [world] The Player <Tester> has executed => /ec see
[2024-03-31 17:18:12] [world] The Player <Tester> has executed => /ec Char
[2024-03-31 17:18:13] [world] The Player <Char> has executed => /ec Tester
[2024-03-31 17:18:17] [world] The Player <Char> has executed => /ec BTC
[2024-03-31 17:18:18] [world] The Player <Tester> has executed => /ec BTC
[2024-03-31 17:18:31] [world] The Player <Tester> has executed => /chest
[2024-03-31 17:18:42] [world] The Player <BTC> has executed => /chest
[2024-03-31 17:18:42] [world] The Player <Char> has executed => /ec BTC
[2024-03-31 17:18:51] [world] The Player <Tester> has executed => /ec BTC
[2024-03-31 17:18:54] [world] The Player <Char> has executed => /enderchest
[2024-03-31 17:18:57] [world] The Player <BTC> has executed => /enderchest
[2024-03-31 17:18:58] [world] The Player <Char> has executed => /enderchest BTC
[2024-03-31 17:19:03] [world] The Player <BTC> has executed => /dont got perms
[2024-03-31 17:19:08] [world] The Player <Tester> has executed => /ec
[2024-03-31 17:19:11] [world] The Player <Tester> has executed => /ec BTC
[2024-03-31 17:19:16] [world] The Player <Char> has executed => /give BTC minecraft:en
[2024-03-31 17:19:19] [world] The Player <Char> has executed => /give BTC minecraft:ender_chest
[2024-03-31 17:19:23] [world] The Player <Tester> has executed => /give Tester minecraft:ender_chest
[2024-03-31 17:19:28] [world] The Player <Char> has executed => /enderchest BTC
[2024-03-31 17:19:29] [world] The Player <Tester> has executed => /ec BTC
[2024-03-31 17:19:35] [world] The Player <Char> has executed => /enderchest BTC
[2024-03-31 17:19:44] [world] The Player <Char> has executed => //wand
[2024-03-31 17:20:09] [world] The Player <Char> has executed => //replace sand 6
[2024-03-31 17:20:15] [world] The Player <Char> has executed => //undo
[2024-03-31 17:20:17] [world] The Player <Char> has executed => /lagg clear
[2024-03-31 17:20:20] [world] The Player <Tester> has executed => //wand
[2024-03-31 17:20:25] [world] The Player <Char> has executed => //replace sand 6
[2024-03-31 17:20:29] [world] The Player <Char> has executed => //undo
[2024-03-31 17:20:32] [world] The Player <Char> has executed => /lagg clear
[2024-03-31 17:20:34] [world] The Player <Tester> has executed => //replace coal_ore
[2024-03-31 17:20:36] [world] The Player <Tester> has executed => //undo
[2024-03-31 17:20:42] [world] The Player <Char> has executed => //replace sand air
[2024-03-31 17:20:44] [world] The Player <Char> has executed => //undo
[2024-03-31 17:20:46] [world] The Player <Tester> has executed => //replace diamond_block
[2024-03-31 17:20:48] [world] The Player <Tester> has executed => /undo
[2024-03-31 17:21:06] [world] The Player <Tester> has executed => /chest
[2024-03-31 17:21:15] [world] The Player <Tester> has executed => /gamemode s
[2024-03-31 17:21:26] [world] The Player <Tester> has executed => /give Tester minecraft:flint_and_steel
[2024-03-31 17:21:53] [world] The Player <Tester> has executed => /.
[2024-03-31 17:21:55] [world] The Player <Tester> has executed => /gamemode c
[2024-03-31 17:21:58] [world] The Player <Tester> has executed => /af invsee BTC
[2024-03-31 17:22:04] [world] The Player <Tester> has executed => /af invsee BTC
[2024-03-31 17:22:10] [world] The Player <Tester> has executed => /gamemode s
[2024-03-31 17:22:40] [world] The Player <Tester> has executed => /gamemode c
[2024-03-31 17:22:44] [world] The Player <Tester> has executed => /tp BTC Tester
[2024-03-31 17:23:03] [world] The Player <Tester> has executed => //replace dirt
[2024-03-31 17:23:07] [world] The Player <Tester> has executed => //replace wood
[2024-03-31 17:23:15] [world] The Player <Tester> has executed => /replace bedrock
[2024-03-31 17:23:19] [world] The Player <Tester> has executed => //replace bedrock
[2024-03-31 17:23:27] [world] The Player <Tester> has executed => //replace sand
[2024-03-31 17:23:32] [world] The Player <Tester> has executed => /af zap BTC
[2024-03-31 17:24:40] [world] The Player <Tester> has executed => /time set night
[2024-03-31 17:24:52] [world] The Player <Tester> has executed => /weather thunder
[2024-03-31 17:24:57] [world] The Player <Tester> has executed => /
[2024-03-31 17:25:00] [world] The Player <Tester> has executed => /af fakequit
[2024-03-31 17:25:01] [world] The Player <BTC> has executed => /home Base2
[2024-03-31 17:25:11] [world] The Player <Tester> has executed => /gamemode sp
[2024-03-31 17:25:13] [world] The Player <Tester> has executed => /tp BTC
[2024-03-31 17:25:50] [world] The Player <Tester> has executed => /af help
[2024-03-31 17:25:57] [world] The Player <Tester> has executed => /af help 2
[2024-03-31 17:26:12] [world] The Player <Tester> has executed => /af spamcast test
[2024-03-31 17:26:16] [world] The Player <Tester> has executed => /af help
[2024-03-31 17:26:23] [world] The Player <Tester> has executed => /af help 3
[2024-03-31 17:26:26] [world] The Player <Tester> has executed => /
[2024-03-31 17:27:19] [world] The Player <Tester> has executed => /af fakeqquit
[2024-03-31 17:27:25] [world] The Player <Tester> has executed => /af fakequit
[2024-03-31 17:27:38] [world] The Player <Tester> has executed => /af invsee GolemDaWanderer
[2024-03-31 17:27:51] [world] The Player <GolemDaWanderer> has executed => /chest
[2024-03-31 17:27:56] [world] The Player <Tester> has executed => /gamemode c
[2024-03-31 17:28:00] [world] The Player <Tester> has executed => /af invsee GolemDaWanderer
[2024-03-31 17:28:53] [world] The Player <Tester> has executed => /af invsee GolemDaWanderer
[2024-03-31 17:29:20] [world] The Player <Tester> has executed => /af invsee GolemDaWanderer
[2024-03-31 17:29:29] [world] The Player <Tester> has executed => /af invsee GolemDaWanderer
[2024-03-31 17:29:51] [world] The Player <Tester> has executed => /gamemode sp
[2024-03-31 17:29:52] [world] The Player <Tester> has executed => /tp GolemDaWanderer
[2024-03-31 17:30:21] [world] The Player <Tester> has executed => /summon LavaSlime
[2024-03-31 17:30:27] [world] The Player <Tester> has executed => /tp GolemDaWanderer
[2024-03-31 17:30:36] [world] The Player <Tester> has executed => /summon EnderCrystal
[2024-03-31 17:30:46] [world] The Player <Tester> has executed => /tp GolemDaWanderer
[2024-03-31 17:30:54] [world] The Player <Tester> has executed => /summon EnderCrystal
[2024-03-31 17:30:59] [world] The Player <Tester> has executed => /tp GolemDaWanderer Tester
[2024-03-31 17:31:32] [world] The Player <Tester> has executed => /summon Enderman
[2024-03-31 17:34:28] [world] The Player <Tester> has executed => /tp GolemDaWanderer
[2024-03-31 17:34:54] [world] The Player <Tester> has executed => /tp GolemDaWanderer
[2024-03-31 17:35:06] [world] The Player <Tester> has executed => /af help
[2024-03-31 17:35:10] [world] The Player <Tester> has executed => /af help 2
[2024-03-31 17:35:17] [world] The Player <Tester> has executed => /af spamcast Error
[2024-03-31 17:35:29] [world] The Player <GolemDaWanderer> has executed => /chest
[2024-03-31 17:35:30] [world] The Player <Tester> has executed => /af help 2
[2024-03-31 17:35:33] [world] The Player <GolemDaWanderer> has executed => /chest
[2024-03-31 17:37:21] [world] The Player <Tester> has executed => /af spamcast Error.
[2024-03-31 17:37:24] [world] The Player <Tester> has executed => /af help 2
[2024-03-31 17:37:28] [world] The Player <Tester> has executed => /af help 3
[2024-03-31 17:37:36] [world] The Player <Tester> has executed => /af fakequit Tester
[2024-03-31 17:37:39] [world] The Player <Tester> has executed => /af fakequit
[2024-03-31 17:37:49] [world] The Player <Tester> has executed => /af announce Sorry for the troubles
[2024-03-31 17:37:55] [world] The Player <Tester> has executed => /tp GolemDaWanderer
[2024-03-31 17:38:01] [world] The Player <Tester> has executed => /af bgod hi
[2024-03-31 17:38:11] [world] The Player <GolemDaWanderer> has executed => /chest
[2024-03-31 17:38:19] [world] The Player <GolemDaWanderer> has executed => /chest
[2024-03-31 17:38:20] [world] The Player <Tester> has executed => /summon Ghast
[2024-03-31 17:38:24] [world] The Player <GolemDaWanderer> has executed => /chest
[2024-03-31 17:38:29] [world] The Player <Tester> has executed => /af bgod lol
[2024-03-31 17:38:33] [world] The Player <GolemDaWanderer> has executed => /chest
[2024-03-31 17:38:34] [world] The Player <Tester> has executed => /tp GolemDaWanderer
[2024-03-31 17:38:42] [world] The Player <Tester> has executed => /af help
[2024-03-31 17:38:53] [world] The Player <Tester> has executed => /af bgod uh why
[2024-03-31 17:39:04] [world] The Player <Tester> has executed => /af console
[2024-03-31 17:39:09] [world] The Player <Tester> has executed => /af console a ghast
[2024-03-31 17:39:19] [world] The Player <Tester> has executed => /af playerchar Char e
[2024-03-31 17:39:30] [world] The Player <Tester> has executed => /af playerchat Char lol
[2024-03-31 17:39:38] [world] The Player <Tester> has executed => /af help
[2024-03-31 17:39:43] [world] The Player <Tester> has executed => /af fakejoin
[2024-03-31 17:39:48] [world] The Player <Tester> has executed => /af help 2
[2024-03-31 17:40:01] [world] The Player <Tester> has executed => /af explode Tester 3
[2024-03-31 17:40:07] [world] The Player <Tester> has executed => /gamemode c
[2024-03-31 17:40:23] [world] The Player <Tester> has executed => /summon MinecartChest
[2024-03-31 17:40:31] [world] The Player <Tester> has executed => /af bgod ?
[2024-03-31 17:40:54] [world] The Player <Tester> has executed => /af bgod lol
[2024-03-31 17:41:13] [world] The Player <Tester> has executed => /tp GolemDaWanderer
[2024-03-31 17:41:19] [world] The Player <Tester> has executed => /chest
[2024-03-31 17:41:26] [world] The Player <Tester> has executed => /af zap GolemDaWanderer
[2024-03-31 17:41:41] [world] The Player <Tester> has executed => /af invsee GolemDaWanderer
[2024-03-31 17:41:55] [world] The Player <Tester> has executed => /give Tester minecraft:anvil
[2024-03-31 17:43:06] [world] The Player <Tester> has executed => /ec GolemDaWanderer
[2024-03-31 17:43:20] [world] The Player <Tester> has executed => /ec GolemDaWanderer
[2024-03-31 17:43:51] [world] The Player <Tester> has executed => /ec GolemDaWanderer
[2024-03-31 17:44:18] [world] The Player <Tester> has executed => /tp GolemDaWanderer
[2024-03-31 17:44:22] [world] The Player <Tester> has executed => /summon Sheep
[2024-03-31 17:44:27] [world] The Player <Tester> has executed => /tp GolemDaWanderer
[2024-03-31 17:44:29] [world] The Player <Tester> has executed => /summon Sheep
[2024-03-31 17:44:44] [world] The Player <Tester> has executed => /summon Sheep
[2024-03-31 17:44:49] [world] The Player <Tester> has executed => /summon Sheep
[2024-03-31 17:44:52] [world] The Player <Tester> has executed => /summon Sheep
[2024-03-31 17:44:56] [world] The Player <Tester> has executed => /tp GolemDaWanderer Tester
[2024-03-31 17:45:01] [world] The Player <Tester> has executed => /tp GolemDaWanderer Tester
[2024-03-31 17:45:02] [world] The Player <Tester> has executed => /summon Sheep
[2024-03-31 17:45:08] [world] The Player <Tester> has executed => /summon Sheep
[2024-03-31 17:45:10] [world] The Player <Tester> has executed => /summon Sheep
[2024-03-31 17:45:11] [world] The Player <Tester> has executed => /
[2024-03-31 17:45:13] [world] The Player <Tester> has executed => /
[2024-03-31 17:45:14] [world] The Player <Tester> has executed => /summon Sheep
[2024-03-31 17:45:16] [world] The Player <Tester> has executed => /summon Sheep
[2024-03-31 17:45:23] [world] The Player <Tester> has executed => /summon Sheep
[2024-03-31 17:45:25] [world] The Player <Tester> has executed => /summon Sheep
[2024-03-31 17:45:49] [world] The Player <Tester> has executed => /summon Sheep
[2024-03-31 17:45:52] [world] The Player <Tester> has executed => /summon Sheep
[2024-03-31 17:45:55] [world] The Player <Tester> has executed => /summon Sheep
[2024-03-31 17:45:58] [world] The Player <Tester> has executed => /summon Sheep
[2024-03-31 17:46:02] [world] The Player <Tester> has executed => /time set day
[2024-03-31 17:46:14] [world] The Player <Tester> has executed => /summon Sheep
[2024-03-31 17:46:22] [world] The Player <Tester> has executed => /summon Guardian
[2024-03-31 17:46:32] [world] The Player <Tester> has executed => /tp GolemDaWanderer Tester
[2024-03-31 17:48:04] [world] The Player <Tester> has executed => /summon Guardian
[2024-03-31 17:48:05] [world] The Player <Tester> has executed => /summon Guardian
[2024-03-31 17:48:08] [world] The Player <Tester> has executed => /summon Guardian
[2024-03-31 17:48:09] [world] The Player <Tester> has executed => /summon Guardian
[2024-03-31 17:48:09] [world] The Player <Tester> has executed => /summon Guardian
[2024-03-31 17:48:10] [world] The Player <Tester> has executed => /summon Guardian
[2024-03-31 17:48:11] [world] The Player <Tester> has executed => /summon Guardian
[2024-03-31 17:48:12] [world] The Player <Tester> has executed => /summon Guardian
[2024-03-31 17:48:21] [world] The Player <GolemDaWanderer> has executed => /back
[2024-03-31 17:48:42] [world] The Player <GolemDaWanderer> has executed => /back
[2024-03-31 17:49:20] [world] The Player <Tester> has executed => /tp GolemDaWanderer Tester
[2024-03-31 17:49:50] [world] The Player <GolemDaWanderer> has executed => /back
[2024-03-31 17:49:56] [world] The Player <Tester> has executed => /summon elder_gurdian
[2024-03-31 17:50:08] [world] The Player <Tester> has executed => /summon elder_gurdian
[2024-03-31 17:50:12] [world] The Player <GolemDaWanderer> has executed => /back
[2024-03-31 17:50:16] [world] The Player <Tester> has executed => /summon elder_gurdian
[2024-03-31 17:50:39] [world] The Player <Tester> has executed => /af invsee GolemDaWanderer
[2024-03-31 17:50:58] [world] The Player <Tester> has executed => /ec GolemDaWanderer
[2024-03-31 17:51:05] [world] The Player <Tester> has executed => /ec GolemDaWanderer
[2024-03-31 17:51:38] [world] The Player <Tester> has executed => /ec GolemDaWanderer
[2024-03-31 17:53:26] [world] The Player <Tester> has executed => /ec GolemDaWanderer
[2024-03-31 17:53:39] [world] The Player <Tester> has executed => /af invsee GolemDaWanderer
[2024-03-31 17:53:56] [world] The Player <Tester> has executed => /ec GolemDaWanderer
[2024-03-31 17:54:03] [world] The Player <Tester> has executed => /af invsee GolemDaWanderer
[2024-03-31 17:54:19] [world] The Player <Tester> has executed => /af invsee GolemDaWanderer
[2024-03-31 17:54:37] [world] The Player <Tester> has executed => /ec GolemDaWanderer
[2024-03-31 17:54:50] [world] The Player <Tester> has executed => /af invsee GolemDaWanderer
[2024-03-31 17:55:12] [world] The Player <Tester> has executed => /ec GolemDaWanderer
[2024-03-31 17:56:05] [world] The Player <Tester> has executed => /ec GolemDaWanderer
[2024-03-31 17:56:09] [world] The Player <Tester> has executed => /af invsee GolemDaWanderer
[2024-03-31 17:57:45] [world] The Player <Tester> has executed => /af fakequit
[2024-03-31 17:57:47] [world] The Player <Tester> has executed => /gamemode sp
[2024-03-31 17:58:36] [world] The Player <GolemDaWanderer> has executed => /chest
[2024-03-31 17:59:30] [world] The Player <GolemDaWanderer> has executed => /chest
[2024-03-31 17:59:38] [world] The Player <GolemDaWanderer> has executed => /chest
[2024-03-31 17:59:43] [world] The Player <GolemDaWanderer> has executed => /chest
[2024-03-31 18:00:37] [world] The Player <GolemDaWanderer> has executed => /chest
[2024-03-31 18:00:45] [world] The Player <GolemDaWanderer> has executed => /chest
[2024-03-31 18:00:47] [world] The Player <Tester> has executed => /gamemode c
[2024-03-31 18:00:58] [world] The Player <Tester> has executed => /gamemode sp
[2024-03-31 18:01:35] [world] The Player <Tester> has executed => /gamemode sp GolemDaWanderer
[2024-03-31 18:02:07] [world] The Player <Tester> has executed => /gamemode c
[2024-03-31 18:02:12] [world] The Player <Tester> has executed => /gamemode sp
[2024-03-31 18:02:34] [world] The Player <Tester> has executed => /gamemode c
[2024-03-31 18:03:01] [world] The Player <Tester> has executed => /gamemode sp
[2024-03-31 18:03:17] [world] The Player <Tester> has executed => /tp GolemDaWanderer Tester
[2024-03-31 18:03:29] [world] The Player <Tester> has executed => /tp GolemDaWanderer
[2024-03-31 18:03:42] [world] The Player <Tester> has executed => /tp GolemDaWanderer
[2024-03-31 18:04:10] [world] The Player <Tester> has executed => /tp GolemDaWanderer
[2024-03-31 18:04:22] [world] The Player <Tester> has executed => /tp GolemDaWanderer
[2024-03-31 18:05:04] [world] The Player <Tester> has executed => /tp GolemDaWanderer
[2024-03-31 18:05:28] [world] The Player <Tester> has executed => /gamemode s GolemDaWanderer
[2024-03-31 18:05:38] [world] The Player <Tester> has executed => /gamemode c
[2024-03-31 18:06:44] [world] The Player <Tester> has executed => /tp GolemDaWanderer
[2024-03-31 18:07:33] [world] The Player <Tester> has executed => /kill @e
[2024-03-31 18:07:37] [world] The Player <GolemDaWanderer> has executed => /back
[2024-03-31 18:07:41] [world] The Player <Tester> has executed => /tp GolemDaWanderer
[2024-03-31 18:07:47] [world] The Player <Tester> has executed => /tp GolemDaWanderer
[2024-03-31 18:08:20] [world] The Player <GolemDaWanderer> has executed => /vcp create bro
[2024-03-31 18:08:23] [world] The Player <GolemDaWanderer> has executed => /chest
[2024-03-31 18:10:16] [world] The Player <GolemDaWanderer> has executed => /chest
[2024-03-31 18:10:29] [world] The Player <GolemDaWanderer> has executed => /chest
[2024-03-31 18:10:35] [world] The Player <GolemDaWanderer> has executed => /chest
[2024-03-31 18:10:39] [world] The Player <GolemDaWanderer> has executed => /chest
[2024-03-31 18:10:48] [world] The Player <GolemDaWanderer> has executed => /chest
[2024-03-31 18:24:12] [world] The Player <Marshtomp17> has executed => /homes
[2024-03-31 18:45:29] [world] The Player <GolemDaWanderer> has executed => /chest
[2024-03-31 18:45:48] [world] The Player <GolemDaWanderer> has executed => /chest
[2024-03-31 18:46:05] [world] The Player <GolemDaWanderer> has executed => /chest
[2024-03-31 18:46:13] [world] The Player <GolemDaWanderer> has executed => /chest
[2024-03-31 18:46:30] [world] The Player <GolemDaWanderer> has executed => /chest
[2024-03-31 19:19:22] [world] The Player <GolemDaWanderer> has executed => /chest
[2024-03-31 19:23:14] [world] The Player <GolemDaWanderer> has executed => /chest
[2024-03-31 19:26:42] [world] The Player <GolemDaWanderer> has executed => /back
[2024-03-31 19:41:33] [world] The Player <GolemDaWanderer> has executed => /home kill
[2024-03-31 21:32:31] [world] The Player <GolemDaWanderer> has executed => /chest
[2024-03-31 21:33:31] [world] The Player <GolemDaWanderer> has executed => /chest
[2024-03-31 21:33:35] [world] The Player <GolemDaWanderer> has executed => /chest
[2024-03-31 21:34:03] [world] The Player <GolemDaWanderer> has executed => /chest
[2024-03-31 21:34:32] [world] The Player <GolemDaWanderer> has executed => /home 2
[2024-03-31 21:43:10] [world] The Player <GolemDaWanderer> has executed => /back
[2024-03-31 21:45:58] [world] The Player <GolemDaWanderer> has executed => /back
[2024-03-31 21:53:11] [world_the_end] The Player <GolemDaWanderer> has executed => /enderchest
[2024-03-31 21:58:00] [world] The Player <GolemDaWanderer> has executed => /back
[2024-03-31 21:58:54] [world] The Player <GolemDaWanderer> has executed => /back
[2024-03-31 22:12:04] [world_the_end] The Player <GolemDaWanderer> has executed => /ec
[2024-04-01 12:02:04] [world] The Player <Tester> has executed => /ec
[2024-04-01 12:02:41] [world] The Player <Tester> has executed => /tp 33482 90 12841
[2024-04-01 12:02:59] [world] The Player <Tester> has executed => /tp -33482 90 12841
[2024-04-01 12:03:34] [world] The Player <Tester> has executed => //wand
[2024-04-01 12:03:54] [world] The Player <Tester> has executed => //cut
[2024-04-01 12:03:59] [world] The Player <Tester> has executed => //paste
[2024-04-01 12:04:48] [world] The Player <Tester> has executed => //fill -33522 67 13011 -33592 80 13065 air
[2024-04-01 12:05:38] [world] The Player <Tester> has executed => /fill air -33522 67 13011 -33592 80 13065
[2024-04-01 12:05:53] [world] The Player <Tester> has executed => /help 6
[2024-04-01 12:05:57] [world] The Player <Tester> has executed => /homes
[2024-04-01 12:06:18] [world] The Player <Tester> has executed => /delhome spider
[2024-04-01 12:06:29] [world] The Player <Tester> has executed => /sethome new
[2024-04-01 12:06:45] [world] The Player <Tester> has executed => //replace air
[2024-04-01 12:06:59] [world] The Player <Tester> has executed => /undo
[2024-04-01 12:07:14] [world] The Player <Tester> has executed => //replace air
[2024-04-01 12:07:23] [world] The Player <Tester> has executed => //replace air
[2024-04-01 12:07:39] [world] The Player <Tester> has executed => //replace air
[2024-04-01 12:07:57] [world] The Player <Tester> has executed => //undo
[2024-04-01 12:07:59] [world] The Player <Tester> has executed => /undo
[2024-04-01 12:08:01] [world] The Player <Tester> has executed => /undo
[2024-04-01 12:08:54] [world] The Player <Tester> has executed => /set
[2024-04-01 12:08:55] [world] The Player <Tester> has executed => //set
[2024-04-01 12:08:59] [world] The Player <Tester> has executed => //set block
[2024-04-01 12:09:06] [world] The Player <Tester> has executed => //setblock stone
[2024-04-01 12:09:11] [world] The Player <Tester> has executed => //set stone
[2024-04-01 12:09:14] [world] The Player <Tester> has executed => //undo
[2024-04-01 12:09:25] [world] The Player <Tester> has executed => /setblock stone
[2024-04-01 12:09:40] [world] The Player <Tester> has executed => /setblock -33415 170 13479 stone
[2024-04-01 12:11:21] [world] The Player <Tester> has executed => //fill stone
[2024-04-01 12:11:26] [world] The Player <Tester> has executed => //replace stone
[2024-04-01 12:11:39] [world] The Player <Tester> has executed => //wand help
[2024-04-01 12:11:42] [world] The Player <Tester> has executed => /wand help
[2024-04-01 12:11:45] [world] The Player <Tester> has executed => /help 5
[2024-04-01 12:11:48] [world] The Player <Tester> has executed => /help 6
[2024-04-01 12:11:50] [world] The Player <Tester> has executed => /help 4
[2024-04-01 12:11:52] [world] The Player <Tester> has executed => /help 7
[2024-04-01 12:11:57] [world] The Player <Tester> has executed => /help 8
[2024-04-01 12:12:07] [world] The Player <Tester> has executed => //green
[2024-04-01 12:12:28] [world] The Player <Tester> has executed => //
[2024-04-01 12:12:33] [world] The Player <Tester> has executed => //:
[2024-04-01 12:12:35] [world] The Player <Tester> has executed => /;
[2024-04-01 12:12:38] [world] The Player <Tester> has executed => /undo
[2024-04-01 12:12:41] [world] The Player <Tester> has executed => /fill
[2024-04-01 12:13:11] [world] The Player <Tester> has executed => /fill stone -33369 170 13428 -33425 170 13479
[2024-04-01 12:13:23] [world] The Player <Tester> has executed => /delhome new
[2024-04-01 12:13:26] [world] The Player <Tester> has executed => /sethome new
[2024-04-01 12:13:36] [world] The Player <Char> has executed => /bal
[2024-04-01 12:13:59] [world] The Player <Tester> has executed => /fill -33425 170 13479 -33369 170 13428 stone
[2024-04-01 12:14:33] [world] The Player <Tester> has executed => /delhome new
[2024-04-01 12:14:35] [world] The Player <Tester> has executed => /sethome new
[2024-04-01 12:14:53] [world] The Player <Char> has executed => /reload
