[2024-03-18 11:10:08] [world] The Player <qwerty> has died with 27 level(s) at X= -554, Y= 69, Z= 255 | caused by ENTITY_ATTACK | 
[2024-03-18 11:18:29] [world] The Player <Rip_Dogwater> has died with 81 level(s) at X= -707, Y= 68, Z= 296 | caused by FALL | 
[2024-03-18 11:33:46] [world] The Player <sharky> has died with 5 level(s) at X= -486, Y= 71, Z= -468 | caused by FALL | 
[2024-03-18 12:08:57] [world] The Player <Brycethelegend> has died with 11 level(s) at X= 103, Y= 48, Z= 1663 | caused by DROWNING | 
[2024-03-18 12:16:49] [world] The Player <Brycethelegend> has died with 12 level(s) at X= -613, Y= 72, Z= 328 | caused by FALL | 
[2024-03-18 12:18:50] [world_the_end] The Player <Brycethelegend> has died with 12 level(s) at X= 92, Y= -189, Z= -12 | caused by VOID | 
[2024-03-18 12:23:13] [world_nether] The Player <Brycethelegend> has died with 13 level(s) at X= -46, Y= 32, Z= 26 | caused by ENTITY_ATTACK | 
[2024-03-18 12:28:39] [world_nether] The Player <theproman3387> has died with 10 level(s) at X= -66, Y= 32, Z= 31 | caused by FIRE_TICK | 
[2024-03-18 12:31:12] [world_the_end] The Player <Rip_Dogwater> has died with 81 level(s) at X= 96, Y= -169, Z= -11 | caused by VOID | 
[2024-03-18 12:31:12] [world_the_end] The Player <theproman3387> has died with 10 level(s) at X= -54, Y= 45, Z= 6 | caused by FALL | 
[2024-03-18 12:33:51] [world_the_end] The Player <theproman3387> has died with 10 level(s) at X= -53, Y= 41, Z= -2 | caused by FALL | 
[2024-03-18 12:44:14] [world_the_end] The Player <Rip_Dogwater> has died with 81 level(s) at X= 19, Y= 59, Z= 20 | caused by ENTITY_ATTACK | 
[2024-03-18 12:52:57] [world_nether] The Player <Brycethelegend> has died with 19 level(s) at X= -139, Y= 33, Z= -95 | caused by FALL | 
[2024-03-18 12:59:57] [world_nether] The Player <Brycethelegend> has died with 19 level(s) at X= -138, Y= 56, Z= -96 | caused by FIRE_TICK | 
[2024-03-18 13:03:45] [world] The Player <kirbo> has died with 10 level(s) at X= -844, Y= 52, Z= 1213 | caused by DROWNING | 
[2024-03-18 13:30:34] [world] The Player <VeerIsKKK> has died with 25 level(s) at X= 502, Y= 65, Z= 2262 | caused by FALL | 
[2024-03-18 13:34:45] [world_the_end] The Player <VeerIsKKK> has died with 25 level(s) at X= 89, Y= -158, Z= -91 | caused by VOID | 
[2024-03-18 13:48:54] [world] The Player <Tester> has died with 32 level(s) at X= -10186, Y= 63, Z= 4110 | caused by Player | Koi
[2024-03-18 13:49:09] [world] The Player <Rip_Dogwater> has died with 81 level(s) at X= -10185, Y= 64, Z= 4120 | caused by Player | Koi
[2024-03-18 13:49:13] [world] The Player <Tester> has died with 32 level(s) at X= -10182, Y= 64, Z= 4118 | caused by Player | Koi
[2024-03-18 13:53:33] [world_nether] The Player <Brycethelegend> has died with 20 level(s) at X= -139, Y= 34, Z= -97 | caused by FIRE_TICK | 
[2024-03-18 13:54:13] [world] The Player <character> has died with 22 level(s) at X= -742, Y= 34, Z= 173 | caused by LAVA | 
[2024-03-18 13:55:54] [world] The Player <somebody139> has died with 0 level(s) at X= -579, Y= 9, Z= 354 | caused by FALL | 
[2024-03-18 13:56:18] [world] The Player <Sword4001> has died with 15 level(s) at X= -574, Y= 67, Z= 303 | caused by Player | VeerIsKKK
[2024-03-18 13:56:54] [world_the_end] The Player <VeerIsKKK> has died with 25 level(s) at X= 99, Y= -158, Z= -11 | caused by VOID | 
[2024-03-18 13:57:05] [world_nether] The Player <Brycethelegend> has died with 22 level(s) at X= -156, Y= 32, Z= -101 | caused by FIRE_TICK | 
[2024-03-18 13:59:32] [world_nether] The Player <Pog4lifepeople> has died with 16 level(s) at X= -55, Y= 87, Z= -43 | caused by LAVA | 
[2024-03-18 13:59:33] [world_the_end] The Player <Brycethelegend> has died with 22 level(s) at X= -19, Y= -67, Z= -48 | caused by VOID | 
[2024-03-18 14:00:09] [world_the_end] The Player <Pog4lifepeople> has died with 16 level(s) at X= 50, Y= 62, Z= 29 | caused by Player | VeerIsKKK
[2024-03-18 14:00:20] [world_the_end] The Player <VeerIsKKK> has died with 25 level(s) at X= 42, Y= 63, Z= 18 | caused by Player | WienerDogFace
[2024-03-18 14:00:35] [world] The Player <sharky> has died with 5 level(s) at X= -577, Y= 68, Z= 247 | caused by Player | Brycethelegend
[2024-03-18 14:00:45] [world_the_end] The Player <Pog4lifepeople> has died with 16 level(s) at X= 42, Y= 62, Z= 37 | caused by Player | WienerDogFace
[2024-03-18 14:02:13] [world_the_end] The Player <somebody139> has died with 0 level(s) at X= -16, Y= 58, Z= 7 | caused by ENTITY_ATTACK | 
[2024-03-18 14:03:02] [world_the_end] The Player <VeerIsKKK> has died with 26 level(s) at X= 26, Y= 63, Z= 11 | caused by Player | WienerDogFace
[2024-03-18 14:03:24] [world_the_end] The Player <somebody139> has died with 0 level(s) at X= 24, Y= 64, Z= 9 | caused by Player | WienerDogFace
[2024-03-18 14:04:13] [world_the_end] The Player <somebody139> has died with 0 level(s) at X= 15, Y= 60, Z= -8 | caused by Player | VeerIsKKK
[2024-03-18 14:04:17] [world_the_end] The Player <WienerDogFace> has died with 15 level(s) at X= 15, Y= 60, Z= -11 | caused by Player | VeerIsKKK
[2024-03-18 14:04:45] [world_the_end] The Player <somebody139> has died with 0 level(s) at X= 43, Y= 64, Z= 8 | caused by Player | VeerIsKKK
[2024-03-18 14:04:45] [world_the_end] The Player <WienerDogFace> has died with 15 level(s) at X= 41, Y= 64, Z= 8 | caused by Player | VeerIsKKK
[2024-03-18 14:04:51] [world_the_end] The Player <VeerIsKKK> has died with 26 level(s) at X= 34, Y= 63, Z= 4 | caused by Player | Tester
[2024-03-18 14:04:57] [world] The Player <somebody139> has died with 0 level(s) at X= -574, Y= 68, Z= 317 | caused by Player | VeerIsKKK
[2024-03-18 14:04:57] [world] The Player <WienerDogFace> has died with 15 level(s) at X= -574, Y= 68, Z= 317 | caused by Player | VeerIsKKK
[2024-03-18 14:05:02] [world] The Player <somebody139> has died with 0 level(s) at X= -574, Y= 69, Z= 319 | caused by Player | VeerIsKKK
[2024-03-18 14:05:03] [world] The Player <WienerDogFace> has died with 15 level(s) at X= -574, Y= 69, Z= 318 | caused by Player | VeerIsKKK
[2024-03-18 14:05:06] [world] The Player <somebody139> has died with 0 level(s) at X= -573, Y= 68, Z= 316 | caused by Player | VeerIsKKK
[2024-03-18 14:05:06] [world] The Player <WienerDogFace> has died with 15 level(s) at X= -573, Y= 68, Z= 316 | caused by Player | VeerIsKKK
[2024-03-18 14:05:08] [world] The Player <somebody139> has died with 0 level(s) at X= -573, Y= 68, Z= 316 | caused by Player | VeerIsKKK
[2024-03-18 14:05:12] [world] The Player <somebody139> has died with 0 level(s) at X= -573, Y= 68, Z= 316 | caused by Player | VeerIsKKK
[2024-03-18 14:05:19] [world_the_end] The Player <VeerIsKKK> has died with 26 level(s) at X= 98, Y= 49, Z= 1 | caused by Player | WienerDogFace
[2024-03-18 14:05:37] [world_the_end] The Player <VeerIsKKK> has died with 26 level(s) at X= 106, Y= -365, Z= -8 | caused by VOID | 
[2024-03-18 14:05:38] [world_the_end] The Player <somebody139> has died with 0 level(s) at X= 107, Y= 44, Z= 6 | caused by Player | WienerDogFace
[2024-03-18 14:10:21] [world_nether] The Player <Brycethelegend> has died with 23 level(s) at X= -149, Y= 67, Z= -96 | caused by FIRE_TICK | 
[2024-03-18 14:11:30] [world] The Player <The_Amazing_Yao> has died with 6 level(s) at X= -382, Y= 66, Z= 1017 | caused by FALL | 
[2024-03-18 14:13:11] [world] The Player <sharky> has died with 5 level(s) at X= -484, Y= 71, Z= -484 | caused by Player | WienerDogFace
[2024-03-18 14:13:32] [world] The Player <somebody139> has died with 0 level(s) at X= -489, Y= 72, Z= -484 | caused by Player | WienerDogFace
[2024-03-18 14:13:57] [world] The Player <sharky> has died with 5 level(s) at X= -498, Y= 70, Z= -465 | caused by Player | WienerDogFace
[2024-03-18 14:15:03] [world_the_end] The Player <MonkeyTrainer> has died with 8 level(s) at X= 101, Y= 22, Z= 1 | caused by FALL | 
[2024-03-18 14:15:46] [world_nether] The Player <Brycethelegend> has died with 24 level(s) at X= -135, Y= 67, Z= -101 | caused by PROJECTILE | 
[2024-03-18 14:18:12] [world] The Player <sharky> has died with 5 level(s) at X= -527, Y= 64, Z= 325 | caused by Player | Brycethelegend
[2024-03-18 14:18:19] [world_the_end] The Player <MonkeyTrainer> has died with 8 level(s) at X= 97, Y= -88, Z= -6 | caused by VOID | 
[2024-03-18 14:18:46] [world_nether] The Player <qwerty> has died with 29 level(s) at X= -134, Y= 68, Z= -90 | caused by FIRE_TICK | 
[2024-03-18 14:18:57] [world] The Player <MrBlob2U> has died with 27 level(s) at X= -500, Y= 10, Z= -441 | caused by LAVA | 
[2024-03-18 14:19:20] [world] The Player <somebody139> has died with 1 level(s) at X= -493, Y= 72, Z= -490 | caused by FALL | 
[2024-03-18 14:20:20] [world_the_end] The Player <MonkeyTrainer> has died with 8 level(s) at X= 100, Y= 21, Z= -4 | caused by FALL | 
[2024-03-18 14:20:34] [world] The Player <somebody139> has died with 1 level(s) at X= -503, Y= 9, Z= -443 | caused by LAVA | 
[2024-03-18 14:20:35] [world_the_end] The Player <MonkeyTrainer> has died with 8 level(s) at X= 100, Y= 50, Z= 0 | caused by SUFFOCATION | 
[2024-03-18 14:21:38] [world] The Player <Brycethelegend> has died with 24 level(s) at X= -455, Y= 6, Z= 313 | caused by FALL | 
[2024-03-18 14:21:43] [world_nether] The Player <qwerty> has died with 30 level(s) at X= -146, Y= 67, Z= -120 | caused by FIRE_TICK | 
[2024-03-18 14:21:56] [world] The Player <Brycethelegend> has died with 24 level(s) at X= -454, Y= 6, Z= 310 | caused by LAVA | 
[2024-03-18 14:22:32] [world] The Player <proman50> has died with 3 level(s) at X= -239, Y= 48, Z= 417 | caused by DROWNING | 
[2024-03-18 14:23:06] [world] The Player <Brycethelegend> has died with 24 level(s) at X= -452, Y= 10, Z= 314 | caused by FIRE_TICK | 
[2024-03-18 14:26:03] [world_the_end] The Player <VeerIsKKK> has died with 26 level(s) at X= -14, Y= 61, Z= -13 | caused by ENTITY_ATTACK | 
[2024-03-18 14:27:09] [world] The Player <character> has died with 19 level(s) at X= -458, Y= 69, Z= -475 | caused by FALL | 
[2024-03-18 14:28:21] [world] The Player <Biggie_Vinny> has died with 12 level(s) at X= -786, Y= 18, Z= 437 | caused by FIRE_TICK | 
[2024-03-18 14:29:00] [world] The Player <VeerIsKKK> has died with 26 level(s) at X= -614, Y= 68, Z= 314 | caused by Player | Rip_Dogwater
[2024-03-18 14:30:05] [world] The Player <Dave_TheCoolguy_> has died with 5 level(s) at X= -703, Y= 63, Z= 280 | caused by DROWNING | 
[2024-03-18 14:30:59] [world_the_end] The Player <Biggie_Vinny> has died with 12 level(s) at X= 95, Y= 34, Z= -1 | caused by FALL | 
[2024-03-18 14:31:13] [world_the_end] The Player <Biggie_Vinny> has died with 12 level(s) at X= 90, Y= -124, Z= -14 | caused by VOID | 
[2024-03-18 14:32:48] [world] The Player <VeerIsKKK> has died with 26 level(s) at X= -451, Y= 10, Z= 312 | caused by FIRE_TICK | 
[2024-03-18 14:33:30] [world_nether] The Player <Rip_Dogwater> has died with 75 level(s) at X= 31, Y= 24, Z= 65 | caused by LAVA | 
[2024-03-18 14:34:54] [world] The Player <Tester> has died with 17 level(s) at X= -429, Y= 12, Z= 1405 | caused by Player | WienerDogFace
[2024-03-18 14:35:25] [world] The Player <MonkeyTrainer> has died with 8 level(s) at X= -590, Y= 56, Z= 332 | caused by FALL | 
[2024-03-18 14:36:04] [world] The Player <qwerty> has died with 31 level(s) at X= -529, Y= 65, Z= 301 | caused by Player | VeerIsKKK
[2024-03-18 14:36:14] [world] The Player <Rip_Dogwater> has died with 75 level(s) at X= -10245, Y= 64, Z= 4093 | caused by FALL | 
[2024-03-18 14:36:25] [world] The Player <Tester> has died with 17 level(s) at X= -435, Y= 11, Z= 1418 | caused by Player | WienerDogFace
[2024-03-18 14:37:34] [world] The Player <WienerDogFace> has died with 16 level(s) at X= -433, Y= 12, Z= 1405 | caused by Player | Tester
[2024-03-18 14:38:32] [world] The Player <Tester> has died with 17 level(s) at X= -435, Y= 11, Z= 1417 | caused by Player | WienerDogFace
[2024-03-18 14:38:55] [world] The Player <VeerIsKKK> has died with 26 level(s) at X= 499, Y= 74, Z= 2250 | caused by FALL | 
[2024-03-18 14:39:21] [world] The Player <WienerDogFace> has died with 16 level(s) at X= -424, Y= 6, Z= 1405 | caused by Player | Tester
[2024-03-18 14:39:36] [world] The Player <sharky> has died with 6 level(s) at X= -603, Y= 58, Z= 382 | caused by FALL | 
[2024-03-18 14:43:54] [world] The Player <qweqazz> has died with 1 level(s) at X= -604, Y= 68, Z= 328 | caused by Player | VeerIsKKK
[2024-03-18 15:10:24] [world_the_end] The Player <hexa> has died with 0 level(s) at X= 99, Y= 33, Z= -2 | caused by FALL | 
[2024-03-18 15:10:57] [world_nether] The Player <qwerty> has died with 31 level(s) at X= -141, Y= 29, Z= -96 | caused by LAVA | 
[2024-03-18 15:11:26] [world_the_end] The Player <qwerty> has died with 31 level(s) at X= 100, Y= -192, Z= -6 | caused by VOID | 
[2024-03-18 15:15:53] [world_nether] The Player <qwerty> has died with 32 level(s) at X= -34, Y= 28, Z= 143 | caused by FALL | 
[2024-03-18 15:21:43] [world] The Player <qwerty> has died with 32 level(s) at X= -683, Y= 45, Z= 224 | caused by FALL | 
[2024-03-18 15:22:19] [world] The Player <sharky> has died with 6 level(s) at X= -501, Y= 8, Z= -441 | caused by FIRE_TICK | 
[2024-03-18 15:31:46] [world] The Player <Rip_Dogwater> has died with 75 level(s) at X= -681, Y= 2, Z= 296 | caused by LAVA | 
[2024-03-18 15:43:38] [world] The Player <Tester> has died with 17 level(s) at X= -9458, Y= 79, Z= 3875 | caused by FALL | 
[2024-03-18 15:43:40] [world] The Player <Uwupapa> has died with 1 level(s) at X= -602, Y= 68, Z= 305 | caused by FALL | 
[2024-03-18 15:57:04] [world] The Player <hexa> has died with 1 level(s) at X= -706, Y= 65, Z= 250 | caused by Player | NezukoChan
[2024-03-18 16:02:36] [world] The Player <hexa> has died with 4 level(s) at X= -1492, Y= 70, Z= 251 | caused by SUFFOCATION | 
[2024-03-18 16:03:20] [world] The Player <hexa> has died with 4 level(s) at X= -1492, Y= 71, Z= 249 | caused by SUFFOCATION | 
[2024-03-18 16:07:49] [world_the_end] The Player <NezukoChan> has died with 24 level(s) at X= -169, Y= 57, Z= 39 | caused by FALL | 
[2024-03-18 16:08:16] [world_the_end] The Player <NezukoChan> has died with 24 level(s) at X= 99, Y= -92, Z= 13 | caused by VOID | 
[2024-03-18 16:08:55] [world_nether] The Player <NezukoChan> has died with 24 level(s) at X= -67, Y= 29, Z= 28 | caused by LAVA | 
[2024-03-18 16:10:04] [world] The Player <Rip_WillOfTheD> has died with 30 level(s) at X= 496, Y= 81, Z= 2241 | caused by ENTITY_EXPLOSION | 
[2024-03-18 16:10:54] [world] The Player <Rip_WillOfTheD> has died with 30 level(s) at X= -587, Y= 68, Z= 312 | caused by Player | NezukoChan
[2024-03-18 19:53:19] [world] The Player <Gakzilla> has died with 9 level(s) at X= -597, Y= 68, Z= 337 | caused by FALL | 
[2024-03-18 20:47:55] [world] The Player <NezukoChan> has died with 24 level(s) at X= -10189, Y= 63, Z= 4090 | caused by FALL | 
[2024-03-18 20:50:19] [world] The Player <NezukoChan> has died with 24 level(s) at X= -10173, Y= 64, Z= 4118 | caused by VOID | 
[2024-03-18 20:51:11] [world] The Player <NezukoChan> has died with 24 level(s) at X= -10173, Y= 63, Z= 4111 | caused by FALL | 
[2024-03-18 20:53:50] [world] The Player <NezukoChan> has died with 24 level(s) at X= -10180, Y= 63, Z= 4103 | caused by FALL | 
[2024-03-18 21:10:02] [world] The Player <character> has died with 20 level(s) at X= -742, Y= 34, Z= 173 | caused by LAVA | 
[2024-03-18 21:27:35] [world_nether] The Player <NezukoChan> has died with 24 level(s) at X= -80, Y= 56, Z= 75 | caused by FALL | 
[2024-03-18 21:29:23] [world_the_end] The Player <NezukoChan> has died with 24 level(s) at X= 34, Y= -155, Z= 93 | caused by VOID | 
[2024-03-18 21:55:33] [world] The Player <character> has died with 22 level(s) at X= -746, Y= 30, Z= 161 | caused by FALL | 
[2024-03-18 22:58:40] [world_the_end] The Player <NezukoChan> has died with 24 level(s) at X= 7, Y= 58, Z= -67 | caused by ENTITY_ATTACK | 
