[2024-03-19 12:04:39] [world_the_end] The Player <qwerty> has died with 13 level(s) at X= 100, Y= 33, Z= -3 | caused by FALL | 
[2024-03-19 12:06:37] [world_the_end] The Player <qwerty> has died with 13 level(s) at X= 53, Y= 62, Z= 12 | caused by ENTITY_ATTACK | 
[2024-03-19 12:31:54] [world] The Player <General_Rihan> has died with 18 level(s) at X= -634, Y= 64, Z= 278 | caused by LAVA | 
[2024-03-19 12:37:35] [world] The Player <sharky> has died with 5 level(s) at X= -471, Y= 71, Z= -453 | caused by FALL | 
[2024-03-19 12:43:11] [world] The Player <Get_dick_slapped> has died with 0 level(s) at X= -747, Y= 64, Z= 489 | caused by ENTITY_ATTACK | 
[2024-03-19 12:45:02] [world] The Player <Get_dick_slapped> has died with 0 level(s) at X= -624, Y= 68, Z= 240 | caused by Player | hi_
[2024-03-19 13:49:47] [world] The Player <sharky> has died with 5 level(s) at X= -496, Y= 55, Z= -482 | caused by LAVA | 
[2024-03-19 13:59:29] [world] The Player <Rip_Dogwater> has died with 65 level(s) at X= -10170, Y= 61, Z= 4107 | caused by DROWNING | 
[2024-03-19 14:00:09] [world] The Player <minigamer> has died with 25 level(s) at X= -1550, Y= 10, Z= -202 | caused by LAVA | 
[2024-03-19 14:00:16] [world] The Player <minigamer> has died with 25 level(s) at X= -573, Y= 68, Z= 317 | caused by Player | WienerDogFace
[2024-03-19 14:00:25] [world] The Player <minigamer> has died with 25 level(s) at X= -571, Y= 69, Z= 321 | caused by Player | WienerDogFace
[2024-03-19 14:00:28] [world] The Player <minigamer> has died with 25 level(s) at X= -573, Y= 68, Z= 316 | caused by Player | WienerDogFace
[2024-03-19 14:00:39] [world] The Player <minigamer> has died with 25 level(s) at X= -573, Y= 68, Z= 316 | caused by FIRE_TICK | 
[2024-03-19 14:00:46] [world] The Player <minigamer> has died with 25 level(s) at X= -571, Y= 69, Z= 315 | caused by Player | Rip_Dogwater
[2024-03-19 14:00:53] [world] The Player <minigamer> has died with 25 level(s) at X= -573, Y= 68, Z= 316 | caused by Player | Rip_Dogwater
[2024-03-19 14:01:01] [world] The Player <MrBlob2U> has died with 29 level(s) at X= -613, Y= 25, Z= 183 | caused by FALL | 
[2024-03-19 14:01:19] [world] The Player <minigamer> has died with 25 level(s) at X= -572, Y= 69, Z= 313 | caused by Player | Rip_Dogwater
[2024-03-19 14:02:03] [world_the_end] The Player <somebody139> has died with 1 level(s) at X= 101, Y= -571, Z= 6 | caused by VOID | 
[2024-03-19 14:02:12] [world] The Player <A_Random_Doggo> has died with 0 level(s) at X= -571, Y= 68, Z= 283 | caused by Player | Milk_Frog
[2024-03-19 14:03:37] [world] The Player <somebody139> has died with 0 level(s) at X= -603, Y= 68, Z= 233 | caused by Player | WienerDogFace
[2024-03-19 14:03:54] [world] The Player <qwerty> has died with 18 level(s) at X= -569, Y= 88, Z= 286 | caused by Player | Rip_Dogwater
[2024-03-19 14:04:28] [world] The Player <VeerIsKKK> has died with 26 level(s) at X= 523, Y= 79, Z= 2248 | caused by FALL | 
[2024-03-19 14:05:05] [world] The Player <hi_> has died with 13 level(s) at X= -1372, Y= 13, Z= -247 | caused by FALL | 
[2024-03-19 14:08:14] [world] The Player <qwerty> has died with 18 level(s) at X= -563, Y= 64, Z= 236 | caused by FALL | 
[2024-03-19 14:08:15] [world_the_end] The Player <somebody139> has died with 0 level(s) at X= 101, Y= -67, Z= 8 | caused by VOID | 
[2024-03-19 14:35:38] [world] The Player <dick_slap> has died with 1 level(s) at X= -637, Y= 71, Z= 522 | caused by ENTITY_EXPLOSION | 
[2024-03-19 14:36:34] [world_the_end] The Player <somebody139> has died with 0 level(s) at X= 98, Y= -153, Z= 2 | caused by VOID | 
[2024-03-19 14:38:12] [world] The Player <A_Random_Person> has died with 26 level(s) at X= -532, Y= 65, Z= 289 | caused by FALL | 
[2024-03-19 14:40:00] [world_the_end] The Player <somebody139> has died with 3 level(s) at X= 59, Y= 35, Z= -20 | caused by FALL | 
[2024-03-19 14:42:11] [world] The Player <A_Random_Person> has died with 26 level(s) at X= -775, Y= 70, Z= 827 | caused by FALL | 
[2024-03-19 14:42:45] [world] The Player <Rip_WillOfTheD> has died with 30 level(s) at X= -478, Y= 74, Z= 198 | caused by FALL | 
[2024-03-19 14:44:15] [world] The Player <dick_slap> has died with 5 level(s) at X= -886, Y= 66, Z= 846 | caused by ENTITY_ATTACK | 
[2024-03-19 14:50:56] [world] The Player <Rip_Dogwater> has died with 52 level(s) at X= -10108, Y= 7, Z= 4038 | caused by LAVA | 
[2024-03-19 15:01:21] [world] The Player <WienerDogFace> has died with 18 level(s) at X= -456, Y= 7, Z= 1327 | caused by LIGHTNING | 
[2024-03-19 15:02:45] [world] The Player <WienerDogFace> has died with 17 level(s) at X= -456, Y= 7, Z= 1327 | caused by Player | Char
[2024-03-19 15:04:32] [world] The Player <Rip_Dogwater> has died with 52 level(s) at X= 9987, Y= 71, Z= 1055 | caused by Player | WienerDogFace
[2024-03-19 15:05:20] [world] The Player <WienerDogFace> has died with 17 level(s) at X= 10003, Y= 72, Z= 1061 | caused by Player | Rip_Dogwater
[2024-03-19 15:05:40] [world] The Player <Rip_Dogwater> has died with 52 level(s) at X= 9995, Y= 69, Z= 1074 | caused by Player | WienerDogFace
[2024-03-19 15:06:09] [world] The Player <WienerDogFace> has died with 17 level(s) at X= 9982, Y= 71, Z= 1067 | caused by Player | Rip_Dogwater
[2024-03-19 15:06:23] [world] The Player <Rip_Dogwater> has died with 52 level(s) at X= 9989, Y= 71, Z= 1055 | caused by Player | Char
[2024-03-19 15:08:45] [world] The Player <Rip_Dogwater> has died with 52 level(s) at X= 9970, Y= 70, Z= 1106 | caused by ENTITY_EXPLOSION | 
[2024-03-19 15:09:04] [world] The Player <Rip_Dogwater> has died with 52 level(s) at X= 9972, Y= 67, Z= 1099 | caused by FIRE_TICK | 
[2024-03-19 15:09:15] [world] The Player <Brycethelegend> has died with 18 level(s) at X= -393, Y= 56, Z= -173 | caused by DROWNING | 
[2024-03-19 15:09:34] [world] The Player <Rip_Dogwater> has died with 52 level(s) at X= 9977, Y= 71, Z= 1082 | caused by Player | WienerDogFace
[2024-03-19 15:09:49] [world] The Player <WienerDogFace> has died with 18 level(s) at X= 9976, Y= 71, Z= 1080 | caused by Player | Rip_Dogwater
[2024-03-19 15:09:52] [world] The Player <WienerDogFace> has died with 18 level(s) at X= -573, Y= 68, Z= 316 | caused by Player | Brycethelegend
[2024-03-19 15:11:24] [world] The Player <WienerDogFace> has died with 18 level(s) at X= 10143, Y= 54, Z= 799 | caused by VOID | 
[2024-03-19 17:53:48] [world] The Player <Heinrich_Himmler> has died with 16 level(s) at X= -641, Y= 10, Z= 416 | caused by SUFFOCATION | 
[2024-03-19 18:42:10] [world_nether] The Player <Heinrich_Himmler> has died with 16 level(s) at X= -28, Y= 31, Z= 41 | caused by FIRE | 
[2024-03-19 18:49:21] [world_the_end] The Player <Heinrich_Himmler> has died with 16 level(s) at X= -113, Y= -201, Z= 32 | caused by VOID | 
[2024-03-19 18:51:26] [world_the_end] The Player <Heinrich_Himmler> has died with 16 level(s) at X= -161, Y= -197, Z= 32 | caused by VOID | 
[2024-03-19 18:56:37] [world_the_end] The Player <Heinrich_Himmler> has died with 16 level(s) at X= -169, Y= 57, Z= 37 | caused by FALL | 
[2024-03-19 18:59:25] [world_the_end] The Player <Heinrich_Himmler> has died with 16 level(s) at X= -162, Y= -66, Z= 47 | caused by VOID | 
[2024-03-19 19:01:10] [world_the_end] The Player <Heinrich_Himmler> has died with 16 level(s) at X= -1, Y= 57, Z= 15 | caused by ENTITY_ATTACK | 
[2024-03-19 19:04:50] [world_the_end] The Player <Heinrich_Himmler> has died with 16 level(s) at X= 5, Y= 59, Z= 10 | caused by VOID | 
[2024-03-19 19:13:13] [world_the_end] The Player <Heinrich_Himmler> has died with 17 level(s) at X= -159, Y= 101, Z= 45 | caused by ENTITY_ATTACK | 
[2024-03-19 19:15:21] [world_the_end] The Player <Heinrich_Himmler> has died with 17 level(s) at X= -163, Y= 101, Z= 34 | caused by ENTITY_ATTACK | 
[2024-03-19 19:17:04] [world_the_end] The Player <Heinrich_Himmler> has died with 17 level(s) at X= 10, Y= 59, Z= -21 | caused by ENTITY_ATTACK | 
[2024-03-19 19:17:46] [world_the_end] The Player <Heinrich_Himmler> has died with 17 level(s) at X= -22, Y= 58, Z= -5 | caused by ENTITY_ATTACK | 
[2024-03-19 19:19:29] [world_the_end] The Player <Heinrich_Himmler> has died with 18 level(s) at X= 69, Y= 49, Z= -15 | caused by FALL | 
[2024-03-19 19:23:28] [world_nether] The Player <Heinrich_Himmler> has died with 19 level(s) at X= -131, Y= 27, Z= 54 | caused by LAVA | 
[2024-03-19 19:23:39] [world_the_end] The Player <Heinrich_Himmler> has died with 19 level(s) at X= 99, Y= -96, Z= 8 | caused by VOID | 
[2024-03-19 19:24:44] [world_nether] The Player <Heinrich_Himmler> has died with 19 level(s) at X= -40, Y= 80, Z= -37 | caused by ENTITY_ATTACK | 
[2024-03-19 19:25:52] [world_nether] The Player <Heinrich_Himmler> has died with 20 level(s) at X= -44, Y= 79, Z= -58 | caused by LAVA | 
[2024-03-19 19:35:44] [world] The Player <Heinrich_Himmler> has died with 20 level(s) at X= 99966, Y= 35, Z= 48 | caused by DROWNING | 
[2024-03-19 19:36:23] [world] The Player <Heinrich_Himmler> has died with 20 level(s) at X= 99969, Y= 61, Z= 51 | caused by DROWNING | 
[2024-03-19 19:38:45] [world] The Player <Heinrich_Himmler> has died with 20 level(s) at X= 99966, Y= 40, Z= 48 | caused by DROWNING | 
[2024-03-19 19:43:34] [world_the_end] The Player <NezukoChan> has died with 24 level(s) at X= 58, Y= 58, Z= 13 | caused by FALL | 
[2024-03-19 19:45:45] [world_the_end] The Player <NezukoChan> has died with 24 level(s) at X= 47, Y= 62, Z= 29 | caused by FALL | 
[2024-03-19 19:45:53] [world_the_end] The Player <NezukoChan> has died with 24 level(s) at X= 46, Y= 63, Z= 24 | caused by Player | Koi
[2024-03-19 19:46:01] [world_the_end] The Player <NezukoChan> has died with 24 level(s) at X= 49, Y= 63, Z= 25 | caused by FALL | 
[2024-03-19 19:46:06] [world_the_end] The Player <NezukoChan> has died with 24 level(s) at X= 48, Y= 63, Z= 24 | caused by FALL | 
[2024-03-19 19:49:01] [world_nether] The Player <NezukoChan> has died with 24 level(s) at X= 12501, Y= 77, Z= -4 | caused by Player | Koi
[2024-03-19 19:53:17] [world_nether] The Player <NezukoChan> has died with 24 level(s) at X= 12466, Y= 84, Z= -2 | caused by Player | Koi
[2024-03-19 19:53:53] [world_nether] The Player <NezukoChan> has died with 24 level(s) at X= 12470, Y= 77, Z= -13 | caused by BLOCK_EXPLOSION | 
[2024-03-19 19:57:01] [world_nether] The Player <NezukoChan> has died with 24 level(s) at X= 12526, Y= 79, Z= -11 | caused by BLOCK_EXPLOSION | 
[2024-03-19 19:58:26] [world] The Player <NezukoChan> has died with 24 level(s) at X= 1, Y= -87, Z= 1 | caused by VOID | 
[2024-03-19 19:58:44] [world] The Player <NezukoChan> has died with 24 level(s) at X= 1, Y= -163, Z= 2 | caused by VOID | 
[2024-03-19 20:01:59] [world_nether] The Player <Mudkips_Rule> has died with 25 level(s) at X= -142, Y= 29, Z= -95 | caused by LAVA | 
[2024-03-19 20:19:18] [world] The Player <astronomy> has died with 0 level(s) at X= -580, Y= 69, Z= 306 | caused by Player | NezukoChan
[2024-03-19 20:19:56] [world] The Player <astronomy> has died with 0 level(s) at X= -570, Y= 69, Z= 309 | caused by Player | NezukoChan
[2024-03-19 20:21:26] [world_the_end] The Player <astronomy> has died with 0 level(s) at X= 100, Y= 21, Z= -5 | caused by FALL | 
[2024-03-19 20:25:09] [world] The Player <astronomy> has died with 0 level(s) at X= -555, Y= 68, Z= 268 | caused by Player | NezukoChan
[2024-03-19 20:30:53] [world] The Player <astronomy> has died with 0 level(s) at X= -562, Y= 59, Z= 296 | caused by Player | NezukoChan
[2024-03-19 20:37:10] [world] The Player <astronomy> has died with 0 level(s) at X= -563, Y= 69, Z= 280 | caused by Player | NezukoChan
[2024-03-19 20:39:20] [world_nether] The Player <astronomy> has died with 1 level(s) at X= -36, Y= 36, Z= 10 | caused by FALL | 
[2024-03-19 20:41:36] [world_the_end] The Player <astronomy> has died with 1 level(s) at X= 100, Y= 21, Z= -4 | caused by FALL | 
[2024-03-19 20:52:33] [world] The Player <astronomy> has died with 5 level(s) at X= -571, Y= 63, Z= 282 | caused by SUFFOCATION | 
[2024-03-19 22:23:54] [world] The Player <NezukoChan> has died with 24 level(s) at X= 1, Y= -176, Z= 1 | caused by VOID | 
[2024-03-19 22:31:46] [world] The Player <Tester> has died with 18 level(s) at X= -584, Y= 68, Z= 252 | caused by Player | Char
[2024-03-19 22:32:32] [world_the_end] The Player <NezukoChan> has died with 24 level(s) at X= -167, Y= 99, Z= 54 | caused by Player | Char
[2024-03-19 22:33:09] [world_the_end] The Player <NezukoChan> has died with 24 level(s) at X= -167, Y= -204, Z= 20 | caused by VOID | 
[2024-03-19 22:33:09] [world] The Player <Tester> has died with 18 level(s) at X= -10175, Y= 64, Z= 4125 | caused by Player | Char
[2024-03-19 22:33:51] [world] The Player <Tester> has died with 18 level(s) at X= -10178, Y= 63, Z= 4114 | caused by ENTITY_ATTACK | 
[2024-03-19 22:34:41] [world] The Player <Tester> has died with 18 level(s) at X= -10184, Y= 63, Z= 4110 | caused by FALL | 
[2024-03-19 22:37:47] [world] The Player <Tester> has died with 18 level(s) at X= -10177, Y= 64, Z= 4119 | caused by Player | Char
[2024-03-19 23:34:39] [world] The Player <NezukoChan> has died with 23 level(s) at X= -10196, Y= 62, Z= 4093 | caused by FALL | 
[2024-03-19 23:37:10] [world] The Player <NezukoChan> has died with 23 level(s) at X= -585, Y= 70, Z= 215 | caused by DROWNING | 
[2024-03-19 23:58:14] [world] The Player <Heinrich_Himmler> has died with 20 level(s) at X= -717, Y= 5, Z= 312 | caused by FIRE_TICK | 
[2024-03-20 00:18:02] [world_the_end] The Player <Heinrich_Himmler> has died with 20 level(s) at X= 91, Y= -192, Z= -6 | caused by VOID | 
[2024-03-20 00:20:55] [world_nether] The Player <Heinrich_Himmler> has died with 20 level(s) at X= -36, Y= 29, Z= -38 | caused by LAVA | 
[2024-03-20 00:32:26] [world] The Player <TurtleDuck> has died with 20 level(s) at X= -426, Y= -178, Z= 239 | caused by VOID | 
[2024-03-20 00:33:24] [world] The Player <NezukoChan> has died with 24 level(s) at X= -101, Y= 38, Z= 105 | caused by DROWNING | 
[2024-03-20 00:34:23] [world] The Player <TurtleDuck> has died with 20 level(s) at X= -560, Y= -82, Z= 362 | caused by VOID | 
[2024-03-20 00:35:15] [world] The Player <NezukoChan> has died with 24 level(s) at X= -10171, Y= 62, Z= 4116 | caused by LAVA | 
[2024-03-20 00:37:19] [world_the_end] The Player <TurtleDuck> has died with 20 level(s) at X= -167, Y= -197, Z= 23 | caused by VOID | 
[2024-03-20 00:38:39] [world] The Player <NezukoChan> has died with 24 level(s) at X= -10171, Y= 62, Z= 4116 | caused by LAVA | 
[2024-03-20 00:43:58] [world] The Player <NezukoChan> has died with 23 level(s) at X= -10170, Y= 63, Z= 4114 | caused by FIRE_TICK | 
[2024-03-20 00:49:31] [world] The Player <NezukoChan> has died with 23 level(s) at X= -549, Y= 65, Z= 294 | caused by LAVA | 
[2024-03-20 01:08:16] [world] The Player <NezukoChan> has died with 23 level(s) at X= 1800, Y= 62, Z= 291 | caused by Player | astronomy
[2024-03-20 01:08:37] [world] The Player <astronomy> has died with 8 level(s) at X= 1800, Y= 62, Z= 293 | caused by Player | NezukoChan
[2024-03-20 01:14:08] [world] The Player <NezukoChan> has died with 23 level(s) at X= -605, Y= 68, Z= 389 | caused by Player | astronomy
[2024-03-20 01:14:44] [world] The Player <astronomy> has died with 8 level(s) at X= -651, Y= 70, Z= 406 | caused by Player | NezukoChan
[2024-03-20 01:16:04] [world_nether] The Player <astronomy> has died with 8 level(s) at X= -130, Y= 26, Z= 58 | caused by LAVA | 
[2024-03-20 01:17:43] [world] The Player <astronomy> has died with 8 level(s) at X= -690, Y= 67, Z= 463 | caused by Player | NezukoChan
[2024-03-20 01:22:03] [world] The Player <NezukoChan> has died with 23 level(s) at X= 1803, Y= 37, Z= 288 | caused by Player | astronomy
[2024-03-20 01:27:26] [world] The Player <NezukoChan> has died with 3 level(s) at X= 1801, Y= 39, Z= 289 | caused by Player | astronomy
[2024-03-20 01:27:31] [world] The Player <astronomy> has died with 8 level(s) at X= 1803, Y= 38, Z= 288 | caused by Player | NezukoChan
[2024-03-20 01:41:32] [world_the_end] The Player <hexa> has died with 5 level(s) at X= 49, Y= -107, Z= 21 | caused by VOID | 
[2024-03-20 01:43:28] [world_the_end] The Player <hexa> has died with 6 level(s) at X= 50, Y= 62, Z= 27 | caused by ENTITY_ATTACK | 
[2024-03-20 02:01:40] [world] The Player <astronomy> has died with 11 level(s) at X= -171, Y= 57, Z= 121 | caused by SUFFOCATION | 
[2024-03-20 02:20:57] [world] The Player <astronomy> has died with 11 level(s) at X= 1806, Y= 37, Z= 289 | caused by LAVA | 
[2024-03-20 02:21:16] [world] The Player <astronomy> has died with 11 level(s) at X= 1799, Y= 38, Z= 290 | caused by FIRE_TICK | 
[2024-03-20 12:21:04] [world] The Player <Tester> has died with 21 level(s) at X= -2807, Y= 10, Z= 624 | caused by LAVA | 
[2024-03-20 12:21:16] [world] The Player <Tester> has died with 21 level(s) at X= -2807, Y= 10, Z= 623 | caused by LAVA | 
[2024-03-20 12:27:59] [world] The Player <NezukoChan> has died with 3 level(s) at X= 1806, Y= 37, Z= 289 | caused by LAVA | 
[2024-03-20 12:30:14] [world] The Player <Tester> has died with 21 level(s) at X= -2855, Y= 10, Z= 564 | caused by FIRE_TICK | 
[2024-03-20 12:43:30] [world_the_end] The Player <hexa> has died with 11 level(s) at X= -168, Y= -194, Z= 39 | caused by VOID | 
[2024-03-20 12:46:51] [world] The Player <NezukoChan> has died with 3 level(s) at X= -546, Y= 68, Z= 268 | caused by ENTITY_ATTACK | 
[2024-03-20 12:47:35] [world] The Player <sharky> has died with 4 level(s) at X= -502, Y= 78, Z= -431 | caused by DROWNING | 
[2024-03-20 12:47:46] [world] The Player <hexa> has died with 12 level(s) at X= -553, Y= 59, Z= 293 | caused by FIRE_TICK | 
[2024-03-20 12:52:33] [world] The Player <digbick> has died with 18 level(s) at X= -687, Y= 71, Z= 315 | caused by Player | hexa
[2024-03-20 12:53:34] [world] The Player <digbick> has died with 18 level(s) at X= -685, Y= 74, Z= 313 | caused by Player | hexa
[2024-03-20 12:54:33] [world] The Player <digbick> has died with 18 level(s) at X= -683, Y= 71, Z= 312 | caused by Player | NezukoChan
[2024-03-20 13:53:56] [world] The Player <MrBlob2U> has died with 28 level(s) at X= -494, Y= 77, Z= -504 | caused by Player | sharky
[2024-03-20 13:54:24] [world] The Player <MrBlob2U> has died with 28 level(s) at X= -494, Y= 77, Z= -506 | caused by Player | sharky
[2024-03-20 13:56:17] [world] The Player <kumquat> has died with 0 level(s) at X= -555, Y= 63, Z= 279 | caused by ENTITY_ATTACK | 
[2024-03-20 13:56:46] [world] The Player <Sword4001> has died with 16 level(s) at X= -585, Y= 70, Z= 215 | caused by DROWNING | 
[2024-03-20 13:58:17] [world_the_end] The Player <somebody139> has died with 4 level(s) at X= 105, Y= -65, Z= 0 | caused by Player | WienerDogFace
[2024-03-20 13:58:21] [world] The Player <kumquat> has died with 0 level(s) at X= -588, Y= 68, Z= 259 | caused by Player | Corner1
[2024-03-20 13:58:29] [world_the_end] The Player <somebody139> has died with 4 level(s) at X= 105, Y= -124, Z= 0 | caused by VOID | 
[2024-03-20 13:58:52] [world_the_end] The Player <somebody139> has died with 4 level(s) at X= 96, Y= 50, Z= 0 | caused by Player | WienerDogFace
[2024-03-20 13:59:11] [world_the_end] The Player <somebody139> has died with 4 level(s) at X= 100, Y= 49, Z= -1 | caused by Player | WienerDogFace
[2024-03-20 13:59:24] [world_nether] The Player <Pog4lifepeople> has died with 16 level(s) at X= -192, Y= 31, Z= 428 | caused by LAVA | 
[2024-03-20 13:59:30] [world_the_end] The Player <somebody139> has died with 4 level(s) at X= 110, Y= -162, Z= -4 | caused by VOID | 
[2024-03-20 14:00:05] [world_the_end] The Player <somebody139> has died with 4 level(s) at X= 110, Y= -212, Z= -4 | caused by VOID | 
[2024-03-20 14:00:24] [world] The Player <digbick> has died with 18 level(s) at X= -566, Y= 57, Z= 295 | caused by FIRE_TICK | 
[2024-03-20 14:00:36] [world_nether] The Player <Pog4lifepeople> has died with 16 level(s) at X= -271, Y= 24, Z= 491 | caused by LAVA | 
[2024-03-20 14:00:48] [world_nether] The Player <Pog4lifepeople> has died with 16 level(s) at X= -271, Y= 26, Z= 491 | caused by LAVA | 
[2024-03-20 14:00:53] [world] The Player <MrBlob2U> has died with 29 level(s) at X= -739, Y= 11, Z= 202 | caused by Player | character
[2024-03-20 14:00:59] [world_the_end] The Player <somebody139> has died with 4 level(s) at X= 100, Y= 37, Z= -1 | caused by Player | WienerDogFace
[2024-03-20 14:01:00] [world_nether] The Player <Pog4lifepeople> has died with 16 level(s) at X= -271, Y= 29, Z= 491 | caused by LAVA | 
[2024-03-20 14:01:19] [world_the_end] The Player <somebody139> has died with 5 level(s) at X= 94, Y= 17, Z= -3 | caused by Player | WienerDogFace
[2024-03-20 14:01:24] [world_nether] The Player <Pog4lifepeople> has died with 16 level(s) at X= -271, Y= 28, Z= 491 | caused by LAVA | 
[2024-03-20 14:01:32] [world] The Player <A_Random_Person> has died with 26 level(s) at X= -563, Y= 64, Z= 240 | caused by FALL | 
[2024-03-20 14:01:39] [world_nether] The Player <Pog4lifepeople> has died with 16 level(s) at X= -271, Y= 29, Z= 491 | caused by LAVA | 
[2024-03-20 14:01:51] [world_nether] The Player <Pog4lifepeople> has died with 16 level(s) at X= -271, Y= 31, Z= 491 | caused by LAVA | 
[2024-03-20 14:01:51] [world_the_end] The Player <somebody139> has died with 5 level(s) at X= 95, Y= 22, Z= 5 | caused by FALL | 
[2024-03-20 14:01:59] [world] The Player <qwerty> has died with 19 level(s) at X= 9980, Y= 69, Z= 1140 | caused by Player | Rip_Dogwater
[2024-03-20 14:02:04] [world_nether] The Player <Pog4lifepeople> has died with 16 level(s) at X= -283, Y= 30, Z= 502 | caused by LAVA | 
[2024-03-20 14:02:18] [world_the_end] The Player <Sword4001> has died with 16 level(s) at X= 99, Y= -237, Z= 4 | caused by VOID | 
[2024-03-20 14:02:19] [world_nether] The Player <Pog4lifepeople> has died with 16 level(s) at X= -285, Y= 31, Z= 501 | caused by FIRE | 
[2024-03-20 14:02:20] [world] The Player <NezukoChan> has died with 7 level(s) at X= -578, Y= 69, Z= 321 | caused by Player | Brycethelegend
[2024-03-20 14:02:31] [world_nether] The Player <Pog4lifepeople> has died with 16 level(s) at X= -286, Y= 30, Z= 500 | caused by FIRE_TICK | 
[2024-03-20 14:02:43] [world_nether] The Player <Pog4lifepeople> has died with 16 level(s) at X= -287, Y= 31, Z= 499 | caused by LAVA | 
[2024-03-20 14:02:44] [world] The Player <qwerty> has died with 19 level(s) at X= 9944, Y= 67, Z= 1160 | caused by Player | Rip_Dogwater
[2024-03-20 14:02:56] [world_nether] The Player <Pog4lifepeople> has died with 16 level(s) at X= -287, Y= 31, Z= 498 | caused by LAVA | 
[2024-03-20 14:03:08] [world_nether] The Player <Pog4lifepeople> has died with 16 level(s) at X= -287, Y= 30, Z= 498 | caused by LAVA | 
[2024-03-20 14:03:21] [world] The Player <somebody139> has died with 5 level(s) at X= -456, Y= 8, Z= 1327 | caused by FALL | 
[2024-03-20 14:03:22] [world] The Player <kumquat> has died with 0 level(s) at X= -571, Y= 64, Z= 292 | caused by Player | Mudkips_Rule
[2024-03-20 14:03:32] [world] The Player <qwerty> has died with 19 level(s) at X= 9973, Y= 68, Z= 1133 | caused by Player | Rip_Dogwater
[2024-03-20 14:03:36] [world_nether] The Player <Pog4lifepeople> has died with 16 level(s) at X= -287, Y= 31, Z= 498 | caused by LAVA | 
[2024-03-20 14:03:49] [world_nether] The Player <Pog4lifepeople> has died with 16 level(s) at X= -287, Y= 31, Z= 498 | caused by LAVA | 
[2024-03-20 14:03:55] [world] The Player <somebody139> has died with 5 level(s) at X= -456, Y= 9, Z= 1337 | caused by FIRE_TICK | 
[2024-03-20 14:04:12] [world_nether] The Player <Pog4lifepeople> has died with 16 level(s) at X= -287, Y= 30, Z= 498 | caused by LAVA | 
[2024-03-20 14:04:15] [world] The Player <qwerty> has died with 19 level(s) at X= 9982, Y= 69, Z= 1113 | caused by FIRE_TICK | 
[2024-03-20 14:04:25] [world_nether] The Player <Pog4lifepeople> has died with 16 level(s) at X= -287, Y= 30, Z= 498 | caused by LAVA | 
[2024-03-20 14:04:39] [world_nether] The Player <Pog4lifepeople> has died with 16 level(s) at X= -287, Y= 30, Z= 498 | caused by LAVA | 
[2024-03-20 14:04:49] [world] The Player <Rip_Dogwater> has died with 52 level(s) at X= 9981, Y= 68, Z= 1137 | caused by Player | qwerty
[2024-03-20 14:04:49] [world] The Player <qwerty> has died with 19 level(s) at X= 9980, Y= 68, Z= 1140 | caused by Player | Rip_Dogwater
[2024-03-20 14:04:52] [world_nether] The Player <Pog4lifepeople> has died with 16 level(s) at X= -287, Y= 27, Z= 496 | caused by LAVA | 
[2024-03-20 14:05:12] [world] The Player <qwerty> has died with 19 level(s) at X= 9966, Y= 69, Z= 1148 | caused by Player | Rip_Dogwater
[2024-03-20 14:07:56] [world_nether] The Player <MrBlob2U> has died with 28 level(s) at X= -91, Y= 70, Z= -51 | caused by FIRE_TICK | 
[2024-03-20 14:10:37] [world] The Player <MrBlob2U> has died with 30 level(s) at X= -574, Y= 68, Z= 246 | caused by Player | astronomy
[2024-03-20 14:11:09] [world] The Player <astronomy> has died with 10 level(s) at X= -577, Y= 68, Z= 246 | caused by Player | MrBlob2U
[2024-03-20 14:11:12] [world] The Player <MrBlob2U> has died with 30 level(s) at X= -578, Y= 69, Z= 248 | caused by Player | I_am_amazing
[2024-03-20 14:11:24] [world] The Player <astronomy> has died with 10 level(s) at X= -577, Y= 69, Z= 318 | caused by Player | MrBlob2U
[2024-03-20 14:11:53] [world_nether] The Player <Pog4lifepeople> has died with 16 level(s) at X= -287, Y= 25, Z= 497 | caused by LAVA | 
[2024-03-20 14:12:52] [world] The Player <qwerty> has died with 19 level(s) at X= -477, Y= 64, Z= -601 | caused by Player | Rip_Dogwater
[2024-03-20 14:13:18] [world] The Player <astronomy> has died with 10 level(s) at X= -575, Y= 68, Z= 248 | caused by Player | I_am_amazing
[2024-03-20 14:14:07] [world] The Player <qwerty> has died with 19 level(s) at X= -469, Y= 64, Z= -619 | caused by Player | Rip_Dogwater
[2024-03-20 14:14:25] [world] The Player <hexa> has died with 16 level(s) at X= -10317, Y= 6, Z= 3582 | caused by LAVA | 
[2024-03-20 14:14:49] [world] The Player <Rip_Dogwater> has died with 53 level(s) at X= -468, Y= 64, Z= -617 | caused by FALL | 
[2024-03-20 14:15:52] [world] The Player <VeerIsKKK> has died with 27 level(s) at X= 500, Y= 10, Z= 2334 | caused by LAVA | 
[2024-03-20 14:16:21] [world] The Player <MrBlob2U> has died with 30 level(s) at X= -574, Y= 68, Z= 246 | caused by Player | astronomy
[2024-03-20 14:16:30] [world] The Player <qwerty> has died with 19 level(s) at X= -487, Y= 64, Z= -617 | caused by Player | Rip_Dogwater
[2024-03-20 14:16:47] [world] The Player <qwerty> has died with 19 level(s) at X= -467, Y= 64, Z= -622 | caused by Player | Rip_Dogwater
[2024-03-20 14:17:14] [world] The Player <qwerty> has died with 19 level(s) at X= -461, Y= 65, Z= -631 | caused by FIRE_TICK | 
[2024-03-20 14:17:29] [world] The Player <Rip_Dogwater> has died with 53 level(s) at X= -451, Y= 64, Z= -625 | caused by Player | qwerty
[2024-03-20 14:17:51] [world] The Player <qwerty> has died with 19 level(s) at X= -465, Y= 68, Z= -589 | caused by Player | Rip_Dogwater
[2024-03-20 14:18:43] [world] The Player <qwerty> has died with 19 level(s) at X= -451, Y= 64, Z= -621 | caused by Player | Rip_Dogwater
[2024-03-20 14:20:40] [world] The Player <Pog4lifepeople> has died with 16 level(s) at X= -589, Y= 68, Z= 246 | caused by Player | MrBlob2U
[2024-03-20 14:22:12] [world] The Player <shaved_monkey> has died with 0 level(s) at X= -585, Y= 70, Z= 215 | caused by DROWNING | 
[2024-03-20 14:22:41] [world] The Player <MrBlob2U> has died with 27 level(s) at X= -584, Y= 76, Z= 217 | caused by FALL | 
[2024-03-20 14:22:58] [world] The Player <Rip_Dogwater> has died with 53 level(s) at X= -446, Y= 65, Z= -611 | caused by Player | qwerty
[2024-03-20 14:23:41] [world] The Player <shaved_monkey> has died with 0 level(s) at X= -585, Y= 70, Z= 215 | caused by DROWNING | 
[2024-03-20 14:24:09] [world] The Player <proman50> has died with 13 level(s) at X= -613, Y= 51, Z= 203 | caused by FALL | 
[2024-03-20 14:24:43] [world] The Player <proman50> has died with 13 level(s) at X= -605, Y= 64, Z= 214 | caused by Player | MrBlob2U
[2024-03-20 14:24:54] [world] The Player <MrBlob2U> has died with 27 level(s) at X= -585, Y= 71, Z= 215 | caused by FALL | 
[2024-03-20 14:28:04] [world_the_end] The Player <MrBlob2U> has died with 27 level(s) at X= -167, Y= -161, Z= 38 | caused by VOID | 
[2024-03-20 14:28:04] [world] The Player <proman50> has died with 13 level(s) at X= -461, Y= 61, Z= 315 | caused by SUFFOCATION | 
[2024-03-20 14:28:57] [world] The Player <character> has died with 23 level(s) at X= -269, Y= 64, Z= -643 | caused by FALL | 
[2024-03-20 14:30:09] [world] The Player <astronomy> has died with 10 level(s) at X= 1806, Y= 37, Z= 289 | caused by LAVA | 
[2024-03-20 14:30:35] [world_the_end] The Player <proman50> has died with 13 level(s) at X= 79, Y= 59, Z= 2 | caused by ENTITY_ATTACK | 
[2024-03-20 14:30:41] [world_nether] The Player <shaved_monkey> has died with 0 level(s) at X= -40, Y= 37, Z= 17 | caused by FALL | 
[2024-03-20 14:31:40] [world_the_end] The Player <proman50> has died with 13 level(s) at X= 33, Y= -193, Z= 97 | caused by VOID | 
[2024-03-20 14:32:24] [world_the_end] The Player <proman50> has died with 13 level(s) at X= 44, Y= 1, Z= 138 | caused by FALL | 
[2024-03-20 14:33:04] [world_the_end] The Player <MrBlob2U> has died with 27 level(s) at X= -168, Y= 105, Z= 38 | caused by FALL | 
[2024-03-20 14:34:00] [world_the_end] The Player <MrBlob2U> has died with 27 level(s) at X= -167, Y= 104, Z= 39 | caused by Player | Corner1
[2024-03-20 14:35:31] [world_the_end] The Player <proman50> has died with 13 level(s) at X= 44, Y= 1, Z= 139 | caused by FALL | 
[2024-03-20 14:36:55] [world_the_end] The Player <MrBlob2U> has died with 27 level(s) at X= -166, Y= 100, Z= 41 | caused by ENTITY_ATTACK | 
[2024-03-20 14:37:46] [world_the_end] The Player <MrBlob2U> has died with 27 level(s) at X= -164, Y= 101, Z= 42 | caused by ENTITY_ATTACK | 
[2024-03-20 14:38:04] [world_the_end] The Player <MrBlob2U> has died with 27 level(s) at X= -171, Y= 101, Z= 47 | caused by ENTITY_ATTACK | 
[2024-03-20 14:38:04] [world] The Player <qwerty> has died with 19 level(s) at X= -657, Y= 73, Z= -783 | caused by FALL | 
[2024-03-20 14:38:27] [world_the_end] The Player <MrBlob2U> has died with 27 level(s) at X= -167, Y= -203, Z= 42 | caused by VOID | 
[2024-03-20 14:38:42] [world_the_end] The Player <MrBlob2U> has died with 27 level(s) at X= -167, Y= 107, Z= 54 | caused by VOID | 
[2024-03-20 14:38:42] [world] The Player <sharky> has died with 2 level(s) at X= -560, Y= 68, Z= 267 | caused by VOID | 
[2024-03-20 14:38:42] [world] The Player <Rip_Dogwater> has died with 53 level(s) at X= -587, Y= 67, Z= 283 | caused by VOID | 
[2024-03-20 14:38:42] [world] The Player <proman50> has died with 13 level(s) at X= -576, Y= 69, Z= 313 | caused by VOID | 
[2024-03-20 14:38:42] [world] The Player <GolemDaWanderer> has died with 10 level(s) at X= -565, Y= 68, Z= 331 | caused by VOID | 
[2024-03-20 14:38:42] [world] The Player <astronomy> has died with 11 level(s) at X= -670, Y= 72, Z= 325 | caused by VOID | 
[2024-03-20 14:38:42] [world] The Player <character> has died with 23 level(s) at X= -269, Y= 69, Z= -639 | caused by VOID | 
[2024-03-20 14:38:42] [world] The Player <Dave_TheCoolGuy> has died with 4 level(s) at X= -764, Y= 35, Z= 383 | caused by VOID | 
[2024-03-20 14:38:42] [world] The Player <qwerty> has died with 19 level(s) at X= -672, Y= 95, Z= -781 | caused by VOID | 
[2024-03-20 14:38:42] [world] The Player <Brycethelegend> has died with 19 level(s) at X= -1354, Y= 67, Z= -239 | caused by VOID | 
[2024-03-20 14:38:42] [world] The Player <Mudkips_Rule> has died with 26 level(s) at X= -1355, Y= 63, Z= -258 | caused by VOID | 
[2024-03-20 14:38:42] [world] The Player <Tester> has died with 17 level(s) at X= 9991, Y= 67, Z= -9996 | caused by VOID | 
[2024-03-20 14:39:51] [world_the_end] The Player <MrBlob2U> has died with 29 level(s) at X= -162, Y= -134, Z= 53 | caused by VOID | 
[2024-03-20 14:40:46] [world_the_end] The Player <MrBlob2U> has died with 29 level(s) at X= -163, Y= 102, Z= 49 | caused by VOID | 
[2024-03-20 14:40:46] [world_nether] The Player <astronomy> has died with 11 level(s) at X= -194, Y= 79, Z= 57 | caused by VOID | 
[2024-03-20 14:40:46] [world_the_end] The Player <Brycethelegend> has died with 19 level(s) at X= -16, Y= 58, Z= 31 | caused by VOID | 
[2024-03-20 14:40:46] [world] The Player <GolemDaWanderer> has died with 10 level(s) at X= -585, Y= 68, Z= 265 | caused by VOID | 
[2024-03-20 14:40:46] [world] The Player <Rip_Dogwater> has died with 53 level(s) at X= -600, Y= 68, Z= 295 | caused by VOID | 
[2024-03-20 14:40:46] [world] The Player <Tester> has died with 17 level(s) at X= -600, Y= 68, Z= 295 | caused by VOID | 
[2024-03-20 14:40:46] [world] The Player <sharky> has died with 2 level(s) at X= -603, Y= 68, Z= 296 | caused by VOID | 
[2024-03-20 14:40:46] [world] The Player <proman50> has died with 13 level(s) at X= -677, Y= 69, Z= 345 | caused by VOID | 
[2024-03-20 14:40:46] [world] The Player <character> has died with 23 level(s) at X= -269, Y= 71, Z= -639 | caused by VOID | 
[2024-03-20 14:40:46] [world] The Player <Dave_TheCoolGuy> has died with 4 level(s) at X= -795, Y= 27, Z= 374 | caused by VOID | 
[2024-03-20 14:40:46] [world] The Player <qwerty> has died with 19 level(s) at X= -640, Y= 71, Z= -875 | caused by VOID | 
[2024-03-20 14:40:46] [world] The Player <Mudkips_Rule> has died with 26 level(s) at X= -1263, Y= 72, Z= -212 | caused by VOID | 
[2024-03-20 14:42:28] [world_the_end] The Player <proman50> has died with 13 level(s) at X= 43, Y= 1, Z= 136 | caused by FALL | 
[2024-03-20 14:42:30] [world_the_end] The Player <MrBlob2U> has died with 29 level(s) at X= -168, Y= 57, Z= 37 | caused by FALL | 
[2024-03-20 14:43:30] [world_the_end] The Player <GolemDaWanderer> has died with 10 level(s) at X= -166, Y= 55, Z= 33 | caused by FALL | 
[2024-03-20 14:43:48] [world_the_end] The Player <MrBlob2U> has died with 29 level(s) at X= -168, Y= 57, Z= 39 | caused by FALL | 
[2024-03-20 14:44:07] [world] The Player <GolemDaWanderer> has died with 10 level(s) at X= -573, Y= 68, Z= 345 | caused by Player | Brycethelegend
[2024-03-20 14:44:55] [world_the_end] The Player <MrBlob2U> has died with 29 level(s) at X= -157, Y= -201, Z= 46 | caused by VOID | 
[2024-03-20 14:47:51] [world_the_end] The Player <Tester> has died with 18 level(s) at X= -167, Y= -198, Z= 44 | caused by VOID | 
[2024-03-20 14:49:19] [world_the_end] The Player <Tester> has died with 18 level(s) at X= -168, Y= -195, Z= 43 | caused by VOID | 
[2024-03-20 14:55:25] [world_the_end] The Player <hexa> has died with 15 level(s) at X= 43, Y= 57, Z= 92 | caused by ENTITY_ATTACK | 
[2024-03-20 14:59:19] [world_the_end] The Player <hexa> has died with 15 level(s) at X= 44, Y= 11, Z= 198 | caused by ENTITY_ATTACK | 
[2024-03-20 15:00:11] [world_the_end] The Player <hexa> has died with 15 level(s) at X= 54, Y= -89, Z= 202 | caused by VOID | 
[2024-03-20 15:02:33] [world_the_end] The Player <hexa> has died with 15 level(s) at X= 28, Y= 58, Z= 74 | caused by ENTITY_ATTACK | 
[2024-03-20 15:03:07] [world_the_end] The Player <Rip_Dogwater> has died with 41 level(s) at X= -27, Y= 33, Z= 96 | caused by ENTITY_ATTACK | 
[2024-03-20 15:03:30] [world_the_end] The Player <Rip_Dogwater> has died with 41 level(s) at X= -26, Y= -123, Z= 97 | caused by VOID | 
[2024-03-20 15:05:04] [world_the_end] The Player <hexa> has died with 16 level(s) at X= 11, Y= 59, Z= -4 | caused by ENTITY_ATTACK | 
[2024-03-20 15:09:16] [world_the_end] The Player <hexa> has died with 16 level(s) at X= 9, Y= 59, Z= 2 | caused by ENTITY_ATTACK | 
[2024-03-20 15:11:13] [world] The Player <Rip_Dogwater> has died with 41 level(s) at X= -10100, Y= 26, Z= 4145 | caused by FIRE_TICK | 
[2024-03-20 15:12:40] [world_the_end] The Player <NezukoChan> has died with 7 level(s) at X= 100, Y= -23, Z= -85 | caused by Player | NezukoChan
[2024-03-20 15:13:00] [world_the_end] The Player <NezukoChan> has died with 7 level(s) at X= 100, Y= -734, Z= -85 | caused by VOID | 
[2024-03-20 15:13:57] [world] The Player <hexa> has died with 17 level(s) at X= -2457, Y= 49, Z= 697 | caused by FALL | 
[2024-03-20 15:24:36] [world] The Player <hexa> has died with 17 level(s) at X= -2253, Y= 52, Z= 1021 | caused by FALL | 
[2024-03-20 15:26:11] [world] The Player <digbick> has died with 19 level(s) at X= -695, Y= 74, Z= 314 | caused by Player | sharky
[2024-03-20 15:27:07] [world] The Player <character> has died with 23 level(s) at X= -272, Y= 64, Z= -647 | caused by FALL | 
[2024-03-20 15:27:10] [world_the_end] The Player <MrBlob2U> has died with 29 level(s) at X= -169, Y= 57, Z= 39 | caused by FALL | 
[2024-03-20 15:27:59] [world] The Player <qwerty> has died with 21 level(s) at X= -656, Y= 71, Z= -783 | caused by FALL | 
[2024-03-20 15:29:14] [world] The Player <hexa> has died with 17 level(s) at X= -2284, Y= 11, Z= 1047 | caused by FIRE_TICK | 
[2024-03-20 15:36:58] [world_nether] The Player <MrBlob2U> has died with 29 level(s) at X= -59, Y= 31, Z= 23 | caused by LAVA | 
[2024-03-20 15:37:14] [world_nether] The Player <MrBlob2U> has died with 29 level(s) at X= -56, Y= 31, Z= 25 | caused by LAVA | 
[2024-03-20 15:37:30] [world_nether] The Player <MrBlob2U> has died with 29 level(s) at X= -53, Y= 31, Z= 28 | caused by FIRE | 
[2024-03-20 15:37:59] [world_nether] The Player <MrBlob2U> has died with 29 level(s) at X= -50, Y= 34, Z= 32 | caused by FIRE_TICK | 
[2024-03-20 15:41:45] [world_the_end] The Player <MrBlob2U> has died with 27 level(s) at X= -158, Y= -66, Z= 43 | caused by VOID | 
[2024-03-20 15:46:22] [world] The Player <NezukoChan> has died with 7 level(s) at X= -690, Y= 74, Z= 314 | caused by Player | digbick
[2024-03-20 15:47:53] [world] The Player <digbick> has died with 19 level(s) at X= -686, Y= 78, Z= 307 | caused by Player | NezukoChan
[2024-03-20 15:48:40] [world] The Player <digbick> has died with 19 level(s) at X= -672, Y= 72, Z= 320 | caused by Player | NezukoChan
[2024-03-20 15:49:31] [world] The Player <digbick> has died with 19 level(s) at X= -695, Y= 74, Z= 312 | caused by Player | NezukoChan
[2024-03-20 15:50:06] [world] The Player <digbick> has died with 19 level(s) at X= -694, Y= 74, Z= 314 | caused by Player | NezukoChan
[2024-03-20 15:53:59] [world] The Player <digbick> has died with 19 level(s) at X= -690, Y= 68, Z= 314 | caused by Player | NezukoChan
[2024-03-20 15:54:48] [world] The Player <digbick> has died with 19 level(s) at X= -690, Y= 68, Z= 314 | caused by Player | NezukoChan
[2024-03-20 15:55:54] [world] The Player <qwerty> has died with 21 level(s) at X= -10173, Y= 63, Z= 4115 | caused by Player | NezukoChan
[2024-03-20 15:56:03] [world] The Player <hexa> has died with 18 level(s) at X= -682, Y= 4, Z= 313 | caused by LAVA | 
[2024-03-20 15:56:09] [world] The Player <digbick> has died with 19 level(s) at X= -681, Y= 5, Z= 314 | caused by LAVA | 
[2024-03-20 15:57:47] [world] The Player <digbick> has died with 19 level(s) at X= -685, Y= 5, Z= 315 | caused by LAVA | 
[2024-03-20 15:58:13] [world] The Player <astronomy> has died with 12 level(s) at X= 1802, Y= 38, Z= 287 | caused by SUFFOCATION | 
[2024-03-20 15:58:42] [world] The Player <qwerty> has died with 21 level(s) at X= -10173, Y= 64, Z= 4121 | caused by Player | NezukoChan
[2024-03-20 16:00:18] [world] The Player <digbick> has died with 19 level(s) at X= -682, Y= 7, Z= 313 | caused by LAVA | 
[2024-03-20 16:00:33] [world] The Player <General_Rihan> has died with 18 level(s) at X= -10170, Y= 62, Z= 4103 | caused by Player | NezukoChan
[2024-03-20 16:00:49] [world] The Player <NezukoChan> has died with 7 level(s) at X= -10171, Y= 63, Z= 4107 | caused by Player | General_Rihan
[2024-03-20 16:01:24] [world] The Player <digbick> has died with 19 level(s) at X= -682, Y= 7, Z= 313 | caused by LAVA | 
[2024-03-20 16:01:48] [world] The Player <General_Rihan> has died with 18 level(s) at X= -10167, Y= 63, Z= 4113 | caused by Player | NezukoChan
[2024-03-20 16:01:52] [world] The Player <digbick> has died with 19 level(s) at X= -682, Y= 8, Z= 312 | caused by FIRE_TICK | 
[2024-03-20 16:02:01] [world] The Player <Brycethelegend> has died with 20 level(s) at X= -10030, Y= 66, Z= 4037 | caused by FIRE_TICK | 
[2024-03-20 16:02:36] [world] The Player <General_Rihan> has died with 18 level(s) at X= -10174, Y= 64, Z= 4121 | caused by Player | NezukoChan
[2024-03-20 16:04:43] [world_nether] The Player <Pog4lifepeople> has died with 16 level(s) at X= -57, Y= 30, Z= 22 | caused by LAVA | 
[2024-03-20 16:06:14] [world] The Player <astronomy> has died with 12 level(s) at X= 1804, Y= 37, Z= 290 | caused by Player | NezukoChan
[2024-03-20 16:06:52] [world] The Player <General_Rihan> has died with 18 level(s) at X= -10180, Y= 63, Z= 4114 | caused by Player | NezukoChan
[2024-03-20 16:06:59] [world_nether] The Player <Pog4lifepeople> has died with 17 level(s) at X= -110, Y= 26, Z= 156 | caused by FALL | 
[2024-03-20 16:07:13] [world_nether] The Player <Pog4lifepeople> has died with 17 level(s) at X= -110, Y= 25, Z= 156 | caused by LAVA | 
[2024-03-20 16:07:28] [world_nether] The Player <Pog4lifepeople> has died with 17 level(s) at X= -110, Y= 26, Z= 156 | caused by LAVA | 
[2024-03-20 16:08:12] [world_the_end] The Player <theproman3387> has died with 11 level(s) at X= 42, Y= 60, Z= 67 | caused by Player | Pog4lifepeople
[2024-03-20 16:08:15] [world] The Player <NezukoChan> has died with 7 level(s) at X= -10189, Y= 63, Z= 4101 | caused by ENTITY_EXPLOSION | 
[2024-03-20 16:12:49] [world_the_end] The Player <Pog4lifepeople> has died with 17 level(s) at X= 1, Y= -65, Z= -60 | caused by VOID | 
[2024-03-20 16:14:56] [world] The Player <Rip_Dogwater> has died with 41 level(s) at X= -1492, Y= 64, Z= -326 | caused by FALL | 
[2024-03-20 16:18:32] [world] The Player <hexa> has died with 18 level(s) at X= -2567, Y= 64, Z= 569 | caused by FALL | 
[2024-03-20 16:30:57] [world] The Player <A_Random_Person> has died with 26 level(s) at X= -548, Y= 88, Z= 256 | caused by Player | hexa
[2024-03-20 16:33:26] [world] The Player <A_Random_Person> has died with 26 level(s) at X= -1322, Y= 67, Z= -236 | caused by Player | Rip_Dogwater
[2024-03-20 16:33:46] [world] The Player <Rip_Dogwater> has died with 41 level(s) at X= -1352, Y= 67, Z= -229 | caused by Player | A_Random_Person
[2024-03-20 16:34:00] [world] The Player <A_Random_Person> has died with 26 level(s) at X= -1345, Y= 67, Z= -232 | caused by Player | Rip_Dogwater
[2024-03-20 16:34:27] [world] The Player <Rip_Dogwater> has died with 41 level(s) at X= -1373, Y= 67, Z= -233 | caused by Player | A_Random_Person
[2024-03-20 16:34:41] [world] The Player <A_Random_Person> has died with 26 level(s) at X= -1374, Y= 67, Z= -235 | caused by Player | Rip_Dogwater
[2024-03-20 16:35:06] [world] The Player <A_Random_Person> has died with 26 level(s) at X= -1351, Y= 65, Z= -223 | caused by Player | Rip_Dogwater
[2024-03-20 16:35:42] [world] The Player <Rip_Dogwater> has died with 41 level(s) at X= -1382, Y= 69, Z= -217 | caused by Player | A_Random_Person
[2024-03-20 16:35:55] [world] The Player <A_Random_Person> has died with 26 level(s) at X= -1386, Y= 69, Z= -220 | caused by Player | Rip_Dogwater
[2024-03-20 16:36:27] [world] The Player <A_Random_Person> has died with 26 level(s) at X= -1366, Y= 67, Z= -245 | caused by Player | Rip_Dogwater
[2024-03-20 16:36:39] [world] The Player <A_Random_Person> has died with 26 level(s) at X= -1374, Y= 67, Z= -248 | caused by Player | Rip_Dogwater
[2024-03-20 16:36:55] [world] The Player <A_Random_Person> has died with 26 level(s) at X= -1374, Y= 66, Z= -248 | caused by Player | Rip_Dogwater
[2024-03-20 16:53:14] [world] The Player <CharFake> has died with 0 level(s) at X= -580, Y= 69, Z= 315 | caused by Player | Tester
[2024-03-20 17:08:49] [world] The Player <Clownpierce> has died with 1 level(s) at X= -10130, Y= 20, Z= 4106 | caused by Player | ronaldo
[2024-03-20 17:11:09] [world] The Player <ronaldo> has died with 0 level(s) at X= -10125, Y= 16, Z= 4149 | caused by ENTITY_ATTACK | 
[2024-03-20 17:12:35] [world_the_end] The Player <ronaldo> has died with 0 level(s) at X= 54, Y= 62, Z= 26 | caused by ENTITY_ATTACK | 
[2024-03-20 17:14:21] [world_nether] The Player <ronaldo> has died with 0 level(s) at X= -84, Y= 77, Z= 20 | caused by ENTITY_ATTACK | 
[2024-03-20 17:19:54] [world] The Player <hola> has died with 0 level(s) at X= -10175, Y= 63, Z= 4113 | caused by Player | Clownpierce
