[2024-03-20 19:35:49] [world] The Player <qwerty> has died with 13 level(s) at X= -640, Y= 63, Z= -806 | caused by ENTITY_EXPLOSION | 
[2024-03-20 19:46:56] [world] The Player <Brycethelegend> has died with 8 level(s) at X= -663, Y= 7, Z= 302 | caused by LAVA | 
[2024-03-20 19:47:08] [world_the_end] The Player <theproman3387> has died with 12 level(s) at X= -39, Y= 58, Z= 24 | caused by FALL | 
[2024-03-20 19:49:49] [world_the_end] The Player <theproman3387> has died with 12 level(s) at X= 99, Y= 24, Z= -1 | caused by FALL | 
[2024-03-20 19:50:52] [world_nether] The Player <qwerty> has died with 13 level(s) at X= -70, Y= 59, Z= 22 | caused by ENTITY_ATTACK | 
[2024-03-20 19:52:44] [world] The Player <qwerty> has died with 13 level(s) at X= -597, Y= 68, Z= 283 | caused by FIRE_TICK | 
[2024-03-20 19:55:04] [world] The Player <theproman3387> has died with 13 level(s) at X= -567, Y= 50, Z= 20 | caused by DROWNING | 
[2024-03-20 20:00:20] [world] The Player <Mudkips_Rule> has died with 29 level(s) at X= -1493, Y= 10, Z= -339 | caused by Player | I_am_amazing
[2024-03-20 20:02:34] [world_the_end] The Player <theproman3387> has died with 13 level(s) at X= -57, Y= -190, Z= -30 | caused by VOID | 
[2024-03-20 20:03:54] [world_the_end] The Player <theproman3387> has died with 13 level(s) at X= -57, Y= -1097, Z= -30 | caused by VOID | 
[2024-03-20 20:09:04] [world] The Player <hexa> has died with 18 level(s) at X= -2539, Y= 65, Z= 570 | caused by FALL | 
[2024-03-20 20:09:19] [world] The Player <hexa> has died with 18 level(s) at X= -2536, Y= 64, Z= 572 | caused by Player | Char
[2024-03-20 20:09:39] [world] The Player <hexa> has died with 18 level(s) at X= -2538, Y= 64, Z= 565 | caused by Player | Char
[2024-03-20 20:13:54] [world] The Player <theproman3387> has died with 15 level(s) at X= -603, Y= 18, Z= 376 | caused by LAVA | 
[2024-03-20 20:14:26] [world_the_end] The Player <theproman3387> has died with 15 level(s) at X= 113, Y= -190, Z= -3 | caused by VOID | 
[2024-03-20 20:15:32] [world] The Player <astronomy> has died with 13 level(s) at X= 1805, Y= 39, Z= 289 | caused by SUFFOCATION | 
[2024-03-20 20:16:12] [world] The Player <Tester> has died with 15 level(s) at X= -547, Y= 68, Z= 254 | caused by Player | Corner1
[2024-03-20 20:19:53] [world] The Player <Tester> has died with 12 level(s) at X= -2528, Y= 64, Z= 583 | caused by Player | Char
[2024-03-20 20:20:00] [world] The Player <Tester> has died with 12 level(s) at X= -10177, Y= 63, Z= 4115 | caused by Player | Char
[2024-03-20 20:20:20] [world] The Player <Tester> has died with 12 level(s) at X= -10175, Y= 63, Z= 4115 | caused by Player | Char
[2024-03-20 20:21:12] [world] The Player <Tester> has died with 12 level(s) at X= -10163, Y= 63, Z= 4116 | caused by ENTITY_ATTACK | 
[2024-03-20 20:21:22] [world] The Player <Tester> has died with 12 level(s) at X= -10177, Y= 63, Z= 4115 | caused by ENTITY_ATTACK | 
[2024-03-20 20:21:33] [world] The Player <Tester> has died with 12 level(s) at X= -10178, Y= 63, Z= 4114 | caused by Player | Char
[2024-03-20 20:22:14] [world] The Player <Tester> has died with 13 level(s) at X= -10159, Y= 63, Z= 4104 | caused by ENTITY_ATTACK | 
[2024-03-20 20:22:48] [world_the_end] The Player <theproman3387> has died with 15 level(s) at X= 99, Y= -155, Z= 17 | caused by VOID | 
[2024-03-20 20:22:52] [world] The Player <Tester> has died with 13 level(s) at X= -10178, Y= 63, Z= 4101 | caused by Player | Corner1
[2024-03-20 20:24:35] [world] The Player <Char> has died with 891 level(s) at X= -10179, Y= 67, Z= 4116 | caused by VOID | 
[2024-03-20 20:24:35] [world] The Player <Corner1> has died with 33 level(s) at X= -10177, Y= 66, Z= 4114 | caused by VOID | 
[2024-03-20 20:24:35] [world] The Player <A_Random_Person> has died with 26 level(s) at X= -10177, Y= 64, Z= 4121 | caused by VOID | 
[2024-03-20 20:24:35] [world] The Player <theproman3387> has died with 15 level(s) at X= -10175, Y= 64, Z= 4121 | caused by VOID | 
[2024-03-20 20:24:35] [world] The Player <Tester> has died with 14 level(s) at X= -10175, Y= 64, Z= 4121 | caused by VOID | 
[2024-03-20 20:24:35] [world] The Player <astronomy> has died with 13 level(s) at X= -10175, Y= 64, Z= 4124 | caused by VOID | 
[2024-03-20 20:24:35] [world] The Player <I_am_amazing> has died with 566 level(s) at X= -10178, Y= 64, Z= 4126 | caused by VOID | 
[2024-03-20 20:24:41] [world] The Player <Char> has died with 891 level(s) at X= -10177, Y= 66, Z= 4111 | caused by VOID | 
[2024-03-20 20:24:41] [world] The Player <Corner1> has died with 33 level(s) at X= -574, Y= 68, Z= 316 | caused by VOID | 
[2024-03-20 20:24:41] [world] The Player <A_Random_Person> has died with 26 level(s) at X= -573, Y= 68, Z= 316 | caused by VOID | 
[2024-03-20 20:24:41] [world] The Player <I_am_amazing> has died with 566 level(s) at X= -573, Y= 68, Z= 316 | caused by VOID | 
[2024-03-20 20:24:41] [world] The Player <astronomy> has died with 13 level(s) at X= -573, Y= 68, Z= 316 | caused by VOID | 
[2024-03-20 20:24:41] [world] The Player <theproman3387> has died with 15 level(s) at X= -573, Y= 68, Z= 316 | caused by VOID | 
[2024-03-20 20:25:11] [world] The Player <NezukoChan> has died with 12 level(s) at X= -10174, Y= 64, Z= 4121 | caused by Player | Mudkips_Rule
[2024-03-20 20:25:54] [world] The Player <A_Random_Person> has died with 26 level(s) at X= -579, Y= 66, Z= 298 | caused by Player | hexa
[2024-03-20 20:26:15] [world] The Player <A_Random_Person> has died with 26 level(s) at X= -584, Y= 67, Z= 294 | caused by Player | hexa
[2024-03-20 20:26:23] [world] The Player <Mudkips_Rule> has died with 30 level(s) at X= -1355, Y= 61, Z= -269 | caused by Player | I_am_amazing
[2024-03-20 20:26:34] [world] The Player <Mudkips_Rule> has died with 30 level(s) at X= -573, Y= 68, Z= 317 | caused by Player | hexa
[2024-03-20 20:26:35] [world] The Player <A_Random_Person> has died with 26 level(s) at X= -574, Y= 69, Z= 314 | caused by Player | hexa
[2024-03-20 20:26:41] [world] The Player <A_Random_Person> has died with 26 level(s) at X= -573, Y= 70, Z= 316 | caused by Player | hexa
[2024-03-20 20:26:44] [world] The Player <A_Random_Person> has died with 26 level(s) at X= -573, Y= 68, Z= 316 | caused by Player | hexa
[2024-03-20 20:26:49] [world] The Player <Mudkips_Rule> has died with 30 level(s) at X= -569, Y= 68, Z= 329 | caused by Player | hexa
[2024-03-20 20:27:30] [world] The Player <hexa> has died with 18 level(s) at X= -570, Y= 64, Z= 295 | caused by Player | Char
[2024-03-20 20:34:01] [world_the_end] The Player <theproman3387> has died with 16 level(s) at X= -76, Y= -159, Z= -5 | caused by VOID | 
[2024-03-20 20:38:34] [world] The Player <Mudkips_Rule> has died with 30 level(s) at X= -1355, Y= 62, Z= -268 | caused by Player | I_am_amazing
[2024-03-20 20:38:47] [world] The Player <hexa> has died with 18 level(s) at X= -570, Y= 69, Z= 320 | caused by Player | Mudkips_Rule
[2024-03-20 20:39:05] [world] The Player <hexa> has died with 18 level(s) at X= -574, Y= 68, Z= 345 | caused by Player | Mudkips_Rule
[2024-03-20 20:43:37] [world] The Player <Mudkips_Rule> has died with 30 level(s) at X= -1351, Y= 54, Z= -274 | caused by Player | I_am_amazing
[2024-03-20 20:44:30] [world_the_end] The Player <VeerIsKKK> has died with 26 level(s) at X= 100, Y= -191, Z= 21 | caused by VOID | 
[2024-03-20 20:44:46] [world_the_end] The Player <VeerIsKKK> has died with 26 level(s) at X= 100, Y= -198, Z= 10 | caused by VOID | 
[2024-03-20 20:45:16] [world] The Player <astronomy> has died with 12 level(s) at X= 1799, Y= 38, Z= 290 | caused by Player | hexa
[2024-03-20 20:45:43] [world] The Player <astronomy> has died with 12 level(s) at X= 1800, Y= 38, Z= 297 | caused by Player | hexa
[2024-03-20 20:46:10] [world] The Player <astronomy> has died with 12 level(s) at X= 1802, Y= 38, Z= 287 | caused by Player | hexa
[2024-03-20 20:46:27] [world] The Player <hexa> has died with 18 level(s) at X= -2541, Y= 64, Z= 559 | caused by Player | Char
[2024-03-20 20:55:03] [world] The Player <astronomy> has died with 12 level(s) at X= 1805, Y= 39, Z= 290 | caused by SUFFOCATION | 
[2024-03-20 21:05:30] [world] The Player <hexa> has died with 16 level(s) at X= 1804, Y= 37, Z= 290 | caused by Player | Char
[2024-03-20 21:07:13] [world_the_end] The Player <hexa> has died with 16 level(s) at X= 100, Y= 21, Z= -4 | caused by FALL | 
[2024-03-20 21:17:09] [world] The Player <astronomy> has died with 12 level(s) at X= 1806, Y= 38, Z= 290 | caused by Player | NezukoChan
[2024-03-20 21:22:05] [world] The Player <hexa> has died with 17 level(s) at X= -2518, Y= 62, Z= 581 | caused by FALL | 
[2024-03-20 21:24:30] [world] The Player <A_Random_Person> has died with 26 level(s) at X= 1803, Y= 39, Z= 289 | caused by Player | astronomy
[2024-03-20 21:34:45] [world] The Player <A_Random_Person> has died with 26 level(s) at X= -1302, Y= 8, Z= -198 | caused by FIRE_TICK | 
[2024-03-20 21:38:24] [world] The Player <NezukoChan> has died with 12 level(s) at X= -10175, Y= 62, Z= 4115 | caused by Player | Char
[2024-03-20 21:42:01] [world] The Player <GolemDaWanderer> has died with 10 level(s) at X= 9857, Y= 65, Z= -9955 | caused by Player | Char
[2024-03-20 21:50:15] [world] The Player <NezukoChan> has died with 12 level(s) at X= 1879, Y= 49, Z= 156 | caused by Player | Char
[2024-03-20 21:50:24] [world] The Player <astronomy> has died with 13 level(s) at X= 1880, Y= 44, Z= 159 | caused by Player | Char
[2024-03-20 21:50:31] [world] The Player <A_Random_Person> has died with 27 level(s) at X= -1296, Y= 9, Z= -102 | caused by FIRE_TICK | 
[2024-03-20 21:50:40] [world] The Player <hexa> has died with 18 level(s) at X= -2541, Y= 63, Z= 556 | caused by LAVA | 
[2024-03-20 22:00:49] [world] The Player <hexa> has died with 18 level(s) at X= -674, Y= 62, Z= 432 | caused by LAVA | 
[2024-03-20 22:08:30] [world_nether] The Player <idkwhattoputhere> has died with 0 level(s) at X= -90, Y= 50, Z= 82 | caused by FALL | 
[2024-03-20 22:12:06] [world] The Player <NezukoChan> has died with 12 level(s) at X= -2545, Y= 65, Z= 565 | caused by Player | hexa
[2024-03-20 22:12:26] [world] The Player <hexa> has died with 19 level(s) at X= -2522, Y= 62, Z= 570 | caused by Player | NezukoChan
[2024-03-20 22:16:31] [world_the_end] The Player <NezukChan> has died with 0 level(s) at X= 99, Y= 49, Z= 0 | caused by LAVA | 
[2024-03-20 22:16:40] [world] The Player <astronomy> has died with 1 level(s) at X= -2552, Y= 61, Z= 562 | caused by ENTITY_ATTACK | 
[2024-03-20 22:16:50] [world] The Player <NezukChan> has died with 0 level(s) at X= -569, Y= 69, Z= 325 | caused by Player | A_Random_Person
[2024-03-20 22:17:06] [world] The Player <NezukChan> has died with 0 level(s) at X= -565, Y= 69, Z= 322 | caused by Player | A_Random_Person
[2024-03-20 22:17:11] [world] The Player <astronomy> has died with 2 level(s) at X= -2553, Y= 61, Z= 562 | caused by ENTITY_ATTACK | 
[2024-03-20 22:17:20] [world_the_end] The Player <NezukChan> has died with 0 level(s) at X= 102, Y= 33, Z= -1 | caused by FALL | 
[2024-03-20 22:17:25] [world] The Player <NezukChan> has died with 0 level(s) at X= -572, Y= 69, Z= 319 | caused by Player | astronomy
[2024-03-20 22:17:46] [world_the_end] The Player <NezukChan> has died with 0 level(s) at X= 98, Y= 33, Z= -2 | caused by FALL | 
[2024-03-20 22:19:52] [world] The Player <astronomy> has died with 4 level(s) at X= -2553, Y= 61, Z= 563 | caused by ENTITY_ATTACK | 
[2024-03-20 22:20:31] [world] The Player <astronomy> has died with 4 level(s) at X= -2553, Y= 61, Z= 563 | caused by LAVA | 
[2024-03-20 22:23:11] [world] The Player <hexa> has died with 19 level(s) at X= 1000000, Y= 60, Z= 1000000 | caused by Player | Milk_Frog
[2024-03-20 22:30:26] [world] The Player <Tester> has died with 15 level(s) at X= 1000032, Y= 73, Z= 999833 | caused by VOID | 
[2024-03-20 22:31:09] [world] The Player <Tester> has died with 15 level(s) at X= 1000033, Y= 74, Z= 999834 | caused by VOID | 
[2024-03-20 22:32:50] [world] The Player <hexa> has died with 19 level(s) at X= 1000048, Y= 42, Z= 999876 | caused by FALL | 
[2024-03-20 23:28:15] [world] The Player <Brycethelegend> has died with 7 level(s) at X= -1350, Y= 11, Z= -234 | caused by FIRE_TICK | 
[2024-03-20 23:30:38] [world] The Player <Brycethelegend> has died with 7 level(s) at X= -590, Y= 68, Z= 258 | caused by FALL | 
[2024-03-20 23:30:54] [world_the_end] The Player <Brycethelegend> has died with 7 level(s) at X= 102, Y= 50, Z= 0 | caused by FIRE_TICK | 
[2024-03-20 23:31:15] [world_the_end] The Player <Brycethelegend> has died with 7 level(s) at X= 100, Y= 49, Z= 2 | caused by LAVA | 
[2024-03-20 23:31:25] [world_the_end] The Player <Brycethelegend> has died with 7 level(s) at X= 100, Y= 33, Z= -3 | caused by FALL | 
[2024-03-20 23:32:50] [world_the_end] The Player <Brycethelegend> has died with 7 level(s) at X= 88, Y= -188, Z= -6 | caused by VOID | 
[2024-03-20 23:34:41] [world_the_end] The Player <Brycethelegend> has died with 7 level(s) at X= 46, Y= 33, Z= -37 | caused by FALL | 
[2024-03-20 23:37:25] [world_nether] The Player <Brycethelegend> has died with 8 level(s) at X= -149, Y= 26, Z= 44 | caused by LAVA | 
[2024-03-20 23:46:14] [world] The Player <Brycethelegend> has died with 8 level(s) at X= -534, Y= 74, Z= 107 | caused by ENTITY_EXPLOSION | 
[2024-03-21 00:11:25] [world_the_end] The Player <Heinrich_Himmler> has died with 20 level(s) at X= -62, Y= 33, Z= -22 | caused by FALL | 
[2024-03-21 00:39:04] [world_nether] The Player <Heinrich_Himmler> has died with 20 level(s) at X= -59, Y= 30, Z= 22 | caused by LAVA | 
[2024-03-21 00:45:57] [world] The Player <Heinrich_Himmler> has died with 21 level(s) at X= -602, Y= 18, Z= 375 | caused by LAVA | 
[2024-03-21 00:46:59] [world] The Player <NezukoChan> has died with 14 level(s) at X= 1772, Y= 10, Z= 231 | caused by LAVA | 
[2024-03-21 00:47:00] [world] The Player <Heinrich_Himmler> has died with 21 level(s) at X= -601, Y= 18, Z= 376 | caused by FIRE | 
[2024-03-21 00:47:15] [world] The Player <A_Random_Person> has died with 23 level(s) at X= -678, Y= 9, Z= 299 | caused by LAVA | 
[2024-03-21 00:47:21] [world_nether] The Player <Rip_WillOfTheD> has died with 30 level(s) at X= -63, Y= 76, Z= 12 | caused by FALL | 
[2024-03-21 00:47:41] [world] The Player <A_Random_Person> has died with 23 level(s) at X= -678, Y= 11, Z= 298 | caused by FIRE_TICK | 
[2024-03-21 00:48:44] [world] The Player <A_Random_Person> has died with 23 level(s) at X= -678, Y= 11, Z= 304 | caused by FIRE_TICK | 
[2024-03-21 00:48:59] [world_the_end] The Player <Heinrich_Himmler> has died with 21 level(s) at X= 82, Y= 34, Z= -5 | caused by Player | Rip_WillOfTheD
[2024-03-21 00:49:18] [world] The Player <A_Random_Person> has died with 23 level(s) at X= -679, Y= 9, Z= 303 | caused by FIRE_TICK | 
[2024-03-21 00:49:39] [world] The Player <A_Random_Person> has died with 23 level(s) at X= -679, Y= 9, Z= 303 | caused by LAVA | 
[2024-03-21 00:50:35] [world_the_end] The Player <Heinrich_Himmler> has died with 21 level(s) at X= 94, Y= -184, Z= 12 | caused by VOID | 
[2024-03-21 00:53:19] [world_the_end] The Player <Heinrich_Himmler> has died with 21 level(s) at X= 98, Y= 49, Z= 0 | caused by Player | NezukoChan
[2024-03-21 00:53:46] [world_the_end] The Player <Rip_WillOfTheD> has died with 30 level(s) at X= 58, Y= 62, Z= 19 | caused by Player | astronomy
[2024-03-21 00:53:59] [world_the_end] The Player <Rip_WillOfTheD> has died with 30 level(s) at X= 98, Y= 50, Z= 1 | caused by Player | NezukoChan
[2024-03-21 00:54:06] [world_the_end] The Player <Rip_WillOfTheD> has died with 30 level(s) at X= 96, Y= 52, Z= -1 | caused by Player | NezukoChan
[2024-03-21 00:54:14] [world_the_end] The Player <Rip_WillOfTheD> has died with 30 level(s) at X= 94, Y= 53, Z= 1 | caused by Player | NezukoChan
[2024-03-21 00:54:36] [world_the_end] The Player <NezukoChan> has died with 14 level(s) at X= 65, Y= 61, Z= 17 | caused by Player | Rip_WillOfTheD
[2024-03-21 00:54:55] [world_the_end] The Player <Heinrich_Himmler> has died with 21 level(s) at X= 94, Y= 22, Z= 5 | caused by ENTITY_ATTACK | 
[2024-03-21 00:55:38] [world_the_end] The Player <Rip_WillOfTheD> has died with 30 level(s) at X= 21, Y= 58, Z= 32 | caused by Player | NezukoChan
[2024-03-21 00:57:46] [world_the_end] The Player <Rip_WillOfTheD> has died with 30 level(s) at X= 41, Y= 62, Z= 43 | caused by ENTITY_ATTACK | 
[2024-03-21 00:58:07] [world_the_end] The Player <NezukoChan> has died with 14 level(s) at X= 104, Y= 21, Z= -4 | caused by FALL | 
[2024-03-21 01:03:36] [world_nether] The Player <Heinrich_Himmler> has died with 21 level(s) at X= 12486, Y= 76, Z= -20 | caused by LAVA | 
[2024-03-21 01:08:48] [world] The Player <Heinrich_Himmler> has died with 21 level(s) at X= -595, Y= 17, Z= 383 | caused by FALL | 
[2024-03-21 01:11:15] [world] The Player <A_Random_Person> has died with 8 level(s) at X= 1801, Y= 39, Z= 283 | caused by SUFFOCATION | 
[2024-03-21 01:21:31] [world] The Player <Heinrich_Himmler> has died with 22 level(s) at X= -603, Y= 5, Z= 179 | caused by FIRE_TICK | 
[2024-03-21 01:36:23] [world_nether] The Player <astronomy> has died with 13 level(s) at X= -1268, Y= 39, Z= 654 | caused by LAVA | 
[2024-03-21 01:36:36] [world_nether] The Player <astronomy> has died with 13 level(s) at X= -1268, Y= 39, Z= 654 | caused by LAVA | 
[2024-03-21 01:59:27] [world] The Player <A_Random_Person> has died with 8 level(s) at X= 1800, Y= 39, Z= 284 | caused by SUFFOCATION | 
[2024-03-21 02:02:13] [world] The Player <A_Random_Person> has died with 8 level(s) at X= 1801, Y= 39, Z= 284 | caused by SUFFOCATION | 
[2024-03-21 02:03:44] [world_nether] The Player <A_Random_Person> has died with 8 level(s) at X= -147, Y= 22, Z= -2 | caused by LAVA | 
[2024-03-21 02:08:20] [world_the_end] The Player <astronomy> has died with 17 level(s) at X= 60, Y= 61, Z= -4 | caused by ENTITY_ATTACK | 
[2024-03-21 02:15:40] [world_the_end] The Player <Heinrich_Himmler> has died with 23 level(s) at X= -11, Y= 59, Z= 13 | caused by ENTITY_ATTACK | 
[2024-03-21 02:18:50] [world_the_end] The Player <Heinrich_Himmler> has died with 23 level(s) at X= -167, Y= -217, Z= 40 | caused by VOID | 
[2024-03-21 02:31:47] [world] The Player <astronomy> has died with 3 level(s) at X= -1534, Y= 51, Z= -117 | caused by Player | A_Random_Person
[2024-03-21 03:05:26] [world_the_end] The Player <Heinrich_Himmler> has died with 23 level(s) at X= -181, Y= -66, Z= 37 | caused by VOID | 
[2024-03-21 03:23:37] [world_the_end] The Player <Heinrich_Himmler> has died with 23 level(s) at X= -172, Y= 101, Z= 36 | caused by ENTITY_ATTACK | 
[2024-03-21 03:28:47] [world_the_end] The Player <Heinrich_Himmler> has died with 23 level(s) at X= -170, Y= 99, Z= 37 | caused by FALL | 
[2024-03-21 03:32:33] [world_the_end] The Player <Heinrich_Himmler> has died with 23 level(s) at X= -165, Y= 60, Z= 41 | caused by ENTITY_ATTACK | 
[2024-03-21 03:33:58] [world_the_end] The Player <Heinrich_Himmler> has died with 23 level(s) at X= -167, Y= 60, Z= 35 | caused by ENTITY_ATTACK | 
[2024-03-21 03:38:04] [world] The Player <Heinrich_Himmler> has died with 22 level(s) at X= -870, Y= 69, Z= 288 | caused by FALL | 
[2024-03-21 03:41:09] [world_the_end] The Player <Heinrich_Himmler> has died with 22 level(s) at X= -168, Y= 62, Z= 45 | caused by FALL | 
[2024-03-21 03:43:59] [world_the_end] The Player <Heinrich_Himmler> has died with 22 level(s) at X= -169, Y= 57, Z= 37 | caused by FALL | 
[2024-03-21 03:45:00] [world_the_end] The Player <Heinrich_Himmler> has died with 22 level(s) at X= -168, Y= -192, Z= 45 | caused by VOID | 
[2024-03-21 03:46:29] [world_the_end] The Player <Heinrich_Himmler> has died with 22 level(s) at X= -153, Y= -158, Z= 33 | caused by VOID | 
[2024-03-21 03:47:28] [world_the_end] The Player <Heinrich_Himmler> has died with 22 level(s) at X= 67, Y= -66, Z= -19 | caused by VOID | 
[2024-03-21 05:18:59] [world] The Player <GolemDaWanderer> has died with 10 level(s) at X= -593, Y= 64, Z= 238 | caused by ENTITY_ATTACK | 
[2024-03-21 11:20:57] [world] The Player <Dave_TheCoolGuy> has died with 6 level(s) at X= -703, Y= 65, Z= 264 | caused by Player | ACE
[2024-03-21 11:40:34] [world_nether] The Player <qwerty> has died with 6 level(s) at X= -136, Y= 67, Z= -84 | caused by FIRE_TICK | 
[2024-03-21 11:49:57] [world_nether] The Player <hexa> has died with 26 level(s) at X= -91, Y= 33, Z= -159 | caused by FALL | 
[2024-03-21 11:52:30] [world_nether] The Player <hexa> has died with 27 level(s) at X= -144, Y= 26, Z= -179 | caused by FIRE_TICK | 
[2024-03-21 11:53:24] [world_the_end] The Player <somebody139> has died with 5 level(s) at X= 103, Y= 17, Z= 7 | caused by FALL | 
[2024-03-21 11:55:42] [world] The Player <ACE> has died with 1 level(s) at X= -815, Y= 69, Z= 258 | caused by Player | somebody139
[2024-03-21 11:57:47] [world] The Player <somebody139> has died with 5 level(s) at X= -766, Y= 65, Z= 235 | caused by Player | ACE
[2024-03-21 12:04:43] [world_the_end] The Player <somebody139> has died with 5 level(s) at X= 98, Y= 22, Z= 3 | caused by FALL | 
[2024-03-21 12:05:31] [world] The Player <ACE> has died with 2 level(s) at X= -769, Y= 65, Z= 227 | caused by Player | dick_slap
[2024-03-21 12:05:59] [world] The Player <dick_slap> has died with 7 level(s) at X= -773, Y= 64, Z= 225 | caused by Player | ACE
[2024-03-21 12:12:44] [world] The Player <somebody139> has died with 6 level(s) at X= -578, Y= 56, Z= 270 | caused by Player | VeerIsKKK
[2024-03-21 12:12:45] [world] The Player <VeerIsKKK> has died with 26 level(s) at X= -576, Y= 56, Z= 269 | caused by Player | somebody139
[2024-03-21 12:13:00] [world] The Player <VeerIsKKK> has died with 26 level(s) at X= -575, Y= 68, Z= 352 | caused by Player | somebody139
[2024-03-21 12:13:22] [world_the_end] The Player <somebody139> has died with 6 level(s) at X= 98, Y= 22, Z= 4 | caused by FALL | 
[2024-03-21 12:13:24] [world_the_end] The Player <VeerIsKKK> has died with 26 level(s) at X= 98, Y= -196, Z= 4 | caused by VOID | 
[2024-03-21 12:13:55] [world_the_end] The Player <somebody139> has died with 6 level(s) at X= 94, Y= 54, Z= 3 | caused by Player | VeerIsKKK
[2024-03-21 12:13:56] [world_the_end] The Player <VeerIsKKK> has died with 26 level(s) at X= 97, Y= 49, Z= 2 | caused by Player | somebody139
[2024-03-21 12:14:15] [world_the_end] The Player <VeerIsKKK> has died with 26 level(s) at X= 98, Y= 22, Z= 3 | caused by Player | somebody139
[2024-03-21 12:14:39] [world_the_end] The Player <somebody139> has died with 6 level(s) at X= 109, Y= -163, Z= 0 | caused by VOID | 
[2024-03-21 12:14:59] [world_the_end] The Player <somebody139> has died with 6 level(s) at X= 103, Y= -188, Z= 3 | caused by VOID | 
[2024-03-21 12:15:44] [world_nether] The Player <VeerIsKKK> has died with 26 level(s) at X= -104, Y= 49, Z= -29 | caused by FALL | 
[2024-03-21 12:16:03] [world_the_end] The Player <VeerIsKKK> has died with 26 level(s) at X= 102, Y= -95, Z= 0 | caused by Player | somebody139
[2024-03-21 12:16:16] [world_the_end] The Player <VeerIsKKK> has died with 26 level(s) at X= 100, Y= 21, Z= -3 | caused by Player | somebody139
[2024-03-21 12:16:28] [world] The Player <character> has died with 18 level(s) at X= -259, Y= 70, Z= -629 | caused by FALL | 
[2024-03-21 12:16:34] [world_the_end] The Player <somebody139> has died with 6 level(s) at X= 104, Y= 21, Z= -3 | caused by FALL | 
[2024-03-21 12:19:25] [world] The Player <dick_slap> has died with 7 level(s) at X= -768, Y= 63, Z= 257 | caused by Player | ACE
[2024-03-21 12:20:11] [world] The Player <dick_slap> has died with 7 level(s) at X= -763, Y= 63, Z= 257 | caused by Player | ACE
[2024-03-21 12:21:03] [world] The Player <dick_slap> has died with 7 level(s) at X= -779, Y= 63, Z= 257 | caused by Player | ACE
[2024-03-21 12:22:32] [world] The Player <VeerIsKKK> has died with 26 level(s) at X= 496, Y= 64, Z= 2253 | caused by FALL | 
[2024-03-21 12:23:28] [world] The Player <dick_slap> has died with 7 level(s) at X= -783, Y= 65, Z= 233 | caused by Player | ACE
[2024-03-21 12:24:36] [world] The Player <ACE> has died with 3 level(s) at X= -769, Y= 47, Z= 261 | caused by FALL | 
[2024-03-21 12:28:00] [world] The Player <ACE> has died with 3 level(s) at X= -773, Y= 65, Z= 260 | caused by Player | somebody139
[2024-03-21 12:28:44] [world] The Player <somebody139> has died with 6 level(s) at X= -784, Y= 67, Z= 241 | caused by Player | ACE
[2024-03-21 12:31:26] [world] The Player <dick_slap> has died with 8 level(s) at X= -770, Y= 63, Z= 257 | caused by Player | ACE
[2024-03-21 12:31:54] [world_the_end] The Player <somebody139> has died with 6 level(s) at X= 100, Y= 49, Z= 0 | caused by Player | WienerDogFace
[2024-03-21 12:32:11] [world_the_end] The Player <somebody139> has died with 6 level(s) at X= 106, Y= -194, Z= 1 | caused by VOID | 
[2024-03-21 12:32:14] [world] The Player <dhar> has died with 5 level(s) at X= -664, Y= 71, Z= 305 | caused by Player | Char
[2024-03-21 12:33:31] [world] The Player <PenguinBoi> has died with 0 level(s) at X= -405, Y= 60, Z= -73 | caused by DROWNING | 
[2024-03-21 12:33:38] [world] The Player <Dave_TheCoolGuy> has died with 6 level(s) at X= -676, Y= 72, Z= 313 | caused by Player | Char
[2024-03-21 12:35:51] [world] The Player <character> has died with 18 level(s) at X= -363, Y= 81, Z= -44 | caused by FALL | 
[2024-03-21 12:36:59] [world] The Player <General_Rihan> has died with 18 level(s) at X= -10143, Y= 38, Z= 4124 | caused by FALL | 
[2024-03-21 12:37:32] [world] The Player <somebody139> has died with 6 level(s) at X= -779, Y= 41, Z= 195 | caused by FALL | 
[2024-03-21 12:38:42] [world] The Player <VeerIsKKK> has died with 26 level(s) at X= 496, Y= 63, Z= 2253 | caused by FALL | 
[2024-03-21 12:39:33] [world] The Player <Tester> has died with 17 level(s) at X= -1541, Y= 69, Z= -122 | caused by Player | Char
[2024-03-21 12:40:29] [world] The Player <Dave_TheCoolGuy> has died with 7 level(s) at X= -654, Y= 32, Z= 315 | caused by Player | Char
[2024-03-21 12:42:02] [world] The Player <PenguinBoi> has died with 5 level(s) at X= -369, Y= 86, Z= -58 | caused by DROWNING | 
[2024-03-21 12:42:09] [world] The Player <hi_> has died with 14 level(s) at X= 1, Y= -177, Z= 1 | caused by VOID | 
[2024-03-21 12:42:13] [world] The Player <General_Rihan> has died with 18 level(s) at X= 1, Y= -180, Z= 1 | caused by VOID | 
[2024-03-21 12:42:45] [world] The Player <somebody139> has died with 6 level(s) at X= -780, Y= 10, Z= 161 | caused by Player | VeerIsKKK
[2024-03-21 12:43:00] [world] The Player <somebody139> has died with 6 level(s) at X= -781, Y= 11, Z= 163 | caused by Player | VeerIsKKK
[2024-03-21 12:43:23] [world] The Player <somebody139> has died with 6 level(s) at X= -780, Y= 11, Z= 190 | caused by Player | VeerIsKKK
[2024-03-21 12:44:23] [world] The Player <Dave_TheCoolGuy> has died with 7 level(s) at X= -679, Y= 59, Z= 312 | caused by Player | Char
[2024-03-21 12:46:42] [world] The Player <dhar> has died with 5 level(s) at X= -681, Y= 72, Z= 315 | caused by Player | NezukoChan
[2024-03-21 12:47:25] [world] The Player <General_Rihan> has died with 18 level(s) at X= -10170, Y= 65, Z= 4119 | caused by FIRE_TICK | 
[2024-03-21 12:47:38] [world] The Player <NezukoChan> has died with 14 level(s) at X= -673, Y= 72, Z= 315 | caused by Player | dhar
[2024-03-21 12:47:47] [world] The Player <General_Rihan> has died with 18 level(s) at X= -572, Y= 69, Z= 318 | caused by Player | NezukoChan
[2024-03-21 12:47:52] [world] The Player <NezukoChan> has died with 14 level(s) at X= -668, Y= 71, Z= 310 | caused by Player | digbick
[2024-03-21 12:48:02] [world] The Player <hi_> has died with 15 level(s) at X= 2, Y= -226, Z= 1 | caused by VOID | 
[2024-03-21 12:48:19] [world] The Player <hi_> has died with 15 level(s) at X= 2, Y= -273, Z= 1 | caused by VOID | 
[2024-03-21 12:48:22] [world] The Player <dhar> has died with 5 level(s) at X= -680, Y= 72, Z= 315 | caused by Player | NezukoChan
[2024-03-21 12:48:39] [world] The Player <hi_> has died with 15 level(s) at X= 2, Y= -322, Z= 1 | caused by VOID | 
[2024-03-21 12:48:44] [world] The Player <dhar> has died with 5 level(s) at X= -684, Y= 71, Z= 313 | caused by Player | NezukoChan
[2024-03-21 12:48:49] [world] The Player <Tester> has died with 17 level(s) at X= -684, Y= 72, Z= 309 | caused by FALL | 
[2024-03-21 12:49:00] [world] The Player <NezukoChan> has died with 14 level(s) at X= -676, Y= 72, Z= 305 | caused by Player | dhar
[2024-03-21 12:49:02] [world] The Player <dhar> has died with 5 level(s) at X= -674, Y= 72, Z= 305 | caused by Player | Tester
[2024-03-21 12:49:11] [world] The Player <Dave_TheCoolGuy> has died with 10 level(s) at X= -677, Y= 73, Z= 294 | caused by FIRE_TICK | 
[2024-03-21 12:49:12] [world] The Player <character> has died with 19 level(s) at X= -369, Y= 86, Z= -58 | caused by DROWNING | 
[2024-03-21 12:49:28] [world] The Player <Dave_TheCoolGuy> has died with 10 level(s) at X= -676, Y= 73, Z= 275 | caused by Player | Tester
[2024-03-21 12:49:30] [world] The Player <dhar> has died with 5 level(s) at X= -674, Y= 72, Z= 303 | caused by FIRE_TICK | 
[2024-03-21 12:49:40] [world] The Player <Tester> has died with 17 level(s) at X= -683, Y= 72, Z= 304 | caused by FALL | 
[2024-03-21 12:49:49] [world] The Player <NezukoChan> has died with 14 level(s) at X= -572, Y= 68, Z= 316 | caused by Player | WienerDogFace
[2024-03-21 12:50:17] [world] The Player <General_Rihan> has died with 18 level(s) at X= -10162, Y= 64, Z= 4119 | caused by Player | Tester
[2024-03-21 12:50:53] [world] The Player <Bobuz> has died with 3 level(s) at X= -369, Y= 86, Z= -58 | caused by DROWNING | 
[2024-03-21 12:50:56] [world] The Player <Dave_TheCoolGuy> has died with 10 level(s) at X= -679, Y= 72, Z= 314 | caused by FALL | 
[2024-03-21 12:51:48] [world] The Player <dick_slap> has died with 9 level(s) at X= -884, Y= 86, Z= 254 | caused by CONTACT | 
[2024-03-21 12:59:01] [world] The Player <kirbo> has died with 10 level(s) at X= -587, Y= 68, Z= 317 | caused by Player | Char
[2024-03-21 13:30:54] [world_nether] The Player <hexa> has died with 30 level(s) at X= -135, Y= 67, Z= -84 | caused by FIRE | 
[2024-03-21 13:32:33] [world] The Player <hi_> has died with 10 level(s) at X= -573, Y= 64, Z= 382 | caused by Player | Tester
[2024-03-21 13:37:14] [world] The Player <hi_> has died with 10 level(s) at X= -554, Y= 65, Z= 327 | caused by Player | hexa
[2024-03-21 13:37:31] [world] The Player <hi_> has died with 10 level(s) at X= -573, Y= 68, Z= 316 | caused by Player | hexa
[2024-03-21 13:37:37] [world] The Player <hi_> has died with 10 level(s) at X= -575, Y= 69, Z= 314 | caused by Player | hexa
[2024-03-21 13:37:44] [world] The Player <hi_> has died with 10 level(s) at X= -572, Y= 68, Z= 316 | caused by Player | hexa
[2024-03-21 13:37:46] [world] The Player <hi_> has died with 10 level(s) at X= -573, Y= 68, Z= 316 | caused by Player | hexa
[2024-03-21 13:37:56] [world] The Player <hi_> has died with 10 level(s) at X= -565, Y= 69, Z= 326 | caused by Player | hexa
[2024-03-21 13:38:03] [world] The Player <hi_> has died with 10 level(s) at X= -573, Y= 68, Z= 316 | caused by Player | hexa
[2024-03-21 13:38:11] [world] The Player <hi_> has died with 10 level(s) at X= -573, Y= 68, Z= 316 | caused by Player | hexa
[2024-03-21 13:38:14] [world] The Player <hi_> has died with 10 level(s) at X= -573, Y= 68, Z= 316 | caused by Player | hexa
[2024-03-21 13:40:09] [world_the_end] The Player <hi_> has died with 10 level(s) at X= 15, Y= 59, Z= 12 | caused by Player | I_am_amazing
[2024-03-21 13:46:49] [world] The Player <Clownpierce> has died with 5 level(s) at X= -916, Y= 69, Z= 252 | caused by CONTACT | 
[2024-03-21 13:46:56] [world] The Player <WienerDogFace> has died with 18 level(s) at X= -585, Y= 68, Z= 351 | caused by Player | I_am_amazing
[2024-03-21 13:47:03] [world] The Player <Clownpierce> has died with 5 level(s) at X= -569, Y= 70, Z= 321 | caused by Player | WienerDogFace
[2024-03-21 13:47:13] [world] The Player <Clownpierce> has died with 5 level(s) at X= -585, Y= 68, Z= 328 | caused by Player | WienerDogFace
[2024-03-21 13:47:32] [world] The Player <Clownpierce> has died with 5 level(s) at X= -604, Y= 68, Z= 358 | caused by Player | I_am_amazing
[2024-03-21 13:47:40] [world] The Player <WienerDogFace> has died with 18 level(s) at X= -605, Y= 68, Z= 346 | caused by Player | I_am_amazing
[2024-03-21 13:47:45] [world] The Player <Clownpierce> has died with 5 level(s) at X= -576, Y= 69, Z= 318 | caused by Player | WienerDogFace
[2024-03-21 13:47:49] [world] The Player <Clownpierce> has died with 5 level(s) at X= -572, Y= 69, Z= 315 | caused by Player | WienerDogFace
[2024-03-21 13:48:31] [world] The Player <Clownpierce> has died with 5 level(s) at X= -593, Y= 68, Z= 357 | caused by Player | WienerDogFace
[2024-03-21 13:48:41] [world] The Player <WienerDogFace> has died with 18 level(s) at X= -577, Y= 61, Z= 378 | caused by Player | I_am_amazing
[2024-03-21 13:49:12] [world] The Player <Brycethelegend_> has died with 13 level(s) at X= -538, Y= 68, Z= 241 | caused by FALL | 
[2024-03-21 13:50:06] [world] The Player <Tester> has died with 19 level(s) at X= -596, Y= 68, Z= 325 | caused by Player | WienerDogFace
[2024-03-21 13:50:22] [world] The Player <Tester> has died with 19 level(s) at X= -10178, Y= 63, Z= 4114 | caused by Player | hexa
[2024-03-21 13:50:29] [world] The Player <Tester> has died with 19 level(s) at X= -10179, Y= 63, Z= 4115 | caused by Player | hexa
[2024-03-21 13:51:17] [world] The Player <Tester> has died with 19 level(s) at X= -10157, Y= 63, Z= 4110 | caused by Player | hexa
[2024-03-21 13:51:24] [world] The Player <hexa> has died with 26 level(s) at X= -10161, Y= 63, Z= 4113 | caused by Player | Tester
[2024-03-21 13:52:24] [world] The Player <hexa> has died with 26 level(s) at X= -10171, Y= 64, Z= 4121 | caused by Player | Tester
[2024-03-21 13:57:18] [world] The Player <Clownpierce> has died with 5 level(s) at X= -10216, Y= 66, Z= 4105 | caused by Player | NezukoChan
[2024-03-21 13:57:51] [world] The Player <Heinrich_Himmler> has died with 22 level(s) at X= -578, Y= 69, Z= 319 | caused by Player | Clownpierce
[2024-03-21 13:58:52] [world_the_end] The Player <theproman3387> has died with 16 level(s) at X= 68, Y= 57, Z= 44 | caused by ENTITY_ATTACK | 
[2024-03-21 13:59:02] [world_the_end] The Player <Heinrich_Himmler> has died with 22 level(s) at X= -169, Y= 57, Z= 38 | caused by FALL | 
[2024-03-21 14:00:55] [world_the_end] The Player <Heinrich_Himmler> has died with 22 level(s) at X= -165, Y= 57, Z= 43 | caused by Player | Tester
[2024-03-21 14:01:27] [world_the_end] The Player <Tester> has died with 20 level(s) at X= -168, Y= 61, Z= 44 | caused by FALL | 
[2024-03-21 14:01:37] [world] The Player <A_Random_Person> has died with 28 level(s) at X= -1534, Y= 51, Z= -118 | caused by Player | hi_
[2024-03-21 14:01:54] [world_the_end] The Player <Heinrich_Himmler> has died with 22 level(s) at X= -166, Y= 61, Z= 45 | caused by Player | Tester
[2024-03-21 14:02:06] [world] The Player <digbick> has died with 20 level(s) at X= -674, Y= 54, Z= 313 | caused by Player | NezukoChan
[2024-03-21 14:02:15] [world_nether] The Player <Brycethelegend_> has died with 13 level(s) at X= -12, Y= 30, Z= 9 | caused by LAVA | 
[2024-03-21 14:02:21] [world] The Player <NezukoChan> has died with 11 level(s) at X= -685, Y= 65, Z= 313 | caused by Player | digbick
[2024-03-21 14:04:01] [world] The Player <digbick> has died with 20 level(s) at X= -689, Y= 71, Z= 316 | caused by Player | NezukoChan
[2024-03-21 17:45:43] [world] The Player <Heinrich_Himmler> has died with 22 level(s) at X= -265, Y= 10, Z= 241 | caused by LAVA | 
[2024-03-21 19:23:32] [world] The Player <astronomy> has died with 23 level(s) at X= 1789, Y= 12, Z= 255 | caused by PROJECTILE | 
[2024-03-21 19:30:28] [world] The Player <Dave_TheCoolGuy> has died with 10 level(s) at X= -685, Y= 72, Z= 325 | caused by LIGHTNING | 
[2024-03-21 19:30:43] [world] The Player <Dave_TheCoolGuy> has died with 10 level(s) at X= -684, Y= 74, Z= 316 | caused by FALL | 
[2024-03-21 19:30:49] [world] The Player <Dave_TheCoolGuy> has died with 10 level(s) at X= -686, Y= 72, Z= 300 | caused by FALL | 
[2024-03-21 19:31:26] [world] The Player <Dave_TheCoolGuy> has died with 10 level(s) at X= -688, Y= 71, Z= 305 | caused by Player | Corner1
[2024-03-21 19:32:40] [world] The Player <Dave_TheCoolGuy> has died with 10 level(s) at X= -707, Y= 69, Z= 288 | caused by Player | Char
[2024-03-21 19:32:52] [world] The Player <Dave_TheCoolGuy> has died with 10 level(s) at X= -690, Y= 71, Z= 303 | caused by Player | Corner1
[2024-03-21 19:33:09] [world] The Player <Dave_TheCoolGuy> has died with 11 level(s) at X= -690, Y= 74, Z= 306 | caused by Player | Corner1
[2024-03-21 19:33:22] [world] The Player <hi_> has died with 13 level(s) at X= -1153, Y= 65, Z= -440 | caused by Player | astronomy
[2024-03-21 19:33:35] [world] The Player <Dave_TheCoolGuy> has died with 11 level(s) at X= -685, Y= 72, Z= 297 | caused by LIGHTNING | 
[2024-03-21 19:33:56] [world] The Player <Dave_TheCoolGuy> has died with 12 level(s) at X= -689, Y= 71, Z= 301 | caused by Player | Corner1
[2024-03-21 19:36:04] [world] The Player <Dave_TheCoolGuy> has died with 12 level(s) at X= -656, Y= 68, Z= 316 | caused by VOID | 
[2024-03-21 19:38:59] [world] The Player <Dave_TheCoolGuy> has died with 12 level(s) at X= -686, Y= 71, Z= 304 | caused by LIGHTNING | 
