[2024-03-21 19:46:43] [world] The Player <astronomy> has died with 23 level(s) at X= -1551, Y= 69, Z= -122 | caused by Player | Mudkips_Rule
[2024-03-21 19:47:52] [world] The Player <Mudkips_Rule> has died with 28 level(s) at X= -578, Y= 68, Z= 275 | caused by Player | hi_
[2024-03-21 19:48:15] [world] The Player <Dave_TheCoolGuy> has died with 13 level(s) at X= -585, Y= 70, Z= 215 | caused by DROWNING | 
[2024-03-21 19:49:50] [world] The Player <hi_> has died with 13 level(s) at X= -582, Y= 68, Z= 289 | caused by Player | Mudkips_Rule
[2024-03-21 19:50:12] [world] The Player <Dave_TheCoolGuy> has died with 13 level(s) at X= -585, Y= 70, Z= 215 | caused by DROWNING | 
[2024-03-21 19:51:17] [world] The Player <Dave_TheCoolGuy> has died with 13 level(s) at X= -713, Y= 63, Z= 301 | caused by SUFFOCATION | 
[2024-03-21 20:00:11] [world_the_end] The Player <hi_> has died with 14 level(s) at X= 21, Y= 61, Z= -33 | caused by ENTITY_ATTACK | 
[2024-03-21 20:01:12] [world_nether] The Player <hi_> has died with 14 level(s) at X= -99, Y= 31, Z= 48 | caused by FALL | 
[2024-03-21 20:05:35] [world_nether] The Player <hi_> has died with 15 level(s) at X= 58, Y= 41, Z= 47 | caused by LAVA | 
[2024-03-21 20:07:16] [world_nether] The Player <hi_> has died with 15 level(s) at X= -69, Y= 71, Z= 29 | caused by ENTITY_ATTACK | 
[2024-03-21 20:17:55] [world] The Player <Dave_TheCoolGuy> has died with 13 level(s) at X= -587, Y= 68, Z= 307 | caused by Player | NezukoChan
[2024-03-21 20:18:19] [world] The Player <astronomy> has died with 24 level(s) at X= -10175, Y= 64, Z= 4129 | caused by SUFFOCATION | 
[2024-03-21 20:18:35] [world] The Player <NezukoChan> has died with 12 level(s) at X= -648, Y= 68, Z= 328 | caused by FALL | 
[2024-03-21 20:24:03] [world] The Player <Heinrich_Himmler> has died with 22 level(s) at X= -740, Y= 56, Z= 301 | caused by PROJECTILE | 
[2024-03-21 20:24:40] [world_the_end] The Player <Heinrich_Himmler> has died with 22 level(s) at X= -169, Y= 57, Z= 37 | caused by FALL | 
[2024-03-21 20:26:34] [world_the_end] The Player <Heinrich_Himmler> has died with 22 level(s) at X= -169, Y= 57, Z= 37 | caused by FIRE_TICK | 
[2024-03-21 20:37:08] [world_the_end] The Player <Heinrich_Himmler> has died with 22 level(s) at X= -168, Y= 57, Z= 39 | caused by FALL | 
[2024-03-21 20:38:13] [world_the_end] The Player <Heinrich_Himmler> has died with 22 level(s) at X= -169, Y= 102, Z= 43 | caused by ENTITY_ATTACK | 
[2024-03-21 20:38:45] [world_the_end] The Player <Heinrich_Himmler> has died with 22 level(s) at X= -167, Y= 72, Z= 45 | caused by FALL | 
[2024-03-21 20:40:52] [world] The Player <hi_> has died with 19 level(s) at X= -1157, Y= 48, Z= -436 | caused by LAVA | 
[2024-03-21 20:41:05] [world] The Player <character> has died with 19 level(s) at X= -369, Y= 86, Z= -58 | caused by DROWNING | 
[2024-03-21 21:25:25] [world_the_end] The Player <Tester> has died with 20 level(s) at X= -167, Y= -192, Z= 45 | caused by VOID | 
[2024-03-21 21:34:53] [world] The Player <Tester> has died with 21 level(s) at X= -10320, Y= 63, Z= 4021 | caused by PROJECTILE | 
[2024-03-21 22:23:28] [world] The Player <NezukoChan> has died with 14 level(s) at X= 1839, Y= 10, Z= 259 | caused by ENTITY_EXPLOSION | 
[2024-03-21 22:24:36] [world_the_end] The Player <Heinrich_Himmler> has died with 22 level(s) at X= -21, Y= 59, Z= -11 | caused by ENTITY_ATTACK | 
[2024-03-21 22:54:50] [world] The Player <Heinrich_Himmler> has died with 23 level(s) at X= -655, Y= 68, Z= 309 | caused by FIRE | 
[2024-03-21 23:10:59] [world] The Player <Heinrich_Himmler> has died with 23 level(s) at X= -986, Y= 58, Z= 335 | caused by DROWNING | 
[2024-03-21 23:23:08] [world] The Player <Heinrich_Himmler> has died with 23 level(s) at X= 99966, Y= 34, Z= 48 | caused by DROWNING | 
[2024-03-21 23:23:43] [world] The Player <Heinrich_Himmler> has died with 23 level(s) at X= 99966, Y= 53, Z= 48 | caused by DROWNING | 
[2024-03-21 23:25:19] [world] The Player <Heinrich_Himmler> has died with 23 level(s) at X= 100021, Y= 60, Z= 113 | caused by DROWNING | 
[2024-03-21 23:41:22] [world_nether] The Player <Heinrich_Himmler> has died with 20 level(s) at X= 12501, Y= 85, Z= -3 | caused by FALL | 
[2024-03-21 23:48:03] [world_nether] The Player <Heinrich_Himmler> has died with 20 level(s) at X= 12472, Y= 33, Z= -34 | caused by LAVA | 
[2024-03-21 23:48:35] [world] The Player <NezukoChan> has died with 18 level(s) at X= 1837, Y= 8, Z= 180 | caused by LAVA | 
[2024-03-21 23:50:51] [world_nether] The Player <Heinrich_Himmler> has died with 21 level(s) at X= -176, Y= 27, Z= 63 | caused by LAVA | 
[2024-03-21 23:55:24] [world] The Player <Heinrich_Himmler> has died with 21 level(s) at X= -590, Y= 17, Z= 390 | caused by FALL | 
[2024-03-22 00:08:24] [world_nether] The Player <Heinrich_Himmler> has died with 21 level(s) at X= 12500, Y= 77, Z= -2 | caused by FALL | 
[2024-03-22 00:11:44] [world_the_end] The Player <Heinrich_Himmler> has died with 21 level(s) at X= -160, Y= 101, Z= 30 | caused by ENTITY_ATTACK | 
[2024-03-22 00:15:02] [world_the_end] The Player <Heinrich_Himmler> has died with 22 level(s) at X= -159, Y= 101, Z= 46 | caused by ENTITY_ATTACK | 
[2024-03-22 00:15:53] [world_the_end] The Player <Heinrich_Himmler> has died with 22 level(s) at X= 61, Y= 62, Z= 23 | caused by ENTITY_ATTACK | 
[2024-03-22 00:20:09] [world_the_end] The Player <Heinrich_Himmler> has died with 22 level(s) at X= 84, Y= 29, Z= -8 | caused by FALL | 
[2024-03-22 00:21:07] [world_the_end] The Player <Heinrich_Himmler> has died with 22 level(s) at X= 43, Y= 63, Z= 19 | caused by ENTITY_ATTACK | 
[2024-03-22 00:23:55] [world_the_end] The Player <Heinrich_Himmler> has died with 23 level(s) at X= -16, Y= 63, Z= -18 | caused by ENTITY_ATTACK | 
[2024-03-22 00:28:10] [world_nether] The Player <NezukoChan> has died with 19 level(s) at X= -1237, Y= 31, Z= 527 | caused by LAVA | 
[2024-03-22 01:27:38] [world_the_end] The Player <Heinrich_Himmler> has died with 23 level(s) at X= -33, Y= 59, Z= -7 | caused by ENTITY_ATTACK | 
[2024-03-22 01:55:31] [world] The Player <Tester> has died with 10 level(s) at X= -10175, Y= 64, Z= 4123 | caused by VOID | 
[2024-03-22 02:17:19] [world_the_end] The Player <Heinrich_Himmler> has died with 23 level(s) at X= -17, Y= -122, Z= -51 | caused by VOID | 
[2024-03-22 02:22:12] [world_the_end] The Player <Heinrich_Himmler> has died with 23 level(s) at X= -59, Y= -119, Z= -30 | caused by VOID | 
[2024-03-22 02:23:09] [world_the_end] The Player <Tester> has died with 11 level(s) at X= -57, Y= -192, Z= -30 | caused by VOID | 
[2024-03-22 02:26:59] [world_the_end] The Player <Heinrich_Himmler> has died with 23 level(s) at X= 40, Y= -179, Z= 110 | caused by VOID | 
[2024-03-22 02:32:48] [world_nether] The Player <Tester> has died with 11 level(s) at X= 12494, Y= 70, Z= 13 | caused by LAVA | 
[2024-03-22 02:41:35] [world_nether] The Player <Heinrich_Himmler> has died with 23 level(s) at X= 12505, Y= 128, Z= 1 | caused by VOID | 
[2024-03-22 03:16:32] [world_the_end] The Player <Heinrich_Himmler> has died with 23 level(s) at X= -168, Y= 103, Z= 38 | caused by FALL | 
[2024-03-22 03:17:11] [world_the_end] The Player <Heinrich_Himmler> has died with 23 level(s) at X= -168, Y= 103, Z= 38 | caused by FALL | 
[2024-03-22 03:18:55] [world_the_end] The Player <Heinrich_Himmler> has died with 23 level(s) at X= -168, Y= 103, Z= 38 | caused by FALL | 
[2024-03-22 03:20:02] [world_the_end] The Player <Heinrich_Himmler> has died with 23 level(s) at X= -169, Y= 57, Z= 37 | caused by FALL | 
[2024-03-22 03:22:17] [world_the_end] The Player <Heinrich_Himmler> has died with 23 level(s) at X= -155, Y= -125, Z= 39 | caused by VOID | 
[2024-03-22 03:22:50] [world_the_end] The Player <Heinrich_Himmler> has died with 23 level(s) at X= -158, Y= -195, Z= 37 | caused by VOID | 
[2024-03-22 03:29:01] [world_the_end] The Player <Heinrich_Himmler> has died with 23 level(s) at X= -167, Y= 60, Z= 44 | caused by FALL | 
[2024-03-22 03:58:32] [world_the_end] The Player <Heinrich_Himmler> has died with 23 level(s) at X= -169, Y= 57, Z= 37 | caused by FALL | 
[2024-03-22 04:11:36] [world_the_end] The Player <Heinrich_Himmler> has died with 23 level(s) at X= -169, Y= 99, Z= 37 | caused by ENTITY_ATTACK | 
[2024-03-22 04:12:48] [world_the_end] The Player <Heinrich_Himmler> has died with 23 level(s) at X= -167, Y= 60, Z= 44 | caused by FALL | 
[2024-03-22 04:26:11] [world_the_end] The Player <Heinrich_Himmler> has died with 23 level(s) at X= -169, Y= 99, Z= 33 | caused by ENTITY_ATTACK | 
[2024-03-22 04:29:04] [world_the_end] The Player <Heinrich_Himmler> has died with 23 level(s) at X= -171, Y= 60, Z= 38 | caused by FALL | 
[2024-03-22 04:35:08] [world_the_end] The Player <Heinrich_Himmler> has died with 23 level(s) at X= -164, Y= 99, Z= 38 | caused by ENTITY_ATTACK | 
[2024-03-22 04:35:36] [world_the_end] The Player <Heinrich_Himmler> has died with 23 level(s) at X= -168, Y= 57, Z= 38 | caused by FALL | 
[2024-03-22 04:40:45] [world_the_end] The Player <Heinrich_Himmler> has died with 24 level(s) at X= -166, Y= 99, Z= 38 | caused by ENTITY_ATTACK | 
[2024-03-22 04:41:43] [world_the_end] The Player <Heinrich_Himmler> has died with 24 level(s) at X= -168, Y= 99, Z= 41 | caused by ENTITY_ATTACK | 
[2024-03-22 04:46:45] [world_the_end] The Player <Heinrich_Himmler> has died with 24 level(s) at X= -168, Y= 57, Z= 39 | caused by FALL | 
[2024-03-22 05:23:59] [world] The Player <astronomy> has died with 9 level(s) at X= 1806, Y= 36, Z= 289 | caused by DROWNING | 
[2024-03-22 05:57:19] [world] The Player <astronomy> has died with 15 level(s) at X= -9717, Y= 24, Z= 4264 | caused by FIRE_TICK | 
[2024-03-22 11:22:34] [world] The Player <qwerty> has died with 10 level(s) at X= -666, Y= 97, Z= -786 | caused by FIRE_TICK | 
[2024-03-22 12:16:38] [world_nether] The Player <hexa> has died with 26 level(s) at X= -130, Y= 67, Z= -86 | caused by PROJECTILE | 
[2024-03-22 12:30:58] [world] The Player <hexa> has died with 27 level(s) at X= 1000063, Y= 59, Z= 1000010 | caused by DROWNING | 
[2024-03-22 12:34:26] [world] The Player <hexa> has died with 27 level(s) at X= 1000047, Y= 69, Z= 1000008 | caused by VOID | 
[2024-03-22 12:35:16] [world] The Player <Tester> has died with 21 level(s) at X= 1000064, Y= 63, Z= 1000007 | caused by Player | hexa
[2024-03-22 12:35:23] [world] The Player <Tester> has died with 21 level(s) at X= 1000065, Y= 63, Z= 1000008 | caused by Player | hexa
[2024-03-22 12:45:52] [world] The Player <Tester> has died with 19 level(s) at X= 1000205, Y= 8, Z= 999996 | caused by LAVA | 
[2024-03-22 13:15:45] [world_the_end] The Player <Tester> has died with 22 level(s) at X= 0, Y= -117, Z= 1 | caused by VOID | 
[2024-03-22 13:15:54] [world_the_end] The Player <Tester> has died with 22 level(s) at X= 1, Y= -183, Z= 1 | caused by VOID | 
[2024-03-22 13:19:23] [world] The Player <Tester> has died with 22 level(s) at X= 1000091, Y= 64, Z= 999998 | caused by FALL | 
[2024-03-22 13:21:56] [world] The Player <Tester> has died with 22 level(s) at X= -557, Y= 59, Z= 297 | caused by FALL | 
[2024-03-22 13:22:52] [world_nether] The Player <hexa> has died with 26 level(s) at X= -132, Y= 67, Z= -84 | caused by FIRE_TICK | 
[2024-03-22 13:30:27] [world_nether] The Player <hexa> has died with 29 level(s) at X= -146, Y= 68, Z= -93 | caused by FIRE_TICK | 
[2024-03-22 13:39:03] [world] The Player <hexa> has died with 31 level(s) at X= 1000064, Y= 63, Z= 1000009 | caused by VOID | 
[2024-03-22 13:40:54] [world] The Player <hexa> has died with 22 level(s) at X= -621, Y= 68, Z= 289 | caused by FALL | 
[2024-03-22 13:41:57] [world] The Player <Tester> has died with 24 level(s) at X= 50360, Y= 13, Z= 58291 | caused by LAVA | 
[2024-03-22 13:42:13] [world] The Player <Tester> has died with 24 level(s) at X= 1000062, Y= 58, Z= 1000007 | caused by Player | hexa
[2024-03-22 13:58:03] [world] The Player <Autistic_Man> has died with 0 level(s) at X= -1541, Y= 50, Z= -117 | caused by FIRE_TICK | 
[2024-03-22 13:58:58] [world_the_end] The Player <Heinrich_Himmler> has died with 24 level(s) at X= -168, Y= 99, Z= 40 | caused by ENTITY_ATTACK | 
[2024-03-22 14:00:25] [world] The Player <Tester> has died with 27 level(s) at X= -533, Y= 70, Z= 261 | caused by FALL | 
[2024-03-22 14:02:35] [world] The Player <digbick> has died with 20 level(s) at X= -683, Y= 71, Z= 320 | caused by Player | NezukoChan
[2024-03-22 14:02:57] [world] The Player <NezukoChan> has died with 18 level(s) at X= -676, Y= 72, Z= 316 | caused by Player | digbick
[2024-03-22 14:03:03] [world_the_end] The Player <Heinrich_Himmler> has died with 24 level(s) at X= -167, Y= 57, Z= 39 | caused by FALL | 
[2024-03-22 14:03:05] [world] The Player <Autistic_Man> has died with 0 level(s) at X= -1542, Y= 58, Z= -117 | caused by Player | A_Random_Person
[2024-03-22 14:03:15] [world] The Player <digbick> has died with 20 level(s) at X= -690, Y= 71, Z= 305 | caused by Player | NezukoChan
[2024-03-22 14:03:43] [world_the_end] The Player <Heinrich_Himmler> has died with 24 level(s) at X= -167, Y= 101, Z= 33 | caused by ENTITY_ATTACK | 
[2024-03-22 14:03:47] [world] The Player <digbick> has died with 20 level(s) at X= -664, Y= 71, Z= 311 | caused by Player | NezukoChan
[2024-03-22 14:04:10] [world_the_end] The Player <Heinrich_Himmler> has died with 24 level(s) at X= -168, Y= 57, Z= 38 | caused by FALL | 
[2024-03-22 14:04:24] [world] The Player <NezukoChan> has died with 18 level(s) at X= -659, Y= 71, Z= 321 | caused by FALL | 
[2024-03-22 14:04:59] [world] The Player <NezukoChan> has died with 18 level(s) at X= -676, Y= 72, Z= 311 | caused by Player | hexa
[2024-03-22 14:05:17] [world] The Player <digbick> has died with 20 level(s) at X= -685, Y= 71, Z= 315 | caused by Player | hexa
[2024-03-22 14:06:30] [world_the_end] The Player <Heinrich_Himmler> has died with 24 level(s) at X= -172, Y= 99, Z= 46 | caused by ENTITY_ATTACK | 
[2024-03-22 14:06:32] [world] The Player <digbick> has died with 20 level(s) at X= -681, Y= 71, Z= 334 | caused by Player | hexa
[2024-03-22 14:06:54] [world_the_end] The Player <Heinrich_Himmler> has died with 24 level(s) at X= -167, Y= 57, Z= 37 | caused by FALL | 
[2024-03-22 14:07:10] [world] The Player <digbick> has died with 20 level(s) at X= -683, Y= 69, Z= 363 | caused by Player | hexa
[2024-03-22 14:07:23] [world_the_end] The Player <Heinrich_Himmler> has died with 24 level(s) at X= -167, Y= 60, Z= 44 | caused by FALL | 
[2024-03-22 14:07:39] [world_the_end] The Player <Tester> has died with 27 level(s) at X= -164, Y= 99, Z= 30 | caused by ENTITY_ATTACK | 
[2024-03-22 14:08:34] [world_the_end] The Player <Heinrich_Himmler> has died with 24 level(s) at X= -166, Y= 99, Z= 37 | caused by ENTITY_ATTACK | 
[2024-03-22 14:08:48] [world] The Player <digbick> has died with 20 level(s) at X= -689, Y= 71, Z= 314 | caused by Player | hexa
[2024-03-22 14:09:15] [world] The Player <digbick> has died with 20 level(s) at X= -679, Y= 71, Z= 312 | caused by Player | hexa
[2024-03-22 14:10:13] [world_nether] The Player <MrBlob2U> has died with 27 level(s) at X= -69, Y= 23, Z= 5 | caused by LAVA | 
[2024-03-22 14:11:49] [world_the_end] The Player <MrBlob2U> has died with 27 level(s) at X= -175, Y= 99, Z= 39 | caused by ENTITY_ATTACK | 
[2024-03-22 14:12:43] [world] The Player <proman50> has died with 13 level(s) at X= -608, Y= 31, Z= 212 | caused by Player | MrBlob2U
[2024-03-22 14:14:40] [world_nether] The Player <Pog4lifepeople> has died with 20 level(s) at X= -433, Y= 57, Z= -8 | caused by FALL | 
[2024-03-22 14:15:11] [world] The Player <stealthassasin32> has died with 0 level(s) at X= -599, Y= 68, Z= 328 | caused by Player | hexa
[2024-03-22 14:16:12] [world] The Player <stealthassasin32> has died with 0 level(s) at X= -627, Y= 69, Z= 370 | caused by FIRE_TICK | 
[2024-03-22 14:17:17] [world_the_end] The Player <MrBlob2U> has died with 27 level(s) at X= -163, Y= 99, Z= 37 | caused by VOID | 
[2024-03-22 14:19:59] [world] The Player <character> has died with 19 level(s) at X= -365, Y= 85, Z= -44 | caused by FALL | 
[2024-03-22 14:20:46] [world] The Player <stealthassasin32> has died with 0 level(s) at X= -797, Y= 73, Z= -48 | caused by ENTITY_ATTACK | 
[2024-03-22 14:23:38] [world] The Player <proman50> has died with 14 level(s) at X= -375, Y= 88, Z= -56 | caused by Player | character
[2024-03-22 14:27:15] [world] The Player <stealthassasin32> has died with 2 level(s) at X= -820, Y= 67, Z= -745 | caused by FALL | 
[2024-03-22 14:27:16] [world] The Player <digbick> has died with 21 level(s) at X= -765, Y= 8, Z= 442 | caused by LAVA | 
[2024-03-22 14:27:55] [world] The Player <digbick> has died with 21 level(s) at X= -765, Y= 10, Z= 437 | caused by FIRE_TICK | 
[2024-03-22 14:30:00] [world_nether] The Player <MrBlob2U> has died with 28 level(s) at X= -36, Y= 36, Z= 16 | caused by FALL | 
[2024-03-22 14:31:27] [world_the_end] The Player <MrBlob2U> has died with 28 level(s) at X= -167, Y= 57, Z= 38 | caused by FALL | 
[2024-03-22 14:31:58] [world] The Player <Pog4lifepeople> has died with 20 level(s) at X= 2999998, Y= 16, Z= 2999981 | caused by Player | I_am_amazing
[2024-03-22 14:32:15] [world_the_end] The Player <MrBlob2U> has died with 28 level(s) at X= -161, Y= -191, Z= 35 | caused by VOID | 
[2024-03-22 14:32:30] [world] The Player <Autistic_Man> has died with 4 level(s) at X= -1229, Y= 9, Z= -395 | caused by LAVA | 
[2024-03-22 14:35:51] [world_nether] The Player <stealthassasin32> has died with 2 level(s) at X= -28, Y= 27, Z= -22 | caused by Player | hexa
[2024-03-22 14:36:08] [world_nether] The Player <stealthassasin32> has died with 2 level(s) at X= -27, Y= 32, Z= -21 | caused by Player | hexa
[2024-03-22 14:36:19] [world_nether] The Player <stealthassasin32> has died with 2 level(s) at X= -28, Y= 32, Z= -21 | caused by Player | hexa
[2024-03-22 14:36:39] [world] The Player <stealthassasin32> has died with 2 level(s) at X= -671, Y= 71, Z= -793 | caused by FALL | 
[2024-03-22 14:36:43] [world] The Player <character> has died with 19 level(s) at X= -394, Y= 63, Z= -82 | caused by FALL | 
[2024-03-22 14:39:44] [world] The Player <Autistic_Man> has died with 7 level(s) at X= -1252, Y= 11, Z= -391 | caused by FIRE_TICK | 
[2024-03-22 14:41:23] [world] The Player <Pog4lifepeople> has died with 20 level(s) at X= 999998, Y= 3, Z= 999998 | caused by Player | I_am_amazing
[2024-03-22 14:43:07] [world_nether] The Player <qwerty> has died with 9 level(s) at X= 38, Y= 32, Z= -50 | caused by Player | hexa
[2024-03-22 14:43:37] [world_nether] The Player <qwerty> has died with 9 level(s) at X= 42, Y= 34, Z= -47 | caused by Player | hexa
[2024-03-22 14:43:58] [world_nether] The Player <qwerty> has died with 9 level(s) at X= 42, Y= 34, Z= -47 | caused by Player | hexa
[2024-03-22 14:44:21] [world_nether] The Player <qwerty> has died with 9 level(s) at X= 42, Y= 39, Z= -47 | caused by Player | hexa
[2024-03-22 14:44:39] [world_nether] The Player <qwerty> has died with 9 level(s) at X= 42, Y= 35, Z= -47 | caused by Player | hexa
[2024-03-22 14:55:57] [world] The Player <digbick> has died with 22 level(s) at X= -811, Y= 14, Z= 681 | caused by FIRE_TICK | 
[2024-03-22 15:07:26] [world_nether] The Player <qwerty> has died with 12 level(s) at X= -104, Y= 26, Z= -29 | caused by LAVA | 
[2024-03-22 15:09:13] [world] The Player <digbick> has died with 23 level(s) at X= -694, Y= 71, Z= 312 | caused by Player | NezukoChan
[2024-03-22 15:09:28] [world] The Player <NezukoChan> has died with 18 level(s) at X= -690, Y= 69, Z= 315 | caused by Player | digbick
[2024-03-22 15:28:33] [world] The Player <character> has died with 19 level(s) at X= -395, Y= 63, Z= -81 | caused by FALL | 
[2024-03-22 15:29:25] [world_the_end] The Player <hexa> has died with 20 level(s) at X= -49, Y= -193, Z= -61 | caused by VOID | 
[2024-03-22 15:31:52] [world] The Player <Tester> has died with 27 level(s) at X= 500004, Y= 22, Z= 48384 | caused by Player | hexa
[2024-03-22 15:40:55] [world_the_end] The Player <MrBlob2U> has died with 17 level(s) at X= -169, Y= 57, Z= 39 | caused by FALL | 
[2024-03-22 15:42:16] [world_the_end] The Player <hexa> has died with 20 level(s) at X= -49, Y= -240, Z= -61 | caused by VOID | 
[2024-03-22 15:43:10] [world] The Player <digbick> has died with 24 level(s) at X= -748, Y= 19, Z= 330 | caused by PROJECTILE | 
[2024-03-22 15:55:57] [world] The Player <SPADE> has died with 0 level(s) at X= -548, Y= 65, Z= 346 | caused by ENTITY_ATTACK | 
[2024-03-22 16:00:54] [world] The Player <Brycethelegend> has died with 12 level(s) at X= -1372, Y= 13, Z= -247 | caused by FALL | 
[2024-03-22 16:01:10] [world_the_end] The Player <qwerty> has died with 14 level(s) at X= 44, Y= -142, Z= 152 | caused by VOID | 
[2024-03-22 16:01:12] [world_the_end] The Player <hi_> has died with 19 level(s) at X= 39, Y= -191, Z= 189 | caused by VOID | 
[2024-03-22 16:05:56] [world_nether] The Player <Brycethelegend> has died with 12 level(s) at X= -95, Y= 35, Z= 48 | caused by FALL | 
[2024-03-22 16:09:21] [world_nether] The Player <NezukoChan> has died with 18 level(s) at X= -1280, Y= 30, Z= 593 | caused by LAVA | 
[2024-03-22 16:09:38] [world_nether] The Player <NezukoChan> has died with 18 level(s) at X= -1280, Y= 29, Z= 593 | caused by LAVA | 
[2024-03-22 16:10:46] [world] The Player <Pog4lifepeople> has died with 20 level(s) at X= -551, Y= 65, Z= 308 | caused by FIRE_TICK | 
[2024-03-22 16:11:23] [world] The Player <qwerty> has died with 14 level(s) at X= -799, Y= 4, Z= -727 | caused by FIRE_TICK | 
[2024-03-22 16:13:12] [world] The Player <astronomy> has died with 11 level(s) at X= 1804, Y= 46, Z= 280 | caused by Player | NezukoChan
[2024-03-22 16:17:02] [world] The Player <astronomy> has died with 11 level(s) at X= 1802, Y= 38, Z= 289 | caused by ENTITY_ATTACK | 
[2024-03-22 16:18:27] [world] The Player <astronomy> has died with 11 level(s) at X= 1803, Y= 38, Z= 289 | caused by ENTITY_ATTACK | 
[2024-03-22 16:18:52] [world] The Player <astronomy> has died with 11 level(s) at X= 1799, Y= 39, Z= 291 | caused by ENTITY_ATTACK | 
[2024-03-22 16:27:46] [world] The Player <Pog4lifepeople> has died with 21 level(s) at X= 1000567, Y= 66, Z= 1000286 | caused by ENTITY_ATTACK | 
[2024-03-22 16:28:07] [world] The Player <Pog4lifepeople> has died with 21 level(s) at X= 1000555, Y= 64, Z= 1000293 | caused by ENTITY_ATTACK | 
[2024-03-22 16:35:42] [world] The Player <hexa> has died with 20 level(s) at X= 1000060, Y= 13, Z= 999989 | caused by LAVA | 
[2024-03-22 16:38:22] [world] The Player <SPADE> has died with 2 level(s) at X= -574, Y= 69, Z= 313 | caused by Player | hexa
[2024-03-22 16:38:23] [world] The Player <Mudkips_Rule> has died with 30 level(s) at X= -572, Y= 69, Z= 316 | caused by VOID | 
[2024-03-22 16:38:23] [world] The Player <A_Random_Person> has died with 39 level(s) at X= -573, Y= 69, Z= 314 | caused by VOID | 
[2024-03-22 16:38:23] [world] The Player <hexa> has died with 20 level(s) at X= -573, Y= 69, Z= 313 | caused by VOID | 
[2024-03-22 16:38:23] [world] The Player <digbick> has died with 21 level(s) at X= -576, Y= 69, Z= 318 | caused by VOID | 
[2024-03-22 16:38:23] [world] The Player <I_am_amazing> has died with 12265 level(s) at X= -576, Y= 69, Z= 309 | caused by VOID | 
[2024-03-22 16:38:23] [world_the_end] The Player <Pog4lifepeople> has died with 21 level(s) at X= -576, Y= -105, Z= 312 | caused by VOID | 
[2024-03-22 16:38:33] [world] The Player <digbick> has died with 21 level(s) at X= -574, Y= 69, Z= 319 | caused by Player | hexa
[2024-03-22 16:38:35] [world] The Player <SPADE> has died with 2 level(s) at X= -573, Y= 69, Z= 320 | caused by Player | hexa
[2024-03-22 16:38:42] [world] The Player <Pog4lifepeople> has died with 21 level(s) at X= -574, Y= 66, Z= 297 | caused by FIRE_TICK | 
[2024-03-22 16:38:43] [world] The Player <digbick> has died with 21 level(s) at X= -580, Y= 69, Z= 336 | caused by FIRE_TICK | 
[2024-03-22 16:38:51] [world] The Player <Pog4lifepeople> has died with 21 level(s) at X= -570, Y= 69, Z= 319 | caused by Player | hexa
[2024-03-22 16:39:08] [world] The Player <Pog4lifepeople> has died with 21 level(s) at X= -577, Y= 69, Z= 346 | caused by Player | hexa
[2024-03-22 16:40:25] [world_the_end] The Player <digbick> has died with 21 level(s) at X= 61, Y= 34, Z= -21 | caused by FALL | 
[2024-03-22 16:42:36] [world] The Player <SPADE> has died with 3 level(s) at X= -646, Y= 50, Z= -778 | caused by FALL | 
[2024-03-22 16:54:28] [world] The Player <Rip_WillOfTheD> has died with 30 level(s) at X= 514, Y= 80, Z= 2253 | caused by FALL | 
[2024-03-22 16:55:05] [world] The Player <SPADE> has died with 3 level(s) at X= -649, Y= 61, Z= -788 | caused by Player | Tester
[2024-03-22 16:55:10] [world_nether] The Player <qwerty> has died with 15 level(s) at X= -141, Y= 30, Z= -96 | caused by LAVA | 
[2024-03-22 16:56:05] [world_nether] The Player <Tester> has died with 27 level(s) at X= -98, Y= 78, Z= -32 | caused by LAVA | 
[2024-03-22 17:02:56] [world_nether] The Player <qwerty> has died with 15 level(s) at X= -36, Y= 31, Z= -16 | caused by LAVA | 
[2024-03-22 17:04:06] [world] The Player <Rip_WillOfTheD> has died with 30 level(s) at X= 503, Y= 92, Z= 2251 | caused by Player | VeerIsKKK
[2024-03-22 17:05:40] [world] The Player <Rip_WillOfTheD> has died with 30 level(s) at X= 510, Y= 104, Z= 2250 | caused by Player | VeerIsKKK
[2024-03-22 17:06:55] [world_the_end] The Player <qwerty> has died with 15 level(s) at X= -1, Y= -186, Z= -46 | caused by VOID | 
[2024-03-22 17:08:47] [world] The Player <Rip_WillOfTheD> has died with 30 level(s) at X= -571, Y= 69, Z= 315 | caused by Player | VeerIsKKK
[2024-03-22 17:09:22] [world_the_end] The Player <qwerty> has died with 15 level(s) at X= 87, Y= -124, Z= 63 | caused by VOID | 
[2024-03-22 17:09:35] [world_the_end] The Player <qwerty> has died with 15 level(s) at X= 87, Y= -172, Z= 63 | caused by VOID | 
[2024-03-22 17:11:46] [world] The Player <VeerIsKKK> has died with 26 level(s) at X= 513, Y= 104, Z= 2246 | caused by Player | I_am_amazing
[2024-03-22 17:12:46] [world] The Player <Tester> has died with 28 level(s) at X= 501, Y= 86, Z= 2250 | caused by Player | VeerIsKKK
[2024-03-22 17:13:00] [world] The Player <Pog4lifepeople> has died with 21 level(s) at X= -585, Y= 65, Z= 202 | caused by FALL | 
[2024-03-22 17:14:25] [world] The Player <stealthassasin32> has died with 2 level(s) at X= -536, Y= 73, Z= 223 | caused by ENTITY_ATTACK | 
[2024-03-22 17:14:30] [world] The Player <Rip_WillOfTheD> has died with 30 level(s) at X= -560, Y= 72, Z= 132 | caused by CONTACT | 
[2024-03-22 17:15:23] [world] The Player <stealthassasin32> has died with 2 level(s) at X= 1000572, Y= 66, Z= 1000284 | caused by Player | Pog4lifepeople
[2024-03-22 17:16:31] [world] The Player <stealthassasin32> has died with 2 level(s) at X= 1000514, Y= 50, Z= 1000320 | caused by DROWNING | 
[2024-03-22 17:17:33] [world] The Player <Pog4lifepeople> has died with 21 level(s) at X= 1000538, Y= 34, Z= 1000310 | caused by DROWNING | 
[2024-03-22 17:19:32] [world] The Player <Rip_WillOfTheD> has died with 30 level(s) at X= 1000695, Y= 63, Z= 1000307 | caused by FALL | 
[2024-03-22 17:19:38] [world] The Player <Rip_WillOfTheD> has died with 30 level(s) at X= -573, Y= 68, Z= 316 | caused by Player | VeerIsKKK
[2024-03-22 17:19:49] [world] The Player <Rip_WillOfTheD> has died with 30 level(s) at X= -573, Y= 69, Z= 318 | caused by Player | VeerIsKKK
[2024-03-22 17:19:56] [world] The Player <Rip_WillOfTheD> has died with 30 level(s) at X= -572, Y= 68, Z= 317 | caused by Player | VeerIsKKK
[2024-03-22 17:20:04] [world] The Player <Rip_WillOfTheD> has died with 30 level(s) at X= -573, Y= 68, Z= 318 | caused by Player | VeerIsKKK
[2024-03-22 17:20:55] [world] The Player <digbick> has died with 21 level(s) at X= -704, Y= 68, Z= 315 | caused by FALL | 
[2024-03-22 17:26:21] [world_nether] The Player <VeerIsKKK> has died with 26 level(s) at X= 349, Y= 33, Z= 197 | caused by FALL | 
[2024-03-22 17:28:21] [world] The Player <stealthassasin32> has died with 3 level(s) at X= 1000600, Y= 55, Z= 1000254 | caused by DROWNING | 
[2024-03-22 17:29:52] [world_nether] The Player <stealthassasin32> has died with 3 level(s) at X= -133, Y= 74, Z= 19 | caused by ENTITY_ATTACK | 
[2024-03-22 17:32:05] [world] The Player <Pog4lifepeople> has died with 21 level(s) at X= 1000548, Y= 39, Z= 1000314 | caused by DROWNING | 
[2024-03-22 17:32:22] [world] The Player <Rip_WillOfTheD> has died with 30 level(s) at X= 1000553, Y= 60, Z= 1000305 | caused by DROWNING | 
[2024-03-22 17:36:12] [world] The Player <Rip_WillOfTheD> has died with 30 level(s) at X= -631, Y= 68, Z= 307 | caused by Player | VeerIsKKK
[2024-03-22 17:36:29] [world] The Player <Rip_WillOfTheD> has died with 30 level(s) at X= -622, Y= 69, Z= 299 | caused by Player | VeerIsKKK
[2024-03-22 17:36:51] [world] The Player <Rip_WillOfTheD> has died with 30 level(s) at X= -628, Y= 68, Z= 302 | caused by Player | VeerIsKKK
[2024-03-22 17:39:48] [world] The Player <VeerIsKKK> has died with 24 level(s) at X= -593, Y= 71, Z= 1117 | caused by FALL | 
[2024-03-22 17:44:31] [world] The Player <VeerIsKKK> has died with 24 level(s) at X= 505, Y= 72, Z= 2259 | caused by FALL | 
[2024-03-22 17:45:49] [world] The Player <Rip_WillOfTheD> has died with 30 level(s) at X= 1000553, Y= 65, Z= 1000284 | caused by FIRE | 
[2024-03-22 17:49:53] [world_nether] The Player <qwerty> has died with 16 level(s) at X= -217, Y= 26, Z= 65 | caused by LAVA | 
[2024-03-22 17:52:33] [world] The Player <VeerIsKKK> has died with 24 level(s) at X= 505, Y= 71, Z= 2259 | caused by FALL | 
[2024-03-22 17:53:30] [world_the_end] The Player <VeerIsKKK> has died with 24 level(s) at X= 98, Y= -123, Z= 5 | caused by VOID | 
[2024-03-22 17:54:03] [world] The Player <Pog4lifepeople> has died with 21 level(s) at X= -583, Y= 68, Z= 305 | caused by Player | VeerIsKKK
[2024-03-22 18:00:52] [world] The Player <VeerIsKKK> has died with 24 level(s) at X= 506, Y= 71, Z= 2260 | caused by FALL | 
[2024-03-22 18:04:42] [world] The Player <I_am_amazing> has died with 12253 level(s) at X= -49, Y= 6, Z= 400000 | caused by LAVA | 
[2024-03-22 18:04:54] [world] The Player <qwerty> has died with 17 level(s) at X= -807, Y= 10, Z= 163 | caused by LAVA | 
[2024-03-22 18:13:20] [world_the_end] The Player <qwerty> has died with 17 level(s) at X= 66, Y= -86, Z= 46 | caused by VOID | 
[2024-03-22 18:13:38] [world_the_end] The Player <qwerty> has died with 17 level(s) at X= 66, Y= -141, Z= 46 | caused by VOID | 
[2024-03-22 18:14:22] [world_the_end] The Player <qwerty> has died with 17 level(s) at X= 75, Y= -192, Z= 56 | caused by VOID | 
[2024-03-22 18:17:43] [world_the_end] The Player <qwerty> has died with 17 level(s) at X= 48, Y= -98, Z= 83 | caused by VOID | 
[2024-03-22 18:18:00] [world_the_end] The Player <qwerty> has died with 17 level(s) at X= 85, Y= 32, Z= -3 | caused by FALL | 
[2024-03-22 18:18:43] [world_the_end] The Player <qwerty> has died with 17 level(s) at X= 65, Y= -186, Z= -12 | caused by VOID | 
[2024-03-22 18:19:07] [world_the_end] The Player <qwerty> has died with 17 level(s) at X= 63, Y= -93, Z= -12 | caused by VOID | 
[2024-03-22 18:20:07] [world_the_end] The Player <qwerty> has died with 17 level(s) at X= 72, Y= -133, Z= -13 | caused by VOID | 
[2024-03-22 18:20:22] [world_the_end] The Player <qwerty> has died with 17 level(s) at X= 87, Y= 30, Z= -4 | caused by FALL | 
[2024-03-22 18:21:13] [world_the_end] The Player <qwerty> has died with 17 level(s) at X= 70, Y= -191, Z= -11 | caused by VOID | 
[2024-03-22 18:41:15] [world] The Player <digbick> has died with 21 level(s) at X= -710, Y= 67, Z= 313 | caused by FALL | 
[2024-03-22 18:52:46] [world_nether] The Player <qwerty> has died with 12 level(s) at X= -145, Y= 68, Z= -101 | caused by FIRE_TICK | 
[2024-03-22 18:54:42] [world] The Player <digbick> has died with 21 level(s) at X= -715, Y= 67, Z= 303 | caused by FALL | 
[2024-03-22 19:04:54] [world_nether] The Player <astronomy> has died with 9 level(s) at X= -132, Y= 67, Z= -105 | caused by FIRE_TICK | 
[2024-03-22 19:07:54] [world_nether] The Player <qwerty> has died with 4 level(s) at X= -142, Y= 29, Z= -96 | caused by LAVA | 
[2024-03-22 19:08:12] [world_nether] The Player <qwerty> has died with 4 level(s) at X= -142, Y= 28, Z= -96 | caused by LAVA | 
[2024-03-22 19:11:08] [world] The Player <digbick> has died with 21 level(s) at X= -762, Y= 10, Z= 351 | caused by LAVA | 
[2024-03-22 19:22:56] [world_nether] The Player <astronomy> has died with 21 level(s) at X= -142, Y= 28, Z= -92 | caused by LAVA | 
[2024-03-22 19:40:11] [world] The Player <astronomy> has died with 21 level(s) at X= 1804, Y= 17, Z= 282 | caused by ENTITY_ATTACK | 
[2024-03-22 19:48:33] [world] The Player <digbick> has died with 22 level(s) at X= -622, Y= 5, Z= 334 | caused by ENTITY_EXPLOSION | 
[2024-03-22 19:48:53] [world] The Player <digbick> has died with 22 level(s) at X= -623, Y= 6, Z= 334 | caused by ENTITY_EXPLOSION | 
[2024-03-22 19:54:22] [world] The Player <digbick> has died with 22 level(s) at X= -711, Y= 68, Z= 314 | caused by FALL | 
[2024-03-22 20:10:04] [world_the_end] The Player <Heinrich_Himmler> has died with 24 level(s) at X= -167, Y= 60, Z= 44 | caused by FALL | 
[2024-03-22 20:10:42] [world_the_end] The Player <Heinrich_Himmler> has died with 24 level(s) at X= -168, Y= 57, Z= 39 | caused by FALL | 
[2024-03-22 20:17:02] [world] The Player <digbick> has died with 22 level(s) at X= -711, Y= 68, Z= 315 | caused by FALL | 
[2024-03-22 20:18:43] [world] The Player <digbick> has died with 22 level(s) at X= -711, Y= 68, Z= 315 | caused by FALL | 
[2024-03-22 20:21:26] [world] The Player <Clownpierce> has died with 0 level(s) at X= -10176, Y= 64, Z= 4116 | caused by FALL | 
[2024-03-22 20:24:32] [world_the_end] The Player <Heinrich_Himmler> has died with 24 level(s) at X= -169, Y= 60, Z= 38 | caused by FALL | 
[2024-03-22 20:28:36] [world] The Player <Heinrich_Himmler> has died with 25 level(s) at X= -457, Y= 9, Z= 311 | caused by FALL | 
[2024-03-22 20:29:36] [world] The Player <digbick> has died with 22 level(s) at X= -700, Y= 68, Z= 305 | caused by ENTITY_ATTACK | 
[2024-03-22 20:32:08] [world] The Player <digbick> has died with 22 level(s) at X= -711, Y= 68, Z= 314 | caused by FALL | 
[2024-03-22 20:32:57] [world] The Player <Heinrich_Himmler> has died with 25 level(s) at X= -530, Y= 64, Z= 309 | caused by FALL | 
[2024-03-22 20:37:15] [world_nether] The Player <Heinrich_Himmler> has died with 25 level(s) at X= -68, Y= 75, Z= 28 | caused by FIRE | 
[2024-03-22 20:37:54] [world] The Player <digbick> has died with 22 level(s) at X= -711, Y= 68, Z= 315 | caused by FALL | 
[2024-03-22 20:39:33] [world] The Player <digbick> has died with 22 level(s) at X= -712, Y= 68, Z= 315 | caused by FALL | 
[2024-03-22 20:44:25] [world] The Player <digbick> has died with 22 level(s) at X= -697, Y= 70, Z= 322 | caused by ENTITY_EXPLOSION | 
[2024-03-22 20:49:11] [world] The Player <Heinrich_Himmler> has died with 25 level(s) at X= -529, Y= 193, Z= 287 | caused by DROWNING | 
[2024-03-22 20:49:20] [world] The Player <Tester> has died with 28 level(s) at X= -534, Y= 64, Z= 294 | caused by FALL | 
[2024-03-22 20:49:41] [world] The Player <Tester> has died with 28 level(s) at X= -1170, Y= 49, Z= -433 | caused by FALL | 
[2024-03-22 20:49:54] [world] The Player <Tester> has died with 28 level(s) at X= -535, Y= 64, Z= 297 | caused by FALL | 
[2024-03-22 20:50:43] [world] The Player <Tester> has died with 28 level(s) at X= -537, Y= 64, Z= 297 | caused by FALL | 
[2024-03-22 20:50:57] [world] The Player <Tester> has died with 28 level(s) at X= -564, Y= 67, Z= 303 | caused by FALL | 
[2024-03-22 20:51:02] [world] The Player <Tester> has died with 28 level(s) at X= -573, Y= 67, Z= 291 | caused by FALL | 
[2024-03-22 20:53:32] [world_the_end] The Player <Tester> has died with 28 level(s) at X= -167, Y= 57, Z= 37 | caused by FALL | 
[2024-03-22 20:54:48] [world_the_end] The Player <Heinrich_Himmler> has died with 25 level(s) at X= -158, Y= -68, Z= 45 | caused by VOID | 
[2024-03-22 20:54:53] [world_the_end] The Player <Tester> has died with 28 level(s) at X= -171, Y= 99, Z= 37 | caused by ENTITY_ATTACK | 
[2024-03-22 20:55:03] [world] The Player <digbick> has died with 22 level(s) at X= -712, Y= 68, Z= 314 | caused by FALL | 
[2024-03-22 20:55:04] [world_the_end] The Player <Tester> has died with 28 level(s) at X= -160, Y= 99, Z= 41 | caused by ENTITY_ATTACK | 
[2024-03-22 20:55:25] [world_the_end] The Player <Heinrich_Himmler> has died with 25 level(s) at X= -168, Y= 99, Z= 39 | caused by ENTITY_ATTACK | 
[2024-03-22 20:56:20] [world_the_end] The Player <Tester> has died with 28 level(s) at X= -140, Y= -187, Z= 38 | caused by VOID | 
[2024-03-22 20:56:40] [world_the_end] The Player <Tester> has died with 28 level(s) at X= -162, Y= -163, Z= 44 | caused by VOID | 
[2024-03-22 20:57:02] [world_the_end] The Player <Heinrich_Himmler> has died with 25 level(s) at X= -173, Y= 99, Z= 38 | caused by FALL | 
[2024-03-22 20:57:17] [world_the_end] The Player <Tester> has died with 28 level(s) at X= -176, Y= 99, Z= 37 | caused by ENTITY_ATTACK | 
[2024-03-22 20:57:41] [world_the_end] The Player <Heinrich_Himmler> has died with 25 level(s) at X= -168, Y= -100, Z= 51 | caused by VOID | 
[2024-03-22 20:58:04] [world_the_end] The Player <Heinrich_Himmler> has died with 25 level(s) at X= -167, Y= 100, Z= 42 | caused by Player | Tester
[2024-03-22 20:58:26] [world_the_end] The Player <Tester> has died with 28 level(s) at X= -165, Y= -129, Z= 49 | caused by VOID | 
[2024-03-22 20:58:28] [world_the_end] The Player <Heinrich_Himmler> has died with 25 level(s) at X= -164, Y= -95, Z= 54 | caused by VOID | 
[2024-03-22 20:58:58] [world_the_end] The Player <Heinrich_Himmler> has died with 25 level(s) at X= -167, Y= 57, Z= 39 | caused by FALL | 
[2024-03-22 20:59:20] [world_the_end] The Player <Tester> has died with 28 level(s) at X= -174, Y= 99, Z= 42 | caused by VOID | 
[2024-03-22 20:59:28] [world_the_end] The Player <Heinrich_Himmler> has died with 25 level(s) at X= -168, Y= 57, Z= 38 | caused by FALL | 
[2024-03-22 21:00:24] [world_the_end] The Player <Heinrich_Himmler> has died with 25 level(s) at X= -167, Y= 57, Z= 39 | caused by FALL | 
[2024-03-22 21:04:52] [world_the_end] The Player <Heinrich_Himmler> has died with 26 level(s) at X= -166, Y= 57, Z= 39 | caused by ENTITY_ATTACK | 
[2024-03-22 21:05:05] [world_the_end] The Player <Heinrich_Himmler> has died with 26 level(s) at X= -169, Y= 57, Z= 37 | caused by FALL | 
[2024-03-22 21:08:36] [world_the_end] The Player <Heinrich_Himmler> has died with 26 level(s) at X= -157, Y= -127, Z= 42 | caused by Player | Milk_Frog
[2024-03-22 21:09:17] [world_the_end] The Player <Heinrich_Himmler> has died with 26 level(s) at X= -167, Y= 60, Z= 45 | caused by FALL | 
[2024-03-22 21:11:34] [world_the_end] The Player <Heinrich_Himmler> has died with 26 level(s) at X= -56, Y= 39, Z= -8 | caused by ENTITY_ATTACK | 
[2024-03-22 21:15:09] [world_the_end] The Player <Heinrich_Himmler> has died with 26 level(s) at X= 24, Y= 69, Z= 8 | caused by Player | Milk_Frog
[2024-03-22 21:16:35] [world_the_end] The Player <Heinrich_Himmler> has died with 26 level(s) at X= 45, Y= 60, Z= 20 | caused by ENTITY_ATTACK | 
[2024-03-22 21:17:06] [world_the_end] The Player <Heinrich_Himmler> has died with 26 level(s) at X= 45, Y= 60, Z= 20 | caused by ENTITY_ATTACK | 
[2024-03-22 21:25:01] [world] The Player <Tester> has died with 29 level(s) at X= 0, Y= -170, Z= 0 | caused by VOID | 
[2024-03-22 21:50:44] [world_nether] The Player <Heinrich_Himmler> has died with 26 level(s) at X= 12500, Y= 77, Z= -4 | caused by FALL | 
[2024-03-22 21:51:34] [world_the_end] The Player <Heinrich_Himmler> has died with 26 level(s) at X= 30, Y= -156, Z= -93 | caused by VOID | 
[2024-03-22 22:02:56] [world_the_end] The Player <Marshtomp12345> has died with 0 level(s) at X= 44, Y= 1, Z= 140 | caused by FALL | 
[2024-03-22 22:03:48] [world_the_end] The Player <Marshtomp12345> has died with 0 level(s) at X= 44, Y= 1, Z= 139 | caused by FALL | 
[2024-03-22 22:06:39] [world_the_end] The Player <Marshtomp12345> has died with 1 level(s) at X= 44, Y= -122, Z= 196 | caused by VOID | 
[2024-03-22 22:11:10] [world_the_end] The Player <Heinrich_Himmler> has died with 26 level(s) at X= -142, Y= -100, Z= 37 | caused by VOID | 
[2024-03-22 22:13:38] [world_the_end] The Player <Marshtomp12345> has died with 1 level(s) at X= -20, Y= 57, Z= -125 | caused by FALL | 
[2024-03-22 22:19:13] [world_the_end] The Player <Heinrich_Himmler> has died with 26 level(s) at X= -169, Y= 57, Z= 39 | caused by FALL | 
[2024-03-22 22:24:12] [world_the_end] The Player <Heinrich_Himmler> has died with 26 level(s) at X= -168, Y= 99, Z= 43 | caused by ENTITY_ATTACK | 
[2024-03-22 22:25:28] [world_the_end] The Player <Heinrich_Himmler> has died with 26 level(s) at X= -169, Y= 57, Z= 37 | caused by FALL | 
[2024-03-22 22:28:25] [world_the_end] The Player <Heinrich_Himmler> has died with 26 level(s) at X= -169, Y= 57, Z= 39 | caused by FALL | 
[2024-03-22 22:30:39] [world_the_end] The Player <Heinrich_Himmler> has died with 27 level(s) at X= -166, Y= 99, Z= 38 | caused by ENTITY_ATTACK | 
[2024-03-22 22:32:05] [world_the_end] The Player <Heinrich_Himmler> has died with 27 level(s) at X= -156, Y= -65, Z= 38 | caused by VOID | 
[2024-03-22 22:35:07] [world_nether] The Player <Heinrich_Himmler> has died with 27 level(s) at X= 12453, Y= 27, Z= -13 | caused by LAVA | 
[2024-03-22 22:38:23] [world_the_end] The Player <Heinrich_Himmler> has died with 27 level(s) at X= -47, Y= -93, Z= -61 | caused by VOID | 
[2024-03-22 22:42:12] [world_the_end] The Player <Heinrich_Himmler> has died with 27 level(s) at X= -41, Y= -156, Z= -60 | caused by VOID | 
[2024-03-22 22:42:54] [world_the_end] The Player <Heinrich_Himmler> has died with 27 level(s) at X= 83, Y= -92, Z= 29 | caused by VOID | 
[2024-03-22 22:45:31] [world_the_end] The Player <Heinrich_Himmler> has died with 27 level(s) at X= -42, Y= -121, Z= -69 | caused by VOID | 
[2024-03-22 23:08:39] [world_nether] The Player <qwerty> has died with 10 level(s) at X= 57, Y= 29, Z= -225 | caused by LAVA | 
[2024-03-22 23:08:55] [world_nether] The Player <qwerty> has died with 10 level(s) at X= 57, Y= 30, Z= -225 | caused by LAVA | 
[2024-03-22 23:09:08] [world_nether] The Player <qwerty> has died with 10 level(s) at X= 57, Y= 31, Z= -225 | caused by LAVA | 
[2024-03-22 23:09:22] [world_nether] The Player <qwerty> has died with 10 level(s) at X= 57, Y= 31, Z= -226 | caused by LAVA | 
[2024-03-22 23:09:36] [world_nether] The Player <qwerty> has died with 10 level(s) at X= 57, Y= 31, Z= -226 | caused by LAVA | 
[2024-03-22 23:09:54] [world_nether] The Player <qwerty> has died with 10 level(s) at X= 56, Y= 31, Z= -226 | caused by LAVA | 
[2024-03-22 23:10:20] [world_nether] The Player <qwerty> has died with 10 level(s) at X= 66, Y= 33, Z= -229 | caused by FIRE_TICK | 
[2024-03-22 23:12:11] [world_nether] The Player <qwerty> has died with 10 level(s) at X= 201, Y= 24, Z= -184 | caused by LAVA | 
[2024-03-22 23:30:38] [world_nether] The Player <Heinrich_Himmler> has died with 27 level(s) at X= 12500, Y= 77, Z= -3 | caused by FALL | 
[2024-03-22 23:30:54] [world_the_end] The Player <Heinrich_Himmler> has died with 27 level(s) at X= 92, Y= 25, Z= 4 | caused by FALL | 
[2024-03-22 23:31:23] [world] The Player <NezukoChan> has died with 18 level(s) at X= -1155, Y= 49, Z= -429 | caused by Player | Char
[2024-03-22 23:32:14] [world_the_end] The Player <Heinrich_Himmler> has died with 27 level(s) at X= -15, Y= 57, Z= -70 | caused by Player | Char
[2024-03-22 23:38:25] [world_the_end] The Player <Heinrich_Himmler> has died with 27 level(s) at X= -9, Y= -191, Z= -59 | caused by VOID | 
[2024-03-22 23:39:28] [world_the_end] The Player <NezukoChan> has died with 18 level(s) at X= -63, Y= 35, Z= -18 | caused by FALL | 
[2024-03-23 00:12:27] [world_the_end] The Player <Heinrich_Himmler> has died with 27 level(s) at X= -9, Y= -192, Z= -57 | caused by VOID | 
[2024-03-23 00:16:06] [world_nether] The Player <Heinrich_Himmler> has died with 27 level(s) at X= 12500, Y= 77, Z= -3 | caused by FALL | 
[2024-03-23 00:27:47] [world] The Player <Heinrich_Himmler> has died with 27 level(s) at X= -673, Y= 62, Z= 429 | caused by LAVA | 
[2024-03-23 00:27:57] [world_the_end] The Player <Heinrich_Himmler> has died with 27 level(s) at X= 100, Y= 49, Z= 0 | caused by LAVA | 
[2024-03-23 00:28:05] [world_the_end] The Player <Heinrich_Himmler> has died with 27 level(s) at X= 98, Y= 49, Z= 0 | caused by LAVA | 
[2024-03-23 00:36:30] [world_the_end] The Player <Heinrich_Himmler> has died with 27 level(s) at X= -45, Y= 33, Z= -64 | caused by FALL | 
[2024-03-23 00:37:39] [world_the_end] The Player <Heinrich_Himmler> has died with 27 level(s) at X= -47, Y= -189, Z= -64 | caused by VOID | 
[2024-03-23 00:38:58] [world_the_end] The Player <Heinrich_Himmler> has died with 27 level(s) at X= 44, Y= 3, Z= 136 | caused by FALL | 
[2024-03-23 00:45:57] [world_nether] The Player <Heinrich_Himmler> has died with 27 level(s) at X= 12501, Y= 77, Z= -3 | caused by FALL | 
[2024-03-23 01:19:58] [world] The Player <Mudkips_Rule> has died with 30 level(s) at X= -1172, Y= 49, Z= -427 | caused by Player | NezukoChan
[2024-03-23 01:37:02] [world_nether] The Player <Heinrich_Himmler> has died with 27 level(s) at X= -114, Y= 77, Z= -3 | caused by FALL | 
[2024-03-23 01:37:27] [world_nether] The Player <Heinrich_Himmler> has died with 27 level(s) at X= -72, Y= 80, Z= 4 | caused by FIRE_TICK | 
[2024-03-23 01:37:52] [world_nether] The Player <Heinrich_Himmler> has died with 27 level(s) at X= -67, Y= 77, Z= 24 | caused by FIRE_TICK | 
[2024-03-23 02:02:07] [world] The Player <Marshtomp12345> has died with 10 level(s) at X= -563, Y= 79, Z= 261 | caused by Player | A_Random_Person
[2024-03-23 02:02:41] [world] The Player <Marshtomp12345> has died with 10 level(s) at X= -598, Y= 65, Z= 241 | caused by Player | Mudkips_Rule
[2024-03-23 02:06:23] [world] The Player <Marshtomp12345> has died with 11 level(s) at X= -512, Y= 62, Z= 326 | caused by Player | A_Random_Person
[2024-03-23 02:07:44] [world_the_end] The Player <Heinrich_Himmler> has died with 27 level(s) at X= -8, Y= -158, Z= -57 | caused by VOID | 
[2024-03-23 02:09:30] [world_the_end] The Player <Heinrich_Himmler> has died with 27 level(s) at X= -8, Y= -89, Z= -58 | caused by VOID | 
[2024-03-23 02:27:05] [world_the_end] The Player <Heinrich_Himmler> has died with 27 level(s) at X= -8, Y= -162, Z= -57 | caused by VOID | 
[2024-03-23 02:29:35] [world_the_end] The Player <Heinrich_Himmler> has died with 27 level(s) at X= -3, Y= 60, Z= -54 | caused by ENTITY_ATTACK | 
[2024-03-23 02:35:06] [world_the_end] The Player <Heinrich_Himmler> has died with 27 level(s) at X= -10, Y= 58, Z= -69 | caused by FALL | 
[2024-03-23 02:46:32] [world_the_end] The Player <Heinrich_Himmler> has died with 27 level(s) at X= -8, Y= 58, Z= -66 | caused by FALL | 
[2024-03-23 02:54:54] [world_the_end] The Player <Heinrich_Himmler> has died with 27 level(s) at X= -8, Y= -195, Z= -58 | caused by VOID | 
[2024-03-23 02:58:21] [world_the_end] The Player <Heinrich_Himmler> has died with 29 level(s) at X= -15, Y= 58, Z= -66 | caused by Player | Milk_Frog
[2024-03-23 03:02:33] [world_the_end] The Player <Heinrich_Himmler> has died with 29 level(s) at X= -22, Y= 55, Z= -71 | caused by VOID | 
[2024-03-23 03:03:46] [world_the_end] The Player <Heinrich_Himmler> has died with 29 level(s) at X= -16, Y= 60, Z= -66 | caused by Player | Milk_Frog
[2024-03-23 03:04:45] [world] The Player <Heinrich_Himmler> has died with 29 level(s) at X= 99991, Y= 16, Z= 42 | caused by LAVA | 
[2024-03-23 03:58:01] [world] The Player <digbick> has died with 22 level(s) at X= -711, Y= 68, Z= 315 | caused by FALL | 
[2024-03-23 04:10:17] [world] The Player <digbick> has died with 18 level(s) at X= -516, Y= 71, Z= 161 | caused by FALL | 
[2024-03-23 05:49:14] [world] The Player <GolemDaWanderer> has died with 10 level(s) at X= -568, Y= 64, Z= 224 | caused by FALL | 
[2024-03-23 12:22:19] [world] The Player <NezukoChan> has died with 20 level(s) at X= -10242, Y= 11, Z= 4172 | caused by FALL | 
[2024-03-23 12:36:19] [world] The Player <NezukoChan> has died with 21 level(s) at X= -10158, Y= 63, Z= 4121 | caused by SUFFOCATION | 
[2024-03-23 12:36:33] [world] The Player <caeso> has died with 0 level(s) at X= -630, Y= 64, Z= 277 | caused by LAVA | 
[2024-03-23 12:37:13] [world_the_end] The Player <caeso> has died with 0 level(s) at X= 41, Y= 62, Z= -8 | caused by ENTITY_ATTACK | 
[2024-03-23 12:38:15] [world_the_end] The Player <caeso> has died with 0 level(s) at X= 52, Y= 62, Z= 4 | caused by ENTITY_ATTACK | 
[2024-03-23 13:11:03] [world] The Player <Tester> has died with 29 level(s) at X= -561, Y= 88, Z= 262 | caused by Player | Mudkips_Rule
[2024-03-23 17:26:36] [world] The Player <NezukoChan> has died with 21 level(s) at X= -10195, Y= 11, Z= 4078 | caused by FALL | 
[2024-03-23 17:28:11] [world] The Player <NezukoChan> has died with 21 level(s) at X= -10157, Y= 63, Z= 4121 | caused by SUFFOCATION | 
[2024-03-23 17:54:17] [world] The Player <NezukoChan> has died with 21 level(s) at X= -5548, Y= 44, Z= 1668 | caused by DROWNING | 
[2024-03-23 17:55:20] [world] The Player <NezukoChan> has died with 21 level(s) at X= -5544, Y= 40, Z= 1670 | caused by DROWNING | 
[2024-03-23 17:55:54] [world] The Player <NezukoChan> has died with 21 level(s) at X= -5544, Y= 42, Z= 1661 | caused by DROWNING | 
[2024-03-23 17:56:24] [world] The Player <NezukoChan> has died with 21 level(s) at X= -5549, Y= 40, Z= 1647 | caused by DROWNING | 
[2024-03-23 17:57:49] [world] The Player <NezukoChan> has died with 21 level(s) at X= -5563, Y= 48, Z= 1670 | caused by DROWNING | 
[2024-03-23 17:58:26] [world] The Player <NezukoChan> has died with 21 level(s) at X= -5563, Y= 48, Z= 1671 | caused by DROWNING | 
[2024-03-23 17:59:52] [world] The Player <NezukoChan> has died with 21 level(s) at X= -5573, Y= 40, Z= 1678 | caused by DROWNING | 
[2024-03-23 18:01:43] [world] The Player <NezukoChan> has died with 21 level(s) at X= -5583, Y= 44, Z= 1671 | caused by DROWNING | 
[2024-03-23 18:02:33] [world] The Player <NezukoChan> has died with 21 level(s) at X= -5582, Y= 40, Z= 1668 | caused by ENTITY_ATTACK | 
[2024-03-23 18:03:13] [world] The Player <NezukoChan> has died with 21 level(s) at X= -5574, Y= 44, Z= 1669 | caused by ENTITY_ATTACK | 
[2024-03-23 18:04:49] [world] The Player <NezukoChan> has died with 21 level(s) at X= -5580, Y= 44, Z= 1671 | caused by DROWNING | 
[2024-03-23 18:05:35] [world] The Player <NezukoChan> has died with 21 level(s) at X= -5576, Y= 40, Z= 1668 | caused by DROWNING | 
[2024-03-23 18:11:23] [world_nether] The Player <NezukoChan> has died with 22 level(s) at X= -1241, Y= 31, Z= 526 | caused by LAVA | 
[2024-03-23 18:17:28] [world] The Player <NezukoChan> has died with 22 level(s) at X= -10467, Y= 44, Z= 4434 | caused by FALL | 
[2024-03-23 18:19:31] [world] The Player <NezukoChan> has died with 22 level(s) at X= -10341, Y= 48, Z= 4546 | caused by DROWNING | 
[2024-03-23 19:27:20] [world] The Player <Marshtomp12345> has died with 18 level(s) at X= -1151, Y= 66, Z= -454 | caused by DROWNING | 
[2024-03-23 19:41:45] [world] The Player <NezukoChan> has died with 23 level(s) at X= -10183, Y= 63, Z= 4112 | caused by FALL | 
[2024-03-23 20:54:10] [world_nether] The Player <Tester> has died with 30 level(s) at X= 2176, Y= 128, Z= 0 | caused by VOID | 
[2024-03-23 20:54:10] [world_nether] The Player <Heinrich_Himmler> has died with 29 level(s) at X= 12500, Y= 77, Z= -3 | caused by FALL | 
[2024-03-23 20:55:15] [world] The Player <NezukoChan> has died with 23 level(s) at X= -10192, Y= 65, Z= 4119 | caused by FALL | 
[2024-03-23 21:01:21] [world_the_end] The Player <Heinrich_Himmler> has died with 29 level(s) at X= -8, Y= -162, Z= -56 | caused by VOID | 
[2024-03-23 21:03:57] [world_nether] The Player <Heinrich_Himmler> has died with 29 level(s) at X= -102, Y= 76, Z= 11 | caused by FIRE | 
[2024-03-23 21:04:40] [world_nether] The Player <Tester> has died with 30 level(s) at X= -38, Y= 37, Z= 8 | caused by FALL | 
[2024-03-23 21:09:19] [world_the_end] The Player <Heinrich_Himmler> has died with 29 level(s) at X= -26, Y= 58, Z= 9 | caused by ENTITY_ATTACK | 
[2024-03-23 21:11:07] [world_nether] The Player <Tester> has died with 30 level(s) at X= -3, Y= 126, Z= -14 | caused by SUFFOCATION | 
[2024-03-23 21:12:02] [world_nether] The Player <NezukoChan> has died with 23 level(s) at X= 2971, Y= 128, Z= 0 | caused by FALL | 
[2024-03-23 21:50:53] [world_nether] The Player <NezukoChan> has died with 23 level(s) at X= 5871, Y= 128, Z= -2 | caused by Player | NezukoChan
[2024-03-23 21:52:38] [world_nether] The Player <Tester> has died with 30 level(s) at X= 6011, Y= 128, Z= 5 | caused by Player | NezukoChan
[2024-03-23 22:13:26] [world] The Player <NezukoChan> has died with 23 level(s) at X= -10195, Y= 11, Z= 4078 | caused by FALL | 
[2024-03-23 22:56:00] [world] The Player <Tester> has died with 30 level(s) at X= -10218, Y= 67, Z= 4076 | caused by Player | NezukoChan
[2024-03-23 23:00:06] [world] The Player <Tester> has died with 30 level(s) at X= -10214, Y= 64, Z= 4126 | caused by FALL | 
[2024-03-23 23:01:49] [world] The Player <NezukoChan> has died with 23 level(s) at X= -10226, Y= 64, Z= 4129 | caused by FALL | 
[2024-03-23 23:03:17] [world] The Player <Tester> has died with 30 level(s) at X= -10222, Y= 68, Z= 4142 | caused by FALL | 
[2024-03-23 23:04:21] [world] The Player <NezukoChan> has died with 23 level(s) at X= -10222, Y= 68, Z= 4142 | caused by FALL | 
[2024-03-23 23:18:37] [world] The Player <NezukoChan> has died with 23 level(s) at X= -10227, Y= 66, Z= 4096 | caused by FALL | 
[2024-03-23 23:28:50] [world] The Player <NezukoChan> has died with 23 level(s) at X= -10218, Y= 66, Z= 4140 | caused by FALL | 
[2024-03-23 23:30:45] [world] The Player <Heinrich_Himmler> has died with 29 level(s) at X= -10222, Y= 68, Z= 4148 | caused by FALL | 
[2024-03-23 23:31:00] [world] The Player <NezukoChan> has died with 23 level(s) at X= -10222, Y= 67, Z= 4141 | caused by FALL | 
[2024-03-23 23:33:00] [world] The Player <Tester> has died with 30 level(s) at X= -10222, Y= 67, Z= 4140 | caused by FALL | 
[2024-03-23 23:39:56] [world_the_end] The Player <Heinrich_Himmler> has died with 29 level(s) at X= -11, Y= -129, Z= -61 | caused by VOID | 
[2024-03-24 00:04:32] [world_the_end] The Player <Heinrich_Himmler> has died with 29 level(s) at X= -8, Y= 45, Z= -54 | caused by FALL | 
[2024-03-24 00:08:40] [world_the_end] The Player <Heinrich_Himmler> has died with 29 level(s) at X= 70, Y= -66, Z= -14 | caused by VOID | 
[2024-03-24 00:38:24] [world_the_end] The Player <Heinrich_Himmler> has died with 29 level(s) at X= -17, Y= 57, Z= -60 | caused by ENTITY_ATTACK | 
[2024-03-24 00:43:37] [world_the_end] The Player <Heinrich_Himmler> has died with 29 level(s) at X= 16, Y= -193, Z= 84 | caused by VOID | 
[2024-03-24 01:00:22] [world_the_end] The Player <Heinrich_Himmler> has died with 29 level(s) at X= 91, Y= 26, Z= -6 | caused by FALL | 
[2024-03-24 05:06:09] [world_the_end] The Player <GolemDaWanderer> has died with 10 level(s) at X= -168, Y= 55, Z= 38 | caused by FALL | 
[2024-03-24 12:03:26] [world] The Player <NezukoChan> has died with 26 level(s) at X= -1552, Y= 65, Z= -120 | caused by FALL | 
[2024-03-24 12:14:46] [world] The Player <Tester> has died with 37 level(s) at X= -10198, Y= 62, Z= 4102 | caused by Player | NezukoChan
[2024-03-24 12:33:32] [world] The Player <Brycethelegend> has died with 12 level(s) at X= -1156, Y= 48, Z= -435 | caused by FIRE | 
[2024-03-24 12:33:59] [world] The Player <Brycethelegend> has died with 12 level(s) at X= -1157, Y= 48, Z= -435 | caused by FIRE_TICK | 
[2024-03-24 13:08:59] [world] The Player <SPADE> has died with 4 level(s) at X= -666, Y= 72, Z= -786 | caused by FALL | 
[2024-03-24 14:23:03] [world_the_end] The Player <Heinrich_Himmler> has died with 29 level(s) at X= -15, Y= -92, Z= -51 | caused by VOID | 
[2024-03-24 15:12:46] [world_the_end] The Player <Heinrich_Himmler> has died with 29 level(s) at X= 90, Y= 22, Z= 10 | caused by FALL | 
[2024-03-24 15:14:42] [world_the_end] The Player <Heinrich_Himmler> has died with 29 level(s) at X= -12, Y= 58, Z= -66 | caused by MAGIC | 
[2024-03-24 15:15:05] [world_the_end] The Player <Heinrich_Himmler> has died with 29 level(s) at X= -11, Y= 58, Z= -66 | caused by MAGIC | 
[2024-03-24 15:21:45] [world_the_end] The Player <Heinrich_Himmler> has died with 29 level(s) at X= -8, Y= 58, Z= -63 | caused by FALL | 
[2024-03-24 15:31:28] [world_the_end] The Player <Heinrich_Himmler> has died with 29 level(s) at X= -8, Y= -156, Z= -58 | caused by VOID | 
[2024-03-24 15:37:15] [world_the_end] The Player <Heinrich_Himmler> has died with 29 level(s) at X= -47, Y= 55, Z= -37 | caused by ENTITY_ATTACK | 
[2024-03-24 15:39:28] [world_the_end] The Player <Heinrich_Himmler> has died with 29 level(s) at X= -9, Y= 33, Z= -55 | caused by FALL | 
[2024-03-24 15:41:36] [world_the_end] The Player <Heinrich_Himmler> has died with 29 level(s) at X= 53, Y= 62, Z= -4 | caused by ENTITY_ATTACK | 
[2024-03-24 15:42:35] [world_the_end] The Player <Heinrich_Himmler> has died with 29 level(s) at X= 67, Y= 61, Z= 8 | caused by ENTITY_ATTACK | 
[2024-03-24 15:43:16] [world_the_end] The Player <GolemDaWanderer> has died with 10 level(s) at X= 34, Y= 60, Z= -6 | caused by VOID | 
[2024-03-24 15:43:16] [world_the_end] The Player <Tester> has died with 37 level(s) at X= 33, Y= 59, Z= -7 | caused by VOID | 
[2024-03-24 15:43:16] [world_the_end] The Player <Heinrich_Himmler> has died with 29 level(s) at X= 92, Y= 54, Z= 0 | caused by VOID | 
[2024-03-24 15:45:48] [world_the_end] The Player <GolemDaWanderer> has died with 11 level(s) at X= 80, Y= 58, Z= 5 | caused by VOID | 
[2024-03-24 15:45:48] [world_the_end] The Player <Tester> has died with 37 level(s) at X= 73, Y= 59, Z= 0 | caused by VOID | 
[2024-03-24 15:45:48] [world_the_end] The Player <Heinrich_Himmler> has died with 29 level(s) at X= -11, Y= 58, Z= -60 | caused by VOID | 
[2024-03-24 15:46:57] [world_the_end] The Player <Tester> has died with 37 level(s) at X= -17, Y= 57, Z= 2 | caused by ENTITY_ATTACK | 
[2024-03-24 15:51:22] [world_the_end] The Player <Tester> has died with 37 level(s) at X= -19, Y= 58, Z= -53 | caused by FALL | 
[2024-03-24 15:52:14] [world_the_end] The Player <Tester> has died with 37 level(s) at X= -28, Y= 58, Z= 27 | caused by FALL | 
[2024-03-24 15:55:04] [world_the_end] The Player <Heinrich_Himmler> has died with 29 level(s) at X= -16, Y= -67, Z= -50 | caused by VOID | 
[2024-03-24 16:24:31] [world] The Player <Tester> has died with 37 level(s) at X= -10177, Y= 64, Z= 4126 | caused by Player | Char
[2024-03-24 16:25:54] [world] The Player <Tester> has died with 37 level(s) at X= -10164, Y= 63, Z= 4096 | caused by ENTITY_EXPLOSION | 
[2024-03-24 16:29:13] [world] The Player <Tester> has died with 37 level(s) at X= -10254, Y= 65, Z= 4084 | caused by Player | Char
[2024-03-24 16:31:43] [world] The Player <Tester> has died with 37 level(s) at X= -10243, Y= 64, Z= 4119 | caused by Player | Char
[2024-03-24 17:52:57] [world] The Player <Tester> has died with 38 level(s) at X= -10299, Y= 26, Z= 4030 | caused by FALL | 
[2024-03-24 18:57:49] [world] The Player <Tester> has died with 39 level(s) at X= -10301, Y= 26, Z= 4030 | caused by FALL | 
[2024-03-24 19:03:57] [world] The Player <GolemDaWanderer> has died with 15 level(s) at X= -10195, Y= 11, Z= 4078 | caused by FALL | 
[2024-03-24 19:24:27] [world] The Player <Tester> has died with 40 level(s) at X= -10299, Y= 34, Z= 4030 | caused by FALL | 
[2024-03-24 19:26:21] [world] The Player <GolemDaWanderer> has died with 18 level(s) at X= -10299, Y= 36, Z= 4029 | caused by VOID | 
[2024-03-24 20:08:05] [world_the_end] The Player <Heinrich_Himmler> has died with 30 level(s) at X= -23, Y= 57, Z= -67 | caused by FALL | 
[2024-03-24 20:10:44] [world_the_end] The Player <Heinrich_Himmler> has died with 30 level(s) at X= 12, Y= -91, Z= 86 | caused by VOID | 
[2024-03-24 20:12:44] [world] The Player <Heinrich_Himmler> has died with 31 level(s) at X= -10300, Y= 38, Z= 4030 | caused by PROJECTILE | 
[2024-03-24 20:19:36] [world] The Player <Heinrich_Himmler> has died with 5 level(s) at X= -10299, Y= 35, Z= 4028 | caused by Player | Tester
[2024-03-24 20:20:03] [world] The Player <Heinrich_Himmler> has died with 5 level(s) at X= -10298, Y= 35, Z= 4025 | caused by FIRE_TICK | 
[2024-03-24 20:22:44] [world] The Player <Heinrich_Himmler> has died with 16 level(s) at X= -10299, Y= 35, Z= 4025 | caused by Player | Tester
[2024-03-24 20:23:03] [world] The Player <Tester> has died with 54 level(s) at X= -10294, Y= 35, Z= 4028 | caused by ENTITY_EXPLOSION | 
[2024-03-24 20:31:40] [world] The Player <Heinrich_Himmler> has died with 4 level(s) at X= -10299, Y= 36, Z= 4030 | caused by FALL | 
[2024-03-24 20:41:10] [world] The Player <GolemDaWanderer> has died with 19 level(s) at X= -10147, Y= 19, Z= 4107 | caused by LAVA | 
[2024-03-24 20:52:03] [world] The Player <GolemDaWanderer> has died with 24 level(s) at X= -10298, Y= 35, Z= 4028 | caused by FIRE_TICK | 
