[2024-03-28 01:00:54] [world_the_end] The Player <Heinrich_Himmler> has died with 63 level(s) at X= -4, Y= 58, Z= -70 | caused by FALL | 
[2024-03-28 01:06:48] [world_the_end] The Player <Heinrich_Himmler> has died with 63 level(s) at X= 3, Y= 58, Z= 32 | caused by ENTITY_ATTACK | 
[2024-03-28 01:59:42] [world_the_end] The Player <Heinrich_Himmler> has died with 63 level(s) at X= -10, Y= 60, Z= -21 | caused by ENTITY_ATTACK | 
[2024-03-28 02:06:35] [world_the_end] The Player <Heinrich_Himmler> has died with 63 level(s) at X= 100, Y= 21, Z= -5 | caused by FALL | 
[2024-03-28 02:10:15] [world_the_end] The Player <Heinrich_Himmler> has died with 63 level(s) at X= 48, Y= 11, Z= 194 | caused by Player | Tester
[2024-03-28 02:15:38] [world_the_end] The Player <Heinrich_Himmler> has died with 63 level(s) at X= 59, Y= -148, Z= 206 | caused by VOID | 
[2024-03-28 02:16:36] [world_the_end] The Player <Heinrich_Himmler> has died with 63 level(s) at X= 46, Y= -95, Z= 136 | caused by VOID | 
[2024-03-28 02:18:38] [world_the_end] The Player <Heinrich_Himmler> has died with 63 level(s) at X= -122, Y= -197, Z= 42 | caused by VOID | 
[2024-03-28 02:19:16] [world_the_end] The Player <Heinrich_Himmler> has died with 63 level(s) at X= 44, Y= 3, Z= 141 | caused by FALL | 
[2024-03-28 02:23:26] [world_the_end] The Player <Heinrich_Himmler> has died with 63 level(s) at X= 26, Y= 10, Z= 242 | caused by ENTITY_ATTACK | 
[2024-03-28 02:24:50] [world_the_end] The Player <Heinrich_Himmler> has died with 63 level(s) at X= -25, Y= 58, Z= 8 | caused by FALL | 
[2024-03-28 02:33:02] [world_the_end] The Player <Tester> has died with 21863 level(s) at X= -94, Y= 4, Z= 199 | caused by ENTITY_ATTACK | 
[2024-03-28 02:44:26] [world_the_end] The Player <Tester> has died with 21863 level(s) at X= -87, Y= -166, Z= 217 | caused by VOID | 
[2024-03-28 02:53:50] [world_the_end] The Player <Heinrich_Himmler> has died with 63 level(s) at X= -10, Y= -155, Z= -56 | caused by VOID | 
[2024-03-28 02:58:32] [world_the_end] The Player <Heinrich_Himmler> has died with 63 level(s) at X= 12550800, Y= -196, Z= 500 | caused by VOID | 
[2024-03-28 04:53:50] [world_the_end] The Player <Milk_Frog> has died with 34 level(s) at X= -13, Y= 75, Z= -64 | caused by VOID | 
[2024-03-28 11:41:28] [world] The Player <Tester> has died with 21863 level(s) at X= -870, Y= 9, Z= 629 | caused by LAVA | 
[2024-03-28 13:57:34] [world_nether] The Player <defnotnezuko> has died with 0 level(s) at X= -1237, Y= 31, Z= 529 | caused by LAVA | 
[2024-03-28 13:57:49] [world_nether] The Player <defnotnezuko> has died with 0 level(s) at X= -1235, Y= 32, Z= 531 | caused by FIRE_TICK | 
[2024-03-28 14:00:58] [world_nether] The Player <defnotnezuko> has died with 0 level(s) at X= -1259, Y= 31, Z= 513 | caused by LAVA | 
[2024-03-28 14:03:13] [world] The Player <defnotnezuko> has died with 0 level(s) at X= -10256, Y= 64, Z= 4055 | caused by ENTITY_ATTACK | 
[2024-03-28 14:05:09] [world] The Player <defnotnezuko> has died with 0 level(s) at X= -10215, Y= 64, Z= 4060 | caused by PROJECTILE | 
[2024-03-28 14:14:40] [world] The Player <Heinrich_Himmler> has died with 63 level(s) at X= -906, Y= 29, Z= 565 | caused by SUFFOCATION | 
[2024-03-28 14:17:06] [world] The Player <Char> has died with 892 level(s) at X= -606, Y= 68, Z= 292 | caused by FALL | 
[2024-03-28 14:17:14] [world] The Player <Milk_Frog> has died with 34 level(s) at X= -606, Y= 74, Z= 246 | caused by FALL | 
[2024-03-28 14:17:15] [world_the_end] The Player <Heinrich_Himmler> has died with 63 level(s) at X= 29, Y= 62, Z= 26 | caused by FALL | 
[2024-03-28 14:17:32] [world_the_end] The Player <Milk_Frog> has died with 34 level(s) at X= 100, Y= 49, Z= 0 | caused by VOID | 
[2024-03-28 14:17:35] [world_the_end] The Player <Char> has died with 892 level(s) at X= 28, Y= 60, Z= 17 | caused by FALL | 
[2024-03-28 14:18:27] [world_the_end] The Player <NezukoChan> has died with 43 level(s) at X= 19, Y= 57, Z= 76 | caused by FALL | 
[2024-03-28 14:18:46] [world_the_end] The Player <NezukoChan> has died with 43 level(s) at X= 23, Y= 54, Z= 88 | caused by FALL | 
[2024-03-28 14:19:21] [world] The Player <Char> has died with 892 level(s) at X= -625, Y= 68, Z= 325 | caused by FALL | 
[2024-03-28 14:19:32] [world_the_end] The Player <Heinrich_Himmler> has died with 63 level(s) at X= 29, Y= 58, Z= 76 | caused by FALL | 
[2024-03-28 14:20:15] [world_the_end] The Player <NezukoChan> has died with 43 level(s) at X= 41, Y= 61, Z= 59 | caused by FALL | 
[2024-03-28 14:21:10] [world_the_end] The Player <NezukoChan> has died with 43 level(s) at X= 54, Y= 62, Z= 27 | caused by FALL | 
[2024-03-28 14:23:46] [world] The Player <NezukoChan> has died with 43 level(s) at X= -608, Y= 70, Z= 246 | caused by PROJECTILE | 
[2024-03-28 14:28:39] [world] The Player <Milk_Frog> has died with 34 level(s) at X= -609, Y= 69, Z= 244 | caused by VOID | 
[2024-03-28 14:31:40] [world] The Player <Tester> has died with 21863 level(s) at X= -547, Y= 68, Z= 258 | caused by FALL | 
[2024-03-28 14:32:17] [world] The Player <Tester> has died with 21863 level(s) at X= -572, Y= 69, Z= 347 | caused by FALL | 
[2024-03-28 14:32:30] [world] The Player <Tester> has died with 21863 level(s) at X= -571, Y= 72, Z= 345 | caused by FALL | 
[2024-03-28 15:08:27] [world] The Player <Char> has died with 892 level(s) at X= -598, Y= 78, Z= 293 | caused by VOID | 
[2024-03-28 15:11:48] [world] The Player <Char> has died with 892 level(s) at X= -574, Y= 67, Z= 292 | caused by FALL | 
[2024-03-28 15:12:26] [world] The Player <Char> has died with 892 level(s) at X= -618, Y= 68, Z= 320 | caused by Player | Char
[2024-03-28 15:57:09] [world] The Player <xcpc> has died with 17 level(s) at X= 1, Y= -212, Z= 1 | caused by VOID | 
[2024-03-28 16:16:19] [world] The Player <xcpc> has died with 17 level(s) at X= -682, Y= 63, Z= 37 | caused by FALL | 
[2024-03-28 17:38:38] [world_the_end] The Player <Heinrich_Himmler> has died with 63 level(s) at X= 99, Y= -194, Z= -2 | caused by VOID | 
[2024-03-28 20:19:59] [world] The Player <BTC> has died with 2 level(s) at X= -807, Y= 10, Z= 163 | caused by LAVA | 
[2024-03-28 21:07:43] [world] The Player <Char> has died with 892 level(s) at X= 621, Y= 11, Z= 220 | caused by Player | BTC
[2024-03-28 21:08:23] [world] The Player <BTC> has died with 10 level(s) at X= 621, Y= 10, Z= 209 | caused by Player | Char
[2024-03-28 21:09:59] [world] The Player <Char> has died with 892 level(s) at X= 626, Y= 11, Z= 222 | caused by Player | BTC
[2024-03-28 21:10:14] [world] The Player <Char> has died with 892 level(s) at X= 623, Y= 11, Z= 226 | caused by Player | BTC
[2024-03-28 21:10:24] [world] The Player <BTC> has died with 12 level(s) at X= 627, Y= 11, Z= 225 | caused by Player | Char
[2024-03-28 21:23:41] [world_the_end] The Player <BTC> has died with 12 level(s) at X= -18, Y= 59, Z= 28 | caused by ENTITY_ATTACK | 
[2024-03-28 22:02:11] [world] The Player <BTC> has died with 16 level(s) at X= 1, Y= -182, Z= 1 | caused by VOID | 
[2024-03-28 22:10:11] [world] The Player <BTC> has died with 16 level(s) at X= 1018, Y= 63, Z= 644 | caused by ENTITY_EXPLOSION | 
[2024-03-28 22:12:30] [world_the_end] The Player <BTC> has died with 16 level(s) at X= -14, Y= 62, Z= -30 | caused by ENTITY_ATTACK | 
[2024-03-28 22:22:44] [world] The Player <GolemDaWanderer> has died with 50 level(s) at X= -10176, Y= 62, Z= 4112 | caused by SUFFOCATION | 
[2024-03-28 22:27:50] [world_the_end] The Player <BTC> has died with 17 level(s) at X= -164, Y= -158, Z= 37 | caused by VOID | 
[2024-03-28 22:28:21] [world_the_end] The Player <GolemDaWanderer> has died with 50 level(s) at X= -43, Y= 58, Z= -1 | caused by FALL | 
[2024-03-28 22:28:56] [world_the_end] The Player <BTC> has died with 17 level(s) at X= 54, Y= 62, Z= 25 | caused by ENTITY_ATTACK | 
[2024-03-28 22:29:25] [world] The Player <GolemDaWanderer> has died with 50 level(s) at X= -576, Y= 69, Z= 316 | caused by Player | BTC
[2024-03-28 22:29:34] [world] The Player <GolemDaWanderer> has died with 50 level(s) at X= -572, Y= 68, Z= 316 | caused by Player | BTC
[2024-03-28 22:29:38] [world] The Player <GolemDaWanderer> has died with 50 level(s) at X= -573, Y= 68, Z= 316 | caused by Player | BTC
[2024-03-28 22:29:45] [world] The Player <GolemDaWanderer> has died with 50 level(s) at X= -570, Y= 69, Z= 317 | caused by Player | BTC
[2024-03-28 22:29:50] [world] The Player <GolemDaWanderer> has died with 50 level(s) at X= -574, Y= 69, Z= 317 | caused by Player | BTC
[2024-03-28 22:29:55] [world] The Player <GolemDaWanderer> has died with 50 level(s) at X= -573, Y= 68, Z= 316 | caused by Player | BTC
[2024-03-28 22:30:04] [world] The Player <GolemDaWanderer> has died with 50 level(s) at X= -577, Y= 69, Z= 315 | caused by Player | BTC
[2024-03-28 22:30:32] [world] The Player <BTC> has died with 17 level(s) at X= -611, Y= 68, Z= 352 | caused by Player | GolemDaWanderer
[2024-03-28 22:31:03] [world] The Player <GolemDaWanderer> has died with 50 level(s) at X= -600, Y= 68, Z= 363 | caused by Player | BTC
[2024-03-28 22:40:39] [world] The Player <NezukoChan> has died with 43 level(s) at X= -576, Y= 69, Z= 323 | caused by Player | BTC
[2024-03-28 22:40:49] [world] The Player <NezukoChan> has died with 43 level(s) at X= -578, Y= 69, Z= 316 | caused by Player | BTC
[2024-03-28 22:41:09] [world] The Player <NezukoChan> has died with 43 level(s) at X= -577, Y= 69, Z= 317 | caused by Player | BTC
[2024-03-28 22:41:17] [world] The Player <BTC> has died with 18 level(s) at X= -580, Y= 70, Z= 317 | caused by Player | NezukoChan
[2024-03-28 22:42:41] [world] The Player <NezukoChan> has died with 43 level(s) at X= -595, Y= 68, Z= 332 | caused by FIRE_TICK | 
[2024-03-28 22:43:02] [world] The Player <NezukoChan> has died with 43 level(s) at X= -583, Y= 68, Z= 331 | caused by Player | BTC
[2024-03-28 22:43:29] [world] The Player <NezukoChan> has died with 43 level(s) at X= -581, Y= 69, Z= 327 | caused by Player | BTC
[2024-03-28 22:43:55] [world] The Player <NezukoChan> has died with 43 level(s) at X= -573, Y= 68, Z= 316 | caused by Player | BTC
[2024-03-28 22:44:04] [world] The Player <NezukoChan> has died with 43 level(s) at X= -573, Y= 68, Z= 315 | caused by Player | BTC
[2024-03-28 22:45:27] [world] The Player <BTC> has died with 18 level(s) at X= -581, Y= 69, Z= 323 | caused by Player | NezukoChan
[2024-03-28 22:45:54] [world] The Player <NezukoChan> has died with 43 level(s) at X= -570, Y= 69, Z= 317 | caused by Player | BTC
[2024-03-28 22:45:54] [world] The Player <BTC> has died with 18 level(s) at X= -557, Y= 65, Z= 311 | caused by Player | NezukoChan
[2024-03-28 22:46:06] [world] The Player <BTC> has died with 18 level(s) at X= -573, Y= 69, Z= 318 | caused by Player | NezukoChan
[2024-03-28 22:46:10] [world] The Player <BTC> has died with 18 level(s) at X= -573, Y= 68, Z= 316 | caused by Player | GolemDaWanderer
[2024-03-28 22:50:31] [world] The Player <NezukoChan> has died with 43 level(s) at X= -556, Y= 26, Z= 336 | caused by FALL | 
[2024-03-28 22:52:59] [world] The Player <BTC> has died with 18 level(s) at X= -798, Y= 31, Z= 88 | caused by FALL | 
[2024-03-29 03:25:08] [world] The Player <GolemDaWanderer> has died with 50 level(s) at X= -10176, Y= 61, Z= 4112 | caused by SUFFOCATION | 
[2024-03-29 03:42:43] [world] The Player <BTC> has died with 15 level(s) at X= -3573, Y= 9, Z= 155 | caused by Player | GolemDaWanderer
[2024-03-29 03:44:42] [world] The Player <GolemDaWanderer> has died with 50 level(s) at X= -3573, Y= 9, Z= 152 | caused by Player | BTC
[2024-03-29 03:48:25] [world] The Player <BTC> has died with 15 level(s) at X= -3556, Y= 6, Z= 237 | caused by LAVA | 
[2024-03-29 03:56:32] [world] The Player <GolemDaWanderer> has died with 50 level(s) at X= -510, Y= 63, Z= 320 | caused by ENTITY_EXPLOSION | 
[2024-03-29 04:33:38] [world] The Player <GolemDaWanderer> has died with 50 level(s) at X= -532, Y= 67, Z= 371 | caused by ENTITY_ATTACK | 
[2024-03-29 16:17:03] [world] The Player <GolemDaWanderer> has died with 50 level(s) at X= -10162, Y= 70, Z= 4352 | caused by ENTITY_ATTACK | 
[2024-03-29 17:52:50] [world] The Player <GolemDaWanderer> has died with 51 level(s) at X= -10140, Y= 59, Z= 4011 | caused by MAGIC | 
[2024-03-29 18:00:22] [world_the_end] The Player <NezukoChan> has died with 43 level(s) at X= 67, Y= 59, Z= 33 | caused by ENTITY_ATTACK | 
[2024-03-29 18:27:26] [world] The Player <GolemDaWanderer> has died with 50 level(s) at X= -10298, Y= 35, Z= 4027 | caused by Player | xcpc
[2024-03-29 18:27:46] [world] The Player <xcpc> has died with 28 level(s) at X= -10299, Y= 36, Z= 4024 | caused by Player | GolemDaWanderer
[2024-03-29 18:28:18] [world] The Player <GolemDaWanderer> has died with 50 level(s) at X= -10298, Y= 35, Z= 4025 | caused by Player | xcpc
[2024-03-29 18:28:31] [world] The Player <Tester> has died with 21863 level(s) at X= -10300, Y= 35, Z= 4028 | caused by MAGIC | 
[2024-03-29 18:28:43] [world] The Player <GolemDaWanderer> has died with 50 level(s) at X= -10296, Y= 35, Z= 4029 | caused by VOID | 
[2024-03-29 18:29:20] [world] The Player <xcpc> has died with 28 level(s) at X= -10289, Y= 35, Z= 4028 | caused by Player | GolemDaWanderer
[2024-03-29 18:29:53] [world] The Player <GolemDaWanderer> has died with 50 level(s) at X= 1, Y= -177, Z= 1 | caused by VOID | 
[2024-03-29 18:42:23] [world] The Player <GolemDaWanderer> has died with 51 level(s) at X= -10289, Y= 35, Z= 4029 | caused by FALLING_BLOCK | 
[2024-03-29 23:42:06] [world] The Player <xcpc> has died with 20 level(s) at X= -685, Y= 68, Z= 67 | caused by FALL | 
[2024-03-30 00:00:27] [world_the_end] The Player <NezukoChan> has died with 12 level(s) at X= 59, Y= 57, Z= 89 | caused by Player | GolemDaWanderer
[2024-03-30 00:00:59] [world_the_end] The Player <GolemDaWanderer> has died with 51 level(s) at X= 49, Y= 57, Z= 90 | caused by ENTITY_ATTACK | 
[2024-03-30 00:01:44] [world_the_end] The Player <GolemDaWanderer> has died with 51 level(s) at X= 57, Y= 57, Z= 84 | caused by Player | NezukoChan
[2024-03-30 00:02:31] [world_the_end] The Player <GolemDaWanderer> has died with 51 level(s) at X= 80, Y= 57, Z= 78 | caused by Player | NezukoChan
[2024-03-30 00:03:37] [world_the_end] The Player <GolemDaWanderer> has died with 51 level(s) at X= 64, Y= 60, Z= 68 | caused by Player | NezukoChan
[2024-03-30 00:04:38] [world_the_end] The Player <GolemDaWanderer> has died with 51 level(s) at X= 61, Y= 59, Z= 66 | caused by Player | NezukoChan
[2024-03-30 00:04:55] [world_the_end] The Player <NezukoChan> has died with 12 level(s) at X= 60, Y= 59, Z= 65 | caused by Player | GolemDaWanderer
[2024-03-30 00:08:42] [world_the_end] The Player <GolemDaWanderer> has died with 51 level(s) at X= -37, Y= 59, Z= 14 | caused by ENTITY_ATTACK | 
