[2024-04-01 12:42:43] [world] The Player <Tester_> has picked 21 of DIAMOND_BLOCK at X= -569, Y= 66, Z= 412 that had [] enchantment(s) |  
[2024-04-01 12:42:43] [world] The Player <Tester_> has picked 12 of DIAMOND_BLOCK at X= -569, Y= 66, Z= 412 that had [] enchantment(s) |  
[2024-04-01 12:42:43] [world] The Player <Tester_> has picked 12 of DIAMOND_BLOCK at X= -569, Y= 66, Z= 412 that had [] enchantment(s) |  
[2024-04-01 12:42:43] [world] The Player <Tester_> has picked 10 of DIAMOND_BLOCK at X= -569, Y= 66, Z= 412 that had [] enchantment(s) |  
[2024-04-01 12:42:43] [world] The Player <Tester_> has picked 9 of DIAMOND_BLOCK at X= -569, Y= 66, Z= 412 that had [] enchantment(s) |  
[2024-04-01 12:42:43] [world] The Player <Tester_> has picked 14 of DIAMOND_BLOCK at X= -569, Y= 66, Z= 412 that had [] enchantment(s) |  
[2024-04-01 12:42:43] [world] The Player <Tester_> has picked 21 of DIAMOND_BLOCK at X= -569, Y= 66, Z= 412 that had [] enchantment(s) |  
[2024-04-01 12:42:43] [world] The Player <Tester_> has picked 12 of DIAMOND_BLOCK at X= -569, Y= 66, Z= 412 that had [] enchantment(s) |  
[2024-04-01 12:42:43] [world] The Player <Tester_> has picked 13 of DIAMOND_BLOCK at X= -569, Y= 66, Z= 412 that had [] enchantment(s) |  
[2024-04-01 12:42:43] [world] The Player <Tester_> has picked 4 of DIAMOND_BLOCK at X= -569, Y= 66, Z= 412 that had [] enchantment(s) |  
[2024-04-01 12:42:43] [world] The Player <Tester_> has picked 14 of DIAMOND_BLOCK at X= -569, Y= 66, Z= 412 that had [] enchantment(s) |  
[2024-04-01 12:42:43] [world] The Player <Tester_> has picked 13 of DIAMOND_BLOCK at X= -569, Y= 66, Z= 412 that had [] enchantment(s) |  
[2024-04-01 12:42:43] [world] The Player <Tester_> has picked 24 of DIAMOND_BLOCK at X= -569, Y= 66, Z= 412 that had [] enchantment(s) |  
[2024-04-01 12:42:43] [world] The Player <Tester_> has picked 13 of DIAMOND_BLOCK at X= -569, Y= 66, Z= 412 that had [] enchantment(s) |  
[2024-04-01 12:42:43] [world] The Player <Tester_> has picked 10 of DIAMOND_BLOCK at X= -569, Y= 66, Z= 412 that had [] enchantment(s) |  
[2024-04-01 12:42:43] [world] The Player <Tester_> has picked 10 of DIAMOND_BLOCK at X= -569, Y= 66, Z= 412 that had [] enchantment(s) |  
[2024-04-01 12:42:43] [world] The Player <Tester_> has picked 25 of DIAMOND_BLOCK at X= -569, Y= 66, Z= 412 that had [] enchantment(s) |  
[2024-04-01 12:42:43] [world] The Player <Tester_> has picked 19 of DIAMOND_BLOCK at X= -569, Y= 66, Z= 412 that had [] enchantment(s) |  
[2024-04-01 12:42:43] [world] The Player <Tester_> has picked 17 of DIAMOND_BLOCK at X= -569, Y= 66, Z= 412 that had [] enchantment(s) |  
[2024-04-01 12:42:43] [world] The Player <Tester_> has picked 13 of DIAMOND_BLOCK at X= -569, Y= 66, Z= 412 that had [] enchantment(s) |  
[2024-04-01 12:42:43] [world] The Player <Tester_> has picked 21 of DIAMOND_BLOCK at X= -569, Y= 66, Z= 412 that had [] enchantment(s) |  
[2024-04-01 12:42:43] [world] The Player <Tester_> has picked 13 of DIAMOND_BLOCK at X= -569, Y= 66, Z= 412 that had [] enchantment(s) |  
[2024-04-01 12:42:43] [world] The Player <Tester_> has picked 11 of DIAMOND_BLOCK at X= -569, Y= 66, Z= 412 that had [] enchantment(s) |  
[2024-04-01 12:42:43] [world] The Player <Tester_> has picked 24 of DIAMOND_BLOCK at X= -569, Y= 66, Z= 412 that had [] enchantment(s) |  
[2024-04-01 12:42:43] [world] The Player <Tester_> has picked 22 of DIAMOND_BLOCK at X= -569, Y= 66, Z= 412 that had [] enchantment(s) |  
[2024-04-01 12:42:43] [world] The Player <Tester_> has picked 7 of DIAMOND_BLOCK at X= -569, Y= 66, Z= 412 that had [] enchantment(s) |  
[2024-04-01 12:42:43] [world] The Player <Tester_> has picked 28 of DIAMOND_BLOCK at X= -569, Y= 66, Z= 412 that had [] enchantment(s) |  
[2024-04-01 12:42:43] [world] The Player <Tester_> has picked 30 of DIAMOND_BLOCK at X= -569, Y= 66, Z= 412 that had [] enchantment(s) |  
[2024-04-01 12:42:43] [world] The Player <Tester_> has picked 6 of DIAMOND_BLOCK at X= -569, Y= 66, Z= 412 that had [] enchantment(s) |  
[2024-04-01 12:42:43] [world] The Player <Tester_> has picked 29 of DIAMOND_BLOCK at X= -569, Y= 66, Z= 412 that had [] enchantment(s) |  
[2024-04-01 12:42:43] [world] The Player <Tester_> has picked 13 of DIAMOND_BLOCK at X= -569, Y= 66, Z= 412 that had [] enchantment(s) |  
[2024-04-01 12:42:43] [world] The Player <Tester_> has picked 18 of DIAMOND_BLOCK at X= -569, Y= 66, Z= 412 that had [] enchantment(s) |  
[2024-04-01 12:42:43] [world] The Player <Tester_> has picked 4 of DIAMOND_BLOCK at X= -569, Y= 66, Z= 412 that had [] enchantment(s) |  
[2024-04-01 12:42:43] [world] The Player <Tester_> has picked 15 of DIAMOND_BLOCK at X= -569, Y= 66, Z= 412 that had [] enchantment(s) |  
[2024-04-01 12:42:43] [world] The Player <Tester_> has picked 18 of DIAMOND_BLOCK at X= -569, Y= 66, Z= 412 that had [] enchantment(s) |  
[2024-04-01 12:42:43] [world] The Player <Tester_> has picked 19 of DIAMOND_BLOCK at X= -569, Y= 66, Z= 412 that had [] enchantment(s) |  
[2024-04-01 12:42:43] [world] The Player <Tester_> has picked 12 of DIAMOND_BLOCK at X= -569, Y= 66, Z= 412 that had [] enchantment(s) |  
[2024-04-01 12:42:43] [world] The Player <Tester_> has picked 21 of IRON_BLOCK at X= -569, Y= 66, Z= 412 that had [] enchantment(s) |  
[2024-04-01 12:42:43] [world] The Player <Tester_> has picked 11 of IRON_BLOCK at X= -569, Y= 66, Z= 412 that had [] enchantment(s) |  
[2024-04-01 12:42:43] [world] The Player <Tester_> has picked 15 of IRON_BLOCK at X= -569, Y= 66, Z= 412 that had [] enchantment(s) |  
[2024-04-01 12:42:43] [world] The Player <Tester_> has picked 10 of IRON_BLOCK at X= -569, Y= 66, Z= 412 that had [] enchantment(s) |  
[2024-04-01 12:42:43] [world] The Player <Tester_> has picked 7 of IRON_BLOCK at X= -569, Y= 66, Z= 412 that had [] enchantment(s) |  
[2024-04-01 12:42:43] [world] The Player <Tester_> has picked 19 of IRON_BLOCK at X= -569, Y= 66, Z= 412 that had [] enchantment(s) |  
[2024-04-01 12:42:43] [world] The Player <Tester_> has picked 29 of IRON_BLOCK at X= -569, Y= 66, Z= 412 that had [] enchantment(s) |  
[2024-04-01 12:42:43] [world] The Player <Tester_> has picked 16 of IRON_BLOCK at X= -569, Y= 66, Z= 412 that had [] enchantment(s) |  
[2024-04-01 12:42:43] [world] The Player <Tester_> has picked 24 of IRON_BLOCK at X= -569, Y= 66, Z= 412 that had [] enchantment(s) |  
[2024-04-01 12:42:43] [world] The Player <Tester_> has picked 11 of IRON_BLOCK at X= -569, Y= 66, Z= 412 that had [] enchantment(s) |  
[2024-04-01 12:42:43] [world] The Player <Tester_> has picked 11 of IRON_BLOCK at X= -569, Y= 66, Z= 412 that had [] enchantment(s) |  
[2024-04-01 12:42:43] [world] The Player <Tester_> has picked 14 of IRON_BLOCK at X= -569, Y= 66, Z= 412 that had [] enchantment(s) |  
[2024-04-01 12:42:43] [world] The Player <Tester_> has picked 4 of IRON_BLOCK at X= -569, Y= 66, Z= 412 that had [] enchantment(s) |  
[2024-04-01 12:42:43] [world] The Player <Tester_> has picked 14 of IRON_BLOCK at X= -569, Y= 66, Z= 412 that had [] enchantment(s) |  
[2024-04-01 12:42:43] [world] The Player <Tester_> has picked 11 of IRON_BLOCK at X= -569, Y= 66, Z= 412 that had [] enchantment(s) |  
[2024-04-01 12:42:43] [world] The Player <Tester_> has picked 20 of IRON_BLOCK at X= -569, Y= 66, Z= 412 that had [] enchantment(s) |  
[2024-04-01 12:42:43] [world] The Player <Tester_> has picked 10 of IRON_BLOCK at X= -569, Y= 66, Z= 412 that had [] enchantment(s) |  
[2024-04-01 12:42:43] [world] The Player <Tester_> has picked 9 of IRON_BLOCK at X= -569, Y= 66, Z= 412 that had [] enchantment(s) |  
[2024-04-01 12:42:43] [world] The Player <Tester_> has picked 25 of DIAMOND_BLOCK at X= -569, Y= 66, Z= 412 that had [] enchantment(s) |  
[2024-04-01 12:42:43] [world] The Player <Tester_> has picked 18 of DIAMOND_BLOCK at X= -569, Y= 66, Z= 412 that had [] enchantment(s) |  
[2024-04-01 12:42:43] [world] The Player <Tester_> has picked 12 of DIAMOND_BLOCK at X= -569, Y= 66, Z= 412 that had [] enchantment(s) |  
[2024-04-01 12:42:43] [world] The Player <Tester_> has picked 9 of DIAMOND_BLOCK at X= -569, Y= 66, Z= 412 that had [] enchantment(s) |  
[2024-04-01 12:42:43] [world] The Player <Tester_> has picked 1 of DIAMOND_SWORD at X= -569, Y= 66, Z= 412 that had [Protection 4, Sharpness 5, Feather Falling 4, Knockback 2, Fire Aspect 2, Respiration 3, Looting 3, Aqua Affinity 1, Thorns 3, Depth Strider 3] enchantment(s) | Gift.
[2024-04-01 12:42:43] [world] The Player <Tester_> has picked 19 of DIAMOND_BLOCK at X= -569, Y= 66, Z= 412 that had [] enchantment(s) |  
[2024-04-01 12:42:43] [world] The Player <Tester_> has picked 23 of DIAMOND_BLOCK at X= -569, Y= 66, Z= 412 that had [] enchantment(s) |  
[2024-04-01 12:42:43] [world] The Player <Tester_> has picked 14 of DIAMOND_BLOCK at X= -569, Y= 66, Z= 412 that had [] enchantment(s) |  
[2024-04-01 12:42:43] [world] The Player <Tester_> has picked 8 of DIAMOND_BLOCK at X= -569, Y= 66, Z= 412 that had [] enchantment(s) |  
[2024-04-01 12:42:43] [world] The Player <Tester_> has picked 16 of DIAMOND_BLOCK at X= -569, Y= 66, Z= 412 that had [] enchantment(s) |  
[2024-04-01 12:42:43] [world] The Player <Tester_> has picked 21 of DIAMOND_BLOCK at X= -569, Y= 66, Z= 412 that had [] enchantment(s) |  
[2024-04-01 12:42:43] [world] The Player <Tester_> has picked 27 of DIAMOND_BLOCK at X= -569, Y= 66, Z= 412 that had [] enchantment(s) |  
[2024-04-01 12:42:43] [world] The Player <Tester_> has picked 12 of DIAMOND_BLOCK at X= -569, Y= 66, Z= 412 that had [] enchantment(s) |  
[2024-04-01 12:42:43] [world] The Player <Tester_> has picked 13 of DIAMOND_BLOCK at X= -569, Y= 66, Z= 412 that had [] enchantment(s) |  
[2024-04-01 12:42:43] [world] The Player <Tester_> has picked 29 of DIAMOND_BLOCK at X= -569, Y= 66, Z= 412 that had [] enchantment(s) |  
[2024-04-01 12:42:43] [world] The Player <Tester_> has picked 10 of DIAMOND_BLOCK at X= -569, Y= 66, Z= 412 that had [] enchantment(s) |  
[2024-04-01 12:42:43] [world] The Player <Tester_> has picked 18 of IRON_BLOCK at X= -569, Y= 66, Z= 412 that had [] enchantment(s) |  
[2024-04-01 12:42:43] [world] The Player <Tester_> has picked 14 of IRON_BLOCK at X= -569, Y= 66, Z= 412 that had [] enchantment(s) |  
[2024-04-01 12:42:43] [world] The Player <Tester_> has picked 16 of IRON_BLOCK at X= -569, Y= 66, Z= 412 that had [] enchantment(s) |  
[2024-04-01 12:42:43] [world] The Player <Tester_> has picked 16 of IRON_BLOCK at X= -569, Y= 66, Z= 412 that had [] enchantment(s) |  
[2024-04-01 12:42:43] [world] The Player <Tester_> has picked 24 of IRON_BLOCK at X= -569, Y= 66, Z= 412 that had [] enchantment(s) |  
[2024-04-01 12:42:43] [world] The Player <Tester_> has picked 22 of IRON_BLOCK at X= -569, Y= 66, Z= 412 that had [] enchantment(s) |  
[2024-04-01 12:42:43] [world] The Player <Tester_> has picked 10 of IRON_BLOCK at X= -569, Y= 66, Z= 412 that had [] enchantment(s) |  
[2024-04-01 12:42:43] [world] The Player <Tester_> has picked 8 of IRON_BLOCK at X= -569, Y= 66, Z= 412 that had [] enchantment(s) |  
[2024-04-01 12:42:43] [world] The Player <Tester_> has picked 11 of IRON_BLOCK at X= -569, Y= 66, Z= 412 that had [] enchantment(s) |  
[2024-04-01 12:42:43] [world] The Player <Tester_> has picked 27 of IRON_BLOCK at X= -569, Y= 66, Z= 412 that had [] enchantment(s) |  
[2024-04-01 12:42:43] [world] The Player <Tester_> has picked 13 of IRON_BLOCK at X= -569, Y= 66, Z= 412 that had [] enchantment(s) |  
[2024-04-01 12:42:43] [world] The Player <Tester_> has picked 13 of IRON_BLOCK at X= -569, Y= 66, Z= 412 that had [] enchantment(s) |  
[2024-04-01 12:42:43] [world] The Player <Tester_> has picked 11 of IRON_BLOCK at X= -569, Y= 66, Z= 412 that had [] enchantment(s) |  
[2024-04-01 12:42:43] [world] The Player <Tester_> has picked 10 of IRON_BLOCK at X= -569, Y= 66, Z= 412 that had [] enchantment(s) |  
[2024-04-01 12:42:43] [world] The Player <Tester_> has picked 13 of IRON_BLOCK at X= -569, Y= 66, Z= 412 that had [] enchantment(s) |  
[2024-04-01 12:42:43] [world] The Player <Tester_> has picked 24 of IRON_BLOCK at X= -569, Y= 66, Z= 412 that had [] enchantment(s) |  
[2024-04-01 12:42:43] [world] The Player <Tester_> has picked 6 of IRON_BLOCK at X= -569, Y= 66, Z= 412 that had [] enchantment(s) |  
[2024-04-01 12:42:43] [world] The Player <Tester_> has picked 27 of DIAMOND_BLOCK at X= -569, Y= 66, Z= 412 that had [] enchantment(s) |  
[2024-04-01 12:42:43] [world] The Player <Tester_> has picked 28 of DIAMOND_BLOCK at X= -569, Y= 66, Z= 412 that had [] enchantment(s) |  
[2024-04-01 12:42:43] [world] The Player <Tester_> has picked 9 of DIAMOND_BLOCK at X= -569, Y= 66, Z= 412 that had [] enchantment(s) |  
[2024-04-01 12:42:43] [world] The Player <Tester_> has picked 19 of ENDER_CHEST at X= -569, Y= 66, Z= 412 that had [] enchantment(s) |  
[2024-04-01 12:42:43] [world] The Player <Tester_> has picked 20 of ENDER_CHEST at X= -569, Y= 66, Z= 412 that had [] enchantment(s) |  
[2024-04-01 12:42:43] [world] The Player <Tester_> has picked 10 of ENDER_CHEST at X= -569, Y= 66, Z= 412 that had [] enchantment(s) |  
[2024-04-01 12:42:43] [world] The Player <Tester_> has picked 10 of ENDER_CHEST at X= -569, Y= 66, Z= 412 that had [] enchantment(s) |  
[2024-04-01 12:42:43] [world] The Player <Tester_> has picked 5 of ENDER_CHEST at X= -569, Y= 66, Z= 412 that had [] enchantment(s) |  
[2024-04-01 12:42:43] [world] The Player <Tester_> has picked 24 of DIAMOND_BLOCK at X= -569, Y= 66, Z= 412 that had [] enchantment(s) |  
[2024-04-01 12:42:43] [world] The Player <Tester_> has picked 16 of DIAMOND_BLOCK at X= -569, Y= 66, Z= 412 that had [] enchantment(s) |  
[2024-04-01 12:42:43] [world] The Player <Tester_> has picked 24 of DIAMOND_BLOCK at X= -569, Y= 66, Z= 412 that had [] enchantment(s) |  
[2024-04-01 12:42:43] [world] The Player <Tester_> has picked 14 of DIAMOND_BLOCK at X= -569, Y= 66, Z= 412 that had [] enchantment(s) |  
[2024-04-01 12:42:43] [world] The Player <Tester_> has picked 13 of DIAMOND_BLOCK at X= -569, Y= 66, Z= 412 that had [] enchantment(s) |  
[2024-04-01 12:42:43] [world] The Player <Tester_> has picked 28 of DIAMOND_BLOCK at X= -569, Y= 66, Z= 412 that had [] enchantment(s) |  
[2024-04-01 12:42:43] [world] The Player <Tester_> has picked 9 of DIAMOND_BLOCK at X= -569, Y= 66, Z= 412 that had [] enchantment(s) |  
[2024-04-01 12:42:43] [world] The Player <Tester_> has picked 26 of DIAMOND_BLOCK at X= -569, Y= 66, Z= 412 that had [] enchantment(s) |  
[2024-04-01 12:42:43] [world] The Player <Tester_> has picked 23 of DIAMOND_BLOCK at X= -569, Y= 66, Z= 412 that had [] enchantment(s) |  
[2024-04-01 12:42:43] [world] The Player <Tester_> has picked 15 of DIAMOND_BLOCK at X= -569, Y= 66, Z= 412 that had [] enchantment(s) |  
[2024-04-01 12:42:44] [world] The Player <Tester_> has picked 1 of CHEST at X= -569, Y= 66, Z= 411 that had [] enchantment(s) |  
[2024-04-01 13:58:34] [world] The Player <GolemDaWanderer> has picked 1 of BONE at X= -10299, Y= 35, Z= 4028 that had [] enchantment(s) |  
[2024-04-01 13:58:35] [world] The Player <GolemDaWanderer> has picked 1 of ARROW at X= -10298, Y= 35, Z= 4029 that had [] enchantment(s) |  
[2024-04-01 13:58:36] [world] The Player <GolemDaWanderer> has picked 2 of BONE at X= -10299, Y= 35, Z= 4029 that had [] enchantment(s) |  
[2024-04-01 13:58:36] [world] The Player <GolemDaWanderer> has picked 2 of BONE at X= -10299, Y= 35, Z= 4029 that had [] enchantment(s) |  
[2024-04-01 13:58:50] [world] The Player <GolemDaWanderer> has picked 5 of ARROW at X= -10299, Y= 36, Z= 4030 that had [] enchantment(s) |  
[2024-04-01 13:58:52] [world] The Player <GolemDaWanderer> has picked 1 of ARROW at X= -10299, Y= 36, Z= 4030 that had [] enchantment(s) |  
[2024-04-01 13:58:53] [world] The Player <GolemDaWanderer> has picked 4 of BONE at X= -10298, Y= 35, Z= 4030 that had [] enchantment(s) |  
[2024-04-01 13:58:54] [world] The Player <GolemDaWanderer> has picked 2 of ARROW at X= -10298, Y= 35, Z= 4030 that had [] enchantment(s) |  
[2024-04-01 13:59:07] [world] The Player <GolemDaWanderer> has picked 5 of BONE at X= -10298, Y= 35, Z= 4029 that had [] enchantment(s) |  
[2024-04-01 13:59:12] [world] The Player <GolemDaWanderer> has picked 1 of BOW at X= -10297, Y= 36, Z= 4030 that had [] enchantment(s) |  
[2024-04-01 13:59:17] [world] The Player <GolemDaWanderer> has picked 1 of BOW at X= -10300, Y= 36, Z= 4032 that had [] enchantment(s) |  
[2024-04-01 13:59:18] [world] The Player <GolemDaWanderer> has picked 1 of BOW at X= -10300, Y= 35, Z= 4032 that had [] enchantment(s) |  
[2024-04-01 13:59:18] [world] The Player <GolemDaWanderer> has picked 3 of ARROW at X= -10300, Y= 35, Z= 4032 that had [] enchantment(s) |  
[2024-04-01 13:59:20] [world] The Player <GolemDaWanderer> has picked 1 of BOW at X= -10298, Y= 35, Z= 4031 that had [] enchantment(s) |  
[2024-04-01 13:59:21] [world] The Player <GolemDaWanderer> has picked 1 of BOW at X= -10299, Y= 36, Z= 4031 that had [] enchantment(s) |  
[2024-04-01 13:59:22] [world] The Player <GolemDaWanderer> has picked 2 of ARROW at X= -10299, Y= 36, Z= 4031 that had [] enchantment(s) |  
[2024-04-01 13:59:24] [world] The Player <GolemDaWanderer> has picked 1 of BOW at X= -10301, Y= 35, Z= 4032 that had [] enchantment(s) |  
[2024-04-01 13:59:24] [world] The Player <GolemDaWanderer> has picked 1 of BOW at X= -10301, Y= 35, Z= 4032 that had [] enchantment(s) |  
[2024-04-01 13:59:25] [world] The Player <GolemDaWanderer> has picked 2 of BONE at X= -10300, Y= 36, Z= 4030 that had [] enchantment(s) |  
[2024-04-01 13:59:33] [world] The Player <GolemDaWanderer> has picked 1 of BOW at X= -10296, Y= 36, Z= 4029 that had [] enchantment(s) |  
[2024-04-01 14:00:03] [world] The Player <GolemDaWanderer> has picked 2 of BONE at X= -10301, Y= 33, Z= 4029 that had [] enchantment(s) |  
[2024-04-01 15:00:45] [world] The Player <GolemDaWanderer> has picked 3 of BONE at X= -10299, Y= 36, Z= 4030 that had [] enchantment(s) |  
[2024-04-01 15:00:47] [world] The Player <GolemDaWanderer> has picked 2 of BONE at X= -10298, Y= 35, Z= 4028 that had [] enchantment(s) |  
[2024-04-01 15:00:49] [world] The Player <GolemDaWanderer> has picked 6 of BONE at X= -10296, Y= 35, Z= 4029 that had [] enchantment(s) |  
[2024-04-01 15:00:53] [world] The Player <GolemDaWanderer> has picked 7 of BONE at X= -10298, Y= 35, Z= 4030 that had [] enchantment(s) |  
[2024-04-01 15:00:55] [world] The Player <GolemDaWanderer> has picked 3 of BONE at X= -10299, Y= 36, Z= 4030 that had [] enchantment(s) |  
[2024-04-01 15:00:59] [world] The Player <GolemDaWanderer> has picked 3 of BONE at X= -10299, Y= 36, Z= 4030 that had [] enchantment(s) |  
[2024-04-01 15:01:01] [world] The Player <GolemDaWanderer> has picked 5 of BONE at X= -10299, Y= 36, Z= 4030 that had [] enchantment(s) |  
[2024-04-01 15:01:05] [world] The Player <GolemDaWanderer> has picked 4 of BONE at X= -10299, Y= 36, Z= 4030 that had [] enchantment(s) |  
[2024-04-01 15:01:07] [world] The Player <GolemDaWanderer> has picked 7 of BONE at X= -10299, Y= 36, Z= 4031 that had [] enchantment(s) |  
[2024-04-01 15:01:27] [world] The Player <GolemDaWanderer> has picked 2 of BONE at X= -10299, Y= 35, Z= 4032 that had [] enchantment(s) |  
[2024-04-01 18:16:01] [world] The Player <Marshtomp12345> has picked 1 of DOUBLE_PLANT at X= -558, Y= 65, Z= 298 that had [] enchantment(s) | Coin
[2024-04-01 20:22:48] [world] The Player <GolemDaWanderer> has picked 4 of BONE at X= -10298, Y= 35, Z= 4030 that had [] enchantment(s) |  
[2024-04-01 20:22:53] [world] The Player <GolemDaWanderer> has picked 3 of BONE at X= -10300, Y= 36, Z= 4030 that had [] enchantment(s) |  
[2024-04-01 20:22:57] [world] The Player <GolemDaWanderer> has picked 3 of BONE at X= -10299, Y= 36, Z= 4030 that had [] enchantment(s) |  
[2024-04-01 20:23:02] [world] The Player <GolemDaWanderer> has picked 2 of BONE at X= -10299, Y= 36, Z= 4030 that had [] enchantment(s) |  
[2024-04-01 20:23:46] [world] The Player <GolemDaWanderer> has picked 17 of BONE at X= -10299, Y= 36, Z= 4030 that had [] enchantment(s) |  
[2024-04-01 20:38:00] [world] The Player <GolemDaWanderer> has picked 64 of BONE at X= -10298, Y= 35, Z= 4032 that had [] enchantment(s) |  
[2024-04-01 20:38:05] [world] The Player <GolemDaWanderer> has picked 64 of BONE at X= -10300, Y= 36, Z= 4030 that had [] enchantment(s) |  
[2024-04-01 20:38:06] [world] The Player <GolemDaWanderer> has picked 64 of BONE at X= -10301, Y= 33, Z= 4029 that had [] enchantment(s) |  
[2024-04-01 20:38:11] [world] The Player <GolemDaWanderer> has picked 64 of BONE at X= -10299, Y= 35, Z= 4032 that had [] enchantment(s) |  
[2024-04-01 20:38:11] [world] The Player <GolemDaWanderer> has picked 37 of BONE at X= -10300, Y= 35, Z= 4032 that had [] enchantment(s) |  
[2024-04-01 20:38:11] [world] The Player <GolemDaWanderer> has picked 64 of BONE at X= -10301, Y= 35, Z= 4032 that had [] enchantment(s) |  
[2024-04-01 20:47:36] [world] The Player <GolemDaWanderer> has picked 2 of BONE at X= -10299, Y= 36, Z= 4031 that had [] enchantment(s) |  
[2024-04-01 20:48:23] [world] The Player <GolemDaWanderer> has picked 1 of ARROW at X= -10299, Y= 36, Z= 4030 that had [] enchantment(s) |  
[2024-04-02 02:12:45] [world] The Player <xcpc> has picked 1 of SAPLING at X= -303, Y= 70, Z= 274 that had [] enchantment(s) |  
[2024-04-02 02:12:46] [world] The Player <xcpc> has picked 1 of SAPLING at X= -303, Y= 70, Z= 274 that had [] enchantment(s) |  
[2024-04-02 02:12:47] [world] The Player <xcpc> has picked 1 of LOG at X= -302, Y= 71, Z= 272 that had [] enchantment(s) |  
[2024-04-02 02:12:49] [world] The Player <xcpc> has picked 2 of LOG at X= -302, Y= 71, Z= 272 that had [] enchantment(s) |  
[2024-04-02 02:12:49] [world] The Player <xcpc> has picked 1 of SAPLING at X= -302, Y= 71, Z= 273 that had [] enchantment(s) |  
[2024-04-02 02:12:50] [world] The Player <xcpc> has picked 1 of LOG at X= -303, Y= 70, Z= 272 that had [] enchantment(s) |  
[2024-04-02 02:13:36] [world] The Player <xcpc> has picked 64 of BONE at X= -290, Y= 71, Z= 286 that had [] enchantment(s) |  
[2024-04-02 02:13:51] [world] The Player <xcpc> has picked 2 of LOG at X= -292, Y= 71, Z= 287 that had [] enchantment(s) |  
[2024-04-02 02:13:51] [world] The Player <xcpc> has picked 1 of LOG at X= -291, Y= 72, Z= 286 that had [] enchantment(s) |  
[2024-04-02 02:13:52] [world] The Player <xcpc> has picked 1 of LOG at X= -291, Y= 72, Z= 286 that had [] enchantment(s) |  
[2024-04-02 02:13:52] [world] The Player <xcpc> has picked 1 of LOG at X= -291, Y= 72, Z= 286 that had [] enchantment(s) |  
[2024-04-02 02:13:53] [world] The Player <xcpc> has picked 1 of SAPLING at X= -290, Y= 72, Z= 287 that had [] enchantment(s) |  
[2024-04-02 02:13:54] [world] The Player <xcpc> has picked 1 of LOG at X= -290, Y= 72, Z= 286 that had [] enchantment(s) |  
[2024-04-02 02:13:54] [world] The Player <xcpc> has picked 1 of LOG at X= -290, Y= 73, Z= 285 that had [] enchantment(s) |  
[2024-04-02 02:13:56] [world] The Player <xcpc> has picked 2 of LOG at X= -290, Y= 73, Z= 285 that had [] enchantment(s) |  
[2024-04-02 02:13:57] [world] The Player <xcpc> has picked 2 of LOG at X= -290, Y= 72, Z= 286 that had [] enchantment(s) |  
[2024-04-02 02:13:58] [world] The Player <xcpc> has picked 3 of LOG at X= -291, Y= 73, Z= 286 that had [] enchantment(s) |  
[2024-04-02 02:13:58] [world] The Player <xcpc> has picked 1 of LOG at X= -291, Y= 73, Z= 286 that had [] enchantment(s) |  
[2024-04-02 02:13:59] [world] The Player <xcpc> has picked 2 of LOG at X= -290, Y= 72, Z= 286 that had [] enchantment(s) |  
[2024-04-02 02:14:01] [world] The Player <xcpc> has picked 3 of LOG at X= -290, Y= 71, Z= 286 that had [] enchantment(s) |  
[2024-04-02 02:14:02] [world] The Player <xcpc> has picked 3 of LOG at X= -290, Y= 71, Z= 286 that had [] enchantment(s) |  
[2024-04-02 02:14:09] [world] The Player <xcpc> has picked 2 of SAPLING at X= -291, Y= 71, Z= 286 that had [] enchantment(s) |  
[2024-04-02 02:14:22] [world] The Player <xcpc> has picked 1 of LOG at X= -292, Y= 72, Z= 286 that had [] enchantment(s) |  
[2024-04-02 02:14:22] [world] The Player <xcpc> has picked 1 of SAPLING at X= -292, Y= 71, Z= 286 that had [] enchantment(s) |  
[2024-04-02 02:14:23] [world] The Player <xcpc> has picked 1 of LOG at X= -291, Y= 72, Z= 286 that had [] enchantment(s) |  
[2024-04-02 02:14:28] [world] The Player <xcpc> has picked 1 of LOG at X= -290, Y= 73, Z= 286 that had [] enchantment(s) |  
[2024-04-02 02:14:30] [world] The Player <xcpc> has picked 1 of LOG at X= -291, Y= 71, Z= 286 that had [] enchantment(s) |  
[2024-04-02 02:14:31] [world] The Player <xcpc> has picked 1 of LOG at X= -290, Y= 71, Z= 286 that had [] enchantment(s) |  
[2024-04-02 02:14:32] [world] The Player <xcpc> has picked 16 of LOG at X= -291, Y= 71, Z= 285 that had [] enchantment(s) |  
[2024-04-02 02:14:32] [world] The Player <xcpc> has picked 1 of SAPLING at X= -291, Y= 72, Z= 286 that had [] enchantment(s) |  
[2024-04-02 02:15:14] [world] The Player <xcpc> has picked 1 of LOG at X= -291, Y= 72, Z= 285 that had [] enchantment(s) |  
[2024-04-02 02:15:14] [world] The Player <xcpc> has picked 1 of LOG at X= -291, Y= 72, Z= 285 that had [] enchantment(s) |  
[2024-04-02 02:15:15] [world] The Player <xcpc> has picked 2 of LOG at X= -291, Y= 72, Z= 286 that had [] enchantment(s) |  
[2024-04-02 02:15:16] [world] The Player <xcpc> has picked 1 of LOG at X= -290, Y= 72, Z= 285 that had [] enchantment(s) |  
[2024-04-02 02:15:16] [world] The Player <xcpc> has picked 1 of LOG at X= -291, Y= 72, Z= 285 that had [] enchantment(s) |  
[2024-04-02 02:15:17] [world] The Player <xcpc> has picked 2 of LOG at X= -290, Y= 72, Z= 286 that had [] enchantment(s) |  
[2024-04-02 02:15:18] [world] The Player <xcpc> has picked 2 of LOG at X= -290, Y= 72, Z= 285 that had [] enchantment(s) |  
[2024-04-02 02:15:19] [world] The Player <xcpc> has picked 2 of LOG at X= -290, Y= 72, Z= 286 that had [] enchantment(s) |  
[2024-04-02 02:15:20] [world] The Player <xcpc> has picked 1 of LOG at X= -290, Y= 74, Z= 286 that had [] enchantment(s) |  
[2024-04-02 02:15:22] [world] The Player <xcpc> has picked 2 of LOG at X= -291, Y= 71, Z= 285 that had [] enchantment(s) |  
[2024-04-02 02:15:23] [world] The Player <xcpc> has picked 1 of LOG at X= -291, Y= 71, Z= 286 that had [] enchantment(s) |  
[2024-04-02 02:16:06] [world] The Player <xcpc> has picked 1 of WOOD_STAIRS at X= -315, Y= 74, Z= 273 that had [] enchantment(s) |  
[2024-04-02 02:16:12] [world] The Player <xcpc> has picked 1 of WOOD_STAIRS at X= -316, Y= 75, Z= 273 that had [] enchantment(s) |  
[2024-04-02 02:16:46] [world] The Player <xcpc> has picked 2 of WOOD_STAIRS at X= -313, Y= 74, Z= 277 that had [] enchantment(s) |  
[2024-04-02 02:17:05] [world] The Player <xcpc> has picked 1 of WOOD_STAIRS at X= -313, Y= 76, Z= 272 that had [] enchantment(s) |  
[2024-04-02 02:17:50] [world] The Player <xcpc> has picked 2 of WOOD_STAIRS at X= -314, Y= 74, Z= 276 that had [] enchantment(s) |  
[2024-04-02 02:17:58] [world] The Player <xcpc> has picked 2 of WOOD at X= -313, Y= 74, Z= 277 that had [] enchantment(s) |  
[2024-04-02 02:18:51] [world] The Player <xcpc> has picked 1 of WOOD at X= -311, Y= 74, Z= 277 that had [] enchantment(s) |  
[2024-04-02 02:18:52] [world] The Player <xcpc> has picked 1 of WOOD at X= -309, Y= 74, Z= 278 that had [] enchantment(s) |  
[2024-04-02 02:19:22] [world] The Player <xcpc> has picked 1 of WOOD at X= -310, Y= 74, Z= 272 that had [] enchantment(s) |  
[2024-04-02 02:19:22] [world] The Player <xcpc> has picked 1 of WOOD at X= -311, Y= 74, Z= 272 that had [] enchantment(s) |  
[2024-04-02 02:19:23] [world] The Player <xcpc> has picked 2 of WOOD at X= -309, Y= 74, Z= 272 that had [] enchantment(s) |  
[2024-04-02 02:19:23] [world] The Player <xcpc> has picked 1 of WOOD at X= -307, Y= 74, Z= 272 that had [] enchantment(s) |  
[2024-04-02 02:19:25] [world] The Player <xcpc> has picked 2 of WOOD at X= -307, Y= 74, Z= 274 that had [] enchantment(s) |  
[2024-04-02 02:19:27] [world] The Player <xcpc> has picked 1 of WOOD at X= -306, Y= 74, Z= 276 that had [] enchantment(s) |  
[2024-04-02 02:19:27] [world] The Player <xcpc> has picked 1 of WOOD at X= -306, Y= 74, Z= 277 that had [] enchantment(s) |  
[2024-04-02 02:19:27] [world] The Player <xcpc> has picked 1 of WOOD at X= -307, Y= 74, Z= 277 that had [] enchantment(s) |  
[2024-04-02 02:19:28] [world] The Player <xcpc> has picked 1 of WOOD at X= -306, Y= 74, Z= 278 that had [] enchantment(s) |  
[2024-04-02 02:19:29] [world] The Player <xcpc> has picked 2 of WOOD at X= -307, Y= 74, Z= 280 that had [] enchantment(s) |  
[2024-04-02 02:19:29] [world] The Player <xcpc> has picked 1 of WOOD at X= -306, Y= 74, Z= 280 that had [] enchantment(s) |  
[2024-04-02 02:19:30] [world] The Player <xcpc> has picked 1 of WOOD at X= -308, Y= 74, Z= 281 that had [] enchantment(s) |  
[2024-04-02 02:19:31] [world] The Player <xcpc> has picked 1 of WOOD at X= -309, Y= 74, Z= 280 that had [] enchantment(s) |  
[2024-04-02 02:19:31] [world] The Player <xcpc> has picked 1 of WOOD at X= -310, Y= 74, Z= 280 that had [] enchantment(s) |  
[2024-04-02 02:20:00] [world] The Player <xcpc> has picked 1 of TORCH at X= -312, Y= 74, Z= 279 that had [] enchantment(s) |  
[2024-04-02 02:20:03] [world] The Player <xcpc> has picked 1 of TORCH at X= -307, Y= 74, Z= 274 that had [] enchantment(s) |  
[2024-04-02 02:20:04] [world] The Player <xcpc> has picked 1 of TORCH at X= -312, Y= 74, Z= 274 that had [] enchantment(s) |  
[2024-04-02 02:20:07] [world] The Player <xcpc> has picked 1 of TORCH at X= -307, Y= 74, Z= 277 that had [] enchantment(s) |  
[2024-04-02 02:23:33] [world] The Player <xcpc> has picked 1 of LEAVES at X= -288, Y= 63, Z= 258 that had [] enchantment(s) |  
[2024-04-02 02:23:34] [world] The Player <xcpc> has picked 1 of LEAVES at X= -289, Y= 63, Z= 258 that had [] enchantment(s) |  
[2024-04-02 02:23:58] [world] The Player <xcpc> has picked 1 of OBSIDIAN at X= -289, Y= 63, Z= 257 that had [] enchantment(s) |  
[2024-04-02 02:24:02] [world] The Player <xcpc> has picked 1 of OBSIDIAN at X= -292, Y= 63, Z= 257 that had [] enchantment(s) |  
[2024-04-02 02:24:08] [world] The Player <xcpc> has picked 1 of OBSIDIAN at X= -293, Y= 65, Z= 257 that had [] enchantment(s) |  
[2024-04-02 02:24:20] [world] The Player <xcpc> has picked 1 of LEAVES at X= -289, Y= 65, Z= 258 that had [] enchantment(s) |  
[2024-04-02 02:24:22] [world] The Player <xcpc> has picked 2 of LEAVES at X= -289, Y= 63, Z= 259 that had [] enchantment(s) |  
[2024-04-02 02:24:29] [world] The Player <xcpc> has picked 3 of LEAVES at X= -291, Y= 63, Z= 258 that had [] enchantment(s) |  
[2024-04-02 02:26:06] [world] The Player <xcpc> has picked 5 of LEAVES at X= -291, Y= 58, Z= 264 that had [] enchantment(s) |  
[2024-04-02 02:26:25] [world] The Player <xcpc> has picked 1 of LEAVES at X= -292, Y= 63, Z= 257 that had [] enchantment(s) |  
[2024-04-02 02:26:38] [world] The Player <xcpc> has picked 3 of LEAVES at X= -291, Y= 63, Z= 259 that had [] enchantment(s) |  
[2024-04-02 02:26:45] [world] The Player <xcpc> has picked 1 of LEAVES at X= -289, Y= 63, Z= 260 that had [] enchantment(s) |  
[2024-04-02 02:26:47] [world] The Player <xcpc> has picked 3 of LEAVES at X= -288, Y= 63, Z= 259 that had [] enchantment(s) |  
[2024-04-02 02:31:51] [world_nether] The Player <xcpc> has picked 4 of GLOWSTONE_DUST at X= -152, Y= 101, Z= -22 that had [] enchantment(s) |  
[2024-04-02 02:31:52] [world_nether] The Player <xcpc> has picked 4 of GLOWSTONE_DUST at X= -153, Y= 101, Z= -22 that had [] enchantment(s) |  
[2024-04-02 02:31:54] [world_nether] The Player <xcpc> has picked 4 of GLOWSTONE_DUST at X= -154, Y= 102, Z= -22 that had [] enchantment(s) |  
[2024-04-02 02:31:56] [world_nether] The Player <xcpc> has picked 4 of GLOWSTONE_DUST at X= -153, Y= 100, Z= -23 that had [] enchantment(s) |  
[2024-04-02 02:31:59] [world_nether] The Player <xcpc> has picked 4 of GLOWSTONE_DUST at X= -154, Y= 102, Z= -23 that had [] enchantment(s) |  
[2024-04-02 02:32:12] [world_nether] The Player <xcpc> has picked 4 of GLOWSTONE_DUST at X= -153, Y= 104, Z= -22 that had [] enchantment(s) |  
[2024-04-02 02:32:13] [world_nether] The Player <xcpc> has picked 4 of GLOWSTONE_DUST at X= -154, Y= 104, Z= -23 that had [] enchantment(s) |  
[2024-04-02 02:32:14] [world_nether] The Player <xcpc> has picked 3 of GLOWSTONE_DUST at X= -153, Y= 104, Z= -22 that had [] enchantment(s) |  
[2024-04-02 02:32:15] [world_nether] The Player <xcpc> has picked 4 of GLOWSTONE_DUST at X= -152, Y= 104, Z= -22 that had [] enchantment(s) |  
[2024-04-02 02:32:17] [world_nether] The Player <xcpc> has picked 7 of GLOWSTONE_DUST at X= -152, Y= 105, Z= -23 that had [] enchantment(s) |  
[2024-04-02 02:32:29] [world_nether] The Player <xcpc> has picked 4 of GLOWSTONE_DUST at X= -152, Y= 102, Z= -22 that had [] enchantment(s) |  
[2024-04-02 02:32:56] [world_nether] The Player <xcpc> has picked 2 of GLOWSTONE_DUST at X= -152, Y= 105, Z= -19 that had [] enchantment(s) |  
[2024-04-02 02:33:41] [world_nether] The Player <xcpc> has picked 4 of GLOWSTONE_DUST at X= -148, Y= 106, Z= -15 that had [] enchantment(s) |  
[2024-04-02 02:33:42] [world_nether] The Player <xcpc> has picked 4 of GLOWSTONE_DUST at X= -147, Y= 107, Z= -14 that had [] enchantment(s) |  
[2024-04-02 02:33:46] [world_nether] The Player <xcpc> has picked 4 of GLOWSTONE_DUST at X= -147, Y= 107, Z= -14 that had [] enchantment(s) |  
[2024-04-02 02:33:47] [world_nether] The Player <xcpc> has picked 4 of GLOWSTONE_DUST at X= -147, Y= 106, Z= -13 that had [] enchantment(s) |  
[2024-04-02 02:33:48] [world_nether] The Player <xcpc> has picked 2 of NETHERRACK at X= -147, Y= 106, Z= -14 that had [] enchantment(s) |  
[2024-04-02 02:33:50] [world_nether] The Player <xcpc> has picked 4 of GLOWSTONE_DUST at X= -146, Y= 108, Z= -15 that had [] enchantment(s) |  
[2024-04-02 02:33:55] [world_nether] The Player <xcpc> has picked 4 of GLOWSTONE_DUST at X= -145, Y= 107, Z= -15 that had [] enchantment(s) |  
[2024-04-02 02:33:56] [world_nether] The Player <xcpc> has picked 4 of GLOWSTONE_DUST at X= -145, Y= 105, Z= -15 that had [] enchantment(s) |  
[2024-04-02 02:34:28] [world_nether] The Player <xcpc> has picked 2 of GLOWSTONE_DUST at X= -153, Y= 100, Z= -23 that had [] enchantment(s) |  
[2024-04-02 02:34:29] [world_nether] The Player <xcpc> has picked 4 of GLOWSTONE_DUST at X= -153, Y= 97, Z= -23 that had [] enchantment(s) |  
[2024-04-02 02:34:38] [world_nether] The Player <xcpc> has picked 4 of GLOWSTONE_DUST at X= -153, Y= 94, Z= -23 that had [] enchantment(s) |  
[2024-04-02 02:34:39] [world_nether] The Player <xcpc> has picked 4 of NETHERRACK at X= -153, Y= 88, Z= -23 that had [] enchantment(s) |  
[2024-04-02 02:34:42] [world_nether] The Player <xcpc> has picked 54 of GLOWSTONE_DUST at X= -150, Y= 90, Z= -22 that had [] enchantment(s) |  
[2024-04-02 02:34:43] [world_nether] The Player <xcpc> has picked 3 of GLOWSTONE_DUST at X= -151, Y= 89, Z= -26 that had [] enchantment(s) |  
[2024-04-02 02:34:45] [world_nether] The Player <xcpc> has picked 60 of GLOWSTONE_DUST at X= -146, Y= 90, Z= -16 that had [] enchantment(s) |  
[2024-04-02 02:34:46] [world_nether] The Player <xcpc> has picked 3 of NETHERRACK at X= -144, Y= 90, Z= -16 that had [] enchantment(s) |  
[2024-04-02 02:34:46] [world_nether] The Player <xcpc> has picked 8 of GLOWSTONE_DUST at X= -143, Y= 90, Z= -15 that had [] enchantment(s) |  
[2024-04-02 02:34:47] [world_nether] The Player <xcpc> has picked 4 of GLOWSTONE_DUST at X= -143, Y= 90, Z= -18 that had [] enchantment(s) |  
[2024-04-02 02:34:56] [world_nether] The Player <xcpc> has picked 12 of GLOWSTONE_DUST at X= -155, Y= 91, Z= -21 that had [] enchantment(s) |  
[2024-04-02 02:34:56] [world_nether] The Player <xcpc> has picked 17 of LEAVES at X= -155, Y= 90, Z= -23 that had [] enchantment(s) |  
[2024-04-02 02:34:58] [world_nether] The Player <xcpc> has picked 8 of LEAVES at X= -150, Y= 90, Z= -19 that had [] enchantment(s) |  
[2024-04-02 02:34:59] [world_nether] The Player <xcpc> has picked 4 of LEAVES at X= -147, Y= 90, Z= -16 that had [] enchantment(s) |  
[2024-04-02 02:35:30] [world_nether] The Player <xcpc> has picked 2 of NETHERRACK at X= -161, Y= 97, Z= -23 that had [] enchantment(s) |  
[2024-04-02 02:35:31] [world_nether] The Player <xcpc> has picked 1 of NETHERRACK at X= -162, Y= 99, Z= -21 that had [] enchantment(s) |  
[2024-04-02 02:35:33] [world_nether] The Player <xcpc> has picked 1 of NETHERRACK at X= -162, Y= 98, Z= -22 that had [] enchantment(s) |  
[2024-04-02 02:35:34] [world_nether] The Player <xcpc> has picked 6 of NETHERRACK at X= -162, Y= 98, Z= -20 that had [] enchantment(s) |  
[2024-04-02 02:35:35] [world_nether] The Player <xcpc> has picked 1 of NETHERRACK at X= -162, Y= 98, Z= -19 that had [] enchantment(s) |  
[2024-04-02 02:35:42] [world_nether] The Player <xcpc> has picked 2 of NETHERRACK at X= -163, Y= 98, Z= -19 that had [] enchantment(s) |  
[2024-04-02 02:37:09] [world_nether] The Player <xcpc> has picked 7 of NETHERRACK at X= -155, Y= 85, Z= -98 that had [] enchantment(s) |  
[2024-04-02 02:37:52] [world_nether] The Player <xcpc> has picked 1 of QUARTZ at X= -138, Y= 85, Z= -68 that had [] enchantment(s) |  
[2024-04-02 02:37:54] [world_nether] The Player <xcpc> has picked 3 of QUARTZ at X= -138, Y= 86, Z= -67 that had [] enchantment(s) |  
[2024-04-02 02:37:55] [world_nether] The Player <xcpc> has picked 3 of QUARTZ at X= -138, Y= 85, Z= -68 that had [] enchantment(s) |  
[2024-04-02 02:37:56] [world_nether] The Player <xcpc> has picked 4 of QUARTZ at X= -137, Y= 86, Z= -68 that had [] enchantment(s) |  
[2024-04-02 02:37:57] [world_nether] The Player <xcpc> has picked 4 of QUARTZ at X= -138, Y= 84, Z= -67 that had [] enchantment(s) |  
[2024-04-02 02:37:58] [world_nether] The Player <xcpc> has picked 2 of QUARTZ at X= -137, Y= 85, Z= -68 that had [] enchantment(s) |  
[2024-04-02 02:37:59] [world_nether] The Player <xcpc> has picked 3 of QUARTZ at X= -139, Y= 86, Z= -67 that had [] enchantment(s) |  
[2024-04-02 02:38:01] [world_nether] The Player <xcpc> has picked 1 of QUARTZ at X= -140, Y= 84, Z= -68 that had [] enchantment(s) |  
[2024-04-02 02:38:15] [world_nether] The Player <xcpc> has picked 4 of GLOWSTONE_DUST at X= -142, Y= 85, Z= -66 that had [] enchantment(s) |  
[2024-04-02 02:38:16] [world_nether] The Player <xcpc> has picked 4 of GLOWSTONE_DUST at X= -141, Y= 85, Z= -65 that had [] enchantment(s) |  
[2024-04-02 02:38:18] [world_nether] The Player <xcpc> has picked 4 of GLOWSTONE_DUST at X= -142, Y= 85, Z= -64 that had [] enchantment(s) |  
[2024-04-02 02:38:19] [world_nether] The Player <xcpc> has picked 3 of GLOWSTONE_DUST at X= -143, Y= 85, Z= -64 that had [] enchantment(s) |  
[2024-04-02 02:38:20] [world_nether] The Player <xcpc> has picked 1 of GLOWSTONE_DUST at X= -144, Y= 86, Z= -65 that had [] enchantment(s) |  
[2024-04-02 02:38:20] [world_nether] The Player <xcpc> has picked 1 of GLOWSTONE_DUST at X= -144, Y= 86, Z= -65 that had [] enchantment(s) |  
[2024-04-02 02:38:20] [world_nether] The Player <xcpc> has picked 1 of GLOWSTONE_DUST at X= -144, Y= 86, Z= -65 that had [] enchantment(s) |  
[2024-04-02 02:38:21] [world_nether] The Player <xcpc> has picked 4 of GLOWSTONE_DUST at X= -144, Y= 85, Z= -65 that had [] enchantment(s) |  
[2024-04-02 02:38:22] [world_nether] The Player <xcpc> has picked 4 of GLOWSTONE_DUST at X= -144, Y= 86, Z= -66 that had [] enchantment(s) |  
[2024-04-02 02:38:23] [world_nether] The Player <xcpc> has picked 3 of GLOWSTONE_DUST at X= -144, Y= 85, Z= -65 that had [] enchantment(s) |  
[2024-04-02 02:38:24] [world_nether] The Player <xcpc> has picked 4 of GLOWSTONE_DUST at X= -145, Y= 85, Z= -65 that had [] enchantment(s) |  
[2024-04-02 02:38:27] [world_nether] The Player <xcpc> has picked 4 of GLOWSTONE_DUST at X= -144, Y= 87, Z= -67 that had [] enchantment(s) |  
[2024-04-02 02:38:28] [world_nether] The Player <xcpc> has picked 2 of GLOWSTONE_DUST at X= -145, Y= 87, Z= -67 that had [] enchantment(s) |  
[2024-04-02 02:38:31] [world_nether] The Player <xcpc> has picked 6 of GLOWSTONE_DUST at X= -144, Y= 86, Z= -68 that had [] enchantment(s) |  
[2024-04-02 02:38:32] [world_nether] The Player <xcpc> has picked 3 of GLOWSTONE_DUST at X= -145, Y= 87, Z= -69 that had [] enchantment(s) |  
[2024-04-02 02:38:34] [world_nether] The Player <xcpc> has picked 4 of GLOWSTONE_DUST at X= -145, Y= 86, Z= -66 that had [] enchantment(s) |  
[2024-04-02 02:38:38] [world_nether] The Player <xcpc> has picked 9 of NETHERRACK at X= -145, Y= 85, Z= -64 that had [] enchantment(s) |  
[2024-04-02 02:38:39] [world_nether] The Player <xcpc> has picked 4 of GLOWSTONE_DUST at X= -144, Y= 87, Z= -64 that had [] enchantment(s) |  
[2024-04-02 02:38:40] [world_nether] The Player <xcpc> has picked 4 of GLOWSTONE_DUST at X= -143, Y= 86, Z= -64 that had [] enchantment(s) |  
[2024-04-02 02:38:41] [world_nether] The Player <xcpc> has picked 1 of NETHERRACK at X= -143, Y= 87, Z= -65 that had [] enchantment(s) |  
[2024-04-02 02:38:42] [world_nether] The Player <xcpc> has picked 4 of GLOWSTONE_DUST at X= -145, Y= 86, Z= -67 that had [] enchantment(s) |  
[2024-04-02 02:38:44] [world_nether] The Player <xcpc> has picked 2 of GLOWSTONE_DUST at X= -144, Y= 86, Z= -67 that had [] enchantment(s) |  
[2024-04-02 02:38:48] [world_nether] The Player <xcpc> has picked 1 of NETHERRACK at X= -146, Y= 86, Z= -68 that had [] enchantment(s) |  
[2024-04-02 02:38:56] [world_nether] The Player <xcpc> has picked 3 of GLOWSTONE_DUST at X= -144, Y= 85, Z= -64 that had [] enchantment(s) |  
[2024-04-02 02:38:57] [world_nether] The Player <xcpc> has picked 4 of GLOWSTONE_DUST at X= -143, Y= 85, Z= -63 that had [] enchantment(s) |  
[2024-04-02 02:39:01] [world_nether] The Player <xcpc> has picked 4 of GLOWSTONE_DUST at X= -143, Y= 84, Z= -64 that had [] enchantment(s) |  
[2024-04-02 02:39:17] [world_nether] The Player <xcpc> has picked 1 of LEAVES at X= -143, Y= 70, Z= -64 that had [] enchantment(s) |  
[2024-04-02 02:39:18] [world_nether] The Player <xcpc> has picked 52 of GLOWSTONE_DUST at X= -144, Y= 68, Z= -63 that had [] enchantment(s) |  
[2024-04-02 02:39:19] [world_nether] The Player <xcpc> has picked 4 of GLOWSTONE_DUST at X= -141, Y= 69, Z= -63 that had [] enchantment(s) |  
[2024-04-02 02:39:20] [world_nether] The Player <xcpc> has picked 21 of NETHERRACK at X= -140, Y= 71, Z= -65 that had [] enchantment(s) |  
[2024-04-02 02:39:56] [world_nether] The Player <xcpc> has picked 26 of NETHERRACK at X= -127, Y= 78, Z= -115 that had [] enchantment(s) |  
[2024-04-02 02:41:12] [world_nether] The Player <xcpc> has picked 1 of NETHER_BRICK at X= -124, Y= 67, Z= -178 that had [] enchantment(s) |  
[2024-04-02 02:41:52] [world_nether] The Player <xcpc> has picked 2 of NETHERRACK at X= -136, Y= 75, Z= -194 that had [] enchantment(s) |  
[2024-04-02 02:41:52] [world_nether] The Player <xcpc> has picked 2 of NETHERRACK at X= -136, Y= 75, Z= -191 that had [] enchantment(s) |  
[2024-04-02 02:41:53] [world_nether] The Player <xcpc> has picked 2 of NETHERRACK at X= -135, Y= 75, Z= -190 that had [] enchantment(s) |  
[2024-04-02 02:41:58] [world_nether] The Player <xcpc> has picked 4 of NETHERRACK at X= -140, Y= 75, Z= -189 that had [] enchantment(s) |  
[2024-04-02 02:42:00] [world_nether] The Player <xcpc> has picked 2 of NETHERRACK at X= -141, Y= 72, Z= -189 that had [] enchantment(s) |  
[2024-04-02 02:43:01] [world_nether] The Player <xcpc> has picked 1 of NETHER_BRICK at X= -167, Y= 68, Z= -165 that had [] enchantment(s) |  
[2024-04-02 02:43:02] [world_nether] The Player <xcpc> has picked 1 of NETHER_BRICK at X= -167, Y= 67, Z= -165 that had [] enchantment(s) |  
[2024-04-02 02:43:03] [world_nether] The Player <xcpc> has picked 1 of NETHER_BRICK at X= -166, Y= 68, Z= -166 that had [] enchantment(s) |  
[2024-04-02 02:43:03] [world_nether] The Player <xcpc> has picked 2 of NETHER_BRICK at X= -167, Y= 68, Z= -166 that had [] enchantment(s) |  
[2024-04-02 02:43:04] [world_nether] The Player <xcpc> has picked 1 of NETHER_BRICK at X= -167, Y= 69, Z= -165 that had [] enchantment(s) |  
[2024-04-02 02:43:08] [world_nether] The Player <xcpc> has picked 9 of NETHER_BRICK at X= -168, Y= 67, Z= -166 that had [] enchantment(s) |  
[2024-04-02 02:43:10] [world_nether] The Player <xcpc> has picked 3 of NETHER_BRICK at X= -167, Y= 67, Z= -165 that had [] enchantment(s) |  
[2024-04-02 02:43:12] [world_nether] The Player <xcpc> has picked 1 of NETHER_BRICK at X= -167, Y= 66, Z= -164 that had [] enchantment(s) |  
[2024-04-02 02:43:13] [world_nether] The Player <xcpc> has picked 1 of NETHER_BRICK at X= -167, Y= 66, Z= -165 that had [] enchantment(s) |  
[2024-04-02 02:43:14] [world_nether] The Player <xcpc> has picked 1 of NETHER_BRICK at X= -166, Y= 66, Z= -165 that had [] enchantment(s) |  
[2024-04-02 02:43:14] [world_nether] The Player <xcpc> has picked 2 of NETHER_BRICK at X= -164, Y= 66, Z= -165 that had [] enchantment(s) |  
[2024-04-02 02:43:15] [world_nether] The Player <xcpc> has picked 1 of NETHER_BRICK at X= -163, Y= 66, Z= -165 that had [] enchantment(s) |  
[2024-04-02 02:43:15] [world_nether] The Player <xcpc> has picked 1 of NETHER_BRICK at X= -163, Y= 66, Z= -165 that had [] enchantment(s) |  
[2024-04-02 02:43:16] [world_nether] The Player <xcpc> has picked 1 of NETHER_BRICK at X= -161, Y= 66, Z= -165 that had [] enchantment(s) |  
[2024-04-02 02:43:16] [world_nether] The Player <xcpc> has picked 2 of NETHER_BRICK at X= -159, Y= 66, Z= -165 that had [] enchantment(s) |  
[2024-04-02 02:43:17] [world_nether] The Player <xcpc> has picked 1 of NETHER_BRICK at X= -158, Y= 66, Z= -165 that had [] enchantment(s) |  
[2024-04-02 02:43:18] [world_nether] The Player <xcpc> has picked 3 of NETHER_BRICK at X= -155, Y= 66, Z= -165 that had [] enchantment(s) |  
[2024-04-02 02:43:18] [world_nether] The Player <xcpc> has picked 1 of NETHER_BRICK at X= -154, Y= 67, Z= -164 that had [] enchantment(s) |  
[2024-04-02 02:43:20] [world_nether] The Player <xcpc> has picked 3 of NETHER_BRICK at X= -151, Y= 66, Z= -165 that had [] enchantment(s) |  
[2024-04-02 02:43:20] [world_nether] The Player <xcpc> has picked 1 of NETHER_BRICK at X= -150, Y= 66, Z= -165 that had [] enchantment(s) |  
[2024-04-02 02:43:21] [world_nether] The Player <xcpc> has picked 1 of NETHER_BRICK at X= -147, Y= 66, Z= -165 that had [] enchantment(s) |  
[2024-04-02 02:43:22] [world_nether] The Player <xcpc> has picked 1 of NETHER_BRICK at X= -146, Y= 66, Z= -165 that had [] enchantment(s) |  
[2024-04-02 02:43:22] [world_nether] The Player <xcpc> has picked 1 of NETHER_BRICK at X= -145, Y= 66, Z= -165 that had [] enchantment(s) |  
[2024-04-02 02:43:22] [world_nether] The Player <xcpc> has picked 1 of NETHER_BRICK at X= -145, Y= 66, Z= -165 that had [] enchantment(s) |  
[2024-04-02 02:43:23] [world_nether] The Player <xcpc> has picked 1 of NETHER_BRICK at X= -143, Y= 66, Z= -165 that had [] enchantment(s) |  
[2024-04-02 02:43:23] [world_nether] The Player <xcpc> has picked 1 of NETHER_BRICK at X= -142, Y= 66, Z= -165 that had [] enchantment(s) |  
[2024-04-02 02:43:24] [world_nether] The Player <xcpc> has picked 1 of NETHER_BRICK at X= -142, Y= 66, Z= -165 that had [] enchantment(s) |  
[2024-04-02 02:43:24] [world_nether] The Player <xcpc> has picked 1 of NETHER_BRICK at X= -140, Y= 66, Z= -165 that had [] enchantment(s) |  
[2024-04-02 02:43:25] [world_nether] The Player <xcpc> has picked 1 of NETHER_BRICK at X= -139, Y= 66, Z= -165 that had [] enchantment(s) |  
[2024-04-02 02:43:25] [world_nether] The Player <xcpc> has picked 2 of NETHER_BRICK at X= -138, Y= 67, Z= -166 that had [] enchantment(s) |  
[2024-04-02 02:43:26] [world_nether] The Player <xcpc> has picked 3 of NETHER_BRICK at X= -134, Y= 66, Z= -165 that had [] enchantment(s) |  
[2024-04-02 02:43:27] [world_nether] The Player <xcpc> has picked 1 of NETHER_BRICK at X= -133, Y= 66, Z= -165 that had [] enchantment(s) |  
[2024-04-02 02:43:28] [world_nether] The Player <xcpc> has picked 1 of NETHER_BRICK at X= -131, Y= 66, Z= -165 that had [] enchantment(s) |  
[2024-04-02 02:43:28] [world_nether] The Player <xcpc> has picked 1 of NETHER_BRICK at X= -130, Y= 66, Z= -165 that had [] enchantment(s) |  
[2024-04-02 02:43:28] [world_nether] The Player <xcpc> has picked 1 of NETHER_BRICK at X= -129, Y= 66, Z= -165 that had [] enchantment(s) |  
[2024-04-02 02:43:29] [world_nether] The Player <xcpc> has picked 1 of NETHER_BRICK at X= -128, Y= 66, Z= -165 that had [] enchantment(s) |  
[2024-04-02 02:43:30] [world_nether] The Player <xcpc> has picked 2 of NETHER_BRICK at X= -128, Y= 66, Z= -165 that had [] enchantment(s) |  
[2024-04-02 02:43:32] [world_nether] The Player <xcpc> has picked 1 of NETHER_BRICK at X= -126, Y= 66, Z= -166 that had [] enchantment(s) |  
[2024-04-02 02:43:33] [world_nether] The Player <xcpc> has picked 1 of NETHER_BRICK at X= -126, Y= 66, Z= -166 that had [] enchantment(s) |  
[2024-04-02 02:43:35] [world_nether] The Player <xcpc> has picked 3 of NETHER_BRICK at X= -129, Y= 66, Z= -166 that had [] enchantment(s) |  
[2024-04-02 02:43:36] [world_nether] The Player <xcpc> has picked 5 of NETHER_BRICK at X= -133, Y= 66, Z= -166 that had [] enchantment(s) |  
[2024-04-02 02:43:37] [world_nether] The Player <xcpc> has picked 1 of NETHER_BRICK at X= -134, Y= 66, Z= -166 that had [] enchantment(s) |  
[2024-04-02 02:43:38] [world_nether] The Player <xcpc> has picked 1 of NETHER_BRICK at X= -136, Y= 66, Z= -166 that had [] enchantment(s) |  
[2024-04-02 02:43:38] [world_nether] The Player <xcpc> has picked 1 of NETHER_BRICK at X= -137, Y= 66, Z= -166 that had [] enchantment(s) |  
[2024-04-02 02:43:39] [world_nether] The Player <xcpc> has picked 2 of NETHER_BRICK at X= -139, Y= 66, Z= -165 that had [] enchantment(s) |  
[2024-04-02 02:43:42] [world_nether] The Player <xcpc> has picked 7 of NETHER_BRICK at X= -146, Y= 66, Z= -165 that had [] enchantment(s) |  
[2024-04-02 02:43:43] [world_nether] The Player <xcpc> has picked 4 of NETHER_BRICK at X= -148, Y= 66, Z= -166 that had [] enchantment(s) |  
[2024-04-02 02:43:43] [world_nether] The Player <xcpc> has picked 1 of NETHER_BRICK at X= -148, Y= 66, Z= -166 that had [] enchantment(s) |  
[2024-04-02 02:43:44] [world_nether] The Player <xcpc> has picked 1 of NETHER_BRICK at X= -150, Y= 66, Z= -166 that had [] enchantment(s) |  
[2024-04-02 02:43:44] [world_nether] The Player <xcpc> has picked 1 of NETHER_BRICK at X= -151, Y= 66, Z= -166 that had [] enchantment(s) |  
[2024-04-02 02:43:45] [world_nether] The Player <xcpc> has picked 1 of NETHER_BRICK at X= -152, Y= 66, Z= -166 that had [] enchantment(s) |  
[2024-04-02 02:43:46] [world_nether] The Player <xcpc> has picked 3 of NETHER_BRICK at X= -157, Y= 66, Z= -166 that had [] enchantment(s) |  
[2024-04-02 02:43:47] [world_nether] The Player <xcpc> has picked 2 of NETHER_BRICK at X= -159, Y= 66, Z= -166 that had [] enchantment(s) |  
[2024-04-02 02:43:48] [world_nether] The Player <xcpc> has picked 1 of NETHER_BRICK at X= -160, Y= 66, Z= -166 that had [] enchantment(s) |  
[2024-04-02 02:43:50] [world_nether] The Player <xcpc> has picked 6 of NETHER_BRICK at X= -166, Y= 66, Z= -165 that had [] enchantment(s) |  
[2024-04-02 02:43:51] [world_nether] The Player <xcpc> has picked 1 of NETHER_BRICK at X= -167, Y= 66, Z= -166 that had [] enchantment(s) |  
[2024-04-02 02:43:53] [world_nether] The Player <xcpc> has picked 1 of NETHER_BRICK at X= -166, Y= 66, Z= -165 that had [] enchantment(s) |  
[2024-04-02 02:43:54] [world_nether] The Player <xcpc> has picked 1 of NETHER_BRICK at X= -165, Y= 66, Z= -165 that had [] enchantment(s) |  
[2024-04-02 02:43:54] [world_nether] The Player <xcpc> has picked 1 of NETHER_BRICK at X= -164, Y= 66, Z= -165 that had [] enchantment(s) |  
[2024-04-02 02:43:54] [world_nether] The Player <xcpc> has picked 1 of NETHER_BRICK at X= -163, Y= 66, Z= -164 that had [] enchantment(s) |  
[2024-04-02 02:43:55] [world_nether] The Player <xcpc> has picked 1 of NETHER_BRICK at X= -163, Y= 66, Z= -164 that had [] enchantment(s) |  
[2024-04-02 02:43:56] [world_nether] The Player <xcpc> has picked 2 of NETHER_BRICK at X= -161, Y= 66, Z= -165 that had [] enchantment(s) |  
[2024-04-02 02:43:56] [world_nether] The Player <xcpc> has picked 1 of NETHER_BRICK at X= -159, Y= 66, Z= -164 that had [] enchantment(s) |  
[2024-04-02 02:43:57] [world_nether] The Player <xcpc> has picked 3 of NETHER_BRICK at X= -157, Y= 66, Z= -165 that had [] enchantment(s) |  
[2024-04-02 02:43:58] [world_nether] The Player <xcpc> has picked 1 of NETHER_BRICK at X= -155, Y= 66, Z= -164 that had [] enchantment(s) |  
[2024-04-02 02:43:58] [world_nether] The Player <xcpc> has picked 3 of NETHER_BRICK at X= -154, Y= 66, Z= -165 that had [] enchantment(s) |  
[2024-04-02 02:43:59] [world_nether] The Player <xcpc> has picked 2 of NETHER_BRICK at X= -153, Y= 66, Z= -165 that had [] enchantment(s) |  
[2024-04-02 02:44:01] [world_nether] The Player <xcpc> has picked 6 of NETHER_BRICK at X= -146, Y= 66, Z= -164 that had [] enchantment(s) |  
[2024-04-02 02:44:02] [world_nether] The Player <xcpc> has picked 2 of NETHER_BRICK at X= -144, Y= 66, Z= -165 that had [] enchantment(s) |  
[2024-04-02 02:44:03] [world_nether] The Player <xcpc> has picked 2 of NETHER_BRICK at X= -141, Y= 67, Z= -164 that had [] enchantment(s) |  
[2024-04-02 02:44:04] [world_nether] The Player <xcpc> has picked 3 of NETHER_BRICK at X= -139, Y= 66, Z= -165 that had [] enchantment(s) |  
[2024-04-02 02:44:05] [world_nether] The Player <xcpc> has picked 1 of NETHER_BRICK at X= -136, Y= 66, Z= -165 that had [] enchantment(s) |  
[2024-04-02 02:44:06] [world_nether] The Player <xcpc> has picked 3 of NETHER_BRICK at X= -134, Y= 66, Z= -164 that had [] enchantment(s) |  
[2024-04-02 02:44:07] [world_nether] The Player <xcpc> has picked 1 of NETHER_BRICK at X= -133, Y= 66, Z= -164 that had [] enchantment(s) |  
[2024-04-02 02:44:07] [world_nether] The Player <xcpc> has picked 1 of NETHER_BRICK at X= -131, Y= 66, Z= -164 that had [] enchantment(s) |  
[2024-04-02 02:44:12] [world_nether] The Player <xcpc> has picked 2 of NETHER_BRICK at X= -134, Y= 66, Z= -164 that had [] enchantment(s) |  
[2024-04-02 02:44:13] [world_nether] The Player <xcpc> has picked 2 of NETHER_BRICK at X= -134, Y= 66, Z= -160 that had [] enchantment(s) |  
[2024-04-02 02:44:15] [world_nether] The Player <xcpc> has picked 6 of NETHER_BRICK at X= -134, Y= 66, Z= -154 that had [] enchantment(s) |  
[2024-04-02 02:44:17] [world_nether] The Player <xcpc> has picked 2 of NETHER_BRICK at X= -134, Y= 66, Z= -152 that had [] enchantment(s) |  
[2024-04-02 02:44:18] [world_nether] The Player <xcpc> has picked 1 of NETHER_BRICK at X= -134, Y= 66, Z= -149 that had [] enchantment(s) |  
[2024-04-02 02:44:19] [world_nether] The Player <xcpc> has picked 3 of NETHER_BRICK at X= -134, Y= 66, Z= -147 that had [] enchantment(s) |  
[2024-04-02 02:44:20] [world_nether] The Player <xcpc> has picked 2 of NETHER_BRICK at X= -134, Y= 66, Z= -144 that had [] enchantment(s) |  
[2024-04-02 02:44:20] [world_nether] The Player <xcpc> has picked 1 of NETHER_BRICK at X= -134, Y= 66, Z= -143 that had [] enchantment(s) |  
[2024-04-02 02:44:22] [world_nether] The Player <xcpc> has picked 3 of NETHER_BRICK at X= -134, Y= 66, Z= -140 that had [] enchantment(s) |  
[2024-04-02 02:44:24] [world_nether] The Player <xcpc> has picked 1 of NETHER_BRICK at X= -134, Y= 66, Z= -140 that had [] enchantment(s) |  
[2024-04-02 02:44:25] [world_nether] The Player <xcpc> has picked 1 of NETHER_BRICK at X= -134, Y= 66, Z= -141 that had [] enchantment(s) |  
[2024-04-02 02:44:26] [world_nether] The Player <xcpc> has picked 3 of NETHER_BRICK at X= -133, Y= 66, Z= -144 that had [] enchantment(s) |  
[2024-04-02 02:44:28] [world_nether] The Player <xcpc> has picked 3 of NETHER_BRICK at X= -134, Y= 66, Z= -146 that had [] enchantment(s) |  
[2024-04-02 02:44:28] [world_nether] The Player <xcpc> has picked 2 of NETHER_BRICK at X= -133, Y= 66, Z= -147 that had [] enchantment(s) |  
[2024-04-02 02:44:29] [world_nether] The Player <xcpc> has picked 1 of NETHER_BRICK at X= -133, Y= 66, Z= -150 that had [] enchantment(s) |  
[2024-04-02 02:44:30] [world_nether] The Player <xcpc> has picked 3 of NETHER_BRICK at X= -133, Y= 66, Z= -151 that had [] enchantment(s) |  
[2024-04-02 02:44:31] [world_nether] The Player <xcpc> has picked 1 of NETHER_BRICK at X= -133, Y= 66, Z= -152 that had [] enchantment(s) |  
[2024-04-02 02:44:31] [world_nether] The Player <xcpc> has picked 1 of NETHER_BRICK at X= -133, Y= 66, Z= -153 that had [] enchantment(s) |  
[2024-04-02 02:44:32] [world_nether] The Player <xcpc> has picked 1 of NETHER_BRICK at X= -133, Y= 66, Z= -154 that had [] enchantment(s) |  
[2024-04-02 02:44:33] [world_nether] The Player <xcpc> has picked 3 of NETHER_BRICK at X= -133, Y= 66, Z= -157 that had [] enchantment(s) |  
[2024-04-02 02:44:34] [world_nether] The Player <xcpc> has picked 3 of NETHER_BRICK at X= -133, Y= 66, Z= -160 that had [] enchantment(s) |  
[2024-04-02 02:44:34] [world_nether] The Player <xcpc> has picked 1 of NETHER_BRICK at X= -133, Y= 66, Z= -161 that had [] enchantment(s) |  
[2024-04-02 02:44:35] [world_nether] The Player <xcpc> has picked 1 of NETHER_BRICK at X= -133, Y= 66, Z= -162 that had [] enchantment(s) |  
[2024-04-02 02:44:35] [world_nether] The Player <xcpc> has picked 1 of NETHER_BRICK at X= -134, Y= 66, Z= -163 that had [] enchantment(s) |  
[2024-04-02 02:44:36] [world_nether] The Player <xcpc> has picked 1 of NETHER_BRICK at X= -133, Y= 66, Z= -167 that had [] enchantment(s) |  
[2024-04-02 02:44:37] [world_nether] The Player <xcpc> has picked 1 of NETHER_BRICK at X= -133, Y= 66, Z= -168 that had [] enchantment(s) |  
[2024-04-02 02:44:40] [world_nether] The Player <xcpc> has picked 1 of NETHER_BRICK at X= -133, Y= 66, Z= -164 that had [] enchantment(s) |  
[2024-04-02 02:44:40] [world_nether] The Player <xcpc> has picked 1 of NETHER_BRICK at X= -132, Y= 66, Z= -162 that had [] enchantment(s) |  
[2024-04-02 02:44:41] [world_nether] The Player <xcpc> has picked 1 of NETHER_BRICK at X= -132, Y= 66, Z= -162 that had [] enchantment(s) |  
[2024-04-02 02:44:41] [world_nether] The Player <xcpc> has picked 1 of NETHER_BRICK at X= -132, Y= 66, Z= -160 that had [] enchantment(s) |  
[2024-04-02 02:44:41] [world_nether] The Player <xcpc> has picked 1 of NETHER_BRICK at X= -132, Y= 66, Z= -160 that had [] enchantment(s) |  
[2024-04-02 02:44:42] [world_nether] The Player <xcpc> has picked 2 of NETHER_BRICK at X= -133, Y= 66, Z= -157 that had [] enchantment(s) |  
[2024-04-02 02:44:43] [world_nether] The Player <xcpc> has picked 2 of NETHER_BRICK at X= -132, Y= 66, Z= -155 that had [] enchantment(s) |  
[2024-04-02 02:44:43] [world_nether] The Player <xcpc> has picked 1 of NETHER_BRICK at X= -132, Y= 66, Z= -154 that had [] enchantment(s) |  
[2024-04-02 02:44:44] [world_nether] The Player <xcpc> has picked 1 of NETHER_BRICK at X= -132, Y= 66, Z= -153 that had [] enchantment(s) |  
[2024-04-02 02:44:45] [world_nether] The Player <xcpc> has picked 1 of NETHER_BRICK at X= -132, Y= 66, Z= -152 that had [] enchantment(s) |  
[2024-04-02 02:44:46] [world_nether] The Player <xcpc> has picked 3 of NETHER_BRICK at X= -132, Y= 66, Z= -149 that had [] enchantment(s) |  
[2024-04-02 02:44:46] [world_nether] The Player <xcpc> has picked 1 of NETHER_BRICK at X= -132, Y= 66, Z= -148 that had [] enchantment(s) |  
[2024-04-02 02:44:47] [world_nether] The Player <xcpc> has picked 2 of NETHER_BRICK at X= -133, Y= 66, Z= -144 that had [] enchantment(s) |  
[2024-04-02 02:44:50] [world_nether] The Player <xcpc> has picked 2 of NETHER_BRICK at X= -132, Y= 66, Z= -139 that had [] enchantment(s) |  
[2024-04-02 02:44:51] [world_nether] The Player <xcpc> has picked 3 of NETHER_BRICK at X= -132, Y= 66, Z= -142 that had [] enchantment(s) |  
[2024-04-02 02:44:52] [world_nether] The Player <xcpc> has picked 2 of NETHER_BRICK at X= -133, Y= 66, Z= -147 that had [] enchantment(s) |  
[2024-04-02 02:45:14] [world_nether] The Player <xcpc> has picked 2 of NETHER_BRICK at X= -135, Y= 66, Z= -153 that had [] enchantment(s) |  
[2024-04-02 02:45:15] [world_nether] The Player <xcpc> has picked 1 of NETHER_BRICK at X= -136, Y= 66, Z= -153 that had [] enchantment(s) |  
[2024-04-02 02:45:16] [world_nether] The Player <xcpc> has picked 3 of NETHER_BRICK at X= -140, Y= 66, Z= -153 that had [] enchantment(s) |  
[2024-04-02 02:45:16] [world_nether] The Player <xcpc> has picked 1 of NETHER_BRICK at X= -141, Y= 66, Z= -153 that had [] enchantment(s) |  
[2024-04-02 02:45:18] [world_nether] The Player <xcpc> has picked 4 of NETHER_BRICK at X= -144, Y= 66, Z= -153 that had [] enchantment(s) |  
[2024-04-02 02:45:19] [world_nether] The Player <xcpc> has picked 2 of NETHER_BRICK at X= -147, Y= 66, Z= -153 that had [] enchantment(s) |  
[2024-04-02 02:45:23] [world_nether] The Player <xcpc> has picked 5 of NETHER_BRICK at X= -145, Y= 66, Z= -151 that had [] enchantment(s) |  
[2024-04-02 02:45:23] [world_nether] The Player <xcpc> has picked 1 of NETHER_BRICK at X= -143, Y= 66, Z= -151 that had [] enchantment(s) |  
[2024-04-02 02:45:24] [world_nether] The Player <xcpc> has picked 1 of NETHER_BRICK at X= -143, Y= 66, Z= -151 that had [] enchantment(s) |  
[2024-04-02 02:45:24] [world_nether] The Player <xcpc> has picked 1 of NETHER_BRICK at X= -140, Y= 66, Z= -151 that had [] enchantment(s) |  
[2024-04-02 02:45:26] [world_nether] The Player <xcpc> has picked 6 of NETHER_BRICK at X= -136, Y= 66, Z= -151 that had [] enchantment(s) |  
[2024-04-02 02:45:30] [world_nether] The Player <xcpc> has picked 4 of NETHER_BRICK at X= -138, Y= 66, Z= -152 that had [] enchantment(s) |  
[2024-04-02 02:45:32] [world_nether] The Player <xcpc> has picked 2 of NETHER_BRICK at X= -140, Y= 66, Z= -151 that had [] enchantment(s) |  
[2024-04-02 02:45:33] [world_nether] The Player <xcpc> has picked 1 of NETHER_BRICK at X= -141, Y= 66, Z= -152 that had [] enchantment(s) |  
[2024-04-02 02:45:33] [world_nether] The Player <xcpc> has picked 1 of NETHER_BRICK at X= -142, Y= 66, Z= -152 that had [] enchantment(s) |  
[2024-04-02 02:45:34] [world_nether] The Player <xcpc> has picked 3 of NETHER_BRICK at X= -145, Y= 66, Z= -152 that had [] enchantment(s) |  
[2024-04-02 02:45:35] [world_nether] The Player <xcpc> has picked 1 of NETHER_BRICK at X= -147, Y= 66, Z= -152 that had [] enchantment(s) |  
[2024-04-02 02:45:41] [world_nether] The Player <xcpc> has picked 1 of NETHER_BRICK at X= -141, Y= 66, Z= -150 that had [] enchantment(s) |  
[2024-04-02 02:45:42] [world_nether] The Player <xcpc> has picked 1 of NETHER_BRICK at X= -141, Y= 66, Z= -149 that had [] enchantment(s) |  
[2024-04-02 02:45:43] [world_nether] The Player <xcpc> has picked 2 of NETHER_BRICK at X= -141, Y= 66, Z= -147 that had [] enchantment(s) |  
[2024-04-02 02:45:43] [world_nether] The Player <xcpc> has picked 2 of NETHER_BRICK at X= -141, Y= 66, Z= -145 that had [] enchantment(s) |  
[2024-04-02 02:45:44] [world_nether] The Player <xcpc> has picked 1 of NETHER_BRICK at X= -141, Y= 66, Z= -145 that had [] enchantment(s) |  
[2024-04-02 02:45:45] [world_nether] The Player <xcpc> has picked 1 of NETHER_BRICK at X= -140, Y= 66, Z= -144 that had [] enchantment(s) |  
[2024-04-02 02:45:48] [world_nether] The Player <xcpc> has picked 3 of NETHER_BRICK at X= -139, Y= 66, Z= -144 that had [] enchantment(s) |  
[2024-04-02 02:45:49] [world_nether] The Player <xcpc> has picked 1 of NETHER_BRICK at X= -139, Y= 66, Z= -146 that had [] enchantment(s) |  
[2024-04-02 02:45:50] [world_nether] The Player <xcpc> has picked 1 of NETHER_BRICK at X= -139, Y= 66, Z= -146 that had [] enchantment(s) |  
[2024-04-02 02:45:51] [world_nether] The Player <xcpc> has picked 1 of NETHER_BRICK at X= -140, Y= 66, Z= -146 that had [] enchantment(s) |  
[2024-04-02 02:45:52] [world_nether] The Player <xcpc> has picked 2 of NETHER_BRICK at X= -141, Y= 66, Z= -147 that had [] enchantment(s) |  
[2024-04-02 02:45:52] [world_nether] The Player <xcpc> has picked 1 of NETHER_BRICK at X= -139, Y= 66, Z= -148 that had [] enchantment(s) |  
[2024-04-02 02:45:54] [world_nether] The Player <xcpc> has picked 4 of NETHER_BRICK at X= -139, Y= 66, Z= -150 that had [] enchantment(s) |  
[2024-04-02 02:45:57] [world_nether] The Player <xcpc> has picked 1 of NETHER_BRICK at X= -139, Y= 65, Z= -150 that had [] enchantment(s) |  
[2024-04-02 02:46:02] [world_nether] The Player <xcpc> has picked 1 of NETHER_BRICK at X= -130, Y= 66, Z= -153 that had [] enchantment(s) |  
[2024-04-02 02:46:02] [world_nether] The Player <xcpc> has picked 2 of NETHER_BRICK at X= -128, Y= 66, Z= -153 that had [] enchantment(s) |  
[2024-04-02 02:46:03] [world_nether] The Player <xcpc> has picked 1 of NETHER_BRICK at X= -128, Y= 66, Z= -153 that had [] enchantment(s) |  
[2024-04-02 02:46:04] [world_nether] The Player <xcpc> has picked 1 of NETHER_BRICK at X= -124, Y= 66, Z= -153 that had [] enchantment(s) |  
[2024-04-02 02:46:04] [world_nether] The Player <xcpc> has picked 1 of NETHER_BRICK at X= -123, Y= 66, Z= -153 that had [] enchantment(s) |  
[2024-04-02 02:46:05] [world_nether] The Player <xcpc> has picked 2 of NETHER_BRICK at X= -122, Y= 66, Z= -153 that had [] enchantment(s) |  
[2024-04-02 02:46:06] [world_nether] The Player <xcpc> has picked 1 of NETHER_BRICK at X= -120, Y= 66, Z= -153 that had [] enchantment(s) |  
[2024-04-02 02:46:07] [world_nether] The Player <xcpc> has picked 4 of NETHER_BRICK at X= -116, Y= 66, Z= -153 that had [] enchantment(s) |  
[2024-04-02 02:46:07] [world_nether] The Player <xcpc> has picked 1 of NETHER_BRICK at X= -115, Y= 66, Z= -153 that had [] enchantment(s) |  
[2024-04-02 02:46:09] [world_nether] The Player <xcpc> has picked 2 of NETHER_BRICK at X= -112, Y= 66, Z= -154 that had [] enchantment(s) |  
[2024-04-02 02:46:10] [world_nether] The Player <xcpc> has picked 2 of NETHER_BRICK at X= -110, Y= 66, Z= -153 that had [] enchantment(s) |  
[2024-04-02 02:46:10] [world_nether] The Player <xcpc> has picked 1 of NETHER_BRICK at X= -109, Y= 66, Z= -153 that had [] enchantment(s) |  
[2024-04-02 02:46:11] [world_nether] The Player <xcpc> has picked 1 of NETHER_BRICK at X= -107, Y= 66, Z= -153 that had [] enchantment(s) |  
[2024-04-02 02:46:12] [world_nether] The Player <xcpc> has picked 2 of NETHER_BRICK at X= -105, Y= 67, Z= -152 that had [] enchantment(s) |  
[2024-04-02 02:46:12] [world_nether] The Player <xcpc> has picked 1 of NETHER_BRICK at X= -105, Y= 66, Z= -153 that had [] enchantment(s) |  
[2024-04-02 02:46:12] [world_nether] The Player <xcpc> has picked 1 of NETHER_BRICK at X= -103, Y= 66, Z= -153 that had [] enchantment(s) |  
[2024-04-02 02:46:14] [world_nether] The Player <xcpc> has picked 1 of NETHER_BRICK at X= -103, Y= 66, Z= -152 that had [] enchantment(s) |  
[2024-04-02 02:46:15] [world_nether] The Player <xcpc> has picked 1 of NETHER_BRICK at X= -104, Y= 66, Z= -152 that had [] enchantment(s) |  
[2024-04-02 02:46:16] [world_nether] The Player <xcpc> has picked 1 of NETHER_BRICK at X= -105, Y= 66, Z= -152 that had [] enchantment(s) |  
[2024-04-02 02:46:16] [world_nether] The Player <xcpc> has picked 2 of NETHER_BRICK at X= -106, Y= 66, Z= -153 that had [] enchantment(s) |  
[2024-04-02 02:46:17] [world_nether] The Player <xcpc> has picked 1 of NETHER_BRICK at X= -107, Y= 66, Z= -152 that had [] enchantment(s) |  
[2024-04-02 02:46:20] [world_nether] The Player <xcpc> has picked 1 of NETHER_BRICK at X= -115, Y= 66, Z= -152 that had [] enchantment(s) |  
[2024-04-02 02:46:21] [world_nether] The Player <xcpc> has picked 5 of NETHER_BRICK at X= -119, Y= 66, Z= -152 that had [] enchantment(s) |  
[2024-04-02 02:46:21] [world_nether] The Player <xcpc> has picked 1 of NETHER_BRICK at X= -120, Y= 66, Z= -153 that had [] enchantment(s) |  
[2024-04-02 02:46:22] [world_nether] The Player <xcpc> has picked 1 of NETHER_BRICK at X= -121, Y= 66, Z= -152 that had [] enchantment(s) |  
[2024-04-02 02:46:22] [world_nether] The Player <xcpc> has picked 1 of NETHER_BRICK at X= -121, Y= 66, Z= -152 that had [] enchantment(s) |  
[2024-04-02 02:46:25] [world_nether] The Player <xcpc> has picked 8 of NETHER_BRICK at X= -128, Y= 66, Z= -153 that had [] enchantment(s) |  
[2024-04-02 02:46:30] [world_nether] The Player <xcpc> has picked 4 of NETHER_BRICK at X= -131, Y= 66, Z= -151 that had [] enchantment(s) |  
[2024-04-02 02:46:30] [world_nether] The Player <xcpc> has picked 1 of NETHER_BRICK at X= -130, Y= 66, Z= -151 that had [] enchantment(s) |  
[2024-04-02 02:46:36] [world_nether] The Player <xcpc> has picked 14 of NETHER_BRICK at X= -123, Y= 65, Z= -151 that had [] enchantment(s) |  
[2024-04-02 02:46:36] [world_nether] The Player <xcpc> has picked 1 of NETHER_BRICK at X= -121, Y= 65, Z= -151 that had [] enchantment(s) |  
[2024-04-02 02:46:38] [world_nether] The Player <xcpc> has picked 2 of NETHER_BRICK at X= -120, Y= 66, Z= -151 that had [] enchantment(s) |  
[2024-04-02 02:46:39] [world_nether] The Player <xcpc> has picked 1 of NETHER_BRICK at X= -119, Y= 66, Z= -152 that had [] enchantment(s) |  
[2024-04-02 02:46:42] [world_nether] The Player <xcpc> has picked 1 of NETHER_BRICK at X= -119, Y= 66, Z= -152 that had [] enchantment(s) |  
[2024-04-02 02:46:48] [world_nether] The Player <xcpc> has picked 17 of NETHER_BRICK at X= -109, Y= 66, Z= -152 that had [] enchantment(s) |  
[2024-04-02 02:46:50] [world_nether] The Player <xcpc> has picked 1 of NETHER_BRICK at X= -107, Y= 66, Z= -151 that had [] enchantment(s) |  
[2024-04-02 02:46:54] [world_nether] The Player <xcpc> has picked 6 of NETHER_BRICK at X= -102, Y= 66, Z= -151 that had [] enchantment(s) |  
[2024-04-02 02:46:54] [world_nether] The Player <xcpc> has picked 1 of NETHER_BRICK at X= -102, Y= 66, Z= -152 that had [] enchantment(s) |  
[2024-04-02 02:46:55] [world_nether] The Player <xcpc> has picked 1 of NETHER_BRICK at X= -99, Y= 66, Z= -152 that had [] enchantment(s) |  
[2024-04-02 02:46:56] [world_nether] The Player <xcpc> has picked 1 of TORCH at X= -98, Y= 67, Z= -151 that had [] enchantment(s) |  
[2024-04-02 02:46:56] [world_nether] The Player <xcpc> has picked 1 of NETHER_BRICK at X= -99, Y= 66, Z= -152 that had [] enchantment(s) |  
[2024-04-02 02:46:57] [world_nether] The Player <xcpc> has picked 1 of NETHER_BRICK at X= -97, Y= 66, Z= -152 that had [] enchantment(s) |  
[2024-04-02 02:46:57] [world_nether] The Player <xcpc> has picked 1 of NETHER_BRICK at X= -96, Y= 66, Z= -152 that had [] enchantment(s) |  
[2024-04-02 02:46:57] [world_nether] The Player <xcpc> has picked 1 of NETHER_BRICK at X= -95, Y= 66, Z= -152 that had [] enchantment(s) |  
[2024-04-02 02:46:57] [world_nether] The Player <xcpc> has picked 1 of NETHER_BRICK at X= -94, Y= 66, Z= -152 that had [] enchantment(s) |  
[2024-04-02 02:46:58] [world_nether] The Player <xcpc> has picked 1 of TORCH at X= -92, Y= 66, Z= -152 that had [] enchantment(s) |  
[2024-04-02 02:46:59] [world_nether] The Player <xcpc> has picked 3 of NETHER_BRICK at X= -92, Y= 66, Z= -152 that had [] enchantment(s) |  
[2024-04-02 02:47:00] [world_nether] The Player <xcpc> has picked 3 of NETHER_BRICK at X= -88, Y= 66, Z= -152 that had [] enchantment(s) |  
[2024-04-02 02:47:00] [world_nether] The Player <xcpc> has picked 1 of NETHER_BRICK at X= -87, Y= 66, Z= -152 that had [] enchantment(s) |  
[2024-04-02 02:47:02] [world_nether] The Player <xcpc> has picked 2 of NETHER_BRICK at X= -86, Y= 66, Z= -152 that had [] enchantment(s) |  
[2024-04-02 02:47:04] [world_nether] The Player <xcpc> has picked 5 of NETHER_BRICK at X= -83, Y= 66, Z= -152 that had [] enchantment(s) |  
[2024-04-02 02:47:06] [world_nether] The Player <xcpc> has picked 2 of NETHER_BRICK at X= -80, Y= 65, Z= -152 that had [] enchantment(s) |  
[2024-04-02 02:47:08] [world_nether] The Player <xcpc> has picked 1 of NETHER_BRICK at X= -79, Y= 66, Z= -152 that had [] enchantment(s) |  
[2024-04-02 02:47:12] [world_nether] The Player <xcpc> has picked 5 of NETHER_BRICK at X= -75, Y= 66, Z= -152 that had [] enchantment(s) |  
[2024-04-02 02:47:13] [world_nether] The Player <xcpc> has picked 1 of NETHER_BRICK at X= -75, Y= 66, Z= -152 that had [] enchantment(s) |  
[2024-04-02 02:47:14] [world_nether] The Player <xcpc> has picked 1 of NETHER_BRICK at X= -73, Y= 66, Z= -152 that had [] enchantment(s) |  
[2024-04-02 02:47:16] [world_nether] The Player <xcpc> has picked 4 of NETHER_BRICK at X= -69, Y= 66, Z= -152 that had [] enchantment(s) |  
[2024-04-02 02:47:16] [world_nether] The Player <xcpc> has picked 1 of NETHER_BRICK at X= -68, Y= 66, Z= -152 that had [] enchantment(s) |  
[2024-04-02 02:47:16] [world_nether] The Player <xcpc> has picked 1 of NETHER_BRICK at X= -67, Y= 66, Z= -152 that had [] enchantment(s) |  
[2024-04-02 02:47:18] [world_nether] The Player <xcpc> has picked 3 of NETHER_BRICK at X= -64, Y= 66, Z= -152 that had [] enchantment(s) |  
[2024-04-02 02:47:19] [world_nether] The Player <xcpc> has picked 1 of NETHER_BRICK at X= -62, Y= 66, Z= -152 that had [] enchantment(s) |  
[2024-04-02 02:47:19] [world_nether] The Player <xcpc> has picked 1 of NETHER_BRICK at X= -61, Y= 66, Z= -152 that had [] enchantment(s) |  
[2024-04-02 02:47:20] [world_nether] The Player <xcpc> has picked 1 of NETHER_BRICK at X= -60, Y= 66, Z= -152 that had [] enchantment(s) |  
[2024-04-02 02:47:20] [world_nether] The Player <xcpc> has picked 2 of NETHER_BRICK at X= -58, Y= 66, Z= -152 that had [] enchantment(s) |  
[2024-04-02 02:47:21] [world_nether] The Player <xcpc> has picked 1 of NETHER_BRICK at X= -57, Y= 66, Z= -152 that had [] enchantment(s) |  
[2024-04-02 02:47:21] [world_nether] The Player <xcpc> has picked 1 of NETHER_BRICK at X= -56, Y= 66, Z= -152 that had [] enchantment(s) |  
[2024-04-02 02:47:21] [world_nether] The Player <xcpc> has picked 1 of NETHER_BRICK at X= -55, Y= 66, Z= -152 that had [] enchantment(s) |  
[2024-04-02 02:47:23] [world_nether] The Player <xcpc> has picked 1 of NETHER_BRICK at X= -55, Y= 66, Z= -152 that had [] enchantment(s) |  
[2024-04-02 02:47:24] [world_nether] The Player <xcpc> has picked 1 of NETHER_BRICK at X= -54, Y= 66, Z= -151 that had [] enchantment(s) |  
[2024-04-02 02:47:27] [world_nether] The Player <xcpc> has picked 5 of NETHER_BRICK at X= -59, Y= 66, Z= -151 that had [] enchantment(s) |  
[2024-04-02 02:47:28] [world_nether] The Player <xcpc> has picked 2 of NETHER_BRICK at X= -60, Y= 66, Z= -152 that had [] enchantment(s) |  
[2024-04-02 02:47:29] [world_nether] The Player <xcpc> has picked 3 of NETHER_BRICK at X= -63, Y= 66, Z= -152 that had [] enchantment(s) |  
[2024-04-02 02:47:29] [world_nether] The Player <xcpc> has picked 1 of NETHER_BRICK at X= -64, Y= 66, Z= -151 that had [] enchantment(s) |  
[2024-04-02 02:47:31] [world_nether] The Player <xcpc> has picked 5 of NETHER_BRICK at X= -68, Y= 66, Z= -151 that had [] enchantment(s) |  
[2024-04-02 02:47:32] [world_nether] The Player <xcpc> has picked 1 of NETHER_BRICK at X= -70, Y= 66, Z= -151 that had [] enchantment(s) |  
[2024-04-02 02:47:32] [world_nether] The Player <xcpc> has picked 1 of NETHER_BRICK at X= -71, Y= 66, Z= -151 that had [] enchantment(s) |  
[2024-04-02 02:47:34] [world_nether] The Player <xcpc> has picked 2 of NETHER_BRICK at X= -73, Y= 66, Z= -151 that had [] enchantment(s) |  
[2024-04-02 02:47:34] [world_nether] The Player <xcpc> has picked 1 of NETHER_BRICK at X= -74, Y= 66, Z= -151 that had [] enchantment(s) |  
[2024-04-02 02:47:36] [world_nether] The Player <xcpc> has picked 3 of NETHER_BRICK at X= -76, Y= 66, Z= -151 that had [] enchantment(s) |  
[2024-04-02 02:47:36] [world_nether] The Player <xcpc> has picked 1 of NETHER_BRICK at X= -78, Y= 66, Z= -151 that had [] enchantment(s) |  
[2024-04-02 02:47:37] [world_nether] The Player <xcpc> has picked 3 of NETHER_BRICK at X= -81, Y= 66, Z= -151 that had [] enchantment(s) |  
[2024-04-02 02:47:38] [world_nether] The Player <xcpc> has picked 1 of NETHER_BRICK at X= -82, Y= 66, Z= -151 that had [] enchantment(s) |  
[2024-04-02 02:47:39] [world_nether] The Player <xcpc> has picked 1 of NETHER_BRICK at X= -85, Y= 66, Z= -151 that had [] enchantment(s) |  
[2024-04-02 02:47:41] [world_nether] The Player <xcpc> has picked 4 of NETHER_BRICK at X= -88, Y= 66, Z= -151 that had [] enchantment(s) |  
[2024-04-02 02:47:42] [world_nether] The Player <xcpc> has picked 3 of NETHER_BRICK at X= -92, Y= 66, Z= -151 that had [] enchantment(s) |  
[2024-04-02 02:47:44] [world_nether] The Player <xcpc> has picked 4 of NETHER_BRICK at X= -96, Y= 66, Z= -152 that had [] enchantment(s) |  
[2024-04-02 02:47:44] [world_nether] The Player <xcpc> has picked 1 of NETHER_BRICK at X= -97, Y= 66, Z= -151 that had [] enchantment(s) |  
[2024-04-02 02:47:44] [world_nether] The Player <xcpc> has picked 1 of NETHER_BRICK at X= -98, Y= 66, Z= -151 that had [] enchantment(s) |  
[2024-04-02 02:47:45] [world_nether] The Player <xcpc> has picked 1 of NETHER_BRICK at X= -99, Y= 66, Z= -151 that had [] enchantment(s) |  
[2024-04-02 02:47:45] [world_nether] The Player <xcpc> has picked 2 of NETHER_BRICK at X= -102, Y= 66, Z= -151 that had [] enchantment(s) |  
[2024-04-02 02:47:48] [world_nether] The Player <xcpc> has picked 2 of NETHER_BRICK at X= -103, Y= 57, Z= -151 that had [] enchantment(s) |  
[2024-04-02 02:48:00] [world_nether] The Player <xcpc> has picked 1 of NETHER_BRICK at X= -100, Y= 66, Z= -151 that had [] enchantment(s) |  
[2024-04-02 02:48:04] [world_nether] The Player <xcpc> has picked 2 of NETHER_BRICK at X= -82, Y= 66, Z= -151 that had [] enchantment(s) |  
