[2024-03-25 20:25:57] [world] The Player <GolemDaWanderer> has picked 1 of BOW at X= -10299, Y= 35, Z= 4028 that had [] enchantment(s) |  
[2024-03-25 20:34:36] [world] The Player <GolemDaWanderer> has picked 3 of BONE at X= -10298, Y= 36, Z= 4030 that had [] enchantment(s) |  
[2024-03-25 20:34:40] [world] The Player <GolemDaWanderer> has picked 5 of ARROW at X= -10299, Y= 36, Z= 4031 that had [] enchantment(s) |  
[2024-03-25 20:34:46] [world] The Player <GolemDaWanderer> has picked 2 of BONE at X= -10298, Y= 35, Z= 4030 that had [] enchantment(s) |  
[2024-03-25 20:34:47] [world] The Player <GolemDaWanderer> has picked 3 of ARROW at X= -10298, Y= 35, Z= 4031 that had [] enchantment(s) |  
[2024-03-25 20:34:49] [world] The Player <GolemDaWanderer> has picked 1 of BOW at X= -10299, Y= 36, Z= 4032 that had [] enchantment(s) |  
[2024-03-25 20:34:50] [world] The Player <GolemDaWanderer> has picked 5 of BONE at X= -10298, Y= 35, Z= 4032 that had [] enchantment(s) |  
[2024-03-25 20:34:51] [world] The Player <GolemDaWanderer> has picked 2 of ARROW at X= -10298, Y= 35, Z= 4030 that had [] enchantment(s) |  
[2024-03-25 20:35:03] [world] The Player <GolemDaWanderer> has picked 1 of SKULL_ITEM at X= -10299, Y= 36, Z= 4027 that had [] enchantment(s) |  
[2024-03-25 20:35:12] [world] The Player <GolemDaWanderer> has picked 2 of BONE at X= -10298, Y= 35, Z= 4031 that had [] enchantment(s) |  
[2024-03-25 20:35:14] [world] The Player <GolemDaWanderer> has picked 2 of ARROW at X= -10299, Y= 35, Z= 4032 that had [] enchantment(s) |  
[2024-03-25 20:35:14] [world] The Player <GolemDaWanderer> has picked 3 of BONE at X= -10298, Y= 35, Z= 4032 that had [] enchantment(s) |  
[2024-03-25 20:35:16] [world] The Player <GolemDaWanderer> has picked 1 of BOW at X= -10299, Y= 35, Z= 4032 that had [] enchantment(s) |  
[2024-03-25 20:35:18] [world] The Player <GolemDaWanderer> has picked 1 of BONE at X= -10298, Y= 35, Z= 4031 that had [] enchantment(s) |  
[2024-03-25 20:35:25] [world] The Player <GolemDaWanderer> has picked 3 of ARROW at X= -10299, Y= 36, Z= 4030 that had [] enchantment(s) |  
[2024-03-25 20:35:29] [world] The Player <GolemDaWanderer> has picked 2 of BONE at X= -10300, Y= 35, Z= 4028 that had [] enchantment(s) |  
[2024-03-25 20:36:08] [world] The Player <GolemDaWanderer> has picked 1 of ENDER_CHEST at X= -10301, Y= 39, Z= 4028 that had [] enchantment(s) |  
[2024-03-25 20:37:12] [world] The Player <GolemDaWanderer> has picked 1 of DIRT at X= -10301, Y= 36, Z= 4028 that had [] enchantment(s) |  
[2024-03-25 20:37:20] [world] The Player <GolemDaWanderer> has picked 1 of BONE at X= -10298, Y= 35, Z= 4031 that had [] enchantment(s) |  
[2024-03-25 20:37:20] [world] The Player <GolemDaWanderer> has picked 2 of ARROW at X= -10299, Y= 35, Z= 4032 that had [] enchantment(s) |  
[2024-03-25 20:37:22] [world] The Player <GolemDaWanderer> has picked 2 of BONE at X= -10298, Y= 35, Z= 4032 that had [] enchantment(s) |  
[2024-03-25 20:37:25] [world] The Player <GolemDaWanderer> has picked 1 of BOW at X= -10298, Y= 35, Z= 4028 that had [] enchantment(s) |  
[2024-03-25 20:37:29] [world] The Player <GolemDaWanderer> has picked 1 of ARROW at X= -10298, Y= 35, Z= 4032 that had [] enchantment(s) |  
[2024-03-25 20:37:32] [world] The Player <GolemDaWanderer> has picked 1 of BOW at X= -10298, Y= 35, Z= 4026 that had [] enchantment(s) |  
[2024-03-25 20:37:33] [world] The Player <GolemDaWanderer> has picked 2 of ARROW at X= -10298, Y= 35, Z= 4026 that had [] enchantment(s) |  
[2024-03-25 20:38:02] [world] The Player <GolemDaWanderer> has picked 1 of COBBLESTONE at X= -10301, Y= 26, Z= 4029 that had [] enchantment(s) |  
[2024-03-25 20:38:04] [world] The Player <GolemDaWanderer> has picked 2 of COBBLESTONE at X= -10300, Y= 25, Z= 4029 that had [] enchantment(s) |  
[2024-03-25 20:38:05] [world] The Player <GolemDaWanderer> has picked 1 of COBBLESTONE at X= -10301, Y= 25, Z= 4029 that had [] enchantment(s) |  
[2024-03-25 20:38:05] [world] The Player <GolemDaWanderer> has picked 1 of COBBLESTONE at X= -10299, Y= 25, Z= 4029 that had [] enchantment(s) |  
[2024-03-25 20:38:05] [world] The Player <GolemDaWanderer> has picked 1 of COBBLESTONE at X= -10300, Y= 24, Z= 4029 that had [] enchantment(s) |  
[2024-03-25 20:39:49] [world] The Player <GolemDaWanderer> has picked 1 of COBBLESTONE at X= -10301, Y= 26, Z= 4028 that had [] enchantment(s) |  
[2024-03-25 20:40:49] [world] The Player <GolemDaWanderer> has picked 1 of BONE at X= -10299, Y= 35, Z= 4032 that had [] enchantment(s) |  
[2024-03-25 20:40:49] [world] The Player <GolemDaWanderer> has picked 1 of ARROW at X= -10298, Y= 35, Z= 4032 that had [] enchantment(s) |  
[2024-03-25 20:40:51] [world] The Player <GolemDaWanderer> has picked 1 of ARROW at X= -10298, Y= 35, Z= 4032 that had [] enchantment(s) |  
[2024-03-25 20:44:08] [world] The Player <GolemDaWanderer> has picked 1 of COBBLESTONE at X= -10177, Y= 63, Z= 4112 that had [] enchantment(s) |  
[2024-03-25 20:44:11] [world] The Player <GolemDaWanderer> has picked 1 of COBBLESTONE at X= -10177, Y= 64, Z= 4113 that had [] enchantment(s) |  
[2024-03-25 20:44:31] [world] The Player <GolemDaWanderer> has picked 1 of COBBLESTONE at X= -10177, Y= 63, Z= 4112 that had [] enchantment(s) |  
[2024-03-25 20:45:51] [world] The Player <GolemDaWanderer> has picked 1 of WOOD at X= -10185, Y= 62, Z= 4109 that had [] enchantment(s) |  
[2024-03-25 20:45:52] [world] The Player <GolemDaWanderer> has picked 1 of WOOD at X= -10185, Y= 61, Z= 4109 that had [] enchantment(s) |  
[2024-03-25 20:45:56] [world] The Player <GolemDaWanderer> has picked 1 of WOOD at X= -10185, Y= 60, Z= 4109 that had [] enchantment(s) |  
[2024-03-25 20:46:15] [world] The Player <GolemDaWanderer> has picked 1 of WOOD at X= -10185, Y= 62, Z= 4105 that had [] enchantment(s) |  
[2024-03-25 20:46:16] [world] The Player <GolemDaWanderer> has picked 1 of WOOD at X= -10185, Y= 61, Z= 4105 that had [] enchantment(s) |  
[2024-03-25 20:46:16] [world] The Player <GolemDaWanderer> has picked 1 of WOOD at X= -10185, Y= 60, Z= 4105 that had [] enchantment(s) |  
[2024-03-25 20:46:17] [world] The Player <GolemDaWanderer> has picked 1 of WOOD at X= -10185, Y= 59, Z= 4105 that had [] enchantment(s) |  
[2024-03-25 20:46:19] [world] The Player <GolemDaWanderer> has picked 1 of DIRT at X= -10185, Y= 58, Z= 4105 that had [] enchantment(s) |  
[2024-03-25 20:46:21] [world] The Player <GolemDaWanderer> has picked 1 of COBBLESTONE at X= -10185, Y= 57, Z= 4105 that had [] enchantment(s) |  
[2024-03-25 20:46:22] [world] The Player <GolemDaWanderer> has picked 1 of COBBLESTONE at X= -10185, Y= 56, Z= 4105 that had [] enchantment(s) |  
[2024-03-25 20:46:23] [world] The Player <GolemDaWanderer> has picked 1 of COBBLESTONE at X= -10185, Y= 55, Z= 4105 that had [] enchantment(s) |  
[2024-03-25 20:46:25] [world] The Player <GolemDaWanderer> has picked 1 of DIRT at X= -10185, Y= 54, Z= 4105 that had [] enchantment(s) |  
[2024-03-25 20:47:12] [world] The Player <GolemDaWanderer> has picked 2 of COBBLESTONE at X= -10185, Y= 55, Z= 4105 that had [] enchantment(s) |  
[2024-03-25 20:47:13] [world] The Player <GolemDaWanderer> has picked 2 of COBBLESTONE at X= -10185, Y= 55, Z= 4104 that had [] enchantment(s) |  
[2024-03-25 20:47:18] [world] The Player <GolemDaWanderer> has picked 2 of COBBLESTONE at X= -10186, Y= 55, Z= 4103 that had [] enchantment(s) |  
[2024-03-25 20:47:20] [world] The Player <GolemDaWanderer> has picked 4 of COBBLESTONE at X= -10185, Y= 55, Z= 4102 that had [] enchantment(s) |  
[2024-03-25 20:47:21] [world] The Player <GolemDaWanderer> has picked 2 of COBBLESTONE at X= -10185, Y= 55, Z= 4102 that had [] enchantment(s) |  
[2024-03-25 20:50:46] [world] The Player <GolemDaWanderer> has picked 7 of COBBLESTONE at X= -10186, Y= 55, Z= 4103 that had [] enchantment(s) |  
[2024-03-25 20:50:52] [world] The Player <GolemDaWanderer> has picked 1 of COBBLESTONE at X= -10185, Y= 55, Z= 4103 that had [] enchantment(s) |  
[2024-03-25 21:21:03] [world] The Player <NezukoChan> has picked 1 of MINECART at X= -10202, Y= 65, Z= 4091 that had [] enchantment(s) |  
[2024-03-25 21:21:48] [world] The Player <NezukoChan> has picked 1 of MINECART at X= -10219, Y= 67, Z= 4088 that had [] enchantment(s) |  
[2024-03-25 22:25:43] [world_the_end] The Player <NezukoChan> has picked 1 of EGG at X= 103, Y= 50, Z= 3 that had [] enchantment(s) |  
[2024-03-25 22:26:49] [world] The Player <NezukoChan> has picked 1 of PAINTING at X= -10162, Y= 63, Z= 4116 that had [] enchantment(s) |  
[2024-03-25 22:32:54] [world] The Player <Marshtomp17> has picked 3 of COOKED_BEEF at X= -580, Y= 78, Z= 253 that had [] enchantment(s) |  
[2024-03-25 22:33:07] [world] The Player <GolemDaWanderer> has picked 3 of WATER_LILY at X= -10158, Y= 63, Z= 4101 that had [] enchantment(s) |  
[2024-03-25 22:33:08] [world] The Player <GolemDaWanderer> has picked 2 of WATER_LILY at X= -10160, Y= 63, Z= 4104 that had [] enchantment(s) |  
[2024-03-25 22:33:19] [world] The Player <GolemDaWanderer> has picked 1 of WATER_LILY at X= -10166, Y= 62, Z= 4100 that had [] enchantment(s) |  
[2024-03-25 22:33:19] [world] The Player <GolemDaWanderer> has picked 1 of WATER_LILY at X= -10166, Y= 63, Z= 4101 that had [] enchantment(s) |  
[2024-03-25 22:33:21] [world] The Player <GolemDaWanderer> has picked 1 of WATER_LILY at X= -10161, Y= 62, Z= 4102 that had [] enchantment(s) |  
[2024-03-25 22:33:22] [world] The Player <GolemDaWanderer> has picked 2 of WATER_LILY at X= -10157, Y= 63, Z= 4103 that had [] enchantment(s) |  
[2024-03-25 22:33:23] [world] The Player <GolemDaWanderer> has picked 1 of WATER_LILY at X= -10157, Y= 63, Z= 4104 that had [] enchantment(s) |  
[2024-03-25 22:33:24] [world] The Player <GolemDaWanderer> has picked 1 of WATER_LILY at X= -10159, Y= 62, Z= 4104 that had [] enchantment(s) |  
[2024-03-25 22:33:26] [world] The Player <GolemDaWanderer> has picked 2 of WATER_LILY at X= -10162, Y= 62, Z= 4105 that had [] enchantment(s) |  
[2024-03-25 22:33:27] [world] The Player <GolemDaWanderer> has picked 2 of WATER_LILY at X= -10162, Y= 62, Z= 4107 that had [] enchantment(s) |  
[2024-03-25 22:33:28] [world] The Player <GolemDaWanderer> has picked 1 of WATER_LILY at X= -10162, Y= 62, Z= 4108 that had [] enchantment(s) |  
[2024-03-25 22:33:43] [world] The Player <GolemDaWanderer> has picked 3 of WATER_LILY at X= -10162, Y= 62, Z= 4099 that had [] enchantment(s) |  
[2024-03-25 22:34:05] [world] The Player <GolemDaWanderer> has picked 2 of WATER_LILY at X= -10164, Y= 62, Z= 4096 that had [] enchantment(s) |  
[2024-03-25 22:35:13] [world_the_end] The Player <GolemDaWanderer> has picked 1 of FEATHER at X= 102, Y= 49, Z= 0 that had [] enchantment(s) |  
[2024-03-25 22:35:13] [world_the_end] The Player <GolemDaWanderer> has picked 1 of RAW_CHICKEN at X= 102, Y= 49, Z= 1 that had [] enchantment(s) |  
[2024-03-25 22:35:24] [world_the_end] The Player <GolemDaWanderer> has picked 2 of COBBLESTONE at X= 101, Y= 46, Z= -1 that had [] enchantment(s) |  
[2024-03-25 22:35:32] [world_the_end] The Player <GolemDaWanderer> has picked 1 of OBSIDIAN at X= 100, Y= 47, Z= -1 that had [] enchantment(s) |  
[2024-03-25 22:35:44] [world_the_end] The Player <GolemDaWanderer> has picked 3 of OBSIDIAN at X= 100, Y= 46, Z= 1 that had [] enchantment(s) |  
[2024-03-25 22:37:48] [world_the_end] The Player <GolemDaWanderer> has picked 2 of OBSIDIAN at X= 99, Y= 46, Z= 1 that had [] enchantment(s) |  
[2024-03-25 22:37:56] [world_the_end] The Player <GolemDaWanderer> has picked 1 of COBBLESTONE at X= 101, Y= 49, Z= 2 that had [] enchantment(s) |  
[2024-03-25 22:38:51] [world] The Player <GolemDaWanderer> has picked 1 of COBBLESTONE at X= -609, Y= 64, Z= 329 that had [] enchantment(s) |  
[2024-03-25 22:39:02] [world] The Player <GolemDaWanderer> has picked 1 of EGG at X= -588, Y= 68, Z= 305 that had [] enchantment(s) |  
[2024-03-25 22:39:12] [world] The Player <GolemDaWanderer> has picked 2 of FEATHER at X= -582, Y= 69, Z= 305 that had [] enchantment(s) |  
[2024-03-25 22:39:12] [world] The Player <GolemDaWanderer> has picked 1 of RAW_CHICKEN at X= -581, Y= 69, Z= 305 that had [] enchantment(s) |  
[2024-03-25 22:39:27] [world] The Player <GolemDaWanderer> has picked 1 of ARROW at X= -579, Y= 68, Z= 281 that had [] enchantment(s) |  
[2024-03-25 22:39:27] [world] The Player <GolemDaWanderer> has picked 1 of BOW at X= -579, Y= 68, Z= 282 that had [] enchantment(s) |  
[2024-03-25 22:41:04] [world_the_end] The Player <GolemDaWanderer> has picked 1 of COOKED_BEEF at X= 100, Y= 49, Z= 0 that had [] enchantment(s) |  
[2024-03-25 22:42:04] [world] The Player <GolemDaWanderer> has picked 1 of ARROW at X= -572, Y= 68, Z= 286 that had [] enchantment(s) |  
[2024-03-25 22:42:05] [world] The Player <GolemDaWanderer> has picked 3 of ARROW at X= -570, Y= 68, Z= 286 that had [] enchantment(s) |  
[2024-03-25 22:42:06] [world] The Player <GolemDaWanderer> has picked 4 of BONE at X= -570, Y= 68, Z= 287 that had [] enchantment(s) |  
[2024-03-25 22:42:08] [world] The Player <Marshtomp17> has picked 64 of NETHER_BRICK at X= -577, Y= 78, Z= 247 that had [] enchantment(s) |  
[2024-03-25 22:42:37] [world] The Player <GolemDaWanderer> has picked 1 of ARROW at X= -575, Y= 68, Z= 285 that had [] enchantment(s) |  
[2024-03-25 22:42:40] [world] The Player <GolemDaWanderer> has picked 1 of ARROW at X= -578, Y= 68, Z= 286 that had [] enchantment(s) |  
[2024-03-25 22:43:02] [world] The Player <GolemDaWanderer> has picked 1 of DIAMOND_BLOCK at X= -571, Y= 68, Z= 287 that had [] enchantment(s) |  
[2024-03-25 22:43:37] [world] The Player <GolemDaWanderer> has picked 2 of COBBLESTONE at X= -10176, Y= 63, Z= 4111 that had [] enchantment(s) |  
[2024-03-25 22:47:21] [world] The Player <GolemDaWanderer> has picked 1 of RAW_FISH at X= -10170, Y= 63, Z= 4109 that had [] enchantment(s) |  
[2024-03-25 22:48:30] [world] The Player <Marshtomp17> has picked 1 of DIAMOND_PICKAXE at X= -577, Y= 78, Z= 257 that had [Efficiency 5, Unbreaking 3, Fortune 3] enchantment(s) | Water Tribe Pick
[2024-03-25 22:48:35] [world] The Player <Marshtomp17> has picked 1 of NETHER_BRICK at X= -575, Y= 79, Z= 257 that had [] enchantment(s) |  
[2024-03-25 22:48:35] [world] The Player <Marshtomp17> has picked 1 of NETHER_BRICK at X= -575, Y= 79, Z= 257 that had [] enchantment(s) |  
[2024-03-25 22:48:37] [world] The Player <Marshtomp17> has picked 1 of NETHER_BRICK at X= -572, Y= 78, Z= 257 that had [] enchantment(s) |  
[2024-03-25 22:48:43] [world] The Player <GolemDaWanderer> has picked 1 of SKULL_ITEM at X= -10168, Y= 63, Z= 4115 that had [] enchantment(s) |  
[2024-03-25 22:48:43] [world] The Player <Mudkips_Rule> has picked 1 of DIAMOND_PICKAXE at X= -575, Y= 78, Z= 255 that had [Efficiency 5, Unbreaking 3, Fortune 3] enchantment(s) | Water Tribe Pick
[2024-03-25 22:48:46] [world] The Player <GolemDaWanderer> has picked 1 of SKULL_ITEM at X= -10170, Y= 63, Z= 4115 that had [] enchantment(s) |  
[2024-03-25 22:49:10] [world] The Player <GolemDaWanderer> has picked 2 of MUTTON at X= -10193, Y= 63, Z= 4091 that had [] enchantment(s) |  
[2024-03-25 22:50:07] [world] The Player <Marshtomp17> has picked 1 of DIAMOND_PICKAXE at X= -569, Y= 78, Z= 246 that had [Efficiency 5, Unbreaking 3, Fortune 3] enchantment(s) | Water Tribe Pick
[2024-03-25 22:50:29] [world] The Player <Marshtomp17> has picked 1 of NETHER_BRICK at X= -570, Y= 78, Z= 250 that had [] enchantment(s) |  
[2024-03-25 22:50:43] [world] The Player <Marshtomp17> has picked 1 of NETHER_BRICK at X= -571, Y= 79, Z= 247 that had [] enchantment(s) |  
[2024-03-25 22:50:45] [world] The Player <Marshtomp17> has picked 1 of NETHER_BRICK at X= -569, Y= 78, Z= 244 that had [] enchantment(s) |  
[2024-03-25 22:51:45] [world] The Player <Marshtomp17> has picked 1 of NETHER_BRICK at X= -575, Y= 78, Z= 253 that had [] enchantment(s) |  
[2024-03-25 22:52:05] [world] The Player <Marshtomp17> has picked 1 of NETHER_BRICK at X= -574, Y= 78, Z= 253 that had [] enchantment(s) |  
[2024-03-25 22:52:21] [world] The Player <Marshtomp17> has picked 1 of NETHER_BRICK at X= -576, Y= 78, Z= 253 that had [] enchantment(s) |  
[2024-03-25 23:13:55] [world] The Player <GolemDaWanderer> has picked 1 of MAP at X= -10242, Y= 64, Z= 4096 that had [] enchantment(s) |  
[2024-03-25 23:16:43] [world] The Player <GolemDaWanderer> has picked 2 of SAND at X= -979, Y= 68, Z= 993 that had [] enchantment(s) |  
[2024-03-25 23:16:51] [world] The Player <GolemDaWanderer> has picked 5 of SANDSTONE at X= -977, Y= 69, Z= 986 that had [] enchantment(s) |  
[2024-03-25 23:18:30] [world] The Player <GolemDaWanderer> has picked 1 of COBBLESTONE at X= -10176, Y= 63, Z= 4111 that had [] enchantment(s) |  
[2024-03-25 23:18:30] [world] The Player <GolemDaWanderer> has picked 1 of SOUL_SAND at X= -10177, Y= 63, Z= 4112 that had [] enchantment(s) |  
[2024-03-25 23:19:09] [world] The Player <GolemDaWanderer> has picked 1 of DIAMOND_BLOCK at X= -10170, Y= 62, Z= 4114 that had [] enchantment(s) |  
[2024-03-25 23:19:10] [world] The Player <GolemDaWanderer> has picked 1 of DIAMOND_BLOCK at X= -10171, Y= 62, Z= 4114 that had [] enchantment(s) |  
[2024-03-25 23:19:10] [world] The Player <GolemDaWanderer> has picked 1 of DIAMOND_BLOCK at X= -10172, Y= 62, Z= 4114 that had [] enchantment(s) |  
[2024-03-25 23:19:11] [world] The Player <GolemDaWanderer> has picked 1 of DIAMOND_BLOCK at X= -10172, Y= 62, Z= 4114 that had [] enchantment(s) |  
[2024-03-25 23:19:12] [world] The Player <GolemDaWanderer> has picked 1 of DIAMOND_BLOCK at X= -10174, Y= 62, Z= 4114 that had [] enchantment(s) |  
[2024-03-25 23:19:12] [world] The Player <GolemDaWanderer> has picked 1 of COBBLESTONE at X= -10175, Y= 63, Z= 4115 that had [] enchantment(s) |  
[2024-03-25 23:19:13] [world] The Player <GolemDaWanderer> has picked 1 of COBBLESTONE at X= -10176, Y= 62, Z= 4114 that had [] enchantment(s) |  
[2024-03-25 23:19:48] [world] The Player <GolemDaWanderer> has picked 1 of DIAMOND_BLOCK at X= -10171, Y= 62, Z= 4115 that had [] enchantment(s) |  
[2024-03-25 23:19:49] [world] The Player <GolemDaWanderer> has picked 1 of DIAMOND_BLOCK at X= -10172, Y= 62, Z= 4115 that had [] enchantment(s) |  
[2024-03-25 23:19:49] [world] The Player <GolemDaWanderer> has picked 1 of DIAMOND_BLOCK at X= -10173, Y= 62, Z= 4115 that had [] enchantment(s) |  
[2024-03-25 23:19:50] [world] The Player <GolemDaWanderer> has picked 1 of DIAMOND_BLOCK at X= -10174, Y= 63, Z= 4114 that had [] enchantment(s) |  
[2024-03-25 23:19:51] [world] The Player <GolemDaWanderer> has picked 1 of DIAMOND_BLOCK at X= -10174, Y= 62, Z= 4115 that had [] enchantment(s) |  
[2024-03-25 23:19:51] [world] The Player <GolemDaWanderer> has picked 1 of DIAMOND_BLOCK at X= -10175, Y= 63, Z= 4113 that had [] enchantment(s) |  
[2024-03-25 23:19:52] [world] The Player <GolemDaWanderer> has picked 1 of DIAMOND_BLOCK at X= -10175, Y= 62, Z= 4114 that had [] enchantment(s) |  
[2024-03-25 23:19:53] [world] The Player <GolemDaWanderer> has picked 1 of DIAMOND_BLOCK at X= -10176, Y= 62, Z= 4113 that had [] enchantment(s) |  
[2024-03-25 23:19:53] [world] The Player <GolemDaWanderer> has picked 1 of DIAMOND_BLOCK at X= -10176, Y= 62, Z= 4113 that had [] enchantment(s) |  
[2024-03-25 23:19:55] [world] The Player <GolemDaWanderer> has picked 2 of DIAMOND_BLOCK at X= -10176, Y= 62, Z= 4113 that had [] enchantment(s) |  
[2024-03-25 23:19:59] [world] The Player <GolemDaWanderer> has picked 5 of DIAMOND_BLOCK at X= -10174, Y= 62, Z= 4115 that had [] enchantment(s) |  
[2024-03-25 23:19:59] [world] The Player <GolemDaWanderer> has picked 1 of DIAMOND_BLOCK at X= -10175, Y= 62, Z= 4117 that had [] enchantment(s) |  
[2024-03-25 23:20:00] [world] The Player <GolemDaWanderer> has picked 1 of DIAMOND_BLOCK at X= -10175, Y= 62, Z= 4117 that had [] enchantment(s) |  
[2024-03-25 23:20:01] [world] The Player <GolemDaWanderer> has picked 1 of DIAMOND_BLOCK at X= -10176, Y= 63, Z= 4117 that had [] enchantment(s) |  
[2024-03-25 23:20:01] [world] The Player <GolemDaWanderer> has picked 1 of TORCH at X= -10176, Y= 61, Z= 4118 that had [] enchantment(s) |  
[2024-03-25 23:20:01] [world] The Player <GolemDaWanderer> has picked 1 of DIAMOND_BLOCK at X= -10176, Y= 62, Z= 4118 that had [] enchantment(s) |  
[2024-03-25 23:20:02] [world] The Player <GolemDaWanderer> has picked 1 of DIAMOND_BLOCK at X= -10176, Y= 62, Z= 4116 that had [] enchantment(s) |  
[2024-03-25 23:20:03] [world] The Player <GolemDaWanderer> has picked 1 of DIAMOND_BLOCK at X= -10177, Y= 61, Z= 4118 that had [] enchantment(s) |  
[2024-03-25 23:20:04] [world] The Player <GolemDaWanderer> has picked 1 of DIAMOND_BLOCK at X= -10177, Y= 62, Z= 4117 that had [] enchantment(s) |  
[2024-03-25 23:20:06] [world] The Player <GolemDaWanderer> has picked 1 of DIAMOND_BLOCK at X= -10176, Y= 62, Z= 4118 that had [] enchantment(s) |  
[2024-03-25 23:20:07] [world] The Player <GolemDaWanderer> has picked 1 of DIAMOND_BLOCK at X= -10177, Y= 62, Z= 4117 that had [] enchantment(s) |  
[2024-03-25 23:20:09] [world] The Player <GolemDaWanderer> has picked 1 of DIAMOND_BLOCK at X= -10176, Y= 62, Z= 4118 that had [] enchantment(s) |  
[2024-03-25 23:20:10] [world] The Player <GolemDaWanderer> has picked 1 of DIAMOND_BLOCK at X= -10175, Y= 62, Z= 4118 that had [] enchantment(s) |  
[2024-03-25 23:20:11] [world] The Player <GolemDaWanderer> has picked 1 of DIAMOND_BLOCK at X= -10174, Y= 62, Z= 4118 that had [] enchantment(s) |  
[2024-03-25 23:20:13] [world] The Player <GolemDaWanderer> has picked 1 of DIAMOND_BLOCK at X= -10174, Y= 62, Z= 4116 that had [] enchantment(s) |  
[2024-03-25 23:20:14] [world] The Player <GolemDaWanderer> has picked 4 of DIAMOND_BLOCK at X= -10172, Y= 63, Z= 4116 that had [] enchantment(s) |  
[2024-03-25 23:20:16] [world] The Player <GolemDaWanderer> has picked 3 of DIAMOND_BLOCK at X= -10171, Y= 62, Z= 4117 that had [] enchantment(s) |  
[2024-03-25 23:20:17] [world] The Player <GolemDaWanderer> has picked 1 of DIAMOND_BLOCK at X= -10170, Y= 62, Z= 4116 that had [] enchantment(s) |  
[2024-03-25 23:20:23] [world] The Player <GolemDaWanderer> has picked 1 of DIAMOND_BLOCK at X= -10170, Y= 63, Z= 4117 that had [] enchantment(s) |  
[2024-03-25 23:20:24] [world] The Player <GolemDaWanderer> has picked 1 of DIAMOND_BLOCK at X= -10170, Y= 62, Z= 4117 that had [] enchantment(s) |  
[2024-03-25 23:20:28] [world] The Player <GolemDaWanderer> has picked 1 of DIAMOND_BLOCK at X= -10170, Y= 63, Z= 4118 that had [] enchantment(s) |  
[2024-03-25 23:20:29] [world] The Player <GolemDaWanderer> has picked 3 of DIAMOND_BLOCK at X= -10171, Y= 62, Z= 4118 that had [] enchantment(s) |  
[2024-03-25 23:20:33] [world] The Player <GolemDaWanderer> has picked 2 of DIAMOND_BLOCK at X= -10172, Y= 62, Z= 4118 that had [] enchantment(s) |  
[2024-03-25 23:20:34] [world] The Player <GolemDaWanderer> has picked 1 of DIAMOND_BLOCK at X= -10172, Y= 62, Z= 4117 that had [] enchantment(s) |  
[2024-03-25 23:20:35] [world] The Player <GolemDaWanderer> has picked 1 of DIAMOND_BLOCK at X= -10173, Y= 63, Z= 4117 that had [] enchantment(s) |  
[2024-03-25 23:20:38] [world] The Player <GolemDaWanderer> has picked 1 of DIAMOND_BLOCK at X= -10173, Y= 63, Z= 4118 that had [] enchantment(s) |  
[2024-03-25 23:20:39] [world] The Player <GolemDaWanderer> has picked 1 of DIAMOND_BLOCK at X= -10172, Y= 62, Z= 4118 that had [] enchantment(s) |  
[2024-03-25 23:20:39] [world] The Player <GolemDaWanderer> has picked 1 of DIAMOND_BLOCK at X= -10173, Y= 62, Z= 4117 that had [] enchantment(s) |  
[2024-03-25 23:20:44] [world] The Player <GolemDaWanderer> has picked 1 of SPONGE at X= -10172, Y= 62, Z= 4115 that had [] enchantment(s) | Nuclear Bomb
[2024-03-25 23:22:35] [world] The Player <GolemDaWanderer> has picked 1 of STONE at X= -10176, Y= 61, Z= 4117 that had [] enchantment(s) |  
[2024-03-25 23:31:55] [world] The Player <GolemDaWanderer> has picked 1 of SKULL_ITEM at X= -10168, Y= 64, Z= 4117 that had [] enchantment(s) |  
[2024-03-25 23:52:12] [world] The Player <GolemDaWanderer> has picked 1 of SKULL_ITEM at X= -10171, Y= 62, Z= 4118 that had [] enchantment(s) |  
[2024-03-25 23:53:15] [world] The Player <GolemDaWanderer> has picked 1 of COBBLESTONE at X= -10175, Y= 58, Z= 4114 that had [] enchantment(s) |  
[2024-03-25 23:53:19] [world] The Player <GolemDaWanderer> has picked 1 of COBBLESTONE at X= -10174, Y= 62, Z= 4114 that had [] enchantment(s) |  
[2024-03-25 23:53:26] [world] The Player <GolemDaWanderer> has picked 1 of COBBLESTONE at X= -10175, Y= 61, Z= 4113 that had [] enchantment(s) |  
[2024-03-25 23:55:27] [world] The Player <GolemDaWanderer> has picked 48 of SAND at X= -10168, Y= 63, Z= 4116 that had [] enchantment(s) |  
[2024-03-25 23:55:32] [world] The Player <GolemDaWanderer> has picked 1 of COBBLESTONE at X= -10172, Y= 63, Z= 4119 that had [] enchantment(s) |  
[2024-03-25 23:59:01] [world] The Player <GolemDaWanderer> has picked 1 of ARROW at X= 9999, Y= 69, Z= -9904 that had [] enchantment(s) |  
[2024-03-25 23:59:01] [world] The Player <GolemDaWanderer> has picked 1 of BONE at X= 10000, Y= 69, Z= -9904 that had [] enchantment(s) |  
[2024-03-26 00:00:06] [world] The Player <GolemDaWanderer> has picked 1 of SPONGE at X= 9997, Y= 70, Z= -9901 that had [] enchantment(s) | Flash Bomb
[2024-03-26 00:00:34] [world] The Player <GolemDaWanderer> has picked 1 of REDSTONE_TORCH_ON at X= 9997, Y= 70, Z= -9904 that had [] enchantment(s) |  
[2024-03-26 00:00:52] [world] The Player <GolemDaWanderer> has picked 1 of REDSTONE_TORCH_ON at X= 9996, Y= 70, Z= -9907 that had [] enchantment(s) |  
[2024-03-26 00:00:55] [world] The Player <GolemDaWanderer> has picked 1 of REDSTONE_TORCH_ON at X= 9997, Y= 70, Z= -9909 that had [] enchantment(s) |  
[2024-03-26 00:00:57] [world] The Player <GolemDaWanderer> has picked 1 of REDSTONE_TORCH_ON at X= 9997, Y= 70, Z= -9907 that had [] enchantment(s) |  
[2024-03-26 00:00:59] [world] The Player <GolemDaWanderer> has picked 1 of REDSTONE_TORCH_ON at X= 9998, Y= 69, Z= -9909 that had [] enchantment(s) |  
[2024-03-26 00:01:05] [world] The Player <NezukoChan> has picked 1 of SPONGE at X= 9995, Y= 70, Z= -9910 that had [] enchantment(s) | Flash Bomb
[2024-03-26 00:01:11] [world] The Player <NezukoChan> has picked 1 of SPONGE at X= 9993, Y= 71, Z= -9911 that had [] enchantment(s) | Flash Bomb
[2024-03-26 00:01:14] [world] The Player <NezukoChan> has picked 1 of SPONGE at X= 9992, Y= 71, Z= -9913 that had [] enchantment(s) | Flash Bomb
[2024-03-26 00:01:19] [world] The Player <NezukoChan> has picked 1 of SPONGE at X= 9993, Y= 71, Z= -9914 that had [] enchantment(s) | Flash Bomb
[2024-03-26 00:29:28] [world] The Player <hexa> has picked 1 of NETHERRACK at X= 1000064, Y= 60, Z= 1000006 that had [] enchantment(s) |  
[2024-03-26 00:29:37] [world] The Player <hexa> has picked 1 of COBBLESTONE at X= 1000062, Y= 58, Z= 1000005 that had [] enchantment(s) |  
[2024-03-26 00:29:47] [world] The Player <hexa> has picked 1 of STONE at X= 1000063, Y= 59, Z= 1000009 that had [] enchantment(s) |  
[2024-03-26 00:32:05] [world] The Player <hexa> has picked 3 of SUGAR_CANE at X= 1000047, Y= 63, Z= 999979 that had [] enchantment(s) |  
[2024-03-26 00:33:30] [world] The Player <hexa> has picked 3 of COBBLESTONE at X= 1000048, Y= 51, Z= 999918 that had [] enchantment(s) |  
[2024-03-26 00:33:30] [world] The Player <hexa> has picked 1 of COBBLESTONE at X= 1000047, Y= 49, Z= 999918 that had [] enchantment(s) |  
[2024-03-26 00:33:38] [world] The Player <hexa> has picked 7 of COBBLESTONE at X= 1000048, Y= 49, Z= 999918 that had [] enchantment(s) |  
[2024-03-26 00:33:42] [world] The Player <hexa> has picked 13 of IRON_ORE at X= 1000047, Y= 47, Z= 999919 that had [] enchantment(s) |  
[2024-03-26 00:33:47] [world] The Player <hexa> has picked 1 of COBBLESTONE at X= 1000046, Y= 47, Z= 999920 that had [] enchantment(s) |  
[2024-03-26 00:33:48] [world] The Player <hexa> has picked 2 of IRON_ORE at X= 1000045, Y= 49, Z= 999919 that had [] enchantment(s) |  
[2024-03-26 00:34:19] [world] The Player <hexa> has picked 1 of FLINT at X= 1000064, Y= 59, Z= 999912 that had [] enchantment(s) |  
[2024-03-26 00:35:19] [world] The Player <hexa> has picked 1 of TORCH at X= 1000049, Y= 39, Z= 999883 that had [] enchantment(s) |  
[2024-03-26 00:36:59] [world] The Player <hexa> has picked 1 of FISHING_ROD at X= 1000073, Y= 48, Z= 999901 that had [Unbreaking 2] enchantment(s) |  
[2024-03-26 00:37:32] [world] The Player <hexa> has picked 1 of TORCH at X= 500002, Y= 24, Z= 48386 that had [] enchantment(s) |  
[2024-03-26 00:38:04] [world] The Player <hexa> has picked 1 of TRAP_DOOR at X= 500004, Y= 22, Z= 48391 that had [] enchantment(s) |  
[2024-03-26 00:38:13] [world] The Player <hexa> has picked 1 of TRAP_DOOR at X= 500004, Y= 22, Z= 48391 that had [] enchantment(s) |  
[2024-03-26 00:38:17] [world] The Player <hexa> has picked 1 of TRAP_DOOR at X= 500004, Y= 22, Z= 48392 that had [] enchantment(s) |  
[2024-03-26 00:38:25] [world] The Player <hexa> has picked 1 of TRAP_DOOR at X= 500003, Y= 22, Z= 48390 that had [] enchantment(s) |  
[2024-03-26 00:38:57] [world] The Player <hexa> has picked 1 of TRAP_DOOR at X= 500003, Y= 22, Z= 48391 that had [] enchantment(s) |  
[2024-03-26 00:38:57] [world] The Player <hexa> has picked 1 of IRON_ORE at X= 500004, Y= 22, Z= 48391 that had [] enchantment(s) |  
[2024-03-26 00:39:10] [world] The Player <hexa> has picked 1 of TRAP_DOOR at X= 500003, Y= 22, Z= 48392 that had [] enchantment(s) |  
[2024-03-26 00:39:21] [world] The Player <hexa> has picked 1 of TRAP_DOOR at X= 500003, Y= 22, Z= 48392 that had [] enchantment(s) |  
[2024-03-26 00:39:27] [world] The Player <hexa> has picked 1 of TRAP_DOOR at X= 500004, Y= 23, Z= 48391 that had [] enchantment(s) |  
[2024-03-26 00:39:28] [world] The Player <Marshtomp17> has picked 1 of NETHER_BRICK at X= -582, Y= 79, Z= 248 that had [] enchantment(s) |  
[2024-03-26 00:39:46] [world] The Player <hexa> has picked 1 of TRAP_DOOR at X= 500003, Y= 22, Z= 48392 that had [] enchantment(s) |  
[2024-03-26 00:39:49] [world] The Player <hexa> has picked 1 of TRAP_DOOR at X= 500005, Y= 22, Z= 48392 that had [] enchantment(s) |  
[2024-03-26 00:39:53] [world] The Player <Marshtomp17> has picked 1 of NETHER_BRICK at X= -585, Y= 79, Z= 247 that had [] enchantment(s) |  
[2024-03-26 00:40:32] [world] The Player <hexa> has picked 1 of SPIDER_EYE at X= 500004, Y= 22, Z= 48388 that had [] enchantment(s) |  
[2024-03-26 00:40:36] [world] The Player <hexa> has picked 2 of SPIDER_EYE at X= 500002, Y= 22, Z= 48386 that had [] enchantment(s) |  
[2024-03-26 00:40:36] [world] The Player <hexa> has picked 11 of STRING at X= 500003, Y= 22, Z= 48386 that had [] enchantment(s) |  
[2024-03-26 00:40:38] [world] The Player <hexa> has picked 2 of SPIDER_EYE at X= 500002, Y= 22, Z= 48385 that had [] enchantment(s) |  
[2024-03-26 00:40:39] [world] The Player <hexa> has picked 3 of STRING at X= 500002, Y= 22, Z= 48384 that had [] enchantment(s) |  
[2024-03-26 00:40:40] [world] The Player <hexa> has picked 1 of SPIDER_EYE at X= 500003, Y= 22, Z= 48384 that had [] enchantment(s) |  
[2024-03-26 00:40:40] [world] The Player <hexa> has picked 2 of STRING at X= 500002, Y= 22, Z= 48384 that had [] enchantment(s) |  
[2024-03-26 00:40:53] [world] The Player <hexa> has picked 1 of STRING at X= 500003, Y= 22, Z= 48387 that had [] enchantment(s) |  
[2024-03-26 00:40:53] [world] The Player <hexa> has picked 1 of SPIDER_EYE at X= 500002, Y= 22, Z= 48387 that had [] enchantment(s) |  
[2024-03-26 00:41:24] [world] The Player <hexa> has picked 1 of STRING at X= 500002, Y= 22, Z= 48388 that had [] enchantment(s) |  
[2024-03-26 00:41:25] [world] The Player <hexa> has picked 2 of STRING at X= 500003, Y= 22, Z= 48390 that had [] enchantment(s) |  
[2024-03-26 00:41:25] [world] The Player <hexa> has picked 1 of SPIDER_EYE at X= 500003, Y= 22, Z= 48390 that had [] enchantment(s) |  
[2024-03-26 00:42:10] [world] The Player <hexa> has picked 18 of STRING at X= 500002, Y= 22, Z= 48383 that had [] enchantment(s) |  
[2024-03-26 00:42:10] [world] The Player <hexa> has picked 1 of STRING at X= 500002, Y= 22, Z= 48383 that had [] enchantment(s) |  
[2024-03-26 00:42:10] [world] The Player <hexa> has picked 4 of SPIDER_EYE at X= 500002, Y= 22, Z= 48384 that had [] enchantment(s) |  
[2024-03-26 00:42:12] [world] The Player <hexa> has picked 3 of STRING at X= 500003, Y= 22, Z= 48388 that had [] enchantment(s) |  
[2024-03-26 00:42:12] [world] The Player <hexa> has picked 1 of SPIDER_EYE at X= 500002, Y= 22, Z= 48389 that had [] enchantment(s) |  
[2024-03-26 00:43:11] [world] The Player <GolemDaWanderer> has picked 1 of REDSTONE_TORCH_ON at X= 9993, Y= 71, Z= -9914 that had [] enchantment(s) |  
[2024-03-26 00:43:19] [world] The Player <GolemDaWanderer> has picked 1 of SPONGE at X= 9991, Y= 71, Z= -9913 that had [] enchantment(s) | Flash Bomb
[2024-03-26 00:43:41] [world] The Player <hexa> has picked 1 of SIGN at X= 1000063, Y= 58, Z= 1000007 that had [] enchantment(s) |  
[2024-03-26 00:43:54] [world] The Player <hexa> has picked 1 of SIGN at X= 1000062, Y= 58, Z= 1000008 that had [] enchantment(s) |  
[2024-03-26 00:44:42] [world] The Player <hexa> has picked 1 of COBBLESTONE at X= 500004, Y= 27, Z= 48392 that had [] enchantment(s) |  
[2024-03-26 00:44:43] [world] The Player <hexa> has picked 1 of COBBLESTONE at X= 500004, Y= 27, Z= 48392 that had [] enchantment(s) |  
[2024-03-26 00:44:48] [world] The Player <GolemDaWanderer> has picked 1 of REDSTONE_BLOCK at X= 9983, Y= 72, Z= -9939 that had [] enchantment(s) |  
[2024-03-26 00:44:53] [world] The Player <hexa> has picked 1 of COBBLESTONE at X= 500005, Y= 29, Z= 48392 that had [] enchantment(s) |  
[2024-03-26 00:44:53] [world] The Player <Marshtomp17> has picked 1 of SIGN at X= -581, Y= 78, Z= 247 that had [] enchantment(s) |  
[2024-03-26 00:44:54] [world] The Player <hexa> has picked 1 of COBBLESTONE at X= 500005, Y= 28, Z= 48392 that had [] enchantment(s) |  
[2024-03-26 00:44:56] [world] The Player <hexa> has picked 2 of COBBLESTONE at X= 500005, Y= 28, Z= 48392 that had [] enchantment(s) |  
[2024-03-26 00:44:59] [world] The Player <GolemDaWanderer> has picked 1 of REDSTONE_TORCH_ON at X= 9986, Y= 72, Z= -9936 that had [] enchantment(s) |  
[2024-03-26 00:45:00] [world] The Player <hexa> has picked 1 of COBBLESTONE at X= 500008, Y= 26, Z= 48392 that had [] enchantment(s) |  
[2024-03-26 00:45:02] [world] The Player <GolemDaWanderer> has picked 4 of REDSTONE at X= 9986, Y= 72, Z= -9938 that had [] enchantment(s) |  
[2024-03-26 00:45:04] [world] The Player <hexa> has picked 1 of COBBLESTONE at X= 500006, Y= 27, Z= 48392 that had [] enchantment(s) |  
[2024-03-26 00:45:14] [world] The Player <hexa> has picked 2 of STRING at X= 500003, Y= 22, Z= 48388 that had [] enchantment(s) |  
[2024-03-26 00:45:14] [world] The Player <hexa> has picked 1 of SPIDER_EYE at X= 500004, Y= 22, Z= 48389 that had [] enchantment(s) |  
[2024-03-26 00:45:15] [world] The Player <hexa> has picked 2 of STRING at X= 500004, Y= 22, Z= 48387 that had [] enchantment(s) |  
[2024-03-26 00:45:15] [world] The Player <hexa> has picked 1 of SPIDER_EYE at X= 500003, Y= 22, Z= 48385 that had [] enchantment(s) |  
[2024-03-26 00:45:16] [world] The Player <hexa> has picked 2 of STRING at X= 500003, Y= 22, Z= 48386 that had [] enchantment(s) |  
[2024-03-26 00:45:17] [world] The Player <hexa> has picked 1 of STRING at X= 500003, Y= 22, Z= 48385 that had [] enchantment(s) |  
[2024-03-26 00:45:17] [world] The Player <hexa> has picked 2 of SPIDER_EYE at X= 500003, Y= 22, Z= 48384 that had [] enchantment(s) |  
[2024-03-26 00:45:25] [world] The Player <hexa> has picked 1 of STRING at X= 500003, Y= 23, Z= 48383 that had [] enchantment(s) |  
[2024-03-26 00:45:39] [world] The Player <hexa> has picked 7 of STRING at X= 500003, Y= 22, Z= 48384 that had [] enchantment(s) |  
[2024-03-26 00:45:39] [world] The Player <hexa> has picked 1 of SPIDER_EYE at X= 500002, Y= 22, Z= 48384 that had [] enchantment(s) |  
[2024-03-26 00:45:42] [world] The Player <hexa> has picked 6 of STRING at X= 500003, Y= 22, Z= 48388 that had [] enchantment(s) |  
[2024-03-26 00:45:42] [world] The Player <hexa> has picked 1 of SPIDER_EYE at X= 500004, Y= 22, Z= 48387 that had [] enchantment(s) |  
[2024-03-26 00:45:51] [world] The Player <Marshtomp17> has picked 1 of SIGN at X= -581, Y= 78, Z= 245 that had [] enchantment(s) |  
[2024-03-26 00:46:05] [world] The Player <GolemDaWanderer> has picked 1 of GRAVEL at X= 9983, Y= 72, Z= -9938 that had [] enchantment(s) |  
[2024-03-26 00:46:43] [world] The Player <GolemDaWanderer> has picked 1 of SPONGE at X= -579, Y= 66, Z= 298 that had [] enchantment(s) | Flash Bomb
[2024-03-26 00:46:43] [world] The Player <GolemDaWanderer> has picked 1 of SPONGE at X= -579, Y= 66, Z= 299 that had [] enchantment(s) | Flash Bomb
[2024-03-26 00:47:49] [world] The Player <GolemDaWanderer> has picked 1 of STAINED_CLAY at X= -577, Y= 65, Z= 299 that had [] enchantment(s) |  
[2024-03-26 00:47:53] [world] The Player <GolemDaWanderer> has picked 1 of WOOL at X= -585, Y= 66, Z= 297 that had [] enchantment(s) |  
[2024-03-26 00:47:56] [world] The Player <GolemDaWanderer> has picked 1 of REDSTONE_TORCH_ON at X= -578, Y= 66, Z= 300 that had [] enchantment(s) |  
[2024-03-26 00:49:04] [world] The Player <Mudkips_Rule> has picked 1 of REDSTONE at X= -577, Y= 66, Z= 299 that had [] enchantment(s) |  
[2024-03-26 00:49:09] [world] The Player <GolemDaWanderer> has picked 1 of REDSTONE_TORCH_ON at X= -582, Y= 66, Z= 298 that had [] enchantment(s) |  
[2024-03-26 00:49:10] [world] The Player <GolemDaWanderer> has picked 2 of REDSTONE at X= -579, Y= 66, Z= 298 that had [] enchantment(s) |  
[2024-03-26 00:49:27] [world] The Player <Mudkips_Rule> has picked 1 of SPONGE at X= -578, Y= 66, Z= 301 that had [] enchantment(s) | Flash Bomb
[2024-03-26 00:54:19] [world] The Player <GolemDaWanderer> has picked 1 of POTION at X= -572, Y= 78, Z= 252 that had [] enchantment(s) |  
[2024-03-26 00:54:56] [world] The Player <Marshtomp17> has picked 1 of SIGN at X= -581, Y= 78, Z= 249 that had [] enchantment(s) |  
[2024-03-26 00:55:47] [world] The Player <Marshtomp17> has picked 1 of SIGN at X= -581, Y= 78, Z= 248 that had [] enchantment(s) |  
[2024-03-26 00:57:58] [world] The Player <GolemDaWanderer> has picked 1 of POTION at X= -581, Y= 78, Z= 245 that had [] enchantment(s) |  
[2024-03-26 00:58:00] [world] The Player <GolemDaWanderer> has picked 1 of POTION at X= -581, Y= 78, Z= 245 that had [] enchantment(s) |  
[2024-03-26 00:58:02] [world] The Player <GolemDaWanderer> has picked 1 of POTION at X= -581, Y= 78, Z= 245 that had [] enchantment(s) |  
[2024-03-26 00:58:04] [world] The Player <GolemDaWanderer> has picked 1 of POTION at X= -581, Y= 78, Z= 245 that had [] enchantment(s) |  
[2024-03-26 00:58:06] [world] The Player <GolemDaWanderer> has picked 1 of POTION at X= -581, Y= 78, Z= 245 that had [] enchantment(s) |  
[2024-03-26 00:58:10] [world] The Player <GolemDaWanderer> has picked 1 of POTION at X= -581, Y= 78, Z= 245 that had [] enchantment(s) |  
[2024-03-26 01:01:20] [world] The Player <GolemDaWanderer> has picked 1 of COBBLESTONE at X= -1170, Y= 48, Z= -421 that had [] enchantment(s) |  
[2024-03-26 01:01:21] [world] The Player <GolemDaWanderer> has picked 1 of STONE at X= -1170, Y= 48, Z= -421 that had [] enchantment(s) |  
[2024-03-26 01:01:40] [world] The Player <GolemDaWanderer> has picked 1 of STONE at X= -1169, Y= 47, Z= -421 that had [] enchantment(s) |  
[2024-03-26 01:04:23] [world] The Player <GolemDaWanderer> has picked 28 of DIAMOND at X= -1152, Y= 65, Z= -438 that had [] enchantment(s) |  
[2024-03-26 01:05:32] [world] The Player <Mudkips_Rule> has picked 1 of POTION at X= -1167, Y= 47, Z= -429 that had [] enchantment(s) |  
[2024-03-26 01:05:32] [world] The Player <Mudkips_Rule> has picked 1 of POTION at X= -1167, Y= 47, Z= -429 that had [] enchantment(s) |  
[2024-03-26 01:05:32] [world] The Player <Mudkips_Rule> has picked 1 of POTION at X= -1167, Y= 47, Z= -429 that had [] enchantment(s) |  
[2024-03-26 01:05:33] [world] The Player <Mudkips_Rule> has picked 1 of POTION at X= -1167, Y= 47, Z= -429 that had [] enchantment(s) |  
[2024-03-26 01:05:33] [world] The Player <Mudkips_Rule> has picked 1 of POTION at X= -1167, Y= 47, Z= -429 that had [] enchantment(s) |  
[2024-03-26 01:05:33] [world] The Player <Mudkips_Rule> has picked 1 of POTION at X= -1167, Y= 47, Z= -429 that had [] enchantment(s) |  
[2024-03-26 01:07:02] [world] The Player <Marshtomp17> has picked 23 of SULPHUR at X= -1169, Y= 49, Z= -429 that had [] enchantment(s) |  
[2024-03-26 01:07:14] [world] The Player <GolemDaWanderer> has picked 1 of WOOL at X= -570, Y= 88, Z= 257 that had [] enchantment(s) |  
[2024-03-26 01:07:26] [world] The Player <GolemDaWanderer> has picked 1 of WOOL at X= -570, Y= 88, Z= 257 that had [] enchantment(s) |  
[2024-03-26 01:07:31] [world] The Player <GolemDaWanderer> has picked 1 of WOOL at X= -570, Y= 88, Z= 257 that had [] enchantment(s) |  
[2024-03-26 01:08:07] [world] The Player <Mudkips_Rule> has picked 23 of SULPHUR at X= -1169, Y= 49, Z= -429 that had [] enchantment(s) |  
[2024-03-26 01:09:26] [world] The Player <GolemDaWanderer> has picked 1 of WOOL at X= -570, Y= 88, Z= 261 that had [] enchantment(s) |  
[2024-03-26 01:09:48] [world] The Player <GolemDaWanderer> has picked 3 of QUARTZ_BLOCK at X= -577, Y= 78, Z= 263 that had [] enchantment(s) |  
[2024-03-26 01:10:40] [world] The Player <GolemDaWanderer> has picked 13 of ENDER_CHEST at X= -570, Y= 89, Z= 260 that had [] enchantment(s) |  
[2024-03-26 01:10:50] [world] The Player <GolemDaWanderer> has picked 1 of ENDER_CHEST at X= -569, Y= 88, Z= 260 that had [] enchantment(s) |  
[2024-03-26 01:10:59] [world] The Player <GolemDaWanderer> has picked 4 of QUARTZ_BLOCK at X= -571, Y= 89, Z= 262 that had [] enchantment(s) |  
[2024-03-26 01:20:43] [world] The Player <Mudkips_Rule> has picked 12 of DIAMOND at X= -1168, Y= 48, Z= -429 that had [] enchantment(s) |  
[2024-03-26 01:26:11] [world] The Player <Marshtomp17> has picked 6 of NETHER_BRICK at X= -1169, Y= 48, Z= -435 that had [] enchantment(s) |  
[2024-03-26 01:29:09] [world] The Player <Mudkips_Rule> has picked 1 of LOG at X= -1176, Y= 71, Z= -436 that had [] enchantment(s) |  
[2024-03-26 01:29:10] [world] The Player <Mudkips_Rule> has picked 1 of LOG at X= -1176, Y= 70, Z= -435 that had [] enchantment(s) |  
[2024-03-26 01:29:10] [world] The Player <Mudkips_Rule> has picked 1 of LOG at X= -1176, Y= 71, Z= -435 that had [] enchantment(s) |  
[2024-03-26 01:29:11] [world] The Player <Mudkips_Rule> has picked 1 of LOG at X= -1176, Y= 71, Z= -435 that had [] enchantment(s) |  
[2024-03-26 01:29:22] [world] The Player <Mudkips_Rule> has picked 1 of LOG at X= -1177, Y= 71, Z= -435 that had [] enchantment(s) |  
[2024-03-26 01:29:23] [world] The Player <Mudkips_Rule> has picked 1 of LOG at X= -1178, Y= 72, Z= -435 that had [] enchantment(s) |  
[2024-03-26 01:29:24] [world] The Player <Mudkips_Rule> has picked 1 of LOG at X= -1177, Y= 70, Z= -435 that had [] enchantment(s) |  
[2024-03-26 01:29:24] [world] The Player <Mudkips_Rule> has picked 1 of LOG at X= -1178, Y= 71, Z= -436 that had [] enchantment(s) |  
[2024-03-26 01:29:28] [world] The Player <Mudkips_Rule> has picked 1 of LOG at X= -1177, Y= 71, Z= -435 that had [] enchantment(s) |  
[2024-03-26 01:29:28] [world] The Player <Mudkips_Rule> has picked 1 of LOG at X= -1177, Y= 71, Z= -433 that had [] enchantment(s) |  
[2024-03-26 01:29:44] [world] The Player <Mudkips_Rule> has picked 5 of LOG at X= -1177, Y= 71, Z= -433 that had [] enchantment(s) |  
[2024-03-26 01:29:50] [world] The Player <Mudkips_Rule> has picked 2 of LOG at X= -1175, Y= 72, Z= -433 that had [] enchantment(s) |  
[2024-03-26 01:37:17] [world] The Player <Marshtomp17> has picked 5 of CHEST at X= -581, Y= 78, Z= 247 that had [] enchantment(s) |  
[2024-03-26 01:37:21] [world] The Player <Marshtomp17> has picked 12 of SIGN at X= -581, Y= 78, Z= 247 that had [] enchantment(s) |  
[2024-03-26 01:38:57] [world] The Player <Marshtomp17> has picked 1 of SIGN at X= -581, Y= 78, Z= 245 that had [] enchantment(s) |  
[2024-03-26 01:43:34] [world] The Player <Marshtomp17> has picked 1 of SIGN at X= -575, Y= 78, Z= 244 that had [] enchantment(s) |  
[2024-03-26 02:14:47] [world] The Player <GolemDaWanderer> has picked 1 of LOG at X= 10045, Y= 63, Z= -10011 that had [] enchantment(s) |  
[2024-03-26 02:14:48] [world] The Player <GolemDaWanderer> has picked 1 of LOG at X= 10047, Y= 63, Z= -10012 that had [] enchantment(s) |  
[2024-03-26 02:14:48] [world] The Player <GolemDaWanderer> has picked 1 of LOG at X= 10046, Y= 63, Z= -10013 that had [] enchantment(s) |  
[2024-03-26 02:14:49] [world] The Player <GolemDaWanderer> has picked 1 of LOG at X= 10046, Y= 64, Z= -10012 that had [] enchantment(s) |  
[2024-03-26 02:14:50] [world] The Player <GolemDaWanderer> has picked 1 of LOG at X= 10046, Y= 64, Z= -10012 that had [] enchantment(s) |  
[2024-03-26 02:14:54] [world] The Player <GolemDaWanderer> has picked 1 of LOG at X= 10050, Y= 63, Z= -10010 that had [] enchantment(s) |  
[2024-03-26 02:14:54] [world] The Player <GolemDaWanderer> has picked 1 of LOG at X= 10049, Y= 63, Z= -10011 that had [] enchantment(s) |  
[2024-03-26 02:14:55] [world] The Player <GolemDaWanderer> has picked 1 of LOG at X= 10049, Y= 64, Z= -10010 that had [] enchantment(s) |  
[2024-03-26 02:14:56] [world] The Player <GolemDaWanderer> has picked 1 of LOG at X= 10049, Y= 64, Z= -10010 that had [] enchantment(s) |  
[2024-03-26 02:14:56] [world] The Player <GolemDaWanderer> has picked 1 of LOG at X= 10049, Y= 65, Z= -10010 that had [] enchantment(s) |  
[2024-03-26 02:15:02] [world] The Player <GolemDaWanderer> has picked 1 of LOG at X= 10056, Y= 63, Z= -10010 that had [] enchantment(s) |  
[2024-03-26 02:15:03] [world] The Player <GolemDaWanderer> has picked 1 of LOG at X= 10058, Y= 63, Z= -10009 that had [] enchantment(s) |  
[2024-03-26 02:15:04] [world] The Player <GolemDaWanderer> has picked 1 of LOG at X= 10056, Y= 63, Z= -10010 that had [] enchantment(s) |  
[2024-03-26 02:15:04] [world] The Player <GolemDaWanderer> has picked 1 of LOG at X= 10057, Y= 64, Z= -10010 that had [] enchantment(s) |  
[2024-03-26 02:15:05] [world] The Player <GolemDaWanderer> has picked 1 of LOG at X= 10057, Y= 64, Z= -10010 that had [] enchantment(s) |  
[2024-03-26 02:15:08] [world] The Player <GolemDaWanderer> has picked 1 of LOG at X= 10055, Y= 63, Z= -10006 that had [] enchantment(s) |  
[2024-03-26 02:15:08] [world] The Player <GolemDaWanderer> has picked 1 of LOG at X= 10055, Y= 63, Z= -10006 that had [] enchantment(s) |  
[2024-03-26 02:15:09] [world] The Player <GolemDaWanderer> has picked 1 of LOG at X= 10055, Y= 64, Z= -10005 that had [] enchantment(s) |  
[2024-03-26 02:15:10] [world] The Player <GolemDaWanderer> has picked 2 of LOG at X= 10056, Y= 63, Z= -10005 that had [] enchantment(s) |  
[2024-03-26 02:15:11] [world] The Player <GolemDaWanderer> has picked 1 of LOG at X= 10055, Y= 64, Z= -10005 that had [] enchantment(s) |  
[2024-03-26 02:15:16] [world] The Player <GolemDaWanderer> has picked 1 of LOG at X= 10059, Y= 64, Z= -9998 that had [] enchantment(s) |  
[2024-03-26 02:15:17] [world] The Player <GolemDaWanderer> has picked 1 of LOG at X= 10059, Y= 64, Z= -9998 that had [] enchantment(s) |  
[2024-03-26 02:15:18] [world] The Player <GolemDaWanderer> has picked 1 of LOG at X= 10059, Y= 64, Z= -9998 that had [] enchantment(s) |  
[2024-03-26 02:15:19] [world] The Player <GolemDaWanderer> has picked 1 of LOG at X= 10059, Y= 65, Z= -9998 that had [] enchantment(s) |  
[2024-03-26 02:15:24] [world] The Player <GolemDaWanderer> has picked 2 of LOG at X= 10066, Y= 63, Z= -9991 that had [] enchantment(s) |  
[2024-03-26 02:15:25] [world] The Player <GolemDaWanderer> has picked 1 of LOG at X= 10067, Y= 64, Z= -9993 that had [] enchantment(s) |  
[2024-03-26 02:15:26] [world] The Player <GolemDaWanderer> has picked 1 of LOG at X= 10066, Y= 64, Z= -9992 that had [] enchantment(s) |  
[2024-03-26 02:15:26] [world] The Player <GolemDaWanderer> has picked 1 of LOG at X= 10066, Y= 65, Z= -9992 that had [] enchantment(s) |  
[2024-03-26 02:15:28] [world] The Player <GolemDaWanderer> has picked 1 of LOG at X= 10066, Y= 64, Z= -9992 that had [] enchantment(s) |  
[2024-03-26 02:15:32] [world] The Player <GolemDaWanderer> has picked 1 of LOG at X= 10070, Y= 66, Z= -9993 that had [] enchantment(s) |  
[2024-03-26 02:15:32] [world] The Player <GolemDaWanderer> has picked 1 of LOG at X= 10071, Y= 66, Z= -9993 that had [] enchantment(s) |  
[2024-03-26 02:15:33] [world] The Player <GolemDaWanderer> has picked 1 of LOG at X= 10070, Y= 65, Z= -9993 that had [] enchantment(s) |  
[2024-03-26 02:15:34] [world] The Player <GolemDaWanderer> has picked 1 of LOG at X= 10070, Y= 66, Z= -9993 that had [] enchantment(s) |  
[2024-03-26 02:15:34] [world] The Player <GolemDaWanderer> has picked 1 of LOG at X= 10070, Y= 66, Z= -9993 that had [] enchantment(s) |  
[2024-03-26 02:15:35] [world] The Player <GolemDaWanderer> has picked 1 of LOG at X= 10070, Y= 66, Z= -9993 that had [] enchantment(s) |  
[2024-03-26 02:15:38] [world] The Player <GolemDaWanderer> has picked 1 of LOG at X= 10068, Y= 66, Z= -9996 that had [] enchantment(s) |  
[2024-03-26 02:15:38] [world] The Player <GolemDaWanderer> has picked 1 of LOG at X= 10069, Y= 66, Z= -9996 that had [] enchantment(s) |  
[2024-03-26 02:15:39] [world] The Player <GolemDaWanderer> has picked 1 of LOG at X= 10068, Y= 66, Z= -9996 that had [] enchantment(s) |  
[2024-03-26 02:15:40] [world] The Player <GolemDaWanderer> has picked 1 of LOG at X= 10069, Y= 68, Z= -9996 that had [] enchantment(s) |  
[2024-03-26 02:15:40] [world] The Player <GolemDaWanderer> has picked 1 of LOG at X= 10069, Y= 68, Z= -9996 that had [] enchantment(s) |  
[2024-03-26 02:15:41] [world] The Player <GolemDaWanderer> has picked 1 of LOG at X= 10069, Y= 67, Z= -9996 that had [] enchantment(s) |  
[2024-03-26 02:15:45] [world] The Player <GolemDaWanderer> has picked 1 of LOG at X= 10064, Y= 63, Z= -9989 that had [] enchantment(s) |  
[2024-03-26 02:15:46] [world] The Player <GolemDaWanderer> has picked 1 of LOG at X= 10064, Y= 63, Z= -9989 that had [] enchantment(s) |  
[2024-03-26 02:15:46] [world] The Player <GolemDaWanderer> has picked 1 of LOG at X= 10065, Y= 63, Z= -9988 that had [] enchantment(s) |  
[2024-03-26 02:15:47] [world] The Player <GolemDaWanderer> has picked 1 of LOG at X= 10065, Y= 64, Z= -9988 that had [] enchantment(s) |  
[2024-03-26 02:15:48] [world] The Player <GolemDaWanderer> has picked 1 of LOG at X= 10065, Y= 65, Z= -9988 that had [] enchantment(s) |  
[2024-03-26 02:15:50] [world] The Player <GolemDaWanderer> has picked 2 of LOG at X= 10063, Y= 63, Z= -9984 that had [] enchantment(s) |  
[2024-03-26 02:15:51] [world] The Player <GolemDaWanderer> has picked 1 of LOG at X= 10063, Y= 63, Z= -9985 that had [] enchantment(s) |  
[2024-03-26 02:15:52] [world] The Player <GolemDaWanderer> has picked 1 of LOG at X= 10063, Y= 64, Z= -9984 that had [] enchantment(s) |  
[2024-03-26 02:15:53] [world] The Player <GolemDaWanderer> has picked 1 of LOG at X= 10063, Y= 65, Z= -9984 that had [] enchantment(s) |  
[2024-03-26 02:15:59] [world] The Player <GolemDaWanderer> has picked 2 of LOG at X= 10076, Y= 63, Z= -9985 that had [] enchantment(s) |  
[2024-03-26 02:16:00] [world] The Player <GolemDaWanderer> has picked 1 of LOG at X= 10077, Y= 64, Z= -9985 that had [] enchantment(s) |  
[2024-03-26 02:16:00] [world] The Player <GolemDaWanderer> has picked 1 of LOG at X= 10077, Y= 65, Z= -9985 that had [] enchantment(s) |  
[2024-03-26 02:16:01] [world] The Player <GolemDaWanderer> has picked 1 of LOG at X= 10077, Y= 64, Z= -9985 that had [] enchantment(s) |  
[2024-03-26 02:16:09] [world] The Player <GolemDaWanderer> has picked 1 of LOG at X= 10072, Y= 63, Z= -9975 that had [] enchantment(s) |  
[2024-03-26 02:16:10] [world] The Player <GolemDaWanderer> has picked 1 of LOG at X= 10071, Y= 63, Z= -9975 that had [] enchantment(s) |  
[2024-03-26 02:16:11] [world] The Player <GolemDaWanderer> has picked 1 of LOG at X= 10071, Y= 63, Z= -9975 that had [] enchantment(s) |  
[2024-03-26 02:16:11] [world] The Player <GolemDaWanderer> has picked 1 of LOG at X= 10071, Y= 64, Z= -9975 that had [] enchantment(s) |  
[2024-03-26 02:16:12] [world] The Player <GolemDaWanderer> has picked 1 of LOG at X= 10071, Y= 65, Z= -9975 that had [] enchantment(s) |  
[2024-03-26 02:16:14] [world] The Player <GolemDaWanderer> has picked 1 of LOG at X= 10074, Y= 64, Z= -9974 that had [] enchantment(s) |  
[2024-03-26 02:16:17] [world] The Player <GolemDaWanderer> has picked 1 of LOG at X= 10075, Y= 63, Z= -9973 that had [] enchantment(s) |  
[2024-03-26 02:21:49] [world] The Player <GolemDaWanderer> has picked 1 of WORKBENCH at X= 10076, Y= 63, Z= -9974 that had [] enchantment(s) |  
[2024-03-26 02:22:23] [world] The Player <GolemDaWanderer> has picked 1 of DIODE at X= 9980, Y= 68, Z= -10000 that had [] enchantment(s) |  
[2024-03-26 11:23:49] [world] The Player <GolemDaWanderer> has picked 1 of REDSTONE at X= 10006, Y= 66, Z= -9963 that had [] enchantment(s) |  
[2024-03-26 11:24:07] [world] The Player <GolemDaWanderer> has picked 1 of LOG at X= 10004, Y= 66, Z= -9958 that had [] enchantment(s) |  
[2024-03-26 11:24:19] [world] The Player <GolemDaWanderer> has picked 13 of REDSTONE at X= 10007, Y= 66, Z= -9962 that had [] enchantment(s) |  
[2024-03-26 11:24:34] [world] The Player <GolemDaWanderer> has picked 1 of REDSTONE_TORCH_ON at X= 10008, Y= 66, Z= -9963 that had [] enchantment(s) |  
[2024-03-26 11:24:51] [world] The Player <GolemDaWanderer> has picked 1 of REDSTONE at X= 10006, Y= 67, Z= -9934 that had [] enchantment(s) |  
[2024-03-26 11:25:08] [world] The Player <GolemDaWanderer> has picked 2 of REDSTONE at X= 10006, Y= 64, Z= -9936 that had [] enchantment(s) |  
[2024-03-26 11:25:26] [world] The Player <GolemDaWanderer> has picked 1 of REDSTONE_TORCH_ON at X= 10008, Y= 65, Z= -9937 that had [] enchantment(s) |  
[2024-03-26 11:25:34] [world] The Player <GolemDaWanderer> has picked 1 of REDSTONE_TORCH_ON at X= 10008, Y= 64, Z= -9935 that had [] enchantment(s) |  
[2024-03-26 11:25:41] [world] The Player <GolemDaWanderer> has picked 1 of REDSTONE_TORCH_ON at X= 10009, Y= 64, Z= -9935 that had [] enchantment(s) |  
[2024-03-26 11:25:41] [world] The Player <GolemDaWanderer> has picked 1 of REDSTONE at X= 10009, Y= 64, Z= -9937 that had [] enchantment(s) |  
[2024-03-26 11:25:45] [world] The Player <GolemDaWanderer> has picked 1 of REDSTONE at X= 10008, Y= 64, Z= -9936 that had [] enchantment(s) |  
[2024-03-26 11:26:40] [world] The Player <GolemDaWanderer> has picked 1 of REDSTONE_TORCH_ON at X= 10007, Y= 63, Z= -9934 that had [] enchantment(s) |  
[2024-03-26 11:26:48] [world] The Player <GolemDaWanderer> has picked 21 of DIRT at X= 10005, Y= 64, Z= -9933 that had [] enchantment(s) |  
[2024-03-26 11:26:52] [world] The Player <GolemDaWanderer> has picked 2 of REDSTONE at X= 10007, Y= 65, Z= -9939 that had [] enchantment(s) |  
[2024-03-26 11:26:52] [world] The Player <GolemDaWanderer> has picked 1 of REDSTONE at X= 10007, Y= 65, Z= -9941 that had [] enchantment(s) |  
[2024-03-26 11:26:53] [world] The Player <GolemDaWanderer> has picked 5 of REDSTONE at X= 10008, Y= 65, Z= -9946 that had [] enchantment(s) |  
[2024-03-26 11:26:54] [world] The Player <GolemDaWanderer> has picked 1 of DIODE at X= 10006, Y= 66, Z= -9948 that had [] enchantment(s) |  
[2024-03-26 11:26:55] [world] The Player <GolemDaWanderer> has picked 1 of REDSTONE at X= 10007, Y= 66, Z= -9952 that had [] enchantment(s) |  
[2024-03-26 11:26:56] [world] The Player <GolemDaWanderer> has picked 14 of REDSTONE at X= 10008, Y= 66, Z= -9963 that had [] enchantment(s) |  
[2024-03-26 11:27:01] [world] The Player <GolemDaWanderer> has picked 1 of REDSTONE at X= 10007, Y= 65, Z= -9941 that had [] enchantment(s) |  
[2024-03-26 12:04:02] [world] The Player <Tester> has picked 1 of INK_SACK at X= -544, Y= 68, Z= 251 that had [] enchantment(s) |  
[2024-03-26 12:04:09] [world] The Player <Tester> has picked 1 of INK_SACK at X= -545, Y= 68, Z= 251 that had [] enchantment(s) |  
[2024-03-26 12:05:01] [world] The Player <Tester> has picked 1 of LEVER at X= -562, Y= 69, Z= 290 that had [] enchantment(s) | eC4e 0
[2024-03-26 13:04:11] [world] The Player <NezukoChan> has picked 1 of STONE at X= -548, Y= 62, Z= 295 that had [] enchantment(s) |  
[2024-03-26 13:28:52] [world] The Player <NezukoChan> has picked 1 of STONE at X= -548, Y= 61, Z= 294 that had [] enchantment(s) |  
[2024-03-26 13:28:53] [world] The Player <NezukoChan> has picked 1 of STONE at X= -547, Y= 61, Z= 294 that had [] enchantment(s) |  
[2024-03-26 13:28:53] [world] The Player <NezukoChan> has picked 1 of STONE at X= -547, Y= 61, Z= 294 that had [] enchantment(s) |  
[2024-03-26 13:29:14] [world] The Player <NezukoChan> has picked 3 of STONE at X= -548, Y= 61, Z= 294 that had [] enchantment(s) |  
[2024-03-26 13:29:15] [world] The Player <NezukoChan> has picked 1 of STONE at X= -547, Y= 61, Z= 294 that had [] enchantment(s) |  
[2024-03-26 13:29:28] [world] The Player <NezukoChan> has picked 2 of STONE at X= -547, Y= 62, Z= 295 that had [] enchantment(s) |  
[2024-03-26 13:32:07] [world] The Player <hexa> has picked 7 of INK_SACK at X= -450, Y= 28, Z= 312 that had [] enchantment(s) |  
[2024-03-26 13:32:08] [world] The Player <hexa> has picked 4 of INK_SACK at X= -451, Y= 27, Z= 311 that had [] enchantment(s) |  
[2024-03-26 13:32:41] [world] The Player <hexa> has picked 1 of COBBLESTONE at X= -460, Y= 15, Z= 307 that had [] enchantment(s) |  
[2024-03-26 13:32:55] [world] The Player <hexa> has picked 1 of COBBLESTONE at X= -461, Y= 12, Z= 259 that had [] enchantment(s) |  
[2024-03-26 13:33:02] [world] The Player <hexa> has picked 1 of COBBLESTONE at X= -463, Y= 11, Z= 249 that had [] enchantment(s) |  
[2024-03-26 13:33:03] [world] The Player <hexa> has picked 2 of COBBLESTONE at X= -463, Y= 11, Z= 249 that had [] enchantment(s) |  
[2024-03-26 13:33:06] [world] The Player <hexa> has picked 6 of COBBLESTONE at X= -465, Y= 11, Z= 248 that had [] enchantment(s) |  
[2024-03-26 13:33:20] [world] The Player <hexa> has picked 3 of COBBLESTONE at X= -473, Y= 11, Z= 256 that had [] enchantment(s) |  
[2024-03-26 13:33:22] [world] The Player <hexa> has picked 1 of COBBLESTONE at X= -473, Y= 12, Z= 257 that had [] enchantment(s) |  
[2024-03-26 13:33:22] [world] The Player <hexa> has picked 1 of COBBLESTONE at X= -473, Y= 12, Z= 257 that had [] enchantment(s) |  
[2024-03-26 13:33:25] [world] The Player <hexa> has picked 1 of STONE at X= -473, Y= 11, Z= 258 that had [] enchantment(s) |  
[2024-03-26 13:33:25] [world] The Player <hexa> has picked 1 of COBBLESTONE at X= -473, Y= 11, Z= 256 that had [] enchantment(s) |  
[2024-03-26 13:33:26] [world] The Player <hexa> has picked 1 of STONE at X= -473, Y= 11, Z= 259 that had [] enchantment(s) |  
[2024-03-26 13:33:26] [world] The Player <hexa> has picked 1 of COBBLESTONE at X= -473, Y= 11, Z= 259 that had [] enchantment(s) |  
[2024-03-26 13:33:27] [world] The Player <hexa> has picked 1 of COBBLESTONE at X= -473, Y= 11, Z= 260 that had [] enchantment(s) |  
[2024-03-26 13:33:27] [world] The Player <hexa> has picked 1 of STONE at X= -473, Y= 11, Z= 259 that had [] enchantment(s) |  
[2024-03-26 13:33:28] [world] The Player <hexa> has picked 2 of STONE at X= -473, Y= 11, Z= 260 that had [] enchantment(s) |  
[2024-03-26 13:33:29] [world] The Player <hexa> has picked 1 of STONE at X= -473, Y= 11, Z= 261 that had [] enchantment(s) |  
[2024-03-26 13:33:29] [world] The Player <hexa> has picked 1 of STONE at X= -473, Y= 11, Z= 262 that had [] enchantment(s) |  
[2024-03-26 13:33:30] [world] The Player <hexa> has picked 2 of STONE at X= -473, Y= 11, Z= 263 that had [] enchantment(s) |  
[2024-03-26 13:33:30] [world] The Player <hexa> has picked 1 of STONE at X= -473, Y= 12, Z= 263 that had [] enchantment(s) |  
[2024-03-26 13:33:32] [world] The Player <hexa> has picked 1 of STONE at X= -473, Y= 11, Z= 264 that had [] enchantment(s) |  
[2024-03-26 13:33:33] [world] The Player <hexa> has picked 1 of COBBLESTONE at X= -473, Y= 11, Z= 266 that had [] enchantment(s) |  
[2024-03-26 13:33:33] [world] The Player <hexa> has picked 4 of STONE at X= -473, Y= 11, Z= 267 that had [] enchantment(s) |  
[2024-03-26 13:33:34] [world] The Player <hexa> has picked 5 of COBBLESTONE at X= -473, Y= 11, Z= 268 that had [] enchantment(s) |  
[2024-03-26 13:33:35] [world] The Player <hexa> has picked 2 of COBBLESTONE at X= -473, Y= 11, Z= 270 that had [] enchantment(s) |  
[2024-03-26 13:33:39] [world] The Player <hexa> has picked 2 of COBBLESTONE at X= -473, Y= 11, Z= 271 that had [] enchantment(s) |  
[2024-03-26 13:33:40] [world] The Player <hexa> has picked 2 of COBBLESTONE at X= -473, Y= 11, Z= 272 that had [] enchantment(s) |  
[2024-03-26 13:33:41] [world] The Player <hexa> has picked 2 of COBBLESTONE at X= -473, Y= 11, Z= 272 that had [] enchantment(s) |  
[2024-03-26 13:33:45] [world] The Player <hexa> has picked 4 of COBBLESTONE at X= -473, Y= 11, Z= 275 that had [] enchantment(s) |  
[2024-03-26 13:33:45] [world] The Player <hexa> has picked 1 of COBBLESTONE at X= -473, Y= 11, Z= 276 that had [] enchantment(s) |  
[2024-03-26 13:33:45] [world] The Player <hexa> has picked 1 of STONE at X= -473, Y= 11, Z= 276 that had [] enchantment(s) |  
[2024-03-26 13:33:46] [world] The Player <hexa> has picked 1 of STONE at X= -473, Y= 11, Z= 277 that had [] enchantment(s) |  
[2024-03-26 13:33:46] [world] The Player <hexa> has picked 1 of COBBLESTONE at X= -473, Y= 11, Z= 276 that had [] enchantment(s) |  
[2024-03-26 13:33:47] [world] The Player <hexa> has picked 1 of STONE at X= -473, Y= 12, Z= 278 that had [] enchantment(s) |  
[2024-03-26 13:33:49] [world] The Player <hexa> has picked 4 of COBBLESTONE at X= -473, Y= 11, Z= 279 that had [] enchantment(s) |  
[2024-03-26 13:33:51] [world] The Player <hexa> has picked 1 of COBBLESTONE at X= -473, Y= 11, Z= 281 that had [] enchantment(s) |  
[2024-03-26 13:33:51] [world] The Player <hexa> has picked 4 of STONE at X= -473, Y= 11, Z= 282 that had [] enchantment(s) |  
[2024-03-26 13:33:52] [world] The Player <hexa> has picked 4 of STONE at X= -473, Y= 11, Z= 284 that had [] enchantment(s) |  
[2024-03-26 13:33:56] [world] The Player <hexa> has picked 3 of COBBLESTONE at X= -473, Y= 11, Z= 284 that had [] enchantment(s) |  
[2024-03-26 13:33:56] [world] The Player <hexa> has picked 1 of COBBLESTONE at X= -473, Y= 11, Z= 286 that had [] enchantment(s) |  
[2024-03-26 13:33:57] [world] The Player <hexa> has picked 2 of COBBLESTONE at X= -473, Y= 11, Z= 286 that had [] enchantment(s) |  
[2024-03-26 13:33:58] [world] The Player <hexa> has picked 2 of COBBLESTONE at X= -473, Y= 11, Z= 288 that had [] enchantment(s) |  
[2024-03-26 13:33:59] [world] The Player <hexa> has picked 2 of COBBLESTONE at X= -473, Y= 11, Z= 288 that had [] enchantment(s) |  
[2024-03-26 13:34:00] [world] The Player <hexa> has picked 2 of COBBLESTONE at X= -473, Y= 11, Z= 290 that had [] enchantment(s) |  
[2024-03-26 13:34:00] [world] The Player <hexa> has picked 1 of COBBLESTONE at X= -473, Y= 11, Z= 290 that had [] enchantment(s) |  
[2024-03-26 13:34:03] [world] The Player <hexa> has picked 2 of COBBLESTONE at X= -473, Y= 11, Z= 291 that had [] enchantment(s) |  
[2024-03-26 13:34:38] [world] The Player <hexa> has picked 1 of REDSTONE at X= -473, Y= 12, Z= 308 that had [] enchantment(s) |  
[2024-03-26 13:34:38] [world] The Player <hexa> has picked 1 of REDSTONE at X= -473, Y= 12, Z= 308 that had [] enchantment(s) |  
[2024-03-26 13:34:38] [world] The Player <hexa> has picked 1 of REDSTONE at X= -473, Y= 12, Z= 308 that had [] enchantment(s) |  
[2024-03-26 13:34:38] [world] The Player <hexa> has picked 2 of COBBLESTONE at X= -475, Y= 11, Z= 308 that had [] enchantment(s) |  
[2024-03-26 13:34:38] [world] The Player <hexa> has picked 1 of STONE at X= -475, Y= 11, Z= 308 that had [] enchantment(s) |  
[2024-03-26 13:34:39] [world] The Player <hexa> has picked 17 of REDSTONE at X= -474, Y= 12, Z= 308 that had [] enchantment(s) |  
[2024-03-26 13:34:39] [world] The Player <hexa> has picked 1 of REDSTONE at X= -474, Y= 12, Z= 308 that had [] enchantment(s) |  
[2024-03-26 13:34:39] [world] The Player <NezukoChan> has picked 1 of ENDER_CHEST at X= -551, Y= 65, Z= 316 that had [] enchantment(s) |  
[2024-03-26 13:34:40] [world] The Player <NezukoChan> has picked 1 of ENDER_CHEST at X= -550, Y= 65, Z= 314 that had [] enchantment(s) |  
[2024-03-26 13:34:42] [world] The Player <hexa> has picked 2 of COBBLESTONE at X= -474, Y= 12, Z= 309 that had [] enchantment(s) |  
[2024-03-26 13:34:42] [world] The Player <hexa> has picked 1 of COBBLESTONE at X= -474, Y= 12, Z= 310 that had [] enchantment(s) |  
[2024-03-26 13:34:42] [world] The Player <hexa> has picked 1 of COBBLESTONE at X= -474, Y= 12, Z= 310 that had [] enchantment(s) |  
[2024-03-26 13:34:44] [world] The Player <hexa> has picked 4 of COBBLESTONE at X= -473, Y= 12, Z= 310 that had [] enchantment(s) |  
[2024-03-26 13:34:45] [world] The Player <hexa> has picked 2 of COBBLESTONE at X= -473, Y= 12, Z= 311 that had [] enchantment(s) |  
[2024-03-26 13:34:47] [world] The Player <hexa> has picked 3 of COBBLESTONE at X= -472, Y= 11, Z= 311 that had [] enchantment(s) |  
[2024-03-26 13:34:48] [world] The Player <hexa> has picked 2 of COBBLESTONE at X= -471, Y= 11, Z= 311 that had [] enchantment(s) |  
[2024-03-26 13:34:49] [world] The Player <hexa> has picked 1 of COBBLESTONE at X= -470, Y= 12, Z= 311 that had [] enchantment(s) |  
[2024-03-26 13:34:51] [world] The Player <hexa> has picked 5 of COBBLESTONE at X= -469, Y= 11, Z= 311 that had [] enchantment(s) |  
[2024-03-26 13:34:51] [world] The Player <hexa> has picked 1 of COBBLESTONE at X= -467, Y= 12, Z= 311 that had [] enchantment(s) |  
[2024-03-26 13:34:52] [world] The Player <hexa> has picked 1 of COBBLESTONE at X= -467, Y= 12, Z= 312 that had [] enchantment(s) |  
[2024-03-26 13:34:53] [world] The Player <hexa> has picked 2 of COBBLESTONE at X= -468, Y= 11, Z= 311 that had [] enchantment(s) |  
[2024-03-26 13:34:54] [world] The Player <hexa> has picked 2 of COBBLESTONE at X= -465, Y= 11, Z= 311 that had [] enchantment(s) |  
[2024-03-26 13:35:04] [world] The Player <hexa> has picked 5 of REDSTONE at X= -465, Y= 12, Z= 312 that had [] enchantment(s) |  
[2024-03-26 13:35:04] [world] The Player <hexa> has picked 1 of REDSTONE at X= -465, Y= 12, Z= 312 that had [] enchantment(s) |  
[2024-03-26 13:35:05] [world] The Player <hexa> has picked 2 of COBBLESTONE at X= -466, Y= 11, Z= 312 that had [] enchantment(s) |  
[2024-03-26 13:35:05] [world] The Player <hexa> has picked 1 of COBBLESTONE at X= -466, Y= 12, Z= 313 that had [] enchantment(s) |  
[2024-03-26 13:35:07] [world] The Player <hexa> has picked 3 of COBBLESTONE at X= -466, Y= 11, Z= 313 that had [] enchantment(s) |  
[2024-03-26 13:35:07] [world] The Player <hexa> has picked 1 of COBBLESTONE at X= -466, Y= 11, Z= 314 that had [] enchantment(s) |  
[2024-03-26 13:35:08] [world] The Player <hexa> has picked 2 of COBBLESTONE at X= -466, Y= 11, Z= 315 that had [] enchantment(s) |  
[2024-03-26 13:35:09] [world] The Player <hexa> has picked 3 of COBBLESTONE at X= -466, Y= 11, Z= 317 that had [] enchantment(s) |  
[2024-03-26 13:35:10] [world] The Player <hexa> has picked 2 of COBBLESTONE at X= -466, Y= 11, Z= 318 that had [] enchantment(s) |  
[2024-03-26 13:35:11] [world] The Player <hexa> has picked 2 of COBBLESTONE at X= -466, Y= 11, Z= 319 that had [] enchantment(s) |  
[2024-03-26 13:35:11] [world] The Player <hexa> has picked 2 of COBBLESTONE at X= -466, Y= 11, Z= 320 that had [] enchantment(s) |  
[2024-03-26 13:35:12] [world] The Player <hexa> has picked 2 of COBBLESTONE at X= -466, Y= 11, Z= 320 that had [] enchantment(s) |  
[2024-03-26 13:35:13] [world] The Player <hexa> has picked 1 of STONE at X= -466, Y= 11, Z= 322 that had [] enchantment(s) |  
[2024-03-26 13:35:13] [world] The Player <hexa> has picked 1 of COBBLESTONE at X= -466, Y= 11, Z= 322 that had [] enchantment(s) |  
[2024-03-26 13:35:16] [world] The Player <hexa> has picked 2 of STONE at X= -466, Y= 11, Z= 323 that had [] enchantment(s) |  
[2024-03-26 13:35:17] [world] The Player <hexa> has picked 1 of STONE at X= -466, Y= 11, Z= 323 that had [] enchantment(s) |  
[2024-03-26 13:35:17] [world] The Player <hexa> has picked 1 of COBBLESTONE at X= -466, Y= 11, Z= 324 that had [] enchantment(s) |  
[2024-03-26 13:35:18] [world] The Player <hexa> has picked 2 of COBBLESTONE at X= -466, Y= 11, Z= 324 that had [] enchantment(s) |  
[2024-03-26 13:35:19] [world] The Player <hexa> has picked 2 of COBBLESTONE at X= -466, Y= 11, Z= 326 that had [] enchantment(s) |  
[2024-03-26 13:35:19] [world] The Player <hexa> has picked 2 of COBBLESTONE at X= -466, Y= 11, Z= 327 that had [] enchantment(s) |  
[2024-03-26 13:35:20] [world] The Player <hexa> has picked 2 of COBBLESTONE at X= -466, Y= 11, Z= 328 that had [] enchantment(s) |  
[2024-03-26 13:35:21] [world] The Player <hexa> has picked 2 of COBBLESTONE at X= -466, Y= 11, Z= 328 that had [] enchantment(s) |  
[2024-03-26 13:35:26] [world] The Player <hexa> has picked 7 of REDSTONE at X= -466, Y= 11, Z= 336 that had [] enchantment(s) |  
[2024-03-26 13:35:39] [world] The Player <hexa> has picked 1 of REDSTONE at X= -467, Y= 12, Z= 346 that had [] enchantment(s) |  
[2024-03-26 13:35:39] [world] The Player <hexa> has picked 1 of REDSTONE at X= -467, Y= 12, Z= 346 that had [] enchantment(s) |  
[2024-03-26 13:35:39] [world] The Player <hexa> has picked 1 of REDSTONE at X= -467, Y= 12, Z= 346 that had [] enchantment(s) |  
[2024-03-26 13:35:39] [world] The Player <hexa> has picked 1 of REDSTONE at X= -467, Y= 12, Z= 346 that had [] enchantment(s) |  
[2024-03-26 13:35:39] [world] The Player <hexa> has picked 1 of REDSTONE at X= -467, Y= 12, Z= 346 that had [] enchantment(s) |  
[2024-03-26 13:35:46] [world] The Player <hexa> has picked 3 of REDSTONE at X= -467, Y= 12, Z= 346 that had [] enchantment(s) |  
[2024-03-26 13:35:50] [world] The Player <hexa> has picked 1 of COBBLESTONE at X= -466, Y= 11, Z= 343 that had [] enchantment(s) |  
[2024-03-26 13:35:52] [world] The Player <hexa> has picked 41 of COAL at X= -468, Y= 11, Z= 344 that had [] enchantment(s) |  
[2024-03-26 13:35:54] [world] The Player <hexa> has picked 21 of STONE at X= -467, Y= 11, Z= 344 that had [] enchantment(s) |  
[2024-03-26 13:35:56] [world] The Player <hexa> has picked 2 of COAL at X= -468, Y= 11, Z= 345 that had [] enchantment(s) |  
[2024-03-26 13:35:57] [world] The Player <hexa> has picked 7 of COAL at X= -468, Y= 11, Z= 345 that had [] enchantment(s) |  
[2024-03-26 13:35:58] [world] The Player <hexa> has picked 34 of COBBLESTONE at X= -469, Y= 11, Z= 346 that had [] enchantment(s) |  
[2024-03-26 13:36:03] [world] The Player <hexa> has picked 3 of COBBLESTONE at X= -466, Y= 11, Z= 348 that had [] enchantment(s) |  
[2024-03-26 13:36:06] [world] The Player <hexa> has picked 1 of COBBLESTONE at X= -466, Y= 11, Z= 348 that had [] enchantment(s) |  
[2024-03-26 13:36:11] [world] The Player <hexa> has picked 7 of COBBLESTONE at X= -466, Y= 11, Z= 352 that had [] enchantment(s) |  
[2024-03-26 13:36:11] [world] The Player <hexa> has picked 6 of REDSTONE at X= -466, Y= 11, Z= 353 that had [] enchantment(s) |  
[2024-03-26 13:36:12] [world] The Player <hexa> has picked 3 of COBBLESTONE at X= -466, Y= 11, Z= 354 that had [] enchantment(s) |  
[2024-03-26 13:36:12] [world] The Player <hexa> has picked 1 of COBBLESTONE at X= -466, Y= 11, Z= 354 that had [] enchantment(s) |  
[2024-03-26 13:36:13] [world] The Player <hexa> has picked 1 of COBBLESTONE at X= -466, Y= 11, Z= 355 that had [] enchantment(s) |  
[2024-03-26 13:36:13] [world] The Player <hexa> has picked 1 of COBBLESTONE at X= -466, Y= 11, Z= 355 that had [] enchantment(s) |  
[2024-03-26 13:36:14] [world] The Player <hexa> has picked 1 of COBBLESTONE at X= -466, Y= 11, Z= 355 that had [] enchantment(s) |  
[2024-03-26 13:36:14] [world] The Player <hexa> has picked 2 of COBBLESTONE at X= -466, Y= 11, Z= 357 that had [] enchantment(s) |  
[2024-03-26 13:36:15] [world] The Player <hexa> has picked 2 of COBBLESTONE at X= -466, Y= 11, Z= 358 that had [] enchantment(s) |  
[2024-03-26 13:36:26] [world] The Player <hexa> has picked 1 of TORCH at X= -466, Y= 11, Z= 359 that had [] enchantment(s) |  
[2024-03-26 13:36:31] [world] The Player <hexa> has picked 1 of TORCH at X= -466, Y= 11, Z= 359 that had [] enchantment(s) |  
[2024-03-26 13:36:32] [world] The Player <hexa> has picked 1 of TORCH at X= -466, Y= 11, Z= 359 that had [] enchantment(s) |  
[2024-03-26 13:36:35] [world] The Player <hexa> has picked 1 of TORCH at X= -466, Y= 11, Z= 360 that had [] enchantment(s) |  
[2024-03-26 13:36:44] [world] The Player <hexa> has picked 1 of TORCH at X= -466, Y= 11, Z= 362 that had [] enchantment(s) |  
[2024-03-26 13:36:45] [world] The Player <hexa> has picked 1 of COBBLESTONE at X= -466, Y= 11, Z= 363 that had [] enchantment(s) |  
[2024-03-26 13:36:45] [world] The Player <hexa> has picked 1 of COBBLESTONE at X= -466, Y= 11, Z= 363 that had [] enchantment(s) |  
[2024-03-26 13:36:46] [world] The Player <hexa> has picked 2 of COBBLESTONE at X= -466, Y= 11, Z= 363 that had [] enchantment(s) |  
[2024-03-26 13:36:47] [world] The Player <hexa> has picked 1 of COBBLESTONE at X= -466, Y= 11, Z= 365 that had [] enchantment(s) |  
[2024-03-26 13:36:48] [world] The Player <hexa> has picked 1 of COBBLESTONE at X= -466, Y= 11, Z= 365 that had [] enchantment(s) |  
[2024-03-26 13:36:50] [world] The Player <hexa> has picked 1 of STONE at X= -466, Y= 11, Z= 366 that had [] enchantment(s) |  
[2024-03-26 13:36:51] [world] The Player <hexa> has picked 2 of STONE at X= -466, Y= 11, Z= 367 that had [] enchantment(s) |  
[2024-03-26 13:36:54] [world] The Player <hexa> has picked 3 of STONE at X= -466, Y= 11, Z= 369 that had [] enchantment(s) |  
[2024-03-26 13:36:54] [world] The Player <hexa> has picked 1 of STONE at X= -466, Y= 11, Z= 368 that had [] enchantment(s) |  
[2024-03-26 13:36:54] [world] The Player <hexa> has picked 1 of STONE at X= -466, Y= 11, Z= 370 that had [] enchantment(s) |  
[2024-03-26 13:36:56] [world] The Player <hexa> has picked 2 of COBBLESTONE at X= -466, Y= 11, Z= 372 that had [] enchantment(s) |  
[2024-03-26 13:37:17] [world] The Player <hexa> has picked 40 of COBBLESTONE at X= -466, Y= 11, Z= 389 that had [] enchantment(s) |  
[2024-03-26 13:37:21] [world] The Player <hexa> has picked 4 of DIAMOND at X= -466, Y= 12, Z= 391 that had [] enchantment(s) |  
[2024-03-26 13:37:51] [world] The Player <hexa> has picked 8 of REDSTONE at X= -464, Y= 12, Z= 390 that had [] enchantment(s) |  
[2024-03-26 13:38:28] [world] The Player <hexa> has picked 9 of DIAMOND at X= -465, Y= 12, Z= 393 that had [] enchantment(s) |  
[2024-03-26 20:57:32] [world] The Player <GolemDaWanderer> has picked 1 of LOG at X= 9997, Y= 68, Z= -9967 that had [] enchantment(s) |  
[2024-03-26 20:57:32] [world] The Player <GolemDaWanderer> has picked 1 of LOG at X= 9997, Y= 67, Z= -9967 that had [] enchantment(s) |  
[2024-03-26 20:57:34] [world] The Player <GolemDaWanderer> has picked 1 of LOG at X= 9997, Y= 68, Z= -9967 that had [] enchantment(s) |  
[2024-03-26 20:57:35] [world] The Player <GolemDaWanderer> has picked 1 of LOG at X= 9997, Y= 68, Z= -9967 that had [] enchantment(s) |  
[2024-03-26 20:57:46] [world] The Player <GolemDaWanderer> has picked 1 of LOG at X= 9996, Y= 68, Z= -9956 that had [] enchantment(s) |  
[2024-03-26 20:57:47] [world] The Player <GolemDaWanderer> has picked 1 of LOG at X= 9995, Y= 67, Z= -9956 that had [] enchantment(s) |  
[2024-03-26 20:57:48] [world] The Player <GolemDaWanderer> has picked 1 of LOG at X= 9996, Y= 67, Z= -9956 that had [] enchantment(s) |  
[2024-03-26 20:57:48] [world] The Player <GolemDaWanderer> has picked 1 of LOG at X= 9996, Y= 68, Z= -9956 that had [] enchantment(s) |  
[2024-03-26 20:59:47] [world] The Player <GolemDaWanderer> has picked 1 of WORKBENCH at X= 9993, Y= 68, Z= -9950 that had [] enchantment(s) |  
[2024-03-26 21:01:44] [world] The Player <GolemDaWanderer> has picked 1 of WOOL at X= -582, Y= 88, Z= 242 that had [] enchantment(s) |  
[2024-03-26 21:01:48] [world] The Player <GolemDaWanderer> has picked 1 of WOOL at X= -581, Y= 88, Z= 241 that had [] enchantment(s) |  
[2024-03-26 21:02:28] [world] The Player <GolemDaWanderer> has picked 1 of SIGN at X= -579, Y= 88, Z= 260 that had [] enchantment(s) |  
[2024-03-26 21:02:29] [world] The Player <GolemDaWanderer> has picked 1 of SIGN at X= -580, Y= 88, Z= 258 that had [] enchantment(s) |  
[2024-03-26 21:02:32] [world] The Player <GolemDaWanderer> has picked 1 of SIGN at X= -580, Y= 88, Z= 256 that had [] enchantment(s) |  
[2024-03-26 21:02:33] [world] The Player <GolemDaWanderer> has picked 1 of SIGN at X= -580, Y= 88, Z= 258 that had [] enchantment(s) |  
[2024-03-26 21:02:35] [world] The Player <GolemDaWanderer> has picked 2 of SIGN at X= -579, Y= 88, Z= 254 that had [] enchantment(s) |  
[2024-03-26 21:02:35] [world] The Player <GolemDaWanderer> has picked 1 of SIGN at X= -580, Y= 88, Z= 253 that had [] enchantment(s) |  
[2024-03-26 21:02:36] [world] The Player <GolemDaWanderer> has picked 1 of SIGN at X= -579, Y= 88, Z= 251 that had [] enchantment(s) |  
[2024-03-26 21:02:37] [world] The Player <GolemDaWanderer> has picked 1 of SIGN at X= -580, Y= 88, Z= 249 that had [] enchantment(s) |  
[2024-03-26 21:02:38] [world] The Player <GolemDaWanderer> has picked 1 of SIGN at X= -579, Y= 88, Z= 248 that had [] enchantment(s) |  
[2024-03-26 21:02:40] [world] The Player <GolemDaWanderer> has picked 1 of SIGN at X= -579, Y= 88, Z= 245 that had [] enchantment(s) |  
[2024-03-26 21:02:41] [world] The Player <GolemDaWanderer> has picked 1 of SIGN at X= -581, Y= 88, Z= 244 that had [] enchantment(s) |  
[2024-03-26 21:03:13] [world] The Player <Tester> has picked 13 of BONE at X= -10297, Y= 36, Z= 4030 that had [] enchantment(s) |  
[2024-03-26 21:03:14] [world] The Player <Tester> has picked 1 of BONE at X= -10298, Y= 35, Z= 4030 that had [] enchantment(s) |  
[2024-03-26 21:03:15] [world] The Player <Tester> has picked 1 of ARROW at X= -10299, Y= 36, Z= 4030 that had [] enchantment(s) |  
[2024-03-26 21:03:16] [world] The Player <Tester> has picked 1 of BOW at X= -10299, Y= 36, Z= 4030 that had [] enchantment(s) |  
[2024-03-26 21:03:28] [world] The Player <Tester> has picked 20 of BONE at X= -10298, Y= 35, Z= 4030 that had [] enchantment(s) |  
[2024-03-26 21:03:37] [world] The Player <GolemDaWanderer> has picked 1 of SIGN at X= -580, Y= 88, Z= 259 that had [] enchantment(s) |  
[2024-03-26 21:04:29] [world] The Player <GolemDaWanderer> has picked 7 of ENDER_CHEST at X= -580, Y= 88, Z= 258 that had [] enchantment(s) |  
[2024-03-26 21:04:41] [world] The Player <GolemDaWanderer> has picked 1 of SIGN at X= -580, Y= 88, Z= 260 that had [] enchantment(s) |  
[2024-03-26 21:05:14] [world] The Player <GolemDaWanderer> has picked 1 of SIGN at X= -580, Y= 88, Z= 258 that had [] enchantment(s) |  
[2024-03-26 21:06:39] [world] The Player <GolemDaWanderer> has picked 1 of SIGN at X= -579, Y= 88, Z= 258 that had [] enchantment(s) |  
[2024-03-26 21:09:25] [world] The Player <GolemDaWanderer> has picked 1 of SIGN at X= -579, Y= 88, Z= 259 that had [] enchantment(s) |  
[2024-03-26 21:11:39] [world] The Player <Tester> has picked 1 of ARROW at X= -578, Y= 88, Z= 259 that had [] enchantment(s) |  
[2024-03-26 21:12:05] [world] The Player <GolemDaWanderer> has picked 1 of SPONGE at X= -573, Y= 88, Z= 252 that had [] enchantment(s) | Flash Bomb
[2024-03-26 21:14:48] [world] The Player <GolemDaWanderer> has picked 1 of COBBLESTONE at X= -581, Y= 88, Z= 254 that had [] enchantment(s) |  
[2024-03-26 21:15:59] [world] The Player <GolemDaWanderer> has picked 1 of COBBLESTONE at X= -581, Y= 88, Z= 254 that had [] enchantment(s) |  
[2024-03-26 21:16:13] [world] The Player <GolemDaWanderer> has picked 8 of OBSIDIAN at X= -582, Y= 88, Z= 255 that had [] enchantment(s) |  
[2024-03-26 21:16:14] [world] The Player <GolemDaWanderer> has picked 2 of QUARTZ_BLOCK at X= -583, Y= 85, Z= 254 that had [] enchantment(s) |  
[2024-03-26 21:35:30] [world_the_end] The Player <Heinrich_Himmler> has picked 1 of MINECART at X= 101, Y= 48, Z= -1 that had [] enchantment(s) |  
[2024-03-26 21:37:44] [world] The Player <GolemDaWanderer> has picked 1 of PORK at X= -565, Y= 68, Z= 259 that had [] enchantment(s) |  
[2024-03-26 21:37:50] [world] The Player <GolemDaWanderer> has picked 3 of PORK at X= -555, Y= 68, Z= 266 that had [] enchantment(s) |  
[2024-03-26 21:38:08] [world] The Player <GolemDaWanderer> has picked 1 of SULPHUR at X= -564, Y= 63, Z= 298 that had [] enchantment(s) |  
[2024-03-26 21:51:07] [world] The Player <Tester> has picked 1 of MINECART at X= -616, Y= 70, Z= 313 that had [] enchantment(s) |  
[2024-03-26 22:18:38] [world] The Player <GolemDaWanderer> has picked 6 of COBBLESTONE at X= -10177, Y= 63, Z= 4111 that had [] enchantment(s) |  
[2024-03-26 22:18:38] [world] The Player <GolemDaWanderer> has picked 1 of SOUL_SAND at X= -10177, Y= 63, Z= 4112 that had [] enchantment(s) |  
[2024-03-26 22:18:51] [world] The Player <GolemDaWanderer> has picked 6 of COBBLESTONE at X= -10177, Y= 65, Z= 4112 that had [] enchantment(s) |  
[2024-03-26 22:18:51] [world] The Player <GolemDaWanderer> has picked 3 of COBBLESTONE at X= -10177, Y= 64, Z= 4113 that had [] enchantment(s) |  
[2024-03-26 22:18:52] [world] The Player <GolemDaWanderer> has picked 1 of COBBLESTONE at X= -10177, Y= 64, Z= 4112 that had [] enchantment(s) |  
[2024-03-26 22:18:53] [world] The Player <GolemDaWanderer> has picked 1 of COBBLESTONE at X= -10176, Y= 63, Z= 4112 that had [] enchantment(s) |  
[2024-03-26 22:19:48] [world] The Player <NezukoChan> has picked 1 of SPONGE at X= -590, Y= 56, Z= 330 that had [] enchantment(s) | Flash Bomb
[2024-03-26 22:19:51] [world] The Player <NezukoChan> has picked 1 of SPONGE at X= -590, Y= 56, Z= 332 that had [] enchantment(s) | Flash Bomb
[2024-03-26 22:20:03] [world] The Player <NezukoChan> has picked 1 of SPONGE at X= -578, Y= 56, Z= 333 that had [] enchantment(s) | Flash Bomb
[2024-03-26 22:20:22] [world] The Player <GolemDaWanderer> has picked 4 of COBBLESTONE at X= -10173, Y= 62, Z= 4112 that had [] enchantment(s) |  
[2024-03-26 22:20:35] [world] The Player <NezukoChan> has picked 1 of SPONGE at X= -570, Y= 56, Z= 333 that had [] enchantment(s) | Flash Bomb
[2024-03-26 22:23:14] [world] The Player <GolemDaWanderer> has picked 2 of STICK at X= -10319, Y= 64, Z= 4096 that had [] enchantment(s) |  
[2024-03-26 22:35:13] [world_the_end] The Player <NezukoChan> has picked 1 of SPONGE at X= 100, Y= 50, Z= 0 that had [] enchantment(s) | Flash Bomb
[2024-03-26 22:38:29] [world] The Player <Tester> has picked 1 of SPIDER_EYE at X= -611, Y= 68, Z= 300 that had [] enchantment(s) |  
[2024-03-26 22:38:30] [world] The Player <Tester> has picked 1 of STRING at X= -611, Y= 68, Z= 301 that had [] enchantment(s) |  
[2024-03-26 22:38:30] [world] The Player <Tester> has picked 5 of STRING at X= -611, Y= 68, Z= 301 that had [] enchantment(s) |  
[2024-03-26 22:38:31] [world] The Player <NezukoChan> has picked 1 of GRILLED_PORK at X= -10296, Y= 74, Z= 4151 that had [] enchantment(s) |  
