[2024-03-26 23:00:13] [world] The Player <NezukoChan> has picked 5 of ARROW at X= -10266, Y= 64, Z= 4097 that had [] enchantment(s) |  
[2024-03-26 23:16:57] [world_nether] The Player <NezukoChan> has picked 1 of OBSIDIAN at X= -1264, Y= 51, Z= 508 that had [] enchantment(s) |  
[2024-03-26 23:17:05] [world_nether] The Player <NezukoChan> has picked 1 of OBSIDIAN at X= -1263, Y= 52, Z= 507 that had [] enchantment(s) |  
[2024-03-26 23:17:10] [world_nether] The Player <NezukoChan> has picked 1 of OBSIDIAN at X= -1264, Y= 50, Z= 506 that had [] enchantment(s) |  
[2024-03-26 23:17:20] [world_nether] The Player <NezukoChan> has picked 2 of OBSIDIAN at X= -1267, Y= 50, Z= 508 that had [] enchantment(s) |  
[2024-03-26 23:18:44] [world_nether] The Player <NezukoChan> has picked 1 of DIRT at X= -1244, Y= 48, Z= 522 that had [] enchantment(s) |  
[2024-03-26 23:18:45] [world_nether] The Player <NezukoChan> has picked 1 of DIRT at X= -1245, Y= 48, Z= 520 that had [] enchantment(s) |  
[2024-03-26 23:22:47] [world] The Player <Tester> has picked 7 of ARROW at X= -574, Y= 68, Z= 289 that had [] enchantment(s) |  
[2024-03-26 23:22:47] [world] The Player <Tester> has picked 1 of BOW at X= -574, Y= 68, Z= 289 that had [] enchantment(s) |  
[2024-03-26 23:22:49] [world] The Player <Tester> has picked 13 of BONE at X= -573, Y= 68, Z= 288 that had [] enchantment(s) |  
[2024-03-26 23:22:49] [world] The Player <Tester> has picked 1 of BONE at X= -573, Y= 68, Z= 288 that had [] enchantment(s) |  
[2024-03-26 23:22:49] [world] The Player <Tester> has picked 1 of BONE at X= -573, Y= 68, Z= 289 that had [] enchantment(s) |  
[2024-03-26 23:22:49] [world] The Player <Tester> has picked 10 of ARROW at X= -574, Y= 68, Z= 287 that had [] enchantment(s) |  
[2024-03-26 23:22:49] [world] The Player <Tester> has picked 4 of BONE at X= -572, Y= 68, Z= 287 that had [] enchantment(s) |  
[2024-03-26 23:22:50] [world] The Player <Tester> has picked 9 of ARROW at X= -572, Y= 68, Z= 288 that had [] enchantment(s) |  
[2024-03-26 23:22:50] [world] The Player <Tester> has picked 7 of BONE at X= -572, Y= 68, Z= 288 that had [] enchantment(s) |  
[2024-03-26 23:22:50] [world] The Player <Tester> has picked 1 of BONE at X= -572, Y= 68, Z= 288 that had [] enchantment(s) |  
[2024-03-26 23:22:50] [world] The Player <Tester> has picked 1 of BOW at X= -571, Y= 68, Z= 287 that had [] enchantment(s) |  
[2024-03-26 23:22:51] [world] The Player <Tester> has picked 11 of BONE at X= -572, Y= 68, Z= 286 that had [] enchantment(s) |  
[2024-03-26 23:22:52] [world] The Player <Tester> has picked 1 of BOW at X= -572, Y= 68, Z= 287 that had [] enchantment(s) |  
[2024-03-26 23:23:07] [world] The Player <Tester> has picked 30 of BONE at X= -575, Y= 68, Z= 287 that had [] enchantment(s) |  
[2024-03-26 23:23:08] [world] The Player <Tester> has picked 39 of ARROW at X= -577, Y= 68, Z= 286 that had [] enchantment(s) |  
[2024-03-26 23:23:08] [world] The Player <Tester> has picked 1 of BONE at X= -577, Y= 68, Z= 287 that had [] enchantment(s) |  
[2024-03-26 23:23:08] [world] The Player <Tester> has picked 1 of BONE at X= -577, Y= 68, Z= 287 that had [] enchantment(s) |  
[2024-03-26 23:23:09] [world] The Player <Tester> has picked 1 of BOW at X= -574, Y= 68, Z= 287 that had [] enchantment(s) |  
[2024-03-26 23:24:31] [world] The Player <Tester> has picked 7 of ARROW at X= -574, Y= 68, Z= 285 that had [] enchantment(s) |  
[2024-03-26 23:24:31] [world] The Player <Tester> has picked 1 of ARROW at X= -574, Y= 68, Z= 285 that had [] enchantment(s) |  
[2024-03-26 23:24:31] [world] The Player <Tester> has picked 1 of ARROW at X= -574, Y= 68, Z= 285 that had [] enchantment(s) |  
[2024-03-26 23:24:33] [world] The Player <Tester> has picked 5 of ARROW at X= -572, Y= 68, Z= 285 that had [] enchantment(s) |  
[2024-03-26 23:24:33] [world] The Player <Tester> has picked 3 of BONE at X= -572, Y= 68, Z= 285 that had [] enchantment(s) |  
[2024-03-26 23:24:33] [world] The Player <Tester> has picked 1 of BONE at X= -572, Y= 68, Z= 285 that had [] enchantment(s) |  
[2024-03-26 23:24:33] [world] The Player <Tester> has picked 1 of BONE at X= -572, Y= 68, Z= 285 that had [] enchantment(s) |  
[2024-03-26 23:24:34] [world] The Player <Tester> has picked 1 of BONE at X= -575, Y= 68, Z= 285 that had [] enchantment(s) |  
[2024-03-26 23:25:00] [world] The Player <Tester> has picked 4 of ROTTEN_FLESH at X= -574, Y= 68, Z= 265 that had [] enchantment(s) |  
[2024-03-26 23:25:00] [world] The Player <Tester> has picked 1 of ROTTEN_FLESH at X= -574, Y= 68, Z= 265 that had [] enchantment(s) |  
[2024-03-26 23:50:58] [world_nether] The Player <NezukoChan> has picked 1 of OBSIDIAN at X= -1265, Y= 50, Z= 507 that had [] enchantment(s) |  
[2024-03-26 23:51:03] [world_nether] The Player <NezukoChan> has picked 2 of OBSIDIAN at X= -1265, Y= 50, Z= 506 that had [] enchantment(s) |  
[2024-03-26 23:51:15] [world_nether] The Player <NezukoChan> has picked 4 of OBSIDIAN at X= -1266, Y= 50, Z= 507 that had [] enchantment(s) |  
[2024-03-26 23:51:17] [world_nether] The Player <NezukoChan> has picked 1 of OBSIDIAN at X= -1267, Y= 51, Z= 507 that had [] enchantment(s) |  
[2024-03-26 23:51:22] [world_nether] The Player <NezukoChan> has picked 1 of SLIME_BALL at X= -1267, Y= 50, Z= 507 that had [] enchantment(s) |  
[2024-03-26 23:51:52] [world_nether] The Player <NezukoChan> has picked 1 of OBSIDIAN at X= -1272, Y= 50, Z= 522 that had [] enchantment(s) |  
[2024-03-26 23:51:57] [world_nether] The Player <NezukoChan> has picked 1 of OBSIDIAN at X= -1274, Y= 50, Z= 522 that had [] enchantment(s) |  
[2024-03-26 23:52:00] [world_nether] The Player <NezukoChan> has picked 1 of OBSIDIAN at X= -1272, Y= 47, Z= 523 that had [] enchantment(s) |  
[2024-03-26 23:56:18] [world] The Player <NezukoChan> has picked 1 of FEATHER at X= -594, Y= 68, Z= 293 that had [] enchantment(s) |  
[2024-03-27 01:44:14] [world] The Player <Tester> has picked 4 of CARROT_ITEM at X= -10179, Y= 60, Z= 4118 that had [] enchantment(s) |  
[2024-03-27 02:44:14] [world] The Player <Tester> has picked 2 of ROTTEN_FLESH at X= -611, Y= 69, Z= 258 that had [] enchantment(s) |  
[2024-03-27 03:01:24] [world] The Player <Tester> has picked 1 of ITEM_FRAME at X= -10172, Y= 63, Z= 4118 that had [] enchantment(s) |  
[2024-03-27 03:09:29] [world] The Player <Tester> has picked 1 of COBBLESTONE at X= -10177, Y= 60, Z= 4118 that had [] enchantment(s) |  
[2024-03-27 03:11:25] [world] The Player <Tester> has picked 1 of TORCH at X= -9960, Y= 30, Z= 4099 that had [] enchantment(s) |  
[2024-03-27 03:11:34] [world] The Player <Tester> has picked 1 of TORCH at X= -9961, Y= 29, Z= 4100 that had [] enchantment(s) |  
[2024-03-27 03:14:56] [world] The Player <Tester> has picked 1 of WRITTEN_BOOK at X= -10253, Y= 64, Z= 4094 that had [] enchantment(s) |  
[2024-03-27 03:15:28] [world] The Player <Tester> has picked 2 of LOG at X= -10240, Y= 63, Z= 4074 that had [] enchantment(s) |  
[2024-03-27 03:15:28] [world] The Player <Tester> has picked 10 of DIRT at X= -10239, Y= 63, Z= 4073 that had [] enchantment(s) |  
[2024-03-27 03:15:37] [world] The Player <Tester> has picked 5 of POWERED_RAIL at X= -10241, Y= 64, Z= 4071 that had [] enchantment(s) |  
[2024-03-27 03:17:22] [world] The Player <Tester> has picked 1 of LEVER at X= -10247, Y= 65, Z= 4072 that had [] enchantment(s) | §eC4§e «1»
[2024-03-27 03:18:26] [world] The Player <Tester> has picked 1 of DIAMOND_SWORD at X= -10241, Y= 65, Z= 4080 that had [Sharpness 5, Smite 5, Bane of Arthropods 5, Unbreaking 5, Knockback 5, Fire Aspect 5, Looting 5] enchantment(s) |  
[2024-03-27 03:18:47] [world] The Player <Tester> has picked 1 of MINECART at X= -10238, Y= 64, Z= 4073 that had [] enchantment(s) |  
[2024-03-27 03:19:53] [world] The Player <Tester> has picked 2 of POWERED_RAIL at X= -10263, Y= 62, Z= 4081 that had [] enchantment(s) |  
[2024-03-27 03:19:58] [world] The Player <Tester> has picked 1 of RAILS at X= -10262, Y= 62, Z= 4081 that had [] enchantment(s) |  
[2024-03-27 03:19:58] [world] The Player <Tester> has picked 1 of DIRT at X= -10262, Y= 62, Z= 4081 that had [] enchantment(s) |  
[2024-03-27 03:19:58] [world] The Player <Tester> has picked 1 of LOG at X= -10262, Y= 63, Z= 4081 that had [] enchantment(s) |  
[2024-03-27 03:20:01] [world] The Player <Tester> has picked 1 of DIRT at X= -10263, Y= 62, Z= 4081 that had [] enchantment(s) |  
[2024-03-27 03:20:19] [world] The Player <Tester> has picked 1 of RAILS at X= -10260, Y= 64, Z= 4081 that had [] enchantment(s) |  
[2024-03-27 03:20:27] [world] The Player <Tester> has picked 1 of POWERED_RAIL at X= -10260, Y= 64, Z= 4081 that had [] enchantment(s) |  
[2024-03-27 03:20:28] [world] The Player <Tester> has picked 1 of RAILS at X= -10260, Y= 64, Z= 4081 that had [] enchantment(s) |  
[2024-03-27 12:13:26] [world] The Player <Tester> has picked 1 of MINECART at X= -10260, Y= 64, Z= 4114 that had [] enchantment(s) |  
[2024-03-27 12:14:20] [world] The Player <Tester> has picked 1 of STRING at X= -10235, Y= 64, Z= 4085 that had [] enchantment(s) |  
[2024-03-27 12:14:21] [world] The Player <Tester> has picked 1 of SPIDER_EYE at X= -10235, Y= 64, Z= 4086 that had [] enchantment(s) |  
[2024-03-27 12:17:00] [world] The Player <Tester> has picked 1 of FEATHER at X= -10159, Y= 64, Z= 4117 that had [] enchantment(s) |  
[2024-03-27 12:19:37] [world] The Player <Tester> has picked 1 of BED at X= -10176, Y= 64, Z= 4124 that had [] enchantment(s) |  
[2024-03-27 12:20:30] [world] The Player <Tester> has picked 10 of SUGAR_CANE at X= -10182, Y= 63, Z= 4082 that had [] enchantment(s) |  
[2024-03-27 12:20:31] [world] The Player <Tester> has picked 2 of SUGAR_CANE at X= -10179, Y= 63, Z= 4083 that had [] enchantment(s) |  
[2024-03-27 12:20:33] [world] The Player <Tester> has picked 12 of SUGAR_CANE at X= -10176, Y= 63, Z= 4075 that had [] enchantment(s) |  
[2024-03-27 12:20:56] [world] The Player <Tester> has picked 37 of SUGAR_CANE at X= -10157, Y= 64, Z= 4079 that had [] enchantment(s) |  
[2024-03-27 12:21:02] [world] The Player <Tester> has picked 23 of SUGAR_CANE at X= -10151, Y= 64, Z= 4088 that had [] enchantment(s) |  
[2024-03-27 12:21:07] [world] The Player <Tester> has picked 16 of SUGAR_CANE at X= -10156, Y= 63, Z= 4093 that had [] enchantment(s) |  
[2024-03-27 12:21:24] [world] The Player <Tester> has picked 1 of SUGAR_CANE at X= -10176, Y= 63, Z= 4073 that had [] enchantment(s) |  
[2024-03-27 12:21:58] [world] The Player <Tester> has picked 1 of SUGAR_CANE at X= -10224, Y= 63, Z= 4046 that had [] enchantment(s) |  
[2024-03-27 12:22:44] [world] The Player <Tester> has picked 1 of SUGAR_CANE at X= -10241, Y= 63, Z= 4044 that had [] enchantment(s) |  
[2024-03-27 12:22:45] [world] The Player <Tester> has picked 1 of SUGAR_CANE at X= -10237, Y= 63, Z= 4049 that had [] enchantment(s) |  
[2024-03-27 12:22:47] [world] The Player <Tester> has picked 2 of SUGAR_CANE at X= -10227, Y= 64, Z= 4052 that had [] enchantment(s) |  
