[2024-03-27 13:43:10] [world] The Player <Milk_Frog> has picked 1 of RED_ROSE at X= -606, Y= 68, Z= 250 that had [] enchantment(s) |  
[2024-03-27 13:43:19] [world] The Player <Milk_Frog> has picked 1 of RED_ROSE at X= -607, Y= 68, Z= 251 that had [] enchantment(s) |  
[2024-03-27 13:44:01] [world] The Player <Milk_Frog> has picked 1 of SAPLING at X= -609, Y= 69, Z= 253 that had [] enchantment(s) |  
[2024-03-27 13:47:48] [world] The Player <Milk_Frog> has picked 2 of SAPLING at X= -609, Y= 68, Z= 249 that had [] enchantment(s) |  
[2024-03-27 13:53:57] [world] The Player <Milk_Frog> has picked 3 of SAPLING at X= -601, Y= 68, Z= 246 that had [] enchantment(s) |  
[2024-03-27 13:53:58] [world] The Player <Milk_Frog> has picked 1 of YELLOW_FLOWER at X= -597, Y= 68, Z= 245 that had [] enchantment(s) |  
[2024-03-27 14:09:24] [world] The Player <Milk_Frog> has picked 1 of COBBLE_WALL at X= -602, Y= 69, Z= 247 that had [] enchantment(s) |  
[2024-03-27 14:09:28] [world] The Player <Milk_Frog> has picked 1 of LEAVES at X= -600, Y= 68, Z= 252 that had [] enchantment(s) |  
[2024-03-27 14:13:18] [world] The Player <Milk_Frog> has picked 1 of FLOWER_POT_ITEM at X= -609, Y= 69, Z= 248 that had [] enchantment(s) |  
[2024-03-27 14:13:23] [world] The Player <Milk_Frog> has picked 1 of FLOWER_POT_ITEM at X= -609, Y= 69, Z= 248 that had [] enchantment(s) |  
[2024-03-27 14:24:48] [world] The Player <Milk_Frog> has picked 1 of MONSTER_EGG at X= -602, Y= 68, Z= 251 that had [] enchantment(s) |  
[2024-03-27 14:26:57] [world] The Player <Milk_Frog> has picked 1 of RECORD_12 at X= -598, Y= 68, Z= 254 that had [] enchantment(s) |  
[2024-03-27 14:27:09] [world] The Player <Milk_Frog> has picked 1 of RECORD_12 at X= -598, Y= 68, Z= 253 that had [] enchantment(s) |  
[2024-03-27 14:27:40] [world] The Player <Milk_Frog> has picked 1 of RECORD_9 at X= -600, Y= 68, Z= 252 that had [] enchantment(s) |  
[2024-03-27 14:36:02] [world] The Player <Tester> has picked 1 of POWERED_RAIL at X= -605, Y= 69, Z= 247 that had [] enchantment(s) |  
[2024-03-27 14:36:38] [world] The Player <Tester> has picked 1 of ROTTEN_FLESH at X= -594, Y= 68, Z= 252 that had [] enchantment(s) |  
[2024-03-27 14:37:19] [world] The Player <Tester> has picked 1 of PAINTING at X= -608, Y= 69, Z= 256 that had [] enchantment(s) |  
[2024-03-27 14:37:24] [world] The Player <Tester> has picked 1 of PAINTING at X= -606, Y= 70, Z= 249 that had [] enchantment(s) |  
[2024-03-27 14:37:28] [world] The Player <Tester> has picked 1 of PAINTING at X= -604, Y= 71, Z= 247 that had [] enchantment(s) |  
[2024-03-27 14:38:14] [world] The Player <Tester> has picked 1 of PAINTING at X= -608, Y= 68, Z= 255 that had [] enchantment(s) |  
[2024-03-27 14:38:58] [world] The Player <Tester> has picked 1 of PAINTING at X= -615, Y= 71, Z= 261 that had [] enchantment(s) |  
[2024-03-27 14:39:08] [world] The Player <Tester> has picked 1 of PAINTING at X= -589, Y= 69, Z= 257 that had [] enchantment(s) |  
[2024-03-27 15:02:40] [world] The Player <Tester> has picked 1 of STAINED_CLAY at X= -598, Y= 68, Z= 370 that had [] enchantment(s) |  
[2024-03-27 20:04:49] [world] The Player <GolemDaWanderer> has picked 2 of ROTTEN_FLESH at X= -562, Y= 68, Z= 283 that had [] enchantment(s) |  
[2024-03-27 20:05:43] [world] The Player <GolemDaWanderer> has picked 1 of COOKED_BEEF at X= -570, Y= 62, Z= 235 that had [] enchantment(s) |  
[2024-03-27 20:06:25] [world] The Player <GolemDaWanderer> has picked 1 of COBBLESTONE at X= -582, Y= 67, Z= 159 that had [] enchantment(s) |  
[2024-03-27 20:06:55] [world_the_end] The Player <GolemDaWanderer> has picked 1 of ENDER_CHEST at X= 104, Y= 49, Z= 1 that had [] enchantment(s) |  
[2024-03-27 20:07:02] [world_the_end] The Player <GolemDaWanderer> has picked 1 of LEATHER at X= 98, Y= 50, Z= 3 that had [] enchantment(s) |  
[2024-03-27 20:07:33] [world_the_end] The Player <GolemDaWanderer> has picked 1 of WOOL at X= 51, Y= 62, Z= 22 that had [] enchantment(s) |  
[2024-03-27 20:08:30] [world_the_end] The Player <GolemDaWanderer> has picked 3 of ENDER_STONE at X= -52, Y= 43, Z= 1 that had [] enchantment(s) |  
[2024-03-27 20:09:00] [world_the_end] The Player <GolemDaWanderer> has picked 1 of ENDER_STONE at X= -54, Y= 38, Z= -18 that had [] enchantment(s) |  
[2024-03-27 20:09:11] [world_the_end] The Player <GolemDaWanderer> has picked 1 of ENDER_STONE at X= -39, Y= 40, Z= -16 that had [] enchantment(s) |  
[2024-03-27 20:09:12] [world_the_end] The Player <GolemDaWanderer> has picked 2 of ENDER_STONE at X= -41, Y= 33, Z= -16 that had [] enchantment(s) |  
[2024-03-27 20:39:46] [world] The Player <NezukoChan> has picked 1 of PAINTING at X= -10250, Y= 65, Z= 4093 that had [] enchantment(s) |  
[2024-03-27 20:39:49] [world] The Player <NezukoChan> has picked 1 of PAINTING at X= -10250, Y= 66, Z= 4093 that had [] enchantment(s) |  
[2024-03-27 20:39:54] [world] The Player <NezukoChan> has picked 1 of PAINTING at X= -10250, Y= 64, Z= 4092 that had [] enchantment(s) |  
[2024-03-27 20:49:05] [world] The Player <Heinrich_Himmler> has picked 1 of OBSIDIAN at X= -626, Y= 64, Z= 278 that had [] enchantment(s) |  
[2024-03-27 20:49:08] [world] The Player <Heinrich_Himmler> has picked 1 of OBSIDIAN at X= -626, Y= 64, Z= 279 that had [] enchantment(s) |  
[2024-03-27 20:54:52] [world_the_end] The Player <Heinrich_Himmler> has picked 1 of LEATHER at X= 101, Y= 49, Z= 2 that had [] enchantment(s) |  
[2024-03-27 20:56:15] [world_the_end] The Player <Heinrich_Himmler> has picked 1 of NETHERRACK at X= 66, Y= 23, Z= -1 that had [] enchantment(s) |  
[2024-03-27 20:56:27] [world_the_end] The Player <Heinrich_Himmler> has picked 3 of NETHERRACK at X= 65, Y= 23, Z= -1 that had [] enchantment(s) |  
[2024-03-27 20:56:29] [world_the_end] The Player <Heinrich_Himmler> has picked 4 of NETHERRACK at X= 67, Y= 23, Z= -1 that had [] enchantment(s) |  
[2024-03-27 20:56:29] [world_the_end] The Player <Heinrich_Himmler> has picked 1 of NETHERRACK at X= 68, Y= 23, Z= -1 that had [] enchantment(s) |  
[2024-03-27 20:56:29] [world_the_end] The Player <Heinrich_Himmler> has picked 1 of NETHERRACK at X= 68, Y= 24, Z= -1 that had [] enchantment(s) |  
[2024-03-27 21:00:55] [world_the_end] The Player <Heinrich_Himmler> has picked 3 of NETHERRACK at X= 48, Y= 45, Z= -1 that had [] enchantment(s) |  
[2024-03-27 21:13:42] [world] The Player <Heinrich_Himmler> has picked 1 of RABBIT_HIDE at X= -597, Y= 68, Z= 316 that had [] enchantment(s) |  
[2024-03-27 21:13:47] [world] The Player <Heinrich_Himmler> has picked 1 of RABBIT at X= -595, Y= 68, Z= 316 that had [] enchantment(s) |  
[2024-03-27 21:13:49] [world] The Player <Heinrich_Himmler> has picked 1 of ROTTEN_FLESH at X= -587, Y= 68, Z= 314 that had [] enchantment(s) |  
[2024-03-27 21:14:42] [world] The Player <Heinrich_Himmler> has picked 1 of POWERED_RAIL at X= -583, Y= 67, Z= 290 that had [] enchantment(s) |  
[2024-03-27 21:16:05] [world] The Player <Heinrich_Himmler> has picked 2 of GOLD_ORE at X= -564, Y= 7, Z= 290 that had [] enchantment(s) |  
[2024-03-27 21:16:08] [world] The Player <Heinrich_Himmler> has picked 2 of GOLD_ORE at X= -565, Y= 6, Z= 289 that had [] enchantment(s) |  
[2024-03-27 21:16:09] [world] The Player <Heinrich_Himmler> has picked 4 of GOLD_ORE at X= -565, Y= 8, Z= 288 that had [] enchantment(s) |  
[2024-03-27 21:16:11] [world] The Player <Heinrich_Himmler> has picked 1 of COBBLESTONE at X= -565, Y= 7, Z= 288 that had [] enchantment(s) |  
[2024-03-27 21:20:11] [world] The Player <Heinrich_Himmler> has picked 1 of SOUL_SAND at X= -564, Y= 5, Z= 290 that had [] enchantment(s) |  
[2024-03-27 21:20:22] [world] The Player <Heinrich_Himmler> has picked 1 of GOLDEN_APPLE at X= -564, Y= 5, Z= 291 that had [] enchantment(s) |  
[2024-03-27 21:23:00] [world] The Player <Heinrich_Himmler> has picked 1 of TORCH at X= -565, Y= 7, Z= 291 that had [] enchantment(s) |  
[2024-03-27 21:26:14] [world] The Player <Heinrich_Himmler> has picked 2 of SLIME_BALL at X= -564, Y= 6, Z= 292 that had [] enchantment(s) |  
[2024-03-27 21:26:16] [world] The Player <Heinrich_Himmler> has picked 1 of SLIME_BALL at X= -566, Y= 6, Z= 291 that had [] enchantment(s) |  
[2024-03-27 21:26:16] [world] The Player <Heinrich_Himmler> has picked 1 of SLIME_BALL at X= -566, Y= 6, Z= 291 that had [] enchantment(s) |  
[2024-03-27 21:26:17] [world] The Player <Heinrich_Himmler> has picked 2 of SLIME_BALL at X= -566, Y= 6, Z= 291 that had [] enchantment(s) |  
[2024-03-27 21:26:19] [world] The Player <Heinrich_Himmler> has picked 1 of SLIME_BALL at X= -564, Y= 5, Z= 291 that had [] enchantment(s) |  
[2024-03-27 21:26:20] [world] The Player <Heinrich_Himmler> has picked 2 of SLIME_BALL at X= -564, Y= 6, Z= 290 that had [] enchantment(s) |  
[2024-03-27 21:26:23] [world] The Player <Heinrich_Himmler> has picked 2 of SLIME_BALL at X= -564, Y= 6, Z= 291 that had [] enchantment(s) |  
[2024-03-27 21:26:31] [world] The Player <Heinrich_Himmler> has picked 2 of COBBLESTONE at X= -564, Y= 6, Z= 288 that had [] enchantment(s) |  
[2024-03-27 21:26:39] [world] The Player <Heinrich_Himmler> has picked 10 of COBBLESTONE at X= -563, Y= 6, Z= 288 that had [] enchantment(s) |  
[2024-03-27 21:26:40] [world] The Player <Heinrich_Himmler> has picked 1 of COBBLESTONE at X= -562, Y= 6, Z= 288 that had [] enchantment(s) |  
[2024-03-27 21:26:56] [world] The Player <Heinrich_Himmler> has picked 1 of COBBLESTONE at X= -563, Y= 7, Z= 287 that had [] enchantment(s) |  
[2024-03-27 21:26:56] [world] The Player <Heinrich_Himmler> has picked 23 of COBBLESTONE at X= -563, Y= 7, Z= 288 that had [] enchantment(s) |  
[2024-03-27 21:26:58] [world] The Player <Heinrich_Himmler> has picked 4 of COBBLESTONE at X= -563, Y= 6, Z= 287 that had [] enchantment(s) |  
[2024-03-27 21:34:12] [world_the_end] The Player <Heinrich_Himmler> has picked 1 of SAND at X= 0, Y= 67, Z= -70 that had [] enchantment(s) |  
[2024-03-27 21:34:13] [world_the_end] The Player <Heinrich_Himmler> has picked 1 of SAND at X= 0, Y= 67, Z= -72 that had [] enchantment(s) |  
[2024-03-27 21:34:15] [world_the_end] The Player <Heinrich_Himmler> has picked 1 of SAND at X= 0, Y= 68, Z= -70 that had [] enchantment(s) |  
[2024-03-27 21:34:17] [world_the_end] The Player <Heinrich_Himmler> has picked 1 of SAND at X= 0, Y= 69, Z= -70 that had [] enchantment(s) |  
[2024-03-27 21:34:18] [world_the_end] The Player <Heinrich_Himmler> has picked 1 of SAND at X= -1, Y= 68, Z= -72 that had [] enchantment(s) |  
[2024-03-27 21:34:20] [world_the_end] The Player <Heinrich_Himmler> has picked 1 of SAND at X= 0, Y= 67, Z= -72 that had [] enchantment(s) |  
[2024-03-27 21:34:21] [world_the_end] The Player <Heinrich_Himmler> has picked 1 of SAND at X= 0, Y= 68, Z= -71 that had [] enchantment(s) |  
[2024-03-27 21:35:13] [world_the_end] The Player <Heinrich_Himmler> has picked 1 of SAND at X= 0, Y= 74, Z= -70 that had [] enchantment(s) |  
[2024-03-27 21:35:14] [world_the_end] The Player <Heinrich_Himmler> has picked 1 of SAND at X= 0, Y= 73, Z= -70 that had [] enchantment(s) |  
[2024-03-27 21:35:15] [world_the_end] The Player <Heinrich_Himmler> has picked 1 of SAND at X= 0, Y= 73, Z= -70 that had [] enchantment(s) |  
[2024-03-27 21:35:16] [world_the_end] The Player <Heinrich_Himmler> has picked 1 of SAND at X= -1, Y= 71, Z= -71 that had [] enchantment(s) |  
[2024-03-27 21:35:18] [world_the_end] The Player <Heinrich_Himmler> has picked 1 of SAND at X= 0, Y= 70, Z= -72 that had [] enchantment(s) |  
[2024-03-27 21:35:19] [world_the_end] The Player <Heinrich_Himmler> has picked 1 of SAND at X= 0, Y= 70, Z= -71 that had [] enchantment(s) |  
[2024-03-27 21:35:20] [world_the_end] The Player <Heinrich_Himmler> has picked 1 of SAND at X= -1, Y= 68, Z= -71 that had [] enchantment(s) |  
[2024-03-27 21:35:21] [world_the_end] The Player <Heinrich_Himmler> has picked 1 of SAND at X= -1, Y= 68, Z= -71 that had [] enchantment(s) |  
[2024-03-27 21:37:38] [world_the_end] The Player <Heinrich_Himmler> has picked 1 of OBSIDIAN at X= -1, Y= 72, Z= -70 that had [] enchantment(s) |  
[2024-03-27 21:39:15] [world_the_end] The Player <Heinrich_Himmler> has picked 1 of SAND at X= 0, Y= 75, Z= -71 that had [] enchantment(s) |  
[2024-03-27 21:39:16] [world_the_end] The Player <Heinrich_Himmler> has picked 1 of SAND at X= 0, Y= 74, Z= -71 that had [] enchantment(s) |  
[2024-03-27 21:39:17] [world_the_end] The Player <Heinrich_Himmler> has picked 1 of SAND at X= 0, Y= 73, Z= -71 that had [] enchantment(s) |  
[2024-03-27 21:39:18] [world_the_end] The Player <Heinrich_Himmler> has picked 1 of SAND at X= 0, Y= 72, Z= -71 that had [] enchantment(s) |  
[2024-03-27 21:39:19] [world_the_end] The Player <Heinrich_Himmler> has picked 1 of SAND at X= 0, Y= 70, Z= -72 that had [] enchantment(s) |  
[2024-03-27 21:39:20] [world_the_end] The Player <Heinrich_Himmler> has picked 1 of SAND at X= 0, Y= 70, Z= -71 that had [] enchantment(s) |  
[2024-03-27 21:39:22] [world_the_end] The Player <Heinrich_Himmler> has picked 1 of SAND at X= 0, Y= 68, Z= -72 that had [] enchantment(s) |  
[2024-03-27 21:39:23] [world_the_end] The Player <Heinrich_Himmler> has picked 1 of SAND at X= 0, Y= 67, Z= -72 that had [] enchantment(s) |  
[2024-03-27 21:42:40] [world_the_end] The Player <Heinrich_Himmler> has picked 1 of OBSIDIAN at X= 7, Y= 58, Z= -71 that had [] enchantment(s) |  
[2024-03-27 21:42:41] [world_the_end] The Player <Heinrich_Himmler> has picked 3 of OBSIDIAN at X= 9, Y= 59, Z= -67 that had [] enchantment(s) |  
[2024-03-27 21:43:22] [world_the_end] The Player <Heinrich_Himmler> has picked 1 of SAND at X= 6, Y= 64, Z= -73 that had [] enchantment(s) |  
[2024-03-27 21:43:23] [world_the_end] The Player <Heinrich_Himmler> has picked 1 of SAND at X= 4, Y= 64, Z= -72 that had [] enchantment(s) |  
[2024-03-27 21:43:36] [world_the_end] The Player <Heinrich_Himmler> has picked 1 of SAND at X= 5, Y= 63, Z= -72 that had [] enchantment(s) |  
[2024-03-27 21:43:37] [world_the_end] The Player <Heinrich_Himmler> has picked 1 of SAND at X= 6, Y= 62, Z= -72 that had [] enchantment(s) |  
[2024-03-27 21:43:38] [world_the_end] The Player <Heinrich_Himmler> has picked 1 of SAND at X= 5, Y= 60, Z= -73 that had [] enchantment(s) |  
[2024-03-27 21:43:39] [world_the_end] The Player <Heinrich_Himmler> has picked 1 of SAND at X= 6, Y= 59, Z= -73 that had [] enchantment(s) |  
[2024-03-27 21:43:40] [world_the_end] The Player <Heinrich_Himmler> has picked 1 of SAND at X= 4, Y= 58, Z= -72 that had [] enchantment(s) |  
[2024-03-27 21:43:41] [world_the_end] The Player <Heinrich_Himmler> has picked 1 of SAND at X= 6, Y= 58, Z= -71 that had [] enchantment(s) |  
[2024-03-27 21:43:44] [world_the_end] The Player <Heinrich_Himmler> has picked 1 of SAND at X= 9, Y= 57, Z= -73 that had [] enchantment(s) |  
[2024-03-27 21:44:13] [world_the_end] The Player <Heinrich_Himmler> has picked 8 of SANDSTONE at X= -4, Y= 58, Z= -70 that had [] enchantment(s) |  
[2024-03-27 21:46:10] [world] The Player <Heinrich_Himmler> has picked 1 of DIRT at X= -617, Y= 68, Z= 350 that had [] enchantment(s) |  
[2024-03-27 21:46:18] [world] The Player <Heinrich_Himmler> has picked 1 of DIRT at X= -613, Y= 68, Z= 352 that had [] enchantment(s) |  
[2024-03-27 21:46:39] [world] The Player <Heinrich_Himmler> has picked 7 of DIRT at X= -611, Y= 68, Z= 350 that had [] enchantment(s) |  
[2024-03-27 21:46:48] [world] The Player <Heinrich_Himmler> has picked 1 of DIRT at X= -611, Y= 68, Z= 355 that had [] enchantment(s) |  
[2024-03-27 21:47:12] [world] The Player <Heinrich_Himmler> has picked 1 of DIRT at X= -613, Y= 68, Z= 346 that had [] enchantment(s) |  
[2024-03-27 21:47:56] [world] The Player <Heinrich_Himmler> has picked 1 of DIRT at X= -613, Y= 68, Z= 356 that had [] enchantment(s) |  
[2024-03-27 21:49:08] [world] The Player <Heinrich_Himmler> has picked 1 of RED_ROSE at X= -619, Y= 68, Z= 353 that had [] enchantment(s) |  
[2024-03-27 22:05:58] [world] The Player <Heinrich_Himmler> has picked 2 of ARROW at X= -606, Y= 68, Z= 323 that had [] enchantment(s) |  
[2024-03-27 22:06:02] [world] The Player <Heinrich_Himmler> has picked 1 of BONE at X= -619, Y= 68, Z= 319 that had [] enchantment(s) |  
[2024-03-27 22:06:02] [world] The Player <Heinrich_Himmler> has picked 2 of ARROW at X= -620, Y= 68, Z= 319 that had [] enchantment(s) |  
[2024-03-27 22:09:57] [world] The Player <Heinrich_Himmler> has picked 1 of SAND at X= -570, Y= 63, Z= 226 that had [] enchantment(s) |  
[2024-03-27 22:09:58] [world] The Player <Heinrich_Himmler> has picked 1 of SAND at X= -569, Y= 63, Z= 226 that had [] enchantment(s) |  
[2024-03-27 22:09:59] [world] The Player <Heinrich_Himmler> has picked 1 of SAND at X= -568, Y= 63, Z= 226 that had [] enchantment(s) |  
[2024-03-27 22:10:00] [world] The Player <Heinrich_Himmler> has picked 1 of SAND at X= -567, Y= 63, Z= 226 that had [] enchantment(s) |  
[2024-03-27 22:10:01] [world] The Player <Heinrich_Himmler> has picked 1 of SAND at X= -566, Y= 64, Z= 226 that had [] enchantment(s) |  
[2024-03-27 22:10:02] [world] The Player <Heinrich_Himmler> has picked 1 of SAND at X= -565, Y= 63, Z= 226 that had [] enchantment(s) |  
[2024-03-27 22:10:03] [world] The Player <Heinrich_Himmler> has picked 1 of SAND at X= -564, Y= 63, Z= 226 that had [] enchantment(s) |  
[2024-03-27 22:10:05] [world] The Player <Heinrich_Himmler> has picked 1 of SAND at X= -563, Y= 63, Z= 226 that had [] enchantment(s) |  
[2024-03-27 22:10:11] [world] The Player <Heinrich_Himmler> has picked 2 of SAND at X= -563, Y= 62, Z= 226 that had [] enchantment(s) |  
[2024-03-27 22:12:12] [world] The Player <Heinrich_Himmler> has picked 1 of DIAMOND at X= -582, Y= 69, Z= 340 that had [] enchantment(s) |  
[2024-03-27 22:13:46] [world] The Player <Heinrich_Himmler> has picked 1 of SAND at X= -686, Y= 70, Z= 343 that had [] enchantment(s) |  
[2024-03-27 22:13:47] [world] The Player <Heinrich_Himmler> has picked 1 of SAND at X= -686, Y= 69, Z= 343 that had [] enchantment(s) |  
[2024-03-27 22:13:53] [world] The Player <Heinrich_Himmler> has picked 1 of SAND at X= -686, Y= 71, Z= 343 that had [] enchantment(s) |  
[2024-03-27 22:22:21] [world] The Player <Feathery> has picked 1 of ANVIL at X= 1058, Y= 25, Z= 677 that had [] enchantment(s) |  
[2024-03-27 22:23:18] [world] The Player <Feathery> has picked 2 of NAME_TAG at X= 1059, Y= 25, Z= 677 that had [] enchantment(s) |  
[2024-03-27 22:24:37] [world] The Player <Tester> has picked 2 of QUARTZ_BLOCK at X= -592, Y= 68, Z= 351 that had [] enchantment(s) |  
[2024-03-27 22:24:43] [world] The Player <Tester> has picked 1 of DOUBLE_PLANT at X= -591, Y= 68, Z= 348 that had [] enchantment(s) |  
[2024-03-27 22:24:43] [world] The Player <Tester> has picked 1 of IRON_PLATE at X= -591, Y= 68, Z= 349 that had [] enchantment(s) |  
[2024-03-27 22:24:49] [world] The Player <Feathery> has picked 1 of ENCHANTED_BOOK at X= 1059, Y= 25, Z= 677 that had [] enchantment(s) |  
[2024-03-27 22:24:52] [world] The Player <Feathery> has picked 1 of ENCHANTED_BOOK at X= 1059, Y= 25, Z= 677 that had [] enchantment(s) |  
[2024-03-27 22:24:56] [world] The Player <Tester> has picked 2 of DOUBLE_PLANT at X= -593, Y= 68, Z= 352 that had [] enchantment(s) |  
[2024-03-27 22:24:59] [world] The Player <Feathery> has picked 1 of ENCHANTED_BOOK at X= 1059, Y= 25, Z= 677 that had [] enchantment(s) |  
[2024-03-27 22:25:28] [world] The Player <Tester> has picked 1 of SAND at X= -636, Y= 67, Z= 350 that had [] enchantment(s) |  
[2024-03-27 22:26:32] [world] The Player <Feathery> has picked 1 of LEVER at X= 1059, Y= 25, Z= 677 that had [] enchantment(s) |  
[2024-03-27 22:29:25] [world] The Player <Feathery> has picked 1 of DIAMOND_CHESTPLATE at X= 1059, Y= 25, Z= 677 that had [] enchantment(s) |  
[2024-03-27 22:30:28] [world] The Player <Feathery> has picked 1 of ENCHANTED_BOOK at X= 1059, Y= 25, Z= 677 that had [] enchantment(s) |  
[2024-03-27 22:30:29] [world] The Player <Feathery> has picked 1 of ENCHANTED_BOOK at X= 1059, Y= 25, Z= 677 that had [] enchantment(s) |  
[2024-03-27 22:30:30] [world] The Player <Feathery> has picked 1 of ENCHANTED_BOOK at X= 1059, Y= 25, Z= 677 that had [] enchantment(s) |  
[2024-03-27 22:31:42] [world] The Player <Feathery> has picked 1 of ENCHANTED_BOOK at X= 1058, Y= 25, Z= 678 that had [] enchantment(s) |  
[2024-03-27 22:31:44] [world] The Player <Feathery> has picked 1 of ENCHANTED_BOOK at X= 1058, Y= 25, Z= 678 that had [] enchantment(s) |  
[2024-03-27 22:31:46] [world] The Player <Feathery> has picked 1 of ENCHANTED_BOOK at X= 1058, Y= 25, Z= 678 that had [] enchantment(s) |  
[2024-03-27 22:31:48] [world] The Player <Feathery> has picked 1 of ENCHANTED_BOOK at X= 1058, Y= 25, Z= 678 that had [] enchantment(s) |  
[2024-03-27 22:31:51] [world] The Player <Feathery> has picked 1 of ENCHANTED_BOOK at X= 1058, Y= 25, Z= 678 that had [] enchantment(s) |  
[2024-03-27 22:31:53] [world] The Player <Tester> has picked 1 of RAW_CHICKEN at X= -592, Y= 68, Z= 352 that had [] enchantment(s) |  
[2024-03-27 22:34:11] [world] The Player <Tester> has picked 45 of EMERALD at X= -548, Y= 68, Z= 243 that had [] enchantment(s) |  
[2024-03-27 22:34:11] [world] The Player <Tester> has picked 57 of EMERALD at X= -548, Y= 68, Z= 243 that had [] enchantment(s) |  
[2024-03-27 22:34:11] [world] The Player <Tester> has picked 24 of EMERALD at X= -548, Y= 68, Z= 243 that had [] enchantment(s) |  
[2024-03-27 22:34:11] [world] The Player <Tester> has picked 64 of EMERALD at X= -548, Y= 68, Z= 243 that had [] enchantment(s) |  
[2024-03-27 22:34:11] [world] The Player <Tester> has picked 61 of EMERALD at X= -548, Y= 68, Z= 243 that had [] enchantment(s) |  
[2024-03-27 22:34:11] [world] The Player <Tester> has picked 57 of EMERALD at X= -548, Y= 68, Z= 243 that had [] enchantment(s) |  
[2024-03-27 22:34:11] [world] The Player <Tester> has picked 60 of EMERALD at X= -548, Y= 68, Z= 243 that had [] enchantment(s) |  
[2024-03-27 22:34:11] [world] The Player <Tester> has picked 56 of EMERALD at X= -548, Y= 68, Z= 243 that had [] enchantment(s) |  
[2024-03-27 22:34:11] [world] The Player <Tester> has picked 29 of EMERALD at X= -548, Y= 68, Z= 243 that had [] enchantment(s) |  
[2024-03-27 22:34:11] [world] The Player <Tester> has picked 61 of EMERALD at X= -548, Y= 68, Z= 243 that had [] enchantment(s) |  
[2024-03-27 22:34:11] [world] The Player <Tester> has picked 62 of EMERALD at X= -548, Y= 68, Z= 243 that had [] enchantment(s) |  
[2024-03-27 22:39:17] [world] The Player <Feathery> has picked 1 of DIAMOND_CHESTPLATE at X= 1058, Y= 25, Z= 679 that had [Protection 4, Unbreaking 3, Thorns 3] enchantment(s) |  
[2024-03-27 22:48:52] [world] The Player <Feathery> has picked 1 of WOOD at X= 1054, Y= 60, Z= 708 that had [] enchantment(s) |  
[2024-03-27 22:49:54] [world] The Player <Tester> has picked 1 of POWERED_RAIL at X= -725, Y= 64, Z= 42 that had [] enchantment(s) |  
[2024-03-27 23:01:38] [world] The Player <Tester> has picked 1 of POWERED_RAIL at X= -722, Y= 119, Z= -27 that had [] enchantment(s) |  
[2024-03-27 23:03:26] [world] The Player <Tester> has picked 2 of CACTUS at X= -724, Y= 64, Z= 78 that had [] enchantment(s) |  
[2024-03-27 23:03:43] [world] The Player <Tester> has picked 1 of POWERED_RAIL at X= -725, Y= 61, Z= 63 that had [] enchantment(s) |  
[2024-03-27 23:03:54] [world] The Player <Tester> has picked 1 of POWERED_RAIL at X= -723, Y= 119, Z= -23 that had [] enchantment(s) |  
[2024-03-27 23:03:54] [world] The Player <Tester> has picked 1 of RAILS at X= -722, Y= 120, Z= -24 that had [] enchantment(s) |  
[2024-03-27 23:07:25] [world] The Player <Tester> has picked 1 of POWERED_RAIL at X= -726, Y= 68, Z= 126 that had [] enchantment(s) |  
[2024-03-27 23:08:44] [world] The Player <Feathery> has picked 1 of POTION at X= 1052, Y= 59, Z= 713 that had [] enchantment(s) |  
[2024-03-27 23:08:44] [world] The Player <Feathery> has picked 1 of POTION at X= 1052, Y= 59, Z= 713 that had [] enchantment(s) |  
[2024-03-27 23:08:44] [world] The Player <Feathery> has picked 1 of POTION at X= 1052, Y= 59, Z= 713 that had [] enchantment(s) |  
[2024-03-27 23:08:44] [world] The Player <Feathery> has picked 1 of POTION at X= 1052, Y= 59, Z= 713 that had [] enchantment(s) |  
[2024-03-27 23:08:44] [world] The Player <Feathery> has picked 1 of POTION at X= 1051, Y= 59, Z= 713 that had [] enchantment(s) |  
[2024-03-27 23:08:44] [world] The Player <Feathery> has picked 1 of POTION at X= 1052, Y= 59, Z= 713 that had [] enchantment(s) |  
[2024-03-27 23:08:44] [world] The Player <Feathery> has picked 1 of POTION at X= 1051, Y= 59, Z= 713 that had [] enchantment(s) |  
[2024-03-27 23:14:55] [world] The Player <Feathery> has picked 1 of RAW_BEEF at X= 1062, Y= 63, Z= 716 that had [] enchantment(s) |  
[2024-03-27 23:14:57] [world] The Player <Feathery> has picked 2 of LEATHER at X= 1061, Y= 63, Z= 712 that had [] enchantment(s) |  
[2024-03-27 23:16:06] [world] The Player <Milk_Frog> has picked 5 of PUMPKIN_PIE at X= 1046, Y= 63, Z= 710 that had [] enchantment(s) |  
[2024-03-27 23:16:11] [world] The Player <Char> has picked 3 of PUMPKIN_PIE at X= 1044, Y= 63, Z= 710 that had [] enchantment(s) |  
[2024-03-27 23:16:16] [world] The Player <Milk_Frog> has picked 3 of RAW_BEEF at X= 1059, Y= 60, Z= 714 that had [] enchantment(s) |  
[2024-03-27 23:17:09] [world] The Player <Milk_Frog> has picked 1 of POTION at X= 1055, Y= 58, Z= 713 that had [] enchantment(s) |  
[2024-03-27 23:17:13] [world] The Player <Feathery> has picked 1 of POTION at X= 1051, Y= 59, Z= 712 that had [] enchantment(s) |  
[2024-03-27 23:17:16] [world] The Player <Char> has picked 1 of POTION at X= 1053, Y= 59, Z= 711 that had [] enchantment(s) |  
[2024-03-27 23:17:34] [world] The Player <Char> has picked 1 of GLASS_BOTTLE at X= 1051, Y= 61, Z= 717 that had [] enchantment(s) |  
[2024-03-27 23:17:55] [world] The Player <Milk_Frog> has picked 1 of GLASS_BOTTLE at X= 1052, Y= 61, Z= 715 that had [] enchantment(s) |  
[2024-03-27 23:22:44] [world] The Player <Feathery> has picked 1 of CARPET at X= 1047, Y= 24, Z= 687 that had [] enchantment(s) |  
[2024-03-27 23:24:02] [world] The Player <Milk_Frog> has picked 1 of HAY_BLOCK at X= 1062, Y= 25, Z= 681 that had [] enchantment(s) |  
[2024-03-27 23:24:03] [world] The Player <Milk_Frog> has picked 1 of POTION at X= 1064, Y= 24, Z= 682 that had [] enchantment(s) |  
[2024-03-27 23:24:03] [world] The Player <Milk_Frog> has picked 1 of POTION at X= 1064, Y= 24, Z= 681 that had [] enchantment(s) |  
[2024-03-27 23:24:04] [world] The Player <Milk_Frog> has picked 1 of POTION at X= 1064, Y= 24, Z= 682 that had [] enchantment(s) |  
[2024-03-27 23:24:06] [world] The Player <Char> has picked 6 of PUMPKIN_PIE at X= 1064, Y= 24, Z= 681 that had [] enchantment(s) |  
[2024-03-27 23:24:12] [world] The Player <Feathery> has picked 1 of IRON_FENCE at X= 1046, Y= 25, Z= 682 that had [] enchantment(s) |  
[2024-03-27 23:24:13] [world] The Player <Heinrich_Himmler> has picked 1 of POTION at X= 1065, Y= 25, Z= 680 that had [] enchantment(s) |  
[2024-03-27 23:24:15] [world] The Player <Char> has picked 1 of POTION at X= 1064, Y= 24, Z= 682 that had [] enchantment(s) |  
[2024-03-27 23:24:40] [world] The Player <Milk_Frog> has picked 1 of GLASS_BOTTLE at X= 1066, Y= 24, Z= 684 that had [] enchantment(s) |  
[2024-03-27 23:24:45] [world] The Player <Feathery> has picked 1 of IRON_FENCE at X= 1046, Y= 25, Z= 682 that had [] enchantment(s) |  
[2024-03-27 23:24:57] [world] The Player <Feathery> has picked 48 of PUMPKIN_PIE at X= 1047, Y= 24, Z= 685 that had [] enchantment(s) |  
[2024-03-27 23:25:24] [world] The Player <Char> has picked 48 of PUMPKIN_PIE at X= 1060, Y= 24, Z= 686 that had [] enchantment(s) |  
[2024-03-27 23:25:34] [world] The Player <Heinrich_Himmler> has picked 15 of PUMPKIN_PIE at X= 1059, Y= 24, Z= 686 that had [] enchantment(s) |  
[2024-03-27 23:26:27] [world] The Player <Char> has picked 1 of BOW at X= 1052, Y= 24, Z= 684 that had [Power 5, Punch 5, Flame 5, Infinite 5] enchantment(s) | God Did Not Like That
[2024-03-27 23:26:58] [world] The Player <Milk_Frog> has picked 1 of CARPET at X= 1054, Y= 24, Z= 687 that had [] enchantment(s) |  
[2024-03-27 23:27:01] [world] The Player <Feathery> has picked 1 of CARPET at X= 1055, Y= 24, Z= 687 that had [] enchantment(s) |  
[2024-03-27 23:27:13] [world] The Player <Feathery> has picked 1 of POTION at X= 1059, Y= 24, Z= 686 that had [] enchantment(s) |  
[2024-03-27 23:27:22] [world] The Player <Char> has picked 1 of GLASS_BOTTLE at X= 1054, Y= 24, Z= 688 that had [] enchantment(s) |  
[2024-03-27 23:27:28] [world] The Player <Char> has picked 1 of GLASS_BOTTLE at X= 1055, Y= 24, Z= 688 that had [] enchantment(s) |  
[2024-03-27 23:27:39] [world] The Player <Feathery> has picked 1 of GLASS_BOTTLE at X= 1056, Y= 24, Z= 684 that had [] enchantment(s) |  
[2024-03-27 23:27:58] [world] The Player <Heinrich_Himmler> has picked 1 of GLASS_BOTTLE at X= 1053, Y= 24, Z= 689 that had [] enchantment(s) |  
[2024-03-27 23:28:22] [world] The Player <Char> has picked 1 of GLASS_BOTTLE at X= 1060, Y= 24, Z= 688 that had [] enchantment(s) |  
[2024-03-27 23:28:57] [world] The Player <Feathery> has picked 2 of GLOWSTONE_DUST at X= 1054, Y= 24, Z= 680 that had [] enchantment(s) |  
[2024-03-27 23:28:58] [world] The Player <Feathery> has picked 4 of GLOWSTONE_DUST at X= 1054, Y= 25, Z= 679 that had [] enchantment(s) |  
[2024-03-27 23:29:13] [world_nether] The Player <Heinrich_Himmler> has picked 1 of ROTTEN_FLESH at X= -97, Y= 77, Z= 20 that had [] enchantment(s) |  
[2024-03-27 23:29:13] [world_nether] The Player <Heinrich_Himmler> has picked 1 of GOLD_NUGGET at X= -96, Y= 77, Z= 20 that had [] enchantment(s) |  
[2024-03-27 23:29:15] [world_nether] The Player <Heinrich_Himmler> has picked 1 of GOLD_INGOT at X= -87, Y= 77, Z= 16 that had [] enchantment(s) |  
[2024-03-27 23:29:15] [world_nether] The Player <Heinrich_Himmler> has picked 1 of GOLD_SWORD at X= -87, Y= 77, Z= 15 that had [] enchantment(s) |  
[2024-03-27 23:29:15] [world_nether] The Player <Heinrich_Himmler> has picked 2 of ROTTEN_FLESH at X= -87, Y= 77, Z= 15 that had [] enchantment(s) |  
[2024-03-27 23:29:17] [world] The Player <Feathery> has picked 3 of GLOWSTONE_DUST at X= 1054, Y= 25, Z= 679 that had [] enchantment(s) |  
[2024-03-27 23:29:39] [world_nether] The Player <Heinrich_Himmler> has picked 1 of GOLD_NUGGET at X= -79, Y= 77, Z= 16 that had [] enchantment(s) |  
[2024-03-27 23:30:12] [world] The Player <Feathery> has picked 1 of WOOD at X= 1052, Y= 18, Z= 688 that had [] enchantment(s) |  
[2024-03-27 23:30:32] [world] The Player <Feathery> has picked 1 of WOOD at X= 1051, Y= 24, Z= 689 that had [] enchantment(s) |  
[2024-03-27 23:30:35] [world] The Player <Feathery> has picked 1 of WOOD at X= 1052, Y= 22, Z= 689 that had [] enchantment(s) |  
[2024-03-27 23:30:35] [world] The Player <Feathery> has picked 2 of CARPET at X= 1052, Y= 23, Z= 688 that had [] enchantment(s) |  
[2024-03-27 23:33:00] [world] The Player <Feathery> has picked 1 of POWERED_RAIL at X= 1052, Y= 24, Z= 686 that had [] enchantment(s) |  
[2024-03-27 23:33:00] [world] The Player <Feathery> has picked 10 of ENDER_STONE at X= 1052, Y= 24, Z= 686 that had [] enchantment(s) |  
[2024-03-27 23:33:00] [world] The Player <Feathery> has picked 3 of GLASS_BOTTLE at X= 1052, Y= 24, Z= 686 that had [] enchantment(s) |  
[2024-03-27 23:33:05] [world] The Player <NezukoChan> has picked 1 of CARPET at X= 1052, Y= 24, Z= 686 that had [] enchantment(s) |  
[2024-03-27 23:33:10] [world] The Player <NezukoChan> has picked 10 of ENDER_STONE at X= 1056, Y= 24, Z= 688 that had [] enchantment(s) |  
[2024-03-27 23:33:13] [world] The Player <Feathery> has picked 1 of STONE at X= 1052, Y= 24, Z= 686 that had [] enchantment(s) |  
[2024-03-27 23:33:21] [world] The Player <Feathery> has picked 10 of ENDER_STONE at X= 1056, Y= 24, Z= 687 that had [] enchantment(s) |  
[2024-03-27 23:33:21] [world] The Player <Feathery> has picked 1 of POWERED_RAIL at X= 1056, Y= 24, Z= 688 that had [] enchantment(s) |  
[2024-03-27 23:33:44] [world] The Player <Char> has picked 1 of POWERED_RAIL at X= 1053, Y= 24, Z= 687 that had [] enchantment(s) |  
[2024-03-27 23:33:48] [world] The Player <GolemDaWanderer> has picked 1 of POWERED_RAIL at X= 1053, Y= 24, Z= 687 that had [] enchantment(s) |  
[2024-03-27 23:33:48] [world] The Player <GolemDaWanderer> has picked 9 of ENDER_STONE at X= 1053, Y= 24, Z= 687 that had [] enchantment(s) |  
[2024-03-27 23:33:58] [world] The Player <Feathery> has picked 1 of TORCH at X= 1063, Y= 25, Z= 680 that had [] enchantment(s) |  
[2024-03-27 23:35:34] [world] The Player <Feathery> has picked 3 of CARPET at X= 1055, Y= 24, Z= 693 that had [] enchantment(s) |  
[2024-03-27 23:35:36] [world] The Player <Feathery> has picked 4 of WOOD at X= 1054, Y= 17, Z= 690 that had [] enchantment(s) |  
[2024-03-27 23:35:36] [world] The Player <Feathery> has picked 7 of NETHER_BRICK at X= 1053, Y= 16, Z= 689 that had [] enchantment(s) |  
[2024-03-27 23:35:37] [world] The Player <Feathery> has picked 7 of CARPET at X= 1055, Y= 19, Z= 687 that had [] enchantment(s) |  
[2024-03-27 23:35:47] [world] The Player <Feathery> has picked 1 of IRON_FENCE at X= 1059, Y= 19, Z= 686 that had [] enchantment(s) |  
[2024-03-27 23:35:47] [world] The Player <Feathery> has picked 5 of WOOD at X= 1060, Y= 19, Z= 684 that had [] enchantment(s) |  
[2024-03-27 23:36:52] [world] The Player <Feathery> has picked 1 of NETHER_BRICK at X= 1052, Y= 28, Z= 708 that had [] enchantment(s) |  
[2024-03-27 23:36:53] [world] The Player <Feathery> has picked 1 of NETHER_BRICK at X= 1052, Y= 27, Z= 708 that had [] enchantment(s) |  
[2024-03-27 23:37:00] [world] The Player <NezukoChan> has picked 1 of DIRT at X= -544, Y= 64, Z= 317 that had [] enchantment(s) |  
[2024-03-27 23:37:07] [world] The Player <xcpc> has picked 1 of IRON_ORE at X= 1049, Y= 18, Z= 698 that had [] enchantment(s) |  
[2024-03-27 23:37:08] [world] The Player <xcpc> has picked 1 of IRON_ORE at X= 1049, Y= 18, Z= 699 that had [] enchantment(s) |  
[2024-03-27 23:37:17] [world] The Player <xcpc> has picked 1 of COBBLESTONE at X= 1047, Y= 21, Z= 706 that had [] enchantment(s) |  
[2024-03-27 23:37:20] [world] The Player <xcpc> has picked 1 of COBBLESTONE at X= 1048, Y= 21, Z= 706 that had [] enchantment(s) |  
[2024-03-27 23:37:21] [world] The Player <xcpc> has picked 1 of COBBLESTONE at X= 1047, Y= 22, Z= 705 that had [] enchantment(s) |  
[2024-03-27 23:37:23] [world] The Player <xcpc> has picked 1 of IRON_ORE at X= 1047, Y= 22, Z= 704 that had [] enchantment(s) |  
[2024-03-27 23:37:25] [world] The Player <xcpc> has picked 1 of IRON_ORE at X= 1047, Y= 22, Z= 703 that had [] enchantment(s) |  
[2024-03-27 23:37:26] [world] The Player <xcpc> has picked 1 of IRON_ORE at X= 1046, Y= 23, Z= 704 that had [] enchantment(s) |  
[2024-03-27 23:37:29] [world] The Player <xcpc> has picked 1 of IRON_ORE at X= 1046, Y= 22, Z= 704 that had [] enchantment(s) |  
[2024-03-27 23:38:14] [world] The Player <xcpc> has picked 1 of DIAMOND_LEGGINGS at X= 1061, Y= 20, Z= 666 that had [Protection 4, Unbreaking 3, Thorns 3] enchantment(s) |  
[2024-03-27 23:38:14] [world] The Player <xcpc> has picked 2 of BONE at X= 1061, Y= 20, Z= 666 that had [] enchantment(s) |  
[2024-03-27 23:38:14] [world] The Player <xcpc> has picked 1 of NETHER_STAR at X= 1061, Y= 20, Z= 666 that had [] enchantment(s) |  
[2024-03-27 23:38:14] [world] The Player <xcpc> has picked 1 of ROTTEN_FLESH at X= 1061, Y= 20, Z= 666 that had [] enchantment(s) |  
[2024-03-27 23:38:14] [world] The Player <xcpc> has picked 2 of STRING at X= 1061, Y= 20, Z= 666 that had [] enchantment(s) |  
[2024-03-27 23:38:14] [world] The Player <xcpc> has picked 2 of ROTTEN_FLESH at X= 1061, Y= 20, Z= 666 that had [] enchantment(s) |  
[2024-03-27 23:38:14] [world] The Player <xcpc> has picked 3 of ARROW at X= 1061, Y= 20, Z= 666 that had [] enchantment(s) |  
[2024-03-27 23:38:14] [world] The Player <xcpc> has picked 1 of ROTTEN_FLESH at X= 1061, Y= 20, Z= 666 that had [] enchantment(s) |  
[2024-03-27 23:38:14] [world] The Player <xcpc> has picked 2 of ARROW at X= 1061, Y= 20, Z= 666 that had [] enchantment(s) |  
[2024-03-27 23:38:14] [world] The Player <xcpc> has picked 1 of BONE at X= 1061, Y= 20, Z= 666 that had [] enchantment(s) |  
[2024-03-27 23:38:14] [world] The Player <xcpc> has picked 2 of ROTTEN_FLESH at X= 1061, Y= 20, Z= 666 that had [] enchantment(s) |  
[2024-03-27 23:38:14] [world] The Player <xcpc> has picked 1 of BONE at X= 1061, Y= 20, Z= 666 that had [] enchantment(s) |  
[2024-03-27 23:38:14] [world] The Player <xcpc> has picked 2 of ARROW at X= 1061, Y= 20, Z= 666 that had [] enchantment(s) |  
[2024-03-27 23:38:14] [world] The Player <xcpc> has picked 2 of BONE at X= 1061, Y= 20, Z= 666 that had [] enchantment(s) |  
[2024-03-27 23:38:14] [world] The Player <xcpc> has picked 1 of ARROW at X= 1061, Y= 20, Z= 666 that had [] enchantment(s) |  
[2024-03-27 23:38:14] [world] The Player <xcpc> has picked 1 of ARROW at X= 1061, Y= 20, Z= 666 that had [] enchantment(s) |  
[2024-03-27 23:38:14] [world] The Player <xcpc> has picked 2 of RAW_BEEF at X= 1061, Y= 20, Z= 666 that had [] enchantment(s) |  
[2024-03-27 23:38:14] [world] The Player <xcpc> has picked 1 of LEATHER at X= 1061, Y= 20, Z= 666 that had [] enchantment(s) |  
[2024-03-27 23:38:14] [world] The Player <xcpc> has picked 1 of LEATHER at X= 1061, Y= 20, Z= 666 that had [] enchantment(s) |  
[2024-03-27 23:38:14] [world] The Player <xcpc> has picked 2 of SULPHUR at X= 1061, Y= 20, Z= 666 that had [] enchantment(s) |  
[2024-03-27 23:38:14] [world] The Player <xcpc> has picked 1 of ARROW at X= 1061, Y= 20, Z= 666 that had [] enchantment(s) |  
[2024-03-27 23:38:14] [world] The Player <xcpc> has picked 2 of BONE at X= 1061, Y= 20, Z= 666 that had [] enchantment(s) |  
[2024-03-27 23:38:14] [world] The Player <xcpc> has picked 3 of RABBIT_HIDE at X= 1061, Y= 20, Z= 666 that had [] enchantment(s) |  
[2024-03-27 23:38:14] [world] The Player <xcpc> has picked 2 of RAW_BEEF at X= 1061, Y= 20, Z= 666 that had [] enchantment(s) |  
[2024-03-27 23:38:14] [world] The Player <xcpc> has picked 1 of LEATHER at X= 1061, Y= 20, Z= 666 that had [] enchantment(s) |  
[2024-03-27 23:38:14] [world] The Player <xcpc> has picked 3 of RAW_BEEF at X= 1061, Y= 20, Z= 666 that had [] enchantment(s) |  
[2024-03-27 23:38:14] [world] The Player <xcpc> has picked 1 of WOOL at X= 1061, Y= 20, Z= 666 that had [] enchantment(s) |  
[2024-03-27 23:38:14] [world] The Player <xcpc> has picked 1 of MUTTON at X= 1061, Y= 20, Z= 666 that had [] enchantment(s) |  
[2024-03-27 23:38:14] [world] The Player <xcpc> has picked 2 of ARROW at X= 1061, Y= 20, Z= 666 that had [] enchantment(s) |  
[2024-03-27 23:38:14] [world] The Player <xcpc> has picked 1 of BONE at X= 1061, Y= 20, Z= 666 that had [] enchantment(s) |  
[2024-03-27 23:38:14] [world] The Player <xcpc> has picked 15 of INK_SACK at X= 1061, Y= 20, Z= 666 that had [] enchantment(s) |  
[2024-03-27 23:38:14] [world] The Player <xcpc> has picked 1 of INK_SACK at X= 1061, Y= 20, Z= 666 that had [] enchantment(s) |  
[2024-03-27 23:38:14] [world] The Player <xcpc> has picked 1 of INK_SACK at X= 1061, Y= 20, Z= 666 that had [] enchantment(s) |  
[2024-03-27 23:38:14] [world] The Player <xcpc> has picked 2 of STRING at X= 1061, Y= 20, Z= 666 that had [] enchantment(s) |  
[2024-03-27 23:38:14] [world] The Player <xcpc> has picked 1 of INK_SACK at X= 1061, Y= 20, Z= 666 that had [] enchantment(s) |  
[2024-03-27 23:38:14] [world] The Player <xcpc> has picked 1 of INK_SACK at X= 1061, Y= 20, Z= 666 that had [] enchantment(s) |  
[2024-03-27 23:38:14] [world] The Player <xcpc> has picked 2 of RAW_BEEF at X= 1061, Y= 20, Z= 666 that had [] enchantment(s) |  
[2024-03-27 23:38:14] [world] The Player <xcpc> has picked 3 of RAW_CHICKEN at X= 1061, Y= 20, Z= 666 that had [] enchantment(s) |  
[2024-03-27 23:38:14] [world] The Player <xcpc> has picked 1 of RAW_CHICKEN at X= 1061, Y= 20, Z= 666 that had [] enchantment(s) |  
[2024-03-27 23:38:14] [world] The Player <xcpc> has picked 1 of DIRT at X= 1061, Y= 20, Z= 666 that had [] enchantment(s) |  
[2024-03-27 23:38:14] [world] The Player <xcpc> has picked 1 of RAW_CHICKEN at X= 1061, Y= 20, Z= 666 that had [] enchantment(s) |  
[2024-03-27 23:38:14] [world] The Player <xcpc> has picked 1 of MUTTON at X= 1061, Y= 20, Z= 666 that had [] enchantment(s) |  
[2024-03-27 23:38:14] [world] The Player <xcpc> has picked 1 of WOOL at X= 1061, Y= 20, Z= 666 that had [] enchantment(s) |  
[2024-03-27 23:38:14] [world] The Player <xcpc> has picked 5 of RABBIT at X= 1061, Y= 20, Z= 666 that had [] enchantment(s) |  
[2024-03-27 23:38:14] [world] The Player <xcpc> has picked 1 of PORK at X= 1061, Y= 20, Z= 666 that had [] enchantment(s) |  
[2024-03-27 23:38:14] [world] The Player <xcpc> has picked 1 of RABBIT at X= 1061, Y= 20, Z= 666 that had [] enchantment(s) |  
[2024-03-27 23:38:14] [world] The Player <xcpc> has picked 1 of RABBIT at X= 1061, Y= 20, Z= 666 that had [] enchantment(s) |  
[2024-03-27 23:38:14] [world] The Player <xcpc> has picked 1 of RABBIT_HIDE at X= 1061, Y= 20, Z= 666 that had [] enchantment(s) |  
[2024-03-27 23:38:14] [world] The Player <xcpc> has picked 1 of LEASH at X= 1061, Y= 20, Z= 666 that had [] enchantment(s) |  
[2024-03-27 23:38:14] [world] The Player <xcpc> has picked 1 of RABBIT at X= 1061, Y= 20, Z= 666 that had [] enchantment(s) |  
[2024-03-27 23:38:14] [world] The Player <xcpc> has picked 1 of RABBIT at X= 1061, Y= 20, Z= 666 that had [] enchantment(s) |  
[2024-03-27 23:38:14] [world] The Player <xcpc> has picked 1 of RABBIT_HIDE at X= 1061, Y= 20, Z= 666 that had [] enchantment(s) |  
[2024-03-27 23:38:14] [world] The Player <xcpc> has picked 1 of LEASH at X= 1061, Y= 20, Z= 666 that had [] enchantment(s) |  
[2024-03-27 23:38:14] [world] The Player <xcpc> has picked 1 of RABBIT_HIDE at X= 1061, Y= 20, Z= 666 that had [] enchantment(s) |  
[2024-03-27 23:38:14] [world] The Player <xcpc> has picked 1 of RABBIT_HIDE at X= 1061, Y= 20, Z= 666 that had [] enchantment(s) |  
[2024-03-27 23:38:14] [world] The Player <xcpc> has picked 1 of RABBIT at X= 1061, Y= 20, Z= 666 that had [] enchantment(s) |  
[2024-03-27 23:38:14] [world] The Player <xcpc> has picked 1 of RABBIT_HIDE at X= 1061, Y= 20, Z= 666 that had [] enchantment(s) |  
[2024-03-27 23:38:14] [world] The Player <xcpc> has picked 1 of RABBIT_HIDE at X= 1061, Y= 20, Z= 666 that had [] enchantment(s) |  
[2024-03-27 23:38:14] [world] The Player <xcpc> has picked 1 of RABBIT at X= 1061, Y= 20, Z= 666 that had [] enchantment(s) |  
[2024-03-27 23:38:14] [world] The Player <xcpc> has picked 1 of RABBIT_HIDE at X= 1061, Y= 20, Z= 666 that had [] enchantment(s) |  
[2024-03-27 23:38:14] [world] The Player <xcpc> has picked 1 of LEASH at X= 1061, Y= 20, Z= 666 that had [] enchantment(s) |  
[2024-03-27 23:38:14] [world] The Player <xcpc> has picked 1 of RABBIT at X= 1061, Y= 20, Z= 666 that had [] enchantment(s) |  
[2024-03-27 23:38:14] [world] The Player <xcpc> has picked 1 of RAW_CHICKEN at X= 1061, Y= 20, Z= 666 that had [] enchantment(s) |  
[2024-03-27 23:38:14] [world] The Player <xcpc> has picked 1 of RABBIT at X= 1061, Y= 20, Z= 666 that had [] enchantment(s) |  
[2024-03-27 23:38:14] [world] The Player <xcpc> has picked 1 of PORK at X= 1061, Y= 20, Z= 666 that had [] enchantment(s) |  
[2024-03-27 23:38:14] [world] The Player <xcpc> has picked 1 of MUTTON at X= 1061, Y= 20, Z= 666 that had [] enchantment(s) |  
[2024-03-27 23:38:14] [world] The Player <xcpc> has picked 1 of WOOL at X= 1061, Y= 20, Z= 666 that had [] enchantment(s) |  
[2024-03-27 23:38:14] [world] The Player <xcpc> has picked 1 of RABBIT at X= 1061, Y= 20, Z= 666 that had [] enchantment(s) |  
[2024-03-27 23:38:14] [world] The Player <xcpc> has picked 1 of RABBIT_HIDE at X= 1061, Y= 20, Z= 666 that had [] enchantment(s) |  
[2024-03-27 23:38:14] [world] The Player <xcpc> has picked 1 of WOOL at X= 1061, Y= 20, Z= 666 that had [] enchantment(s) |  
[2024-03-27 23:38:14] [world] The Player <xcpc> has picked 2 of MUTTON at X= 1061, Y= 20, Z= 666 that had [] enchantment(s) |  
[2024-03-27 23:38:14] [world] The Player <xcpc> has picked 1 of RABBIT at X= 1061, Y= 20, Z= 666 that had [] enchantment(s) |  
[2024-03-27 23:38:14] [world] The Player <xcpc> has picked 2 of MUTTON at X= 1061, Y= 20, Z= 666 that had [] enchantment(s) |  
[2024-03-27 23:38:14] [world] The Player <xcpc> has picked 1 of RAW_CHICKEN at X= 1061, Y= 20, Z= 666 that had [] enchantment(s) |  
[2024-03-27 23:38:14] [world] The Player <xcpc> has picked 1 of RABBIT at X= 1061, Y= 20, Z= 666 that had [] enchantment(s) |  
[2024-03-27 23:38:14] [world] The Player <xcpc> has picked 1 of RABBIT_HIDE at X= 1061, Y= 20, Z= 666 that had [] enchantment(s) |  
[2024-03-27 23:38:14] [world] The Player <xcpc> has picked 1 of RABBIT at X= 1061, Y= 20, Z= 666 that had [] enchantment(s) |  
[2024-03-27 23:38:14] [world] The Player <xcpc> has picked 1 of RABBIT_HIDE at X= 1061, Y= 20, Z= 666 that had [] enchantment(s) |  
[2024-03-27 23:38:14] [world] The Player <xcpc> has picked 2 of RAW_BEEF at X= 1061, Y= 20, Z= 666 that had [] enchantment(s) |  
[2024-03-27 23:38:14] [world] The Player <xcpc> has picked 2 of ROTTEN_FLESH at X= 1061, Y= 20, Z= 666 that had [] enchantment(s) |  
[2024-03-27 23:38:14] [world] The Player <xcpc> has picked 1 of SULPHUR at X= 1061, Y= 20, Z= 666 that had [] enchantment(s) |  
[2024-03-27 23:38:14] [world] The Player <xcpc> has picked 3 of PORK at X= 1061, Y= 20, Z= 666 that had [] enchantment(s) |  
[2024-03-27 23:38:14] [world] The Player <xcpc> has picked 2 of BONE at X= 1061, Y= 20, Z= 666 that had [] enchantment(s) |  
[2024-03-27 23:38:14] [world] The Player <xcpc> has picked 1 of MUTTON at X= 1061, Y= 20, Z= 666 that had [] enchantment(s) |  
[2024-03-27 23:38:14] [world] The Player <xcpc> has picked 1 of WOOL at X= 1061, Y= 20, Z= 666 that had [] enchantment(s) |  
[2024-03-27 23:38:14] [world] The Player <xcpc> has picked 1 of MUTTON at X= 1061, Y= 20, Z= 666 that had [] enchantment(s) |  
[2024-03-27 23:38:14] [world] The Player <xcpc> has picked 2 of SULPHUR at X= 1061, Y= 20, Z= 666 that had [] enchantment(s) |  
[2024-03-27 23:38:14] [world] The Player <xcpc> has picked 1 of NETHER_STAR at X= 1061, Y= 20, Z= 666 that had [] enchantment(s) |  
[2024-03-27 23:38:14] [world] The Player <xcpc> has picked 1 of BONE at X= 1061, Y= 20, Z= 666 that had [] enchantment(s) |  
[2024-03-27 23:38:14] [world] The Player <xcpc> has picked 2 of RAW_BEEF at X= 1061, Y= 20, Z= 666 that had [] enchantment(s) |  
[2024-03-27 23:38:14] [world] The Player <xcpc> has picked 2 of SULPHUR at X= 1061, Y= 20, Z= 666 that had [] enchantment(s) |  
[2024-03-27 23:38:14] [world] The Player <NezukoChan> has picked 5 of FEATHER at X= 1061, Y= 20, Z= 666 that had [] enchantment(s) |  
[2024-03-27 23:38:14] [world] The Player <NezukoChan> has picked 2 of FEATHER at X= 1061, Y= 20, Z= 666 that had [] enchantment(s) |  
[2024-03-27 23:38:14] [world] The Player <Char> has picked 1 of WOOL at X= 1061, Y= 20, Z= 666 that had [] enchantment(s) |  
[2024-03-27 23:38:14] [world] The Player <Char> has picked 1 of WOOL at X= 1061, Y= 20, Z= 666 that had [] enchantment(s) |  
[2024-03-27 23:38:15] [world] The Player <Tester> has picked 2 of LEATHER at X= 1061, Y= 20, Z= 666 that had [] enchantment(s) |  
[2024-03-27 23:38:15] [world] The Player <Tester> has picked 3 of RAW_BEEF at X= 1061, Y= 20, Z= 666 that had [] enchantment(s) |  
[2024-03-27 23:38:15] [world] The Player <Tester> has picked 3 of RAW_BEEF at X= 1061, Y= 20, Z= 666 that had [] enchantment(s) |  
[2024-03-27 23:38:16] [world] The Player <GolemDaWanderer> has picked 3 of COOKED_BEEF at X= 1063, Y= 20, Z= 666 that had [] enchantment(s) |  
[2024-03-27 23:38:17] [world] The Player <GolemDaWanderer> has picked 1 of INK_SACK at X= 1061, Y= 20, Z= 668 that had [] enchantment(s) |  
[2024-03-27 23:38:17] [world] The Player <GolemDaWanderer> has picked 3 of SULPHUR at X= 1061, Y= 20, Z= 668 that had [] enchantment(s) |  
[2024-03-27 23:38:20] [world] The Player <Tester> has picked 3 of LEATHER at X= 1061, Y= 20, Z= 668 that had [] enchantment(s) |  
[2024-03-27 23:38:20] [world] The Player <Tester> has picked 1 of RAW_BEEF at X= 1061, Y= 20, Z= 669 that had [] enchantment(s) |  
[2024-03-27 23:38:20] [world] The Player <Tester> has picked 18 of INK_SACK at X= 1061, Y= 20, Z= 668 that had [] enchantment(s) |  
[2024-03-27 23:38:38] [world] The Player <GolemDaWanderer> has picked 1 of INK_SACK at X= -572, Y= 70, Z= 321 that had [] enchantment(s) |  
[2024-03-27 23:38:51] [world] The Player <GolemDaWanderer> has picked 1 of INK_SACK at X= -573, Y= 69, Z= 326 that had [] enchantment(s) |  
[2024-03-27 23:38:59] [world_the_end] The Player <GolemDaWanderer> has picked 1 of INK_SACK at X= 100, Y= 49, Z= 0 that had [] enchantment(s) |  
[2024-03-27 23:41:06] [world] The Player <GolemDaWanderer> has picked 3 of CACTUS at X= -537, Y= 75, Z= 210 that had [] enchantment(s) |  
[2024-03-27 23:41:41] [world] The Player <GolemDaWanderer> has picked 3 of CACTUS at X= -560, Y= 72, Z= 136 that had [] enchantment(s) |  
[2024-03-27 23:41:43] [world] The Player <GolemDaWanderer> has picked 3 of CACTUS at X= -561, Y= 72, Z= 132 that had [] enchantment(s) |  
[2024-03-27 23:41:46] [world] The Player <GolemDaWanderer> has picked 3 of CACTUS at X= -557, Y= 72, Z= 130 that had [] enchantment(s) |  
[2024-03-27 23:41:54] [world] The Player <GolemDaWanderer> has picked 3 of CACTUS at X= -547, Y= 73, Z= 114 that had [] enchantment(s) |  
[2024-03-27 23:42:57] [world] The Player <GolemDaWanderer> has picked 1 of DIRT at X= -500, Y= 54, Z= 393 that had [] enchantment(s) |  
[2024-03-27 23:42:58] [world] The Player <GolemDaWanderer> has picked 1 of DIRT at X= -500, Y= 53, Z= 393 that had [] enchantment(s) |  
[2024-03-27 23:42:59] [world] The Player <GolemDaWanderer> has picked 1 of DIRT at X= -500, Y= 52, Z= 393 that had [] enchantment(s) |  
[2024-03-27 23:43:08] [world] The Player <GolemDaWanderer> has picked 7 of DIRT at X= -500, Y= 53, Z= 394 that had [] enchantment(s) |  
[2024-03-27 23:43:29] [world] The Player <GolemDaWanderer> has picked 1 of SAND at X= -499, Y= 57, Z= 386 that had [] enchantment(s) |  
[2024-03-27 23:43:30] [world] The Player <GolemDaWanderer> has picked 1 of SAND at X= -499, Y= 56, Z= 386 that had [] enchantment(s) |  
[2024-03-27 23:43:31] [world] The Player <GolemDaWanderer> has picked 1 of SAND at X= -499, Y= 55, Z= 386 that had [] enchantment(s) |  
[2024-03-27 23:43:31] [world] The Player <GolemDaWanderer> has picked 1 of SAND at X= -499, Y= 54, Z= 386 that had [] enchantment(s) |  
[2024-03-27 23:43:38] [world] The Player <GolemDaWanderer> has picked 1 of SAND at X= -499, Y= 55, Z= 386 that had [] enchantment(s) |  
[2024-03-27 23:45:42] [world_the_end] The Player <Feathery> has picked 1 of GOLDEN_APPLE at X= -11, Y= 59, Z= 12 that had [] enchantment(s) |  
[2024-03-27 23:45:42] [world_nether] The Player <Heinrich_Himmler> has picked 1 of IRON_BARDING at X= -52, Y= 76, Z= -9 that had [] enchantment(s) | eMP7e  30
[2024-03-27 23:46:05] [world_the_end] The Player <NezukoChan> has picked 1 of GOLDEN_APPLE at X= -12, Y= 59, Z= 24 that had [] enchantment(s) |  
[2024-03-27 23:46:52] [world] The Player <xcpc> has picked 1 of SAND at X= -456, Y= 71, Z= 255 that had [] enchantment(s) |  
[2024-03-27 23:46:58] [world] The Player <xcpc> has picked 1 of SANDSTONE at X= -455, Y= 71, Z= 255 that had [] enchantment(s) |  
[2024-03-27 23:46:59] [world] The Player <xcpc> has picked 1 of SANDSTONE at X= -453, Y= 72, Z= 255 that had [] enchantment(s) |  
[2024-03-27 23:47:00] [world] The Player <xcpc> has picked 1 of SANDSTONE at X= -453, Y= 71, Z= 255 that had [] enchantment(s) |  
[2024-03-27 23:48:05] [world] The Player <xcpc> has picked 1 of SANDSTONE at X= -453, Y= 72, Z= 256 that had [] enchantment(s) |  
[2024-03-27 23:48:05] [world] The Player <xcpc> has picked 1 of SANDSTONE at X= -453, Y= 71, Z= 256 that had [] enchantment(s) |  
[2024-03-27 23:48:15] [world] The Player <xcpc> has picked 2 of SANDSTONE at X= -453, Y= 71, Z= 254 that had [] enchantment(s) |  
[2024-03-27 23:48:17] [world] The Player <xcpc> has picked 1 of SANDSTONE at X= -454, Y= 72, Z= 254 that had [] enchantment(s) |  
[2024-03-27 23:48:18] [world] The Player <xcpc> has picked 1 of SANDSTONE at X= -454, Y= 71, Z= 254 that had [] enchantment(s) |  
[2024-03-27 23:48:19] [world] The Player <xcpc> has picked 1 of SANDSTONE at X= -454, Y= 72, Z= 256 that had [] enchantment(s) |  
[2024-03-27 23:48:19] [world] The Player <xcpc> has picked 1 of SANDSTONE at X= -454, Y= 71, Z= 255 that had [] enchantment(s) |  
[2024-03-27 23:48:25] [world] The Player <xcpc> has picked 6 of SANDSTONE at X= -453, Y= 71, Z= 254 that had [] enchantment(s) |  
[2024-03-27 23:48:51] [world_the_end] The Player <Feathery> has picked 1 of MONSTER_EGG at X= -165, Y= 99, Z= 41 that had [] enchantment(s) |  
[2024-03-27 23:49:26] [world] The Player <xcpc> has picked 1 of SAND at X= -456, Y= 71, Z= 255 that had [] enchantment(s) |  
[2024-03-27 23:49:30] [world] The Player <xcpc> has picked 1 of SANDSTONE at X= -456, Y= 73, Z= 254 that had [] enchantment(s) |  
[2024-03-27 23:50:00] [world] The Player <xcpc> has picked 1 of SANDSTONE at X= -453, Y= 71, Z= 255 that had [] enchantment(s) |  
[2024-03-27 23:50:01] [world] The Player <xcpc> has picked 1 of SANDSTONE at X= -454, Y= 71, Z= 256 that had [] enchantment(s) |  
[2024-03-27 23:50:04] [world] The Player <xcpc> has picked 3 of SANDSTONE at X= -453, Y= 72, Z= 254 that had [] enchantment(s) |  
[2024-03-27 23:50:05] [world] The Player <xcpc> has picked 1 of SANDSTONE at X= -453, Y= 72, Z= 254 that had [] enchantment(s) |  
[2024-03-27 23:50:05] [world] The Player <xcpc> has picked 1 of SANDSTONE at X= -453, Y= 72, Z= 256 that had [] enchantment(s) |  
[2024-03-27 23:50:10] [world] The Player <xcpc> has picked 5 of SANDSTONE at X= -451, Y= 71, Z= 254 that had [] enchantment(s) |  
[2024-03-27 23:50:11] [world] The Player <xcpc> has picked 1 of SANDSTONE at X= -451, Y= 71, Z= 256 that had [] enchantment(s) |  
[2024-03-27 23:50:19] [world] The Player <xcpc> has picked 3 of SANDSTONE at X= -451, Y= 71, Z= 254 that had [] enchantment(s) |  
[2024-03-27 23:50:25] [world] The Player <xcpc> has picked 6 of SANDSTONE at X= -452, Y= 71, Z= 253 that had [] enchantment(s) |  
[2024-03-27 23:50:49] [world] The Player <xcpc> has picked 1 of TORCH at X= -454, Y= 71, Z= 254 that had [] enchantment(s) |  
[2024-03-27 23:52:46] [world] The Player <Heinrich_Himmler> has picked 1 of PORK at X= -689, Y= 73, Z= 276 that had [] enchantment(s) |  
[2024-03-27 23:53:09] [world] The Player <Heinrich_Himmler> has picked 1 of RAW_CHICKEN at X= -737, Y= 66, Z= 238 that had [] enchantment(s) |  
[2024-03-27 23:53:10] [world] The Player <xcpc> has picked 1 of SAND at X= -456, Y= 71, Z= 244 that had [] enchantment(s) |  
[2024-03-27 23:53:20] [world] The Player <Heinrich_Himmler> has picked 1 of RABBIT_HIDE at X= -745, Y= 66, Z= 216 that had [] enchantment(s) |  
[2024-03-27 23:53:24] [world] The Player <Heinrich_Himmler> has picked 1 of FEATHER at X= -743, Y= 67, Z= 208 that had [] enchantment(s) |  
[2024-03-27 23:53:25] [world] The Player <Heinrich_Himmler> has picked 1 of RAW_CHICKEN at X= -743, Y= 67, Z= 207 that had [] enchantment(s) |  
[2024-03-27 23:54:20] [world] The Player <Heinrich_Himmler> has picked 1 of POWERED_RAIL at X= -713, Y= 64, Z= 209 that had [] enchantment(s) |  
[2024-03-27 23:54:20] [world] The Player <Heinrich_Himmler> has picked 1 of POWERED_RAIL at X= -713, Y= 65, Z= 209 that had [] enchantment(s) |  
[2024-03-27 23:54:21] [world] The Player <Heinrich_Himmler> has picked 1 of DIRT at X= -714, Y= 64, Z= 210 that had [] enchantment(s) |  
[2024-03-27 23:54:22] [world] The Player <Heinrich_Himmler> has picked 1 of POWERED_RAIL at X= -714, Y= 65, Z= 208 that had [] enchantment(s) |  
[2024-03-27 23:54:22] [world] The Player <Heinrich_Himmler> has picked 1 of REDSTONE_BLOCK at X= -715, Y= 64, Z= 209 that had [] enchantment(s) |  
[2024-03-27 23:54:24] [world] The Player <Heinrich_Himmler> has picked 1 of DIRT at X= -716, Y= 64, Z= 209 that had [] enchantment(s) |  
[2024-03-27 23:54:26] [world] The Player <Heinrich_Himmler> has picked 1 of DIRT at X= -717, Y= 64, Z= 209 that had [] enchantment(s) |  
[2024-03-27 23:54:26] [world] The Player <Heinrich_Himmler> has picked 1 of DIRT at X= -718, Y= 64, Z= 209 that had [] enchantment(s) |  
[2024-03-27 23:54:26] [world] The Player <xcpc> has picked 1 of SANDSTONE at X= -455, Y= 72, Z= 244 that had [] enchantment(s) |  
[2024-03-27 23:54:27] [world] The Player <xcpc> has picked 1 of SANDSTONE at X= -456, Y= 71, Z= 244 that had [] enchantment(s) |  
[2024-03-27 23:54:27] [world] The Player <Heinrich_Himmler> has picked 4 of POWERED_RAIL at X= -718, Y= 64, Z= 209 that had [] enchantment(s) |  
[2024-03-27 23:54:28] [world] The Player <xcpc> has picked 1 of SANDSTONE at X= -455, Y= 70, Z= 244 that had [] enchantment(s) |  
[2024-03-27 23:54:28] [world] The Player <Heinrich_Himmler> has picked 1 of DIRT at X= -719, Y= 64, Z= 209 that had [] enchantment(s) |  
[2024-03-27 23:54:29] [world] The Player <xcpc> has picked 1 of SANDSTONE at X= -454, Y= 71, Z= 244 that had [] enchantment(s) |  
[2024-03-27 23:54:30] [world] The Player <xcpc> has picked 1 of SANDSTONE at X= -454, Y= 70, Z= 244 that had [] enchantment(s) |  
[2024-03-27 23:54:30] [world] The Player <Heinrich_Himmler> has picked 2 of DIRT at X= -720, Y= 64, Z= 209 that had [] enchantment(s) |  
[2024-03-27 23:54:30] [world] The Player <xcpc> has picked 1 of SANDSTONE at X= -454, Y= 69, Z= 244 that had [] enchantment(s) |  
[2024-03-27 23:54:31] [world] The Player <Heinrich_Himmler> has picked 2 of POWERED_RAIL at X= -721, Y= 65, Z= 209 that had [] enchantment(s) |  
[2024-03-27 23:54:31] [world] The Player <xcpc> has picked 1 of SANDSTONE at X= -453, Y= 70, Z= 244 that had [] enchantment(s) |  
[2024-03-27 23:54:32] [world] The Player <xcpc> has picked 1 of SANDSTONE at X= -453, Y= 69, Z= 244 that had [] enchantment(s) |  
[2024-03-27 23:54:32] [world] The Player <Heinrich_Himmler> has picked 2 of DIRT at X= -721, Y= 64, Z= 209 that had [] enchantment(s) |  
[2024-03-27 23:54:33] [world] The Player <Heinrich_Himmler> has picked 1 of DIRT at X= -722, Y= 64, Z= 209 that had [] enchantment(s) |  
[2024-03-27 23:54:34] [world] The Player <xcpc> has picked 1 of SANDSTONE at X= -453, Y= 68, Z= 244 that had [] enchantment(s) |  
[2024-03-27 23:54:34] [world] The Player <Heinrich_Himmler> has picked 1 of POWERED_RAIL at X= -722, Y= 65, Z= 209 that had [] enchantment(s) |  
[2024-03-27 23:54:34] [world] The Player <Heinrich_Himmler> has picked 1 of DIRT at X= -722, Y= 64, Z= 209 that had [] enchantment(s) |  
[2024-03-27 23:54:35] [world] The Player <xcpc> has picked 1 of SANDSTONE at X= -452, Y= 69, Z= 244 that had [] enchantment(s) |  
[2024-03-27 23:54:36] [world] The Player <Heinrich_Himmler> has picked 1 of DIRT at X= -723, Y= 66, Z= 210 that had [] enchantment(s) |  
[2024-03-27 23:54:36] [world] The Player <xcpc> has picked 1 of SANDSTONE at X= -453, Y= 68, Z= 244 that had [] enchantment(s) |  
[2024-03-27 23:54:37] [world] The Player <xcpc> has picked 1 of SANDSTONE at X= -452, Y= 67, Z= 244 that had [] enchantment(s) |  
[2024-03-27 23:54:37] [world] The Player <Heinrich_Himmler> has picked 1 of DIRT at X= -723, Y= 64, Z= 209 that had [] enchantment(s) |  
[2024-03-27 23:54:37] [world] The Player <Heinrich_Himmler> has picked 1 of POWERED_RAIL at X= -724, Y= 66, Z= 209 that had [] enchantment(s) |  
[2024-03-27 23:54:38] [world] The Player <Heinrich_Himmler> has picked 1 of DIRT at X= -724, Y= 64, Z= 209 that had [] enchantment(s) |  
[2024-03-27 23:54:38] [world] The Player <xcpc> has picked 1 of SANDSTONE at X= -451, Y= 68, Z= 244 that had [] enchantment(s) |  
[2024-03-27 23:54:38] [world] The Player <Heinrich_Himmler> has picked 1 of REDSTONE_BLOCK at X= -723, Y= 64, Z= 209 that had [] enchantment(s) |  
[2024-03-27 23:54:38] [world] The Player <Heinrich_Himmler> has picked 1 of POWERED_RAIL at X= -725, Y= 66, Z= 208 that had [] enchantment(s) |  
[2024-03-27 23:54:39] [world] The Player <xcpc> has picked 1 of SANDSTONE at X= -451, Y= 67, Z= 244 that had [] enchantment(s) |  
[2024-03-27 23:54:39] [world] The Player <xcpc> has picked 1 of SANDSTONE at X= -451, Y= 66, Z= 244 that had [] enchantment(s) |  
[2024-03-27 23:54:39] [world] The Player <Heinrich_Himmler> has picked 1 of RAILS at X= -725, Y= 66, Z= 208 that had [] enchantment(s) |  
[2024-03-27 23:54:39] [world] The Player <Heinrich_Himmler> has picked 1 of DIRT at X= -724, Y= 64, Z= 209 that had [] enchantment(s) |  
[2024-03-27 23:54:40] [world] The Player <xcpc> has picked 1 of SANDSTONE at X= -450, Y= 67, Z= 244 that had [] enchantment(s) |  
[2024-03-27 23:54:40] [world] The Player <Heinrich_Himmler> has picked 1 of DIRT at X= -725, Y= 64, Z= 209 that had [] enchantment(s) |  
[2024-03-27 23:54:41] [world] The Player <xcpc> has picked 1 of SANDSTONE at X= -450, Y= 66, Z= 244 that had [] enchantment(s) |  
[2024-03-27 23:54:42] [world] The Player <Heinrich_Himmler> has picked 1 of DIRT at X= -726, Y= 65, Z= 209 that had [] enchantment(s) |  
[2024-03-27 23:54:42] [world] The Player <xcpc> has picked 1 of SANDSTONE at X= -450, Y= 65, Z= 244 that had [] enchantment(s) |  
[2024-03-27 23:54:43] [world] The Player <xcpc> has picked 1 of SANDSTONE at X= -450, Y= 65, Z= 244 that had [] enchantment(s) |  
[2024-03-27 23:54:44] [world] The Player <Heinrich_Himmler> has picked 1 of SEEDS at X= -727, Y= 66, Z= 210 that had [] enchantment(s) |  
[2024-03-27 23:54:44] [world] The Player <xcpc> has picked 1 of SANDSTONE at X= -449, Y= 65, Z= 244 that had [] enchantment(s) |  
[2024-03-27 23:54:45] [world] The Player <xcpc> has picked 1 of SANDSTONE at X= -449, Y= 64, Z= 244 that had [] enchantment(s) |  
[2024-03-27 23:54:49] [world] The Player <xcpc> has picked 1 of SANDSTONE at X= -448, Y= 65, Z= 244 that had [] enchantment(s) |  
[2024-03-27 23:54:49] [world] The Player <xcpc> has picked 1 of SANDSTONE at X= -448, Y= 64, Z= 244 that had [] enchantment(s) |  
[2024-03-27 23:54:50] [world] The Player <xcpc> has picked 1 of SANDSTONE at X= -448, Y= 63, Z= 244 that had [] enchantment(s) |  
[2024-03-27 23:54:52] [world] The Player <xcpc> has picked 1 of SANDSTONE at X= -448, Y= 63, Z= 244 that had [] enchantment(s) |  
[2024-03-27 23:54:52] [world] The Player <xcpc> has picked 1 of SANDSTONE at X= -448, Y= 63, Z= 244 that had [] enchantment(s) |  
[2024-03-27 23:54:53] [world] The Player <xcpc> has picked 1 of SANDSTONE at X= -447, Y= 62, Z= 244 that had [] enchantment(s) |  
[2024-03-27 23:54:55] [world] The Player <xcpc> has picked 1 of SANDSTONE at X= -447, Y= 63, Z= 243 that had [] enchantment(s) |  
[2024-03-27 23:54:57] [world] The Player <xcpc> has picked 1 of SANDSTONE at X= -447, Y= 62, Z= 243 that had [] enchantment(s) |  
[2024-03-27 23:54:59] [world] The Player <xcpc> has picked 1 of SANDSTONE at X= -447, Y= 63, Z= 243 that had [] enchantment(s) |  
[2024-03-27 23:55:00] [world] The Player <xcpc> has picked 1 of SANDSTONE at X= -448, Y= 63, Z= 244 that had [] enchantment(s) |  
[2024-03-27 23:55:04] [world] The Player <Heinrich_Himmler> has picked 1 of POWERED_RAIL at X= -714, Y= 64, Z= 209 that had [] enchantment(s) |  
[2024-03-27 23:55:04] [world] The Player <xcpc> has picked 4 of SANDSTONE at X= -448, Y= 62, Z= 242 that had [] enchantment(s) |  
[2024-03-27 23:55:05] [world] The Player <Heinrich_Himmler> has picked 1 of DIRT at X= -715, Y= 63, Z= 209 that had [] enchantment(s) |  
[2024-03-27 23:55:06] [world] The Player <xcpc> has picked 1 of SANDSTONE at X= -447, Y= 61, Z= 242 that had [] enchantment(s) |  
[2024-03-27 23:55:06] [world] The Player <xcpc> has picked 1 of SANDSTONE at X= -448, Y= 61, Z= 242 that had [] enchantment(s) |  
[2024-03-27 23:55:08] [world] The Player <xcpc> has picked 1 of COBBLESTONE at X= -446, Y= 62, Z= 242 that had [] enchantment(s) |  
[2024-03-27 23:55:10] [world] The Player <xcpc> has picked 1 of COBBLESTONE at X= -446, Y= 61, Z= 242 that had [] enchantment(s) |  
[2024-03-27 23:55:11] [world] The Player <GolemDaWanderer> has picked 2 of ROTTEN_FLESH at X= -553, Y= 65, Z= 294 that had [] enchantment(s) |  
[2024-03-27 23:55:12] [world] The Player <xcpc> has picked 1 of SANDSTONE at X= -448, Y= 62, Z= 241 that had [] enchantment(s) |  
[2024-03-27 23:55:19] [world] The Player <Heinrich_Himmler> has picked 1 of POWERED_RAIL at X= -724, Y= 66, Z= 208 that had [] enchantment(s) |  
[2024-03-27 23:55:19] [world] The Player <Heinrich_Himmler> has picked 1 of DIRT at X= -725, Y= 65, Z= 209 that had [] enchantment(s) |  
[2024-03-27 23:55:20] [world] The Player <Heinrich_Himmler> has picked 1 of DIRT at X= -725, Y= 64, Z= 208 that had [] enchantment(s) |  
[2024-03-27 23:55:23] [world] The Player <GolemDaWanderer> has picked 2 of ROTTEN_FLESH at X= -553, Y= 63, Z= 287 that had [] enchantment(s) |  
[2024-03-27 23:55:30] [world] The Player <Heinrich_Himmler> has picked 1 of DIRT at X= -726, Y= 66, Z= 207 that had [] enchantment(s) |  
[2024-03-27 23:55:30] [world] The Player <Heinrich_Himmler> has picked 1 of POWERED_RAIL at X= -725, Y= 66, Z= 206 that had [] enchantment(s) |  
[2024-03-27 23:55:43] [world] The Player <Heinrich_Himmler> has picked 1 of RAILS at X= -725, Y= 64, Z= 209 that had [] enchantment(s) |  
[2024-03-27 23:55:44] [world] The Player <Heinrich_Himmler> has picked 1 of DIRT at X= -725, Y= 63, Z= 209 that had [] enchantment(s) |  
[2024-03-27 23:55:50] [world] The Player <Heinrich_Himmler> has picked 1 of RAILS at X= -724, Y= 64, Z= 209 that had [] enchantment(s) |  
[2024-03-27 23:55:52] [world] The Player <Heinrich_Himmler> has picked 1 of REDSTONE_BLOCK at X= -725, Y= 63, Z= 209 that had [] enchantment(s) |  
[2024-03-27 23:55:53] [world] The Player <Heinrich_Himmler> has picked 1 of DIRT at X= -725, Y= 63, Z= 209 that had [] enchantment(s) |  
[2024-03-27 23:55:53] [world] The Player <Heinrich_Himmler> has picked 1 of POWERED_RAIL at X= -724, Y= 63, Z= 209 that had [] enchantment(s) |  
[2024-03-27 23:56:55] [world_the_end] The Player <Feathery> has picked 1 of ROTTEN_FLESH at X= 26, Y= 58, Z= 71 that had [] enchantment(s) |  
[2024-03-27 23:56:55] [world_the_end] The Player <Feathery> has picked 1 of GOLD_NUGGET at X= 25, Y= 58, Z= 69 that had [] enchantment(s) |  
[2024-03-28 00:00:02] [world] The Player <Tester> has picked 1 of IRON_BARDING at X= -573, Y= 69, Z= 319 that had [] enchantment(s) | eMP7e  30
[2024-03-28 00:00:25] [world] The Player <Heinrich_Himmler> has picked 1 of IRON_BARDING at X= -572, Y= 69, Z= 318 that had [] enchantment(s) | eMP7e  30
[2024-03-28 00:00:38] [world] The Player <Heinrich_Himmler> has picked 1 of GOLD_NUGGET at X= -579, Y= 69, Z= 316 that had [] enchantment(s) |  
[2024-03-28 00:02:24] [world_the_end] The Player <NezukoChan> has picked 1 of IRON_BARDING at X= 99, Y= 49, Z= -1 that had [] enchantment(s) | eMP7e  30
[2024-03-28 00:02:51] [world_the_end] The Player <Tester> has picked 1 of IRON_BARDING at X= 99, Y= 49, Z= 2 that had [] enchantment(s) | eMP7e  30
[2024-03-28 00:08:36] [world] The Player <NezukoChan> has picked 1 of ENDER_CHEST at X= -550, Y= 64, Z= 322 that had [] enchantment(s) |  
[2024-03-28 00:13:14] [world] The Player <NezukoChan> has picked 2 of ARROW at X= -516, Y= 67, Z= 348 that had [] enchantment(s) |  
[2024-03-28 00:15:14] [world_nether] The Player <Heinrich_Himmler> has picked 3 of CACTUS at X= -5, Y= 58, Z= -1 that had [] enchantment(s) |  
[2024-03-28 00:18:06] [world] The Player <NezukoChan> has picked 1 of ARROW at X= -703, Y= 67, Z= 325 that had [] enchantment(s) |  
[2024-03-28 00:18:06] [world] The Player <NezukoChan> has picked 5 of BONE at X= -704, Y= 67, Z= 325 that had [] enchantment(s) |  
[2024-03-28 00:18:15] [world_nether] The Player <Heinrich_Himmler> has picked 2 of ROTTEN_FLESH at X= 27, Y= 36, Z= 74 that had [] enchantment(s) |  
[2024-03-28 00:18:29] [world_nether] The Player <Heinrich_Himmler> has picked 1 of NETHERRACK at X= 83, Y= 47, Z= 81 that had [] enchantment(s) |  
[2024-03-28 00:18:30] [world_nether] The Player <Heinrich_Himmler> has picked 6 of NETHERRACK at X= 86, Y= 47, Z= 81 that had [] enchantment(s) |  
[2024-03-28 00:18:31] [world_nether] The Player <Heinrich_Himmler> has picked 3 of NETHERRACK at X= 88, Y= 48, Z= 81 that had [] enchantment(s) |  
[2024-03-28 00:18:37] [world_nether] The Player <Heinrich_Himmler> has picked 1 of GOLD_NUGGET at X= 87, Y= 50, Z= 77 that had [] enchantment(s) |  
[2024-03-28 00:18:49] [world_nether] The Player <Heinrich_Himmler> has picked 1 of GOLD_NUGGET at X= 88, Y= 51, Z= 66 that had [] enchantment(s) |  
[2024-03-28 00:18:50] [world_nether] The Player <Heinrich_Himmler> has picked 1 of GOLD_NUGGET at X= 93, Y= 51, Z= 61 that had [] enchantment(s) |  
[2024-03-28 00:18:51] [world_nether] The Player <Heinrich_Himmler> has picked 1 of ROTTEN_FLESH at X= 92, Y= 51, Z= 60 that had [] enchantment(s) |  
[2024-03-28 00:19:21] [world_nether] The Player <Heinrich_Himmler> has picked 1 of ROTTEN_FLESH at X= 203, Y= 53, Z= 64 that had [] enchantment(s) |  
[2024-03-28 00:19:21] [world_nether] The Player <Heinrich_Himmler> has picked 1 of GOLD_NUGGET at X= 202, Y= 53, Z= 65 that had [] enchantment(s) |  
[2024-03-28 00:19:26] [world_nether] The Player <Heinrich_Himmler> has picked 1 of GOLD_NUGGET at X= 207, Y= 55, Z= 72 that had [] enchantment(s) |  
[2024-03-28 00:19:34] [world_nether] The Player <Heinrich_Himmler> has picked 1 of ROTTEN_FLESH at X= 207, Y= 55, Z= 76 that had [] enchantment(s) |  
[2024-03-28 00:20:36] [world] The Player <NezukoChan> has picked 2 of FENCE at X= -615, Y= 68, Z= 315 that had [] enchantment(s) |  
[2024-03-28 00:23:58] [world] The Player <NezukoChan> has picked 1 of BLAZE_ROD at X= -728, Y= 61, Z= 315 that had [] enchantment(s) |  
[2024-03-28 00:24:41] [world] The Player <Tester> has picked 1 of POTION at X= -524, Y= 68, Z= 285 that had [] enchantment(s) |  
[2024-03-28 00:25:00] [world] The Player <NezukoChan> has picked 1 of DIRT at X= -702, Y= 66, Z= 326 that had [] enchantment(s) |  
[2024-03-28 00:25:50] [world] The Player <xcpc> has picked 1 of IRON_ORE at X= -448, Y= 61, Z= 241 that had [] enchantment(s) |  
[2024-03-28 00:25:52] [world] The Player <xcpc> has picked 1 of SANDSTONE at X= -448, Y= 62, Z= 240 that had [] enchantment(s) |  
[2024-03-28 00:25:53] [world] The Player <xcpc> has picked 1 of IRON_ORE at X= -448, Y= 61, Z= 240 that had [] enchantment(s) |  
[2024-03-28 00:25:55] [world] The Player <xcpc> has picked 1 of IRON_ORE at X= -448, Y= 61, Z= 240 that had [] enchantment(s) |  
[2024-03-28 00:25:56] [world] The Player <xcpc> has picked 1 of IRON_ORE at X= -448, Y= 61, Z= 240 that had [] enchantment(s) |  
[2024-03-28 00:25:59] [world] The Player <xcpc> has picked 1 of SANDSTONE at X= -445, Y= 62, Z= 242 that had [] enchantment(s) |  
[2024-03-28 00:26:00] [world] The Player <xcpc> has picked 1 of COBBLESTONE at X= -445, Y= 61, Z= 242 that had [] enchantment(s) |  
[2024-03-28 00:26:01] [world] The Player <xcpc> has picked 1 of COBBLESTONE at X= -445, Y= 60, Z= 242 that had [] enchantment(s) |  
[2024-03-28 00:26:06] [world] The Player <xcpc> has picked 1 of COBBLESTONE at X= -445, Y= 61, Z= 243 that had [] enchantment(s) |  
[2024-03-28 00:26:08] [world] The Player <xcpc> has picked 1 of COBBLESTONE at X= -445, Y= 60, Z= 242 that had [] enchantment(s) |  
[2024-03-28 00:26:08] [world] The Player <xcpc> has picked 1 of COBBLESTONE at X= -444, Y= 61, Z= 242 that had [] enchantment(s) |  
[2024-03-28 00:26:09] [world] The Player <xcpc> has picked 1 of COBBLESTONE at X= -444, Y= 60, Z= 242 that had [] enchantment(s) |  
[2024-03-28 00:26:10] [world] The Player <xcpc> has picked 1 of SANDSTONE at X= -444, Y= 61, Z= 243 that had [] enchantment(s) |  
[2024-03-28 00:26:10] [world] The Player <xcpc> has picked 1 of COBBLESTONE at X= -445, Y= 60, Z= 243 that had [] enchantment(s) |  
[2024-03-28 00:26:23] [world] The Player <xcpc> has picked 1 of COBBLESTONE at X= -445, Y= 61, Z= 244 that had [] enchantment(s) |  
[2024-03-28 00:26:23] [world] The Player <xcpc> has picked 1 of COBBLESTONE at X= -445, Y= 60, Z= 244 that had [] enchantment(s) |  
[2024-03-28 00:26:24] [world] The Player <xcpc> has picked 1 of SANDSTONE at X= -444, Y= 61, Z= 244 that had [] enchantment(s) |  
[2024-03-28 00:26:25] [world] The Player <xcpc> has picked 1 of COBBLESTONE at X= -444, Y= 60, Z= 244 that had [] enchantment(s) |  
[2024-03-28 00:27:05] [world] The Player <xcpc> has picked 1 of COBBLESTONE at X= -444, Y= 61, Z= 245 that had [] enchantment(s) |  
[2024-03-28 00:27:06] [world] The Player <xcpc> has picked 1 of COBBLESTONE at X= -444, Y= 60, Z= 244 that had [] enchantment(s) |  
[2024-03-28 00:27:07] [world] The Player <xcpc> has picked 1 of COBBLESTONE at X= -444, Y= 60, Z= 244 that had [] enchantment(s) |  
[2024-03-28 00:27:08] [world] The Player <xcpc> has picked 1 of COBBLESTONE at X= -443, Y= 60, Z= 244 that had [] enchantment(s) |  
[2024-03-28 00:27:09] [world] The Player <xcpc> has picked 1 of COBBLESTONE at X= -443, Y= 60, Z= 244 that had [] enchantment(s) |  
[2024-03-28 00:27:09] [world] The Player <xcpc> has picked 1 of COBBLESTONE at X= -444, Y= 60, Z= 245 that had [] enchantment(s) |  
[2024-03-28 00:27:14] [world] The Player <xcpc> has picked 2 of COBBLESTONE at X= -444, Y= 59, Z= 245 that had [] enchantment(s) |  
[2024-03-28 00:27:16] [world] The Player <xcpc> has picked 2 of COBBLESTONE at X= -444, Y= 59, Z= 245 that had [] enchantment(s) |  
[2024-03-28 00:28:08] [world] The Player <NezukoChan> has picked 1 of DIAMOND_SWORD at X= -521, Y= 57, Z= 282 that had [Sharpness 5, Unbreaking 3, Knockback 2, Fire Aspect 2, Looting 3] enchantment(s) | Abyssal Fury
[2024-03-28 00:28:41] [world] The Player <xcpc> has picked 3 of COBBLESTONE at X= -443, Y= 60, Z= 245 that had [] enchantment(s) |  
[2024-03-28 00:28:43] [world] The Player <xcpc> has picked 3 of COBBLESTONE at X= -442, Y= 59, Z= 245 that had [] enchantment(s) |  
[2024-03-28 00:28:44] [world] The Player <xcpc> has picked 1 of COBBLESTONE at X= -442, Y= 60, Z= 244 that had [] enchantment(s) |  
[2024-03-28 00:28:45] [world] The Player <xcpc> has picked 1 of COBBLESTONE at X= -442, Y= 59, Z= 244 that had [] enchantment(s) |  
[2024-03-28 00:28:47] [world] The Player <xcpc> has picked 1 of SANDSTONE at X= -443, Y= 59, Z= 246 that had [] enchantment(s) |  
[2024-03-28 00:28:47] [world] The Player <xcpc> has picked 1 of COBBLESTONE at X= -442, Y= 59, Z= 246 that had [] enchantment(s) |  
[2024-03-28 00:28:48] [world] The Player <xcpc> has picked 1 of COBBLESTONE at X= -442, Y= 58, Z= 246 that had [] enchantment(s) |  
[2024-03-28 00:28:49] [world] The Player <xcpc> has picked 1 of COBBLESTONE at X= -443, Y= 58, Z= 246 that had [] enchantment(s) |  
[2024-03-28 00:28:50] [world] The Player <xcpc> has picked 1 of COBBLESTONE at X= -444, Y= 58, Z= 246 that had [] enchantment(s) |  
[2024-03-28 00:28:51] [world] The Player <xcpc> has picked 1 of COBBLESTONE at X= -444, Y= 58, Z= 245 that had [] enchantment(s) |  
[2024-03-28 00:28:51] [world] The Player <xcpc> has picked 1 of COBBLESTONE at X= -444, Y= 58, Z= 244 that had [] enchantment(s) |  
[2024-03-28 00:28:52] [world] The Player <xcpc> has picked 1 of COBBLESTONE at X= -443, Y= 58, Z= 245 that had [] enchantment(s) |  
[2024-03-28 00:28:53] [world] The Player <xcpc> has picked 1 of COBBLESTONE at X= -443, Y= 58, Z= 245 that had [] enchantment(s) |  
[2024-03-28 00:28:54] [world] The Player <xcpc> has picked 1 of COBBLESTONE at X= -442, Y= 58, Z= 245 that had [] enchantment(s) |  
[2024-03-28 00:29:00] [world] The Player <xcpc> has picked 1 of COBBLESTONE at X= -442, Y= 58, Z= 244 that had [] enchantment(s) |  
[2024-03-28 00:29:02] [world] The Player <xcpc> has picked 1 of COBBLESTONE at X= -444, Y= 59, Z= 244 that had [] enchantment(s) |  
[2024-03-28 00:29:20] [world] The Player <xcpc> has picked 1 of TORCH at X= -444, Y= 60, Z= 242 that had [] enchantment(s) |  
[2024-03-28 00:32:30] [world] The Player <NezukoChan> has picked 1 of DIRT at X= -544, Y= 67, Z= 314 that had [] enchantment(s) |  
[2024-03-28 00:32:47] [world] The Player <xcpc> has picked 1 of SANDSTONE at X= -451, Y= 72, Z= 257 that had [] enchantment(s) |  
[2024-03-28 00:32:47] [world] The Player <xcpc> has picked 1 of SANDSTONE at X= -451, Y= 71, Z= 257 that had [] enchantment(s) |  
[2024-03-28 00:32:48] [world] The Player <xcpc> has picked 1 of SANDSTONE at X= -450, Y= 72, Z= 256 that had [] enchantment(s) |  
[2024-03-28 00:32:49] [world] The Player <xcpc> has picked 1 of SANDSTONE at X= -450, Y= 71, Z= 256 that had [] enchantment(s) |  
[2024-03-28 00:32:50] [world] The Player <xcpc> has picked 1 of SANDSTONE at X= -450, Y= 72, Z= 257 that had [] enchantment(s) |  
[2024-03-28 00:32:50] [world] The Player <xcpc> has picked 1 of SANDSTONE at X= -450, Y= 71, Z= 257 that had [] enchantment(s) |  
[2024-03-28 00:33:23] [world] The Player <xcpc> has picked 2 of SANDSTONE at X= -451, Y= 70, Z= 257 that had [] enchantment(s) |  
[2024-03-28 00:34:10] [world] The Player <defnotnezuko> has picked 1 of RAW_CHICKEN at X= -10181, Y= 59, Z= 4119 that had [] enchantment(s) |  
[2024-03-28 00:35:24] [world] The Player <defnotnezuko> has picked 1 of EGG at X= -10177, Y= 64, Z= 4115 that had [] enchantment(s) |  
[2024-03-28 00:35:31] [world] The Player <defnotnezuko> has picked 1 of FEATHER at X= -10160, Y= 64, Z= 4117 that had [] enchantment(s) |  
[2024-03-28 00:36:54] [world] The Player <defnotnezuko> has picked 1 of WHEAT at X= -10202, Y= 64, Z= 4134 that had [] enchantment(s) |  
[2024-03-28 00:36:55] [world] The Player <defnotnezuko> has picked 1 of SEEDS at X= -10202, Y= 64, Z= 4135 that had [] enchantment(s) |  
[2024-03-28 00:36:58] [world] The Player <defnotnezuko> has picked 1 of SEEDS at X= -10206, Y= 64, Z= 4133 that had [] enchantment(s) |  
[2024-03-28 00:37:04] [world] The Player <xcpc> has picked 1 of SANDSTONE at X= -450, Y= 71, Z= 257 that had [] enchantment(s) |  
[2024-03-28 00:37:05] [world] The Player <xcpc> has picked 1 of SANDSTONE at X= -450, Y= 71, Z= 258 that had [] enchantment(s) |  
[2024-03-28 00:37:05] [world] The Player <xcpc> has picked 1 of SANDSTONE at X= -450, Y= 72, Z= 259 that had [] enchantment(s) |  
[2024-03-28 00:37:06] [world] The Player <xcpc> has picked 1 of SANDSTONE at X= -450, Y= 71, Z= 259 that had [] enchantment(s) |  
[2024-03-28 00:37:09] [world] The Player <xcpc> has picked 2 of SANDSTONE at X= -450, Y= 71, Z= 260 that had [] enchantment(s) |  
[2024-03-28 00:38:06] [world] The Player <xcpc> has picked 1 of SANDSTONE at X= -453, Y= 71, Z= 259 that had [] enchantment(s) |  
[2024-03-28 00:38:07] [world] The Player <xcpc> has picked 1 of SANDSTONE at X= -454, Y= 72, Z= 259 that had [] enchantment(s) |  
[2024-03-28 00:38:08] [world] The Player <xcpc> has picked 1 of SANDSTONE at X= -454, Y= 72, Z= 258 that had [] enchantment(s) |  
[2024-03-28 00:38:09] [world] The Player <xcpc> has picked 1 of SANDSTONE at X= -454, Y= 72, Z= 258 that had [] enchantment(s) |  
[2024-03-28 00:38:18] [world] The Player <xcpc> has picked 1 of SANDSTONE at X= -450, Y= 71, Z= 257 that had [] enchantment(s) |  
[2024-03-28 00:38:18] [world] The Player <xcpc> has picked 1 of SANDSTONE at X= -450, Y= 71, Z= 259 that had [] enchantment(s) |  
[2024-03-28 00:38:20] [world] The Player <xcpc> has picked 1 of TORCH at X= -450, Y= 71, Z= 258 that had [] enchantment(s) |  
[2024-03-28 00:40:33] [world] The Player <xcpc> has picked 2 of SANDSTONE at X= -457, Y= 72, Z= 255 that had [] enchantment(s) |  
[2024-03-28 00:43:06] [world] The Player <defnotnezuko> has picked 1 of FEATHER at X= -10156, Y= 63, Z= 4117 that had [] enchantment(s) |  
[2024-03-28 00:43:14] [world] The Player <xcpc> has picked 1 of SANDSTONE at X= -450, Y= 70, Z= 257 that had [] enchantment(s) |  
[2024-03-28 00:43:23] [world] The Player <defnotnezuko> has picked 1 of FEATHER at X= -10155, Y= 65, Z= 4118 that had [] enchantment(s) |  
[2024-03-28 00:43:32] [world] The Player <defnotnezuko> has picked 1 of ITEM_FRAME at X= -10146, Y= 64, Z= 4114 that had [] enchantment(s) |  
[2024-03-28 00:47:14] [world_nether] The Player <Heinrich_Himmler> has picked 1 of ROTTEN_FLESH at X= 204, Y= 54, Z= 75 that had [] enchantment(s) |  
[2024-03-28 00:48:01] [world_nether] The Player <Heinrich_Himmler> has picked 1 of NETHERRACK at X= 195, Y= 56, Z= -34 that had [] enchantment(s) |  
[2024-03-28 00:48:05] [world] The Player <xcpc> has picked 1 of SAND at X= -455, Y= 72, Z= 262 that had [] enchantment(s) |  
[2024-03-28 00:48:05] [world_nether] The Player <Heinrich_Himmler> has picked 5 of NETHERRACK at X= 196, Y= 57, Z= -34 that had [] enchantment(s) |  
[2024-03-28 00:48:06] [world] The Player <xcpc> has picked 1 of SAND at X= -455, Y= 73, Z= 262 that had [] enchantment(s) |  
[2024-03-28 00:48:17] [world] The Player <xcpc> has picked 1 of SAND at X= -455, Y= 72, Z= 262 that had [] enchantment(s) |  
[2024-03-28 00:48:18] [world] The Player <xcpc> has picked 2 of SAND at X= -456, Y= 71, Z= 262 that had [] enchantment(s) |  
[2024-03-28 00:48:22] [world] The Player <xcpc> has picked 1 of SANDSTONE at X= -455, Y= 70, Z= 262 that had [] enchantment(s) |  
[2024-03-28 00:48:24] [world] The Player <xcpc> has picked 2 of SANDSTONE at X= -454, Y= 70, Z= 262 that had [] enchantment(s) |  
[2024-03-28 00:48:25] [world] The Player <xcpc> has picked 1 of SANDSTONE at X= -454, Y= 69, Z= 262 that had [] enchantment(s) |  
[2024-03-28 00:48:26] [world] The Player <xcpc> has picked 1 of SANDSTONE at X= -453, Y= 70, Z= 262 that had [] enchantment(s) |  
[2024-03-28 00:48:27] [world] The Player <xcpc> has picked 2 of SANDSTONE at X= -453, Y= 68, Z= 262 that had [] enchantment(s) |  
[2024-03-28 00:48:28] [world] The Player <xcpc> has picked 2 of SANDSTONE at X= -452, Y= 68, Z= 262 that had [] enchantment(s) |  
[2024-03-28 00:48:29] [world] The Player <xcpc> has picked 1 of SANDSTONE at X= -452, Y= 67, Z= 262 that had [] enchantment(s) |  
[2024-03-28 00:48:30] [world] The Player <xcpc> has picked 2 of SANDSTONE at X= -451, Y= 67, Z= 262 that had [] enchantment(s) |  
[2024-03-28 00:48:30] [world] The Player <xcpc> has picked 1 of SANDSTONE at X= -451, Y= 66, Z= 262 that had [] enchantment(s) |  
[2024-03-28 00:48:31] [world] The Player <xcpc> has picked 1 of SANDSTONE at X= -451, Y= 66, Z= 262 that had [] enchantment(s) |  
[2024-03-28 00:48:32] [world] The Player <xcpc> has picked 2 of SANDSTONE at X= -450, Y= 65, Z= 262 that had [] enchantment(s) |  
[2024-03-28 00:48:34] [world] The Player <xcpc> has picked 3 of SANDSTONE at X= -449, Y= 64, Z= 262 that had [] enchantment(s) |  
[2024-03-28 00:48:35] [world] The Player <xcpc> has picked 1 of SANDSTONE at X= -448, Y= 65, Z= 262 that had [] enchantment(s) |  
[2024-03-28 00:48:36] [world] The Player <xcpc> has picked 2 of SANDSTONE at X= -449, Y= 64, Z= 262 that had [] enchantment(s) |  
[2024-03-28 00:48:40] [world] The Player <xcpc> has picked 1 of SANDSTONE at X= -447, Y= 64, Z= 262 that had [] enchantment(s) |  
[2024-03-28 00:48:41] [world] The Player <xcpc> has picked 1 of SANDSTONE at X= -448, Y= 63, Z= 262 that had [] enchantment(s) |  
[2024-03-28 00:48:41] [world] The Player <xcpc> has picked 1 of SANDSTONE at X= -447, Y= 62, Z= 262 that had [] enchantment(s) |  
[2024-03-28 00:48:42] [world_nether] The Player <Heinrich_Himmler> has picked 3 of NETHERRACK at X= 150, Y= 49, Z= -57 that had [] enchantment(s) |  
[2024-03-28 00:48:42] [world] The Player <xcpc> has picked 1 of SANDSTONE at X= -447, Y= 62, Z= 262 that had [] enchantment(s) |  
[2024-03-28 00:48:43] [world] The Player <xcpc> has picked 2 of SANDSTONE at X= -446, Y= 61, Z= 262 that had [] enchantment(s) |  
[2024-03-28 00:48:44] [world] The Player <xcpc> has picked 1 of SANDSTONE at X= -445, Y= 62, Z= 262 that had [] enchantment(s) |  
[2024-03-28 00:48:45] [world] The Player <xcpc> has picked 1 of COBBLESTONE at X= -445, Y= 61, Z= 262 that had [] enchantment(s) |  
[2024-03-28 00:48:46] [world] The Player <xcpc> has picked 1 of COBBLESTONE at X= -445, Y= 60, Z= 262 that had [] enchantment(s) |  
[2024-03-28 00:48:47] [world] The Player <xcpc> has picked 1 of COBBLESTONE at X= -444, Y= 61, Z= 262 that had [] enchantment(s) |  
[2024-03-28 00:48:47] [world] The Player <xcpc> has picked 1 of COBBLESTONE at X= -444, Y= 60, Z= 262 that had [] enchantment(s) |  
[2024-03-28 00:48:48] [world] The Player <xcpc> has picked 1 of COBBLESTONE at X= -444, Y= 59, Z= 262 that had [] enchantment(s) |  
[2024-03-28 00:48:49] [world] The Player <xcpc> has picked 1 of COBBLESTONE at X= -443, Y= 60, Z= 262 that had [] enchantment(s) |  
[2024-03-28 00:48:50] [world] The Player <xcpc> has picked 1 of COBBLESTONE at X= -443, Y= 59, Z= 262 that had [] enchantment(s) |  
[2024-03-28 00:48:50] [world] The Player <xcpc> has picked 1 of COBBLESTONE at X= -443, Y= 58, Z= 262 that had [] enchantment(s) |  
[2024-03-28 00:48:51] [world] The Player <xcpc> has picked 1 of COBBLESTONE at X= -442, Y= 59, Z= 262 that had [] enchantment(s) |  
[2024-03-28 00:48:52] [world] The Player <xcpc> has picked 1 of COBBLESTONE at X= -442, Y= 58, Z= 262 that had [] enchantment(s) |  
[2024-03-28 00:48:54] [world] The Player <xcpc> has picked 1 of COBBLESTONE at X= -442, Y= 57, Z= 262 that had [] enchantment(s) |  
[2024-03-28 00:48:55] [world] The Player <xcpc> has picked 1 of COBBLESTONE at X= -442, Y= 57, Z= 262 that had [] enchantment(s) |  
[2024-03-28 00:48:57] [world] The Player <xcpc> has picked 1 of COBBLESTONE at X= -441, Y= 57, Z= 262 that had [] enchantment(s) |  
[2024-03-28 00:48:59] [world] The Player <xcpc> has picked 1 of COBBLESTONE at X= -441, Y= 56, Z= 262 that had [] enchantment(s) |  
[2024-03-28 00:49:01] [world] The Player <xcpc> has picked 1 of COBBLESTONE at X= -440, Y= 57, Z= 262 that had [] enchantment(s) |  
[2024-03-28 00:49:01] [world] The Player <xcpc> has picked 1 of COBBLESTONE at X= -440, Y= 56, Z= 262 that had [] enchantment(s) |  
[2024-03-28 00:49:03] [world] The Player <xcpc> has picked 1 of COBBLESTONE at X= -440, Y= 56, Z= 262 that had [] enchantment(s) |  
[2024-03-28 00:49:03] [world] The Player <xcpc> has picked 1 of COBBLESTONE at X= -440, Y= 56, Z= 261 that had [] enchantment(s) |  
[2024-03-28 00:49:04] [world] The Player <xcpc> has picked 1 of COBBLESTONE at X= -441, Y= 57, Z= 262 that had [] enchantment(s) |  
[2024-03-28 00:49:05] [world] The Player <xcpc> has picked 1 of COBBLESTONE at X= -441, Y= 57, Z= 263 that had [] enchantment(s) |  
[2024-03-28 00:49:06] [world] The Player <xcpc> has picked 1 of COBBLESTONE at X= -441, Y= 56, Z= 263 that had [] enchantment(s) |  
[2024-03-28 00:49:06] [world] The Player <xcpc> has picked 1 of COBBLESTONE at X= -440, Y= 56, Z= 262 that had [] enchantment(s) |  
[2024-03-28 00:49:07] [world] The Player <xcpc> has picked 1 of COBBLESTONE at X= -440, Y= 56, Z= 262 that had [] enchantment(s) |  
[2024-03-28 00:49:08] [world] The Player <xcpc> has picked 1 of COBBLESTONE at X= -441, Y= 57, Z= 261 that had [] enchantment(s) |  
[2024-03-28 00:49:09] [world] The Player <xcpc> has picked 1 of COBBLESTONE at X= -440, Y= 56, Z= 261 that had [] enchantment(s) |  
[2024-03-28 00:49:10] [world] The Player <xcpc> has picked 1 of COBBLESTONE at X= -441, Y= 56, Z= 261 that had [] enchantment(s) |  
[2024-03-28 00:49:10] [world] The Player <xcpc> has picked 1 of COBBLESTONE at X= -440, Y= 57, Z= 262 that had [] enchantment(s) |  
[2024-03-28 00:49:11] [world] The Player <xcpc> has picked 1 of COBBLESTONE at X= -441, Y= 56, Z= 263 that had [] enchantment(s) |  
[2024-03-28 00:49:12] [world] The Player <xcpc> has picked 1 of COBBLESTONE at X= -440, Y= 57, Z= 262 that had [] enchantment(s) |  
[2024-03-28 00:49:14] [world] The Player <xcpc> has picked 2 of COBBLESTONE at X= -440, Y= 56, Z= 262 that had [] enchantment(s) |  
[2024-03-28 00:49:15] [world] The Player <xcpc> has picked 2 of COBBLESTONE at X= -440, Y= 57, Z= 262 that had [] enchantment(s) |  
[2024-03-28 00:49:18] [world] The Player <xcpc> has picked 4 of COBBLESTONE at X= -440, Y= 56, Z= 263 that had [] enchantment(s) |  
[2024-03-28 00:49:19] [world] The Player <xcpc> has picked 1 of COBBLESTONE at X= -439, Y= 56, Z= 261 that had [] enchantment(s) |  
[2024-03-28 00:49:21] [world] The Player <xcpc> has picked 1 of COBBLESTONE at X= -441, Y= 57, Z= 260 that had [] enchantment(s) |  
[2024-03-28 00:49:22] [world] The Player <xcpc> has picked 1 of COAL at X= -441, Y= 56, Z= 261 that had [] enchantment(s) |  
[2024-03-28 00:49:24] [world] The Player <xcpc> has picked 1 of COAL at X= -441, Y= 58, Z= 259 that had [] enchantment(s) |  
[2024-03-28 00:49:24] [world] The Player <xcpc> has picked 1 of COBBLESTONE at X= -441, Y= 57, Z= 259 that had [] enchantment(s) |  
[2024-03-28 00:49:26] [world] The Player <xcpc> has picked 1 of COAL at X= -442, Y= 58, Z= 260 that had [] enchantment(s) |  
[2024-03-28 00:49:27] [world] The Player <xcpc> has picked 1 of COBBLESTONE at X= -442, Y= 57, Z= 260 that had [] enchantment(s) |  
[2024-03-28 00:49:28] [world] The Player <xcpc> has picked 1 of COAL at X= -442, Y= 58, Z= 259 that had [] enchantment(s) |  
[2024-03-28 00:49:28] [world] The Player <xcpc> has picked 1 of COBBLESTONE at X= -442, Y= 57, Z= 260 that had [] enchantment(s) |  
[2024-03-28 00:49:30] [world] The Player <xcpc> has picked 1 of COAL at X= -443, Y= 58, Z= 260 that had [] enchantment(s) |  
[2024-03-28 00:49:31] [world] The Player <xcpc> has picked 1 of COAL at X= -442, Y= 57, Z= 260 that had [] enchantment(s) |  
[2024-03-28 00:49:32] [world] The Player <xcpc> has picked 1 of COAL at X= -442, Y= 57, Z= 259 that had [] enchantment(s) |  
[2024-03-28 00:49:33] [world] The Player <xcpc> has picked 1 of COAL at X= -444, Y= 58, Z= 260 that had [] enchantment(s) |  
[2024-03-28 00:49:34] [world] The Player <xcpc> has picked 1 of COAL at X= -444, Y= 57, Z= 260 that had [] enchantment(s) |  
[2024-03-28 00:49:35] [world] The Player <xcpc> has picked 1 of COAL at X= -444, Y= 58, Z= 259 that had [] enchantment(s) |  
[2024-03-28 00:49:36] [world] The Player <xcpc> has picked 1 of COAL at X= -444, Y= 58, Z= 260 that had [] enchantment(s) |  
[2024-03-28 00:49:37] [world] The Player <xcpc> has picked 1 of COAL at X= -444, Y= 58, Z= 261 that had [] enchantment(s) |  
[2024-03-28 00:49:39] [world] The Player <xcpc> has picked 1 of COAL at X= -444, Y= 57, Z= 260 that had [] enchantment(s) |  
[2024-03-28 00:49:40] [world_nether] The Player <Heinrich_Himmler> has picked 1 of ROTTEN_FLESH at X= 21, Y= 35, Z= -48 that had [] enchantment(s) |  
[2024-03-28 00:49:40] [world] The Player <xcpc> has picked 1 of COAL at X= -445, Y= 57, Z= 260 that had [] enchantment(s) |  
[2024-03-28 00:49:40] [world_nether] The Player <Heinrich_Himmler> has picked 1 of GOLD_SWORD at X= 21, Y= 35, Z= -49 that had [] enchantment(s) |  
[2024-03-28 00:49:40] [world_nether] The Player <Heinrich_Himmler> has picked 1 of GOLD_NUGGET at X= 20, Y= 35, Z= -48 that had [] enchantment(s) |  
[2024-03-28 00:49:43] [world] The Player <xcpc> has picked 1 of COAL at X= -442, Y= 57, Z= 260 that had [] enchantment(s) |  
[2024-03-28 00:49:44] [world] The Player <xcpc> has picked 1 of COAL at X= -442, Y= 58, Z= 259 that had [] enchantment(s) |  
[2024-03-28 00:49:45] [world] The Player <xcpc> has picked 1 of COAL at X= -441, Y= 58, Z= 259 that had [] enchantment(s) |  
[2024-03-28 00:49:48] [world] The Player <xcpc> has picked 2 of COAL at X= -441, Y= 58, Z= 259 that had [] enchantment(s) |  
[2024-03-28 00:49:49] [world_nether] The Player <Heinrich_Himmler> has picked 1 of GOLD_NUGGET at X= 18, Y= 36, Z= -45 that had [] enchantment(s) |  
[2024-03-28 00:49:49] [world] The Player <xcpc> has picked 1 of COAL at X= -441, Y= 58, Z= 258 that had [] enchantment(s) |  
[2024-03-28 00:50:09] [world_nether] The Player <Heinrich_Himmler> has picked 1 of GOLD_NUGGET at X= 3, Y= 38, Z= -49 that had [] enchantment(s) |  
[2024-03-28 00:50:10] [world] The Player <xcpc> has picked 1 of COBBLESTONE at X= -438, Y= 57, Z= 262 that had [] enchantment(s) |  
[2024-03-28 00:50:11] [world] The Player <xcpc> has picked 1 of COBBLESTONE at X= -439, Y= 57, Z= 261 that had [] enchantment(s) |  
[2024-03-28 00:50:12] [world] The Player <xcpc> has picked 1 of COBBLESTONE at X= -438, Y= 57, Z= 261 that had [] enchantment(s) |  
[2024-03-28 00:50:12] [world] The Player <xcpc> has picked 1 of COBBLESTONE at X= -438, Y= 57, Z= 262 that had [] enchantment(s) |  
[2024-03-28 00:50:15] [world] The Player <xcpc> has picked 1 of COBBLESTONE at X= -438, Y= 56, Z= 262 that had [] enchantment(s) |  
[2024-03-28 00:50:15] [world] The Player <xcpc> has picked 3 of COBBLESTONE at X= -439, Y= 56, Z= 263 that had [] enchantment(s) |  
[2024-03-28 00:50:16] [world] The Player <xcpc> has picked 1 of COBBLESTONE at X= -439, Y= 56, Z= 261 that had [] enchantment(s) |  
[2024-03-28 00:50:17] [world] The Player <xcpc> has picked 1 of COBBLESTONE at X= -438, Y= 56, Z= 262 that had [] enchantment(s) |  
[2024-03-28 00:50:23] [world] The Player <xcpc> has picked 7 of COBBLESTONE at X= -438, Y= 56, Z= 262 that had [] enchantment(s) |  
[2024-03-28 00:50:24] [world] The Player <xcpc> has picked 1 of STONE at X= -437, Y= 56, Z= 263 that had [] enchantment(s) |  
[2024-03-28 00:50:27] [world] The Player <xcpc> has picked 1 of IRON_ORE at X= -438, Y= 57, Z= 264 that had [] enchantment(s) |  
[2024-03-28 00:50:29] [world] The Player <xcpc> has picked 1 of IRON_ORE at X= -437, Y= 57, Z= 264 that had [] enchantment(s) |  
[2024-03-28 00:50:29] [world] The Player <xcpc> has picked 1 of IRON_ORE at X= -438, Y= 57, Z= 264 that had [] enchantment(s) |  
[2024-03-28 00:50:30] [world] The Player <xcpc> has picked 1 of COBBLESTONE at X= -438, Y= 57, Z= 264 that had [] enchantment(s) |  
[2024-03-28 00:50:31] [world] The Player <xcpc> has picked 1 of COBBLESTONE at X= -437, Y= 58, Z= 265 that had [] enchantment(s) |  
[2024-03-28 00:50:32] [world] The Player <xcpc> has picked 1 of IRON_ORE at X= -437, Y= 57, Z= 265 that had [] enchantment(s) |  
[2024-03-28 00:50:33] [world] The Player <xcpc> has picked 1 of COBBLESTONE at X= -437, Y= 57, Z= 264 that had [] enchantment(s) |  
[2024-03-28 00:50:34] [world] The Player <xcpc> has picked 1 of IRON_ORE at X= -438, Y= 57, Z= 265 that had [] enchantment(s) |  
[2024-03-28 00:50:36] [world] The Player <xcpc> has picked 2 of IRON_ORE at X= -437, Y= 56, Z= 265 that had [] enchantment(s) |  
[2024-03-28 00:50:37] [world] The Player <xcpc> has picked 1 of IRON_ORE at X= -437, Y= 56, Z= 266 that had [] enchantment(s) |  
[2024-03-28 00:50:52] [world] The Player <xcpc> has picked 1 of COBBLESTONE at X= -436, Y= 57, Z= 262 that had [] enchantment(s) |  
[2024-03-28 00:50:54] [world] The Player <xcpc> has picked 1 of COBBLESTONE at X= -436, Y= 57, Z= 261 that had [] enchantment(s) |  
[2024-03-28 00:50:55] [world] The Player <xcpc> has picked 3 of COBBLESTONE at X= -436, Y= 57, Z= 261 that had [] enchantment(s) |  
[2024-03-28 00:50:56] [world] The Player <xcpc> has picked 1 of COBBLESTONE at X= -437, Y= 57, Z= 262 that had [] enchantment(s) |  
[2024-03-28 00:50:58] [world] The Player <xcpc> has picked 3 of COBBLESTONE at X= -436, Y= 57, Z= 262 that had [] enchantment(s) |  
[2024-03-28 00:51:01] [world] The Player <xcpc> has picked 1 of STONE at X= -436, Y= 56, Z= 262 that had [] enchantment(s) |  
[2024-03-28 00:51:02] [world] The Player <xcpc> has picked 1 of STONE at X= -436, Y= 56, Z= 262 that had [] enchantment(s) |  
[2024-03-28 00:51:05] [world] The Player <xcpc> has picked 1 of STONE at X= -437, Y= 56, Z= 261 that had [] enchantment(s) |  
[2024-03-28 00:51:06] [world] The Player <xcpc> has picked 6 of COBBLESTONE at X= -435, Y= 56, Z= 261 that had [] enchantment(s) |  
[2024-03-28 00:51:07] [world] The Player <xcpc> has picked 1 of COBBLESTONE at X= -434, Y= 57, Z= 262 that had [] enchantment(s) |  
[2024-03-28 00:51:07] [world] The Player <Tester> has picked 1 of MONSTER_EGG at X= -10181, Y= 63, Z= 4110 that had [] enchantment(s) |  
[2024-03-28 00:51:10] [world] The Player <xcpc> has picked 4 of COBBLESTONE at X= -434, Y= 57, Z= 261 that had [] enchantment(s) |  
[2024-03-28 00:51:19] [world] The Player <xcpc> has picked 1 of STONE at X= -434, Y= 56, Z= 262 that had [] enchantment(s) |  
[2024-03-28 00:51:19] [world] The Player <xcpc> has picked 11 of COBBLESTONE at X= -434, Y= 56, Z= 261 that had [] enchantment(s) |  
[2024-03-28 00:51:20] [world] The Player <xcpc> has picked 1 of COBBLESTONE at X= -433, Y= 56, Z= 261 that had [] enchantment(s) |  
[2024-03-28 00:52:49] [world_the_end] The Player <Heinrich_Himmler> has picked 7 of SLIME_BALL at X= -14, Y= 62, Z= -65 that had [] enchantment(s) |  
[2024-03-28 00:53:03] [world] The Player <xcpc> has picked 2 of COBBLESTONE at X= -441, Y= 56, Z= 263 that had [] enchantment(s) |  
[2024-03-28 00:53:09] [world] The Player <xcpc> has picked 12 of COBBLESTONE at X= -439, Y= 57, Z= 264 that had [] enchantment(s) |  
[2024-03-28 00:53:11] [world] The Player <xcpc> has picked 3 of COBBLESTONE at X= -440, Y= 56, Z= 264 that had [] enchantment(s) |  
[2024-03-28 00:53:12] [world] The Player <xcpc> has picked 1 of COBBLESTONE at X= -440, Y= 56, Z= 265 that had [] enchantment(s) |  
[2024-03-28 00:54:34] [world_the_end] The Player <Heinrich_Himmler> has picked 1 of SLIME_BLOCK at X= -4, Y= 58, Z= -69 that had [] enchantment(s) |  
