[2024-03-20 19:23:14] [world] The Player <I_am_amazing> has extracted 2 of GRILLED_PORK from a Furnace that's located at X= -1354, Y= 63, Z= -264
[2024-03-20 19:33:41] [world] The Player <Brycethelegend> has extracted 1 of COOKED_CHICKEN from a Furnace that's located at X= -1354, Y= 64, Z= -266
[2024-03-20 19:34:32] [world] The Player <hexa> has extracted 1 of COOKED_BEEF from a Furnace that's located at X= -2544, Y= 64, Z= 560
[2024-03-20 19:34:44] [world] The Player <hexa> has extracted 14 of GRILLED_PORK from a Furnace that's located at X= -2543, Y= 64, Z= 560
[2024-03-20 19:35:10] [world] The Player <Brycethelegend> has extracted 8 of GOLD_INGOT from a Furnace that's located at X= -1354, Y= 64, Z= -266
[2024-03-20 19:36:43] [world] The Player <Tester> has extracted 7 of GOLD_INGOT from a Furnace that's located at X= -10167, Y= 65, Z= 4118
[2024-03-20 19:40:19] [world] The Player <Brycethelegend> has extracted 9 of GOLD_INGOT from a Furnace that's located at X= -1354, Y= 64, Z= -266
[2024-03-20 19:40:32] [world] The Player <Tester> has extracted 5 of GOLD_INGOT from a Furnace that's located at X= -10167, Y= 65, Z= 4118
[2024-03-20 19:40:35] [world] The Player <Tester> has extracted 6 of IRON_INGOT from a Furnace that's located at X= -10167, Y= 64, Z= 4118
[2024-03-20 19:42:52] [world] The Player <Tester> has extracted 4 of IRON_INGOT from a Furnace that's located at X= -10167, Y= 64, Z= 4118
[2024-03-20 20:10:41] [world] The Player <theproman3387> has extracted 1 of IRON_INGOT from a Furnace that's located at X= -548, Y= 66, Z= 409
[2024-03-20 20:15:17] [world] The Player <theproman3387> has extracted 2 of IRON_INGOT from a Furnace that's located at X= -548, Y= 66, Z= 409
[2024-03-20 20:38:20] [world] The Player <A_Random_Person> has extracted 27 of IRON_INGOT from a Furnace that's located at X= -1352, Y= 67, Z= -241
[2024-03-20 20:44:30] [world] The Player <A_Random_Person> has extracted 39 of IRON_INGOT from a Furnace that's located at X= -548, Y= 88, Z= 243
[2024-03-20 20:44:37] [world] The Player <A_Random_Person> has extracted 40 of IRON_INGOT from a Furnace that's located at X= -549, Y= 88, Z= 243
[2024-03-20 21:24:53] [world] The Player <Mudkips_Rule> has extracted 25 of IRON_INGOT from a Furnace that's located at X= -1354, Y= 63, Z= -264
[2024-03-20 22:20:17] [world] The Player <A_Random_Person> has extracted 11 of IRON_INGOT from a Furnace that's located at X= -549, Y= 88, Z= 243
[2024-03-20 22:23:15] [world] The Player <A_Random_Person> has extracted 18 of IRON_INGOT from a Furnace that's located at X= -549, Y= 88, Z= 243
[2024-03-20 22:23:19] [world] The Player <A_Random_Person> has extracted 27 of IRON_INGOT from a Furnace that's located at X= -548, Y= 88, Z= 243
[2024-03-20 22:23:22] [world] The Player <A_Random_Person> has extracted 1 of IRON_INGOT from a Furnace that's located at X= -548, Y= 88, Z= 243
[2024-03-20 22:23:26] [world] The Player <A_Random_Person> has extracted 16 of GOLD_INGOT from a Furnace that's located at X= -547, Y= 88, Z= 243
[2024-03-20 23:02:48] [world] The Player <astronomy> has extracted 7 of GOLD_INGOT from a Furnace that's located at X= 1798, Y= 39, Z= 289
[2024-03-20 23:24:59] [world] The Player <Brycethelegend> has extracted 4 of IRON_INGOT from a Furnace that's located at X= -1354, Y= 64, Z= -266
[2024-03-21 00:57:28] [world] The Player <astronomy> has extracted 51 of IRON_INGOT from a Furnace that's located at X= 1798, Y= 39, Z= 289
[2024-03-21 01:14:07] [world_nether] The Player <Heinrich_Himmler> has extracted 3 of IRON_INGOT from a Furnace that's located at X= 12501, Y= 128, Z= 3
[2024-03-21 01:23:27] [world_nether] The Player <Heinrich_Himmler> has extracted 11 of IRON_INGOT from a Furnace that's located at X= 12501, Y= 128, Z= 3
[2024-03-21 01:35:02] [world_nether] The Player <Heinrich_Himmler> has extracted 4 of IRON_INGOT from a Furnace that's located at X= 12501, Y= 128, Z= 3
[2024-03-21 01:49:34] [world] The Player <astronomy> has extracted 10 of GOLD_INGOT from a Furnace that's located at X= 1798, Y= 39, Z= 289
[2024-03-21 02:11:57] [world] The Player <A_Random_Person> has extracted 64 of STONE from a Furnace that's located at X= 1798, Y= 39, Z= 290
[2024-03-21 03:19:30] [world_nether] The Player <Heinrich_Himmler> has extracted 1 of IRON_INGOT from a Furnace that's located at X= 12501, Y= 128, Z= 3
[2024-03-21 03:21:05] [world_nether] The Player <Heinrich_Himmler> has extracted 5 of IRON_INGOT from a Furnace that's located at X= 12501, Y= 128, Z= 3
[2024-03-21 03:36:45] [world] The Player <digbick> has extracted 4 of GLASS from a Furnace that's located at X= -688, Y= 71, Z= 316
[2024-03-21 03:38:53] [world] The Player <digbick> has extracted 13 of GLASS from a Furnace that's located at X= -688, Y= 71, Z= 316
[2024-03-21 03:39:20] [world] The Player <digbick> has extracted 3 of GLASS from a Furnace that's located at X= -688, Y= 71, Z= 316
[2024-03-21 03:40:05] [world] The Player <digbick> has extracted 4 of GLASS from a Furnace that's located at X= -688, Y= 71, Z= 316
[2024-03-21 03:41:05] [world] The Player <digbick> has extracted 5 of GLASS from a Furnace that's located at X= -688, Y= 71, Z= 316
[2024-03-21 03:41:19] [world] The Player <digbick> has extracted 2 of GLASS from a Furnace that's located at X= -688, Y= 71, Z= 316
[2024-03-21 03:42:19] [world] The Player <digbick> has extracted 6 of GLASS from a Furnace that's located at X= -688, Y= 71, Z= 316
[2024-03-21 03:45:01] [world] The Player <digbick> has extracted 16 of GLASS from a Furnace that's located at X= -688, Y= 71, Z= 316
[2024-03-21 09:38:32] [world] The Player <Mudkips_Rule> has extracted 13 of IRON_INGOT from a Furnace that's located at X= -1354, Y= 64, Z= -266
[2024-03-21 10:03:31] [world] The Player <A_Random_Person> has extracted 18 of GLASS from a Furnace that's located at X= -1151, Y= 65, Z= -440
[2024-03-21 10:03:43] [world] The Player <A_Random_Person> has extracted 19 of GLASS from a Furnace that's located at X= -1151, Y= 66, Z= -440
[2024-03-21 11:30:33] [world] The Player <Dave_TheCoolGuy> has extracted 14 of IRON_INGOT from a Furnace that's located at X= -689, Y= 71, Z= 306
[2024-03-21 11:53:04] [world] The Player <qwerty> has extracted 1 of COOKED_MUTTON from a Furnace that's located at X= -666, Y= 97, Z= -783
[2024-03-21 11:59:43] [world] The Player <qwerty> has extracted 3 of COOKED_BEEF from a Furnace that's located at X= -666, Y= 98, Z= -783
[2024-03-21 12:07:58] [world] The Player <dick_slap> has extracted 4 of IRON_INGOT from a Furnace that's located at X= -766, Y= 64, Z= 257
[2024-03-21 12:07:59] [world] The Player <dick_slap> has extracted 1 of IRON_INGOT from a Furnace that's located at X= -766, Y= 64, Z= 257
[2024-03-21 12:08:10] [world] The Player <dick_slap> has extracted 1 of IRON_INGOT from a Furnace that's located at X= -766, Y= 64, Z= 257
[2024-03-21 12:08:20] [world] The Player <dick_slap> has extracted 1 of IRON_INGOT from a Furnace that's located at X= -766, Y= 64, Z= 257
[2024-03-21 12:08:55] [world] The Player <dick_slap> has extracted 2 of COOKED_BEEF from a Furnace that's located at X= -766, Y= 64, Z= 257
[2024-03-21 12:08:57] [world] The Player <dick_slap> has extracted 1 of COOKED_BEEF from a Furnace that's located at X= -766, Y= 64, Z= 257
[2024-03-21 12:09:27] [world] The Player <dick_slap> has extracted 2 of GRILLED_PORK from a Furnace that's located at X= -766, Y= 64, Z= 257
[2024-03-21 12:19:12] [world] The Player <Bobuz> has extracted 2 of GRILLED_PORK from a Furnace that's located at X= -413, Y= 69, Z= -189
[2024-03-21 12:20:18] [world] The Player <Bobuz> has extracted 1 of COOKED_CHICKEN from a Furnace that's located at X= -413, Y= 69, Z= -189
[2024-03-21 12:20:37] [world] The Player <dick_slap> has extracted 2 of STONE from a Furnace that's located at X= -766, Y= 64, Z= 257
[2024-03-21 12:20:38] [world] The Player <dick_slap> has extracted 1 of STONE from a Furnace that's located at X= -766, Y= 64, Z= 257
[2024-03-21 12:22:47] [world] The Player <ACE> has extracted 12 of STONE from a Furnace that's located at X= -766, Y= 64, Z= 257
[2024-03-21 12:27:32] [world] The Player <dick_slap> has extracted 1 of COAL from a Furnace that's located at X= -766, Y= 64, Z= 256
[2024-03-21 12:28:23] [world] The Player <dick_slap> has extracted 4 of COAL from a Furnace that's located at X= -766, Y= 64, Z= 256
[2024-03-21 12:28:34] [world] The Player <dick_slap> has extracted 1 of COOKED_CHICKEN from a Furnace that's located at X= -766, Y= 64, Z= 256
[2024-03-21 12:29:11] [world] The Player <dick_slap> has extracted 3 of COAL from a Furnace that's located at X= -766, Y= 64, Z= 256
[2024-03-21 12:32:36] [world] The Player <dick_slap> has extracted 14 of COAL from a Furnace that's located at X= -766, Y= 64, Z= 262
[2024-03-21 12:33:01] [world] The Player <ACE> has extracted 41 of STONE from a Furnace that's located at X= -766, Y= 64, Z= 257
[2024-03-21 12:34:11] [world] The Player <dick_slap> has extracted 5 of COAL from a Furnace that's located at X= -766, Y= 64, Z= 262
[2024-03-21 12:34:42] [world] The Player <dick_slap> has extracted 3 of COAL from a Furnace that's located at X= -766, Y= 64, Z= 262
[2024-03-21 12:34:46] [world] The Player <dick_slap> has extracted 1 of COAL from a Furnace that's located at X= -766, Y= 64, Z= 262
[2024-03-21 12:34:48] [world] The Player <dick_slap> has extracted 4 of COAL from a Furnace that's located at X= -766, Y= 64, Z= 261
[2024-03-21 12:35:08] [world] The Player <dick_slap> has extracted 2 of COAL from a Furnace that's located at X= -766, Y= 64, Z= 262
[2024-03-21 12:35:11] [world] The Player <dick_slap> has extracted 2 of COAL from a Furnace that's located at X= -766, Y= 64, Z= 261
[2024-03-21 12:35:52] [world] The Player <General_Rihan> has extracted 22 of STONE from a Furnace that's located at X= -10167, Y= 64, Z= 4118
[2024-03-21 12:35:54] [world] The Player <dick_slap> has extracted 4 of COAL from a Furnace that's located at X= -766, Y= 64, Z= 261
[2024-03-21 12:36:01] [world] The Player <dick_slap> has extracted 2 of COAL from a Furnace that's located at X= -766, Y= 64, Z= 262
[2024-03-21 12:36:04] [world] The Player <dick_slap> has extracted 2 of COAL from a Furnace that's located at X= -766, Y= 64, Z= 261
[2024-03-21 12:36:16] [world] The Player <dick_slap> has extracted 1 of COAL from a Furnace that's located at X= -766, Y= 64, Z= 262
[2024-03-21 12:42:11] [world] The Player <ACE> has extracted 25 of STONE from a Furnace that's located at X= -766, Y= 64, Z= 257
[2024-03-21 12:43:28] [world] The Player <PenguinBoi> has extracted 1 of COAL from a Furnace that's located at X= -376, Y= 89, Z= -61
[2024-03-21 12:44:34] [world] The Player <PenguinBoi> has extracted 6 of GRILLED_PORK from a Furnace that's located at X= -376, Y= 89, Z= -61
[2024-03-21 12:45:13] [world] The Player <dick_slap> has extracted 1 of COOKED_CHICKEN from a Furnace that's located at X= -766, Y= 64, Z= 261
[2024-03-21 12:45:14] [world] The Player <PenguinBoi> has extracted 2 of COOKED_CHICKEN from a Furnace that's located at X= -376, Y= 89, Z= -61
[2024-03-21 12:45:24] [world] The Player <PenguinBoi> has extracted 1 of COOKED_CHICKEN from a Furnace that's located at X= -376, Y= 89, Z= -61
[2024-03-21 12:45:59] [world] The Player <PenguinBoi> has extracted 2 of COAL from a Furnace that's located at X= -376, Y= 88, Z= -62
[2024-03-21 12:46:02] [world] The Player <PenguinBoi> has extracted 3 of COAL from a Furnace that's located at X= -376, Y= 89, Z= -61
[2024-03-21 12:46:23] [world] The Player <PenguinBoi> has extracted 2 of COAL from a Furnace that's located at X= -376, Y= 89, Z= -61
[2024-03-21 12:46:26] [world] The Player <PenguinBoi> has extracted 2 of COAL from a Furnace that's located at X= -376, Y= 88, Z= -62
[2024-03-21 12:47:36] [world] The Player <PenguinBoi> has extracted 7 of COAL from a Furnace that's located at X= -376, Y= 88, Z= -62
[2024-03-21 12:47:38] [world] The Player <PenguinBoi> has extracted 8 of COAL from a Furnace that's located at X= -376, Y= 89, Z= -61
[2024-03-21 12:48:01] [world] The Player <PenguinBoi> has extracted 2 of COAL from a Furnace that's located at X= -376, Y= 89, Z= -61
[2024-03-21 12:48:04] [world] The Player <PenguinBoi> has extracted 3 of COAL from a Furnace that's located at X= -376, Y= 88, Z= -62
[2024-03-21 12:48:10] [world] The Player <PenguinBoi> has extracted 1 of COAL from a Furnace that's located at X= -376, Y= 88, Z= -62
[2024-03-21 12:48:13] [world] The Player <PenguinBoi> has extracted 1 of COAL from a Furnace that's located at X= -376, Y= 89, Z= -61
[2024-03-21 12:48:19] [world] The Player <PenguinBoi> has extracted 1 of COAL from a Furnace that's located at X= -376, Y= 88, Z= -62
[2024-03-21 12:48:20] [world] The Player <dick_slap> has extracted 3 of COOKED_CHICKEN from a Furnace that's located at X= -766, Y= 64, Z= 261
[2024-03-21 12:49:20] [world] The Player <PenguinBoi> has extracted 8 of GLASS from a Furnace that's located at X= -376, Y= 89, Z= -62
[2024-03-21 12:49:55] [world] The Player <PenguinBoi> has extracted 3 of GLASS from a Furnace that's located at X= -376, Y= 89, Z= -62
[2024-03-21 12:49:57] [world] The Player <PenguinBoi> has extracted 1 of GLASS from a Furnace that's located at X= -376, Y= 89, Z= -62
[2024-03-21 12:51:49] [world] The Player <PenguinBoi> has extracted 21 of IRON_INGOT from a Furnace that's located at X= -376, Y= 89, Z= -61
[2024-03-21 12:51:51] [world] The Player <PenguinBoi> has extracted 9 of GLASS from a Furnace that's located at X= -376, Y= 89, Z= -62
[2024-03-21 12:51:55] [world] The Player <PenguinBoi> has extracted 21 of IRON_INGOT from a Furnace that's located at X= -376, Y= 88, Z= -62
[2024-03-21 12:52:14] [world] The Player <PenguinBoi> has extracted 1 of IRON_INGOT from a Furnace that's located at X= -376, Y= 89, Z= -61
[2024-03-21 13:35:43] [world] The Player <hi_> has extracted 1 of GOLD_INGOT from a Furnace that's located at X= -1354, Y= 63, Z= -264
[2024-03-21 13:35:48] [world] The Player <hi_> has extracted 1 of GOLD_INGOT from a Furnace that's located at X= -1354, Y= 63, Z= -264
[2024-03-21 13:42:12] [world] The Player <hi_> has extracted 6 of GOLD_INGOT from a Furnace that's located at X= -1354, Y= 63, Z= -264
[2024-03-21 13:55:41] [world] The Player <qwerty> has extracted 10 of GOLD_INGOT from a Furnace that's located at X= -666, Y= 98, Z= -783
[2024-03-21 13:55:46] [world] The Player <qwerty> has extracted 2 of COOKED_CHICKEN from a Furnace that's located at X= -666, Y= 97, Z= -783
[2024-03-21 14:03:48] [world] The Player <character> has extracted 2 of GLASS from a Furnace that's located at X= -377, Y= 88, Z= -62
[2024-03-21 19:36:01] [world] The Player <character> has extracted 6 of GLASS from a Furnace that's located at X= -377, Y= 88, Z= -62
[2024-03-21 19:41:28] [world] The Player <Dave_TheCoolGuy> has extracted 24 of IRON_INGOT from a Furnace that's located at X= -689, Y= 71, Z= 306
[2024-03-21 19:41:31] [world] The Player <hi_> has extracted 4 of GOLD_INGOT from a Furnace that's located at X= -1354, Y= 63, Z= -264
[2024-03-21 19:41:36] [world] The Player <NezukoChan> has extracted 64 of STONE from a Furnace that's located at X= -10167, Y= 64, Z= 4118
