[2024-03-21 20:00:00] [world] The Player <character> has extracted 26 of GLASS from a Furnace that's located at X= -377, Y= 88, Z= -62
[2024-03-21 20:16:21] [world] The Player <NezukoChan> has extracted 64 of IRON_INGOT from a Furnace that's located at X= -10167, Y= 65, Z= 4118
[2024-03-21 20:24:10] [world] The Player <astronomy> has extracted 9 of IRON_INGOT from a Furnace that's located at X= 1798, Y= 39, Z= 289
[2024-03-21 20:24:31] [world] The Player <Mudkips_Rule> has extracted 34 of GLASS from a Furnace that's located at X= -1154, Y= 66, Z= -434
[2024-03-21 20:42:02] [world] The Player <Mudkips_Rule> has extracted 22 of GLASS from a Furnace that's located at X= -1154, Y= 66, Z= -434
[2024-03-21 21:54:27] [world] The Player <Tester> has extracted 15 of GOLD_INGOT from a Furnace that's located at X= -10167, Y= 64, Z= 4118
[2024-03-21 21:54:28] [world] The Player <Tester> has extracted 7 of IRON_INGOT from a Furnace that's located at X= -10167, Y= 65, Z= 4118
[2024-03-21 22:32:05] [world_nether] The Player <Heinrich_Himmler> has extracted 46 of IRON_INGOT from a Furnace that's located at X= 12501, Y= 128, Z= 3
[2024-03-21 23:52:53] [world_nether] The Player <Heinrich_Himmler> has extracted 5 of IRON_INGOT from a Furnace that's located at X= 12501, Y= 128, Z= 3
[2024-03-21 23:58:52] [world_nether] The Player <Heinrich_Himmler> has extracted 15 of IRON_INGOT from a Furnace that's located at X= 12501, Y= 128, Z= 3
[2024-03-21 23:59:51] [world_nether] The Player <Heinrich_Himmler> has extracted 6 of IRON_INGOT from a Furnace that's located at X= 12501, Y= 128, Z= 3
[2024-03-22 02:46:45] [world_nether] The Player <Heinrich_Himmler> has extracted 5 of IRON_INGOT from a Furnace that's located at X= 12501, Y= 128, Z= 3
[2024-03-22 06:12:50] [world] The Player <astronomy> has extracted 1 of COOKED_BEEF from a Furnace that's located at X= -10167, Y= 64, Z= 4118
[2024-03-22 06:12:53] [world] The Player <astronomy> has extracted 1 of COOKED_BEEF from a Furnace that's located at X= -10167, Y= 64, Z= 4118
[2024-03-22 06:12:59] [world] The Player <astronomy> has extracted 5 of IRON_INGOT from a Furnace that's located at X= -10167, Y= 65, Z= 4118
[2024-03-22 06:13:09] [world] The Player <astronomy> has extracted 1 of IRON_INGOT from a Furnace that's located at X= -10167, Y= 65, Z= 4118
[2024-03-22 06:13:29] [world] The Player <astronomy> has extracted 2 of IRON_INGOT from a Furnace that's located at X= -10167, Y= 65, Z= 4118
[2024-03-22 06:14:19] [world] The Player <astronomy> has extracted 5 of IRON_INGOT from a Furnace that's located at X= -10167, Y= 65, Z= 4118
[2024-03-22 06:14:32] [world] The Player <astronomy> has extracted 1 of IRON_INGOT from a Furnace that's located at X= -10167, Y= 65, Z= 4118
[2024-03-22 06:14:38] [world] The Player <astronomy> has extracted 1 of IRON_INGOT from a Furnace that's located at X= -10167, Y= 65, Z= 4118
[2024-03-22 06:14:48] [world] The Player <astronomy> has extracted 1 of IRON_INGOT from a Furnace that's located at X= -10167, Y= 65, Z= 4118
[2024-03-22 06:14:55] [world] The Player <astronomy> has extracted 12 of COOKED_BEEF from a Furnace that's located at X= -10167, Y= 64, Z= 4118
[2024-03-22 06:18:44] [world] The Player <astronomy> has extracted 6 of COOKED_BEEF from a Furnace that's located at X= -10167, Y= 64, Z= 4118
[2024-03-22 06:18:50] [world] The Player <astronomy> has extracted 13 of IRON_INGOT from a Furnace that's located at X= -10167, Y= 65, Z= 4118
[2024-03-22 06:19:02] [world] The Player <astronomy> has extracted 1 of IRON_INGOT from a Furnace that's located at X= -10167, Y= 65, Z= 4118
[2024-03-22 06:21:13] [world] The Player <astronomy> has extracted 13 of IRON_INGOT from a Furnace that's located at X= -10167, Y= 65, Z= 4118
[2024-03-22 06:21:20] [world] The Player <astronomy> has extracted 1 of IRON_INGOT from a Furnace that's located at X= -10167, Y= 65, Z= 4118
[2024-03-22 06:21:30] [world] The Player <astronomy> has extracted 1 of IRON_INGOT from a Furnace that's located at X= -10167, Y= 65, Z= 4118
[2024-03-22 11:18:21] [world] The Player <Mudkips_Rule> has extracted 15 of GLASS from a Furnace that's located at X= -1154, Y= 66, Z= -434
[2024-03-22 11:18:23] [world] The Player <Mudkips_Rule> has extracted 16 of GLASS from a Furnace that's located at X= -1151, Y= 66, Z= -434
[2024-03-22 11:18:28] [world] The Player <Mudkips_Rule> has extracted 1 of GLASS from a Furnace that's located at X= -1151, Y= 66, Z= -434
[2024-03-22 12:18:22] [world] The Player <Tester> has extracted 6 of IRON_INGOT from a Furnace that's located at X= -10167, Y= 65, Z= 4118
[2024-03-22 12:26:49] [world] The Player <Tester> has extracted 1 of IRON_INGOT from a Furnace that's located at X= 1000758, Y= 52, Z= 1000805
[2024-03-22 13:08:19] [world] The Player <hexa> has extracted 9 of GOLD_INGOT from a Furnace that's located at X= 500002, Y= 24, Z= 48392
[2024-03-22 13:10:09] [world] The Player <hexa> has extracted 11 of GOLD_INGOT from a Furnace that's located at X= 500002, Y= 24, Z= 48392
[2024-03-22 13:10:30] [world] The Player <hexa> has extracted 1 of GOLD_INGOT from a Furnace that's located at X= 500002, Y= 24, Z= 48392
[2024-03-22 13:26:15] [world] The Player <I_am_amazing> has extracted 12 of IRON_INGOT from a Furnace that's located at X= -595, Y= 10, Z= 585
[2024-03-22 13:26:17] [world] The Player <I_am_amazing> has extracted 10 of IRON_INGOT from a Furnace that's located at X= -595, Y= 9, Z= 586
[2024-03-22 13:26:17] [world] The Player <I_am_amazing> has extracted 1 of IRON_INGOT from a Furnace that's located at X= -595, Y= 9, Z= 586
[2024-03-22 13:26:32] [world] The Player <I_am_amazing> has extracted 1 of IRON_INGOT from a Furnace that's located at X= -595, Y= 9, Z= 586
[2024-03-22 13:26:33] [world] The Player <I_am_amazing> has extracted 2 of IRON_INGOT from a Furnace that's located at X= -595, Y= 10, Z= 585
[2024-03-22 13:28:03] [world] The Player <Tester> has extracted 7 of GOLD_INGOT from a Furnace that's located at X= -10167, Y= 64, Z= 4118
[2024-03-22 13:28:11] [world] The Player <I_am_amazing> has extracted 10 of IRON_INGOT from a Furnace that's located at X= -595, Y= 9, Z= 586
[2024-03-22 13:28:13] [world] The Player <I_am_amazing> has extracted 9 of IRON_INGOT from a Furnace that's located at X= -595, Y= 10, Z= 585
[2024-03-22 13:28:19] [world] The Player <I_am_amazing> has extracted 1 of IRON_INGOT from a Furnace that's located at X= -595, Y= 9, Z= 586
[2024-03-22 13:28:21] [world] The Player <I_am_amazing> has extracted 1 of IRON_INGOT from a Furnace that's located at X= -595, Y= 10, Z= 585
[2024-03-22 13:28:23] [world] The Player <I_am_amazing> has extracted 1 of IRON_INGOT from a Furnace that's located at X= -595, Y= 10, Z= 585
[2024-03-22 13:28:27] [world] The Player <Tester> has extracted 34 of IRON_INGOT from a Furnace that's located at X= -558, Y= 89, Z= 268
[2024-03-22 13:28:28] [world] The Player <Tester> has extracted 11 of GOLD_INGOT from a Furnace that's located at X= -558, Y= 90, Z= 268
[2024-03-22 13:28:36] [world] The Player <I_am_amazing> has extracted 10 of GOLD_INGOT from a Furnace that's located at X= -595, Y= 12, Z= 588
[2024-03-22 13:28:58] [world] The Player <I_am_amazing> has extracted 2 of GOLD_INGOT from a Furnace that's located at X= -595, Y= 12, Z= 588
[2024-03-22 13:29:06] [world] The Player <I_am_amazing> has extracted 4 of IRON_INGOT from a Furnace that's located at X= -595, Y= 10, Z= 585
[2024-03-22 13:29:07] [world] The Player <I_am_amazing> has extracted 4 of IRON_INGOT from a Furnace that's located at X= -595, Y= 9, Z= 586
[2024-03-22 13:29:07] [world] The Player <I_am_amazing> has extracted 1 of IRON_INGOT from a Furnace that's located at X= -595, Y= 9, Z= 586
[2024-03-22 13:29:16] [world] The Player <I_am_amazing> has extracted 2 of GOLD_INGOT from a Furnace that's located at X= -595, Y= 12, Z= 588
[2024-03-22 13:30:29] [world] The Player <I_am_amazing> has extracted 7 of GOLD_INGOT from a Furnace that's located at X= -595, Y= 12, Z= 588
[2024-03-22 13:30:36] [world] The Player <I_am_amazing> has extracted 1 of GOLD_INGOT from a Furnace that's located at X= -595, Y= 12, Z= 588
[2024-03-22 13:31:06] [world] The Player <I_am_amazing> has extracted 3 of GOLD_INGOT from a Furnace that's located at X= -595, Y= 12, Z= 588
[2024-03-22 13:31:44] [world] The Player <I_am_amazing> has extracted 4 of GOLD_INGOT from a Furnace that's located at X= -595, Y= 12, Z= 588
[2024-03-22 13:32:25] [world] The Player <I_am_amazing> has extracted 3 of GRILLED_PORK from a Furnace that's located at X= -595, Y= 12, Z= 588
[2024-03-22 13:32:33] [world] The Player <I_am_amazing> has extracted 21 of IRON_INGOT from a Furnace that's located at X= -595, Y= 10, Z= 585
[2024-03-22 13:32:37] [world] The Player <I_am_amazing> has extracted 21 of IRON_INGOT from a Furnace that's located at X= -595, Y= 9, Z= 586
[2024-03-22 13:39:05] [world] The Player <I_am_amazing> has extracted 6 of GRILLED_PORK from a Furnace that's located at X= -595, Y= 12, Z= 588
[2024-03-22 13:39:31] [world] The Player <I_am_amazing> has extracted 7 of IRON_INGOT from a Furnace that's located at X= -595, Y= 9, Z= 586
[2024-03-22 13:39:33] [world] The Player <I_am_amazing> has extracted 8 of IRON_INGOT from a Furnace that's located at X= -595, Y= 10, Z= 585
[2024-03-22 13:39:36] [world] The Player <I_am_amazing> has extracted 1 of IRON_INGOT from a Furnace that's located at X= -595, Y= 9, Z= 586
[2024-03-22 13:40:53] [world] The Player <I_am_amazing> has extracted 7 of IRON_INGOT from a Furnace that's located at X= -595, Y= 9, Z= 586
[2024-03-22 13:42:00] [world] The Player <I_am_amazing> has extracted 1 of REDSTONE from a Furnace that's located at X= -595, Y= 9, Z= 586
[2024-03-22 14:19:41] [world] The Player <digbick> has extracted 6 of GOLD_INGOT from a Furnace that's located at X= -688, Y= 71, Z= 316
[2024-03-22 14:27:34] [world] The Player <proman50> has extracted 1 of IRON_INGOT from a Furnace that's located at X= -431, Y= 67, Z= -189
[2024-03-22 14:27:44] [world] The Player <proman50> has extracted 1 of IRON_INGOT from a Furnace that's located at X= -431, Y= 67, Z= -189
[2024-03-22 14:27:55] [world] The Player <proman50> has extracted 1 of IRON_INGOT from a Furnace that's located at X= -431, Y= 67, Z= -189
[2024-03-22 14:28:19] [world] The Player <proman50> has extracted 2 of IRON_INGOT from a Furnace that's located at X= -431, Y= 67, Z= -189
[2024-03-22 14:28:27] [world] The Player <proman50> has extracted 1 of IRON_INGOT from a Furnace that's located at X= -431, Y= 67, Z= -189
[2024-03-22 14:28:43] [world] The Player <proman50> has extracted 1 of IRON_INGOT from a Furnace that's located at X= -431, Y= 67, Z= -189
[2024-03-22 14:28:45] [world] The Player <proman50> has extracted 1 of IRON_INGOT from a Furnace that's located at X= -431, Y= 67, Z= -189
[2024-03-22 14:28:54] [world] The Player <proman50> has extracted 1 of IRON_INGOT from a Furnace that's located at X= -431, Y= 67, Z= -189
[2024-03-22 14:41:21] [world] The Player <PenguinBoi> has extracted 8 of GRILLED_PORK from a Furnace that's located at X= -603, Y= 11, Z= -226
[2024-03-22 14:41:23] [world] The Player <PenguinBoi> has extracted 7 of IRON_INGOT from a Furnace that's located at X= -603, Y= 12, Z= -226
[2024-03-22 15:05:19] [world] The Player <digbick> has extracted 6 of GOLD_INGOT from a Furnace that's located at X= -688, Y= 71, Z= 316
[2024-03-22 15:07:41] [world] The Player <digbick> has extracted 14 of GOLD_INGOT from a Furnace that's located at X= -688, Y= 71, Z= 316
[2024-03-22 15:11:13] [world] The Player <digbick> has extracted 20 of IRON_INGOT from a Furnace that's located at X= -687, Y= 71, Z= 316
[2024-03-22 15:21:31] [world] The Player <digbick> has extracted 14 of GOLD_INGOT from a Furnace that's located at X= -688, Y= 71, Z= 316
[2024-03-22 15:39:21] [world] The Player <character> has extracted 19 of IRON_INGOT from a Furnace that's located at X= -377, Y= 88, Z= -60
[2024-03-22 15:39:26] [world] The Player <character> has extracted 19 of IRON_INGOT from a Furnace that's located at X= -377, Y= 88, Z= -61
[2024-03-22 15:39:30] [world] The Player <character> has extracted 20 of IRON_INGOT from a Furnace that's located at X= -377, Y= 88, Z= -62
[2024-03-22 15:41:01] [world] The Player <digbick> has extracted 5 of IRON_INGOT from a Furnace that's located at X= -687, Y= 71, Z= 316
[2024-03-22 15:47:32] [world] The Player <Mudkips_Rule> has extracted 64 of GLASS from a Furnace that's located at X= -1154, Y= 66, Z= -434
[2024-03-22 15:47:34] [world] The Player <Mudkips_Rule> has extracted 62 of GLASS from a Furnace that's located at X= -1151, Y= 66, Z= -434
[2024-03-22 15:52:16] [world] The Player <digbick> has extracted 10 of IRON_INGOT from a Furnace that's located at X= -687, Y= 71, Z= 316
[2024-03-22 16:20:42] [world] The Player <astronomy> has extracted 3 of IRON_INGOT from a Furnace that's located at X= 1798, Y= 39, Z= 289
[2024-03-22 16:21:59] [world] The Player <SPADE> has extracted 61 of STONE from a Furnace that's located at X= -666, Y= 97, Z= -783
[2024-03-22 16:25:18] [world] The Player <Pog4lifepeople> has extracted 34 of IRON_INGOT from a Furnace that's located at X= 1000567, Y= 66, Z= 1000292
[2024-03-22 16:25:19] [world] The Player <Pog4lifepeople> has extracted 30 of GOLD_INGOT from a Furnace that's located at X= 1000567, Y= 67, Z= 1000292
[2024-03-22 16:39:31] [world] The Player <SPADE> has extracted 26 of STONE from a Furnace that's located at X= -666, Y= 98, Z= -783
[2024-03-22 16:40:19] [world] The Player <SPADE> has extracted 4 of IRON_INGOT from a Furnace that's located at X= -666, Y= 98, Z= -783
[2024-03-22 16:41:05] [world] The Player <SPADE> has extracted 4 of IRON_INGOT from a Furnace that's located at X= -666, Y= 98, Z= -783
[2024-03-22 17:53:29] [world] The Player <A_Random_Person> has extracted 35 of IRON_INGOT from a Furnace that's located at X= -549, Y= 88, Z= 243
[2024-03-22 17:53:31] [world] The Player <A_Random_Person> has extracted 13 of IRON_INGOT from a Furnace that's located at X= -548, Y= 88, Z= 243
[2024-03-22 17:58:10] [world] The Player <I_am_amazing> has extracted 9 of IRON_INGOT from a Furnace that's located at X= -40, Y= 6, Z= -82
[2024-03-22 17:58:11] [world] The Player <I_am_amazing> has extracted 13 of IRON_INGOT from a Furnace that's located at X= -40, Y= 8, Z= -81
[2024-03-22 17:58:12] [world] The Player <I_am_amazing> has extracted 12 of IRON_INGOT from a Furnace that's located at X= -40, Y= 7, Z= -81
[2024-03-22 17:58:13] [world] The Player <I_am_amazing> has extracted 1 of IRON_INGOT from a Furnace that's located at X= -40, Y= 7, Z= -81
[2024-03-22 17:58:14] [world] The Player <I_am_amazing> has extracted 14 of IRON_INGOT from a Furnace that's located at X= -41, Y= 8, Z= -82
[2024-03-22 17:58:16] [world] The Player <I_am_amazing> has extracted 15 of IRON_INGOT from a Furnace that's located at X= -39, Y= 8, Z= -85
[2024-03-22 17:59:14] [world] The Player <I_am_amazing> has extracted 6 of IRON_INGOT from a Furnace that's located at X= -40, Y= 8, Z= -81
[2024-03-22 17:59:15] [world] The Player <I_am_amazing> has extracted 6 of IRON_INGOT from a Furnace that's located at X= -40, Y= 7, Z= -81
[2024-03-22 17:59:16] [world] The Player <I_am_amazing> has extracted 6 of IRON_INGOT from a Furnace that's located at X= -41, Y= 8, Z= -82
[2024-03-22 17:59:18] [world] The Player <I_am_amazing> has extracted 6 of IRON_INGOT from a Furnace that's located at X= -40, Y= 6, Z= -82
[2024-03-22 17:59:20] [world] The Player <I_am_amazing> has extracted 6 of IRON_INGOT from a Furnace that's located at X= -39, Y= 8, Z= -85
[2024-03-22 17:59:31] [world] The Player <I_am_amazing> has extracted 1 of IRON_INGOT from a Furnace that's located at X= -40, Y= 8, Z= -81
[2024-03-22 18:00:27] [world] The Player <I_am_amazing> has extracted 5 of GOLD_INGOT from a Furnace that's located at X= -40, Y= 8, Z= -81
[2024-03-22 18:00:28] [world] The Player <I_am_amazing> has extracted 7 of IRON_INGOT from a Furnace that's located at X= -41, Y= 8, Z= -82
[2024-03-22 18:00:29] [world] The Player <I_am_amazing> has extracted 7 of IRON_INGOT from a Furnace that's located at X= -40, Y= 7, Z= -81
[2024-03-22 18:00:30] [world] The Player <I_am_amazing> has extracted 8 of IRON_INGOT from a Furnace that's located at X= -40, Y= 6, Z= -82
[2024-03-22 18:00:32] [world] The Player <I_am_amazing> has extracted 7 of IRON_INGOT from a Furnace that's located at X= -39, Y= 8, Z= -85
[2024-03-22 18:00:33] [world] The Player <I_am_amazing> has extracted 1 of IRON_INGOT from a Furnace that's located at X= -39, Y= 8, Z= -85
[2024-03-22 18:01:01] [world] The Player <I_am_amazing> has extracted 4 of GOLD_INGOT from a Furnace that's located at X= -40, Y= 8, Z= -81
[2024-03-22 18:01:02] [world] The Player <I_am_amazing> has extracted 4 of IRON_INGOT from a Furnace that's located at X= -41, Y= 8, Z= -82
[2024-03-22 18:01:04] [world] The Player <I_am_amazing> has extracted 4 of IRON_INGOT from a Furnace that's located at X= -40, Y= 7, Z= -81
[2024-03-22 18:01:05] [world] The Player <I_am_amazing> has extracted 3 of IRON_INGOT from a Furnace that's located at X= -40, Y= 6, Z= -82
[2024-03-22 18:01:10] [world] The Player <I_am_amazing> has extracted 1 of IRON_INGOT from a Furnace that's located at X= -41, Y= 8, Z= -82
[2024-03-22 18:01:12] [world] The Player <I_am_amazing> has extracted 1 of GOLD_INGOT from a Furnace that's located at X= -40, Y= 8, Z= -81
[2024-03-22 18:01:14] [world] The Player <I_am_amazing> has extracted 1 of IRON_INGOT from a Furnace that's located at X= -40, Y= 6, Z= -82
[2024-03-22 18:01:16] [world] The Player <I_am_amazing> has extracted 3 of IRON_INGOT from a Furnace that's located at X= -39, Y= 8, Z= -85
[2024-03-22 18:02:21] [world] The Player <I_am_amazing> has extracted 7 of IRON_INGOT from a Furnace that's located at X= -40, Y= 6, Z= -82
[2024-03-22 18:02:23] [world] The Player <I_am_amazing> has extracted 7 of IRON_INGOT from a Furnace that's located at X= -41, Y= 8, Z= -82
[2024-03-22 18:02:24] [world] The Player <I_am_amazing> has extracted 7 of GOLD_INGOT from a Furnace that's located at X= -40, Y= 8, Z= -81
[2024-03-22 18:02:25] [world] The Player <I_am_amazing> has extracted 7 of IRON_INGOT from a Furnace that's located at X= -40, Y= 7, Z= -81
[2024-03-22 18:02:51] [world] The Player <I_am_amazing> has extracted 3 of IRON_INGOT from a Furnace that's located at X= -40, Y= 6, Z= -82
[2024-03-22 18:02:53] [world] The Player <I_am_amazing> has extracted 3 of GOLD_INGOT from a Furnace that's located at X= -40, Y= 8, Z= -81
[2024-03-22 18:02:54] [world] The Player <I_am_amazing> has extracted 3 of IRON_INGOT from a Furnace that's located at X= -40, Y= 7, Z= -81
[2024-03-22 18:02:55] [world] The Player <I_am_amazing> has extracted 3 of IRON_INGOT from a Furnace that's located at X= -41, Y= 8, Z= -82
[2024-03-22 18:03:01] [world] The Player <I_am_amazing> has extracted 1 of GOLD_INGOT from a Furnace that's located at X= -40, Y= 8, Z= -81
[2024-03-22 18:03:02] [world] The Player <I_am_amazing> has extracted 1 of IRON_INGOT from a Furnace that's located at X= -41, Y= 8, Z= -82
[2024-03-22 18:03:09] [world] The Player <I_am_amazing> has extracted 2 of IRON_INGOT from a Furnace that's located at X= -40, Y= 7, Z= -81
[2024-03-22 18:03:12] [world] The Player <I_am_amazing> has extracted 1 of IRON_INGOT from a Furnace that's located at X= -41, Y= 8, Z= -82
[2024-03-22 18:03:15] [world] The Player <I_am_amazing> has extracted 1 of IRON_INGOT from a Furnace that's located at X= -40, Y= 6, Z= -82
[2024-03-22 18:45:52] [world] The Player <qwerty> has extracted 1 of IRON_INGOT from a Furnace that's located at X= -666, Y= 98, Z= -783
[2024-03-22 18:45:59] [world] The Player <qwerty> has extracted 3 of STONE from a Furnace that's located at X= -666, Y= 97, Z= -783
[2024-03-22 19:03:24] [world] The Player <qwerty> has extracted 3 of IRON_INGOT from a Furnace that's located at X= -666, Y= 98, Z= -783
[2024-03-22 19:24:57] [world] The Player <digbick> has extracted 3 of IRON_INGOT from a Furnace that's located at X= -688, Y= 71, Z= 316
[2024-03-22 19:45:08] [world] The Player <digbick> has extracted 4 of IRON_INGOT from a Furnace that's located at X= -688, Y= 71, Z= 316
[2024-03-22 20:27:55] [world] The Player <digbick> has extracted 4 of IRON_INGOT from a Furnace that's located at X= -687, Y= 71, Z= 316
[2024-03-22 20:53:41] [world] The Player <Mudkips_Rule> has extracted 64 of GLASS from a Furnace that's located at X= -1154, Y= 66, Z= -434
[2024-03-22 21:27:59] [world] The Player <Mudkips_Rule> has extracted 64 of GLASS from a Furnace that's located at X= -1151, Y= 66, Z= -434
[2024-03-22 21:57:32] [world] The Player <Marshtomp12345> has extracted 13 of IRON_INGOT from a Furnace that's located at X= -1154, Y= 66, Z= -434
[2024-03-22 23:04:51] [world_nether] The Player <qwerty> has extracted 3 of COOKED_BEEF from a Furnace that's located at X= -158, Y= 75, Z= -196
[2024-03-23 00:08:00] [world] The Player <Marshtomp12345> has extracted 39 of GLASS from a Furnace that's located at X= -1151, Y= 66, Z= -434
[2024-03-23 00:08:05] [world] The Player <Marshtomp12345> has extracted 1 of GLASS from a Furnace that's located at X= -1151, Y= 66, Z= -434
[2024-03-23 00:08:09] [world] The Player <Marshtomp12345> has extracted 40 of GLASS from a Furnace that's located at X= -1154, Y= 66, Z= -434
[2024-03-23 00:25:35] [world_nether] The Player <Heinrich_Himmler> has extracted 3 of IRON_INGOT from a Furnace that's located at X= 12501, Y= 128, Z= 3
[2024-03-23 01:35:20] [world] The Player <NezukoChan> has extracted 21 of IRON_INGOT from a Furnace that's located at X= -10167, Y= 65, Z= 4118
[2024-03-23 04:16:55] [world] The Player <digbick> has extracted 12 of STONE from a Furnace that's located at X= -688, Y= 71, Z= 316
[2024-03-23 04:18:17] [world] The Player <digbick> has extracted 8 of STONE from a Furnace that's located at X= -688, Y= 71, Z= 316
[2024-03-23 04:19:17] [world] The Player <digbick> has extracted 6 of STONE from a Furnace that's located at X= -688, Y= 71, Z= 316
[2024-03-23 04:20:02] [world] The Player <digbick> has extracted 4 of STONE from a Furnace that's located at X= -688, Y= 71, Z= 316
[2024-03-23 04:22:37] [world] The Player <digbick> has extracted 16 of STONE from a Furnace that's located at X= -688, Y= 71, Z= 316
[2024-03-23 04:26:18] [world] The Player <digbick> has extracted 22 of STONE from a Furnace that's located at X= -688, Y= 71, Z= 316
[2024-03-23 04:31:23] [world] The Player <digbick> has extracted 8 of STONE from a Furnace that's located at X= -688, Y= 71, Z= 316
[2024-03-23 04:38:19] [world] The Player <digbick> has extracted 25 of STONE from a Furnace that's located at X= -688, Y= 71, Z= 316
[2024-03-23 04:40:14] [world] The Player <digbick> has extracted 11 of STONE from a Furnace that's located at X= -688, Y= 71, Z= 316
[2024-03-23 04:44:03] [world] The Player <digbick> has extracted 23 of STONE from a Furnace that's located at X= -688, Y= 71, Z= 316
[2024-03-23 11:22:50] [world] The Player <NezukoChan> has extracted 64 of GLASS from a Furnace that's located at X= -10167, Y= 65, Z= 4118
[2024-03-23 11:22:53] [world] The Player <NezukoChan> has extracted 64 of GLASS from a Furnace that's located at X= -10167, Y= 64, Z= 4118
[2024-03-23 11:39:06] [world] The Player <NezukoChan> has extracted 64 of GLASS from a Furnace that's located at X= -10167, Y= 65, Z= 4118
[2024-03-23 11:45:28] [world] The Player <NezukoChan> has extracted 6 of STONE from a Furnace that's located at X= -10167, Y= 65, Z= 4118
[2024-03-23 11:45:47] [world] The Player <NezukoChan> has extracted 1 of STONE from a Furnace that's located at X= -10167, Y= 65, Z= 4118
[2024-03-23 11:45:51] [world] The Player <NezukoChan> has extracted 1 of STONE from a Furnace that's located at X= -10167, Y= 65, Z= 4118
[2024-03-23 11:46:12] [world] The Player <NezukoChan> has extracted 2 of STONE from a Furnace that's located at X= -10167, Y= 65, Z= 4118
[2024-03-23 11:46:27] [world] The Player <NezukoChan> has extracted 1 of STONE from a Furnace that's located at X= -10167, Y= 65, Z= 4118
[2024-03-23 11:46:28] [world] The Player <NezukoChan> has extracted 1 of STONE from a Furnace that's located at X= -10167, Y= 65, Z= 4118
[2024-03-23 11:46:46] [world] The Player <NezukoChan> has extracted 1 of STONE from a Furnace that's located at X= -10167, Y= 65, Z= 4118
[2024-03-23 11:46:48] [world] The Player <NezukoChan> has extracted 1 of STONE from a Furnace that's located at X= -10167, Y= 65, Z= 4118
[2024-03-23 11:46:58] [world] The Player <NezukoChan> has extracted 1 of STONE from a Furnace that's located at X= -10167, Y= 65, Z= 4118
[2024-03-23 11:47:08] [world] The Player <NezukoChan> has extracted 1 of STONE from a Furnace that's located at X= -10167, Y= 65, Z= 4118
[2024-03-23 11:48:20] [world] The Player <NezukoChan> has extracted 7 of STONE from a Furnace that's located at X= -10167, Y= 65, Z= 4118
[2024-03-23 11:52:25] [world] The Player <NezukoChan> has extracted 9 of STONE from a Furnace that's located at X= -10167, Y= 65, Z= 4118
[2024-03-23 11:53:22] [world] The Player <NezukoChan> has extracted 2 of STONE from a Furnace that's located at X= -10167, Y= 65, Z= 4118
[2024-03-23 11:54:03] [world] The Player <NezukoChan> has extracted 4 of STONE from a Furnace that's located at X= -10167, Y= 65, Z= 4118
[2024-03-23 11:54:18] [world] The Player <NezukoChan> has extracted 1 of STONE from a Furnace that's located at X= -10167, Y= 65, Z= 4118
[2024-03-23 11:54:20] [world] The Player <NezukoChan> has extracted 1 of STONE from a Furnace that's located at X= -10167, Y= 65, Z= 4118
[2024-03-23 11:54:31] [world] The Player <NezukoChan> has extracted 1 of STONE from a Furnace that's located at X= -10167, Y= 65, Z= 4118
[2024-03-23 11:54:40] [world] The Player <NezukoChan> has extracted 1 of STONE from a Furnace that's located at X= -10167, Y= 65, Z= 4118
[2024-03-23 15:19:05] [world] The Player <character> has extracted 27 of GLASS from a Furnace that's located at X= -377, Y= 88, Z= -62
[2024-03-23 17:11:51] [world] The Player <Tester> has extracted 3 of STONE from a Furnace that's located at X= -558, Y= 89, Z= 268
[2024-03-23 19:05:51] [world] The Player <Tester> has extracted 6 of STONE from a Furnace that's located at X= -10167, Y= 65, Z= 4118
[2024-03-23 19:06:59] [world] The Player <Tester> has extracted 3 of IRON_INGOT from a Furnace that's located at X= -10167, Y= 65, Z= 4118
[2024-03-23 19:07:01] [world] The Player <Tester> has extracted 4 of IRON_INGOT from a Furnace that's located at X= -10167, Y= 64, Z= 4118
[2024-03-23 19:07:20] [world] The Player <Tester> has extracted 2 of IRON_INGOT from a Furnace that's located at X= -10167, Y= 65, Z= 4118
[2024-03-23 19:07:21] [world] The Player <Tester> has extracted 2 of IRON_INGOT from a Furnace that's located at X= -10167, Y= 64, Z= 4118
[2024-03-23 19:07:37] [world] The Player <Tester> has extracted 2 of IRON_INGOT from a Furnace that's located at X= -10167, Y= 65, Z= 4118
[2024-03-23 19:07:38] [world] The Player <Tester> has extracted 1 of IRON_INGOT from a Furnace that's located at X= -10167, Y= 64, Z= 4118
[2024-03-23 19:07:42] [world] The Player <Tester> has extracted 1 of IRON_INGOT from a Furnace that's located at X= -10167, Y= 64, Z= 4118
[2024-03-23 19:07:46] [world] The Player <Tester> has extracted 1 of IRON_INGOT from a Furnace that's located at X= -10167, Y= 65, Z= 4118
[2024-03-23 19:07:49] [world] The Player <Tester> has extracted 1 of IRON_INGOT from a Furnace that's located at X= -10167, Y= 64, Z= 4118
[2024-03-23 19:08:05] [world] The Player <Tester> has extracted 1 of IRON_INGOT from a Furnace that's located at X= -10167, Y= 65, Z= 4118
[2024-03-23 19:08:06] [world] The Player <Tester> has extracted 1 of IRON_INGOT from a Furnace that's located at X= -10167, Y= 64, Z= 4118
[2024-03-23 19:08:07] [world] The Player <Tester> has extracted 1 of IRON_INGOT from a Furnace that's located at X= -10167, Y= 65, Z= 4118
[2024-03-23 19:10:35] [world] The Player <Tester> has extracted 3 of IRON_INGOT from a Furnace that's located at X= -10167, Y= 65, Z= 4118
[2024-03-23 19:10:36] [world] The Player <Tester> has extracted 3 of IRON_INGOT from a Furnace that's located at X= -10167, Y= 64, Z= 4118
[2024-03-23 19:10:39] [world] The Player <Tester> has extracted 1 of IRON_INGOT from a Furnace that's located at X= -10167, Y= 64, Z= 4118
[2024-03-23 19:10:51] [world] The Player <Tester> has extracted 1 of IRON_INGOT from a Furnace that's located at X= -10167, Y= 65, Z= 4118
[2024-03-23 19:10:53] [world] The Player <Tester> has extracted 1 of IRON_INGOT from a Furnace that's located at X= -10167, Y= 64, Z= 4118
[2024-03-23 19:10:55] [world] The Player <Tester> has extracted 1 of IRON_INGOT from a Furnace that's located at X= -10167, Y= 65, Z= 4118
[2024-03-23 19:13:50] [world] The Player <Tester> has extracted 12 of IRON_INGOT from a Furnace that's located at X= -10167, Y= 65, Z= 4118
[2024-03-23 19:13:51] [world] The Player <Tester> has extracted 13 of IRON_INGOT from a Furnace that's located at X= -10167, Y= 64, Z= 4118
[2024-03-23 19:17:08] [world] The Player <Marshtomp12345> has extracted 24 of GLASS from a Furnace that's located at X= -1154, Y= 66, Z= -434
[2024-03-23 19:17:27] [world] The Player <Marshtomp12345> has extracted 16 of GLASS from a Furnace that's located at X= -1151, Y= 66, Z= -434
[2024-03-23 19:19:11] [world] The Player <Marshtomp12345> has extracted 10 of IRON_INGOT from a Furnace that's located at X= -1154, Y= 66, Z= -434
[2024-03-23 19:19:14] [world] The Player <Marshtomp12345> has extracted 10 of IRON_INGOT from a Furnace that's located at X= -1151, Y= 66, Z= -434
[2024-03-23 19:20:03] [world] The Player <Marshtomp12345> has extracted 5 of IRON_INGOT from a Furnace that's located at X= -1154, Y= 66, Z= -434
[2024-03-23 19:20:04] [world] The Player <Marshtomp12345> has extracted 1 of IRON_INGOT from a Furnace that's located at X= -1154, Y= 66, Z= -434
[2024-03-23 19:20:08] [world] The Player <Marshtomp12345> has extracted 6 of IRON_INGOT from a Furnace that's located at X= -1151, Y= 66, Z= -434
[2024-03-24 01:56:27] [world] The Player <Tester> has extracted 4 of IRON_INGOT from a Furnace that's located at X= -9964, Y= 30, Z= 4101
[2024-03-24 01:56:49] [world] The Player <Tester> has extracted 2 of IRON_INGOT from a Furnace that's located at X= -9964, Y= 30, Z= 4101
[2024-03-24 01:56:50] [world] The Player <Tester> has extracted 1 of IRON_INGOT from a Furnace that's located at X= -9964, Y= 30, Z= 4101
[2024-03-24 01:57:32] [world] The Player <Tester> has extracted 4 of IRON_INGOT from a Furnace that's located at X= -9964, Y= 30, Z= 4101
[2024-03-24 01:57:39] [world] The Player <Tester> has extracted 1 of IRON_INGOT from a Furnace that's located at X= -9964, Y= 30, Z= 4101
[2024-03-24 01:58:07] [world] The Player <Tester> has extracted 1 of IRON_INGOT from a Furnace that's located at X= -9964, Y= 30, Z= 4102
[2024-03-24 01:58:08] [world] The Player <Tester> has extracted 2 of IRON_INGOT from a Furnace that's located at X= -9964, Y= 30, Z= 4101
[2024-03-24 02:00:43] [world] The Player <Tester> has extracted 6 of IRON_INGOT from a Furnace that's located at X= -9964, Y= 30, Z= 4101
[2024-03-24 02:00:44] [world] The Player <Tester> has extracted 5 of IRON_INGOT from a Furnace that's located at X= -9964, Y= 30, Z= 4102
[2024-03-24 02:01:08] [world] The Player <Tester> has extracted 3 of IRON_INGOT from a Furnace that's located at X= -9964, Y= 30, Z= 4102
[2024-03-24 02:01:09] [world] The Player <Tester> has extracted 3 of IRON_INGOT from a Furnace that's located at X= -9964, Y= 30, Z= 4101
[2024-03-24 02:01:15] [world] The Player <Tester> has extracted 1 of IRON_INGOT from a Furnace that's located at X= -9964, Y= 30, Z= 4102
[2024-03-24 02:01:25] [world] The Player <Tester> has extracted 1 of IRON_INGOT from a Furnace that's located at X= -9964, Y= 30, Z= 4102
[2024-03-24 02:01:26] [world] The Player <Tester> has extracted 1 of IRON_INGOT from a Furnace that's located at X= -9964, Y= 30, Z= 4101
[2024-03-24 02:02:10] [world] The Player <Tester> has extracted 4 of IRON_INGOT from a Furnace that's located at X= -9964, Y= 30, Z= 4102
[2024-03-24 02:02:11] [world] The Player <Tester> has extracted 5 of IRON_INGOT from a Furnace that's located at X= -9964, Y= 30, Z= 4101
[2024-03-24 02:02:15] [world] The Player <Tester> has extracted 1 of IRON_INGOT from a Furnace that's located at X= -9964, Y= 30, Z= 4102
[2024-03-24 02:03:55] [world] The Player <Tester> has extracted 10 of IRON_INGOT from a Furnace that's located at X= -9964, Y= 30, Z= 4101
[2024-03-24 02:03:57] [world] The Player <Tester> has extracted 10 of IRON_INGOT from a Furnace that's located at X= -9964, Y= 30, Z= 4102
[2024-03-24 02:06:42] [world] The Player <Tester> has extracted 17 of IRON_INGOT from a Furnace that's located at X= -9964, Y= 30, Z= 4101
[2024-03-24 02:07:25] [world] The Player <Tester> has extracted 4 of IRON_INGOT from a Furnace that's located at X= -9964, Y= 30, Z= 4101
[2024-03-24 02:08:12] [world] The Player <Tester> has extracted 5 of IRON_INGOT from a Furnace that's located at X= -9964, Y= 30, Z= 4101
[2024-03-24 12:37:07] [world] The Player <Brycethelegend> has extracted 16 of IRON_INGOT from a Furnace that's located at X= -1151, Y= 66, Z= -434
[2024-03-24 12:37:12] [world] The Player <Brycethelegend> has extracted 16 of IRON_INGOT from a Furnace that's located at X= -1154, Y= 66, Z= -434
[2024-03-24 12:55:03] [world] The Player <SPADE> has extracted 12 of IRON_INGOT from a Furnace that's located at X= -666, Y= 98, Z= -783
[2024-03-24 12:57:03] [world] The Player <SPADE> has extracted 5 of IRON_INGOT from a Furnace that's located at X= -666, Y= 98, Z= -783
[2024-03-24 13:08:29] [world] The Player <SPADE> has extracted 4 of IRON_INGOT from a Furnace that's located at X= -666, Y= 98, Z= -783
[2024-03-24 13:14:22] [world] The Player <SPADE> has extracted 34 of STONE from a Furnace that's located at X= -666, Y= 97, Z= -783
[2024-03-24 13:19:02] [world] The Player <SPADE> has extracted 2 of IRON_INGOT from a Furnace that's located at X= -666, Y= 98, Z= -783
[2024-03-24 13:19:17] [world] The Player <SPADE> has extracted 30 of STONE from a Furnace that's located at X= -666, Y= 97, Z= -783
[2024-03-24 13:21:23] [world] The Player <SPADE> has extracted 12 of STONE from a Furnace that's located at X= -666, Y= 97, Z= -783
[2024-03-24 14:19:10] [world_the_end] The Player <Heinrich_Himmler> has extracted 16 of IRON_INGOT from a Furnace that's located at X= -14, Y= 62, Z= -68
[2024-03-24 14:21:54] [world_the_end] The Player <Heinrich_Himmler> has extracted 6 of GOLD_INGOT from a Furnace that's located at X= -14, Y= 62, Z= -68
[2024-03-24 14:23:26] [world_the_end] The Player <Heinrich_Himmler> has extracted 6 of GOLD_INGOT from a Furnace that's located at X= -14, Y= 62, Z= -68
[2024-03-24 14:26:53] [world_the_end] The Player <Heinrich_Himmler> has extracted 6 of GOLD_INGOT from a Furnace that's located at X= -14, Y= 62, Z= -68
[2024-03-24 15:18:54] [world_the_end] The Player <Heinrich_Himmler> has extracted 1 of STONE from a Furnace that's located at X= -14, Y= 62, Z= -68
[2024-03-24 19:59:44] [world_the_end] The Player <GolemDaWanderer> has extracted 6 of GOLD_INGOT from a Furnace that's located at X= -14, Y= 62, Z= -68
[2024-03-24 20:02:16] [world_the_end] The Player <GolemDaWanderer> has extracted 2 of GOLD_INGOT from a Furnace that's located at X= -14, Y= 62, Z= -68
[2024-03-24 20:17:55] [world] The Player <xcpc> has extracted 1 of COOKED_MUTTON from a Furnace that's located at X= -705, Y= 67, Z= 519
[2024-03-24 20:18:57] [world] The Player <xcpc> has extracted 1 of COOKED_MUTTON from a Furnace that's located at X= -705, Y= 67, Z= 519
[2024-03-24 20:19:09] [world] The Player <xcpc> has extracted 1 of GRILLED_PORK from a Furnace that's located at X= -705, Y= 67, Z= 519
[2024-03-24 20:19:38] [world] The Player <xcpc> has extracted 1 of GRILLED_PORK from a Furnace that's located at X= -705, Y= 67, Z= 519
