[2024-03-17 22:33:44] [world] The Player <TurtleDuck> has dropped 1 of WOOL at X= -578, Y= 69, Z= 281 that had [] enchantment(s) |  
[2024-03-17 22:34:01] [world] The Player <TurtleDuck> has dropped 1 of WOOL at X= -579, Y= 69, Z= 283 that had [] enchantment(s) |  
[2024-03-17 22:34:06] [world] The Player <TurtleDuck> has dropped 1 of WOOL at X= -580, Y= 72, Z= 285 that had [] enchantment(s) |  
[2024-03-17 22:39:30] [world] The Player <Tester> has dropped 1 of MONSTER EGG at X= -10175, Y= 64, Z= 4112 that had [] enchantment(s) |  
[2024-03-17 22:39:30] [world] The Player <Tester> has dropped 1 of MONSTER EGG at X= -10175, Y= 64, Z= 4112 that had [] enchantment(s) |  
[2024-03-17 22:39:31] [world] The Player <Tester> has dropped 1 of MONSTER EGG at X= -10175, Y= 64, Z= 4112 that had [] enchantment(s) |  
[2024-03-17 22:39:32] [world] The Player <Tester> has dropped 60 of MONSTER EGG at X= -10175, Y= 64, Z= 4112 that had [] enchantment(s) |  
[2024-03-17 22:40:53] [world] The Player <TurtleDuck> has dropped 23 of REDSTONE at X= 3987, Y= 66, Z= -1851 that had [] enchantment(s) |  
[2024-03-17 22:41:29] [world] The Player <Tester> has dropped 62 of MONSTER EGG at X= -10186, Y= 64, Z= 4109 that had [] enchantment(s) |  
[2024-03-17 22:43:06] [world_the_end] The Player <Brycethelegend> has dropped 1 of SPIDER EYE at X= 69, Y= 56, Z= -12 that had [] enchantment(s) |  
[2024-03-17 22:43:07] [world_the_end] The Player <Brycethelegend> has dropped 1 of SPIDER EYE at X= 69, Y= 56, Z= -12 that had [] enchantment(s) |  
[2024-03-17 22:43:07] [world_the_end] The Player <Brycethelegend> has dropped 1 of SPIDER EYE at X= 69, Y= 56, Z= -12 that had [] enchantment(s) |  
[2024-03-17 22:44:54] [world] The Player <TurtleDuck> has dropped 1 of DIAMOND LEGGINGS at X= 3972, Y= 65, Z= -1849 that had [] enchantment(s) |  
[2024-03-17 22:45:00] [world] The Player <TurtleDuck> has dropped 1 of DIAMOND CHESTPLATE at X= 3972, Y= 65, Z= -1849 that had [] enchantment(s) |  
[2024-03-17 22:45:12] [world] The Player <TurtleDuck> has dropped 1 of SAND at X= 3975, Y= 65, Z= -1850 that had [] enchantment(s) |  
[2024-03-17 22:46:36] [world] The Player <Brycethelegend> has dropped 29 of IRON INGOT at X= -1592, Y= 13, Z= -210 that had [] enchantment(s) |  
[2024-03-17 22:46:57] [world] The Player <Brycethelegend> has dropped 1 of STICK at X= -1593, Y= 13, Z= -209 that had [] enchantment(s) |  
[2024-03-17 22:47:15] [world] The Player <Brycethelegend> has dropped 2 of STICK at X= -1593, Y= 13, Z= -209 that had [] enchantment(s) |  
[2024-03-17 22:48:15] [world] The Player <Brycethelegend> has dropped 1 of STICK at X= -1593, Y= 13, Z= -208 that had [] enchantment(s) |  
[2024-03-17 22:48:26] [world] The Player <TurtleDuck> has dropped 1 of PISTON STICKY BASE at X= 4007, Y= 67, Z= -1837 that had [] enchantment(s) |  
[2024-03-17 22:48:26] [world] The Player <Brycethelegend> has dropped 1 of ANVIL at X= -1593, Y= 13, Z= -208 that had [] enchantment(s) |  
[2024-03-17 22:48:28] [world] The Player <Brycethelegend> has dropped 1 of STICK at X= -1593, Y= 13, Z= -208 that had [] enchantment(s) |  
[2024-03-17 22:48:32] [world] The Player <TurtleDuck> has dropped 1 of STONE at X= 4007, Y= 67, Z= -1837 that had [] enchantment(s) |  
[2024-03-17 22:48:35] [world] The Player <TurtleDuck> has dropped 1 of SAND at X= 4007, Y= 67, Z= -1837 that had [] enchantment(s) |  
[2024-03-17 22:48:35] [world] The Player <Brycethelegend> has dropped 1 of STICK at X= -1587, Y= 12, Z= -210 that had [] enchantment(s) |  
[2024-03-17 22:48:36] [world] The Player <TurtleDuck> has dropped 1 of LAVA BUCKET at X= 4007, Y= 67, Z= -1837 that had [] enchantment(s) |  
[2024-03-17 22:48:38] [world] The Player <TurtleDuck> has dropped 1 of LEASH at X= 4007, Y= 67, Z= -1837 that had [] enchantment(s) |  
[2024-03-17 22:48:42] [world] The Player <TurtleDuck> has dropped 1 of LEASH at X= 4007, Y= 67, Z= -1837 that had [] enchantment(s) |  
[2024-03-17 22:48:42] [world] The Player <TurtleDuck> has dropped 1 of LEASH at X= 4007, Y= 67, Z= -1837 that had [] enchantment(s) |  
[2024-03-17 22:48:43] [world] The Player <TurtleDuck> has dropped 1 of LEASH at X= 4007, Y= 67, Z= -1837 that had [] enchantment(s) |  
[2024-03-17 22:48:43] [world] The Player <TurtleDuck> has dropped 1 of LEASH at X= 4007, Y= 67, Z= -1837 that had [] enchantment(s) |  
[2024-03-17 22:48:43] [world] The Player <TurtleDuck> has dropped 1 of LEASH at X= 4007, Y= 67, Z= -1837 that had [] enchantment(s) |  
[2024-03-17 22:48:43] [world] The Player <TurtleDuck> has dropped 1 of LEASH at X= 4007, Y= 67, Z= -1837 that had [] enchantment(s) |  
[2024-03-17 22:48:44] [world] The Player <TurtleDuck> has dropped 1 of LEASH at X= 4007, Y= 67, Z= -1837 that had [] enchantment(s) |  
[2024-03-17 22:48:44] [world] The Player <TurtleDuck> has dropped 1 of LEASH at X= 4007, Y= 67, Z= -1837 that had [] enchantment(s) |  
[2024-03-17 22:48:44] [world] The Player <TurtleDuck> has dropped 1 of LEASH at X= 4007, Y= 67, Z= -1837 that had [] enchantment(s) |  
[2024-03-17 22:48:44] [world] The Player <TurtleDuck> has dropped 1 of LEASH at X= 4007, Y= 67, Z= -1837 that had [] enchantment(s) |  
[2024-03-17 22:48:45] [world] The Player <TurtleDuck> has dropped 1 of LEASH at X= 4007, Y= 67, Z= -1837 that had [] enchantment(s) |  
[2024-03-17 22:48:45] [world] The Player <TurtleDuck> has dropped 1 of LEASH at X= 4007, Y= 67, Z= -1837 that had [] enchantment(s) |  
[2024-03-17 22:48:45] [world] The Player <TurtleDuck> has dropped 1 of LEASH at X= 4007, Y= 67, Z= -1837 that had [] enchantment(s) |  
[2024-03-17 22:48:45] [world] The Player <TurtleDuck> has dropped 1 of LEASH at X= 4007, Y= 67, Z= -1837 that had [] enchantment(s) |  
[2024-03-17 22:48:45] [world] The Player <TurtleDuck> has dropped 1 of LEASH at X= 4007, Y= 67, Z= -1837 that had [] enchantment(s) |  
[2024-03-17 22:48:45] [world] The Player <TurtleDuck> has dropped 1 of LEASH at X= 4007, Y= 67, Z= -1837 that had [] enchantment(s) |  
[2024-03-17 22:48:46] [world] The Player <TurtleDuck> has dropped 1 of LEASH at X= 4007, Y= 67, Z= -1837 that had [] enchantment(s) |  
[2024-03-17 22:48:46] [world] The Player <TurtleDuck> has dropped 1 of LEASH at X= 4007, Y= 67, Z= -1837 that had [] enchantment(s) |  
[2024-03-17 22:48:46] [world] The Player <TurtleDuck> has dropped 1 of LEASH at X= 4007, Y= 67, Z= -1837 that had [] enchantment(s) |  
[2024-03-17 22:48:46] [world] The Player <TurtleDuck> has dropped 1 of LEASH at X= 4007, Y= 67, Z= -1837 that had [] enchantment(s) |  
[2024-03-17 22:48:46] [world] The Player <TurtleDuck> has dropped 1 of LEASH at X= 4007, Y= 67, Z= -1837 that had [] enchantment(s) |  
[2024-03-17 22:48:47] [world] The Player <TurtleDuck> has dropped 1 of LEASH at X= 4007, Y= 67, Z= -1837 that had [] enchantment(s) |  
[2024-03-17 22:48:47] [world] The Player <TurtleDuck> has dropped 1 of LEASH at X= 4007, Y= 67, Z= -1837 that had [] enchantment(s) |  
[2024-03-17 22:48:47] [world] The Player <TurtleDuck> has dropped 1 of LEASH at X= 4007, Y= 67, Z= -1837 that had [] enchantment(s) |  
[2024-03-17 22:48:47] [world] The Player <TurtleDuck> has dropped 1 of LEASH at X= 4007, Y= 67, Z= -1837 that had [] enchantment(s) |  
[2024-03-17 22:48:47] [world] The Player <TurtleDuck> has dropped 1 of LEASH at X= 4007, Y= 67, Z= -1837 that had [] enchantment(s) |  
[2024-03-17 22:48:48] [world] The Player <TurtleDuck> has dropped 1 of LEASH at X= 4007, Y= 67, Z= -1837 that had [] enchantment(s) |  
[2024-03-17 22:48:48] [world] The Player <TurtleDuck> has dropped 1 of LEASH at X= 4007, Y= 67, Z= -1837 that had [] enchantment(s) |  
[2024-03-17 22:48:48] [world] The Player <TurtleDuck> has dropped 1 of LEASH at X= 4007, Y= 67, Z= -1837 that had [] enchantment(s) |  
[2024-03-17 22:48:49] [world] The Player <TurtleDuck> has dropped 1 of LEASH at X= 4007, Y= 67, Z= -1837 that had [] enchantment(s) |  
[2024-03-17 22:48:53] [world] The Player <TurtleDuck> has dropped 1 of GOLDEN CARROT at X= 4007, Y= 67, Z= -1837 that had [] enchantment(s) |  
[2024-03-17 22:48:53] [world] The Player <TurtleDuck> has dropped 1 of GOLDEN CARROT at X= 4007, Y= 67, Z= -1837 that had [] enchantment(s) |  
[2024-03-17 22:48:53] [world] The Player <TurtleDuck> has dropped 1 of GOLDEN CARROT at X= 4007, Y= 67, Z= -1837 that had [] enchantment(s) |  
[2024-03-17 22:48:53] [world] The Player <TurtleDuck> has dropped 1 of GOLDEN CARROT at X= 4007, Y= 67, Z= -1837 that had [] enchantment(s) |  
[2024-03-17 22:48:53] [world] The Player <TurtleDuck> has dropped 1 of GOLDEN CARROT at X= 4007, Y= 67, Z= -1837 that had [] enchantment(s) |  
[2024-03-17 22:48:54] [world] The Player <TurtleDuck> has dropped 1 of GOLDEN CARROT at X= 4007, Y= 67, Z= -1837 that had [] enchantment(s) |  
[2024-03-17 22:48:54] [world] The Player <TurtleDuck> has dropped 1 of GOLDEN CARROT at X= 4007, Y= 67, Z= -1837 that had [] enchantment(s) |  
[2024-03-17 22:48:54] [world] The Player <TurtleDuck> has dropped 1 of GOLDEN CARROT at X= 4007, Y= 67, Z= -1837 that had [] enchantment(s) |  
[2024-03-17 22:48:55] [world] The Player <TurtleDuck> has dropped 1 of GOLDEN CARROT at X= 4007, Y= 67, Z= -1837 that had [] enchantment(s) |  
[2024-03-17 22:48:55] [world] The Player <TurtleDuck> has dropped 1 of GOLDEN CARROT at X= 4007, Y= 67, Z= -1837 that had [] enchantment(s) |  
[2024-03-17 22:48:56] [world] The Player <TurtleDuck> has dropped 1 of GOLDEN CARROT at X= 4007, Y= 67, Z= -1837 that had [] enchantment(s) |  
[2024-03-17 22:48:56] [world] The Player <TurtleDuck> has dropped 1 of GOLDEN CARROT at X= 4007, Y= 67, Z= -1837 that had [] enchantment(s) |  
[2024-03-17 22:48:57] [world] The Player <TurtleDuck> has dropped 1 of GOLDEN CARROT at X= 4007, Y= 67, Z= -1837 that had [] enchantment(s) |  
[2024-03-17 22:49:53] [world] The Player <Heinrich_Himmler> has dropped 1 of BOW at X= -571, Y= 70, Z= 316 that had [] enchantment(s) |  
[2024-03-17 22:51:12] [world] The Player <Tester> has dropped 55 of GOLDEN APPLE at X= -10172, Y= 65, Z= 4118 that had [] enchantment(s) |  
[2024-03-17 22:53:14] [world] The Player <TurtleDuck> has dropped 1 of SPRUCE FENCE at X= 3996, Y= 71, Z= -1837 that had [] enchantment(s) |  
[2024-03-17 22:53:35] [world] The Player <bagelz> has dropped 55 of IRON INGOT at X= 1044, Y= 76, Z= 2354 that had [] enchantment(s) |  
[2024-03-17 22:53:35] [world] The Player <TurtleDuck> has dropped 1 of REDSTONE LAMP OFF at X= 3995, Y= 72, Z= -1836 that had [] enchantment(s) |  
[2024-03-17 22:54:00] [world] The Player <TurtleDuck> has dropped 1 of REDSTONE BLOCK at X= 3993, Y= 72, Z= -1839 that had [] enchantment(s) |  
[2024-03-17 22:54:30] [world] The Player <Tester> has dropped 1 of WOOL at X= -10190, Y= 64, Z= 4101 that had [] enchantment(s) | ยง8End Portal Block Placer
[2024-03-17 22:54:43] [world_the_end] The Player <Brycethelegend> has dropped 3 of SPIDER EYE at X= 73, Y= 53, Z= 0 that had [] enchantment(s) |  
[2024-03-17 22:54:49] [world] The Player <Tester> has dropped 1 of ENDER PORTAL FRAME at X= -10192, Y= 64, Z= 4100 that had [] enchantment(s) |  
[2024-03-17 22:54:50] [world] The Player <NezukoChan> has dropped 1 of WOOL at X= -10190, Y= 64, Z= 4100 that had [] enchantment(s) | ยง8End Portal Block Placer
[2024-03-17 22:54:52] [world] The Player <Tester> has dropped 1 of ENDER PORTAL FRAME at X= -10192, Y= 64, Z= 4099 that had [] enchantment(s) |  
[2024-03-17 22:56:00] [world] The Player <TurtleDuck> has dropped 1 of SADDLE at X= 3994, Y= 68, Z= -1833 that had [] enchantment(s) |  
[2024-03-17 22:56:05] [world] The Player <TurtleDuck> has dropped 1 of SADDLE at X= 3991, Y= 67, Z= -1833 that had [] enchantment(s) |  
[2024-03-17 22:56:20] [world] The Player <TurtleDuck> has dropped 1 of SADDLE at X= 3986, Y= 68, Z= -1834 that had [] enchantment(s) |  
[2024-03-17 22:59:43] [world] The Player <Brycethelegend> has dropped 23 of IRON INGOT at X= -1594, Y= 14, Z= -209 that had [] enchantment(s) |  
[2024-03-17 22:59:57] [world] The Player <Brycethelegend> has dropped 15 of IRON INGOT at X= -1594, Y= 14, Z= -208 that had [] enchantment(s) |  
[2024-03-17 23:00:08] [world] The Player <TurtleDuck> has dropped 1 of LAVA BUCKET at X= 4002, Y= 66, Z= -1865 that had [] enchantment(s) |  
[2024-03-17 23:00:10] [world] The Player <Brycethelegend> has dropped 1 of IRON LEGGINGS at X= -1594, Y= 14, Z= -208 that had [] enchantment(s) |  
[2024-03-17 23:00:17] [world] The Player <TurtleDuck> has dropped 2 of LEASH at X= 4002, Y= 66, Z= -1865 that had [] enchantment(s) |  
[2024-03-17 23:00:18] [world] The Player <Brycethelegend> has dropped 1 of IRON HELMET at X= -1594, Y= 14, Z= -208 that had [] enchantment(s) |  
[2024-03-17 23:00:19] [world] The Player <Tester> has dropped 48 of WOOD SWORD at X= -10178, Y= 64, Z= 4112 that had [] enchantment(s) |  
[2024-03-17 23:00:20] [world] The Player <Brycethelegend> has dropped 2 of IRON INGOT at X= -1594, Y= 14, Z= -208 that had [] enchantment(s) |  
[2024-03-17 23:00:20] [world] The Player <Brycethelegend> has dropped 1 of IRON INGOT at X= -1594, Y= 14, Z= -208 that had [] enchantment(s) |  
[2024-03-17 23:00:22] [world] The Player <Tester> has dropped 64 of WOOD SWORD at X= -10178, Y= 64, Z= 4110 that had [] enchantment(s) |  
[2024-03-17 23:00:28] [world] The Player <Brycethelegend> has dropped 9 of ENDER STONE at X= -1594, Y= 14, Z= -208 that had [] enchantment(s) |  
[2024-03-17 23:00:28] [world] The Player <NezukoChan> has dropped 64 of WOOD SWORD at X= -10177, Y= 61, Z= 4120 that had [] enchantment(s) |  
[2024-03-17 23:00:29] [world] The Player <NezukoChan> has dropped 64 of WOOD SWORD at X= -10177, Y= 61, Z= 4120 that had [] enchantment(s) |  
[2024-03-17 23:00:36] [world] The Player <Tester> has dropped 1 of WOOD SWORD at X= -10179, Y= 64, Z= 4109 that had [] enchantment(s) |  
[2024-03-17 23:00:37] [world] The Player <Brycethelegend> has dropped 9 of ENDER STONE at X= -1587, Y= 12, Z= -210 that had [] enchantment(s) |  
[2024-03-17 23:00:42] [world] The Player <TurtleDuck> has dropped 1 of MONSTER EGG at X= 3974, Y= 69, Z= -1872 that had [] enchantment(s) |  
[2024-03-17 23:01:12] [world] The Player <Brycethelegend> has dropped 8 of INK SACK at X= -1593, Y= 13, Z= -209 that had [] enchantment(s) |  
[2024-03-17 23:01:18] [world] The Player <Brycethelegend> has dropped 1 of FURNACE at X= -1593, Y= 13, Z= -209 that had [] enchantment(s) |  
[2024-03-17 23:01:24] [world] The Player <Brycethelegend> has dropped 8 of INK SACK at X= -1586, Y= 12, Z= -210 that had [] enchantment(s) |  
[2024-03-17 23:01:25] [world] The Player <TurtleDuck> has dropped 1 of MONSTER EGG at X= 3973, Y= 65, Z= -1862 that had [] enchantment(s) |  
[2024-03-17 23:01:34] [world] The Player <Brycethelegend> has dropped 1 of GOLD BARDING at X= -1586, Y= 12, Z= -210 that had [] enchantment(s) |  
[2024-03-17 23:01:39] [world] The Player <Brycethelegend> has dropped 26 of RAW BEEF at X= -1586, Y= 12, Z= -210 that had [] enchantment(s) |  
[2024-03-17 23:01:52] [world] The Player <Brycethelegend> has dropped 1 of FURNACE at X= -1586, Y= 12, Z= -210 that had [] enchantment(s) |  
[2024-03-17 23:02:08] [world] The Player <Brycethelegend> has dropped 3 of GRAVEL at X= -1583, Y= 13, Z= -202 that had [] enchantment(s) |  
[2024-03-17 23:02:20] [world] The Player <Tester> has dropped 1 of WOOD SWORD at X= -10167, Y= 65, Z= 4117 that had [] enchantment(s) |  
[2024-03-17 23:02:41] [world] The Player <TurtleDuck> has dropped 1 of SPRUCE FENCE at X= 4011, Y= 63, Z= -1867 that had [] enchantment(s) |  
[2024-03-17 23:03:34] [world] The Player <Tester> has dropped 1 of WOOD SWORD at X= -10177, Y= 64, Z= 4113 that had [] enchantment(s) |  
[2024-03-17 23:03:35] [world] The Player <Tester> has dropped 1 of WOOD SWORD at X= -10177, Y= 64, Z= 4113 that had [] enchantment(s) |  
[2024-03-17 23:03:36] [world] The Player <Tester> has dropped 1 of WOOD SWORD at X= -10177, Y= 64, Z= 4113 that had [] enchantment(s) |  
[2024-03-17 23:03:38] [world] The Player <Tester> has dropped 1 of WOOD SWORD at X= -10177, Y= 64, Z= 4113 that had [] enchantment(s) |  
[2024-03-17 23:03:39] [world] The Player <Tester> has dropped 1 of WOOD SWORD at X= -10177, Y= 64, Z= 4113 that had [] enchantment(s) |  
[2024-03-17 23:03:41] [world] The Player <Tester> has dropped 1 of WOOD SWORD at X= -10177, Y= 64, Z= 4113 that had [] enchantment(s) |  
[2024-03-17 23:03:42] [world] The Player <Tester> has dropped 1 of WOOD SWORD at X= -10177, Y= 64, Z= 4113 that had [] enchantment(s) |  
[2024-03-17 23:03:46] [world] The Player <Tester> has dropped 1 of WOOD SWORD at X= -10177, Y= 64, Z= 4113 that had [] enchantment(s) |  
[2024-03-17 23:03:47] [world] The Player <Tester> has dropped 1 of WOOD SWORD at X= -10177, Y= 64, Z= 4113 that had [] enchantment(s) |  
[2024-03-17 23:03:48] [world] The Player <Tester> has dropped 1 of WOOD SWORD at X= -10177, Y= 64, Z= 4113 that had [] enchantment(s) |  
[2024-03-17 23:03:49] [world] The Player <Tester> has dropped 1 of WOOD SWORD at X= -10177, Y= 64, Z= 4113 that had [] enchantment(s) |  
[2024-03-17 23:03:51] [world] The Player <Tester> has dropped 1 of WOOD SWORD at X= -10177, Y= 64, Z= 4113 that had [] enchantment(s) |  
[2024-03-17 23:03:54] [world] The Player <Tester> has dropped 1 of WOOD SWORD at X= -10177, Y= 64, Z= 4113 that had [] enchantment(s) |  
[2024-03-17 23:03:55] [world] The Player <Tester> has dropped 1 of WOOD SWORD at X= -10177, Y= 64, Z= 4113 that had [] enchantment(s) |  
[2024-03-17 23:03:56] [world] The Player <Tester> has dropped 1 of WOOD SWORD at X= -10177, Y= 64, Z= 4113 that had [] enchantment(s) |  
[2024-03-17 23:04:52] [world] The Player <TurtleDuck> has dropped 1 of MONSTER EGG at X= 4010, Y= 66, Z= -1864 that had [] enchantment(s) |  
[2024-03-17 23:04:54] [world] The Player <NezukoChan> has dropped 1 of WOOD SWORD at X= -10180, Y= 61, Z= 4120 that had [] enchantment(s) |  
[2024-03-17 23:05:00] [world] The Player <Tester> has dropped 1 of WOOD SWORD at X= -10177, Y= 61, Z= 4118 that had [] enchantment(s) |  
[2024-03-17 23:05:02] [world] The Player <bagelz> has dropped 1 of SEEDS at X= 953, Y= 76, Z= 2363 that had [] enchantment(s) |  
[2024-03-17 23:05:21] [world_nether] The Player <Brycethelegend> has dropped 1 of GOLD SWORD at X= -15, Y= 36, Z= 99 that had [Sharpness 2] enchantment(s) |  
[2024-03-17 23:05:35] [world] The Player <NezukoChan> has dropped 5 of NETHERRACK at X= -10180, Y= 61, Z= 4120 that had [] enchantment(s) |  
[2024-03-17 23:06:26] [world] The Player <TurtleDuck> has dropped 1 of BONE at X= 3998, Y= 68, Z= -1844 that had [] enchantment(s) |  
[2024-03-17 23:06:54] [world] The Player <NezukoChan> has dropped 4 of DIRT at X= 9989, Y= 69, Z= -9994 that had [] enchantment(s) |  
[2024-03-17 23:12:11] [world] The Player <Brycethelegend> has dropped 1 of FLINT AND STEEL at X= -554, Y= 80, Z= 375 that had [] enchantment(s) |  
[2024-03-17 23:13:26] [world_nether] The Player <NezukoChan> has dropped 12 of NETHERRACK at X= -1264, Y= 129, Z= 501 that had [] enchantment(s) |  
[2024-03-17 23:14:04] [world] The Player <Brycethelegend> has dropped 2 of LOG 2 at X= -615, Y= 71, Z= 506 that had [] enchantment(s) |  
[2024-03-17 23:14:18] [world] The Player <Brycethelegend> has dropped 3 of WOOD at X= -615, Y= 71, Z= 506 that had [] enchantment(s) |  
[2024-03-17 23:14:20] [world_nether] The Player <NezukoChan> has dropped 1 of NETHERRACK at X= -1267, Y= 130, Z= 501 that had [] enchantment(s) |  
[2024-03-17 23:14:20] [world_nether] The Player <NezukoChan> has dropped 1 of NETHERRACK at X= -1267, Y= 130, Z= 501 that had [] enchantment(s) |  
[2024-03-17 23:14:20] [world_nether] The Player <NezukoChan> has dropped 1 of NETHERRACK at X= -1267, Y= 130, Z= 501 that had [] enchantment(s) |  
[2024-03-17 23:14:21] [world_nether] The Player <NezukoChan> has dropped 1 of NETHERRACK at X= -1267, Y= 130, Z= 501 that had [] enchantment(s) |  
[2024-03-17 23:14:21] [world_nether] The Player <NezukoChan> has dropped 1 of NETHERRACK at X= -1267, Y= 130, Z= 501 that had [] enchantment(s) |  
[2024-03-17 23:14:21] [world_nether] The Player <NezukoChan> has dropped 1 of NETHERRACK at X= -1267, Y= 130, Z= 501 that had [] enchantment(s) |  
[2024-03-17 23:14:21] [world_nether] The Player <NezukoChan> has dropped 1 of NETHERRACK at X= -1267, Y= 130, Z= 501 that had [] enchantment(s) |  
[2024-03-17 23:14:22] [world_nether] The Player <NezukoChan> has dropped 1 of NETHERRACK at X= -1267, Y= 130, Z= 501 that had [] enchantment(s) |  
[2024-03-17 23:14:31] [world] The Player <Brycethelegend> has dropped 1 of RED MUSHROOM at X= -620, Y= 65, Z= 537 that had [] enchantment(s) |  
[2024-03-17 23:14:31] [world] The Player <Brycethelegend> has dropped 1 of RED MUSHROOM at X= -620, Y= 65, Z= 537 that had [] enchantment(s) |  
[2024-03-17 23:14:32] [world] The Player <Brycethelegend> has dropped 1 of RED MUSHROOM at X= -620, Y= 65, Z= 537 that had [] enchantment(s) |  
[2024-03-17 23:14:32] [world] The Player <Brycethelegend> has dropped 1 of RED MUSHROOM at X= -620, Y= 65, Z= 537 that had [] enchantment(s) |  
[2024-03-17 23:14:32] [world] The Player <Brycethelegend> has dropped 1 of RED MUSHROOM at X= -620, Y= 65, Z= 537 that had [] enchantment(s) |  
[2024-03-17 23:14:32] [world] The Player <Brycethelegend> has dropped 1 of RED MUSHROOM at X= -620, Y= 65, Z= 537 that had [] enchantment(s) |  
[2024-03-17 23:14:32] [world] The Player <Brycethelegend> has dropped 1 of RED MUSHROOM at X= -620, Y= 65, Z= 537 that had [] enchantment(s) |  
[2024-03-17 23:14:33] [world] The Player <Brycethelegend> has dropped 1 of RED MUSHROOM at X= -620, Y= 65, Z= 537 that had [] enchantment(s) |  
[2024-03-17 23:14:33] [world] The Player <Brycethelegend> has dropped 1 of RED MUSHROOM at X= -620, Y= 65, Z= 537 that had [] enchantment(s) |  
[2024-03-17 23:14:33] [world] The Player <Brycethelegend> has dropped 1 of RED MUSHROOM at X= -620, Y= 65, Z= 537 that had [] enchantment(s) |  
[2024-03-17 23:14:35] [world] The Player <TurtleDuck> has dropped 1 of RABBIT HIDE at X= 4010, Y= 64, Z= -1866 that had [] enchantment(s) |  
[2024-03-17 23:14:43] [world] The Player <Milk_Frog> has dropped 1 of POTION at X= 4006, Y= 68, Z= -1866 that had [] enchantment(s) |  
[2024-03-17 23:15:48] [world] The Player <TurtleDuck> has dropped 1 of SLIME BLOCK at X= 3996, Y= 66, Z= -1822 that had [] enchantment(s) |  
[2024-03-17 23:18:14] [world] The Player <TurtleDuck> has dropped 1 of ACACIA FENCE at X= 4006, Y= 68, Z= -1831 that had [] enchantment(s) |  
[2024-03-17 23:20:57] [world] The Player <TurtleDuck> has dropped 64 of WOOL at X= 3990, Y= 67, Z= -1820 that had [] enchantment(s) |  
[2024-03-17 23:22:18] [world] The Player <TurtleDuck> has dropped 1 of LAVA BUCKET at X= 4009, Y= 63, Z= -1868 that had [] enchantment(s) |  
[2024-03-17 23:23:40] [world_nether] The Player <idkwhattoputhere> has dropped 10 of EMERALD at X= -1263, Y= 129, Z= 501 that had [] enchantment(s) |  
[2024-03-17 23:23:52] [world_nether] The Player <idkwhattoputhere> has dropped 4 of ROTTEN FLESH at X= -1262, Y= 129, Z= 500 that had [] enchantment(s) |  
[2024-03-17 23:25:12] [world_the_end] The Player <NezukoChan> has dropped 2 of NETHERRACK at X= 100, Y= 37, Z= -1 that had [] enchantment(s) |  
[2024-03-17 23:25:49] [world] The Player <NezukoChan> has dropped 1 of NETHERRACK at X= -574, Y= 69, Z= 316 that had [] enchantment(s) |  
[2024-03-17 23:25:55] [world] The Player <NezukoChan> has dropped 1 of NETHERRACK at X= -574, Y= 69, Z= 316 that had [] enchantment(s) |  
[2024-03-17 23:26:16] [world] The Player <TurtleDuck> has dropped 1 of SPONGE at X= -560, Y= 76, Z= 276 that had [] enchantment(s) |  
[2024-03-17 23:27:24] [world] The Player <NezukoChan> has dropped 1 of NETHERRACK at X= -575, Y= 70, Z= 320 that had [] enchantment(s) |  
[2024-03-17 23:27:24] [world] The Player <NezukoChan> has dropped 1 of NETHERRACK at X= -575, Y= 70, Z= 320 that had [] enchantment(s) |  
[2024-03-17 23:29:39] [world] The Player <Milk_Frog> has dropped 1 of POTION at X= -575, Y= 66, Z= 280 that had [] enchantment(s) |  
[2024-03-17 23:29:50] [world] The Player <Milk_Frog> has dropped 1 of NOTE BLOCK at X= -575, Y= 66, Z= 280 that had [] enchantment(s) |  
[2024-03-17 23:38:20] [world_the_end] The Player <NezukoChan> has dropped 1 of NETHERRACK at X= 100, Y= 37, Z= 0 that had [] enchantment(s) |  
[2024-03-17 23:38:20] [world_the_end] The Player <NezukoChan> has dropped 1 of NETHERRACK at X= 100, Y= 37, Z= 0 that had [] enchantment(s) |  
[2024-03-17 23:50:38] [world] The Player <bagelz> has dropped 1 of BROWN MUSHROOM at X= 1049, Y= 76, Z= 2357 that had [] enchantment(s) |  
[2024-03-17 23:58:23] [world] The Player <TurtleDuck> has dropped 1 of POTION at X= -574, Y= 75, Z= 278 that had [] enchantment(s) |  
[2024-03-18 00:16:22] [world_the_end] The Player <NezukoChan> has dropped 1 of COBBLESTONE at X= -166, Y= 100, Z= 40 that had [] enchantment(s) |  
[2024-03-18 00:16:23] [world_the_end] The Player <NezukoChan> has dropped 1 of GLASS at X= -166, Y= 100, Z= 40 that had [] enchantment(s) |  
[2024-03-18 00:17:18] [world] The Player <Tester> has dropped 1 of DIAMOND SWORD at X= -10176, Y= 64, Z= 4108 that had [Sharpness 5, Unbreaking 3, Knockback 2, Fire Aspect 2, Looting 3] enchantment(s) |  
[2024-03-18 00:20:56] [world] The Player <Char> has dropped 1 of MUTTON at X= -579, Y= 71, Z= 265 that had [] enchantment(s) |  
[2024-03-18 00:22:16] [world] The Player <TurtleDuck> has dropped 1 of POTION at X= -574, Y= 74, Z= 279 that had [] enchantment(s) |  
[2024-03-18 00:23:26] [world] The Player <bagelz> has dropped 1 of FLINT at X= 1208, Y= 6, Z= 2452 that had [] enchantment(s) |  
[2024-03-18 00:23:52] [world] The Player <bagelz> has dropped 1 of SAPLING at X= 1252, Y= 7, Z= 2452 that had [] enchantment(s) |  
[2024-03-18 00:30:45] [world] The Player <TurtleDuck> has dropped 1 of POTION at X= -581, Y= 74, Z= 281 that had [] enchantment(s) |  
[2024-03-18 00:34:09] [world] The Player <Char> has dropped 1 of WOOL at X= -608, Y= 69, Z= 345 that had [] enchantment(s) | ยง8End Portal Block Placer
[2024-03-18 00:39:02] [world] The Player <TurtleDuck> has dropped 1 of WOOD at X= -582, Y= 69, Z= 289 that had [] enchantment(s) |  
[2024-03-18 00:44:04] [world] The Player <TurtleDuck> has dropped 1 of WOOD STAIRS at X= -585, Y= 69, Z= 280 that had [] enchantment(s) |  
[2024-03-18 00:50:53] [world] The Player <Milk_Frog> has dropped 1 of WOOD STAIRS at X= -575, Y= 70, Z= 281 that had [] enchantment(s) |  
[2024-03-18 00:54:44] [world] The Player <TurtleDuck> has dropped 1 of NAME TAG at X= -582, Y= 69, Z= 277 that had [] enchantment(s) | fido
[2024-03-18 01:00:10] [world_the_end] The Player <Milk_Frog> has dropped 1 of MONSTER EGG at X= 37, Y= 64, Z= 23 that had [] enchantment(s) |  
[2024-03-18 01:01:11] [world_the_end] The Player <Tester> has dropped 1 of POTATO ITEM at X= 2, Y= 61, Z= -17 that had [] enchantment(s) |  
[2024-03-18 01:02:57] [world_nether] The Player <Heinrich_Himmler> has dropped 43 of COBBLESTONE at X= 12498, Y= 129, Z= -1 that had [] enchantment(s) |  
[2024-03-18 01:02:57] [world_nether] The Player <Heinrich_Himmler> has dropped 1 of COBBLESTONE at X= 12498, Y= 129, Z= -1 that had [] enchantment(s) |  
[2024-03-18 01:02:57] [world_nether] The Player <Heinrich_Himmler> has dropped 1 of COBBLESTONE at X= 12498, Y= 129, Z= -1 that had [] enchantment(s) |  
[2024-03-18 01:02:57] [world_nether] The Player <Heinrich_Himmler> has dropped 1 of COBBLESTONE at X= 12498, Y= 129, Z= -1 that had [] enchantment(s) |  
[2024-03-18 01:02:57] [world_nether] The Player <Heinrich_Himmler> has dropped 1 of COBBLESTONE at X= 12498, Y= 129, Z= -1 that had [] enchantment(s) |  
[2024-03-18 01:02:57] [world_nether] The Player <Heinrich_Himmler> has dropped 1 of COBBLESTONE at X= 12498, Y= 129, Z= -1 that had [] enchantment(s) |  
[2024-03-18 01:02:57] [world_nether] The Player <Heinrich_Himmler> has dropped 1 of COBBLESTONE at X= 12498, Y= 129, Z= -1 that had [] enchantment(s) |  
[2024-03-18 01:03:41] [world] The Player <NezukoChan> has dropped 1 of RAW CHICKEN at X= -577, Y= 70, Z= 275 that had [] enchantment(s) |  
[2024-03-18 01:08:07] [world] The Player <NezukoChan> has dropped 1 of DIAMOND SWORD at X= -592, Y= 69, Z= 279 that had [Sharpness 5, Unbreaking 3, Knockback 2, Fire Aspect 2, Looting 3] enchantment(s) | Destroyer Of Worlds
[2024-03-18 01:14:38] [world_nether] The Player <NezukoChan> has dropped 2 of FEATHER at X= 12496, Y= 79, Z= -18 that had [] enchantment(s) |  
[2024-03-18 01:14:44] [world_nether] The Player <Heinrich_Himmler> has dropped 21 of BROWN MUSHROOM at X= 12493, Y= 78, Z= -15 that had [] enchantment(s) |  
[2024-03-18 01:14:44] [world_nether] The Player <Heinrich_Himmler> has dropped 18 of RED MUSHROOM at X= 12493, Y= 78, Z= -15 that had [] enchantment(s) |  
[2024-03-18 01:15:40] [world_nether] The Player <NezukoChan> has dropped 1 of DIAMOND SWORD at X= 12496, Y= 78, Z= -9 that had [Sharpness 1] enchantment(s) |  
[2024-03-18 01:19:41] [world] The Player <TurtleDuck> has dropped 1 of GOLDEN CARROT at X= -600, Y= 65, Z= 381 that had [] enchantment(s) |  
[2024-03-18 01:19:57] [world] The Player <TurtleDuck> has dropped 1 of LOG at X= -600, Y= 65, Z= 381 that had [] enchantment(s) |  
[2024-03-18 01:20:35] [world_the_end] The Player <Heinrich_Himmler> has dropped 1 of BOWL at X= -14, Y= 60, Z= -7 that had [] enchantment(s) |  
[2024-03-18 01:21:13] [world] The Player <TurtleDuck> has dropped 1 of MONSTER EGG at X= -603, Y= 64, Z= 382 that had [] enchantment(s) |  
[2024-03-18 01:25:06] [world] The Player <TurtleDuck> has dropped 1 of LAPIS BLOCK at X= -638, Y= 70, Z= 382 that had [] enchantment(s) |  
