[2024-03-18 11:20:21] [world] The Player <qwerty> has dropped 1 of POTION at X= -499, Y= 78, Z= -481 that had [] enchantment(s) |  
[2024-03-18 11:20:28] [world] The Player <qwerty> has dropped 1 of POTION at X= -499, Y= 78, Z= -481 that had [] enchantment(s) |  
[2024-03-18 11:20:56] [world] The Player <Mudkips_Rule> has dropped 1 of DIAMOND at X= -497, Y= 78, Z= -480 that had [] enchantment(s) |  
[2024-03-18 11:20:56] [world] The Player <Mudkips_Rule> has dropped 1 of DIAMOND at X= -497, Y= 78, Z= -480 that had [] enchantment(s) |  
[2024-03-18 11:20:56] [world] The Player <Mudkips_Rule> has dropped 1 of DIAMOND at X= -497, Y= 78, Z= -480 that had [] enchantment(s) |  
[2024-03-18 11:20:56] [world] The Player <Mudkips_Rule> has dropped 1 of DIAMOND at X= -497, Y= 78, Z= -480 that had [] enchantment(s) |  
[2024-03-18 11:21:01] [world] The Player <Mudkips_Rule> has dropped 1 of DIAMOND at X= -497, Y= 78, Z= -480 that had [] enchantment(s) |  
[2024-03-18 11:21:02] [world] The Player <Mudkips_Rule> has dropped 1 of DIAMOND at X= -497, Y= 78, Z= -480 that had [] enchantment(s) |  
[2024-03-18 11:21:02] [world] The Player <Mudkips_Rule> has dropped 1 of DIAMOND at X= -497, Y= 78, Z= -480 that had [] enchantment(s) |  
[2024-03-18 11:21:02] [world] The Player <Mudkips_Rule> has dropped 1 of DIAMOND at X= -497, Y= 78, Z= -480 that had [] enchantment(s) |  
[2024-03-18 11:21:02] [world] The Player <Mudkips_Rule> has dropped 1 of DIAMOND at X= -497, Y= 78, Z= -480 that had [] enchantment(s) |  
[2024-03-18 11:21:05] [world] The Player <sharky> has dropped 52 of SANDSTONE at X= -497, Y= 78, Z= -482 that had [] enchantment(s) |  
[2024-03-18 11:21:36] [world] The Player <BigDickRandy> has dropped 2 of SANDSTONE at X= -795, Y= 12, Z= 347 that had [] enchantment(s) |  
[2024-03-18 11:21:38] [world] The Player <BigDickRandy> has dropped 2 of WOOD at X= -795, Y= 12, Z= 347 that had [] enchantment(s) |  
[2024-03-18 11:21:39] [world_nether] The Player <Mudkips_Rule> has dropped 61 of GLOWSTONE DUST at X= -145, Y= 71, Z= -91 that had [] enchantment(s) |  
[2024-03-18 11:21:49] [world] The Player <BigDickRandy> has dropped 2 of SANDSTONE at X= -799, Y= 12, Z= 347 that had [] enchantment(s) |  
[2024-03-18 11:22:28] [world] The Player <BigDickRandy> has dropped 3 of NETHER BRICK at X= -816, Y= 12, Z= 347 that had [] enchantment(s) |  
[2024-03-18 11:24:00] [world_nether] The Player <Mudkips_Rule> has dropped 1 of DIAMOND at X= -147, Y= 71, Z= -94 that had [] enchantment(s) |  
[2024-03-18 11:24:01] [world_nether] The Player <Mudkips_Rule> has dropped 1 of DIAMOND at X= -147, Y= 71, Z= -94 that had [] enchantment(s) |  
[2024-03-18 12:01:46] [world] The Player <character> has dropped 12 of LOG at X= -731, Y= 36, Z= 171 that had [] enchantment(s) |  
[2024-03-18 12:02:36] [world] The Player <character> has dropped 11 of STONE at X= -732, Y= 36, Z= 172 that had [] enchantment(s) |  
[2024-03-18 12:02:40] [world] The Player <character> has dropped 64 of COBBLESTONE at X= -732, Y= 36, Z= 172 that had [] enchantment(s) |  
[2024-03-18 12:02:42] [world] The Player <character> has dropped 1 of COBBLESTONE at X= -732, Y= 36, Z= 172 that had [] enchantment(s) |  
[2024-03-18 12:02:51] [world] The Player <character> has dropped 64 of COBBLESTONE at X= -732, Y= 36, Z= 172 that had [] enchantment(s) |  
[2024-03-18 12:02:54] [world] The Player <character> has dropped 64 of COBBLESTONE at X= -732, Y= 36, Z= 172 that had [] enchantment(s) |  
[2024-03-18 12:03:20] [world] The Player <character> has dropped 64 of STONE at X= -732, Y= 36, Z= 172 that had [] enchantment(s) |  
[2024-03-18 12:03:23] [world] The Player <character> has dropped 3 of IRON INGOT at X= -732, Y= 36, Z= 172 that had [] enchantment(s) |  
[2024-03-18 12:03:23] [world] The Player <character> has dropped 3 of IRON INGOT at X= -732, Y= 36, Z= 172 that had [] enchantment(s) |  
[2024-03-18 12:03:23] [world] The Player <character> has dropped 4 of IRON INGOT at X= -732, Y= 36, Z= 172 that had [] enchantment(s) |  
[2024-03-18 12:03:29] [world] The Player <character> has dropped 64 of COBBLESTONE at X= -732, Y= 36, Z= 171 that had [] enchantment(s) |  
[2024-03-18 12:03:31] [world] The Player <character> has dropped 11 of STONE at X= -732, Y= 36, Z= 171 that had [] enchantment(s) |  
[2024-03-18 12:03:33] [world] The Player <character> has dropped 64 of COBBLESTONE at X= -732, Y= 36, Z= 171 that had [] enchantment(s) |  
[2024-03-18 12:05:35] [world] The Player <character> has dropped 34 of DIRT at X= -771, Y= 11, Z= 177 that had [] enchantment(s) |  
[2024-03-18 12:05:47] [world] The Player <Brycethelegend> has dropped 8 of WOOD at X= 59, Y= 66, Z= 1271 that had [] enchantment(s) |  
[2024-03-18 12:06:06] [world] The Player <Brycethelegend> has dropped 3 of WOOD at X= 60, Y= 66, Z= 1272 that had [] enchantment(s) |  
[2024-03-18 12:06:07] [world] The Player <character> has dropped 10 of SAND at X= -773, Y= 11, Z= 173 that had [] enchantment(s) |  
[2024-03-18 12:06:09] [world] The Player <character> has dropped 5 of REDSTONE at X= -773, Y= 11, Z= 173 that had [] enchantment(s) |  
[2024-03-18 12:06:59] [world_nether] The Player <Mudkips_Rule> has dropped 1 of DIAMOND SWORD at X= -145, Y= 71, Z= -93 that had [Sharpness 4, Looting 3] enchantment(s) | Water Tribe Sword
[2024-03-18 12:07:01] [world] The Player <character> has dropped 1 of DIAMOND at X= -773, Y= 11, Z= 173 that had [] enchantment(s) |  
[2024-03-18 12:07:03] [world] The Player <character> has dropped 1 of DIAMOND at X= -773, Y= 11, Z= 173 that had [] enchantment(s) |  
[2024-03-18 12:07:03] [world] The Player <character> has dropped 1 of DIAMOND at X= -773, Y= 11, Z= 173 that had [] enchantment(s) |  
[2024-03-18 12:07:04] [world] The Player <character> has dropped 1 of DIAMOND at X= -773, Y= 11, Z= 173 that had [] enchantment(s) |  
[2024-03-18 12:07:04] [world] The Player <character> has dropped 1 of DIAMOND at X= -773, Y= 11, Z= 173 that had [] enchantment(s) |  
[2024-03-18 12:07:05] [world] The Player <character> has dropped 1 of DIAMOND at X= -773, Y= 11, Z= 173 that had [] enchantment(s) |  
[2024-03-18 12:07:05] [world] The Player <character> has dropped 1 of DIAMOND at X= -773, Y= 11, Z= 173 that had [] enchantment(s) |  
[2024-03-18 12:07:05] [world] The Player <character> has dropped 1 of DIAMOND at X= -773, Y= 11, Z= 173 that had [] enchantment(s) |  
[2024-03-18 12:07:05] [world] The Player <MrBlob2U> has dropped 2 of CARROT ITEM at X= -773, Y= 11, Z= 169 that had [] enchantment(s) |  
[2024-03-18 12:07:05] [world] The Player <character> has dropped 1 of DIAMOND at X= -773, Y= 11, Z= 173 that had [] enchantment(s) |  
[2024-03-18 12:07:06] [world] The Player <character> has dropped 1 of DIAMOND at X= -773, Y= 11, Z= 173 that had [] enchantment(s) |  
[2024-03-18 12:07:06] [world] The Player <character> has dropped 1 of DIAMOND at X= -773, Y= 11, Z= 173 that had [] enchantment(s) |  
[2024-03-18 12:07:06] [world] The Player <character> has dropped 1 of DIAMOND at X= -773, Y= 11, Z= 173 that had [] enchantment(s) |  
[2024-03-18 12:07:07] [world] The Player <character> has dropped 1 of DIAMOND at X= -773, Y= 11, Z= 173 that had [] enchantment(s) |  
[2024-03-18 12:07:07] [world] The Player <character> has dropped 1 of DIAMOND at X= -773, Y= 11, Z= 173 that had [] enchantment(s) |  
[2024-03-18 12:07:08] [world] The Player <character> has dropped 1 of DIAMOND at X= -773, Y= 11, Z= 173 that had [] enchantment(s) |  
[2024-03-18 12:07:08] [world] The Player <character> has dropped 1 of DIAMOND at X= -773, Y= 11, Z= 173 that had [] enchantment(s) |  
[2024-03-18 12:07:31] [world] The Player <character> has dropped 1 of RABBIT HIDE at X= -773, Y= 11, Z= 172 that had [] enchantment(s) |  
[2024-03-18 12:07:36] [world] The Player <character> has dropped 1 of RABBIT HIDE at X= -773, Y= 11, Z= 172 that had [] enchantment(s) |  
[2024-03-18 12:07:39] [world] The Player <MrBlob2U> has dropped 54 of COBBLESTONE at X= -776, Y= 9, Z= 174 that had [] enchantment(s) |  
[2024-03-18 12:08:27] [world] The Player <MrBlob2U> has dropped 3 of STICK at X= -726, Y= 11, Z= 165 that had [] enchantment(s) |  
[2024-03-18 12:08:30] [world] The Player <MrBlob2U> has dropped 23 of REDSTONE at X= -726, Y= 11, Z= 165 that had [] enchantment(s) |  
[2024-03-18 12:09:06] [world] The Player <Sword4001> has dropped 1 of INK SACK at X= -577, Y= 69, Z= 248 that had [] enchantment(s) |  
[2024-03-18 12:10:16] [world] The Player <Brycethelegend> has dropped 1 of SAPLING at X= -622, Y= 69, Z= 253 that had [] enchantment(s) |  
[2024-03-18 12:10:41] [world] The Player <Brycethelegend> has dropped 1 of WOOL at X= -618, Y= 69, Z= 279 that had [] enchantment(s) |  
[2024-03-18 12:10:50] [world] The Player <Brycethelegend> has dropped 1 of WOOL at X= -619, Y= 69, Z= 278 that had [] enchantment(s) |  
[2024-03-18 12:10:51] [world] The Player <Brycethelegend> has dropped 1 of PORK at X= -619, Y= 69, Z= 278 that had [] enchantment(s) |  
[2024-03-18 12:10:52] [world] The Player <Brycethelegend> has dropped 1 of PORK at X= -619, Y= 69, Z= 278 that had [] enchantment(s) |  
[2024-03-18 12:10:52] [world] The Player <Brycethelegend> has dropped 1 of WOOL at X= -619, Y= 69, Z= 278 that had [] enchantment(s) |  
[2024-03-18 12:10:56] [world] The Player <Brycethelegend> has dropped 1 of MUTTON at X= -614, Y= 69, Z= 281 that had [] enchantment(s) |  
[2024-03-18 12:10:56] [world] The Player <Brycethelegend> has dropped 1 of MUTTON at X= -614, Y= 69, Z= 281 that had [] enchantment(s) |  
[2024-03-18 12:11:07] [world] The Player <Brycethelegend> has dropped 1 of PORK at X= -618, Y= 69, Z= 276 that had [] enchantment(s) |  
[2024-03-18 12:11:08] [world] The Player <Brycethelegend> has dropped 1 of PORK at X= -618, Y= 69, Z= 276 that had [] enchantment(s) |  
[2024-03-18 12:11:13] [world] The Player <Brycethelegend> has dropped 1 of WOOL at X= -615, Y= 69, Z= 271 that had [] enchantment(s) |  
[2024-03-18 12:11:17] [world] The Player <Brycethelegend> has dropped 1 of PORK at X= -619, Y= 69, Z= 275 that had [] enchantment(s) |  
[2024-03-18 12:11:17] [world] The Player <Brycethelegend> has dropped 1 of PORK at X= -619, Y= 69, Z= 275 that had [] enchantment(s) |  
[2024-03-18 12:14:03] [world_the_end] The Player <NezukoChan> has dropped 1 of WOOL at X= 99, Y= 50, Z= 1 that had [] enchantment(s) |  
[2024-03-18 12:14:10] [world_the_end] The Player <NezukoChan> has dropped 1 of COOKED MUTTON at X= 99, Y= 50, Z= 1 that had [] enchantment(s) |  
[2024-03-18 12:22:18] [world_nether] The Player <Brycethelegend> has dropped 16 of GLOWSTONE at X= -58, Y= 36, Z= 78 that had [] enchantment(s) |  
[2024-03-18 12:22:37] [world_nether] The Player <Brycethelegend> has dropped 1 of MINECART at X= -58, Y= 36, Z= 78 that had [] enchantment(s) |  
[2024-03-18 12:22:42] [world_nether] The Player <Brycethelegend> has dropped 1 of MINECART at X= -58, Y= 36, Z= 78 that had [] enchantment(s) |  
[2024-03-18 12:30:40] [world_the_end] The Player <theproman3387> has dropped 1 of RABBIT at X= -42, Y= 58, Z= -4 that had [] enchantment(s) |  
[2024-03-18 12:33:48] [world_the_end] The Player <theproman3387> has dropped 1 of DIRT at X= -53, Y= 54, Z= 1 that had [] enchantment(s) |  
[2024-03-18 12:37:01] [world_the_end] The Player <theproman3387> has dropped 1 of ENDER PEARL at X= -12, Y= 60, Z= 10 that had [] enchantment(s) |  
[2024-03-18 12:37:03] [world_the_end] The Player <theproman3387> has dropped 1 of ENDER PEARL at X= -12, Y= 60, Z= 10 that had [] enchantment(s) |  
[2024-03-18 12:41:40] [world_nether] The Player <Brycethelegend> has dropped 1 of GLOWSTONE DUST at X= -146, Y= 68, Z= -107 that had [] enchantment(s) |  
[2024-03-18 12:41:40] [world_nether] The Player <Brycethelegend> has dropped 1 of GLOWSTONE DUST at X= -146, Y= 68, Z= -107 that had [] enchantment(s) |  
[2024-03-18 12:41:40] [world_nether] The Player <Brycethelegend> has dropped 1 of GLOWSTONE DUST at X= -146, Y= 68, Z= -107 that had [] enchantment(s) |  
[2024-03-18 12:44:16] [world_nether] The Player <Brycethelegend> has dropped 1 of QUARTZ at X= -95, Y= 73, Z= -212 that had [] enchantment(s) |  
[2024-03-18 12:44:16] [world_nether] The Player <Brycethelegend> has dropped 1 of QUARTZ at X= -95, Y= 73, Z= -212 that had [] enchantment(s) |  
[2024-03-18 13:40:06] [world] The Player <WienerDogFace> has dropped 4 of SEEDS at X= -556, Y= 67, Z= 308 that had [] enchantment(s) |  
[2024-03-18 13:41:30] [world] The Player <Tester> has dropped 37 of EMERALD BLOCK at X= -10172, Y= 65, Z= 4118 that had [] enchantment(s) |  
[2024-03-18 13:43:04] [world] The Player <Tester> has dropped 1 of WOOD SWORD at X= -10188, Y= 64, Z= 4110 that had [] enchantment(s) |  
[2024-03-18 13:43:06] [world] The Player <Tester> has dropped 1 of WOOD SWORD at X= -10188, Y= 64, Z= 4110 that had [] enchantment(s) |  
[2024-03-18 13:43:09] [world] The Player <Tester> has dropped 1 of WOOD SWORD at X= -10188, Y= 64, Z= 4110 that had [] enchantment(s) |  
[2024-03-18 13:43:09] [world] The Player <Tester> has dropped 1 of WOOD SWORD at X= -10188, Y= 64, Z= 4110 that had [] enchantment(s) |  
[2024-03-18 13:43:10] [world] The Player <Tester> has dropped 1 of WOOD SWORD at X= -10188, Y= 64, Z= 4110 that had [] enchantment(s) |  
[2024-03-18 13:43:11] [world] The Player <Tester> has dropped 1 of WOOD SWORD at X= -10188, Y= 64, Z= 4110 that had [] enchantment(s) |  
[2024-03-18 13:43:12] [world] The Player <Tester> has dropped 1 of WOOD SWORD at X= -10188, Y= 64, Z= 4110 that had [] enchantment(s) |  
[2024-03-18 13:43:13] [world] The Player <Tester> has dropped 1 of WOOD SWORD at X= -10188, Y= 64, Z= 4110 that had [] enchantment(s) |  
[2024-03-18 13:43:14] [world] The Player <Tester> has dropped 1 of WOOD SWORD at X= -10188, Y= 64, Z= 4110 that had [] enchantment(s) |  
[2024-03-18 13:43:15] [world] The Player <Tester> has dropped 1 of WOOD SWORD at X= -10188, Y= 64, Z= 4110 that had [] enchantment(s) |  
[2024-03-18 13:43:15] [world] The Player <Tester> has dropped 1 of WOOD SWORD at X= -10188, Y= 64, Z= 4110 that had [] enchantment(s) |  
[2024-03-18 13:43:16] [world] The Player <Tester> has dropped 1 of WOOD SWORD at X= -10188, Y= 64, Z= 4110 that had [] enchantment(s) |  
[2024-03-18 13:43:17] [world] The Player <Tester> has dropped 1 of WOOD SWORD at X= -10188, Y= 64, Z= 4110 that had [] enchantment(s) |  
[2024-03-18 13:43:18] [world] The Player <Tester> has dropped 1 of WOOD SWORD at X= -10188, Y= 64, Z= 4110 that had [] enchantment(s) |  
[2024-03-18 13:43:20] [world] The Player <Tester> has dropped 1 of WOOD SWORD at X= -10188, Y= 64, Z= 4110 that had [] enchantment(s) |  
[2024-03-18 13:43:26] [world] The Player <Tester> has dropped 1 of WOOD SWORD at X= -10188, Y= 64, Z= 4110 that had [] enchantment(s) |  
[2024-03-18 13:43:31] [world] The Player <Tester> has dropped 1 of WOOD SWORD at X= -10188, Y= 64, Z= 4110 that had [] enchantment(s) |  
[2024-03-18 13:43:32] [world] The Player <Tester> has dropped 1 of WOOD SWORD at X= -10188, Y= 64, Z= 4110 that had [] enchantment(s) |  
[2024-03-18 13:43:33] [world] The Player <Tester> has dropped 1 of WOOD SWORD at X= -10188, Y= 64, Z= 4110 that had [] enchantment(s) |  
[2024-03-18 13:43:34] [world] The Player <Tester> has dropped 1 of WOOD SWORD at X= -10188, Y= 64, Z= 4110 that had [] enchantment(s) |  
[2024-03-18 13:43:35] [world] The Player <Tester> has dropped 1 of WOOD SWORD at X= -10188, Y= 64, Z= 4110 that had [] enchantment(s) |  
[2024-03-18 13:43:37] [world] The Player <Tester> has dropped 1 of WOOD SWORD at X= -10188, Y= 64, Z= 4110 that had [] enchantment(s) |  
[2024-03-18 13:43:38] [world] The Player <Tester> has dropped 1 of WOOD SWORD at X= -10188, Y= 64, Z= 4110 that had [] enchantment(s) |  
[2024-03-18 13:43:39] [world] The Player <Tester> has dropped 1 of WOOD SWORD at X= -10188, Y= 64, Z= 4110 that had [] enchantment(s) |  
[2024-03-18 13:44:29] [world] The Player <Tester> has dropped 1 of ENCHANTED BOOK at X= -10181, Y= 65, Z= 4119 that had [] enchantment(s) |  
[2024-03-18 13:46:54] [world] The Player <WienerDogFace> has dropped 15 of EMERALD at X= -562, Y= 69, Z= 261 that had [] enchantment(s) |  
[2024-03-18 13:47:11] [world] The Player <Tester> has dropped 1 of ENCHANTED BOOK at X= -562, Y= 69, Z= 259 that had [] enchantment(s) |  
[2024-03-18 13:47:48] [world] The Player <A_Random_Person> has dropped 64 of COBBLESTONE at X= -758, Y= 12, Z= 569 that had [] enchantment(s) |  
[2024-03-18 13:47:49] [world] The Player <A_Random_Person> has dropped 2 of COBBLESTONE at X= -758, Y= 12, Z= 569 that had [] enchantment(s) |  
[2024-03-18 13:49:03] [world] The Player <A_Random_Person> has dropped 64 of COBBLESTONE at X= -753, Y= 12, Z= 641 that had [] enchantment(s) |  
[2024-03-18 13:49:06] [world] The Player <A_Random_Person> has dropped 64 of COBBLESTONE at X= -753, Y= 12, Z= 641 that had [] enchantment(s) |  
[2024-03-18 13:53:31] [world_nether] The Player <Mudkips_Rule> has dropped 52 of SANDSTONE at X= -148, Y= 71, Z= -91 that had [] enchantment(s) |  
[2024-03-18 13:53:49] [world] The Player <A_Random_Person> has dropped 64 of COBBLESTONE at X= -757, Y= 4, Z= 708 that had [] enchantment(s) |  
[2024-03-18 13:53:49] [world] The Player <WienerDogFace> has dropped 1 of RED ROSE at X= -590, Y= 69, Z= 263 that had [] enchantment(s) |  
[2024-03-18 13:53:54] [world] The Player <hi_> has dropped 1 of SUGAR CANE at X= -10169, Y= 64, Z= 4113 that had [] enchantment(s) |  
[2024-03-18 13:53:54] [world] The Player <hi_> has dropped 1 of SUGAR CANE at X= -10169, Y= 64, Z= 4113 that had [] enchantment(s) |  
[2024-03-18 13:53:54] [world] The Player <hi_> has dropped 1 of SUGAR CANE at X= -10169, Y= 64, Z= 4113 that had [] enchantment(s) |  
[2024-03-18 13:53:54] [world] The Player <hi_> has dropped 1 of SUGAR CANE at X= -10169, Y= 64, Z= 4113 that had [] enchantment(s) |  
[2024-03-18 13:53:54] [world] The Player <hi_> has dropped 1 of SUGAR CANE at X= -10169, Y= 64, Z= 4113 that had [] enchantment(s) |  
[2024-03-18 13:54:22] [world] The Player <character> has dropped 1 of IRON INGOT at X= -574, Y= 70, Z= 318 that had [] enchantment(s) |  
[2024-03-18 13:54:22] [world] The Player <character> has dropped 1 of IRON INGOT at X= -574, Y= 70, Z= 318 that had [] enchantment(s) |  
[2024-03-18 13:54:22] [world] The Player <character> has dropped 1 of IRON INGOT at X= -574, Y= 70, Z= 318 that had [] enchantment(s) |  
[2024-03-18 13:54:22] [world] The Player <character> has dropped 1 of IRON INGOT at X= -574, Y= 70, Z= 318 that had [] enchantment(s) |  
[2024-03-18 13:54:23] [world] The Player <character> has dropped 1 of IRON INGOT at X= -574, Y= 70, Z= 318 that had [] enchantment(s) |  
[2024-03-18 13:54:23] [world] The Player <character> has dropped 1 of IRON INGOT at X= -574, Y= 70, Z= 318 that had [] enchantment(s) |  
[2024-03-18 13:54:23] [world] The Player <character> has dropped 1 of IRON INGOT at X= -574, Y= 70, Z= 318 that had [] enchantment(s) |  
[2024-03-18 13:54:23] [world] The Player <character> has dropped 1 of IRON INGOT at X= -574, Y= 70, Z= 318 that had [] enchantment(s) |  
[2024-03-18 13:54:24] [world] The Player <character> has dropped 1 of IRON INGOT at X= -574, Y= 70, Z= 318 that had [] enchantment(s) |  
[2024-03-18 13:54:24] [world] The Player <character> has dropped 1 of IRON INGOT at X= -574, Y= 70, Z= 318 that had [] enchantment(s) |  
[2024-03-18 13:54:24] [world] The Player <character> has dropped 1 of IRON INGOT at X= -574, Y= 70, Z= 318 that had [] enchantment(s) |  
[2024-03-18 13:54:24] [world] The Player <character> has dropped 1 of IRON INGOT at X= -574, Y= 70, Z= 318 that had [] enchantment(s) |  
[2024-03-18 13:54:24] [world] The Player <character> has dropped 1 of IRON INGOT at X= -574, Y= 70, Z= 318 that had [] enchantment(s) |  
[2024-03-18 13:54:25] [world] The Player <character> has dropped 1 of IRON INGOT at X= -574, Y= 70, Z= 318 that had [] enchantment(s) |  
[2024-03-18 13:54:25] [world] The Player <character> has dropped 1 of IRON INGOT at X= -574, Y= 70, Z= 318 that had [] enchantment(s) |  
[2024-03-18 13:54:25] [world] The Player <character> has dropped 1 of IRON INGOT at X= -574, Y= 70, Z= 318 that had [] enchantment(s) |  
[2024-03-18 13:54:29] [world] The Player <Sword4001> has dropped 1 of ENDER PEARL at X= -573, Y= 69, Z= 316 that had [] enchantment(s) |  
[2024-03-18 13:54:30] [world] The Player <Sword4001> has dropped 1 of ENDER PEARL at X= -573, Y= 69, Z= 316 that had [] enchantment(s) |  
[2024-03-18 13:54:30] [world] The Player <Sword4001> has dropped 1 of ENDER PEARL at X= -573, Y= 69, Z= 316 that had [] enchantment(s) |  
[2024-03-18 13:55:19] [world] The Player <I_am_amazing> has dropped 1 of RAW FISH at X= -587, Y= 69, Z= 304 that had [] enchantment(s) |  
[2024-03-18 13:55:20] [world] The Player <I_am_amazing> has dropped 1 of RAW FISH at X= -587, Y= 69, Z= 304 that had [] enchantment(s) |  
[2024-03-18 13:55:23] [world] The Player <I_am_amazing> has dropped 1 of FENCE at X= -596, Y= 11, Z= 592 that had [] enchantment(s) |  
[2024-03-18 13:55:49] [world_nether] The Player <Mudkips_Rule> has dropped 21 of CACTUS at X= -148, Y= 71, Z= -92 that had [] enchantment(s) |  
[2024-03-18 13:55:55] [world] The Player <I_am_amazing> has dropped 1 of FENCE at X= -600, Y= 11, Z= 594 that had [] enchantment(s) |  
[2024-03-18 13:55:56] [world] The Player <I_am_amazing> has dropped 1 of SPIDER EYE at X= -600, Y= 11, Z= 594 that had [] enchantment(s) |  
[2024-03-18 13:57:17] [world] The Player <character> has dropped 1 of DIRT at X= -737, Y= 11, Z= 171 that had [] enchantment(s) |  
[2024-03-18 13:57:18] [world] The Player <character> has dropped 2 of STONE at X= -737, Y= 11, Z= 171 that had [] enchantment(s) |  
[2024-03-18 13:57:23] [world] The Player <A_Random_Person> has dropped 64 of COBBLESTONE at X= -754, Y= 11, Z= 713 that had [] enchantment(s) |  
[2024-03-18 13:57:24] [world] The Player <A_Random_Person> has dropped 2 of COBBLESTONE at X= -754, Y= 11, Z= 713 that had [] enchantment(s) |  
[2024-03-18 13:58:45] [world] The Player <character> has dropped 10 of COBBLESTONE at X= -737, Y= 11, Z= 163 that had [] enchantment(s) |  
[2024-03-18 13:58:53] [world_nether] The Player <Mudkips_Rule> has dropped 54 of SANDSTONE at X= -116, Y= 68, Z= -165 that had [] enchantment(s) |  
[2024-03-18 13:59:05] [world] The Player <somebody139> has dropped 1 of SAND at X= -596, Y= 70, Z= 284 that had [] enchantment(s) |  
[2024-03-18 14:03:17] [world] The Player <character> has dropped 18 of COBBLESTONE at X= -733, Y= 36, Z= 172 that had [] enchantment(s) |  
[2024-03-18 14:03:35] [world] The Player <character> has dropped 64 of COBBLESTONE at X= -735, Y= 36, Z= 172 that had [] enchantment(s) |  
[2024-03-18 14:03:36] [world] The Player <character> has dropped 2 of COBBLESTONE at X= -735, Y= 36, Z= 172 that had [] enchantment(s) |  
[2024-03-18 14:03:41] [world] The Player <character> has dropped 64 of COBBLESTONE at X= -735, Y= 36, Z= 172 that had [] enchantment(s) |  
[2024-03-18 14:03:43] [world] The Player <character> has dropped 2 of COBBLESTONE at X= -735, Y= 36, Z= 172 that had [] enchantment(s) |  
[2024-03-18 14:04:28] [world] The Player <character> has dropped 1 of RABBIT HIDE at X= -734, Y= 36, Z= 172 that had [] enchantment(s) |  
[2024-03-18 14:05:19] [world_the_end] The Player <somebody139> has dropped 1 of EMERALD at X= 101, Y= 50, Z= -1 that had [] enchantment(s) |  
[2024-03-18 14:05:20] [world_the_end] The Player <somebody139> has dropped 1 of EMERALD at X= 101, Y= 50, Z= -1 that had [] enchantment(s) |  
[2024-03-18 14:06:02] [world] The Player <Mudkips_Rule> has dropped 1 of BOW at X= -613, Y= 65, Z= 326 that had [Unbreaking 1] enchantment(s) |  
[2024-03-18 14:06:07] [world] The Player <I_am_amazing> has dropped 8 of STONE at X= -607, Y= 11, Z= 558 that had [] enchantment(s) |  
[2024-03-18 14:06:09] [world] The Player <I_am_amazing> has dropped 27 of COBBLESTONE at X= -607, Y= 11, Z= 558 that had [] enchantment(s) |  
[2024-03-18 14:07:36] [world] The Player <character> has dropped 32 of DIAMOND at X= -737, Y= 11, Z= 145 that had [] enchantment(s) |  
[2024-03-18 14:07:50] [world] The Player <I_am_amazing> has dropped 1 of IRON ORE at X= -604, Y= 11, Z= 558 that had [] enchantment(s) |  
[2024-03-18 14:07:51] [world] The Player <I_am_amazing> has dropped 8 of STONE at X= -604, Y= 11, Z= 558 that had [] enchantment(s) |  
[2024-03-18 14:07:52] [world] The Player <I_am_amazing> has dropped 41 of COBBLESTONE at X= -604, Y= 11, Z= 558 that had [] enchantment(s) |  
[2024-03-18 14:08:36] [world] The Player <I_am_amazing> has dropped 8 of STONE at X= -604, Y= 11, Z= 558 that had [] enchantment(s) |  
[2024-03-18 14:08:38] [world] The Player <I_am_amazing> has dropped 1 of IRON ORE at X= -604, Y= 11, Z= 558 that had [] enchantment(s) |  
[2024-03-18 14:08:39] [world] The Player <I_am_amazing> has dropped 41 of COBBLESTONE at X= -604, Y= 11, Z= 558 that had [] enchantment(s) |  
[2024-03-18 14:09:05] [world] The Player <MrBlob2U> has dropped 1 of ROTTEN FLESH at X= -737, Y= 11, Z= 140 that had [] enchantment(s) |  
[2024-03-18 14:09:05] [world] The Player <MrBlob2U> has dropped 1 of ROTTEN FLESH at X= -737, Y= 11, Z= 140 that had [] enchantment(s) |  
[2024-03-18 14:09:05] [world] The Player <MrBlob2U> has dropped 1 of ROTTEN FLESH at X= -737, Y= 11, Z= 140 that had [] enchantment(s) |  
[2024-03-18 14:09:05] [world] The Player <MrBlob2U> has dropped 1 of ROTTEN FLESH at X= -737, Y= 11, Z= 140 that had [] enchantment(s) |  
[2024-03-18 14:09:06] [world] The Player <MrBlob2U> has dropped 1 of ROTTEN FLESH at X= -737, Y= 11, Z= 140 that had [] enchantment(s) |  
[2024-03-18 14:09:08] [world] The Player <Brycethelegend> has dropped 1 of BOAT at X= -583, Y= 9, Z= 201 that had [] enchantment(s) |  
[2024-03-18 14:11:32] [world] The Player <character> has dropped 16 of STONE at X= -712, Y= 11, Z= 127 that had [] enchantment(s) |  
[2024-03-18 14:12:25] [world] The Player <Brycethelegend> has dropped 11 of COAL at X= -614, Y= 65, Z= 331 that had [] enchantment(s) |  
[2024-03-18 14:12:25] [world] The Player <sharky> has dropped 1 of IRON CHESTPLATE at X= -460, Y= 75, Z= -459 that had [] enchantment(s) |  
[2024-03-18 14:12:26] [world_the_end] The Player <The_Amazing_Yao> has dropped 1 of COBBLESTONE at X= 48, Y= 63, Z= 17 that had [] enchantment(s) |  
[2024-03-18 14:12:26] [world] The Player <sharky> has dropped 1 of IRON BOOTS at X= -460, Y= 75, Z= -459 that had [Unbreaking 3] enchantment(s) |  
[2024-03-18 14:12:28] [world] The Player <sharky> has dropped 1 of IRON PICKAXE at X= -460, Y= 75, Z= -459 that had [] enchantment(s) |  
[2024-03-18 14:12:35] [world] The Player <I_am_amazing> has dropped 3 of ROTTEN FLESH at X= -617, Y= 22, Z= 603 that had [] enchantment(s) |  
[2024-03-18 14:12:36] [world] The Player <sharky> has dropped 8 of WOOD at X= -460, Y= 75, Z= -460 that had [] enchantment(s) |  
[2024-03-18 14:12:40] [world] The Player <sharky> has dropped 3 of STICK at X= -460, Y= 75, Z= -460 that had [] enchantment(s) |  
[2024-03-18 14:13:10] [world] The Player <character> has dropped 5 of STRING at X= -727, Y= 29, Z= 169 that had [] enchantment(s) |  
[2024-03-18 14:15:50] [world] The Player <sharky> has dropped 13 of ENDER PEARL at X= -493, Y= 73, Z= -498 that had [] enchantment(s) |  
[2024-03-18 14:16:16] [world] The Player <sharky> has dropped 13 of DIAMOND at X= -491, Y= 73, Z= -498 that had [] enchantment(s) |  
[2024-03-18 14:16:22] [world] The Player <character> has dropped 56 of STONE at X= -494, Y= 73, Z= -497 that had [] enchantment(s) |  
[2024-03-18 14:16:36] [world] The Player <character> has dropped 1 of IRON BARDING at X= -493, Y= 73, Z= -494 that had [] enchantment(s) |  
[2024-03-18 14:17:43] [world] The Player <Tester> has dropped 1 of ENCHANTED BOOK at X= -10178, Y= 61, Z= 4120 that had [] enchantment(s) |  
[2024-03-18 14:17:46] [world] The Player <Rip_Dogwater> has dropped 2 of SPIDER EYE at X= -10179, Y= 61, Z= 4119 that had [] enchantment(s) |  
[2024-03-18 14:19:43] [world] The Player <WienerDogFace> has dropped 2 of BONE at X= -884, Y= 73, Z= 92 that had [] enchantment(s) |  
[2024-03-18 14:19:45] [world] The Player <WienerDogFace> has dropped 1 of WOOL at X= -884, Y= 73, Z= 92 that had [] enchantment(s) |  
[2024-03-18 14:19:46] [world] The Player <WienerDogFace> has dropped 1 of FEATHER at X= -884, Y= 73, Z= 92 that had [] enchantment(s) |  
[2024-03-18 14:19:47] [world] The Player <WienerDogFace> has dropped 1 of WOOD at X= -884, Y= 73, Z= 92 that had [] enchantment(s) |  
[2024-03-18 14:19:51] [world] The Player <WienerDogFace> has dropped 2 of STICK at X= -884, Y= 73, Z= 92 that had [] enchantment(s) |  
[2024-03-18 14:19:53] [world] The Player <WienerDogFace> has dropped 1 of LOG at X= -884, Y= 73, Z= 92 that had [] enchantment(s) |  
[2024-03-18 14:19:54] [world] The Player <WienerDogFace> has dropped 19 of RAW BEEF at X= -884, Y= 73, Z= 92 that had [] enchantment(s) |  
[2024-03-18 14:19:56] [world] The Player <WienerDogFace> has dropped 34 of IRON ORE at X= -884, Y= 73, Z= 92 that had [] enchantment(s) |  
[2024-03-18 14:20:03] [world] The Player <character> has dropped 2 of DIAMOND at X= -733, Y= 36, Z= 172 that had [] enchantment(s) |  
[2024-03-18 14:20:03] [world] The Player <character> has dropped 1 of DIAMOND at X= -733, Y= 36, Z= 172 that had [] enchantment(s) |  
[2024-03-18 14:20:38] [world] The Player <Dave_TheCoolguy_> has dropped 1 of SAPLING at X= -581, Y= 70, Z= 317 that had [] enchantment(s) |  
[2024-03-18 14:20:38] [world] The Player <Dave_TheCoolguy_> has dropped 1 of SAPLING at X= -581, Y= 70, Z= 317 that had [] enchantment(s) |  
[2024-03-18 14:21:04] [world] The Player <Dave_TheCoolguy_> has dropped 1 of RABBIT HIDE at X= -543, Y= 65, Z= 287 that had [] enchantment(s) |  
[2024-03-18 14:21:38] [world] The Player <character> has dropped 5 of BONE at X= -577, Y= 69, Z= 249 that had [] enchantment(s) |  
[2024-03-18 14:22:09] [world] The Player <character> has dropped 56 of STONE at X= -577, Y= 69, Z= 249 that had [] enchantment(s) |  
[2024-03-18 14:22:16] [world] The Player <somebody139> has dropped 1 of REDSTONE TORCH ON at X= -580, Y= 70, Z= 316 that had [] enchantment(s) |  
[2024-03-18 14:22:20] [world] The Player <character> has dropped 64 of INK SACK at X= -577, Y= 69, Z= 249 that had [] enchantment(s) |  
[2024-03-18 14:22:34] [world] The Player <character> has dropped 48 of COBBLESTONE at X= -578, Y= 69, Z= 248 that had [] enchantment(s) |  
[2024-03-18 14:22:56] [world] The Player <character> has dropped 64 of COBBLESTONE at X= -578, Y= 69, Z= 248 that had [] enchantment(s) |  
[2024-03-18 14:23:07] [world] The Player <Rip_Dogwater> has dropped 1 of IRON AXE at X= -10181, Y= 64, Z= 4116 that had [Efficiency 4, Silk Touch 1, Unbreaking 3] enchantment(s) | OP AXE
[2024-03-18 14:23:24] [world] The Player <Tester> has dropped 1 of IRON AXE at X= -10183, Y= 64, Z= 4115 that had [Efficiency 4, Silk Touch 1, Unbreaking 3] enchantment(s) | OP AXE
[2024-03-18 14:23:25] [world] The Player <The_Amazing_Yao> has dropped 56 of DIRT at X= 513, Y= 104, Z= 2244 that had [] enchantment(s) |  
[2024-03-18 14:23:27] [world] The Player <Tester> has dropped 1 of IRON AXE at X= -10183, Y= 64, Z= 4115 that had [Efficiency 4, Silk Touch 1, Unbreaking 3] enchantment(s) | OP AXE
[2024-03-18 14:23:29] [world] The Player <Tester> has dropped 1 of DIAMOND AXE at X= -10183, Y= 64, Z= 4114 that had [Efficiency 5, Unbreaking 3] enchantment(s) |  
[2024-03-18 14:23:30] [world] The Player <Rip_Dogwater> has dropped 1 of DIAMOND PICKAXE at X= -10181, Y= 64, Z= 4115 that had [Unbreaking 3] enchantment(s) | FAST PIC
[2024-03-18 14:23:34] [world] The Player <Rip_Dogwater> has dropped 1 of DIAMOND PICKAXE at X= -10181, Y= 64, Z= 4116 that had [Unbreaking 3] enchantment(s) | FAST PIC
[2024-03-18 14:23:36] [world] The Player <Tester> has dropped 1 of DIAMOND AXE at X= -10183, Y= 64, Z= 4114 that had [Efficiency 5, Unbreaking 3] enchantment(s) |  
[2024-03-18 14:23:43] [world] The Player <Tester> has dropped 1 of DIAMOND PICKAXE at X= -10183, Y= 64, Z= 4114 that had [Efficiency 5, Unbreaking 3, Fortune 3] enchantment(s) |  
[2024-03-18 14:23:45] [world] The Player <Rip_Dogwater> has dropped 1 of DIAMOND AXE at X= -10179, Y= 64, Z= 4114 that had [Efficiency 5, Unbreaking 3] enchantment(s) |  
[2024-03-18 14:23:49] [world] The Player <Rip_Dogwater> has dropped 1 of DIAMOND PICKAXE at X= -10179, Y= 64, Z= 4114 that had [Efficiency 5, Unbreaking 3, Fortune 3] enchantment(s) |  
[2024-03-18 14:24:32] [world] The Player <Tester> has dropped 1 of DIAMOND PICKAXE at X= -10179, Y= 61, Z= 4119 that had [Efficiency 5, Silk Touch 1, Unbreaking 3] enchantment(s) | FAST PIC
[2024-03-18 14:24:50] [world] The Player <MonkeyTrainer> has dropped 1 of IRON PICKAXE at X= -590, Y= 57, Z= 336 that had [] enchantment(s) |  
[2024-03-18 14:24:54] [world] The Player <MonkeyTrainer> has dropped 1 of SANDSTONE at X= -589, Y= 57, Z= 334 that had [] enchantment(s) |  
[2024-03-18 14:24:55] [world] The Player <MonkeyTrainer> has dropped 1 of SANDSTONE at X= -589, Y= 57, Z= 334 that had [] enchantment(s) |  
[2024-03-18 14:24:55] [world] The Player <MonkeyTrainer> has dropped 1 of SANDSTONE at X= -589, Y= 57, Z= 334 that had [] enchantment(s) |  
[2024-03-18 14:24:56] [world] The Player <MonkeyTrainer> has dropped 1 of SANDSTONE at X= -589, Y= 57, Z= 334 that had [] enchantment(s) |  
[2024-03-18 14:24:56] [world] The Player <MonkeyTrainer> has dropped 1 of SANDSTONE at X= -589, Y= 57, Z= 334 that had [] enchantment(s) |  
[2024-03-18 14:24:56] [world] The Player <MonkeyTrainer> has dropped 1 of SANDSTONE at X= -589, Y= 57, Z= 334 that had [] enchantment(s) |  
[2024-03-18 14:24:56] [world] The Player <MonkeyTrainer> has dropped 1 of SANDSTONE at X= -589, Y= 57, Z= 334 that had [] enchantment(s) |  
[2024-03-18 14:24:56] [world] The Player <MonkeyTrainer> has dropped 1 of SANDSTONE at X= -589, Y= 57, Z= 334 that had [] enchantment(s) |  
[2024-03-18 14:24:57] [world] The Player <MonkeyTrainer> has dropped 1 of IRON PICKAXE at X= -589, Y= 57, Z= 334 that had [] enchantment(s) |  
[2024-03-18 14:25:01] [world] The Player <MonkeyTrainer> has dropped 1 of SANDSTONE at X= -589, Y= 57, Z= 333 that had [] enchantment(s) |  
[2024-03-18 14:25:01] [world] The Player <MonkeyTrainer> has dropped 1 of SANDSTONE at X= -589, Y= 57, Z= 333 that had [] enchantment(s) |  
[2024-03-18 14:25:02] [world] The Player <MonkeyTrainer> has dropped 1 of SANDSTONE at X= -589, Y= 57, Z= 333 that had [] enchantment(s) |  
[2024-03-18 14:25:02] [world] The Player <MonkeyTrainer> has dropped 1 of SANDSTONE at X= -589, Y= 57, Z= 333 that had [] enchantment(s) |  
[2024-03-18 14:25:02] [world] The Player <MonkeyTrainer> has dropped 1 of SANDSTONE at X= -589, Y= 57, Z= 333 that had [] enchantment(s) |  
[2024-03-18 14:25:02] [world] The Player <MonkeyTrainer> has dropped 1 of SANDSTONE at X= -589, Y= 57, Z= 333 that had [] enchantment(s) |  
[2024-03-18 14:25:02] [world] The Player <MonkeyTrainer> has dropped 1 of SANDSTONE at X= -589, Y= 57, Z= 333 that had [] enchantment(s) |  
[2024-03-18 14:25:03] [world] The Player <MonkeyTrainer> has dropped 1 of SANDSTONE at X= -589, Y= 57, Z= 333 that had [] enchantment(s) |  
[2024-03-18 14:25:03] [world] The Player <MonkeyTrainer> has dropped 1 of IRON PICKAXE at X= -589, Y= 57, Z= 333 that had [] enchantment(s) |  
[2024-03-18 14:25:06] [world] The Player <MonkeyTrainer> has dropped 1 of SANDSTONE at X= -589, Y= 57, Z= 334 that had [] enchantment(s) |  
[2024-03-18 14:25:06] [world] The Player <MonkeyTrainer> has dropped 1 of SANDSTONE at X= -589, Y= 57, Z= 334 that had [] enchantment(s) |  
[2024-03-18 14:25:07] [world] The Player <MonkeyTrainer> has dropped 1 of SANDSTONE at X= -589, Y= 57, Z= 334 that had [] enchantment(s) |  
[2024-03-18 14:25:07] [world] The Player <MonkeyTrainer> has dropped 1 of SANDSTONE at X= -589, Y= 57, Z= 334 that had [] enchantment(s) |  
[2024-03-18 14:25:08] [world] The Player <MonkeyTrainer> has dropped 1 of SANDSTONE at X= -589, Y= 57, Z= 334 that had [] enchantment(s) |  
[2024-03-18 14:25:08] [world] The Player <MonkeyTrainer> has dropped 1 of SANDSTONE at X= -589, Y= 57, Z= 334 that had [] enchantment(s) |  
[2024-03-18 14:25:08] [world] The Player <MonkeyTrainer> has dropped 1 of SANDSTONE at X= -589, Y= 57, Z= 334 that had [] enchantment(s) |  
[2024-03-18 14:25:09] [world] The Player <MonkeyTrainer> has dropped 1 of SANDSTONE at X= -589, Y= 57, Z= 334 that had [] enchantment(s) |  
[2024-03-18 14:25:24] [world] The Player <character> has dropped 56 of STONE at X= -453, Y= 65, Z= -491 that had [] enchantment(s) |  
[2024-03-18 14:25:29] [world] The Player <character> has dropped 56 of STONE at X= -453, Y= 65, Z= -491 that had [] enchantment(s) |  
[2024-03-18 14:26:33] [world] The Player <Tester> has dropped 31 of TORCH at X= -10121, Y= 24, Z= 4095 that had [] enchantment(s) |  
[2024-03-18 14:26:41] [world] The Player <Tester> has dropped 31 of TORCH at X= -10119, Y= 24, Z= 4106 that had [] enchantment(s) |  
[2024-03-18 14:26:49] [world] The Player <Tester> has dropped 31 of TORCH at X= -10114, Y= 25, Z= 4123 that had [] enchantment(s) |  
[2024-03-18 14:27:01] [world] The Player <WienerDogFace> has dropped 1 of DIAMOND BOOTS at X= -246, Y= 67, Z= 1073 that had [] enchantment(s) |  
[2024-03-18 14:27:06] [world] The Player <MrBlob2U> has dropped 1 of STRING at X= -245, Y= 67, Z= 1074 that had [] enchantment(s) |  
[2024-03-18 14:27:06] [world] The Player <MrBlob2U> has dropped 1 of STRING at X= -245, Y= 67, Z= 1074 that had [] enchantment(s) |  
[2024-03-18 14:27:50] [world] The Player <The_Amazing_Yao> has dropped 20 of STONE at X= 501, Y= 52, Z= 2236 that had [] enchantment(s) |  
[2024-03-18 14:28:07] [world] The Player <The_Amazing_Yao> has dropped 1 of ENDER PEARL at X= 501, Y= 53, Z= 2237 that had [] enchantment(s) |  
[2024-03-18 14:28:13] [world] The Player <The_Amazing_Yao> has dropped 20 of STONE at X= 501, Y= 52, Z= 2236 that had [] enchantment(s) |  
[2024-03-18 14:28:24] [world] The Player <MrBlob2U> has dropped 1 of FLINT at X= -485, Y= 73, Z= -497 that had [] enchantment(s) |  
[2024-03-18 14:29:23] [world] The Player <proman50> has dropped 1 of STONE PICKAXE at X= -745, Y= 47, Z= 324 that had [] enchantment(s) |  
[2024-03-18 14:29:26] [world] The Player <qwerty> has dropped 1 of POTION at X= -496, Y= 78, Z= -481 that had [] enchantment(s) |  
[2024-03-18 14:29:27] [world] The Player <sharky> has dropped 1 of IRON INGOT at X= -494, Y= 73, Z= -501 that had [] enchantment(s) |  
[2024-03-18 14:29:36] [world] The Player <qwerty> has dropped 1 of POTION at X= -497, Y= 78, Z= -481 that had [] enchantment(s) |  
[2024-03-18 14:29:45] [world] The Player <MrBlob2U> has dropped 1 of SANDSTONE at X= -500, Y= 78, Z= -481 that had [] enchantment(s) |  
[2024-03-18 14:31:21] [world] The Player <Rip_Dogwater> has dropped 1 of DIAMOND at X= -610, Y= 65, Z= 323 that had [] enchantment(s) |  
[2024-03-18 14:31:21] [world] The Player <Rip_Dogwater> has dropped 1 of DIAMOND at X= -610, Y= 65, Z= 323 that had [] enchantment(s) |  
[2024-03-18 14:31:21] [world] The Player <Rip_Dogwater> has dropped 1 of DIAMOND at X= -610, Y= 65, Z= 323 that had [] enchantment(s) |  
[2024-03-18 14:31:21] [world] The Player <Rip_Dogwater> has dropped 1 of DIAMOND at X= -610, Y= 65, Z= 323 that had [] enchantment(s) |  
[2024-03-18 14:31:22] [world] The Player <Rip_Dogwater> has dropped 1 of DIAMOND at X= -610, Y= 65, Z= 323 that had [] enchantment(s) |  
[2024-03-18 14:32:14] [world] The Player <MonkeyTrainer> has dropped 1 of IRON INGOT at X= -590, Y= 57, Z= 322 that had [] enchantment(s) |  
[2024-03-18 14:32:14] [world] The Player <MonkeyTrainer> has dropped 11 of STICK at X= -590, Y= 57, Z= 322 that had [] enchantment(s) |  
[2024-03-18 14:32:14] [world] The Player <MonkeyTrainer> has dropped 11 of STICK at X= -590, Y= 57, Z= 322 that had [] enchantment(s) |  
[2024-03-18 14:32:30] [world] The Player <MonkeyTrainer> has dropped 30 of STONE at X= -590, Y= 57, Z= 323 that had [] enchantment(s) |  
[2024-03-18 14:32:32] [world] The Player <The_Amazing_Yao> has dropped 2 of STICK at X= 513, Y= 11, Z= 2231 that had [] enchantment(s) |  
[2024-03-18 14:32:33] [world] The Player <The_Amazing_Yao> has dropped 20 of COBBLESTONE at X= 513, Y= 11, Z= 2231 that had [] enchantment(s) |  
[2024-03-18 14:32:47] [world] The Player <MonkeyTrainer> has dropped 42 of STONE at X= -590, Y= 57, Z= 323 that had [] enchantment(s) |  
[2024-03-18 14:32:49] [world] The Player <MonkeyTrainer> has dropped 30 of STONE at X= -590, Y= 57, Z= 323 that had [] enchantment(s) |  
[2024-03-18 14:32:54] [world] The Player <WienerDogFace> has dropped 15 of EMERALD at X= -450, Y= 12, Z= 1411 that had [] enchantment(s) |  
[2024-03-18 14:32:55] [world] The Player <MonkeyTrainer> has dropped 2 of SANDSTONE at X= -590, Y= 57, Z= 323 that had [] enchantment(s) |  
[2024-03-18 14:32:58] [world] The Player <Tester> has dropped 1 of ENCHANTED BOOK at X= -447, Y= 12, Z= 1411 that had [] enchantment(s) |  
[2024-03-18 14:34:20] [world] The Player <Rip_Dogwater> has dropped 8 of STONE at X= -10178, Y= 61, Z= 4120 that had [] enchantment(s) |  
[2024-03-18 14:34:24] [world] The Player <Rip_Dogwater> has dropped 1 of RED ROSE at X= -10178, Y= 61, Z= 4120 that had [] enchantment(s) |  
[2024-03-18 14:34:44] [world] The Player <Dave_TheCoolguy_> has dropped 1 of ARROW at X= -683, Y= 73, Z= 302 that had [] enchantment(s) |  
[2024-03-18 14:34:44] [world] The Player <Dave_TheCoolguy_> has dropped 1 of ARROW at X= -683, Y= 73, Z= 302 that had [] enchantment(s) |  
[2024-03-18 14:35:23] [world] The Player <MrBlob2U> has dropped 3 of STICK at X= -614, Y= 48, Z= 206 that had [] enchantment(s) |  
[2024-03-18 14:36:08] [world] The Player <Tester> has dropped 1 of WATER BUCKET at X= -429, Y= 13, Z= 1405 that had [] enchantment(s) |  
[2024-03-18 14:36:12] [world] The Player <WienerDogFace> has dropped 61 of INK SACK at X= -430, Y= 12, Z= 1405 that had [] enchantment(s) |  
[2024-03-18 14:36:50] [world] The Player <MrBlob2U> has dropped 64 of COBBLESTONE at X= -614, Y= 48, Z= 205 that had [] enchantment(s) |  
[2024-03-18 14:37:16] [world] The Player <MrBlob2U> has dropped 1 of COBBLESTONE at X= -614, Y= 48, Z= 206 that had [] enchantment(s) |  
[2024-03-18 14:37:43] [world] The Player <Dave_TheCoolguy_> has dropped 64 of LOG at X= -685, Y= 72, Z= 305 that had [] enchantment(s) |  
[2024-03-18 14:38:49] [world] The Player <Rip_Dogwater> has dropped 47 of COBBLESTONE at X= -10177, Y= 64, Z= 4114 that had [] enchantment(s) |  
[2024-03-18 14:38:59] [world] The Player <Rip_Dogwater> has dropped 48 of NETHERRACK at X= -10176, Y= 64, Z= 4113 that had [] enchantment(s) |  
[2024-03-18 14:41:02] [world] The Player <VeerIsKKK> has dropped 1 of COBBLESTONE at X= 510, Y= 105, Z= 2246 that had [] enchantment(s) |  
[2024-03-18 14:41:18] [world] The Player <Dave_TheCoolguy_> has dropped 1 of WOOD STAIRS at X= -682, Y= 73, Z= 315 that had [] enchantment(s) |  
[2024-03-18 14:41:19] [world] The Player <Dave_TheCoolguy_> has dropped 1 of COBBLESTONE STAIRS at X= -682, Y= 73, Z= 315 that had [] enchantment(s) |  
[2024-03-18 14:41:20] [world] The Player <Dave_TheCoolguy_> has dropped 1 of COBBLESTONE STAIRS at X= -682, Y= 73, Z= 315 that had [] enchantment(s) |  
[2024-03-18 14:41:39] [world] The Player <character> has dropped 1 of SADDLE at X= -683, Y= 62, Z= -43 that had [] enchantment(s) |  
[2024-03-18 14:41:47] [world] The Player <MrBlob2U> has dropped 1 of DIAMOND SWORD at X= -577, Y= 69, Z= 249 that had [] enchantment(s) |  
[2024-03-18 14:41:47] [world] The Player <MrBlob2U> has dropped 27 of INK SACK at X= -577, Y= 69, Z= 249 that had [] enchantment(s) |  
[2024-03-18 14:41:54] [world] The Player <Mudkips_Rule> has dropped 15 of SIGN at X= -1379, Y= 71, Z= -206 that had [] enchantment(s) |  
[2024-03-18 14:42:34] [world] The Player <Dave_TheCoolguy_> has dropped 1 of COBBLESTONE STAIRS at X= -692, Y= 72, Z= 299 that had [] enchantment(s) |  
[2024-03-18 14:42:34] [world] The Player <Dave_TheCoolguy_> has dropped 1 of COBBLESTONE STAIRS at X= -692, Y= 72, Z= 299 that had [] enchantment(s) |  
[2024-03-18 14:43:03] [world] The Player <qweqazz> has dropped 10 of EMERALD at X= -614, Y= 65, Z= 330 that had [] enchantment(s) |  
[2024-03-18 14:43:05] [world] The Player <WienerDogFace> has dropped 1 of TORCH at X= -437, Y= 13, Z= 1383 that had [] enchantment(s) |  
[2024-03-18 14:43:41] [world] The Player <WienerDogFace> has dropped 1 of STONE at X= -448, Y= 12, Z= 1410 that had [] enchantment(s) |  
[2024-03-18 14:43:41] [world] The Player <qweqazz> has dropped 7 of EMERALD at X= -613, Y= 65, Z= 325 that had [] enchantment(s) |  
[2024-03-18 14:43:49] [world] The Player <WienerDogFace> has dropped 2 of ROTTEN FLESH at X= -448, Y= 12, Z= 1411 that had [] enchantment(s) |  
[2024-03-18 14:44:14] [world] The Player <Dave_TheCoolguy_> has dropped 36 of LOG at X= -690, Y= 76, Z= 305 that had [] enchantment(s) |  
[2024-03-18 14:44:37] [world] The Player <The_Amazing_Yao> has dropped 1 of COBBLE WALL at X= 594, Y= 40, Z= 2300 that had [] enchantment(s) |  
[2024-03-18 14:44:39] [world] The Player <MrBlob2U> has dropped 27 of INK SACK at X= -577, Y= 69, Z= 248 that had [] enchantment(s) |  
[2024-03-18 14:50:07] [world] The Player <digbick> has dropped 1 of STICK at X= -681, Y= 73, Z= 299 that had [] enchantment(s) |  
[2024-03-18 15:12:22] [world] The Player <hexa> has dropped 1 of EMERALD at X= -572, Y= 70, Z= 314 that had [] enchantment(s) |  
[2024-03-18 15:12:22] [world] The Player <hexa> has dropped 1 of EMERALD at X= -572, Y= 70, Z= 314 that had [] enchantment(s) |  
[2024-03-18 15:12:22] [world] The Player <hexa> has dropped 1 of EMERALD at X= -572, Y= 70, Z= 314 that had [] enchantment(s) |  
[2024-03-18 15:12:22] [world] The Player <hexa> has dropped 1 of EMERALD at X= -572, Y= 70, Z= 314 that had [] enchantment(s) |  
[2024-03-18 15:12:22] [world] The Player <hexa> has dropped 1 of EMERALD at X= -572, Y= 70, Z= 314 that had [] enchantment(s) |  
[2024-03-18 15:12:22] [world] The Player <hexa> has dropped 1 of EMERALD at X= -572, Y= 70, Z= 314 that had [] enchantment(s) |  
[2024-03-18 15:13:30] [world] The Player <Rip_Dogwater> has dropped 17 of INK SACK at X= -576, Y= 69, Z= 249 that had [] enchantment(s) |  
[2024-03-18 15:13:45] [world] The Player <Rip_Dogwater> has dropped 1 of IRON INGOT at X= -576, Y= 69, Z= 246 that had [] enchantment(s) |  
[2024-03-18 15:13:46] [world] The Player <Rip_Dogwater> has dropped 1 of IRON INGOT at X= -576, Y= 69, Z= 246 that had [] enchantment(s) |  
[2024-03-18 15:13:46] [world] The Player <Rip_Dogwater> has dropped 1 of IRON INGOT at X= -576, Y= 69, Z= 246 that had [] enchantment(s) |  
[2024-03-18 15:13:46] [world] The Player <Rip_Dogwater> has dropped 1 of IRON INGOT at X= -576, Y= 69, Z= 246 that had [] enchantment(s) |  
[2024-03-18 15:13:46] [world] The Player <Rip_Dogwater> has dropped 1 of IRON INGOT at X= -576, Y= 69, Z= 246 that had [] enchantment(s) |  
[2024-03-18 15:13:47] [world] The Player <Rip_Dogwater> has dropped 1 of IRON INGOT at X= -576, Y= 69, Z= 246 that had [] enchantment(s) |  
[2024-03-18 15:13:47] [world] The Player <Rip_Dogwater> has dropped 1 of IRON INGOT at X= -576, Y= 69, Z= 246 that had [] enchantment(s) |  
[2024-03-18 15:13:47] [world] The Player <Rip_Dogwater> has dropped 1 of IRON INGOT at X= -576, Y= 69, Z= 246 that had [] enchantment(s) |  
[2024-03-18 15:13:47] [world] The Player <Rip_Dogwater> has dropped 1 of IRON INGOT at X= -576, Y= 69, Z= 246 that had [] enchantment(s) |  
[2024-03-18 15:13:48] [world] The Player <Rip_Dogwater> has dropped 1 of IRON INGOT at X= -576, Y= 69, Z= 246 that had [] enchantment(s) |  
[2024-03-18 15:14:08] [world] The Player <Rip_Dogwater> has dropped 12 of WOOD at X= -575, Y= 69, Z= 249 that had [] enchantment(s) |  
[2024-03-18 15:14:30] [world] The Player <hexa> has dropped 1 of WOOD at X= -622, Y= 68, Z= 238 that had [] enchantment(s) |  
[2024-03-18 15:14:30] [world] The Player <hexa> has dropped 1 of WOOD at X= -622, Y= 68, Z= 238 that had [] enchantment(s) |  
[2024-03-18 15:14:30] [world] The Player <hexa> has dropped 1 of WOOD at X= -622, Y= 68, Z= 238 that had [] enchantment(s) |  
[2024-03-18 15:14:30] [world] The Player <hexa> has dropped 1 of WOOD at X= -622, Y= 68, Z= 238 that had [] enchantment(s) |  
[2024-03-18 15:15:03] [world] The Player <hexa> has dropped 1 of WOOD at X= -619, Y= 68, Z= 232 that had [] enchantment(s) |  
[2024-03-18 15:15:03] [world] The Player <hexa> has dropped 1 of WOOD at X= -619, Y= 68, Z= 232 that had [] enchantment(s) |  
[2024-03-18 15:15:35] [world] The Player <hexa> has dropped 1 of IRON INGOT at X= -619, Y= 68, Z= 232 that had [] enchantment(s) |  
[2024-03-18 15:15:35] [world] The Player <hexa> has dropped 3 of IRON INGOT at X= -619, Y= 68, Z= 232 that had [] enchantment(s) |  
[2024-03-18 15:15:35] [world] The Player <hexa> has dropped 1 of IRON INGOT at X= -619, Y= 68, Z= 232 that had [] enchantment(s) |  
[2024-03-18 15:16:25] [world] The Player <Rip_Dogwater> has dropped 14 of IRON INGOT at X= -610, Y= 65, Z= 330 that had [] enchantment(s) |  
[2024-03-18 15:18:18] [world] The Player <hexa> has dropped 1 of STICK at X= -562, Y= 68, Z= 413 that had [] enchantment(s) |  
[2024-03-18 15:18:18] [world] The Player <hexa> has dropped 1 of STICK at X= -562, Y= 68, Z= 413 that had [] enchantment(s) |  
[2024-03-18 15:19:47] [world] The Player <sharky> has dropped 9 of SANDSTONE at X= -496, Y= 78, Z= -479 that had [] enchantment(s) |  
[2024-03-18 15:19:48] [world] The Player <sharky> has dropped 64 of SANDSTONE at X= -496, Y= 78, Z= -479 that had [] enchantment(s) |  
[2024-03-18 15:19:50] [world] The Player <sharky> has dropped 53 of SAND at X= -496, Y= 78, Z= -479 that had [] enchantment(s) |  
[2024-03-18 15:23:24] [world] The Player <Dave_TheCoolguy_> has dropped 1 of SEEDS at X= -696, Y= 74, Z= 279 that had [] enchantment(s) |  
[2024-03-18 15:24:17] [world_nether] The Player <qwerty> has dropped 2 of SUGAR CANE at X= -68, Y= 48, Z= 47 that had [] enchantment(s) |  
[2024-03-18 15:24:17] [world_nether] The Player <qwerty> has dropped 2 of SUGAR CANE at X= -68, Y= 48, Z= 47 that had [] enchantment(s) |  
[2024-03-18 15:24:17] [world_nether] The Player <qwerty> has dropped 2 of SUGAR CANE at X= -68, Y= 48, Z= 47 that had [] enchantment(s) |  
[2024-03-18 15:24:25] [world_nether] The Player <qwerty> has dropped 3 of PAPER at X= -68, Y= 48, Z= 47 that had [] enchantment(s) |  
[2024-03-18 15:24:25] [world_nether] The Player <qwerty> has dropped 3 of PAPER at X= -68, Y= 48, Z= 47 that had [] enchantment(s) |  
[2024-03-18 15:24:25] [world_nether] The Player <qwerty> has dropped 3 of PAPER at X= -68, Y= 48, Z= 47 that had [] enchantment(s) |  
[2024-03-18 15:24:36] [world_nether] The Player <qwerty> has dropped 1 of REDSTONE TORCH ON at X= -68, Y= 48, Z= 47 that had [] enchantment(s) |  
[2024-03-18 15:25:28] [world] The Player <Dave_TheCoolguy_> has dropped 24 of WOOD at X= -688, Y= 76, Z= 304 that had [] enchantment(s) |  
[2024-03-18 15:25:28] [world] The Player <Dave_TheCoolguy_> has dropped 23 of WOOD at X= -688, Y= 76, Z= 304 that had [] enchantment(s) |  
[2024-03-18 15:25:50] [world] The Player <qwerty> has dropped 1 of ENCHANTED BOOK at X= -577, Y= 69, Z= 250 that had [] enchantment(s) |  
[2024-03-18 15:27:23] [world] The Player <Dave_TheCoolguy_> has dropped 19 of WOOD at X= -688, Y= 76, Z= 304 that had [] enchantment(s) |  
[2024-03-18 15:31:59] [world_nether] The Player <WienerDogFace> has dropped 1 of STICK at X= -135, Y= 68, Z= -189 that had [] enchantment(s) |  
[2024-03-18 15:32:36] [world] The Player <qwerty> has dropped 7 of ROTTEN FLESH at X= -561, Y= 93, Z= 283 that had [] enchantment(s) |  
[2024-03-18 15:33:03] [world] The Player <qwerty> has dropped 17 of LEATHER at X= -495, Y= 73, Z= -499 that had [] enchantment(s) |  
[2024-03-18 15:33:51] [world] The Player <qwerty> has dropped 1 of GOLD SWORD at X= -584, Y= 69, Z= 271 that had [] enchantment(s) |  
[2024-03-18 15:34:37] [world] The Player <qwerty> has dropped 2 of SAPLING at X= -577, Y= 69, Z= 249 that had [] enchantment(s) |  
[2024-03-18 15:34:51] [world] The Player <qwerty> has dropped 1 of GOLD SWORD at X= -577, Y= 69, Z= 249 that had [] enchantment(s) |  
[2024-03-18 15:38:07] [world] The Player <qwerty> has dropped 15 of LEATHER at X= -494, Y= 73, Z= -501 that had [] enchantment(s) |  
[2024-03-18 15:39:16] [world] The Player <qwerty> has dropped 2 of INK SACK at X= -577, Y= 69, Z= 248 that had [] enchantment(s) |  
[2024-03-18 15:40:24] [world] The Player <WienerDogFace> has dropped 1 of DIAMOND BOOTS at X= -456, Y= 11, Z= 1320 that had [Protection 4, Depth Strider 3, Feather Falling 4, Unbreaking 3, Thorns 3] enchantment(s) | Beautiful Toes
[2024-03-18 15:40:25] [world] The Player <WienerDogFace> has dropped 1 of DIAMOND HELMET at X= -456, Y= 11, Z= 1320 that had [Protection 4, Unbreaking 3, Aqua Affinity 1, Thorns 3] enchantment(s) | Sexy Face
[2024-03-18 15:40:30] [world] The Player <WienerDogFace> has dropped 5 of DIAMOND at X= -456, Y= 11, Z= 1320 that had [] enchantment(s) |  
[2024-03-18 15:41:31] [world] The Player <WienerDogFace> has dropped 1 of DIAMOND BOOTS at X= -456, Y= 11, Z= 1321 that had [Protection 4, Depth Strider 3, Feather Falling 4, Unbreaking 3, Thorns 3] enchantment(s) | Beautiful Toes
[2024-03-18 15:41:40] [world] The Player <character> has dropped 64 of COBBLESTONE at X= -734, Y= 36, Z= 172 that had [] enchantment(s) |  
[2024-03-18 15:42:01] [world] The Player <WienerDogFace> has dropped 2 of ROTTEN FLESH at X= -456, Y= 11, Z= 1323 that had [] enchantment(s) |  
[2024-03-18 15:42:02] [world] The Player <WienerDogFace> has dropped 4 of SEEDS at X= -456, Y= 11, Z= 1323 that had [] enchantment(s) |  
[2024-03-18 15:42:05] [world] The Player <WienerDogFace> has dropped 25 of REDSTONE at X= -456, Y= 11, Z= 1323 that had [] enchantment(s) |  
[2024-03-18 15:42:06] [world] The Player <WienerDogFace> has dropped 1 of STONE at X= -456, Y= 11, Z= 1323 that had [] enchantment(s) |  
[2024-03-18 15:42:08] [world] The Player <WienerDogFace> has dropped 24 of NETHER BRICK at X= -456, Y= 11, Z= 1323 that had [] enchantment(s) |  
[2024-03-18 15:42:09] [world] The Player <WienerDogFace> has dropped 2 of NETHER BRICK STAIRS at X= -456, Y= 11, Z= 1323 that had [] enchantment(s) |  
[2024-03-18 15:49:00] [world] The Player <WienerDogFace> has dropped 8 of STONE at X= -978, Y= 12, Z= 1144 that had [] enchantment(s) |  
[2024-03-18 15:49:02] [world] The Player <WienerDogFace> has dropped 4 of STONE at X= -978, Y= 12, Z= 1144 that had [] enchantment(s) |  
[2024-03-18 15:49:03] [world] The Player <WienerDogFace> has dropped 1 of ROTTEN FLESH at X= -978, Y= 12, Z= 1144 that had [] enchantment(s) |  
[2024-03-18 15:49:04] [world] The Player <WienerDogFace> has dropped 3 of STONE at X= -978, Y= 12, Z= 1144 that had [] enchantment(s) |  
[2024-03-18 15:49:05] [world] The Player <WienerDogFace> has dropped 38 of REDSTONE at X= -978, Y= 12, Z= 1144 that had [] enchantment(s) |  
[2024-03-18 15:53:32] [world] The Player <Rip_Dogwater> has dropped 1 of SLIME BALL at X= -545, Y= 69, Z= 253 that had [] enchantment(s) |  
[2024-03-18 15:53:51] [world] The Player <Rip_Dogwater> has dropped 1 of DIAMOND at X= -575, Y= 69, Z= 316 that had [] enchantment(s) |  
[2024-03-18 15:53:51] [world] The Player <Rip_Dogwater> has dropped 1 of DIAMOND at X= -575, Y= 69, Z= 316 that had [] enchantment(s) |  
[2024-03-18 15:55:58] [world] The Player <A_Random_Person> has dropped 1 of DIAMOND SWORD at X= -1094, Y= 67, Z= 234 that had [Sharpness 4, Looting 3, Knockback 2] enchantment(s) | Upgraded Bing Bong Sword
[2024-03-18 15:55:59] [world] The Player <WienerDogFace> has dropped 8 of COBBLESTONE at X= -1026, Y= 11, Z= 1142 that had [] enchantment(s) |  
[2024-03-18 15:56:11] [world] The Player <NezukoChan> has dropped 1 of COBBLESTONE at X= -604, Y= 69, Z= 304 that had [] enchantment(s) |  
[2024-03-18 15:56:13] [world] The Player <NezukoChan> has dropped 1 of COBBLESTONE at X= -604, Y= 69, Z= 304 that had [] enchantment(s) |  
[2024-03-18 15:56:45] [world] The Player <qwerty> has dropped 4 of WOOD at X= -495, Y= 73, Z= -498 that had [] enchantment(s) |  
[2024-03-18 15:56:54] [world] The Player <NezukoChan> has dropped 24 of COOKED BEEF at X= -706, Y= 66, Z= 262 that had [] enchantment(s) |  
[2024-03-18 16:01:34] [world] The Player <WienerDogFace> has dropped 17 of STONE at X= -1084, Y= 12, Z= 1175 that had [] enchantment(s) |  
[2024-03-18 16:11:17] [world] The Player <Mudkips_Rule> has dropped 1 of PISTON BASE at X= -1356, Y= 68, Z= -238 that had [] enchantment(s) |  
[2024-03-18 19:18:13] [world] The Player <Sword4001> has dropped 5 of SPIDER EYE at X= -621, Y= 68, Z= 231 that had [] enchantment(s) |  
[2024-03-18 19:19:46] [world] The Player <Sword4001> has dropped 17 of BONE at X= -587, Y= 69, Z= 240 that had [] enchantment(s) |  
[2024-03-18 19:21:36] [world] The Player <Sword4001> has dropped 7 of QUARTZ at X= -620, Y= 69, Z= 241 that had [] enchantment(s) |  
[2024-03-18 19:53:22] [world] The Player <Gakzilla> has dropped 1 of GOLD CHESTPLATE at X= -573, Y= 69, Z= 316 that had [] enchantment(s) |  
[2024-03-18 19:53:36] [world] The Player <Gakzilla> has dropped 1 of GOLD CHESTPLATE at X= -572, Y= 70, Z= 320 that had [] enchantment(s) |  
[2024-03-18 20:18:59] [world] The Player <TurtleDuck> has dropped 1 of SPRUCE FENCE at X= -520, Y= 73, Z= 157 that had [] enchantment(s) |  
[2024-03-18 20:19:37] [world] The Player <TurtleDuck> has dropped 2 of ACTIVATOR RAIL at X= -529, Y= 73, Z= 157 that had [] enchantment(s) |  
[2024-03-18 20:34:59] [world] The Player <Milk_Frog> has dropped 1 of LEASH at X= 3996, Y= 66, Z= -1838 that had [] enchantment(s) |  
[2024-03-18 20:36:27] [world] The Player <Corner1> has dropped 1 of NAME TAG at X= 4001, Y= 67, Z= -1854 that had [] enchantment(s) |  
[2024-03-18 20:36:33] [world] The Player <Milk_Frog> has dropped 1 of LEASH at X= 3997, Y= 66, Z= -1852 that had [] enchantment(s) |  
[2024-03-18 20:36:43] [world] The Player <Milk_Frog> has dropped 1 of LEASH at X= 3999, Y= 66, Z= -1856 that had [] enchantment(s) |  
[2024-03-18 20:37:14] [world] The Player <Corner1> has dropped 1 of GRASS at X= 4000, Y= 66, Z= -1854 that had [] enchantment(s) |  
[2024-03-18 20:38:00] [world] The Player <Sword4001> has dropped 1 of ENDER PEARL at X= 3999, Y= 67, Z= -1854 that had [] enchantment(s) |  
[2024-03-18 20:38:00] [world] The Player <Sword4001> has dropped 1 of ENDER PEARL at X= 3999, Y= 67, Z= -1854 that had [] enchantment(s) |  
[2024-03-18 20:38:00] [world] The Player <Sword4001> has dropped 1 of ENDER PEARL at X= 3999, Y= 67, Z= -1854 that had [] enchantment(s) |  
[2024-03-18 20:38:00] [world] The Player <Sword4001> has dropped 1 of ENDER PEARL at X= 3999, Y= 67, Z= -1854 that had [] enchantment(s) |  
[2024-03-18 20:38:56] [world] The Player <Sword4001> has dropped 1 of LEASH at X= 3993, Y= 66, Z= -1858 that had [] enchantment(s) |  
[2024-03-18 21:09:07] [world] The Player <character> has dropped 2 of SANDSTONE at X= -728, Y= 32, Z= 167 that had [] enchantment(s) |  
[2024-03-18 21:12:09] [world] The Player <character> has dropped 1 of COBBLESTONE at X= -736, Y= 12, Z= 111 that had [] enchantment(s) |  
[2024-03-18 21:14:27] [world] The Player <character> has dropped 64 of COBBLESTONE at X= -738, Y= 12, Z= 100 that had [] enchantment(s) |  
[2024-03-18 21:14:29] [world] The Player <character> has dropped 3 of STONE at X= -738, Y= 12, Z= 100 that had [] enchantment(s) |  
[2024-03-18 21:17:10] [world] The Player <character> has dropped 2 of STONE at X= -730, Y= 16, Z= 93 that had [] enchantment(s) |  
[2024-03-18 21:21:10] [world] The Player <character> has dropped 64 of COBBLESTONE at X= -689, Y= 16, Z= 73 that had [] enchantment(s) |  
[2024-03-18 21:21:11] [world] The Player <character> has dropped 1 of COBBLESTONE at X= -689, Y= 16, Z= 73 that had [] enchantment(s) |  
[2024-03-18 21:22:51] [world] The Player <character> has dropped 2 of SANDSTONE at X= -734, Y= 11, Z= 179 that had [] enchantment(s) |  
[2024-03-18 21:34:38] [world] The Player <character> has dropped 64 of COBBLESTONE at X= -736, Y= 13, Z= 238 that had [] enchantment(s) |  
[2024-03-18 21:42:42] [world] The Player <character> has dropped 64 of COBBLESTONE at X= -734, Y= 10, Z= 279 that had [] enchantment(s) |  
[2024-03-18 21:45:44] [world] The Player <character> has dropped 64 of COBBLESTONE at X= -739, Y= 12, Z= 291 that had [] enchantment(s) |  
[2024-03-18 21:50:50] [world] The Player <character> has dropped 1 of FISHING ROD at X= -554, Y= 67, Z= 295 that had [] enchantment(s) |  
[2024-03-18 21:54:17] [world] The Player <TurtleDuck> has dropped 6 of POWERED RAIL at X= -563, Y= 73, Z= 285 that had [] enchantment(s) |  
[2024-03-18 21:55:23] [world] The Player <TurtleDuck> has dropped 1 of MONSTER EGG at X= -573, Y= 69, Z= 282 that had [] enchantment(s) |  
[2024-03-18 21:57:00] [world] The Player <TurtleDuck> has dropped 1 of MONSTER EGG at X= -582, Y= 73, Z= 280 that had [] enchantment(s) |  
[2024-03-19 00:25:49] [world] The Player <TurtleDuck> has dropped 1 of MONSTER EGG at X= -564, Y= 73, Z= 283 that had [] enchantment(s) |  
[2024-03-19 00:26:40] [world] The Player <TurtleDuck> has dropped 2 of REDSTONE TORCH ON at X= -562, Y= 73, Z= 284 that had [] enchantment(s) |  
[2024-03-19 00:27:44] [world] The Player <TurtleDuck> has dropped 1 of REDSTONE BLOCK at X= -564, Y= 76, Z= 278 that had [] enchantment(s) |  
[2024-03-19 00:27:48] [world] The Player <TurtleDuck> has dropped 1 of ANVIL at X= -564, Y= 76, Z= 278 that had [] enchantment(s) |  
[2024-03-19 00:36:39] [world] The Player <TurtleDuck> has dropped 1 of LEVER at X= -576, Y= 73, Z= 282 that had [] enchantment(s) |  
[2024-03-19 00:37:31] [world] The Player <TurtleDuck> has dropped 1 of TRAP DOOR at X= -556, Y= 74, Z= 281 that had [] enchantment(s) |  
[2024-03-19 00:41:36] [world] The Player <Milk_Frog> has dropped 1 of WATCH at X= 3988, Y= 66, Z= -1849 that had [] enchantment(s) |  
[2024-03-19 00:43:03] [world] The Player <Milk_Frog> has dropped 1 of GRASS at X= 3978, Y= 68, Z= -1856 that had [] enchantment(s) |  
[2024-03-19 00:46:37] [world] The Player <TurtleDuck> has dropped 1 of BONE at X= -571, Y= 62, Z= 281 that had [] enchantment(s) |  
[2024-03-19 00:46:45] [world] The Player <TurtleDuck> has dropped 1 of NAME TAG at X= -571, Y= 62, Z= 281 that had [] enchantment(s) | doggo
[2024-03-19 00:51:35] [world] The Player <TurtleDuck> has dropped 1 of REDSTONE at X= -571, Y= 58, Z= 278 that had [] enchantment(s) |  
[2024-03-19 00:56:26] [world] The Player <Milk_Frog> has dropped 1 of NOTE BLOCK at X= 3996, Y= 67, Z= -1833 that had [] enchantment(s) |  
[2024-03-19 00:58:00] [world] The Player <TurtleDuck> has dropped 1 of WOOD at X= -570, Y= 56, Z= 270 that had [] enchantment(s) |  
[2024-03-19 01:01:15] [world] The Player <TurtleDuck> has dropped 1 of STONE at X= -577, Y= 57, Z= 273 that had [] enchantment(s) |  
[2024-03-19 01:02:49] [world] The Player <TurtleDuck> has dropped 1 of LOG at X= -570, Y= 57, Z= 270 that had [] enchantment(s) |  
[2024-03-19 01:07:16] [world] The Player <TurtleDuck> has dropped 5 of LEVER at X= -577, Y= 57, Z= 270 that had [] enchantment(s) |  
[2024-03-19 01:07:21] [world] The Player <TurtleDuck> has dropped 1 of TNT at X= -577, Y= 57, Z= 270 that had [] enchantment(s) |  
[2024-03-19 01:07:24] [world] The Player <TurtleDuck> has dropped 1 of REDSTONE BLOCK at X= -577, Y= 57, Z= 270 that had [] enchantment(s) |  
[2024-03-19 01:07:27] [world] The Player <TurtleDuck> has dropped 1 of REDSTONE LAMP OFF at X= -577, Y= 57, Z= 270 that had [] enchantment(s) |  
[2024-03-19 01:07:32] [world] The Player <TurtleDuck> has dropped 1 of SPRUCE WOOD STAIRS at X= -577, Y= 57, Z= 270 that had [] enchantment(s) |  
[2024-03-19 01:07:39] [world] The Player <TurtleDuck> has dropped 1 of SPRUCE FENCE at X= -577, Y= 57, Z= 270 that had [] enchantment(s) |  
[2024-03-19 01:09:17] [world] The Player <TurtleDuck> has dropped 1 of JUKEBOX at X= -570, Y= 57, Z= 270 that had [] enchantment(s) |  
[2024-03-19 01:10:14] [world] The Player <TurtleDuck> has dropped 1 of ITEM FRAME at X= -571, Y= 57, Z= 270 that had [] enchantment(s) |  
[2024-03-19 01:10:41] [world] The Player <TurtleDuck> has dropped 1 of DIAMOND HELMET at X= -567, Y= 57, Z= 271 that had [] enchantment(s) |  
[2024-03-19 01:10:45] [world] The Player <TurtleDuck> has dropped 1 of DIAMOND HELMET at X= -567, Y= 57, Z= 271 that had [] enchantment(s) |  
[2024-03-19 01:10:51] [world] The Player <TurtleDuck> has dropped 1 of DIAMOND CHESTPLATE at X= -567, Y= 57, Z= 270 that had [] enchantment(s) |  
[2024-03-19 01:10:53] [world] The Player <TurtleDuck> has dropped 1 of DIAMOND CHESTPLATE at X= -567, Y= 57, Z= 270 that had [] enchantment(s) |  
[2024-03-19 01:10:55] [world] The Player <TurtleDuck> has dropped 1 of DIAMOND LEGGINGS at X= -567, Y= 57, Z= 270 that had [] enchantment(s) |  
[2024-03-19 01:10:55] [world] The Player <TurtleDuck> has dropped 1 of DIAMOND BOOTS at X= -567, Y= 57, Z= 270 that had [] enchantment(s) |  
[2024-03-19 01:10:57] [world] The Player <TurtleDuck> has dropped 1 of DIAMOND LEGGINGS at X= -567, Y= 57, Z= 270 that had [] enchantment(s) |  
[2024-03-19 01:10:58] [world] The Player <TurtleDuck> has dropped 1 of TRAP DOOR at X= -567, Y= 57, Z= 270 that had [] enchantment(s) |  
[2024-03-19 01:10:59] [world] The Player <TurtleDuck> has dropped 1 of DIAMOND BOOTS at X= -567, Y= 57, Z= 270 that had [] enchantment(s) |  
