[2024-03-24 21:49:06] [world] The Player <GolemDaWanderer> has dropped 1 of BOW at X= -615, Y= 71, Z= 311 that had [] enchantment(s) |  
[2024-03-24 21:49:06] [world] The Player <GolemDaWanderer> has dropped 1 of BOW at X= -615, Y= 71, Z= 311 that had [] enchantment(s) |  
[2024-03-24 21:52:21] [world] The Player <GolemDaWanderer> has dropped 1 of BOW at X= -10297, Y= 36, Z= 4029 that had [] enchantment(s) |  
[2024-03-24 21:52:22] [world] The Player <GolemDaWanderer> has dropped 1 of BOW at X= -10297, Y= 36, Z= 4029 that had [] enchantment(s) |  
[2024-03-24 21:52:22] [world] The Player <GolemDaWanderer> has dropped 1 of BOW at X= -10297, Y= 36, Z= 4029 that had [] enchantment(s) |  
[2024-03-24 21:52:23] [world] The Player <GolemDaWanderer> has dropped 1 of BOW at X= -10297, Y= 36, Z= 4029 that had [] enchantment(s) |  
[2024-03-24 21:52:28] [world] The Player <GolemDaWanderer> has dropped 1 of BOW at X= -10297, Y= 36, Z= 4028 that had [] enchantment(s) |  
[2024-03-24 21:52:28] [world] The Player <GolemDaWanderer> has dropped 1 of BOW at X= -10297, Y= 36, Z= 4028 that had [] enchantment(s) |  
[2024-03-24 21:54:04] [world] The Player <GolemDaWanderer> has dropped 1 of BOW at X= -10301, Y= 40, Z= 4029 that had [] enchantment(s) |  
[2024-03-24 21:54:05] [world] The Player <GolemDaWanderer> has dropped 1 of BONE at X= -10301, Y= 40, Z= 4029 that had [] enchantment(s) |  
[2024-03-24 21:55:23] [world] The Player <NezukoChan> has dropped 1 of DIAMOND SWORD at X= -10298, Y= 35, Z= 4029 that had [Sharpness 5, Unbreaking 3, Knockback 2, Fire Aspect 2, Looting 3] enchantment(s) | Abyssal Fury
[2024-03-24 21:55:28] [world] The Player <NezukoChan> has dropped 1 of BOW at X= -10298, Y= 36, Z= 4030 that had [] enchantment(s) |  
[2024-03-24 21:55:37] [world_the_end] The Player <GolemDaWanderer> has dropped 1 of COOKED BEEF at X= 14, Y= 23, Z= 86 that had [] enchantment(s) |  
[2024-03-24 21:56:45] [world] The Player <NezukoChan> has dropped 1 of BOW at X= -10298, Y= 36, Z= 4029 that had [] enchantment(s) |  
[2024-03-24 21:56:47] [world] The Player <NezukoChan> has dropped 1 of BOW at X= -573, Y= 69, Z= 316 that had [] enchantment(s) |  
[2024-03-24 22:02:30] [world_the_end] The Player <GolemDaWanderer> has dropped 1 of ROTTEN FLESH at X= 73, Y= 60, Z= -1 that had [] enchantment(s) |  
[2024-03-24 22:03:00] [world] The Player <GolemDaWanderer> has dropped 1 of BOW at X= -10299, Y= 37, Z= 4031 that had [] enchantment(s) |  
[2024-03-24 22:03:01] [world] The Player <GolemDaWanderer> has dropped 1 of BOW at X= -10299, Y= 37, Z= 4031 that had [] enchantment(s) |  
[2024-03-24 22:06:27] [world] The Player <NezukoChan> has dropped 64 of BONE at X= -10300, Y= 38, Z= 4031 that had [] enchantment(s) |  
[2024-03-24 22:06:29] [world] The Player <NezukoChan> has dropped 29 of BONE at X= -10300, Y= 38, Z= 4031 that had [] enchantment(s) |  
[2024-03-24 22:06:30] [world] The Player <NezukoChan> has dropped 1 of BOW at X= -10300, Y= 38, Z= 4031 that had [] enchantment(s) |  
[2024-03-24 22:06:30] [world] The Player <NezukoChan> has dropped 1 of BOW at X= -10300, Y= 38, Z= 4031 that had [] enchantment(s) |  
[2024-03-24 22:06:32] [world] The Player <NezukoChan> has dropped 1 of BOW at X= -10300, Y= 38, Z= 4031 that had [] enchantment(s) |  
[2024-03-24 22:11:39] [world] The Player <Tester> has dropped 1 of MOB SPAWNER at X= -10301, Y= 52, Z= 4025 that had [] enchantment(s) |  
[2024-03-24 22:14:31] [world] The Player <NezukoChan> has dropped 1 of STONE at X= -10300, Y= 49, Z= 4035 that had [] enchantment(s) |  
[2024-03-24 22:14:38] [world] The Player <NezukoChan> has dropped 1 of DIRT at X= -10300, Y= 49, Z= 4035 that had [] enchantment(s) |  
[2024-03-24 22:14:39] [world] The Player <NezukoChan> has dropped 1 of DIRT at X= -10300, Y= 49, Z= 4035 that had [] enchantment(s) |  
[2024-03-24 22:14:40] [world] The Player <NezukoChan> has dropped 1 of DIRT at X= -10300, Y= 49, Z= 4035 that had [] enchantment(s) |  
[2024-03-24 22:14:41] [world] The Player <NezukoChan> has dropped 1 of DIRT at X= -10300, Y= 49, Z= 4035 that had [] enchantment(s) |  
[2024-03-24 22:14:41] [world] The Player <NezukoChan> has dropped 1 of DIRT at X= -10300, Y= 49, Z= 4035 that had [] enchantment(s) |  
[2024-03-24 22:14:41] [world] The Player <NezukoChan> has dropped 1 of DIRT at X= -10300, Y= 49, Z= 4035 that had [] enchantment(s) |  
[2024-03-24 22:16:20] [world] The Player <GolemDaWanderer> has dropped 32 of BONE at X= -10301, Y= 30, Z= 4028 that had [] enchantment(s) |  
[2024-03-24 22:22:56] [world] The Player <NezukoChan> has dropped 1 of DIAMOND SWORD at X= -10298, Y= 36, Z= 4031 that had [Sharpness 5, Unbreaking 3, Knockback 2, Fire Aspect 2, Looting 3] enchantment(s) | Abyssal Fury
[2024-03-24 22:24:50] [world] The Player <NezukoChan> has dropped 1 of COBBLESTONE at X= -10295, Y= 36, Z= 4028 that had [] enchantment(s) |  
[2024-03-24 22:25:31] [world] The Player <NezukoChan> has dropped 1 of BOW at X= -10299, Y= 36, Z= 4024 that had [] enchantment(s) |  
[2024-03-24 22:26:40] [world] The Player <NezukoChan> has dropped 1 of BOW at X= -10298, Y= 36, Z= 4025 that had [] enchantment(s) |  
[2024-03-24 22:29:45] [world] The Player <NezukoChan> has dropped 1 of BOW at X= -10299, Y= 36, Z= 4028 that had [] enchantment(s) |  
[2024-03-24 22:54:28] [world] The Player <GolemDaWanderer> has dropped 1 of WRITTEN BOOK at X= -10215, Y= 67, Z= 4108 that had [] enchantment(s) |  
[2024-03-24 22:54:29] [world] The Player <GolemDaWanderer> has dropped 1 of WRITTEN BOOK at X= -10215, Y= 67, Z= 4108 that had [] enchantment(s) |  
[2024-03-24 22:54:29] [world] The Player <GolemDaWanderer> has dropped 1 of WRITTEN BOOK at X= -10215, Y= 67, Z= 4108 that had [] enchantment(s) |  
[2024-03-24 22:54:29] [world] The Player <GolemDaWanderer> has dropped 1 of WRITTEN BOOK at X= -10215, Y= 67, Z= 4108 that had [] enchantment(s) |  
[2024-03-24 22:54:29] [world] The Player <GolemDaWanderer> has dropped 1 of WRITTEN BOOK at X= -10215, Y= 67, Z= 4108 that had [] enchantment(s) |  
[2024-03-24 22:54:30] [world] The Player <GolemDaWanderer> has dropped 1 of WRITTEN BOOK at X= -10215, Y= 67, Z= 4108 that had [] enchantment(s) |  
[2024-03-24 22:56:07] [world_the_end] The Player <GolemDaWanderer> has dropped 1 of POWERED RAIL at X= 9, Y= 47, Z= -1 that had [] enchantment(s) |  
[2024-03-24 22:56:07] [world_the_end] The Player <GolemDaWanderer> has dropped 1 of POWERED RAIL at X= 8, Y= 47, Z= -1 that had [] enchantment(s) |  
[2024-03-24 22:56:56] [world_the_end] The Player <GolemDaWanderer> has dropped 1 of POWERED RAIL at X= 16, Y= 47, Z= -1 that had [] enchantment(s) |  
[2024-03-24 22:56:57] [world_the_end] The Player <GolemDaWanderer> has dropped 1 of POWERED RAIL at X= 18, Y= 47, Z= -1 that had [] enchantment(s) |  
[2024-03-24 23:01:29] [world] The Player <GolemDaWanderer> has dropped 1 of LAVA BUCKET at X= -10154, Y= 64, Z= 4116 that had [] enchantment(s) |  
[2024-03-24 23:03:38] [world] The Player <Tester> has dropped 55 of TORCH at X= -10301, Y= 34, Z= 4029 that had [] enchantment(s) |  
[2024-03-24 23:08:52] [world] The Player <GolemDaWanderer> has dropped 1 of STONE at X= -10164, Y= 64, Z= 4109 that had [] enchantment(s) |  
[2024-03-24 23:13:14] [world] The Player <GolemDaWanderer> has dropped 1 of SEEDS at X= -10165, Y= 64, Z= 4109 that had [] enchantment(s) |  
[2024-03-24 23:13:14] [world] The Player <GolemDaWanderer> has dropped 1 of SEEDS at X= -10165, Y= 64, Z= 4109 that had [] enchantment(s) |  
[2024-03-24 23:13:14] [world] The Player <GolemDaWanderer> has dropped 1 of SEEDS at X= -10165, Y= 64, Z= 4109 that had [] enchantment(s) |  
[2024-03-24 23:13:15] [world] The Player <GolemDaWanderer> has dropped 1 of SEEDS at X= -10165, Y= 64, Z= 4109 that had [] enchantment(s) |  
[2024-03-24 23:13:15] [world] The Player <GolemDaWanderer> has dropped 1 of SEEDS at X= -10165, Y= 64, Z= 4109 that had [] enchantment(s) |  
[2024-03-24 23:13:15] [world] The Player <GolemDaWanderer> has dropped 1 of SEEDS at X= -10165, Y= 64, Z= 4109 that had [] enchantment(s) |  
[2024-03-24 23:13:15] [world] The Player <GolemDaWanderer> has dropped 1 of SEEDS at X= -10165, Y= 64, Z= 4109 that had [] enchantment(s) |  
[2024-03-24 23:13:15] [world] The Player <GolemDaWanderer> has dropped 1 of SEEDS at X= -10165, Y= 64, Z= 4109 that had [] enchantment(s) |  
[2024-03-24 23:13:15] [world] The Player <GolemDaWanderer> has dropped 1 of SEEDS at X= -10165, Y= 64, Z= 4109 that had [] enchantment(s) |  
[2024-03-24 23:13:16] [world] The Player <GolemDaWanderer> has dropped 1 of SEEDS at X= -10165, Y= 64, Z= 4109 that had [] enchantment(s) |  
[2024-03-24 23:15:05] [world] The Player <GolemDaWanderer> has dropped 1 of INK SACK at X= -10164, Y= 64, Z= 4108 that had [] enchantment(s) |  
[2024-03-24 23:15:39] [world] The Player <GolemDaWanderer> has dropped 1 of SEEDS at X= -10164, Y= 64, Z= 4108 that had [] enchantment(s) |  
[2024-03-24 23:15:39] [world] The Player <GolemDaWanderer> has dropped 1 of SEEDS at X= -10164, Y= 64, Z= 4108 that had [] enchantment(s) |  
[2024-03-24 23:15:39] [world] The Player <GolemDaWanderer> has dropped 1 of SEEDS at X= -10164, Y= 64, Z= 4108 that had [] enchantment(s) |  
[2024-03-24 23:15:39] [world] The Player <GolemDaWanderer> has dropped 1 of SEEDS at X= -10164, Y= 64, Z= 4108 that had [] enchantment(s) |  
[2024-03-24 23:15:40] [world] The Player <GolemDaWanderer> has dropped 1 of SEEDS at X= -10164, Y= 64, Z= 4108 that had [] enchantment(s) |  
[2024-03-24 23:15:40] [world] The Player <GolemDaWanderer> has dropped 1 of SEEDS at X= -10164, Y= 64, Z= 4108 that had [] enchantment(s) |  
[2024-03-24 23:15:40] [world] The Player <GolemDaWanderer> has dropped 1 of SEEDS at X= -10164, Y= 64, Z= 4108 that had [] enchantment(s) |  
[2024-03-24 23:15:40] [world] The Player <GolemDaWanderer> has dropped 1 of SEEDS at X= -10164, Y= 64, Z= 4108 that had [] enchantment(s) |  
[2024-03-24 23:15:40] [world] The Player <GolemDaWanderer> has dropped 1 of SEEDS at X= -10164, Y= 64, Z= 4108 that had [] enchantment(s) |  
[2024-03-24 23:15:40] [world] The Player <GolemDaWanderer> has dropped 1 of SEEDS at X= -10164, Y= 64, Z= 4108 that had [] enchantment(s) |  
[2024-03-24 23:15:41] [world] The Player <GolemDaWanderer> has dropped 1 of SEEDS at X= -10164, Y= 64, Z= 4108 that had [] enchantment(s) |  
[2024-03-24 23:15:41] [world] The Player <GolemDaWanderer> has dropped 1 of SEEDS at X= -10164, Y= 64, Z= 4108 that had [] enchantment(s) |  
[2024-03-24 23:15:41] [world] The Player <GolemDaWanderer> has dropped 1 of SEEDS at X= -10164, Y= 64, Z= 4108 that had [] enchantment(s) |  
[2024-03-24 23:15:41] [world] The Player <GolemDaWanderer> has dropped 1 of SEEDS at X= -10164, Y= 64, Z= 4108 that had [] enchantment(s) |  
[2024-03-24 23:15:41] [world] The Player <GolemDaWanderer> has dropped 1 of SEEDS at X= -10164, Y= 64, Z= 4108 that had [] enchantment(s) |  
[2024-03-24 23:15:41] [world] The Player <GolemDaWanderer> has dropped 1 of SEEDS at X= -10164, Y= 64, Z= 4108 that had [] enchantment(s) |  
[2024-03-24 23:15:42] [world] The Player <GolemDaWanderer> has dropped 1 of SEEDS at X= -10164, Y= 64, Z= 4108 that had [] enchantment(s) |  
[2024-03-24 23:15:42] [world] The Player <GolemDaWanderer> has dropped 1 of SEEDS at X= -10164, Y= 64, Z= 4108 that had [] enchantment(s) |  
[2024-03-24 23:15:42] [world] The Player <GolemDaWanderer> has dropped 1 of SEEDS at X= -10164, Y= 64, Z= 4108 that had [] enchantment(s) |  
[2024-03-24 23:20:16] [world] The Player <GolemDaWanderer> has dropped 1 of WHEAT at X= -10169, Y= 65, Z= 4118 that had [] enchantment(s) |  
[2024-03-24 23:20:16] [world] The Player <GolemDaWanderer> has dropped 1 of WHEAT at X= -10169, Y= 65, Z= 4118 that had [] enchantment(s) |  
[2024-03-24 23:20:29] [world] The Player <GolemDaWanderer> has dropped 1 of BREAD at X= -10175, Y= 65, Z= 4124 that had [] enchantment(s) |  
[2024-03-24 23:20:29] [world] The Player <GolemDaWanderer> has dropped 1 of BREAD at X= -10175, Y= 65, Z= 4124 that had [] enchantment(s) |  
[2024-03-24 23:20:29] [world] The Player <GolemDaWanderer> has dropped 1 of BREAD at X= -10175, Y= 65, Z= 4124 that had [] enchantment(s) |  
[2024-03-24 23:22:42] [world] The Player <GolemDaWanderer> has dropped 1 of WATER LILY at X= -10178, Y= 64, Z= 4113 that had [] enchantment(s) |  
[2024-03-24 23:22:43] [world] The Player <GolemDaWanderer> has dropped 1 of DIRT at X= -10178, Y= 64, Z= 4113 that had [] enchantment(s) |  
[2024-03-24 23:22:43] [world] The Player <GolemDaWanderer> has dropped 1 of DIRT at X= -10178, Y= 64, Z= 4113 that had [] enchantment(s) |  
[2024-03-24 23:22:43] [world] The Player <GolemDaWanderer> has dropped 1 of DIRT at X= -10178, Y= 64, Z= 4113 that had [] enchantment(s) |  
[2024-03-24 23:22:43] [world] The Player <GolemDaWanderer> has dropped 1 of DIRT at X= -10178, Y= 64, Z= 4113 that had [] enchantment(s) |  
[2024-03-24 23:24:47] [world] The Player <GolemDaWanderer> has dropped 1 of WHEAT at X= -10170, Y= 65, Z= 4117 that had [] enchantment(s) |  
[2024-03-24 23:25:02] [world] The Player <GolemDaWanderer> has dropped 1 of BREAD at X= -10176, Y= 65, Z= 4124 that had [] enchantment(s) |  
[2024-03-24 23:25:02] [world] The Player <GolemDaWanderer> has dropped 1 of BREAD at X= -10176, Y= 65, Z= 4124 that had [] enchantment(s) |  
[2024-03-24 23:25:02] [world] The Player <GolemDaWanderer> has dropped 1 of BREAD at X= -10176, Y= 65, Z= 4124 that had [] enchantment(s) |  
[2024-03-24 23:25:02] [world] The Player <GolemDaWanderer> has dropped 1 of BREAD at X= -10176, Y= 65, Z= 4124 that had [] enchantment(s) |  
[2024-03-24 23:25:12] [world] The Player <GolemDaWanderer> has dropped 1 of BREAD at X= -10175, Y= 65, Z= 4123 that had [] enchantment(s) |  
[2024-03-24 23:25:12] [world] The Player <GolemDaWanderer> has dropped 1 of BREAD at X= -10175, Y= 65, Z= 4123 that had [] enchantment(s) |  
[2024-03-24 23:25:12] [world] The Player <GolemDaWanderer> has dropped 1 of BREAD at X= -10175, Y= 65, Z= 4123 that had [] enchantment(s) |  
[2024-03-24 23:25:12] [world] The Player <GolemDaWanderer> has dropped 1 of BREAD at X= -10175, Y= 65, Z= 4123 that had [] enchantment(s) |  
[2024-03-24 23:25:12] [world] The Player <GolemDaWanderer> has dropped 1 of BREAD at X= -10175, Y= 65, Z= 4123 that had [] enchantment(s) |  
[2024-03-24 23:29:32] [world] The Player <GolemDaWanderer> has dropped 1 of ROTTEN FLESH at X= -10199, Y= 69, Z= 4114 that had [] enchantment(s) |  
[2024-03-24 23:29:33] [world] The Player <GolemDaWanderer> has dropped 1 of ROTTEN FLESH at X= -10201, Y= 68, Z= 4115 that had [] enchantment(s) |  
[2024-03-24 23:29:33] [world] The Player <GolemDaWanderer> has dropped 1 of ROTTEN FLESH at X= -10203, Y= 68, Z= 4115 that had [] enchantment(s) |  
[2024-03-24 23:29:33] [world] The Player <GolemDaWanderer> has dropped 1 of ROTTEN FLESH at X= -10204, Y= 68, Z= 4115 that had [] enchantment(s) |  
[2024-03-24 23:29:34] [world] The Player <GolemDaWanderer> has dropped 1 of ROTTEN FLESH at X= -10207, Y= 67, Z= 4116 that had [] enchantment(s) |  
[2024-03-24 23:29:34] [world] The Player <GolemDaWanderer> has dropped 1 of ROTTEN FLESH at X= -10208, Y= 67, Z= 4116 that had [] enchantment(s) |  
[2024-03-24 23:29:34] [world] The Player <GolemDaWanderer> has dropped 1 of ROTTEN FLESH at X= -10209, Y= 67, Z= 4116 that had [] enchantment(s) |  
[2024-03-24 23:29:34] [world] The Player <GolemDaWanderer> has dropped 1 of ROTTEN FLESH at X= -10211, Y= 67, Z= 4117 that had [] enchantment(s) |  
[2024-03-24 23:29:35] [world] The Player <GolemDaWanderer> has dropped 1 of ROTTEN FLESH at X= -10212, Y= 67, Z= 4117 that had [] enchantment(s) |  
[2024-03-24 23:29:35] [world] The Player <GolemDaWanderer> has dropped 1 of ROTTEN FLESH at X= -10213, Y= 66, Z= 4118 that had [] enchantment(s) |  
[2024-03-24 23:29:35] [world] The Player <GolemDaWanderer> has dropped 1 of ROTTEN FLESH at X= -10214, Y= 66, Z= 4119 that had [] enchantment(s) |  
[2024-03-24 23:29:36] [world] The Player <GolemDaWanderer> has dropped 1 of ROTTEN FLESH at X= -10216, Y= 66, Z= 4120 that had [] enchantment(s) |  
[2024-03-24 23:29:36] [world] The Player <GolemDaWanderer> has dropped 1 of ROTTEN FLESH at X= -10217, Y= 66, Z= 4121 that had [] enchantment(s) |  
[2024-03-24 23:29:36] [world] The Player <GolemDaWanderer> has dropped 1 of ROTTEN FLESH at X= -10219, Y= 66, Z= 4121 that had [] enchantment(s) |  
[2024-03-24 23:29:36] [world] The Player <GolemDaWanderer> has dropped 1 of ROTTEN FLESH at X= -10221, Y= 66, Z= 4120 that had [] enchantment(s) |  
[2024-03-24 23:29:37] [world] The Player <GolemDaWanderer> has dropped 1 of ROTTEN FLESH at X= -10223, Y= 66, Z= 4120 that had [] enchantment(s) |  
[2024-03-24 23:29:37] [world] The Player <GolemDaWanderer> has dropped 1 of ROTTEN FLESH at X= -10224, Y= 66, Z= 4119 that had [] enchantment(s) |  
[2024-03-24 23:29:37] [world] The Player <GolemDaWanderer> has dropped 1 of ROTTEN FLESH at X= -10225, Y= 66, Z= 4118 that had [] enchantment(s) |  
[2024-03-24 23:29:38] [world] The Player <GolemDaWanderer> has dropped 1 of ROTTEN FLESH at X= -10226, Y= 65, Z= 4117 that had [] enchantment(s) |  
[2024-03-24 23:29:38] [world] The Player <GolemDaWanderer> has dropped 1 of ROTTEN FLESH at X= -10228, Y= 65, Z= 4116 that had [] enchantment(s) |  
[2024-03-24 23:29:38] [world] The Player <GolemDaWanderer> has dropped 1 of ROTTEN FLESH at X= -10229, Y= 65, Z= 4115 that had [] enchantment(s) |  
[2024-03-24 23:29:39] [world] The Player <GolemDaWanderer> has dropped 1 of ROTTEN FLESH at X= -10231, Y= 65, Z= 4114 that had [] enchantment(s) |  
[2024-03-24 23:29:39] [world] The Player <GolemDaWanderer> has dropped 1 of ROTTEN FLESH at X= -10232, Y= 65, Z= 4113 that had [] enchantment(s) |  
[2024-03-24 23:29:39] [world] The Player <GolemDaWanderer> has dropped 1 of ROTTEN FLESH at X= -10234, Y= 65, Z= 4112 that had [] enchantment(s) |  
[2024-03-24 23:29:40] [world] The Player <GolemDaWanderer> has dropped 1 of ROTTEN FLESH at X= -10235, Y= 65, Z= 4111 that had [] enchantment(s) |  
[2024-03-24 23:29:40] [world] The Player <GolemDaWanderer> has dropped 1 of ROTTEN FLESH at X= -10237, Y= 65, Z= 4111 that had [] enchantment(s) |  
[2024-03-24 23:29:40] [world] The Player <GolemDaWanderer> has dropped 1 of ROTTEN FLESH at X= -10238, Y= 65, Z= 4112 that had [] enchantment(s) |  
[2024-03-24 23:29:41] [world] The Player <GolemDaWanderer> has dropped 1 of ROTTEN FLESH at X= -10240, Y= 65, Z= 4113 that had [] enchantment(s) |  
[2024-03-24 23:29:41] [world] The Player <GolemDaWanderer> has dropped 1 of ROTTEN FLESH at X= -10240, Y= 65, Z= 4114 that had [] enchantment(s) |  
[2024-03-24 23:29:41] [world] The Player <GolemDaWanderer> has dropped 1 of ROTTEN FLESH at X= -10240, Y= 65, Z= 4116 that had [] enchantment(s) |  
[2024-03-24 23:29:42] [world] The Player <GolemDaWanderer> has dropped 1 of ROTTEN FLESH at X= -10241, Y= 65, Z= 4118 that had [] enchantment(s) |  
[2024-03-24 23:29:52] [world] The Player <GolemDaWanderer> has dropped 1 of GLASS BOTTLE at X= -10246, Y= 65, Z= 4113 that had [] enchantment(s) |  
[2024-03-24 23:30:50] [world] The Player <GolemDaWanderer> has dropped 1 of STRING at X= -10318, Y= 65, Z= 3965 that had [] enchantment(s) |  
[2024-03-24 23:30:50] [world] The Player <GolemDaWanderer> has dropped 1 of STRING at X= -10318, Y= 65, Z= 3965 that had [] enchantment(s) |  
[2024-03-24 23:30:57] [world] The Player <GolemDaWanderer> has dropped 1 of SULPHUR at X= -10318, Y= 68, Z= 3952 that had [] enchantment(s) |  
[2024-03-24 23:30:58] [world] The Player <GolemDaWanderer> has dropped 1 of SULPHUR at X= -10317, Y= 68, Z= 3950 that had [] enchantment(s) |  
[2024-03-24 23:32:21] [world] The Player <GolemDaWanderer> has dropped 1 of LEATHER at X= -10387, Y= 64, Z= 3908 that had [] enchantment(s) |  
[2024-03-24 23:32:21] [world] The Player <GolemDaWanderer> has dropped 1 of LEATHER at X= -10388, Y= 64, Z= 3908 that had [] enchantment(s) |  
[2024-03-24 23:32:22] [world] The Player <GolemDaWanderer> has dropped 1 of LEATHER at X= -10390, Y= 64, Z= 3909 that had [] enchantment(s) |  
[2024-03-24 23:32:22] [world] The Player <GolemDaWanderer> has dropped 1 of LEATHER at X= -10391, Y= 64, Z= 3910 that had [] enchantment(s) |  
[2024-03-24 23:32:22] [world] The Player <GolemDaWanderer> has dropped 1 of LEATHER at X= -10393, Y= 64, Z= 3912 that had [] enchantment(s) |  
[2024-03-24 23:32:23] [world] The Player <GolemDaWanderer> has dropped 1 of LEATHER at X= -10394, Y= 64, Z= 3913 that had [] enchantment(s) |  
[2024-03-24 23:35:28] [world] The Player <GolemDaWanderer> has dropped 1 of MILK BUCKET at X= -10176, Y= 64, Z= 4112 that had [Fire Aspect 2, Knockback 2] enchantment(s) | cum
[2024-03-24 23:42:13] [world] The Player <GolemDaWanderer> has dropped 1 of GLASS BOTTLE at X= -10171, Y= 64, Z= 4110 that had [] enchantment(s) |  
[2024-03-24 23:44:12] [world_the_end] The Player <Heinrich_Himmler> has dropped 1 of BOW at X= -8, Y= 59, Z= -64 that had [] enchantment(s) |  
[2024-03-24 23:44:13] [world_the_end] The Player <Heinrich_Himmler> has dropped 1 of BOW at X= -8, Y= 59, Z= -64 that had [] enchantment(s) |  
[2024-03-24 23:44:14] [world_the_end] The Player <Heinrich_Himmler> has dropped 1 of BOW at X= -8, Y= 59, Z= -64 that had [] enchantment(s) |  
[2024-03-24 23:44:16] [world_the_end] The Player <Heinrich_Himmler> has dropped 1 of BOW at X= -8, Y= 59, Z= -64 that had [] enchantment(s) |  
[2024-03-24 23:44:17] [world_the_end] The Player <Heinrich_Himmler> has dropped 1 of BOW at X= -8, Y= 59, Z= -64 that had [] enchantment(s) |  
[2024-03-24 23:44:19] [world_the_end] The Player <Heinrich_Himmler> has dropped 1 of BOW at X= -8, Y= 59, Z= -64 that had [] enchantment(s) |  
[2024-03-24 23:44:21] [world_the_end] The Player <Heinrich_Himmler> has dropped 1 of MINECART at X= -8, Y= 59, Z= -64 that had [] enchantment(s) |  
[2024-03-24 23:44:22] [world_the_end] The Player <Heinrich_Himmler> has dropped 1 of MINECART at X= -8, Y= 59, Z= -64 that had [] enchantment(s) |  
[2024-03-24 23:44:23] [world_the_end] The Player <Heinrich_Himmler> has dropped 1 of MINECART at X= -8, Y= 59, Z= -64 that had [] enchantment(s) |  
[2024-03-24 23:44:25] [world_the_end] The Player <Heinrich_Himmler> has dropped 1 of BOW at X= -8, Y= 59, Z= -64 that had [] enchantment(s) |  
[2024-03-24 23:44:26] [world_the_end] The Player <Heinrich_Himmler> has dropped 1 of TORCH at X= -8, Y= 59, Z= -64 that had [] enchantment(s) |  
[2024-03-24 23:44:27] [world_the_end] The Player <Heinrich_Himmler> has dropped 1 of BOW at X= -8, Y= 59, Z= -64 that had [] enchantment(s) |  
[2024-03-24 23:44:29] [world_the_end] The Player <Heinrich_Himmler> has dropped 1 of MONSTER EGG at X= -8, Y= 59, Z= -64 that had [] enchantment(s) |  
[2024-03-24 23:44:31] [world_the_end] The Player <Heinrich_Himmler> has dropped 1 of STONE at X= -8, Y= 59, Z= -64 that had [] enchantment(s) |  
[2024-03-24 23:44:32] [world_the_end] The Player <Heinrich_Himmler> has dropped 2 of IRON DOOR at X= -8, Y= 59, Z= -64 that had [] enchantment(s) |  
[2024-03-24 23:45:51] [world_the_end] The Player <Heinrich_Himmler> has dropped 1 of MONSTER EGG at X= -10, Y= 59, Z= -62 that had [] enchantment(s) |  
[2024-03-24 23:46:00] [world_the_end] The Player <Heinrich_Himmler> has dropped 1 of BOW at X= -10, Y= 59, Z= -62 that had [] enchantment(s) |  
[2024-03-24 23:46:06] [world_the_end] The Player <Heinrich_Himmler> has dropped 1 of TORCH at X= -10, Y= 59, Z= -61 that had [] enchantment(s) |  
[2024-03-24 23:46:07] [world_the_end] The Player <Heinrich_Himmler> has dropped 1 of BOW at X= -10, Y= 59, Z= -61 that had [] enchantment(s) |  
[2024-03-24 23:46:08] [world_the_end] The Player <Heinrich_Himmler> has dropped 1 of BOW at X= -10, Y= 59, Z= -61 that had [] enchantment(s) |  
[2024-03-24 23:46:09] [world_the_end] The Player <Heinrich_Himmler> has dropped 1 of BOW at X= -10, Y= 59, Z= -61 that had [] enchantment(s) |  
[2024-03-24 23:49:29] [world_the_end] The Player <Heinrich_Himmler> has dropped 1 of BOW at X= -11, Y= 59, Z= -62 that had [] enchantment(s) |  
[2024-03-25 00:10:51] [world_nether] The Player <Brycethelegend> has dropped 1 of GOLD NUGGET at X= -157, Y= 54, Z= -122 that had [] enchantment(s) |  
[2024-03-25 00:15:10] [world_nether] The Player <Brycethelegend> has dropped 16 of WOOL at X= -285, Y= 57, Z= -136 that had [] enchantment(s) |  
[2024-03-25 00:15:31] [world_nether] The Player <Brycethelegend> has dropped 45 of MELON at X= -286, Y= 56, Z= -135 that had [] enchantment(s) |  
[2024-03-25 00:15:35] [world_nether] The Player <Brycethelegend> has dropped 16 of WOOL at X= -286, Y= 56, Z= -136 that had [] enchantment(s) |  
[2024-03-25 00:15:41] [world_nether] The Player <Brycethelegend> has dropped 16 of WOOL at X= -286, Y= 56, Z= -137 that had [] enchantment(s) |  
[2024-03-25 00:15:45] [world_nether] The Player <Brycethelegend> has dropped 16 of WOOL at X= -286, Y= 56, Z= -137 that had [] enchantment(s) |  
[2024-03-25 00:15:51] [world] The Player <NezukoChan> has dropped 2 of FENCE at X= -10159, Y= 64, Z= 4115 that had [] enchantment(s) |  
[2024-03-25 00:28:19] [world] The Player <Brycethelegend> has dropped 3 of IRON INGOT at X= -1356, Y= 64, Z= -264 that had [] enchantment(s) |  
[2024-03-25 00:28:23] [world] The Player <Brycethelegend> has dropped 1 of IRON PICKAXE at X= -1356, Y= 64, Z= -264 that had [Unbreaking 3, Efficiency 3] enchantment(s) |  
[2024-03-25 00:29:27] [world] The Player <NezukoChan> has dropped 1 of RAW CHICKEN at X= -606, Y= 69, Z= 286 that had [] enchantment(s) |  
[2024-03-25 00:30:14] [world] The Player <Brycethelegend> has dropped 49 of COBBLESTONE at X= -1356, Y= 64, Z= -264 that had [] enchantment(s) |  
[2024-03-25 00:30:28] [world] The Player <NezukoChan> has dropped 1 of ROTTEN FLESH at X= -710, Y= 68, Z= 313 that had [] enchantment(s) |  
[2024-03-25 00:30:29] [world] The Player <NezukoChan> has dropped 1 of ROTTEN FLESH at X= -710, Y= 68, Z= 313 that had [] enchantment(s) |  
[2024-03-25 00:30:29] [world] The Player <NezukoChan> has dropped 1 of ROTTEN FLESH at X= -710, Y= 68, Z= 313 that had [] enchantment(s) |  
[2024-03-25 00:35:16] [world_nether] The Player <Brycethelegend> has dropped 4 of STONE at X= -285, Y= 60, Z= -68 that had [] enchantment(s) |  
[2024-03-25 00:35:32] [world_nether] The Player <Brycethelegend> has dropped 1 of GOLD NUGGET at X= -286, Y= 61, Z= -67 that had [] enchantment(s) |  
[2024-03-25 00:35:35] [world_nether] The Player <Brycethelegend> has dropped 1 of GOLD INGOT at X= -286, Y= 61, Z= -67 that had [] enchantment(s) |  
[2024-03-25 00:38:07] [world_nether] The Player <Brycethelegend> has dropped 2 of NETHER STALK at X= -262, Y= 65, Z= -65 that had [] enchantment(s) |  
[2024-03-25 00:41:13] [world_nether] The Player <Brycethelegend> has dropped 16 of GLOWSTONE at X= -235, Y= 53, Z= 5 that had [] enchantment(s) |  
[2024-03-25 00:42:02] [world_nether] The Player <Brycethelegend> has dropped 16 of QUARTZ BLOCK at X= -248, Y= 54, Z= -4 that had [] enchantment(s) |  
[2024-03-25 00:42:06] [world_nether] The Player <Brycethelegend> has dropped 1 of QUARTZ at X= -248, Y= 54, Z= -4 that had [] enchantment(s) |  
[2024-03-25 00:46:01] [world] The Player <NezukoChan> has dropped 1 of SUGAR at X= -10164, Y= 64, Z= 4112 that had [] enchantment(s) |  
[2024-03-25 00:46:35] [world] The Player <NezukoChan> has dropped 1 of FEATHER at X= -10169, Y= 62, Z= 4109 that had [] enchantment(s) |  
[2024-03-25 00:46:41] [world] The Player <NezukoChan> has dropped 64 of SUGAR CANE at X= -10169, Y= 62, Z= 4109 that had [] enchantment(s) |  
[2024-03-25 00:49:52] [world] The Player <Brycethelegend> has dropped 1 of BUCKET at X= -1356, Y= 64, Z= -265 that had [] enchantment(s) |  
[2024-03-25 00:50:38] [world_the_end] The Player <NezukoChan> has dropped 1 of SAND at X= 4, Y= 59, Z= 35 that had [] enchantment(s) |  
[2024-03-25 00:50:59] [world] The Player <Brycethelegend> has dropped 2 of GLASS at X= -1356, Y= 64, Z= -267 that had [] enchantment(s) |  
[2024-03-25 00:51:09] [world] The Player <Brycethelegend> has dropped 9 of GLASS BOTTLE at X= -1354, Y= 62, Z= -266 that had [] enchantment(s) |  
[2024-03-25 00:51:22] [world_the_end] The Player <NezukoChan> has dropped 5 of ENDER STONE at X= 4, Y= 59, Z= 37 that had [] enchantment(s) |  
[2024-03-25 00:51:41] [world_the_end] The Player <NezukoChan> has dropped 38 of OBSIDIAN at X= 4, Y= 59, Z= 33 that had [] enchantment(s) |  
[2024-03-25 00:53:29] [world_the_end] The Player <NezukoChan> has dropped 1 of SUGAR at X= -2, Y= 59, Z= 36 that had [] enchantment(s) |  
[2024-03-25 01:03:25] [world_the_end] The Player <Brycethelegend> has dropped 1 of POTION at X= 54, Y= 48, Z= 9 that had [] enchantment(s) |  
[2024-03-25 01:08:03] [world] The Player <Brycethelegend> has dropped 1 of RAW CHICKEN at X= -1405, Y= 69, Z= -271 that had [] enchantment(s) |  
[2024-03-25 01:08:12] [world] The Player <Brycethelegend> has dropped 1 of PORK at X= -1393, Y= 66, Z= -263 that had [] enchantment(s) |  
[2024-03-25 01:08:12] [world] The Player <Brycethelegend> has dropped 1 of PORK at X= -1393, Y= 66, Z= -263 that had [] enchantment(s) |  
[2024-03-25 01:08:17] [world] The Player <Brycethelegend> has dropped 1 of MUTTON at X= -1393, Y= 66, Z= -263 that had [] enchantment(s) |  
[2024-03-25 01:08:18] [world] The Player <Brycethelegend> has dropped 1 of MUTTON at X= -1393, Y= 66, Z= -263 that had [] enchantment(s) |  
[2024-03-25 01:08:20] [world] The Player <Brycethelegend> has dropped 1 of PORK at X= -1393, Y= 66, Z= -263 that had [] enchantment(s) |  
[2024-03-25 01:08:20] [world] The Player <Brycethelegend> has dropped 1 of PORK at X= -1393, Y= 66, Z= -263 that had [] enchantment(s) |  
[2024-03-25 01:41:27] [world_the_end] The Player <Heinrich_Himmler> has dropped 1 of SLIME BALL at X= -27, Y= 59, Z= -10 that had [] enchantment(s) |  
[2024-03-25 01:41:27] [world_the_end] The Player <Heinrich_Himmler> has dropped 1 of SLIME BALL at X= -27, Y= 59, Z= -10 that had [] enchantment(s) |  
[2024-03-25 01:41:27] [world_the_end] The Player <Heinrich_Himmler> has dropped 1 of SLIME BALL at X= -27, Y= 59, Z= -10 that had [] enchantment(s) |  
[2024-03-25 01:41:27] [world_the_end] The Player <Heinrich_Himmler> has dropped 1 of SLIME BALL at X= -27, Y= 59, Z= -10 that had [] enchantment(s) |  
[2024-03-25 01:47:09] [world] The Player <Heinrich_Himmler> has dropped 6 of STONE at X= -564, Y= 4, Z= 290 that had [] enchantment(s) |  
[2024-03-25 01:47:23] [world] The Player <Heinrich_Himmler> has dropped 6 of RAW BEEF at X= -564, Y= 6, Z= 291 that had [] enchantment(s) |  
[2024-03-25 01:55:52] [world_the_end] The Player <NezukoChan> has dropped 64 of OBSIDIAN at X= -15, Y= 58, Z= -57 that had [] enchantment(s) |  
[2024-03-25 01:55:53] [world_the_end] The Player <NezukoChan> has dropped 64 of OBSIDIAN at X= -15, Y= 58, Z= -57 that had [] enchantment(s) |  
[2024-03-25 01:55:54] [world_the_end] The Player <NezukoChan> has dropped 64 of OBSIDIAN at X= -15, Y= 58, Z= -57 that had [] enchantment(s) |  
[2024-03-25 01:55:55] [world_the_end] The Player <NezukoChan> has dropped 64 of OBSIDIAN at X= -15, Y= 58, Z= -57 that had [] enchantment(s) |  
[2024-03-25 01:55:56] [world_the_end] The Player <NezukoChan> has dropped 64 of OBSIDIAN at X= -15, Y= 58, Z= -57 that had [] enchantment(s) |  
[2024-03-25 01:56:45] [world_the_end] The Player <Heinrich_Himmler> has dropped 1 of MONSTER EGG at X= -17, Y= 58, Z= -56 that had [] enchantment(s) |  
[2024-03-25 01:56:47] [world_the_end] The Player <Heinrich_Himmler> has dropped 1 of MONSTER EGG at X= -17, Y= 58, Z= -56 that had [] enchantment(s) |  
[2024-03-25 01:56:48] [world_the_end] The Player <Heinrich_Himmler> has dropped 1 of MONSTER EGG at X= -17, Y= 58, Z= -56 that had [] enchantment(s) |  
[2024-03-25 01:56:49] [world_the_end] The Player <Heinrich_Himmler> has dropped 1 of MONSTER EGG at X= -17, Y= 58, Z= -56 that had [] enchantment(s) |  
[2024-03-25 01:56:51] [world_the_end] The Player <Heinrich_Himmler> has dropped 1 of MONSTER EGG at X= -17, Y= 58, Z= -56 that had [] enchantment(s) |  
[2024-03-25 01:56:52] [world_the_end] The Player <Heinrich_Himmler> has dropped 1 of MONSTER EGG at X= -17, Y= 58, Z= -56 that had [] enchantment(s) |  
[2024-03-25 01:56:53] [world_the_end] The Player <Heinrich_Himmler> has dropped 1 of MONSTER EGG at X= -17, Y= 58, Z= -56 that had [] enchantment(s) |  
[2024-03-25 01:56:56] [world_the_end] The Player <NezukoChan> has dropped 1 of MONSTER EGG at X= -14, Y= 58, Z= -56 that had [] enchantment(s) |  
[2024-03-25 01:57:05] [world_the_end] The Player <NezukoChan> has dropped 1 of POTION at X= -14, Y= 58, Z= -56 that had [] enchantment(s) |  
[2024-03-25 01:57:13] [world_the_end] The Player <NezukoChan> has dropped 8 of LEATHER at X= -14, Y= 58, Z= -56 that had [] enchantment(s) |  
[2024-03-25 01:57:33] [world_the_end] The Player <NezukoChan> has dropped 1 of MINECART at X= -14, Y= 58, Z= -58 that had [] enchantment(s) |  
[2024-03-25 01:57:55] [world_the_end] The Player <NezukoChan> has dropped 8 of LEATHER at X= -14, Y= 58, Z= -58 that had [] enchantment(s) |  
[2024-03-25 03:19:40] [world] The Player <GolemDaWanderer> has dropped 1 of REDSTONE TORCH ON at X= -10247, Y= 63, Z= 4098 that had [] enchantment(s) |  
[2024-03-25 03:19:42] [world] The Player <GolemDaWanderer> has dropped 1 of REDSTONE COMPARATOR at X= -10247, Y= 62, Z= 4097 that had [] enchantment(s) |  
[2024-03-25 03:19:56] [world] The Player <GolemDaWanderer> has dropped 1 of MUTTON at X= -10247, Y= 62, Z= 4100 that had [] enchantment(s) |  
[2024-03-25 03:28:39] [world] The Player <GolemDaWanderer> has dropped 2 of STRING at X= -10211, Y= 69, Z= 4184 that had [] enchantment(s) |  
[2024-03-25 03:28:55] [world] The Player <GolemDaWanderer> has dropped 1 of STRING at X= -10210, Y= 67, Z= 4183 that had [] enchantment(s) |  
[2024-03-25 03:28:55] [world] The Player <GolemDaWanderer> has dropped 1 of STRING at X= -10210, Y= 67, Z= 4183 that had [] enchantment(s) |  
[2024-03-25 16:54:49] [world] The Player <xcpc> has dropped 1 of ENDER PEARL at X= -786, Y= 71, Z= 289 that had [] enchantment(s) |  
[2024-03-25 19:32:37] [world] The Player <GolemDaWanderer> has dropped 11 of EMERALD at X= -10186, Y= 61, Z= 4120 that had [] enchantment(s) |  
