[2024-03-25 22:32:52] [world] The Player <Mudkips_Rule> has dropped 1 of COOKED BEEF at X= -578, Y= 79, Z= 254 that had [] enchantment(s) |  
[2024-03-25 22:32:52] [world] The Player <Mudkips_Rule> has dropped 1 of COOKED BEEF at X= -578, Y= 79, Z= 254 that had [] enchantment(s) |  
[2024-03-25 22:32:52] [world] The Player <Mudkips_Rule> has dropped 1 of COOKED BEEF at X= -578, Y= 79, Z= 254 that had [] enchantment(s) |  
[2024-03-25 22:41:02] [world] The Player <GolemDaWanderer> has dropped 1 of COOKED BEEF at X= -571, Y= 70, Z= 321 that had [] enchantment(s) |  
[2024-03-25 22:42:02] [world] The Player <Mudkips_Rule> has dropped 64 of NETHER BRICK at X= -580, Y= 79, Z= 248 that had [] enchantment(s) |  
[2024-03-25 22:42:46] [world] The Player <GolemDaWanderer> has dropped 1 of DIAMOND BLOCK at X= -578, Y= 69, Z= 286 that had [] enchantment(s) |  
[2024-03-25 22:43:00] [world] The Player <GolemDaWanderer> has dropped 1 of DIAMOND BLOCK at X= -571, Y= 69, Z= 287 that had [] enchantment(s) |  
[2024-03-25 22:45:57] [world] The Player <GolemDaWanderer> has dropped 1 of FLINT AND STEEL at X= -10169, Y= 63, Z= 4107 that had [] enchantment(s) |  
[2024-03-25 22:48:28] [world] The Player <Mudkips_Rule> has dropped 1 of DIAMOND PICKAXE at X= -575, Y= 79, Z= 255 that had [Efficiency 5, Unbreaking 3, Fortune 3] enchantment(s) | Water Tribe Pick
[2024-03-25 22:48:41] [world] The Player <Marshtomp17> has dropped 1 of DIAMOND PICKAXE at X= -573, Y= 79, Z= 257 that had [Efficiency 5, Unbreaking 3, Fortune 3] enchantment(s) | Water Tribe Pick
[2024-03-25 22:48:44] [world] The Player <GolemDaWanderer> has dropped 1 of SKULL ITEM at X= -10168, Y= 64, Z= 4115 that had [] enchantment(s) |  
[2024-03-25 22:49:13] [world] The Player <GolemDaWanderer> has dropped 1 of MUTTON at X= -10193, Y= 64, Z= 4092 that had [] enchantment(s) |  
[2024-03-25 22:49:13] [world] The Player <GolemDaWanderer> has dropped 1 of MUTTON at X= -10193, Y= 64, Z= 4092 that had [] enchantment(s) |  
[2024-03-25 22:50:05] [world] The Player <Mudkips_Rule> has dropped 1 of DIAMOND PICKAXE at X= -569, Y= 79, Z= 249 that had [Efficiency 5, Unbreaking 3, Fortune 3] enchantment(s) | Water Tribe Pick
[2024-03-25 23:14:26] [world] The Player <GolemDaWanderer> has dropped 1 of MAP at X= -10214, Y= 67, Z= 4104 that had [] enchantment(s) |  
[2024-03-25 23:52:10] [world] The Player <GolemDaWanderer> has dropped 1 of SKULL ITEM at X= -10171, Y= 63, Z= 4116 that had [] enchantment(s) |  
[2024-03-25 23:55:24] [world] The Player <GolemDaWanderer> has dropped 12 of SAND at X= -10169, Y= 64, Z= 4115 that had [] enchantment(s) |  
[2024-03-25 23:55:24] [world] The Player <GolemDaWanderer> has dropped 12 of SAND at X= -10169, Y= 64, Z= 4115 that had [] enchantment(s) |  
[2024-03-25 23:55:24] [world] The Player <GolemDaWanderer> has dropped 12 of SAND at X= -10169, Y= 64, Z= 4115 that had [] enchantment(s) |  
[2024-03-25 23:55:24] [world] The Player <GolemDaWanderer> has dropped 12 of SAND at X= -10169, Y= 64, Z= 4115 that had [] enchantment(s) |  
[2024-03-26 00:01:09] [world] The Player <NezukoChan> has dropped 1 of SPONGE at X= 9994, Y= 71, Z= -9909 that had [] enchantment(s) | Flash Bomb
[2024-03-26 00:33:40] [world] The Player <hexa> has dropped 2 of RABBIT at X= 1000049, Y= 51, Z= 999918 that had [] enchantment(s) |  
[2024-03-26 00:34:22] [world] The Player <hexa> has dropped 1 of FLINT at X= 1000063, Y= 58, Z= 999911 that had [] enchantment(s) |  
[2024-03-26 00:36:55] [world] The Player <hexa> has dropped 1 of FISHING ROD at X= 1000071, Y= 65, Z= 999905 that had [Unbreaking 2] enchantment(s) |  
[2024-03-26 00:41:33] [world] The Player <hexa> has dropped 1 of STRING at X= 500003, Y= 24, Z= 48383 that had [] enchantment(s) |  
[2024-03-26 00:41:34] [world] The Player <hexa> has dropped 1 of STRING at X= 500003, Y= 24, Z= 48383 that had [] enchantment(s) |  
[2024-03-26 00:41:34] [world] The Player <hexa> has dropped 1 of STRING at X= 500003, Y= 24, Z= 48383 that had [] enchantment(s) |  
[2024-03-26 00:41:36] [world] The Player <hexa> has dropped 1 of SPIDER EYE at X= 500003, Y= 24, Z= 48383 that had [] enchantment(s) |  
[2024-03-26 00:41:37] [world] The Player <hexa> has dropped 1 of SPIDER EYE at X= 500003, Y= 24, Z= 48383 that had [] enchantment(s) |  
[2024-03-26 00:42:20] [world] The Player <hexa> has dropped 1 of STRING at X= 500004, Y= 25, Z= 48383 that had [] enchantment(s) |  
[2024-03-26 00:42:21] [world] The Player <hexa> has dropped 1 of STRING at X= 500004, Y= 25, Z= 48383 that had [] enchantment(s) |  
[2024-03-26 00:42:21] [world] The Player <hexa> has dropped 1 of STRING at X= 500004, Y= 25, Z= 48383 that had [] enchantment(s) |  
[2024-03-26 00:42:21] [world] The Player <hexa> has dropped 1 of STRING at X= 500004, Y= 25, Z= 48383 that had [] enchantment(s) |  
[2024-03-26 00:42:22] [world] The Player <hexa> has dropped 1 of STRING at X= 500004, Y= 25, Z= 48383 that had [] enchantment(s) |  
[2024-03-26 00:42:22] [world] The Player <hexa> has dropped 1 of STRING at X= 500004, Y= 25, Z= 48383 that had [] enchantment(s) |  
[2024-03-26 00:42:22] [world] The Player <hexa> has dropped 1 of STRING at X= 500004, Y= 25, Z= 48383 that had [] enchantment(s) |  
[2024-03-26 00:42:22] [world] The Player <hexa> has dropped 1 of STRING at X= 500004, Y= 25, Z= 48383 that had [] enchantment(s) |  
[2024-03-26 00:42:22] [world] The Player <hexa> has dropped 1 of STRING at X= 500004, Y= 25, Z= 48383 that had [] enchantment(s) |  
[2024-03-26 00:42:23] [world] The Player <hexa> has dropped 1 of STRING at X= 500004, Y= 25, Z= 48383 that had [] enchantment(s) |  
[2024-03-26 00:42:23] [world] The Player <hexa> has dropped 1 of STRING at X= 500004, Y= 25, Z= 48383 that had [] enchantment(s) |  
[2024-03-26 00:42:23] [world] The Player <hexa> has dropped 1 of STRING at X= 500004, Y= 25, Z= 48383 that had [] enchantment(s) |  
[2024-03-26 00:42:23] [world] The Player <hexa> has dropped 1 of STRING at X= 500004, Y= 25, Z= 48383 that had [] enchantment(s) |  
[2024-03-26 00:42:23] [world] The Player <hexa> has dropped 1 of STRING at X= 500004, Y= 25, Z= 48383 that had [] enchantment(s) |  
[2024-03-26 00:42:24] [world] The Player <hexa> has dropped 1 of STRING at X= 500004, Y= 25, Z= 48383 that had [] enchantment(s) |  
[2024-03-26 00:42:24] [world] The Player <hexa> has dropped 1 of STRING at X= 500004, Y= 25, Z= 48383 that had [] enchantment(s) |  
[2024-03-26 00:42:24] [world] The Player <hexa> has dropped 1 of STRING at X= 500004, Y= 25, Z= 48383 that had [] enchantment(s) |  
[2024-03-26 00:42:24] [world] The Player <hexa> has dropped 1 of STRING at X= 500004, Y= 25, Z= 48383 that had [] enchantment(s) |  
[2024-03-26 00:42:24] [world] The Player <hexa> has dropped 1 of STRING at X= 500004, Y= 25, Z= 48383 that had [] enchantment(s) |  
[2024-03-26 00:42:25] [world] The Player <hexa> has dropped 1 of STRING at X= 500004, Y= 25, Z= 48383 that had [] enchantment(s) |  
[2024-03-26 00:42:25] [world] The Player <hexa> has dropped 1 of STRING at X= 500004, Y= 25, Z= 48383 that had [] enchantment(s) |  
[2024-03-26 00:42:25] [world] The Player <hexa> has dropped 1 of STRING at X= 500004, Y= 25, Z= 48383 that had [] enchantment(s) |  
[2024-03-26 00:42:27] [world] The Player <hexa> has dropped 1 of SPIDER EYE at X= 500004, Y= 25, Z= 48383 that had [] enchantment(s) |  
[2024-03-26 00:42:27] [world] The Player <hexa> has dropped 1 of SPIDER EYE at X= 500004, Y= 25, Z= 48383 that had [] enchantment(s) |  
[2024-03-26 00:42:28] [world] The Player <hexa> has dropped 1 of SPIDER EYE at X= 500004, Y= 25, Z= 48383 that had [] enchantment(s) |  
[2024-03-26 00:42:28] [world] The Player <hexa> has dropped 1 of SPIDER EYE at X= 500004, Y= 25, Z= 48383 that had [] enchantment(s) |  
[2024-03-26 00:42:28] [world] The Player <hexa> has dropped 1 of SPIDER EYE at X= 500004, Y= 25, Z= 48383 that had [] enchantment(s) |  
[2024-03-26 00:45:28] [world] The Player <hexa> has dropped 1 of STRING at X= 500004, Y= 25, Z= 48383 that had [] enchantment(s) |  
[2024-03-26 00:45:30] [world] The Player <hexa> has dropped 1 of STRING at X= 500004, Y= 25, Z= 48383 that had [] enchantment(s) |  
[2024-03-26 00:45:30] [world] The Player <hexa> has dropped 1 of STRING at X= 500004, Y= 25, Z= 48383 that had [] enchantment(s) |  
[2024-03-26 00:45:30] [world] The Player <hexa> has dropped 1 of STRING at X= 500004, Y= 25, Z= 48383 that had [] enchantment(s) |  
[2024-03-26 00:45:31] [world] The Player <hexa> has dropped 1 of STRING at X= 500004, Y= 25, Z= 48383 that had [] enchantment(s) |  
[2024-03-26 00:45:31] [world] The Player <hexa> has dropped 1 of STRING at X= 500004, Y= 25, Z= 48383 that had [] enchantment(s) |  
[2024-03-26 00:45:31] [world] The Player <hexa> has dropped 1 of STRING at X= 500004, Y= 25, Z= 48383 that had [] enchantment(s) |  
[2024-03-26 00:45:31] [world] The Player <hexa> has dropped 1 of STRING at X= 500004, Y= 25, Z= 48383 that had [] enchantment(s) |  
[2024-03-26 00:45:35] [world] The Player <hexa> has dropped 1 of SPIDER EYE at X= 500004, Y= 25, Z= 48383 that had [] enchantment(s) |  
[2024-03-26 00:45:36] [world] The Player <hexa> has dropped 1 of SPIDER EYE at X= 500004, Y= 25, Z= 48383 that had [] enchantment(s) |  
[2024-03-26 00:45:36] [world] The Player <hexa> has dropped 1 of SPIDER EYE at X= 500004, Y= 25, Z= 48383 that had [] enchantment(s) |  
[2024-03-26 00:45:36] [world] The Player <hexa> has dropped 1 of SPIDER EYE at X= 500004, Y= 25, Z= 48383 that had [] enchantment(s) |  
[2024-03-26 00:46:08] [world] The Player <GolemDaWanderer> has dropped 1 of COBBLESTONE at X= 9982, Y= 73, Z= -9937 that had [] enchantment(s) |  
[2024-03-26 00:46:09] [world] The Player <GolemDaWanderer> has dropped 1 of GRAVEL at X= 9982, Y= 73, Z= -9937 that had [] enchantment(s) |  
[2024-03-26 00:47:54] [world] The Player <Mudkips_Rule> has dropped 1 of REDSTONE TORCH ON at X= -578, Y= 67, Z= 298 that had [] enchantment(s) |  
[2024-03-26 00:49:25] [world] The Player <GolemDaWanderer> has dropped 1 of SPONGE at X= -577, Y= 67, Z= 299 that had [] enchantment(s) | Flash Bomb
[2024-03-26 00:54:17] [world] The Player <Marshtomp17> has dropped 1 of POTION at X= -574, Y= 79, Z= 250 that had [] enchantment(s) |  
[2024-03-26 00:57:56] [world] The Player <Marshtomp17> has dropped 1 of POTION at X= -579, Y= 79, Z= 247 that had [] enchantment(s) |  
[2024-03-26 00:57:58] [world] The Player <Marshtomp17> has dropped 1 of POTION at X= -579, Y= 79, Z= 247 that had [] enchantment(s) |  
[2024-03-26 00:58:00] [world] The Player <Marshtomp17> has dropped 1 of POTION at X= -579, Y= 79, Z= 247 that had [] enchantment(s) |  
[2024-03-26 00:58:01] [world] The Player <Marshtomp17> has dropped 1 of POTION at X= -579, Y= 79, Z= 247 that had [] enchantment(s) |  
[2024-03-26 00:58:03] [world] The Player <Marshtomp17> has dropped 1 of POTION at X= -579, Y= 79, Z= 247 that had [] enchantment(s) |  
[2024-03-26 00:58:08] [world] The Player <Marshtomp17> has dropped 1 of POTION at X= -579, Y= 79, Z= 247 that had [] enchantment(s) |  
[2024-03-26 01:05:26] [world] The Player <Mudkips_Rule> has dropped 1 of POTION at X= -1167, Y= 48, Z= -429 that had [] enchantment(s) |  
[2024-03-26 01:05:26] [world] The Player <Mudkips_Rule> has dropped 1 of POTION at X= -1167, Y= 48, Z= -429 that had [] enchantment(s) |  
[2024-03-26 01:05:26] [world] The Player <Mudkips_Rule> has dropped 1 of POTION at X= -1167, Y= 48, Z= -429 that had [] enchantment(s) |  
[2024-03-26 01:05:26] [world] The Player <Mudkips_Rule> has dropped 1 of POTION at X= -1167, Y= 48, Z= -429 that had [] enchantment(s) |  
[2024-03-26 01:05:27] [world] The Player <Mudkips_Rule> has dropped 1 of POTION at X= -1167, Y= 48, Z= -429 that had [] enchantment(s) |  
[2024-03-26 01:05:27] [world] The Player <Mudkips_Rule> has dropped 1 of POTION at X= -1167, Y= 48, Z= -429 that had [] enchantment(s) |  
[2024-03-26 01:07:00] [world] The Player <Marshtomp17> has dropped 23 of SULPHUR at X= -1169, Y= 50, Z= -430 that had [] enchantment(s) |  
[2024-03-26 01:08:04] [world] The Player <Marshtomp17> has dropped 23 of SULPHUR at X= -1169, Y= 50, Z= -430 that had [] enchantment(s) |  
[2024-03-26 01:09:14] [world] The Player <GolemDaWanderer> has dropped 1 of QUARTZ BLOCK at X= -570, Y= 90, Z= 261 that had [] enchantment(s) |  
[2024-03-26 01:09:15] [world] The Player <GolemDaWanderer> has dropped 1 of QUARTZ BLOCK at X= -570, Y= 90, Z= 261 that had [] enchantment(s) |  
[2024-03-26 01:10:38] [world] The Player <GolemDaWanderer> has dropped 13 of ENDER CHEST at X= -571, Y= 89, Z= 260 that had [] enchantment(s) |  
[2024-03-26 01:26:08] [world] The Player <Mudkips_Rule> has dropped 6 of NETHER BRICK at X= -1169, Y= 50, Z= -434 that had [] enchantment(s) |  
[2024-03-26 01:37:14] [world] The Player <Mudkips_Rule> has dropped 5 of CHEST at X= -580, Y= 79, Z= 249 that had [] enchantment(s) |  
[2024-03-26 01:37:18] [world] The Player <Mudkips_Rule> has dropped 12 of SIGN at X= -580, Y= 79, Z= 249 that had [] enchantment(s) |  
[2024-03-26 11:24:17] [world] The Player <GolemDaWanderer> has dropped 13 of REDSTONE at X= 10006, Y= 67, Z= -9964 that had [] enchantment(s) |  
[2024-03-26 12:04:00] [world] The Player <Tester> has dropped 1 of INK SACK at X= -546, Y= 69, Z= 250 that had [] enchantment(s) |  
[2024-03-26 12:04:07] [world] The Player <Tester> has dropped 1 of INK SACK at X= -546, Y= 69, Z= 251 that had [] enchantment(s) |  
[2024-03-26 12:04:59] [world] The Player <Tester> has dropped 1 of LEVER at X= -563, Y= 70, Z= 290 that had [] enchantment(s) | §eC4§e «0»
[2024-03-26 13:29:22] [world] The Player <NezukoChan> has dropped 1 of STONE at X= -546, Y= 64, Z= 296 that had [] enchantment(s) |  
[2024-03-26 13:29:22] [world] The Player <NezukoChan> has dropped 1 of STONE at X= -546, Y= 64, Z= 296 that had [] enchantment(s) |  
[2024-03-26 13:29:32] [world] The Player <NezukoChan> has dropped 1 of STONE at X= -544, Y= 65, Z= 297 that had [] enchantment(s) |  
[2024-03-26 13:29:32] [world] The Player <NezukoChan> has dropped 1 of STONE at X= -545, Y= 65, Z= 297 that had [] enchantment(s) |  
[2024-03-26 13:35:51] [world] The Player <hexa> has dropped 21 of STONE at X= -467, Y= 12, Z= 345 that had [] enchantment(s) |  
[2024-03-26 13:35:52] [world] The Player <hexa> has dropped 1 of COBBLESTONE at X= -467, Y= 12, Z= 345 that had [] enchantment(s) |  
[2024-03-26 13:35:54] [world] The Player <hexa> has dropped 9 of STONE at X= -467, Y= 12, Z= 345 that had [] enchantment(s) |  
[2024-03-26 13:35:59] [world] The Player <hexa> has dropped 21 of STONE at X= -469, Y= 12, Z= 345 that had [] enchantment(s) |  
[2024-03-26 13:37:20] [world] The Player <hexa> has dropped 25 of STONE at X= -466, Y= 12, Z= 390 that had [] enchantment(s) |  
[2024-03-26 13:37:21] [world] The Player <hexa> has dropped 40 of COBBLESTONE at X= -466, Y= 12, Z= 390 that had [] enchantment(s) |  
[2024-03-26 21:03:26] [world] The Player <Tester> has dropped 20 of BONE at X= -10298, Y= 36, Z= 4030 that had [] enchantment(s) |  
[2024-03-26 21:04:26] [world] The Player <GolemDaWanderer> has dropped 7 of ENDER CHEST at X= -579, Y= 89, Z= 260 that had [] enchantment(s) |  
[2024-03-26 21:11:37] [world] The Player <GolemDaWanderer> has dropped 1 of ARROW at X= -580, Y= 89, Z= 260 that had [] enchantment(s) |  
[2024-03-26 21:14:25] [world] The Player <GolemDaWanderer> has dropped 1 of COBBLESTONE at X= -580, Y= 89, Z= 254 that had [] enchantment(s) |  
[2024-03-26 21:14:58] [world] The Player <GolemDaWanderer> has dropped 1 of COBBLESTONE at X= -581, Y= 89, Z= 254 that had [] enchantment(s) |  
[2024-03-26 22:35:07] [world] The Player <NezukoChan> has dropped 1 of SPONGE at X= -573, Y= 70, Z= 320 that had [] enchantment(s) | Flash Bomb
