[2024-03-26 23:00:18] [world] The Player <NezukoChan> has dropped 1 of ARROW at X= -10271, Y= 65, Z= 4091 that had [] enchantment(s) |  
[2024-03-26 23:00:18] [world] The Player <NezukoChan> has dropped 1 of ARROW at X= -10270, Y= 66, Z= 4092 that had [] enchantment(s) |  
[2024-03-26 23:00:18] [world] The Player <NezukoChan> has dropped 1 of ARROW at X= -10269, Y= 66, Z= 4092 that had [] enchantment(s) |  
[2024-03-26 23:00:18] [world] The Player <NezukoChan> has dropped 1 of ARROW at X= -10268, Y= 65, Z= 4093 that had [] enchantment(s) |  
[2024-03-26 23:00:19] [world] The Player <NezukoChan> has dropped 1 of ARROW at X= -10266, Y= 66, Z= 4094 that had [] enchantment(s) |  
[2024-03-26 23:06:27] [world] The Player <Feathery> has dropped 1 of EMERALD at X= -585, Y= 69, Z= 316 that had [] enchantment(s) |  
[2024-03-26 23:06:28] [world] The Player <Feathery> has dropped 1 of EMERALD at X= -585, Y= 69, Z= 316 that had [] enchantment(s) |  
[2024-03-26 23:06:28] [world] The Player <Feathery> has dropped 1 of EMERALD at X= -585, Y= 69, Z= 316 that had [] enchantment(s) |  
[2024-03-26 23:06:28] [world] The Player <Feathery> has dropped 1 of EMERALD at X= -585, Y= 69, Z= 316 that had [] enchantment(s) |  
[2024-03-26 23:06:28] [world] The Player <Feathery> has dropped 1 of EMERALD at X= -585, Y= 69, Z= 316 that had [] enchantment(s) |  
[2024-03-26 23:06:29] [world] The Player <Feathery> has dropped 1 of EMERALD at X= -585, Y= 69, Z= 317 that had [] enchantment(s) |  
[2024-03-26 23:06:29] [world] The Player <Feathery> has dropped 1 of EMERALD at X= -585, Y= 69, Z= 317 that had [] enchantment(s) |  
[2024-03-26 23:06:29] [world] The Player <Feathery> has dropped 1 of EMERALD at X= -585, Y= 69, Z= 317 that had [] enchantment(s) |  
[2024-03-26 23:06:30] [world] The Player <Feathery> has dropped 1 of EMERALD at X= -585, Y= 69, Z= 317 that had [] enchantment(s) |  
[2024-03-26 23:06:30] [world] The Player <Feathery> has dropped 1 of EMERALD at X= -585, Y= 69, Z= 317 that had [] enchantment(s) |  
[2024-03-26 23:27:00] [world] The Player <Tester> has dropped 5 of ROTTEN FLESH at X= -576, Y= 68, Z= 222 that had [] enchantment(s) |  
[2024-03-26 23:51:35] [world_nether] The Player <NezukoChan> has dropped 1 of SLIME BALL at X= -1263, Y= 51, Z= 511 that had [] enchantment(s) |  
[2024-03-27 00:04:26] [world] The Player <NezukoChan> has dropped 1 of BOW at X= -528, Y= 59, Z= 431 that had [] enchantment(s) |  
[2024-03-27 03:14:45] [world] The Player <Tester> has dropped 1 of WRITTEN BOOK at X= -10254, Y= 65, Z= 4094 that had [] enchantment(s) |  
[2024-03-27 03:17:00] [world] The Player <Tester> has dropped 1 of LEVER at X= -10247, Y= 66, Z= 4077 that had [] enchantment(s) | §eC4§e «2»
[2024-03-27 03:17:27] [world] The Player <Tester> has dropped 1 of DIAMOND SWORD at X= -10246, Y= 66, Z= 4073 that had [Sharpness 5, Smite 5, Bane of Arthropods 5, Unbreaking 5, Knockback 5, Fire Aspect 5, Looting 5] enchantment(s) |  
