[2024-03-27 13:37:14] [world] The Player <Char> has dropped 1 of FENCE at X= -620, Y= 69, Z= 315 that had [] enchantment(s) |  
[2024-03-27 13:45:00] [world] The Player <Char> has dropped 1 of BARRIER at X= -594, Y= 72, Z= 344 that had [] enchantment(s) |  
[2024-03-27 13:46:16] [world] The Player <Char> has dropped 1 of BARRIER at X= -597, Y= 69, Z= 332 that had [] enchantment(s) |  
[2024-03-27 14:09:19] [world] The Player <Milk_Frog> has dropped 1 of COBBLE WALL at X= -602, Y= 72, Z= 249 that had [] enchantment(s) |  
[2024-03-27 14:09:23] [world] The Player <Milk_Frog> has dropped 1 of LEAVES at X= -602, Y= 72, Z= 249 that had [] enchantment(s) |  
[2024-03-27 14:24:39] [world] The Player <Milk_Frog> has dropped 1 of MONSTER EGG at X= -603, Y= 69, Z= 253 that had [] enchantment(s) |  
[2024-03-27 14:36:39] [world] The Player <Tester> has dropped 1 of ROTTEN FLESH at X= -590, Y= 70, Z= 257 that had [] enchantment(s) |  
[2024-03-27 14:51:01] [world] The Player <Tester> has dropped 1 of BARRIER at X= -592, Y= 72, Z= 340 that had [] enchantment(s) |  
[2024-03-27 15:02:38] [world] The Player <Tester> has dropped 1 of STAINED CLAY at X= -599, Y= 69, Z= 372 that had [] enchantment(s) |  
[2024-03-27 20:04:54] [world] The Player <Tester> has dropped 1 of WRITTEN BOOK at X= -601, Y= 70, Z= 244 that had [] enchantment(s) |  
[2024-03-27 20:05:38] [world] The Player <GolemDaWanderer> has dropped 1 of COOKED BEEF at X= -570, Y= 65, Z= 231 that had [] enchantment(s) |  
[2024-03-27 20:07:05] [world_the_end] The Player <GolemDaWanderer> has dropped 1 of LEATHER at X= 101, Y= 50, Z= 0 that had [] enchantment(s) |  
[2024-03-27 20:09:02] [world_the_end] The Player <GolemDaWanderer> has dropped 1 of ROTTEN FLESH at X= -53, Y= 39, Z= -16 that had [] enchantment(s) |  
[2024-03-27 20:09:03] [world_the_end] The Player <GolemDaWanderer> has dropped 1 of ROTTEN FLESH at X= -51, Y= 39, Z= -15 that had [] enchantment(s) |  
[2024-03-27 21:20:12] [world] The Player <Heinrich_Himmler> has dropped 4 of MAGMA CREAM at X= -564, Y= 6, Z= 290 that had [] enchantment(s) |  
[2024-03-27 22:11:40] [world] The Player <Heinrich_Himmler> has dropped 5 of RAW FISH at X= -583, Y= 70, Z= 341 that had [] enchantment(s) |  
[2024-03-27 22:22:19] [world] The Player <Feathery> has dropped 1 of ANVIL at X= 1060, Y= 26, Z= 678 that had [] enchantment(s) |  
[2024-03-27 22:23:15] [world] The Player <Feathery> has dropped 1 of NAME TAG at X= 1059, Y= 26, Z= 677 that had [] enchantment(s) |  
[2024-03-27 22:23:16] [world] The Player <Feathery> has dropped 1 of NAME TAG at X= 1059, Y= 26, Z= 677 that had [] enchantment(s) |  
[2024-03-27 22:24:47] [world] The Player <Feathery> has dropped 1 of ENCHANTED BOOK at X= 1059, Y= 26, Z= 678 that had [] enchantment(s) |  
[2024-03-27 22:24:50] [world] The Player <Feathery> has dropped 1 of ENCHANTED BOOK at X= 1059, Y= 26, Z= 678 that had [] enchantment(s) |  
[2024-03-27 22:24:57] [world] The Player <Feathery> has dropped 1 of ENCHANTED BOOK at X= 1059, Y= 26, Z= 678 that had [] enchantment(s) |  
[2024-03-27 22:26:30] [world] The Player <Feathery> has dropped 1 of LEVER at X= 1059, Y= 26, Z= 678 that had [] enchantment(s) |  
[2024-03-27 22:29:23] [world] The Player <Feathery> has dropped 1 of DIAMOND CHESTPLATE at X= 1059, Y= 26, Z= 677 that had [] enchantment(s) |  
[2024-03-27 22:30:26] [world] The Player <Feathery> has dropped 1 of ENCHANTED BOOK at X= 1059, Y= 26, Z= 677 that had [] enchantment(s) |  
[2024-03-27 22:30:27] [world] The Player <Feathery> has dropped 1 of ENCHANTED BOOK at X= 1059, Y= 26, Z= 677 that had [] enchantment(s) |  
[2024-03-27 22:30:28] [world] The Player <Feathery> has dropped 1 of ENCHANTED BOOK at X= 1059, Y= 26, Z= 677 that had [] enchantment(s) |  
[2024-03-27 22:31:40] [world] The Player <Feathery> has dropped 1 of ENCHANTED BOOK at X= 1059, Y= 26, Z= 677 that had [] enchantment(s) |  
[2024-03-27 22:31:42] [world] The Player <Feathery> has dropped 1 of ENCHANTED BOOK at X= 1059, Y= 26, Z= 677 that had [] enchantment(s) |  
[2024-03-27 22:31:44] [world] The Player <Feathery> has dropped 1 of ENCHANTED BOOK at X= 1059, Y= 26, Z= 677 that had [] enchantment(s) |  
[2024-03-27 22:31:46] [world] The Player <Feathery> has dropped 1 of ENCHANTED BOOK at X= 1059, Y= 26, Z= 677 that had [] enchantment(s) |  
[2024-03-27 22:31:49] [world] The Player <Feathery> has dropped 1 of ENCHANTED BOOK at X= 1059, Y= 26, Z= 677 that had [] enchantment(s) |  
[2024-03-27 22:39:15] [world] The Player <Feathery> has dropped 1 of DIAMOND CHESTPLATE at X= 1060, Y= 26, Z= 678 that had [Protection 4, Unbreaking 3, Thorns 3] enchantment(s) |  
[2024-03-27 22:48:45] [world] The Player <Feathery> has dropped 1 of WOOD at X= 1053, Y= 61, Z= 709 that had [] enchantment(s) |  
[2024-03-27 22:59:01] [world] The Player <Tester> has dropped 1 of MINECART at X= -723, Y= 95, Z= 27 that had [] enchantment(s) |  
[2024-03-27 23:01:55] [world] The Player <Tester> has dropped 1 of POWERED RAIL at X= -720, Y= 122, Z= -25 that had [] enchantment(s) |  
[2024-03-27 23:08:37] [world] The Player <Feathery> has dropped 1 of POTION at X= 1047, Y= 64, Z= 714 that had [] enchantment(s) |  
[2024-03-27 23:08:37] [world] The Player <Feathery> has dropped 1 of POTION at X= 1047, Y= 64, Z= 714 that had [] enchantment(s) |  
[2024-03-27 23:08:38] [world] The Player <Feathery> has dropped 1 of POTION at X= 1047, Y= 64, Z= 714 that had [] enchantment(s) |  
[2024-03-27 23:08:39] [world] The Player <Feathery> has dropped 1 of POTION at X= 1047, Y= 64, Z= 714 that had [] enchantment(s) |  
[2024-03-27 23:08:40] [world] The Player <Feathery> has dropped 1 of POTION at X= 1047, Y= 64, Z= 714 that had [] enchantment(s) |  
[2024-03-27 23:08:41] [world] The Player <Feathery> has dropped 1 of POTION at X= 1047, Y= 64, Z= 714 that had [] enchantment(s) |  
[2024-03-27 23:08:42] [world] The Player <Feathery> has dropped 1 of POTION at X= 1047, Y= 64, Z= 714 that had [] enchantment(s) |  
[2024-03-27 23:14:56] [world] The Player <Feathery> has dropped 1 of RAW BEEF at X= 1062, Y= 64, Z= 715 that had [] enchantment(s) |  
[2024-03-27 23:14:58] [world] The Player <Feathery> has dropped 1 of LEATHER at X= 1062, Y= 64, Z= 711 that had [] enchantment(s) |  
[2024-03-27 23:14:58] [world] The Player <Feathery> has dropped 1 of LEATHER at X= 1062, Y= 64, Z= 711 that had [] enchantment(s) |  
[2024-03-27 23:16:02] [world] The Player <Feathery> has dropped 1 of PUMPKIN PIE at X= 1046, Y= 64, Z= 712 that had [] enchantment(s) |  
[2024-03-27 23:16:03] [world] The Player <Feathery> has dropped 1 of PUMPKIN PIE at X= 1046, Y= 64, Z= 712 that had [] enchantment(s) |  
[2024-03-27 23:16:03] [world] The Player <Feathery> has dropped 1 of PUMPKIN PIE at X= 1046, Y= 64, Z= 712 that had [] enchantment(s) |  
[2024-03-27 23:16:03] [world] The Player <Feathery> has dropped 1 of PUMPKIN PIE at X= 1046, Y= 64, Z= 712 that had [] enchantment(s) |  
[2024-03-27 23:16:03] [world] The Player <Feathery> has dropped 1 of PUMPKIN PIE at X= 1046, Y= 64, Z= 712 that had [] enchantment(s) |  
[2024-03-27 23:16:09] [world] The Player <Feathery> has dropped 1 of PUMPKIN PIE at X= 1046, Y= 64, Z= 712 that had [] enchantment(s) |  
[2024-03-27 23:16:09] [world] The Player <Feathery> has dropped 1 of PUMPKIN PIE at X= 1046, Y= 64, Z= 712 that had [] enchantment(s) |  
[2024-03-27 23:16:09] [world] The Player <Feathery> has dropped 1 of PUMPKIN PIE at X= 1046, Y= 64, Z= 712 that had [] enchantment(s) |  
[2024-03-27 23:17:05] [world] The Player <Feathery> has dropped 1 of POTION at X= 1053, Y= 60, Z= 713 that had [] enchantment(s) |  
[2024-03-27 23:17:10] [world] The Player <Feathery> has dropped 1 of POTION at X= 1050, Y= 61, Z= 715 that had [] enchantment(s) |  
[2024-03-27 23:17:14] [world] The Player <Feathery> has dropped 1 of POTION at X= 1051, Y= 60, Z= 712 that had [] enchantment(s) |  
[2024-03-27 23:17:22] [world] The Player <Char> has dropped 1 of GLASS BOTTLE at X= 1053, Y= 62, Z= 716 that had [] enchantment(s) |  
[2024-03-27 23:17:46] [world] The Player <Char> has dropped 1 of GLASS BOTTLE at X= 1052, Y= 62, Z= 716 that had [] enchantment(s) |  
[2024-03-27 23:24:00] [world] The Player <Feathery> has dropped 1 of POTION at X= 1063, Y= 25, Z= 685 that had [] enchantment(s) |  
[2024-03-27 23:24:01] [world] The Player <Feathery> has dropped 1 of POTION at X= 1063, Y= 25, Z= 685 that had [] enchantment(s) |  
[2024-03-27 23:24:02] [world] The Player <Feathery> has dropped 1 of POTION at X= 1063, Y= 25, Z= 685 that had [] enchantment(s) |  
[2024-03-27 23:24:03] [world] The Player <Feathery> has dropped 1 of PUMPKIN PIE at X= 1063, Y= 25, Z= 685 that had [] enchantment(s) |  
[2024-03-27 23:24:03] [world] The Player <Feathery> has dropped 1 of PUMPKIN PIE at X= 1063, Y= 25, Z= 685 that had [] enchantment(s) |  
[2024-03-27 23:24:04] [world] The Player <Feathery> has dropped 1 of PUMPKIN PIE at X= 1063, Y= 25, Z= 685 that had [] enchantment(s) |  
[2024-03-27 23:24:04] [world] The Player <Feathery> has dropped 1 of PUMPKIN PIE at X= 1063, Y= 25, Z= 685 that had [] enchantment(s) |  
[2024-03-27 23:24:04] [world] The Player <Feathery> has dropped 1 of PUMPKIN PIE at X= 1063, Y= 25, Z= 685 that had [] enchantment(s) |  
[2024-03-27 23:24:04] [world] The Player <Feathery> has dropped 1 of PUMPKIN PIE at X= 1063, Y= 25, Z= 685 that had [] enchantment(s) |  
[2024-03-27 23:24:11] [world] The Player <Milk_Frog> has dropped 1 of POTION at X= 1063, Y= 27, Z= 681 that had [] enchantment(s) |  
[2024-03-27 23:24:13] [world] The Player <Milk_Frog> has dropped 1 of POTION at X= 1063, Y= 27, Z= 681 that had [] enchantment(s) |  
[2024-03-27 23:24:22] [world] The Player <Char> has dropped 1 of GLASS BOTTLE at X= 1064, Y= 25, Z= 682 that had [] enchantment(s) |  
[2024-03-27 23:24:55] [world] The Player <Feathery> has dropped 48 of PUMPKIN PIE at X= 1047, Y= 25, Z= 683 that had [] enchantment(s) |  
[2024-03-27 23:25:02] [world] The Player <Feathery> has dropped 48 of PUMPKIN PIE at X= 1058, Y= 25, Z= 686 that had [] enchantment(s) |  
[2024-03-27 23:25:27] [world] The Player <Char> has dropped 1 of PUMPKIN PIE at X= 1055, Y= 26, Z= 683 that had [] enchantment(s) |  
[2024-03-27 23:25:27] [world] The Player <Char> has dropped 1 of PUMPKIN PIE at X= 1055, Y= 25, Z= 683 that had [] enchantment(s) |  
[2024-03-27 23:25:27] [world] The Player <Char> has dropped 1 of PUMPKIN PIE at X= 1056, Y= 25, Z= 683 that had [] enchantment(s) |  
[2024-03-27 23:25:27] [world] The Player <Char> has dropped 1 of PUMPKIN PIE at X= 1056, Y= 26, Z= 684 that had [] enchantment(s) |  
[2024-03-27 23:25:27] [world] The Player <Char> has dropped 1 of PUMPKIN PIE at X= 1055, Y= 26, Z= 684 that had [] enchantment(s) |  
[2024-03-27 23:25:28] [world] The Player <Char> has dropped 1 of PUMPKIN PIE at X= 1055, Y= 26, Z= 684 that had [] enchantment(s) |  
[2024-03-27 23:25:28] [world] The Player <Char> has dropped 1 of PUMPKIN PIE at X= 1055, Y= 25, Z= 684 that had [] enchantment(s) |  
[2024-03-27 23:25:28] [world] The Player <Char> has dropped 1 of PUMPKIN PIE at X= 1055, Y= 26, Z= 684 that had [] enchantment(s) |  
[2024-03-27 23:25:29] [world] The Player <Char> has dropped 1 of PUMPKIN PIE at X= 1054, Y= 25, Z= 685 that had [] enchantment(s) |  
[2024-03-27 23:25:29] [world] The Player <Char> has dropped 1 of PUMPKIN PIE at X= 1054, Y= 26, Z= 685 that had [] enchantment(s) |  
[2024-03-27 23:25:29] [world] The Player <Char> has dropped 1 of PUMPKIN PIE at X= 1053, Y= 25, Z= 686 that had [] enchantment(s) |  
[2024-03-27 23:25:30] [world] The Player <Char> has dropped 1 of PUMPKIN PIE at X= 1053, Y= 26, Z= 686 that had [] enchantment(s) |  
[2024-03-27 23:25:30] [world] The Player <Char> has dropped 1 of PUMPKIN PIE at X= 1054, Y= 25, Z= 687 that had [] enchantment(s) |  
[2024-03-27 23:25:30] [world] The Player <Char> has dropped 1 of PUMPKIN PIE at X= 1055, Y= 25, Z= 687 that had [] enchantment(s) |  
[2024-03-27 23:25:31] [world] The Player <Char> has dropped 1 of PUMPKIN PIE at X= 1057, Y= 26, Z= 687 that had [] enchantment(s) |  
[2024-03-27 23:26:25] [world] The Player <Char> has dropped 1 of BOW at X= 1048, Y= 25, Z= 685 that had [Power 5, Punch 5, Flame 5, Infinite 5] enchantment(s) | God Did Not Like That
[2024-03-27 23:27:11] [world] The Player <Feathery> has dropped 1 of POTION at X= 1061, Y= 25, Z= 687 that had [] enchantment(s) |  
[2024-03-27 23:27:19] [world] The Player <Feathery> has dropped 1 of GLASS BOTTLE at X= 1054, Y= 25, Z= 685 that had [] enchantment(s) |  
[2024-03-27 23:27:26] [world] The Player <Feathery> has dropped 1 of GLASS BOTTLE at X= 1054, Y= 25, Z= 686 that had [] enchantment(s) |  
[2024-03-27 23:27:28] [world] The Player <Feathery> has dropped 1 of GLASS BOTTLE at X= 1053, Y= 25, Z= 686 that had [] enchantment(s) |  
[2024-03-27 23:27:46] [world] The Player <Feathery> has dropped 1 of GLASS BOTTLE at X= 1062, Y= 25, Z= 686 that had [] enchantment(s) |  
[2024-03-27 23:27:49] [world] The Player <Feathery> has dropped 1 of GLASS BOTTLE at X= 1055, Y= 25, Z= 691 that had [] enchantment(s) |  
[2024-03-27 23:30:21] [world] The Player <Char> has dropped 1 of WOOD at X= 1050, Y= 25, Z= 686 that had [] enchantment(s) |  
[2024-03-27 23:32:01] [world] The Player <NezukoChan> has dropped 1 of FEATHER at X= 1054, Y= 27, Z= 694 that had [] enchantment(s) |  
[2024-03-27 23:32:55] [world] The Player <Char> has dropped 3 of GLASS BOTTLE at X= 1055, Y= 25, Z= 688 that had [] enchantment(s) |  
[2024-03-27 23:32:57] [world] The Player <Char> has dropped 1 of POWERED RAIL at X= 1055, Y= 25, Z= 688 that had [] enchantment(s) |  
[2024-03-27 23:32:58] [world] The Player <Char> has dropped 10 of ENDER STONE at X= 1055, Y= 25, Z= 688 that had [] enchantment(s) |  
[2024-03-27 23:32:59] [world] The Player <Char> has dropped 1 of CARPET at X= 1055, Y= 25, Z= 688 that had [] enchantment(s) |  
[2024-03-27 23:33:00] [world] The Player <Char> has dropped 1 of STONE at X= 1055, Y= 25, Z= 688 that had [] enchantment(s) |  
[2024-03-27 23:33:08] [world] The Player <NezukoChan> has dropped 1 of CARPET at X= -573, Y= 69, Z= 316 that had [] enchantment(s) |  
[2024-03-27 23:33:08] [world] The Player <Feathery> has dropped 10 of ENDER STONE at X= 1054, Y= 25, Z= 685 that had [] enchantment(s) |  
[2024-03-27 23:33:09] [world] The Player <Feathery> has dropped 1 of POWERED RAIL at X= 1054, Y= 25, Z= 685 that had [] enchantment(s) |  
[2024-03-27 23:33:14] [world] The Player <NezukoChan> has dropped 10 of ENDER STONE at X= 1058, Y= 25, Z= 689 that had [] enchantment(s) |  
[2024-03-27 23:33:27] [world] The Player <Feathery> has dropped 9 of ENDER STONE at X= 1053, Y= 25, Z= 684 that had [] enchantment(s) |  
[2024-03-27 23:33:30] [world] The Player <Feathery> has dropped 1 of POWERED RAIL at X= 1053, Y= 25, Z= 684 that had [] enchantment(s) |  
[2024-03-27 23:33:46] [world] The Player <Char> has dropped 1 of POWERED RAIL at X= 1056, Y= 25, Z= 685 that had [] enchantment(s) |  
[2024-03-27 23:37:54] [world] The Player <Feathery> has dropped 1 of POTION at X= 1062, Y= 21, Z= 666 that had [] enchantment(s) |  
[2024-03-27 23:37:55] [world] The Player <Feathery> has dropped 1 of POTION at X= 1062, Y= 21, Z= 666 that had [] enchantment(s) |  
[2024-03-27 23:37:56] [world] The Player <Feathery> has dropped 1 of DIAMOND HELMET at X= 1062, Y= 21, Z= 666 that had [Protection 4, Unbreaking 3, Respiration 3, Aqua Affinity 1, Thorns 3] enchantment(s) |  
[2024-03-27 23:37:57] [world] The Player <Feathery> has dropped 1 of DIAMOND CHESTPLATE at X= 1063, Y= 21, Z= 666 that had [Protection 4, Unbreaking 3, Thorns 3] enchantment(s) |  
[2024-03-27 23:37:58] [world] The Player <Feathery> has dropped 1 of DIAMOND LEGGINGS at X= 1064, Y= 22, Z= 667 that had [Protection 4, Unbreaking 3, Thorns 3] enchantment(s) |  
[2024-03-27 23:38:31] [world] The Player <GolemDaWanderer> has dropped 1 of INK SACK at X= -572, Y= 70, Z= 320 that had [] enchantment(s) |  
[2024-03-27 23:38:33] [world] The Player <NezukoChan> has dropped 7 of FEATHER at X= 1058, Y= 19, Z= 690 that had [] enchantment(s) |  
[2024-03-27 23:38:44] [world] The Player <GolemDaWanderer> has dropped 1 of INK SACK at X= -572, Y= 71, Z= 321 that had [] enchantment(s) |  
[2024-03-27 23:38:53] [world] The Player <GolemDaWanderer> has dropped 1 of INK SACK at X= -573, Y= 71, Z= 325 that had [] enchantment(s) |  
[2024-03-27 23:39:02] [world_the_end] The Player <GolemDaWanderer> has dropped 1 of INK SACK at X= 103, Y= 51, Z= -1 that had [] enchantment(s) |  
[2024-03-27 23:42:14] [world] The Player <GolemDaWanderer> has dropped 1 of CACTUS at X= -576, Y= 70, Z= 316 that had [] enchantment(s) |  
[2024-03-27 23:42:15] [world] The Player <GolemDaWanderer> has dropped 1 of CACTUS at X= -576, Y= 70, Z= 316 that had [] enchantment(s) |  
[2024-03-27 23:42:17] [world] The Player <GolemDaWanderer> has dropped 1 of CACTUS at X= -576, Y= 70, Z= 316 that had [] enchantment(s) |  
[2024-03-27 23:45:31] [world_the_end] The Player <Feathery> has dropped 1 of GOLDEN APPLE at X= -14, Y= 60, Z= 14 that had [] enchantment(s) |  
[2024-03-27 23:45:39] [world_nether] The Player <Heinrich_Himmler> has dropped 1 of IRON BARDING at X= -51, Y= 77, Z= -7 that had [] enchantment(s) | §eMP7§e ▪ «30»
[2024-03-27 23:46:03] [world_the_end] The Player <Feathery> has dropped 1 of GOLDEN APPLE at X= -15, Y= 60, Z= 25 that had [] enchantment(s) |  
[2024-03-27 23:48:49] [world_the_end] The Player <Feathery> has dropped 1 of MONSTER EGG at X= -168, Y= 103, Z= 39 that had [] enchantment(s) |  
[2024-03-27 23:49:07] [world_the_end] The Player <Tester> has dropped 1 of MOB SPAWNER at X= 32, Y= 64, Z= 63 that had [] enchantment(s) |  
[2024-03-27 23:51:01] [world_the_end] The Player <Feathery> has dropped 64 of MONSTER EGG at X= 33, Y= 62, Z= 114 that had [] enchantment(s) |  
[2024-03-27 23:51:03] [world_the_end] The Player <Feathery> has dropped 1 of OBSIDIAN at X= 33, Y= 62, Z= 115 that had [] enchantment(s) |  
[2024-03-27 23:51:03] [world_the_end] The Player <Feathery> has dropped 1 of MONSTER EGG at X= 33, Y= 62, Z= 115 that had [] enchantment(s) |  
[2024-03-27 23:55:14] [world] The Player <GolemDaWanderer> has dropped 1 of ROTTEN FLESH at X= -553, Y= 65, Z= 292 that had [] enchantment(s) |  
[2024-03-27 23:55:15] [world] The Player <GolemDaWanderer> has dropped 1 of ROTTEN FLESH at X= -553, Y= 64, Z= 289 that had [] enchantment(s) |  
[2024-03-27 23:55:25] [world] The Player <GolemDaWanderer> has dropped 1 of ROTTEN FLESH at X= -542, Y= 66, Z= 290 that had [] enchantment(s) |  
[2024-03-27 23:55:25] [world] The Player <GolemDaWanderer> has dropped 1 of ROTTEN FLESH at X= -540, Y= 65, Z= 290 that had [] enchantment(s) |  
[2024-03-27 23:56:56] [world_the_end] The Player <Feathery> has dropped 1 of GOLD NUGGET at X= 26, Y= 60, Z= 69 that had [] enchantment(s) |  
[2024-03-27 23:59:41] [world_the_end] The Player <Feathery> has dropped 1 of ROTTEN FLESH at X= 35, Y= 67, Z= 58 that had [] enchantment(s) |  
[2024-03-27 23:59:42] [world_the_end] The Player <Feathery> has dropped 1 of ENDER STONE at X= 28, Y= 67, Z= 65 that had [] enchantment(s) |  
[2024-03-28 00:00:00] [world] The Player <Heinrich_Himmler> has dropped 1 of IRON BARDING at X= -571, Y= 70, Z= 318 that had [] enchantment(s) | §eMP7§e ▪ «30»
[2024-03-28 00:00:23] [world] The Player <Tester> has dropped 1 of IRON BARDING at X= -573, Y= 70, Z= 319 that had [] enchantment(s) | §eMP7§e ▪ «30»
[2024-03-28 00:02:22] [world_the_end] The Player <Tester> has dropped 1 of IRON BARDING at X= 101, Y= 50, Z= 0 that had [] enchantment(s) | §eMP7§e ▪ «30»
[2024-03-28 00:02:48] [world_the_end] The Player <Tester> has dropped 1 of IRON BARDING at X= 102, Y= 50, Z= 0 that had [] enchantment(s) | §eMP7§e ▪ «30»
[2024-03-28 00:05:15] [world] The Player <Feathery> has dropped 1 of RAILS at X= 1054, Y= 27, Z= 693 that had [] enchantment(s) |  
[2024-03-28 00:05:16] [world] The Player <Feathery> has dropped 1 of PISTON BASE at X= 1054, Y= 25, Z= 691 that had [] enchantment(s) |  
[2024-03-28 00:05:17] [world] The Player <Feathery> has dropped 1 of EXPLOSIVE MINECART at X= 1054, Y= 29, Z= 684 that had [] enchantment(s) |  
[2024-03-28 00:05:17] [world] The Player <Feathery> has dropped 1 of REDSTONE BLOCK at X= 1057, Y= 29, Z= 682 that had [] enchantment(s) |  
[2024-03-28 00:13:16] [world] The Player <NezukoChan> has dropped 1 of ARROW at X= -526, Y= 66, Z= 347 that had [] enchantment(s) |  
[2024-03-28 00:13:16] [world] The Player <NezukoChan> has dropped 1 of ARROW at X= -527, Y= 67, Z= 347 that had [] enchantment(s) |  
[2024-03-28 00:18:08] [world] The Player <NezukoChan> has dropped 1 of ARROW at X= -707, Y= 70, Z= 315 that had [] enchantment(s) |  
[2024-03-28 00:18:10] [world] The Player <NezukoChan> has dropped 1 of BONE at X= -707, Y= 69, Z= 309 that had [] enchantment(s) |  
[2024-03-28 00:18:10] [world] The Player <NezukoChan> has dropped 1 of BONE at X= -707, Y= 68, Z= 308 that had [] enchantment(s) |  
[2024-03-28 00:18:10] [world] The Player <NezukoChan> has dropped 1 of BONE at X= -707, Y= 69, Z= 307 that had [] enchantment(s) |  
[2024-03-28 00:18:11] [world] The Player <NezukoChan> has dropped 1 of BONE at X= -710, Y= 69, Z= 303 that had [] enchantment(s) |  
[2024-03-28 00:18:12] [world] The Player <NezukoChan> has dropped 1 of BONE at X= -712, Y= 69, Z= 302 that had [] enchantment(s) |  
[2024-03-28 00:20:43] [world] The Player <NezukoChan> has dropped 1 of FENCE at X= -616, Y= 69, Z= 319 that had [] enchantment(s) |  
[2024-03-28 00:20:44] [world] The Player <NezukoChan> has dropped 1 of FENCE at X= -616, Y= 69, Z= 319 that had [] enchantment(s) |  
[2024-03-28 00:23:31] [world] The Player <Tester> has dropped 1 of BLAZE ROD at X= -729, Y= 63, Z= 315 that had [] enchantment(s) |  
[2024-03-28 00:23:56] [world] The Player <Tester> has dropped 1 of BLAZE ROD at X= -728, Y= 62, Z= 313 that had [] enchantment(s) |  
[2024-03-28 00:24:39] [world] The Player <Feathery> has dropped 1 of POTION at X= -522, Y= 68, Z= 286 that had [] enchantment(s) |  
[2024-03-28 00:28:06] [world] The Player <Tester> has dropped 1 of DIAMOND SWORD at X= -519, Y= 58, Z= 285 that had [Sharpness 5, Unbreaking 3, Knockback 2, Fire Aspect 2, Looting 3] enchantment(s) | Abyssal Fury
[2024-03-28 00:51:05] [world] The Player <Tester> has dropped 1 of MONSTER EGG at X= -10180, Y= 64, Z= 4109 that had [] enchantment(s) |  
[2024-03-28 00:52:47] [world_the_end] The Player <Heinrich_Himmler> has dropped 1 of SLIME BALL at X= -14, Y= 63, Z= -66 that had [] enchantment(s) |  
[2024-03-28 00:52:47] [world_the_end] The Player <Heinrich_Himmler> has dropped 1 of SLIME BALL at X= -14, Y= 63, Z= -66 that had [] enchantment(s) |  
[2024-03-28 00:52:47] [world_the_end] The Player <Heinrich_Himmler> has dropped 1 of SLIME BALL at X= -14, Y= 63, Z= -66 that had [] enchantment(s) |  
[2024-03-28 00:52:47] [world_the_end] The Player <Heinrich_Himmler> has dropped 1 of SLIME BALL at X= -14, Y= 63, Z= -66 that had [] enchantment(s) |  
[2024-03-28 00:52:47] [world_the_end] The Player <Heinrich_Himmler> has dropped 1 of SLIME BALL at X= -14, Y= 63, Z= -66 that had [] enchantment(s) |  
[2024-03-28 00:52:47] [world_the_end] The Player <Heinrich_Himmler> has dropped 1 of SLIME BALL at X= -14, Y= 63, Z= -66 that had [] enchantment(s) |  
[2024-03-28 00:52:47] [world_the_end] The Player <Heinrich_Himmler> has dropped 1 of SLIME BALL at X= -14, Y= 63, Z= -66 that had [] enchantment(s) |  
