[2024-03-28 01:01:42] [world] The Player <Feathery> has dropped 16 of INK SACK at X= -579, Y= 71, Z= 268 that had [] enchantment(s) |  
[2024-03-28 01:01:44] [world] The Player <Feathery> has dropped 64 of INK SACK at X= -579, Y= 71, Z= 268 that had [] enchantment(s) |  
[2024-03-28 01:09:48] [world_the_end] The Player <Char> has dropped 1 of DIAMOND SWORD at X= -4, Y= 70, Z= -62 that had [Sharpness 5, Knockback 2, Fire Aspect 1, Looting 3] enchantment(s) |  
[2024-03-28 02:11:15] [world_the_end] The Player <Tester> has dropped 1 of MAP at X= 40, Y= 22, Z= 207 that had [] enchantment(s) |  
[2024-03-28 02:11:20] [world_the_end] The Player <Tester> has dropped 1 of MAP at X= 40, Y= 12, Z= 196 that had [] enchantment(s) |  
[2024-03-28 02:11:25] [world_the_end] The Player <Tester> has dropped 1 of MAP at X= 40, Y= 12, Z= 195 that had [] enchantment(s) |  
[2024-03-28 02:19:49] [world_the_end] The Player <Feathery> has dropped 1 of REDSTONE at X= 24, Y= 63, Z= 208 that had [] enchantment(s) |  
[2024-03-28 02:20:47] [world_the_end] The Player <Feathery> has dropped 1 of REDSTONE at X= 20, Y= 69, Z= 181 that had [] enchantment(s) |  
[2024-03-28 02:24:27] [world_the_end] The Player <Heinrich_Himmler> has dropped 1 of SLIME BLOCK at X= -35, Y= 59, Z= 11 that had [] enchantment(s) |  
[2024-03-28 02:31:43] [world_the_end] The Player <Feathery> has dropped 1 of REDSTONE at X= -69, Y= 4, Z= 215 that had [] enchantment(s) |  
[2024-03-28 02:37:54] [world_the_end] The Player <Tester> has dropped 1 of COMMAND at X= -92, Y= 6, Z= 198 that had [] enchantment(s) |  
[2024-03-28 02:37:56] [world_the_end] The Player <Tester> has dropped 1 of COMMAND at X= -89, Y= 5, Z= 197 that had [] enchantment(s) |  
[2024-03-28 02:38:16] [world_the_end] The Player <Feathery> has dropped 1 of GRASS at X= -77, Y= 14, Z= 265 that had [] enchantment(s) |  
[2024-03-28 02:38:16] [world_the_end] The Player <Feathery> has dropped 1 of DIRT at X= -78, Y= 14, Z= 272 that had [] enchantment(s) |  
[2024-03-28 02:38:17] [world_the_end] The Player <Feathery> has dropped 1 of ENDER STONE at X= -80, Y= 14, Z= 290 that had [] enchantment(s) |  
[2024-03-28 02:41:53] [world_the_end] The Player <Feathery> has dropped 1 of ANVIL at X= -89, Y= 4, Z= 360 that had [] enchantment(s) |  
[2024-03-28 02:41:53] [world_the_end] The Player <Feathery> has dropped 1 of STONE at X= -89, Y= 4, Z= 360 that had [] enchantment(s) |  
[2024-03-28 02:44:09] [world_the_end] The Player <Tester> has dropped 1 of WOOD PICKAXE at X= -88, Y= 3, Z= 217 that had [] enchantment(s) |  
[2024-03-28 02:45:16] [world] The Player <Tester> has dropped 1 of DIAMOND PICKAXE at X= -610, Y= 72, Z= 395 that had [] enchantment(s) |  
[2024-03-28 02:45:57] [world] The Player <Tester> has dropped 1 of BEDROCK at X= -619, Y= 70, Z= 377 that had [] enchantment(s) |  
[2024-03-28 02:50:30] [world_the_end] The Player <Tester> has dropped 1 of BEDROCK at X= -111, Y= 2, Z= 336 that had [] enchantment(s) |  
[2024-03-28 02:51:35] [world_the_end] The Player <Tester> has dropped 1 of DIAMOND PICKAXE at X= 12, Y= 60, Z= 23 that had [] enchantment(s) |  
[2024-03-28 02:59:46] [world_the_end] The Player <Tester> has dropped 1 of DRAGON EGG at X= 12550378, Y= 100, Z= 484 that had [] enchantment(s) |  
[2024-03-28 03:22:53] [world_the_end] The Player <Feathery> has dropped 1 of BEDROCK at X= -213, Y= 11, Z= 445 that had [] enchantment(s) |  
[2024-03-28 03:22:54] [world_the_end] The Player <Feathery> has dropped 1 of MAGMA CREAM at X= -216, Y= 11, Z= 444 that had [] enchantment(s) | sphere
[2024-03-28 03:22:54] [world_the_end] The Player <Feathery> has dropped 1 of INK SACK at X= -216, Y= 11, Z= 444 that had [] enchantment(s) | cyli
[2024-03-28 03:22:55] [world_the_end] The Player <Feathery> has dropped 1 of DIRT at X= -216, Y= 11, Z= 444 that had [] enchantment(s) |  
[2024-03-28 03:22:55] [world_the_end] The Player <Feathery> has dropped 1 of WATER BUCKET at X= -216, Y= 11, Z= 444 that had [] enchantment(s) |  
[2024-03-28 04:01:01] [world] The Player <Feathery> has dropped 1 of GRASS at X= -609, Y= 69, Z= 312 that had [] enchantment(s) |  
[2024-03-28 04:09:54] [world_the_end] The Player <Feathery> has dropped 1 of REDSTONE TORCH ON at X= 84, Y= 58, Z= -94 that had [] enchantment(s) |  
[2024-03-28 04:10:03] [world_the_end] The Player <Feathery> has dropped 1 of IRON TRAPDOOR at X= 84, Y= 58, Z= -94 that had [] enchantment(s) | Smooth
[2024-03-28 04:10:04] [world_the_end] The Player <Feathery> has dropped 1 of LONG GRASS at X= 84, Y= 58, Z= -94 that had [] enchantment(s) | Sphere
[2024-03-28 11:39:26] [world] The Player <Tester> has dropped 45 of BEDROCK at X= -867, Y= 12, Z= 628 that had [] enchantment(s) |  
[2024-03-28 11:39:32] [world] The Player <Tester> has dropped 2 of DRAGON EGG at X= -867, Y= 12, Z= 628 that had [] enchantment(s) |  
[2024-03-28 11:39:36] [world] The Player <Tester> has dropped 9 of POWERED RAIL at X= -867, Y= 12, Z= 628 that had [] enchantment(s) |  
[2024-03-28 11:39:37] [world] The Player <Tester> has dropped 1 of SAND at X= -867, Y= 12, Z= 628 that had [] enchantment(s) |  
[2024-03-28 11:39:38] [world] The Player <Tester> has dropped 1 of GRASS at X= -867, Y= 12, Z= 628 that had [] enchantment(s) |  
[2024-03-28 11:39:40] [world] The Player <Tester> has dropped 64 of POWERED RAIL at X= -867, Y= 12, Z= 628 that had [] enchantment(s) |  
[2024-03-28 11:39:40] [world] The Player <Tester> has dropped 64 of POWERED RAIL at X= -867, Y= 12, Z= 628 that had [] enchantment(s) |  
[2024-03-28 11:39:42] [world] The Player <Tester> has dropped 64 of POWERED RAIL at X= -867, Y= 12, Z= 628 that had [] enchantment(s) |  
[2024-03-28 11:39:43] [world] The Player <Tester> has dropped 64 of POWERED RAIL at X= -867, Y= 12, Z= 628 that had [] enchantment(s) |  
[2024-03-28 12:03:51] [world] The Player <Tester> has dropped 1 of WOOD AXE at X= -591, Y= 73, Z= 330 that had [] enchantment(s) |  
[2024-03-28 12:20:15] [world] The Player <Tester> has dropped 64 of COOKED FISH at X= -582, Y= 70, Z= 342 that had [] enchantment(s) |  
[2024-03-28 12:27:40] [world] The Player <Tester> has dropped 1 of WATER BUCKET at X= -581, Y= 70, Z= 339 that had [] enchantment(s) |  
[2024-03-28 12:30:06] [world] The Player <Tester> has dropped 64 of RAW FISH at X= -581, Y= 70, Z= 339 that had [] enchantment(s) |  
[2024-03-28 12:32:19] [world] The Player <Tester> has dropped 1 of POTION at X= -580, Y= 70, Z= 341 that had [] enchantment(s) |  
[2024-03-28 12:32:20] [world] The Player <Tester> has dropped 1 of POTION at X= -580, Y= 70, Z= 341 that had [] enchantment(s) |  
[2024-03-28 12:32:22] [world] The Player <Tester> has dropped 1 of POTION at X= -580, Y= 70, Z= 341 that had [] enchantment(s) |  
[2024-03-28 12:32:23] [world] The Player <Tester> has dropped 1 of POTION at X= -580, Y= 70, Z= 341 that had [] enchantment(s) |  
[2024-03-28 12:32:23] [world] The Player <Tester> has dropped 1 of POTION at X= -580, Y= 70, Z= 341 that had [] enchantment(s) |  
[2024-03-28 13:56:38] [world] The Player <defnotnezuko> has dropped 1 of SEEDS at X= -10150, Y= 70, Z= 4055 that had [] enchantment(s) |  
[2024-03-28 14:15:25] [world] The Player <NezukoChan> has dropped 1 of DIRT at X= -555, Y= 67, Z= 307 that had [] enchantment(s) |  
[2024-03-28 14:37:19] [world] The Player <Tester> has dropped 1 of POTION at X= -581, Y= 70, Z= 339 that had [] enchantment(s) |  
[2024-03-28 14:37:19] [world] The Player <Tester> has dropped 1 of POTION at X= -581, Y= 70, Z= 339 that had [] enchantment(s) |  
[2024-03-28 14:37:21] [world] The Player <Tester> has dropped 1 of POTION at X= -581, Y= 70, Z= 339 that had [] enchantment(s) |  
[2024-03-28 14:37:22] [world] The Player <Tester> has dropped 1 of POTION at X= -581, Y= 70, Z= 339 that had [] enchantment(s) |  
[2024-03-28 14:53:28] [world] The Player <Tester> has dropped 1 of GLOWSTONE at X= -610, Y= 65, Z= 326 that had [] enchantment(s) |  
[2024-03-28 14:55:38] [world] The Player <Tester> has dropped 1 of WOOD PICKAXE at X= -457, Y= 64, Z= 311 that had [] enchantment(s) |  
[2024-03-28 15:14:08] [world] The Player <Char> has dropped 1 of STEP at X= -564, Y= 80, Z= 321 that had [] enchantment(s) |  
[2024-03-28 15:47:41] [world] The Player <xcpc> has dropped 1 of ENDER PEARL at X= -572, Y= 69, Z= 462 that had [] enchantment(s) |  
[2024-03-28 15:57:28] [world] The Player <Milk_Frog> has dropped 1 of GLOWSTONE at X= -595, Y= 69, Z= 289 that had [] enchantment(s) |  
[2024-03-28 16:01:52] [world] The Player <Tester> has dropped 1 of ANVIL at X= -569, Y= 70, Z= 340 that had [] enchantment(s) |  
[2024-03-28 16:06:47] [world] The Player <xcpc> has dropped 1 of ENDER PEARL at X= -602, Y= 70, Z= 248 that had [] enchantment(s) |  
[2024-03-28 16:10:20] [world] The Player <GolemDaWanderer> has dropped 1 of QUARTZ at X= -579, Y= 70, Z= 349 that had [] enchantment(s) |  
[2024-03-28 16:13:02] [world] The Player <GolemDaWanderer> has dropped 1 of DIAMOND PICKAXE at X= -576, Y= 70, Z= 350 that had [Efficiency 5, Silk Touch 1, Unbreaking 3] enchantment(s) | Silky
[2024-03-28 16:13:05] [world] The Player <GolemDaWanderer> has dropped 1 of QUARTZ at X= -574, Y= 70, Z= 352 that had [] enchantment(s) |  
[2024-03-28 16:14:24] [world_the_end] The Player <Feathery> has dropped 1 of STONE at X= 314, Y= 18, Z= -115 that had [] enchantment(s) |  
[2024-03-28 16:15:05] [world] The Player <GolemDaWanderer> has dropped 1 of RAW FISH at X= -581, Y= 70, Z= 342 that had [] enchantment(s) |  
[2024-03-28 16:15:06] [world] The Player <GolemDaWanderer> has dropped 5 of RAW FISH at X= -581, Y= 70, Z= 342 that had [] enchantment(s) |  
[2024-03-28 16:22:14] [world_the_end] The Player <Feathery> has dropped 1 of PORK at X= 338, Y= 33, Z= -143 that had [] enchantment(s) |  
[2024-03-28 16:22:14] [world_the_end] The Player <Feathery> has dropped 1 of PORK at X= 338, Y= 33, Z= -144 that had [] enchantment(s) |  
[2024-03-28 16:22:14] [world_the_end] The Player <Feathery> has dropped 1 of PORK at X= 338, Y= 33, Z= -144 that had [] enchantment(s) |  
[2024-03-28 16:22:15] [world_the_end] The Player <Feathery> has dropped 1 of PORK at X= 338, Y= 33, Z= -144 that had [] enchantment(s) |  
[2024-03-28 16:25:21] [world_the_end] The Player <Feathery> has dropped 1 of MOSSY COBBLESTONE at X= 278, Y= 20, Z= -82 that had [] enchantment(s) |  
[2024-03-28 16:28:33] [world_the_end] The Player <Feathery> has dropped 1 of FEATHER at X= 273, Y= 14, Z= -150 that had [] enchantment(s) |  
[2024-03-28 16:28:35] [world_the_end] The Player <Feathery> has dropped 1 of GOLD ORE at X= 273, Y= 14, Z= -149 that had [] enchantment(s) |  
[2024-03-28 16:38:06] [world_the_end] The Player <Tester> has dropped 1 of FLINT AND STEEL at X= 16, Y= 80, Z= 3 that had [] enchantment(s) |  
[2024-03-28 16:51:53] [world_the_end] The Player <Feathery> has dropped 1 of GOLD NUGGET at X= 304, Y= 10, Z= -117 that had [Silk Touch 1, Lure 3] enchantment(s) | <:: Gate Token ::>
[2024-03-28 17:24:52] [world] The Player <xcpc> has dropped 3 of STICK at X= -308, Y= 71, Z= 275 that had [] enchantment(s) |  
[2024-03-28 17:35:34] [world] The Player <GolemDaWanderer> has dropped 1 of MUTTON at X= -553, Y= 69, Z= 249 that had [] enchantment(s) |  
[2024-03-28 17:35:34] [world] The Player <GolemDaWanderer> has dropped 1 of MUTTON at X= -553, Y= 69, Z= 249 that had [] enchantment(s) |  
[2024-03-28 17:35:35] [world] The Player <GolemDaWanderer> has dropped 1 of WOOL at X= -553, Y= 69, Z= 249 that had [] enchantment(s) |  
[2024-03-28 17:41:50] [world] The Player <Heinrich_Himmler> has dropped 1 of IRON BARDING at X= -464, Y= 73, Z= 237 that had [] enchantment(s) | §e Jetpack§e ▪ «26»
[2024-03-28 18:31:22] [world] The Player <xcpc> has dropped 2 of LOG at X= -308, Y= 71, Z= 274 that had [] enchantment(s) |  
[2024-03-28 18:32:44] [world] The Player <xcpc> has dropped 1 of BUCKET at X= -294, Y= 14, Z= 209 that had [] enchantment(s) |  
[2024-03-28 18:43:24] [world] The Player <xcpc> has dropped 57 of GRAVEL at X= -309, Y= 71, Z= 277 that had [] enchantment(s) |  
[2024-03-28 18:51:05] [world] The Player <xcpc> has dropped 1 of DIRT at X= -314, Y= 71, Z= 275 that had [] enchantment(s) |  
[2024-03-28 18:51:09] [world] The Player <xcpc> has dropped 1 of DIRT at X= -313, Y= 71, Z= 276 that had [] enchantment(s) |  
[2024-03-28 18:55:50] [world] The Player <xcpc> has dropped 1 of RED ROSE at X= -258, Y= 66, Z= 259 that had [] enchantment(s) |  
[2024-03-28 20:00:51] [world_the_end] The Player <Tester> has dropped 1 of RAW FISH at X= 293, Y= 20, Z= -160 that had [] enchantment(s) |  
[2024-03-28 20:00:52] [world_the_end] The Player <Tester> has dropped 1 of BOW at X= 293, Y= 20, Z= -160 that had [Power 2, Unbreaking 2] enchantment(s) |  
[2024-03-28 20:00:53] [world_the_end] The Player <Tester> has dropped 1 of BOW at X= 293, Y= 20, Z= -160 that had [Power 2, Unbreaking 2] enchantment(s) |  
[2024-03-28 20:01:49] [world_the_end] The Player <Tester> has dropped 64 of GOLD NUGGET at X= 283, Y= 22, Z= -114 that had [Silk Touch 1, Lure 3] enchantment(s) | <:: Gate Token ::>
[2024-03-28 20:02:17] [world_the_end] The Player <Feathery> has dropped 1 of STONE at X= 293, Y= 19, Z= -143 that had [] enchantment(s) |  
[2024-03-28 20:02:18] [world_the_end] The Player <Feathery> has dropped 1 of CHEST at X= 294, Y= 6, Z= -138 that had [] enchantment(s) |  
[2024-03-28 20:11:22] [world] The Player <Feathery> has dropped 1 of IRON AXE at X= -615, Y= 69, Z= 352 that had [] enchantment(s) |  
[2024-03-28 20:11:23] [world] The Player <Feathery> has dropped 1 of IRON PICKAXE at X= -615, Y= 69, Z= 352 that had [] enchantment(s) |  
[2024-03-28 20:13:25] [world] The Player <Tester> has dropped 1 of COOKED BEEF at X= -619, Y= 69, Z= 358 that had [] enchantment(s) |  
[2024-03-28 20:13:26] [world] The Player <Tester> has dropped 1 of COOKED BEEF at X= -619, Y= 69, Z= 358 that had [] enchantment(s) |  
[2024-03-28 20:13:26] [world] The Player <Tester> has dropped 1 of COOKED BEEF at X= -619, Y= 69, Z= 358 that had [] enchantment(s) |  
[2024-03-28 20:13:26] [world] The Player <Tester> has dropped 1 of COOKED BEEF at X= -619, Y= 69, Z= 358 that had [] enchantment(s) |  
[2024-03-28 20:13:26] [world] The Player <Tester> has dropped 1 of COOKED BEEF at X= -619, Y= 69, Z= 358 that had [] enchantment(s) |  
[2024-03-28 20:13:26] [world] The Player <Tester> has dropped 1 of COOKED BEEF at X= -619, Y= 69, Z= 358 that had [] enchantment(s) |  
[2024-03-28 20:13:26] [world] The Player <Tester> has dropped 1 of COOKED BEEF at X= -619, Y= 69, Z= 358 that had [] enchantment(s) |  
[2024-03-28 20:13:27] [world] The Player <Tester> has dropped 1 of COOKED BEEF at X= -619, Y= 69, Z= 358 that had [] enchantment(s) |  
[2024-03-28 20:13:27] [world] The Player <Tester> has dropped 1 of COOKED BEEF at X= -619, Y= 69, Z= 358 that had [] enchantment(s) |  
[2024-03-28 20:13:27] [world] The Player <Tester> has dropped 1 of COOKED BEEF at X= -619, Y= 69, Z= 358 that had [] enchantment(s) |  
[2024-03-28 20:15:45] [world] The Player <Feathery> has dropped 1 of IRON ORE at X= -668, Y= 47, Z= 294 that had [] enchantment(s) |  
[2024-03-28 20:15:45] [world] The Player <Feathery> has dropped 1 of IRON ORE at X= -669, Y= 47, Z= 295 that had [] enchantment(s) |  
[2024-03-28 20:15:46] [world] The Player <Feathery> has dropped 1 of COBBLESTONE at X= -669, Y= 47, Z= 296 that had [] enchantment(s) |  
[2024-03-28 20:15:47] [world] The Player <Feathery> has dropped 1 of COBBLESTONE at X= -669, Y= 47, Z= 296 that had [] enchantment(s) |  
[2024-03-28 20:15:47] [world] The Player <Feathery> has dropped 1 of COBBLESTONE at X= -669, Y= 47, Z= 296 that had [] enchantment(s) |  
[2024-03-28 20:20:22] [world] The Player <Tester> has dropped 1 of ACACIA DOOR ITEM at X= -600, Y= 69, Z= 350 that had [] enchantment(s) |  
[2024-03-28 20:23:53] [world] The Player <BTC> has dropped 8 of COBBLESTONE at X= -230, Y= 72, Z= 153 that had [] enchantment(s) |  
[2024-03-28 20:29:07] [world_the_end] The Player <Feathery> has dropped 1 of STONE at X= 282, Y= 25, Z= -80 that had [] enchantment(s) |  
[2024-03-28 20:29:11] [world_the_end] The Player <Feathery> has dropped 1 of COBBLESTONE at X= 279, Y= 29, Z= -77 that had [] enchantment(s) |  
[2024-03-28 20:29:36] [world_the_end] The Player <Milk_Frog> has dropped 1 of BED at X= 302, Y= 64, Z= -157 that had [] enchantment(s) |  
[2024-03-28 20:52:10] [world] The Player <BTC> has dropped 1 of STICK at X= 733, Y= 12, Z= 90 that had [] enchantment(s) |  
[2024-03-28 21:00:25] [world] The Player <Feathery> has dropped 1 of ENCHANTED BOOK at X= 979, Y= 8, Z= 753 that had [] enchantment(s) |  
[2024-03-28 21:00:29] [world] The Player <Feathery> has dropped 1 of ENCHANTED BOOK at X= 979, Y= 8, Z= 753 that had [] enchantment(s) |  
[2024-03-28 21:00:32] [world] The Player <Feathery> has dropped 1 of ENCHANTED BOOK at X= 979, Y= 8, Z= 753 that had [] enchantment(s) |  
[2024-03-28 21:00:34] [world] The Player <Feathery> has dropped 1 of ENCHANTED BOOK at X= 979, Y= 8, Z= 753 that had [] enchantment(s) |  
[2024-03-28 21:00:39] [world] The Player <Feathery> has dropped 1 of ENCHANTED BOOK at X= 979, Y= 8, Z= 753 that had [] enchantment(s) |  
[2024-03-28 21:00:47] [world] The Player <Feathery> has dropped 1 of ENCHANTED BOOK at X= 979, Y= 8, Z= 753 that had [] enchantment(s) |  
[2024-03-28 21:00:51] [world] The Player <Feathery> has dropped 1 of ENCHANTED BOOK at X= 979, Y= 8, Z= 753 that had [] enchantment(s) |  
[2024-03-28 21:00:55] [world] The Player <Feathery> has dropped 1 of ANVIL at X= 978, Y= 7, Z= 751 that had [] enchantment(s) |  
[2024-03-28 21:01:44] [world] The Player <Feathery> has dropped 1 of ENCHANTED BOOK at X= 978, Y= 7, Z= 751 that had [] enchantment(s) |  
[2024-03-28 21:01:48] [world] The Player <Feathery> has dropped 1 of ENCHANTED BOOK at X= 978, Y= 7, Z= 751 that had [] enchantment(s) |  
[2024-03-28 21:01:51] [world] The Player <Feathery> has dropped 1 of ENCHANTED BOOK at X= 978, Y= 7, Z= 751 that had [] enchantment(s) |  
[2024-03-28 21:01:53] [world] The Player <Feathery> has dropped 1 of ENCHANTED BOOK at X= 978, Y= 7, Z= 751 that had [] enchantment(s) |  
[2024-03-28 21:01:56] [world] The Player <Feathery> has dropped 1 of ENCHANTED BOOK at X= 978, Y= 7, Z= 751 that had [] enchantment(s) |  
[2024-03-28 21:02:01] [world] The Player <Feathery> has dropped 1 of ENCHANTED BOOK at X= 978, Y= 7, Z= 751 that had [] enchantment(s) |  
[2024-03-28 21:02:07] [world] The Player <Feathery> has dropped 1 of ENCHANTED BOOK at X= 978, Y= 7, Z= 751 that had [] enchantment(s) |  
[2024-03-28 21:02:08] [world] The Player <Feathery> has dropped 1 of ENCHANTED BOOK at X= 978, Y= 7, Z= 751 that had [] enchantment(s) |  
[2024-03-28 21:02:10] [world] The Player <Feathery> has dropped 1 of ENCHANTED BOOK at X= 978, Y= 7, Z= 751 that had [] enchantment(s) |  
[2024-03-28 21:02:12] [world] The Player <Feathery> has dropped 1 of ENCHANTED BOOK at X= 978, Y= 7, Z= 751 that had [] enchantment(s) |  
[2024-03-28 21:02:14] [world] The Player <Feathery> has dropped 1 of ENCHANTED BOOK at X= 978, Y= 7, Z= 751 that had [] enchantment(s) |  
[2024-03-28 21:02:28] [world] The Player <Feathery> has dropped 1 of ENCHANTED BOOK at X= 978, Y= 7, Z= 751 that had [] enchantment(s) |  
[2024-03-28 21:04:30] [world] The Player <Feathery> has dropped 1 of DIAMOND HOE at X= 621, Y= 11, Z= 201 that had [Power 5, Sharpness 5, Efficiency 5, Punch 2, Unbreaking 3, Flame 1, Fortune 3, Infinite 1, Fire Aspect 2, Luck of the Sea 3, Lure 3] enchantment(s) | Thy clowns sickle.
[2024-03-28 21:07:02] [world] The Player <Char> has dropped 1 of COBBLESTONE at X= 621, Y= 12, Z= 221 that had [] enchantment(s) |  
[2024-03-28 21:12:49] [world_the_end] The Player <Feathery> has dropped 9 of FEATHER at X= 294, Y= 27, Z= -159 that had [Efficiency 5, Unbreaking 3, Feather Falling 4, Blast Protection 4, Fortune 3, Respiration 3, Thorns 3, Depth Strider 3, Sharpness 5, Knockback 2, Fire Aspect 2, Looting 3] enchantment(s) | Feathery's feathers.
[2024-03-28 21:13:09] [world_the_end] The Player <Feathery> has dropped 1 of ENDER CHEST at X= 292, Y= 33, Z= -149 that had [] enchantment(s) |  
[2024-03-28 21:13:14] [world_the_end] The Player <Feathery> has dropped 1 of ENDER CHEST at X= 291, Y= 9, Z= -143 that had [] enchantment(s) |  
[2024-03-28 21:26:40] [world] The Player <BTC> has dropped 15 of STONE at X= -539, Y= 66, Z= 414 that had [] enchantment(s) |  
[2024-03-28 21:26:41] [world] The Player <BTC> has dropped 64 of COBBLESTONE at X= -539, Y= 66, Z= 414 that had [] enchantment(s) |  
[2024-03-28 21:26:42] [world] The Player <BTC> has dropped 64 of COBBLESTONE at X= -539, Y= 66, Z= 414 that had [] enchantment(s) |  
[2024-03-28 21:26:44] [world] The Player <BTC> has dropped 31 of WOOD at X= -539, Y= 66, Z= 414 that had [] enchantment(s) |  
[2024-03-28 21:26:45] [world] The Player <BTC> has dropped 27 of DIRT at X= -539, Y= 66, Z= 414 that had [] enchantment(s) |  
[2024-03-28 21:26:46] [world] The Player <BTC> has dropped 5 of GRAVEL at X= -539, Y= 66, Z= 414 that had [] enchantment(s) |  
[2024-03-28 21:26:47] [world] The Player <BTC> has dropped 64 of COBBLESTONE at X= -539, Y= 66, Z= 414 that had [] enchantment(s) |  
[2024-03-28 21:26:48] [world] The Player <BTC> has dropped 64 of COBBLESTONE at X= -539, Y= 66, Z= 414 that had [] enchantment(s) |  
[2024-03-28 21:26:51] [world] The Player <BTC> has dropped 1 of BROWN MUSHROOM at X= -539, Y= 66, Z= 414 that had [] enchantment(s) |  
[2024-03-28 21:26:52] [world] The Player <BTC> has dropped 18 of STONE at X= -539, Y= 66, Z= 414 that had [] enchantment(s) |  
[2024-03-28 21:26:53] [world] The Player <BTC> has dropped 64 of COBBLESTONE at X= -539, Y= 66, Z= 414 that had [] enchantment(s) |  
[2024-03-28 21:26:55] [world] The Player <BTC> has dropped 29 of COBBLESTONE at X= -539, Y= 66, Z= 414 that had [] enchantment(s) |  
[2024-03-28 21:26:56] [world] The Player <BTC> has dropped 30 of STONE at X= -539, Y= 66, Z= 414 that had [] enchantment(s) |  
[2024-03-28 21:26:57] [world] The Player <BTC> has dropped 57 of COBBLESTONE at X= -539, Y= 66, Z= 414 that had [] enchantment(s) |  
[2024-03-28 21:26:58] [world] The Player <BTC> has dropped 64 of COBBLESTONE at X= -539, Y= 66, Z= 414 that had [] enchantment(s) |  
[2024-03-28 21:27:01] [world] The Player <BTC> has dropped 1 of BOAT at X= -539, Y= 66, Z= 414 that had [] enchantment(s) |  
[2024-03-28 21:27:14] [world] The Player <BTC> has dropped 1 of RAILS at X= -539, Y= 66, Z= 414 that had [] enchantment(s) |  
[2024-03-28 21:27:15] [world] The Player <BTC> has dropped 4 of STICK at X= -539, Y= 66, Z= 414 that had [] enchantment(s) |  
[2024-03-28 21:27:16] [world] The Player <BTC> has dropped 2 of FLINT at X= -539, Y= 66, Z= 414 that had [] enchantment(s) |  
[2024-03-28 21:27:18] [world] The Player <BTC> has dropped 2 of SULPHUR at X= -539, Y= 66, Z= 414 that had [] enchantment(s) |  
[2024-03-28 22:01:43] [world] The Player <Feathery> has dropped 1 of ENDER CHEST at X= -607, Y= 79, Z= 324 that had [] enchantment(s) |  
[2024-03-28 22:04:12] [world] The Player <BTC> has dropped 1 of NETHER BRICK at X= 1053, Y= 16, Z= 691 that had [] enchantment(s) |  
[2024-03-28 22:05:43] [world] The Player <Feathery> has dropped 1 of ENDER CHEST at X= 1056, Y= 30, Z= 723 that had [] enchantment(s) |  
[2024-03-28 22:05:50] [world] The Player <BTC> has dropped 64 of COBBLESTONE at X= 1055, Y= 30, Z= 722 that had [] enchantment(s) |  
[2024-03-28 22:05:54] [world] The Player <BTC> has dropped 1 of NETHER BRICK at X= 1055, Y= 30, Z= 722 that had [] enchantment(s) |  
[2024-03-28 22:05:54] [world] The Player <Feathery> has dropped 1 of COBBLESTONE at X= 1060, Y= 28, Z= 718 that had [] enchantment(s) |  
[2024-03-28 22:05:55] [world] The Player <Feathery> has dropped 1 of COBBLESTONE at X= 1061, Y= 27, Z= 718 that had [] enchantment(s) |  
[2024-03-28 22:05:55] [world] The Player <Feathery> has dropped 1 of COBBLESTONE at X= 1061, Y= 27, Z= 718 that had [] enchantment(s) |  
[2024-03-28 22:05:55] [world] The Player <Feathery> has dropped 1 of COBBLESTONE at X= 1061, Y= 27, Z= 718 that had [] enchantment(s) |  
[2024-03-28 22:05:55] [world] The Player <Feathery> has dropped 1 of COBBLESTONE at X= 1061, Y= 27, Z= 718 that had [] enchantment(s) |  
[2024-03-28 22:05:55] [world] The Player <Feathery> has dropped 1 of COBBLESTONE at X= 1061, Y= 27, Z= 718 that had [] enchantment(s) |  
[2024-03-28 22:05:56] [world] The Player <Feathery> has dropped 1 of COBBLESTONE at X= 1061, Y= 27, Z= 718 that had [] enchantment(s) |  
[2024-03-28 22:05:56] [world] The Player <Feathery> has dropped 1 of COBBLESTONE at X= 1061, Y= 27, Z= 718 that had [] enchantment(s) |  
[2024-03-28 22:05:56] [world] The Player <Feathery> has dropped 1 of COBBLESTONE at X= 1061, Y= 27, Z= 718 that had [] enchantment(s) |  
[2024-03-28 22:05:56] [world] The Player <Feathery> has dropped 1 of COBBLESTONE at X= 1061, Y= 27, Z= 718 that had [] enchantment(s) |  
[2024-03-28 22:05:57] [world] The Player <Feathery> has dropped 1 of COBBLESTONE at X= 1061, Y= 27, Z= 718 that had [] enchantment(s) |  
[2024-03-28 22:05:57] [world] The Player <Feathery> has dropped 1 of COBBLESTONE at X= 1061, Y= 27, Z= 718 that had [] enchantment(s) |  
[2024-03-28 22:05:58] [world] The Player <Feathery> has dropped 1 of COBBLESTONE at X= 1061, Y= 27, Z= 718 that had [] enchantment(s) |  
[2024-03-28 22:06:13] [world] The Player <BTC> has dropped 1 of REDSTONE BLOCK at X= 1050, Y= 19, Z= 705 that had [] enchantment(s) |  
[2024-03-28 22:07:15] [world] The Player <Feathery> has dropped 2 of BONE at X= 1062, Y= 23, Z= 686 that had [] enchantment(s) |  
[2024-03-28 22:07:39] [world] The Player <Feathery> has dropped 6 of HAY BLOCK at X= 1061, Y= 22, Z= 689 that had [] enchantment(s) |  
[2024-03-28 22:08:09] [world] The Player <Feathery> has dropped 1 of COBBLESTONE at X= 1061, Y= 22, Z= 689 that had [] enchantment(s) |  
[2024-03-28 22:13:54] [world] The Player <BTC> has dropped 1 of RAILS at X= -812, Y= 69, Z= 28 that had [] enchantment(s) |  
[2024-03-28 22:13:54] [world] The Player <BTC> has dropped 1 of COOKED CHICKEN at X= -812, Y= 69, Z= 28 that had [] enchantment(s) |  
[2024-03-28 22:13:55] [world] The Player <BTC> has dropped 1 of GRAVEL at X= -812, Y= 69, Z= 28 that had [] enchantment(s) |  
[2024-03-28 22:13:55] [world] The Player <BTC> has dropped 1 of GRAVEL at X= -812, Y= 69, Z= 28 that had [] enchantment(s) |  
[2024-03-28 22:13:55] [world] The Player <BTC> has dropped 1 of BONE at X= -812, Y= 69, Z= 28 that had [] enchantment(s) |  
[2024-03-28 22:13:55] [world] The Player <BTC> has dropped 1 of SULPHUR at X= -812, Y= 69, Z= 28 that had [] enchantment(s) |  
[2024-03-28 22:13:55] [world] The Player <BTC> has dropped 1 of SULPHUR at X= -812, Y= 69, Z= 28 that had [] enchantment(s) |  
[2024-03-28 22:13:56] [world] The Player <BTC> has dropped 1 of BONE at X= -812, Y= 69, Z= 28 that had [] enchantment(s) |  
[2024-03-28 22:13:56] [world] The Player <BTC> has dropped 1 of GRAVEL at X= -812, Y= 69, Z= 28 that had [] enchantment(s) |  
[2024-03-28 22:13:57] [world] The Player <BTC> has dropped 1 of SULPHUR at X= -812, Y= 69, Z= 28 that had [] enchantment(s) |  
[2024-03-28 22:13:57] [world] The Player <BTC> has dropped 1 of SULPHUR at X= -812, Y= 69, Z= 28 that had [] enchantment(s) |  
[2024-03-28 22:13:57] [world] The Player <BTC> has dropped 1 of ROTTEN FLESH at X= -812, Y= 69, Z= 28 that had [] enchantment(s) |  
[2024-03-28 22:13:58] [world] The Player <BTC> has dropped 64 of COBBLESTONE at X= -812, Y= 69, Z= 28 that had [] enchantment(s) |  
[2024-03-28 22:13:59] [world] The Player <BTC> has dropped 1 of COOKED CHICKEN at X= -812, Y= 69, Z= 28 that had [] enchantment(s) |  
[2024-03-28 22:14:02] [world] The Player <BTC> has dropped 48 of COBBLESTONE at X= -812, Y= 69, Z= 28 that had [] enchantment(s) |  
[2024-03-28 22:14:03] [world] The Player <BTC> has dropped 2 of STRING at X= -812, Y= 69, Z= 28 that had [] enchantment(s) |  
[2024-03-28 22:14:03] [world] The Player <BTC> has dropped 1 of FEATHER at X= -812, Y= 69, Z= 28 that had [] enchantment(s) |  
[2024-03-28 22:14:05] [world] The Player <BTC> has dropped 64 of COBBLESTONE at X= -812, Y= 69, Z= 28 that had [] enchantment(s) |  
[2024-03-28 22:14:05] [world] The Player <BTC> has dropped 2 of BONE at X= -812, Y= 69, Z= 28 that had [] enchantment(s) |  
[2024-03-28 22:14:06] [world] The Player <BTC> has dropped 64 of COBBLESTONE at X= -812, Y= 69, Z= 28 that had [] enchantment(s) |  
[2024-03-28 22:14:06] [world] The Player <BTC> has dropped 11 of STONE at X= -812, Y= 69, Z= 28 that had [] enchantment(s) |  
[2024-03-28 22:14:07] [world] The Player <BTC> has dropped 13 of STONE at X= -812, Y= 69, Z= 28 that had [] enchantment(s) |  
[2024-03-28 22:14:08] [world] The Player <BTC> has dropped 5 of ARROW at X= -812, Y= 69, Z= 28 that had [] enchantment(s) |  
[2024-03-28 22:16:47] [world_the_end] The Player <BTC> has dropped 1 of FEATHER at X= -7, Y= 58, Z= -57 that had [] enchantment(s) |  
[2024-03-28 22:30:08] [world_the_end] The Player <Feathery> has dropped 1 of COBBLESTONE at X= 80, Y= 63, Z= -31 that had [] enchantment(s) |  
[2024-03-28 22:30:09] [world_the_end] The Player <Feathery> has dropped 1 of INK SACK at X= 85, Y= 63, Z= -42 that had [] enchantment(s) |  
[2024-03-28 22:30:11] [world_the_end] The Player <Feathery> has dropped 1 of ENDER STONE at X= 104, Y= 63, Z= -37 that had [] enchantment(s) |  
[2024-03-28 22:30:11] [world_the_end] The Player <Feathery> has dropped 1 of STAINED GLASS PANE at X= 105, Y= 63, Z= -35 that had [] enchantment(s) |  
[2024-03-28 22:30:12] [world_the_end] The Player <Feathery> has dropped 1 of LADDER at X= 105, Y= 63, Z= -35 that had [] enchantment(s) |  
[2024-03-28 22:31:19] [world] The Player <BTC> has dropped 1 of FEATHER at X= -596, Y= 69, Z= 354 that had [] enchantment(s) |  
[2024-03-28 22:31:19] [world] The Player <BTC> has dropped 1 of FEATHER at X= -596, Y= 69, Z= 354 that had [] enchantment(s) |  
[2024-03-28 22:31:48] [world] The Player <BTC> has dropped 1 of FEATHER at X= -588, Y= 69, Z= 326 that had [] enchantment(s) |  
[2024-03-28 22:31:49] [world] The Player <BTC> has dropped 1 of FEATHER at X= -588, Y= 69, Z= 326 that had [] enchantment(s) |  
[2024-03-28 22:35:08] [world] The Player <Feathery> has dropped 1 of ENCHANTED BOOK at X= -549, Y= 89, Z= 245 that had [] enchantment(s) |  
[2024-03-28 22:35:12] [world] The Player <Feathery> has dropped 1 of ENCHANTED BOOK at X= -549, Y= 89, Z= 245 that had [] enchantment(s) |  
[2024-03-28 22:35:16] [world] The Player <Feathery> has dropped 1 of ENCHANTED BOOK at X= -549, Y= 89, Z= 245 that had [] enchantment(s) |  
[2024-03-28 22:35:19] [world] The Player <Feathery> has dropped 1 of ENCHANTED BOOK at X= -549, Y= 89, Z= 245 that had [] enchantment(s) |  
[2024-03-28 22:35:29] [world] The Player <Feathery> has dropped 1 of ENCHANTED BOOK at X= -549, Y= 89, Z= 245 that had [] enchantment(s) |  
[2024-03-28 22:35:30] [world_the_end] The Player <GolemDaWanderer> has dropped 1 of STRING at X= 34, Y= 60, Z= 68 that had [] enchantment(s) |  
[2024-03-28 22:36:32] [world] The Player <Feathery> has dropped 1 of ENCHANTED BOOK at X= -549, Y= 89, Z= 245 that had [] enchantment(s) |  
[2024-03-28 22:36:35] [world] The Player <Feathery> has dropped 1 of ENCHANTED BOOK at X= -549, Y= 89, Z= 245 that had [] enchantment(s) |  
[2024-03-28 22:36:37] [world] The Player <Feathery> has dropped 1 of ENCHANTED BOOK at X= -549, Y= 89, Z= 245 that had [] enchantment(s) |  
[2024-03-28 22:36:41] [world] The Player <Feathery> has dropped 1 of ENCHANTED BOOK at X= -549, Y= 89, Z= 245 that had [] enchantment(s) |  
[2024-03-28 22:36:50] [world] The Player <Feathery> has dropped 1 of DIAMOND SWORD at X= -549, Y= 89, Z= 245 that had [] enchantment(s) |  
[2024-03-28 22:38:02] [world] The Player <Feathery> has dropped 1 of ENCHANTED BOOK at X= -550, Y= 89, Z= 245 that had [] enchantment(s) |  
[2024-03-28 22:38:07] [world] The Player <Feathery> has dropped 1 of ENCHANTED BOOK at X= -550, Y= 89, Z= 245 that had [] enchantment(s) |  
[2024-03-28 22:38:10] [world] The Player <Feathery> has dropped 1 of ENCHANTED BOOK at X= -550, Y= 89, Z= 245 that had [] enchantment(s) |  
[2024-03-28 22:38:14] [world] The Player <Feathery> has dropped 1 of ENCHANTED BOOK at X= -550, Y= 89, Z= 245 that had [] enchantment(s) |  
[2024-03-28 22:38:15] [world] The Player <Feathery> has dropped 1 of ENCHANTED BOOK at X= -550, Y= 89, Z= 245 that had [] enchantment(s) |  
[2024-03-28 22:38:23] [world] The Player <Feathery> has dropped 1 of ENCHANTED BOOK at X= -550, Y= 89, Z= 245 that had [] enchantment(s) |  
[2024-03-28 22:38:27] [world] The Player <Feathery> has dropped 1 of ENCHANTED BOOK at X= -550, Y= 89, Z= 245 that had [] enchantment(s) |  
[2024-03-28 22:41:32] [world] The Player <Feathery> has dropped 1 of DIAMOND SWORD at X= -585, Y= 69, Z= 330 that had [Efficiency 5, Fire Protection 4, Unbreaking 3, Fortune 3, Aqua Affinity 1, Power 5, Smite 5, Punch 2, Flame 1, Infinite 1, Knockback 2, Fire Aspect 2, Looting 3, Luck of the Sea 3, Lure 3] enchantment(s) | Thy Golem's Claymore.
[2024-03-28 22:42:15] [world] The Player <GolemDaWanderer> has dropped 1 of DIAMOND SWORD at X= -586, Y= 69, Z= 333 that had [Efficiency 5, Fire Protection 4, Unbreaking 3, Fortune 3, Aqua Affinity 1, Power 5, Smite 5, Punch 2, Flame 1, Infinite 1, Knockback 2, Fire Aspect 2, Looting 3, Luck of the Sea 3, Lure 3] enchantment(s) | Thy Golem's Claymore.
[2024-03-28 22:43:16] [world] The Player <Feathery> has dropped 1 of ENCHANTED BOOK at X= -606, Y= 77, Z= 352 that had [] enchantment(s) |  
[2024-03-28 22:43:20] [world] The Player <Feathery> has dropped 1 of ENCHANTED BOOK at X= -606, Y= 77, Z= 352 that had [] enchantment(s) |  
[2024-03-28 22:43:26] [world] The Player <Feathery> has dropped 1 of ENCHANTED BOOK at X= -607, Y= 77, Z= 351 that had [] enchantment(s) |  
[2024-03-28 22:43:28] [world] The Player <Feathery> has dropped 1 of ENCHANTED BOOK at X= -607, Y= 77, Z= 351 that had [] enchantment(s) |  
[2024-03-28 22:43:31] [world] The Player <Feathery> has dropped 1 of ENCHANTED BOOK at X= -607, Y= 77, Z= 351 that had [] enchantment(s) |  
[2024-03-28 22:43:36] [world] The Player <Feathery> has dropped 1 of ENCHANTED BOOK at X= -607, Y= 77, Z= 351 that had [] enchantment(s) |  
[2024-03-28 22:43:38] [world] The Player <Feathery> has dropped 1 of ENCHANTED BOOK at X= -607, Y= 77, Z= 351 that had [] enchantment(s) |  
[2024-03-28 22:43:44] [world] The Player <Feathery> has dropped 1 of ENCHANTED BOOK at X= -607, Y= 77, Z= 351 that had [] enchantment(s) |  
[2024-03-28 22:44:49] [world] The Player <Feathery> has dropped 1 of DIAMOND SWORD at X= -592, Y= 69, Z= 279 that had [Sharpness 5, Efficiency 5, Fortune 3, Fire Aspect 2, Aqua Affinity 1, Luck of the Sea 3, Lure 3] enchantment(s) | Thy Golem's claymore.
[2024-03-28 22:45:30] [world] The Player <GolemDaWanderer> has dropped 1 of DIAMOND SWORD at X= -591, Y= 69, Z= 269 that had [] enchantment(s) |  
[2024-03-28 22:47:57] [world_the_end] The Player <Feathery> has dropped 1 of WATER LILY at X= 111, Y= 66, Z= -25 that had [] enchantment(s) |  
[2024-03-28 23:00:18] [world] The Player <GolemDaWanderer> has dropped 1 of FEATHER at X= -592, Y= 73, Z= 439 that had [] enchantment(s) |  
[2024-03-28 23:04:25] [world] The Player <xcpc> has dropped 1 of EGG at X= -309, Y= 71, Z= 275 that had [] enchantment(s) |  
[2024-03-28 23:07:23] [world] The Player <BTC> has dropped 1 of DIAMOND PICKAXE at X= -933, Y= 16, Z= 493 that had [] enchantment(s) |  
[2024-03-28 23:07:37] [world_the_end] The Player <Feathery> has dropped 1 of ENDER STONE at X= 45, Y= 87, Z= -49 that had [] enchantment(s) |  
[2024-03-28 23:08:38] [world] The Player <BTC> has dropped 5 of STRING at X= -956, Y= 11, Z= 497 that had [] enchantment(s) |  
[2024-03-28 23:09:23] [world] The Player <BTC> has dropped 1 of BONE at X= -943, Y= 12, Z= 478 that had [] enchantment(s) |  
[2024-03-28 23:09:23] [world] The Player <BTC> has dropped 1 of BONE at X= -943, Y= 12, Z= 478 that had [] enchantment(s) |  
[2024-03-28 23:09:23] [world] The Player <BTC> has dropped 1 of BONE at X= -942, Y= 12, Z= 478 that had [] enchantment(s) |  
[2024-03-28 23:09:23] [world] The Player <BTC> has dropped 1 of BONE at X= -942, Y= 12, Z= 478 that had [] enchantment(s) |  
[2024-03-28 23:09:24] [world] The Player <BTC> has dropped 1 of BONE at X= -942, Y= 12, Z= 478 that had [] enchantment(s) |  
[2024-03-28 23:09:24] [world] The Player <BTC> has dropped 1 of BONE at X= -942, Y= 12, Z= 478 that had [] enchantment(s) |  
[2024-03-28 23:09:24] [world] The Player <BTC> has dropped 1 of BONE at X= -941, Y= 12, Z= 477 that had [] enchantment(s) |  
[2024-03-28 23:09:25] [world] The Player <BTC> has dropped 1 of BONE at X= -941, Y= 12, Z= 477 that had [] enchantment(s) |  
[2024-03-28 23:10:49] [world] The Player <BTC> has dropped 1 of COOKED CHICKEN at X= -798, Y= 68, Z= 86 that had [] enchantment(s) |  
[2024-03-28 23:14:24] [world] The Player <BTC> has dropped 1 of GRILLED PORK at X= -882, Y= 76, Z= 620 that had [] enchantment(s) |  
[2024-03-28 23:14:25] [world] The Player <BTC> has dropped 1 of SMOOTH BRICK at X= -882, Y= 76, Z= 620 that had [] enchantment(s) |  
[2024-03-28 23:14:25] [world] The Player <BTC> has dropped 1 of WOOL at X= -882, Y= 76, Z= 620 that had [] enchantment(s) |  
[2024-03-28 23:14:27] [world] The Player <BTC> has dropped 1 of SPIDER EYE at X= -882, Y= 76, Z= 620 that had [] enchantment(s) |  
[2024-03-28 23:14:28] [world] The Player <BTC> has dropped 14 of FEATHER at X= -882, Y= 76, Z= 620 that had [] enchantment(s) |  
[2024-03-28 23:14:29] [world] The Player <BTC> has dropped 1 of IRON INGOT at X= -882, Y= 76, Z= 620 that had [] enchantment(s) |  
[2024-03-28 23:14:30] [world] The Player <BTC> has dropped 1 of BOW at X= -882, Y= 76, Z= 620 that had [] enchantment(s) |  
[2024-03-28 23:14:30] [world] The Player <BTC> has dropped 5 of ROTTEN FLESH at X= -882, Y= 76, Z= 620 that had [] enchantment(s) |  
[2024-03-28 23:14:31] [world] The Player <BTC> has dropped 4 of SAND at X= -882, Y= 76, Z= 620 that had [] enchantment(s) |  
[2024-03-28 23:14:31] [world] The Player <BTC> has dropped 64 of COBBLESTONE at X= -882, Y= 76, Z= 620 that had [] enchantment(s) |  
[2024-03-28 23:14:32] [world] The Player <BTC> has dropped 1 of FENCE at X= -882, Y= 76, Z= 620 that had [] enchantment(s) |  
[2024-03-28 23:14:32] [world] The Player <BTC> has dropped 3 of ARROW at X= -882, Y= 76, Z= 620 that had [] enchantment(s) |  
[2024-03-28 23:21:16] [world] The Player <xcpc> has dropped 1 of STICK at X= -307, Y= 71, Z= 275 that had [] enchantment(s) |  
[2024-03-28 23:24:58] [world] The Player <BTC> has dropped 1 of STRING at X= -1086, Y= 66, Z= 1281 that had [] enchantment(s) |  
[2024-03-29 00:33:59] [world] The Player <BTC> has dropped 1 of WOOD at X= -3049, Y= 31, Z= 518 that had [] enchantment(s) |  
[2024-03-29 00:33:59] [world] The Player <BTC> has dropped 1 of WOOD at X= -3049, Y= 31, Z= 518 that had [] enchantment(s) |  
[2024-03-29 00:33:59] [world] The Player <BTC> has dropped 1 of WOOD at X= -3049, Y= 31, Z= 518 that had [] enchantment(s) |  
[2024-03-29 00:33:59] [world] The Player <BTC> has dropped 1 of WOOD at X= -3049, Y= 31, Z= 518 that had [] enchantment(s) |  
[2024-03-29 00:33:59] [world] The Player <BTC> has dropped 1 of WOOD at X= -3049, Y= 31, Z= 518 that had [] enchantment(s) |  
[2024-03-29 00:33:59] [world] The Player <BTC> has dropped 1 of WOOD at X= -3049, Y= 31, Z= 518 that had [] enchantment(s) |  
[2024-03-29 00:33:59] [world] The Player <BTC> has dropped 1 of WOOD at X= -3049, Y= 31, Z= 518 that had [] enchantment(s) |  
[2024-03-29 00:51:07] [world] The Player <BTC> has dropped 11 of DIRT at X= -3681, Y= 11, Z= 313 that had [] enchantment(s) |  
[2024-03-29 00:51:08] [world] The Player <BTC> has dropped 1 of GOLD BARDING at X= -3681, Y= 11, Z= 313 that had [] enchantment(s) |  
[2024-03-29 00:51:09] [world] The Player <BTC> has dropped 27 of COBBLESTONE at X= -3681, Y= 11, Z= 313 that had [] enchantment(s) |  
[2024-03-29 00:51:10] [world] The Player <BTC> has dropped 58 of STONE at X= -3681, Y= 11, Z= 313 that had [] enchantment(s) |  
[2024-03-29 00:51:11] [world] The Player <BTC> has dropped 1 of ROTTEN FLESH at X= -3681, Y= 11, Z= 313 that had [] enchantment(s) |  
[2024-03-29 00:51:12] [world] The Player <BTC> has dropped 1 of GLOWSTONE DUST at X= -3681, Y= 11, Z= 313 that had [] enchantment(s) |  
[2024-03-29 00:51:12] [world] The Player <BTC> has dropped 1 of GLOWSTONE DUST at X= -3681, Y= 11, Z= 313 that had [] enchantment(s) |  
[2024-03-29 00:51:12] [world] The Player <BTC> has dropped 1 of GLOWSTONE DUST at X= -3681, Y= 11, Z= 313 that had [] enchantment(s) |  
[2024-03-29 00:51:13] [world] The Player <BTC> has dropped 1 of SULPHUR at X= -3681, Y= 11, Z= 313 that had [] enchantment(s) |  
[2024-03-29 00:51:13] [world] The Player <BTC> has dropped 1 of SULPHUR at X= -3681, Y= 11, Z= 313 that had [] enchantment(s) |  
[2024-03-29 00:51:13] [world] The Player <BTC> has dropped 1 of FEATHER at X= -3681, Y= 11, Z= 313 that had [] enchantment(s) |  
[2024-03-29 00:51:13] [world] The Player <BTC> has dropped 1 of FEATHER at X= -3681, Y= 11, Z= 313 that had [] enchantment(s) |  
[2024-03-29 00:51:13] [world] The Player <BTC> has dropped 1 of FEATHER at X= -3681, Y= 11, Z= 313 that had [] enchantment(s) |  
[2024-03-29 00:51:14] [world] The Player <BTC> has dropped 1 of FEATHER at X= -3681, Y= 11, Z= 313 that had [] enchantment(s) |  
[2024-03-29 00:51:14] [world] The Player <BTC> has dropped 1 of FEATHER at X= -3681, Y= 11, Z= 313 that had [] enchantment(s) |  
[2024-03-29 00:51:14] [world] The Player <BTC> has dropped 1 of FEATHER at X= -3681, Y= 11, Z= 313 that had [] enchantment(s) |  
[2024-03-29 00:51:14] [world] The Player <BTC> has dropped 1 of FEATHER at X= -3681, Y= 11, Z= 313 that had [] enchantment(s) |  
[2024-03-29 00:51:15] [world] The Player <BTC> has dropped 1 of FEATHER at X= -3681, Y= 11, Z= 313 that had [] enchantment(s) |  
[2024-03-29 00:51:15] [world] The Player <BTC> has dropped 1 of FEATHER at X= -3681, Y= 11, Z= 313 that had [] enchantment(s) |  
[2024-03-29 00:51:15] [world] The Player <BTC> has dropped 1 of FEATHER at X= -3681, Y= 11, Z= 313 that had [] enchantment(s) |  
[2024-03-29 00:51:15] [world] The Player <BTC> has dropped 1 of FEATHER at X= -3681, Y= 11, Z= 313 that had [] enchantment(s) |  
[2024-03-29 00:51:15] [world] The Player <BTC> has dropped 1 of FEATHER at X= -3681, Y= 11, Z= 313 that had [] enchantment(s) |  
[2024-03-29 00:51:16] [world] The Player <BTC> has dropped 1 of FEATHER at X= -3681, Y= 11, Z= 313 that had [] enchantment(s) |  
[2024-03-29 00:51:16] [world] The Player <BTC> has dropped 1 of FEATHER at X= -3681, Y= 11, Z= 313 that had [] enchantment(s) |  
[2024-03-29 00:51:16] [world] The Player <BTC> has dropped 1 of STONE at X= -3681, Y= 11, Z= 313 that had [] enchantment(s) |  
[2024-03-29 00:51:17] [world] The Player <BTC> has dropped 1 of STONE at X= -3681, Y= 11, Z= 313 that had [] enchantment(s) |  
[2024-03-29 00:51:17] [world] The Player <BTC> has dropped 1 of STONE at X= -3681, Y= 11, Z= 313 that had [] enchantment(s) |  
[2024-03-29 00:51:17] [world] The Player <BTC> has dropped 1 of STONE at X= -3681, Y= 11, Z= 313 that had [] enchantment(s) |  
[2024-03-29 00:51:17] [world] The Player <BTC> has dropped 1 of STONE at X= -3681, Y= 11, Z= 313 that had [] enchantment(s) |  
[2024-03-29 00:51:18] [world] The Player <BTC> has dropped 1 of STONE at X= -3681, Y= 11, Z= 313 that had [] enchantment(s) |  
[2024-03-29 00:51:18] [world] The Player <BTC> has dropped 1 of STONE at X= -3681, Y= 11, Z= 313 that had [] enchantment(s) |  
[2024-03-29 00:51:18] [world] The Player <BTC> has dropped 1 of STONE at X= -3681, Y= 11, Z= 313 that had [] enchantment(s) |  
[2024-03-29 00:51:18] [world] The Player <BTC> has dropped 1 of STONE at X= -3681, Y= 11, Z= 313 that had [] enchantment(s) |  
[2024-03-29 00:51:19] [world] The Player <BTC> has dropped 1 of STONE at X= -3681, Y= 11, Z= 313 that had [] enchantment(s) |  
[2024-03-29 00:51:19] [world] The Player <BTC> has dropped 1 of STRING at X= -3681, Y= 11, Z= 313 that had [] enchantment(s) |  
[2024-03-29 00:51:20] [world] The Player <BTC> has dropped 1 of STRING at X= -3681, Y= 11, Z= 313 that had [] enchantment(s) |  
[2024-03-29 00:51:22] [world] The Player <BTC> has dropped 1 of GRAVEL at X= -3681, Y= 11, Z= 313 that had [] enchantment(s) |  
[2024-03-29 00:51:22] [world] The Player <BTC> has dropped 1 of GRAVEL at X= -3681, Y= 11, Z= 313 that had [] enchantment(s) |  
[2024-03-29 00:51:22] [world] The Player <BTC> has dropped 1 of GRAVEL at X= -3681, Y= 11, Z= 313 that had [] enchantment(s) |  
[2024-03-29 00:53:43] [world] The Player <GolemDaWanderer> has dropped 1 of GLASS BOTTLE at X= -10264, Y= 62, Z= 4060 that had [] enchantment(s) |  
[2024-03-29 00:59:23] [world] The Player <BTC> has dropped 1 of COBBLESTONE at X= -573, Y= 69, Z= 316 that had [] enchantment(s) |  
[2024-03-29 00:59:23] [world] The Player <BTC> has dropped 1 of COBBLESTONE at X= -573, Y= 69, Z= 316 that had [] enchantment(s) |  
[2024-03-29 00:59:23] [world] The Player <BTC> has dropped 1 of COBBLESTONE at X= -573, Y= 69, Z= 316 that had [] enchantment(s) |  
[2024-03-29 00:59:24] [world] The Player <BTC> has dropped 1 of COBBLESTONE at X= -573, Y= 69, Z= 316 that had [] enchantment(s) |  
[2024-03-29 00:59:24] [world] The Player <BTC> has dropped 1 of COBBLESTONE at X= -573, Y= 69, Z= 316 that had [] enchantment(s) |  
[2024-03-29 00:59:24] [world] The Player <BTC> has dropped 1 of COBBLESTONE at X= -573, Y= 69, Z= 316 that had [] enchantment(s) |  
[2024-03-29 00:59:24] [world] The Player <BTC> has dropped 1 of COBBLESTONE at X= -573, Y= 69, Z= 316 that had [] enchantment(s) |  
[2024-03-29 00:59:24] [world] The Player <BTC> has dropped 1 of COBBLESTONE at X= -573, Y= 69, Z= 316 that had [] enchantment(s) |  
[2024-03-29 00:59:25] [world] The Player <BTC> has dropped 1 of COBBLESTONE at X= -572, Y= 70, Z= 319 that had [] enchantment(s) |  
[2024-03-29 01:00:35] [world] The Player <BTC> has dropped 19 of DIRT at X= -3553, Y= 7, Z= 238 that had [] enchantment(s) |  
[2024-03-29 01:00:46] [world] The Player <BTC> has dropped 19 of DIRT at X= -3553, Y= 7, Z= 238 that had [] enchantment(s) |  
[2024-03-29 01:00:56] [world] The Player <BTC> has dropped 19 of DIRT at X= -3553, Y= 8, Z= 238 that had [] enchantment(s) |  
[2024-03-29 01:02:06] [world] The Player <BTC> has dropped 1 of GLASS BOTTLE at X= -3535, Y= 13, Z= 232 that had [] enchantment(s) |  
[2024-03-29 01:02:09] [world] The Player <BTC> has dropped 5 of COBBLESTONE at X= -3535, Y= 13, Z= 232 that had [] enchantment(s) |  
[2024-03-29 01:11:59] [world] The Player <BTC> has dropped 64 of COBBLESTONE at X= -3523, Y= 10, Z= 171 that had [] enchantment(s) |  
[2024-03-29 01:12:00] [world] The Player <BTC> has dropped 13 of STONE at X= -3523, Y= 10, Z= 171 that had [] enchantment(s) |  
[2024-03-29 01:12:01] [world] The Player <BTC> has dropped 64 of COBBLESTONE at X= -3523, Y= 10, Z= 171 that had [] enchantment(s) |  
[2024-03-29 01:12:02] [world] The Player <BTC> has dropped 4 of STONE at X= -3523, Y= 10, Z= 171 that had [] enchantment(s) |  
[2024-03-29 01:12:03] [world] The Player <BTC> has dropped 19 of STONE at X= -3523, Y= 10, Z= 171 that had [] enchantment(s) |  
[2024-03-29 01:12:04] [world] The Player <BTC> has dropped 64 of COBBLESTONE at X= -3523, Y= 10, Z= 171 that had [] enchantment(s) |  
[2024-03-29 01:16:41] [world] The Player <BTC> has dropped 1 of STONE at X= -628, Y= 66, Z= 236 that had [] enchantment(s) |  
[2024-03-29 01:16:46] [world] The Player <BTC> has dropped 1 of DIRT at X= -629, Y= 67, Z= 236 that had [] enchantment(s) |  
[2024-03-29 01:17:36] [world] The Player <BTC> has dropped 1 of SPIDER EYE at X= -3570, Y= 10, Z= 152 that had [] enchantment(s) |  
[2024-03-29 01:17:43] [world] The Player <BTC> has dropped 4 of DIRT at X= -3569, Y= 10, Z= 152 that had [] enchantment(s) |  
[2024-03-29 01:17:45] [world] The Player <BTC> has dropped 64 of COBBLESTONE at X= -3569, Y= 10, Z= 152 that had [] enchantment(s) |  
[2024-03-29 01:20:06] [world] The Player <BTC> has dropped 18 of STONE at X= -3571, Y= 10, Z= 151 that had [] enchantment(s) |  
[2024-03-29 01:20:27] [world] The Player <BTC> has dropped 8 of STICK at X= -3571, Y= 10, Z= 151 that had [] enchantment(s) |  
[2024-03-29 01:21:42] [world] The Player <BTC> has dropped 8 of STICK at X= -3571, Y= 10, Z= 151 that had [] enchantment(s) |  
[2024-03-29 01:21:43] [world] The Player <BTC> has dropped 2 of SULPHUR at X= -3571, Y= 10, Z= 151 that had [] enchantment(s) |  
[2024-03-29 01:21:44] [world] The Player <BTC> has dropped 20 of COAL at X= -3571, Y= 10, Z= 151 that had [] enchantment(s) |  
[2024-03-29 01:21:46] [world] The Player <BTC> has dropped 8 of STICK at X= -3571, Y= 10, Z= 151 that had [] enchantment(s) |  
[2024-03-29 01:21:49] [world] The Player <BTC> has dropped 2 of SULPHUR at X= -3571, Y= 10, Z= 151 that had [] enchantment(s) |  
[2024-03-29 01:21:55] [world] The Player <BTC> has dropped 1 of GOLD RECORD at X= -3571, Y= 10, Z= 151 that had [] enchantment(s) |  
[2024-03-29 01:22:01] [world] The Player <BTC> has dropped 4 of OBSIDIAN at X= -3571, Y= 10, Z= 151 that had [] enchantment(s) |  
[2024-03-29 01:22:06] [world] The Player <BTC> has dropped 21 of DIRT at X= -3571, Y= 10, Z= 151 that had [] enchantment(s) |  
[2024-03-29 01:22:47] [world] The Player <BTC> has dropped 6 of INK SACK at X= -3572, Y= 10, Z= 152 that had [] enchantment(s) |  
[2024-03-29 01:22:53] [world] The Player <BTC> has dropped 1 of DIAMOND PICKAXE at X= -3572, Y= 10, Z= 152 that had [] enchantment(s) |  
[2024-03-29 01:23:09] [world] The Player <BTC> has dropped 3 of INK SACK at X= -3572, Y= 10, Z= 151 that had [] enchantment(s) |  
[2024-03-29 01:23:28] [world] The Player <BTC> has dropped 4 of OBSIDIAN at X= -3571, Y= 10, Z= 152 that had [] enchantment(s) |  
[2024-03-29 01:23:30] [world] The Player <BTC> has dropped 4 of OBSIDIAN at X= -3571, Y= 10, Z= 152 that had [] enchantment(s) |  
[2024-03-29 03:42:01] [world] The Player <GolemDaWanderer> has dropped 1 of ENDER CHEST at X= -3571, Y= 10, Z= 154 that had [] enchantment(s) |  
[2024-03-29 03:42:01] [world] The Player <GolemDaWanderer> has dropped 1 of ENDER CHEST at X= -3571, Y= 10, Z= 154 that had [] enchantment(s) |  
[2024-03-29 03:50:36] [world] The Player <BTC> has dropped 1 of ROTTEN FLESH at X= -3560, Y= 37, Z= 184 that had [] enchantment(s) |  
[2024-03-29 03:50:36] [world] The Player <BTC> has dropped 1 of ROTTEN FLESH at X= -3560, Y= 37, Z= 184 that had [] enchantment(s) |  
[2024-03-29 04:07:24] [world] The Player <BTC> has dropped 1 of RED ROSE at X= -3274, Y= 65, Z= 1028 that had [] enchantment(s) |  
[2024-03-29 04:07:25] [world] The Player <BTC> has dropped 1 of SEEDS at X= -3274, Y= 65, Z= 1028 that had [] enchantment(s) |  
[2024-03-29 04:07:33] [world] The Player <BTC> has dropped 1 of DOUBLE PLANT at X= -3280, Y= 66, Z= 1015 that had [] enchantment(s) |  
[2024-03-29 04:32:32] [world_the_end] The Player <Feathery> has dropped 1 of EGG at X= 93, Y= 72, Z= -17 that had [] enchantment(s) |  
[2024-03-29 13:25:05] [world] The Player <GolemDaWanderer> has dropped 1 of SADDLE at X= -10262, Y= 74, Z= 4248 that had [] enchantment(s) |  
[2024-03-29 15:03:36] [world] The Player <NezukoChan> has dropped 26 of DIRT at X= -10171, Y= 64, Z= 4117 that had [] enchantment(s) |  
[2024-03-29 15:03:53] [world] The Player <NezukoChan> has dropped 26 of DIRT at X= -10171, Y= 64, Z= 4117 that had [] enchantment(s) |  
[2024-03-29 15:04:02] [world] The Player <NezukoChan> has dropped 64 of DOUBLE PLANT at X= -10173, Y= 64, Z= 4118 that had [] enchantment(s) |  
[2024-03-29 15:04:30] [world] The Player <NezukoChan> has dropped 3 of EGG at X= -10171, Y= 64, Z= 4118 that had [] enchantment(s) |  
[2024-03-29 15:06:38] [world] The Player <NezukoChan> has dropped 1 of ROTTEN FLESH at X= -10170, Y= 64, Z= 4117 that had [] enchantment(s) |  
[2024-03-29 16:12:38] [world] The Player <GolemDaWanderer> has dropped 1 of COOKED MUTTON at X= -10048, Y= 68, Z= 4099 that had [] enchantment(s) |  
[2024-03-29 16:15:53] [world] The Player <GolemDaWanderer> has dropped 25 of GRILLED PORK at X= -10087, Y= 66, Z= 4390 that had [] enchantment(s) |  
[2024-03-29 17:01:10] [world] The Player <Tester> has dropped 1 of DIAMOND BLOCK at X= -309, Y= 71, Z= 278 that had [] enchantment(s) |  
[2024-03-29 17:05:47] [world] The Player <xcpc> has dropped 1 of LEAVES at X= -297, Y= 71, Z= 282 that had [] enchantment(s) |  
[2024-03-29 17:20:33] [world] The Player <Tester> has dropped 1 of COOKED CHICKEN at X= -270, Y= 36, Z= 252 that had [] enchantment(s) |  
[2024-03-29 17:26:01] [world] The Player <GolemDaWanderer> has dropped 1 of COOKIE at X= -10076, Y= 65, Z= 4088 that had [] enchantment(s) |  
[2024-03-29 17:26:05] [world] The Player <Tester> has dropped 64 of COOKIE at X= -10078, Y= 65, Z= 4087 that had [] enchantment(s) |  
[2024-03-29 17:28:19] [world] The Player <GolemDaWanderer> has dropped 1 of BANNER at X= -10176, Y= 64, Z= 4113 that had [] enchantment(s) |  
[2024-03-29 17:29:08] [world] The Player <GolemDaWanderer> has dropped 3 of WOOD at X= -10162, Y= 64, Z= 4117 that had [] enchantment(s) |  
[2024-03-29 17:29:27] [world] The Player <GolemDaWanderer> has dropped 1 of STRING at X= -10174, Y= 64, Z= 4116 that had [] enchantment(s) |  
[2024-03-29 17:29:27] [world] The Player <GolemDaWanderer> has dropped 1 of STRING at X= -10174, Y= 64, Z= 4116 that had [] enchantment(s) |  
[2024-03-29 17:29:27] [world] The Player <GolemDaWanderer> has dropped 1 of WOOD at X= -10174, Y= 64, Z= 4116 that had [] enchantment(s) |  
[2024-03-29 17:29:27] [world] The Player <GolemDaWanderer> has dropped 1 of COBBLESTONE at X= -10174, Y= 64, Z= 4116 that had [] enchantment(s) |  
[2024-03-29 17:29:27] [world] The Player <GolemDaWanderer> has dropped 1 of WOOD at X= -10174, Y= 64, Z= 4116 that had [] enchantment(s) |  
[2024-03-29 17:29:27] [world] The Player <GolemDaWanderer> has dropped 1 of WOOD at X= -10174, Y= 64, Z= 4116 that had [] enchantment(s) |  
[2024-03-29 17:30:00] [world] The Player <GolemDaWanderer> has dropped 1 of INK SACK at X= -10174, Y= 64, Z= 4116 that had [] enchantment(s) |  
[2024-03-29 18:02:02] [world] The Player <Tester> has dropped 64 of CARROT ITEM at X= -311, Y= 75, Z= 274 that had [] enchantment(s) |  
[2024-03-29 18:05:08] [world] The Player <Tester> has dropped 1 of DIAMOND LEGGINGS at X= -10188, Y= 65, Z= 4122 that had [Protection 5, Fire Protection 5, Unbreaking 3, Blast Protection 5, Projectile Protection 5, Thorns 3] enchantment(s) | Heaven's Treasure
[2024-03-29 18:05:11] [world] The Player <Tester> has dropped 1 of DIAMOND BOOTS at X= -10188, Y= 65, Z= 4121 that had [Protection 4, Unbreaking 3] enchantment(s) |  
[2024-03-29 18:05:13] [world] The Player <Tester> has dropped 1 of DIAMOND LEGGINGS at X= -10188, Y= 65, Z= 4121 that had [Protection 5, Fire Protection 5, Unbreaking 3, Blast Protection 5, Projectile Protection 5, Thorns 3] enchantment(s) | Heaven's Treasure
[2024-03-29 18:05:14] [world] The Player <Tester> has dropped 1 of DIAMOND CHESTPLATE at X= -10188, Y= 65, Z= 4121 that had [Protection 5, Fire Protection 5, Unbreaking 3, Blast Protection 5, Projectile Protection 5, Thorns 5] enchantment(s) |  
[2024-03-29 18:05:15] [world] The Player <Tester> has dropped 1 of DIAMOND HELMET at X= -10188, Y= 65, Z= 4121 that had [Protection 5, Fire Protection 5, Unbreaking 3, Blast Protection 5, Projectile Protection 5, Respiration 3, Aqua Affinity 1, Thorns 5] enchantment(s) |  
[2024-03-29 18:05:16] [world] The Player <Tester> has dropped 1 of DIAMOND SWORD at X= -10188, Y= 65, Z= 4121 that had [Sharpness 5, Smite 5, Bane of Arthropods 5, Unbreaking 5, Knockback 5, Fire Aspect 5, Looting 5] enchantment(s) |  
[2024-03-29 18:09:19] [world] The Player <Tester> has dropped 1 of BLAZE ROD at X= -10174, Y= 64, Z= 4117 that had [] enchantment(s) |  
[2024-03-29 18:14:24] [world] The Player <Tester> has dropped 1 of DIAMOND SWORD at X= -10183, Y= 61, Z= 4118 that had [] enchantment(s) |  
[2024-03-29 18:14:37] [world] The Player <GolemDaWanderer> has dropped 1 of BED at X= -10186, Y= 62, Z= 4119 that had [] enchantment(s) |  
[2024-03-29 18:15:05] [world] The Player <NezukoChan> has dropped 1 of WRITTEN BOOK at X= -10183, Y= 65, Z= 4118 that had [] enchantment(s) |  
[2024-03-29 18:15:06] [world] The Player <NezukoChan> has dropped 1 of WRITTEN BOOK at X= -10184, Y= 65, Z= 4118 that had [] enchantment(s) |  
[2024-03-29 18:16:22] [world] The Player <Tester> has dropped 1 of MONSTER EGG at X= -10149, Y= 64, Z= 4115 that had [] enchantment(s) |  
[2024-03-29 18:16:30] [world] The Player <Tester> has dropped 2 of NAME TAG at X= -10149, Y= 64, Z= 4115 that had [] enchantment(s) |  
[2024-03-29 18:20:26] [world] The Player <GolemDaWanderer> has dropped 5 of SEEDS at X= -10301, Y= 27, Z= 4028 that had [] enchantment(s) |  
[2024-03-29 18:20:31] [world] The Player <GolemDaWanderer> has dropped 5 of SEEDS at X= -10301, Y= 26, Z= 4029 that had [] enchantment(s) |  
[2024-03-29 18:20:43] [world] The Player <Tester> has dropped 1 of MINECART at X= -10191, Y= 64, Z= 4097 that had [] enchantment(s) |  
[2024-03-29 18:21:03] [world] The Player <Tester> has dropped 1 of MINECART at X= -10261, Y= 65, Z= 4074 that had [] enchantment(s) |  
[2024-03-29 18:26:22] [world] The Player <xcpc> has dropped 64 of BONE at X= -10295, Y= 36, Z= 4028 that had [] enchantment(s) |  
[2024-03-29 18:30:12] [world] The Player <xcpc> has dropped 1 of DIAMOND PICKAXE at X= -10289, Y= 36, Z= 4028 that had [] enchantment(s) |  
[2024-03-29 18:30:18] [world] The Player <Tester> has dropped 1 of DIAMOND PICKAXE at X= -10290, Y= 36, Z= 4030 that had [] enchantment(s) |  
[2024-03-29 18:30:23] [world] The Player <GolemDaWanderer> has dropped 1 of DIAMOND PICKAXE at X= -10294, Y= 36, Z= 4028 that had [] enchantment(s) |  
[2024-03-29 18:38:03] [world] The Player <GolemDaWanderer> has dropped 1 of BONE at X= -10301, Y= 40, Z= 4029 that had [] enchantment(s) |  
[2024-03-29 18:38:03] [world] The Player <GolemDaWanderer> has dropped 1 of BONE at X= -10301, Y= 40, Z= 4029 that had [] enchantment(s) |  
[2024-03-29 18:38:04] [world] The Player <GolemDaWanderer> has dropped 1 of BONE at X= -10301, Y= 40, Z= 4029 that had [] enchantment(s) |  
[2024-03-29 18:38:04] [world] The Player <GolemDaWanderer> has dropped 1 of BONE at X= -10301, Y= 40, Z= 4029 that had [] enchantment(s) |  
[2024-03-29 18:38:07] [world] The Player <GolemDaWanderer> has dropped 1 of BONE at X= -10301, Y= 40, Z= 4029 that had [] enchantment(s) |  
[2024-03-29 18:38:07] [world] The Player <GolemDaWanderer> has dropped 1 of BONE at X= -10301, Y= 40, Z= 4029 that had [] enchantment(s) |  
[2024-03-29 18:38:07] [world] The Player <GolemDaWanderer> has dropped 1 of BONE at X= -10301, Y= 40, Z= 4029 that had [] enchantment(s) |  
[2024-03-29 18:38:08] [world] The Player <GolemDaWanderer> has dropped 1 of BONE at X= -10301, Y= 40, Z= 4029 that had [] enchantment(s) |  
[2024-03-29 18:38:13] [world] The Player <GolemDaWanderer> has dropped 1 of BONE at X= -10301, Y= 37, Z= 4028 that had [] enchantment(s) |  
[2024-03-29 18:38:13] [world] The Player <GolemDaWanderer> has dropped 1 of BONE at X= -10301, Y= 37, Z= 4028 that had [] enchantment(s) |  
[2024-03-29 18:38:13] [world] The Player <GolemDaWanderer> has dropped 1 of BONE at X= -10301, Y= 37, Z= 4028 that had [] enchantment(s) |  
[2024-03-29 18:38:13] [world] The Player <GolemDaWanderer> has dropped 1 of BONE at X= -10301, Y= 37, Z= 4028 that had [] enchantment(s) |  
[2024-03-29 18:38:48] [world] The Player <GolemDaWanderer> has dropped 1 of LEATHER at X= -10299, Y= 37, Z= 4024 that had [] enchantment(s) | In memoriam of Jimmy
[2024-03-29 18:44:39] [world] The Player <GolemDaWanderer> has dropped 1 of SADDLE at X= -10296, Y= 36, Z= 4029 that had [] enchantment(s) |  
[2024-03-29 18:57:11] [world_nether] The Player <NezukoChan> has dropped 1 of IRON BARDING at X= -1977, Y= 129, Z= 1268 that had [] enchantment(s) | §e Jetpack§e ▪ «495»
[2024-03-29 19:00:09] [world_nether] The Player <NezukoChan> has dropped 1 of DIAMOND HELMET at X= -1966, Y= 129, Z= 1266 that had [Protection 5, Fire Protection 5, Unbreaking 3, Blast Protection 5, Projectile Protection 5, Respiration 3, Aqua Affinity 1, Thorns 5] enchantment(s) |  
[2024-03-29 19:00:09] [world_nether] The Player <NezukoChan> has dropped 1 of DIAMOND CHESTPLATE at X= -1966, Y= 129, Z= 1266 that had [Protection 5, Fire Protection 5, Unbreaking 3, Blast Protection 5, Projectile Protection 5, Thorns 5] enchantment(s) |  
[2024-03-29 19:00:09] [world_nether] The Player <NezukoChan> has dropped 1 of DIAMOND LEGGINGS at X= -1966, Y= 129, Z= 1266 that had [Protection 5, Fire Protection 5, Unbreaking 3, Blast Protection 5, Projectile Protection 5, Thorns 3] enchantment(s) | Heaven's Treasure
[2024-03-29 19:00:10] [world_nether] The Player <NezukoChan> has dropped 1 of DIAMOND BOOTS at X= -1966, Y= 129, Z= 1266 that had [Protection 4, Unbreaking 3] enchantment(s) |  
[2024-03-29 19:00:17] [world_nether] The Player <NezukoChan> has dropped 1 of DIAMOND SWORD at X= -1966, Y= 129, Z= 1266 that had [Sharpness 5, Smite 5, Bane of Arthropods 5, Unbreaking 5, Knockback 5, Fire Aspect 5, Looting 5] enchantment(s) |  
[2024-03-29 19:00:18] [world_nether] The Player <NezukoChan> has dropped 1 of IRON BARDING at X= -1966, Y= 129, Z= 1266 that had [] enchantment(s) | §e Jetpack§e ▪ «495»
[2024-03-29 19:00:23] [world_nether] The Player <NezukoChan> has dropped 1 of IRON BARDING at X= -1966, Y= 129, Z= 1266 that had [] enchantment(s) | §eMP7§e ▪ «30»
[2024-03-29 19:00:48] [world_nether] The Player <GolemDaWanderer> has dropped 1 of DIAMOND HELMET at X= -1966, Y= 129, Z= 1266 that had [Protection 5, Fire Protection 5, Unbreaking 3, Blast Protection 5, Projectile Protection 5, Respiration 3, Aqua Affinity 1, Thorns 5] enchantment(s) |  
[2024-03-29 19:00:48] [world_nether] The Player <GolemDaWanderer> has dropped 1 of DIAMOND CHESTPLATE at X= -1966, Y= 129, Z= 1266 that had [Protection 5, Fire Protection 5, Unbreaking 3, Blast Protection 5, Projectile Protection 5, Thorns 5] enchantment(s) |  
[2024-03-29 19:00:48] [world_nether] The Player <GolemDaWanderer> has dropped 1 of DIAMOND LEGGINGS at X= -1966, Y= 129, Z= 1266 that had [Protection 5, Fire Protection 5, Unbreaking 3, Blast Protection 5, Projectile Protection 5, Thorns 3] enchantment(s) | Heaven's Treasure
[2024-03-29 19:00:49] [world_nether] The Player <GolemDaWanderer> has dropped 1 of DIAMOND BOOTS at X= -1966, Y= 129, Z= 1266 that had [Protection 4, Unbreaking 3] enchantment(s) |  
[2024-03-29 19:05:02] [world_the_end] The Player <GolemDaWanderer> has dropped 1 of OBSIDIAN at X= 103, Y= 51, Z= -1 that had [] enchantment(s) |  
[2024-03-29 19:20:02] [world_the_end] The Player <GolemDaWanderer> has dropped 1 of BANNER at X= 83, Y= 78, Z= -17 that had [] enchantment(s) |  
[2024-03-29 19:20:02] [world_the_end] The Player <GolemDaWanderer> has dropped 1 of BANNER at X= 83, Y= 78, Z= -17 that had [] enchantment(s) |  
[2024-03-29 19:20:26] [world_the_end] The Player <GolemDaWanderer> has dropped 1 of BANNER at X= 79, Y= 76, Z= -21 that had [] enchantment(s) |  
[2024-03-29 20:32:24] [world] The Player <Tester> has dropped 1 of WOOD STEP at X= -10300, Y= 51, Z= 4030 that had [] enchantment(s) |  
[2024-03-29 21:58:43] [world] The Player <Tester> has dropped 1 of GOLDEN APPLE at X= -259, Y= 6, Z= 250 that had [] enchantment(s) |  
[2024-03-29 22:03:20] [world] The Player <Tester> has dropped 1 of DIAMOND PICKAXE at X= -283, Y= 5, Z= 262 that had [] enchantment(s) |  
[2024-03-29 22:03:26] [world] The Player <xcpc> has dropped 1 of DIAMOND PICKAXE at X= -281, Y= 5, Z= 262 that had [] enchantment(s) |  
[2024-03-29 22:07:24] [world] The Player <Tester> has dropped 1 of DIAMOND at X= -327, Y= 6, Z= 233 that had [] enchantment(s) |  
[2024-03-29 22:07:24] [world] The Player <Tester> has dropped 1 of DIAMOND at X= -327, Y= 6, Z= 233 that had [] enchantment(s) |  
[2024-03-29 22:08:03] [world] The Player <Tester> has dropped 1 of BLAZE ROD at X= -323, Y= 5, Z= 231 that had [] enchantment(s) |  
[2024-03-29 22:08:25] [world] The Player <xcpc> has dropped 1 of BLAZE ROD at X= -321, Y= 6, Z= 231 that had [] enchantment(s) |  
[2024-03-29 22:08:52] [world] The Player <Tester> has dropped 1 of FLINT at X= -330, Y= 6, Z= 232 that had [] enchantment(s) |  
[2024-03-29 22:09:22] [world] The Player <Tester> has dropped 1 of DIAMOND PICKAXE at X= -324, Y= 6, Z= 233 that had [Efficiency 5, Unbreaking 3, Fortune 3] enchantment(s) | Heavenly Fortune
[2024-03-29 22:09:47] [world] The Player <xcpc> has dropped 1 of DIAMOND PICKAXE at X= -324, Y= 6, Z= 234 that had [Efficiency 5, Unbreaking 3, Fortune 3] enchantment(s) | Heavenly Fortune
[2024-03-29 22:09:51] [world] The Player <Tester> has dropped 1 of DIAMOND PICKAXE at X= -325, Y= 6, Z= 232 that had [Efficiency 5, Unbreaking 3, Fortune 3] enchantment(s) | Heavenly Fortune
[2024-03-29 22:10:02] [world] The Player <Tester> has dropped 1 of DIAMOND SPADE at X= -325, Y= 6, Z= 232 that had [Efficiency 5, Unbreaking 3] enchantment(s) | GroundBreaker
[2024-03-29 22:10:03] [world] The Player <Tester> has dropped 1 of DIAMOND AXE at X= -325, Y= 6, Z= 232 that had [Efficiency 5, Unbreaking 3] enchantment(s) | Deforest
[2024-03-29 22:10:06] [world] The Player <Tester> has dropped 1 of DIAMOND PICKAXE at X= -325, Y= 6, Z= 232 that had [Efficiency 2, Silk Touch 1] enchantment(s) | Tester's Noob Silky
[2024-03-29 22:10:11] [world] The Player <Tester> has dropped 1 of DIAMOND BOOTS at X= -325, Y= 6, Z= 232 that had [Protection 4, Unbreaking 3] enchantment(s) |  
[2024-03-29 22:10:30] [world] The Player <Tester> has dropped 64 of REDSTONE BLOCK at X= -319, Y= 7, Z= 235 that had [] enchantment(s) |  
[2024-03-29 22:10:32] [world] The Player <Tester> has dropped 64 of POWERED RAIL at X= -319, Y= 7, Z= 235 that had [] enchantment(s) |  
[2024-03-29 22:10:32] [world] The Player <Tester> has dropped 64 of POWERED RAIL at X= -319, Y= 7, Z= 235 that had [] enchantment(s) |  
[2024-03-29 22:10:33] [world] The Player <Tester> has dropped 64 of RAILS at X= -319, Y= 7, Z= 235 that had [] enchantment(s) |  
[2024-03-29 22:10:37] [world] The Player <Tester> has dropped 1 of BOW at X= -319, Y= 7, Z= 235 that had [] enchantment(s) |  
[2024-03-29 22:10:38] [world] The Player <Tester> has dropped 1 of BOW at X= -319, Y= 7, Z= 235 that had [] enchantment(s) |  
[2024-03-29 22:10:39] [world] The Player <Tester> has dropped 1 of BOW at X= -319, Y= 7, Z= 235 that had [] enchantment(s) |  
[2024-03-29 22:10:43] [world] The Player <Tester> has dropped 64 of BONE at X= -319, Y= 7, Z= 235 that had [] enchantment(s) |  
[2024-03-29 22:10:43] [world] The Player <xcpc> has dropped 64 of COBBLESTONE at X= -322, Y= 6, Z= 234 that had [] enchantment(s) |  
[2024-03-29 22:10:44] [world] The Player <xcpc> has dropped 32 of COBBLESTONE at X= -322, Y= 6, Z= 234 that had [] enchantment(s) |  
[2024-03-29 22:10:45] [world] The Player <xcpc> has dropped 8 of STONE at X= -322, Y= 6, Z= 234 that had [] enchantment(s) |  
[2024-03-29 22:10:45] [world] The Player <xcpc> has dropped 1 of STONE at X= -322, Y= 6, Z= 234 that had [] enchantment(s) |  
[2024-03-29 22:10:47] [world] The Player <xcpc> has dropped 1 of BOW at X= -322, Y= 6, Z= 234 that had [] enchantment(s) |  
[2024-03-29 22:10:47] [world] The Player <xcpc> has dropped 1 of BOW at X= -322, Y= 6, Z= 234 that had [] enchantment(s) |  
[2024-03-29 22:10:52] [world] The Player <xcpc> has dropped 64 of COBBLESTONE at X= -323, Y= 3, Z= 229 that had [] enchantment(s) |  
[2024-03-29 22:10:52] [world] The Player <xcpc> has dropped 64 of TORCH at X= -323, Y= 3, Z= 229 that had [] enchantment(s) |  
[2024-03-29 22:10:53] [world] The Player <xcpc> has dropped 64 of TORCH at X= -323, Y= 3, Z= 229 that had [] enchantment(s) |  
[2024-03-29 22:10:53] [world] The Player <xcpc> has dropped 52 of TORCH at X= -323, Y= 3, Z= 229 that had [] enchantment(s) |  
[2024-03-29 22:10:53] [world] The Player <xcpc> has dropped 64 of TORCH at X= -323, Y= 3, Z= 229 that had [] enchantment(s) |  
[2024-03-29 22:10:54] [world] The Player <xcpc> has dropped 64 of TORCH at X= -323, Y= 3, Z= 229 that had [] enchantment(s) |  
[2024-03-29 22:10:55] [world] The Player <xcpc> has dropped 64 of TORCH at X= -323, Y= 3, Z= 229 that had [] enchantment(s) |  
[2024-03-29 22:10:55] [world] The Player <xcpc> has dropped 64 of TORCH at X= -323, Y= 3, Z= 229 that had [] enchantment(s) |  
[2024-03-29 22:11:04] [world] The Player <Tester> has dropped 1 of ENDER CHEST at X= -319, Y= 7, Z= 235 that had [] enchantment(s) |  
[2024-03-29 22:11:05] [world] The Player <Tester> has dropped 1 of ENDER CHEST at X= -319, Y= 7, Z= 235 that had [] enchantment(s) |  
[2024-03-29 22:11:08] [world] The Player <Tester> has dropped 64 of LEATHER at X= -319, Y= 7, Z= 235 that had [] enchantment(s) |  
[2024-03-29 22:11:10] [world] The Player <xcpc> has dropped 1 of STONE at X= -322, Y= 6, Z= 233 that had [] enchantment(s) |  
[2024-03-29 22:11:10] [world] The Player <Tester> has dropped 1 of POTION at X= -319, Y= 7, Z= 235 that had [] enchantment(s) |  
[2024-03-29 22:11:10] [world] The Player <xcpc> has dropped 1 of STONE at X= -322, Y= 6, Z= 233 that had [] enchantment(s) |  
[2024-03-29 22:11:11] [world] The Player <xcpc> has dropped 1 of STONE at X= -322, Y= 6, Z= 233 that had [] enchantment(s) |  
[2024-03-29 22:11:11] [world] The Player <xcpc> has dropped 1 of STONE at X= -322, Y= 6, Z= 233 that had [] enchantment(s) |  
[2024-03-29 22:11:11] [world] The Player <xcpc> has dropped 1 of STONE at X= -322, Y= 6, Z= 233 that had [] enchantment(s) |  
[2024-03-29 22:11:11] [world] The Player <xcpc> has dropped 1 of STONE at X= -322, Y= 6, Z= 233 that had [] enchantment(s) |  
[2024-03-29 22:11:11] [world] The Player <xcpc> has dropped 1 of STONE at X= -322, Y= 6, Z= 233 that had [] enchantment(s) |  
[2024-03-29 22:11:11] [world] The Player <xcpc> has dropped 1 of STONE at X= -322, Y= 6, Z= 233 that had [] enchantment(s) |  
[2024-03-29 22:11:13] [world] The Player <Tester> has dropped 30 of NETHER STALK at X= -319, Y= 7, Z= 235 that had [] enchantment(s) |  
[2024-03-29 22:11:14] [world] The Player <Tester> has dropped 32 of SOUL SAND at X= -319, Y= 7, Z= 235 that had [] enchantment(s) |  
[2024-03-29 22:11:17] [world] The Player <Tester> has dropped 64 of INK SACK at X= -319, Y= 7, Z= 235 that had [] enchantment(s) |  
[2024-03-29 22:11:19] [world] The Player <Tester> has dropped 1 of DIAMOND BLOCK at X= -319, Y= 7, Z= 235 that had [] enchantment(s) |  
[2024-03-29 22:11:19] [world] The Player <Tester> has dropped 1 of DIAMOND BLOCK at X= -319, Y= 7, Z= 235 that had [] enchantment(s) |  
[2024-03-29 23:00:42] [world] The Player <xcpc> has dropped 1 of DIAMOND at X= -1169, Y= 50, Z= -429 that had [] enchantment(s) |  
[2024-03-29 23:27:15] [world] The Player <Tester> has dropped 1 of POWERED RAIL at X= -623, Y= 69, Z= 306 that had [] enchantment(s) |  
[2024-03-29 23:44:33] [world] The Player <Tester> has dropped 64 of GRASS at X= -686, Y= 121, Z= 36 that had [] enchantment(s) |  
[2024-03-29 23:44:37] [world] The Player <xcpc> has dropped 64 of GRASS at X= -685, Y= 115, Z= 37 that had [] enchantment(s) |  
[2024-03-29 23:46:56] [world] The Player <Tester> has dropped 64 of REDSTONE BLOCK at X= -636, Y= 124, Z= 78 that had [] enchantment(s) |  
[2024-03-29 23:46:57] [world] The Player <Tester> has dropped 64 of POWERED RAIL at X= -636, Y= 124, Z= 78 that had [] enchantment(s) |  
[2024-03-29 23:46:59] [world] The Player <Tester> has dropped 64 of POWERED RAIL at X= -636, Y= 124, Z= 78 that had [] enchantment(s) |  
[2024-03-29 23:47:00] [world] The Player <Tester> has dropped 64 of POWERED RAIL at X= -636, Y= 124, Z= 78 that had [] enchantment(s) |  
[2024-03-29 23:47:02] [world] The Player <Tester> has dropped 64 of POWERED RAIL at X= -636, Y= 124, Z= 78 that had [] enchantment(s) |  
[2024-03-29 23:47:03] [world] The Player <Tester> has dropped 64 of RAILS at X= -636, Y= 124, Z= 78 that had [] enchantment(s) |  
[2024-03-29 23:56:18] [world_the_end] The Player <NezukoChan> has dropped 55 of COOKED BEEF at X= 51, Y= 60, Z= 72 that had [] enchantment(s) |  
[2024-03-29 23:56:44] [world_the_end] The Player <NezukoChan> has dropped 1 of NAME TAG at X= 51, Y= 60, Z= 72 that had [] enchantment(s) | jeb_
[2024-03-29 23:56:44] [world_the_end] The Player <NezukoChan> has dropped 1 of NAME TAG at X= 51, Y= 60, Z= 72 that had [] enchantment(s) | jeb_
[2024-03-29 23:56:44] [world_the_end] The Player <NezukoChan> has dropped 1 of NAME TAG at X= 51, Y= 60, Z= 72 that had [] enchantment(s) | jeb_
[2024-03-29 23:57:12] [world_the_end] The Player <NezukoChan> has dropped 1 of POTION at X= 51, Y= 60, Z= 72 that had [] enchantment(s) |  
[2024-03-29 23:57:56] [world_the_end] The Player <NezukoChan> has dropped 1 of DIAMOND AXE at X= 51, Y= 60, Z= 72 that had [Efficiency 5, Sharpness 5, Unbreaking 3, Fire Aspect 2] enchantment(s) | Golem's dick
[2024-03-29 23:59:21] [world_the_end] The Player <NezukoChan> has dropped 1 of DIAMOND BOOTS at X= 51, Y= 60, Z= 73 that had [Protection 4, Unbreaking 3] enchantment(s) | Diamond Boo
[2024-03-29 23:59:37] [world_the_end] The Player <NezukoChan> has dropped 1 of ENDER CHEST at X= 50, Y= 60, Z= 72 that had [] enchantment(s) |  
[2024-03-30 01:10:20] [world] The Player <Char> has dropped 1 of RAW CHICKEN at X= -571, Y= 90, Z= 247 that had [] enchantment(s) |  
[2024-03-30 01:10:22] [world] The Player <Char> has dropped 1 of FEATHER at X= -565, Y= 90, Z= 250 that had [] enchantment(s) |  
[2024-03-30 01:10:22] [world] The Player <Char> has dropped 1 of FEATHER at X= -564, Y= 89, Z= 250 that had [] enchantment(s) |  
[2024-03-30 03:22:36] [world] The Player <GolemDaWanderer> has dropped 1 of SEEDS at X= 10233, Y= 65, Z= -10135 that had [] enchantment(s) |  
[2024-03-30 03:22:36] [world] The Player <GolemDaWanderer> has dropped 1 of SEEDS at X= 10233, Y= 65, Z= -10135 that had [] enchantment(s) |  
