[2024-03-31 13:21:19] [world] The Player <BTC> has dropped 64 of COBBLESTONE at X= -3127, Y= 42, Z= 831 that had [] enchantment(s) |  
[2024-03-31 13:21:19] [world] The Player <BTC> has dropped 3 of STONE at X= -3127, Y= 42, Z= 831 that had [] enchantment(s) |  
[2024-03-31 13:21:20] [world] The Player <BTC> has dropped 1 of STONE at X= -3127, Y= 42, Z= 831 that had [] enchantment(s) |  
[2024-03-31 13:21:20] [world] The Player <BTC> has dropped 8 of WOOL at X= -3127, Y= 42, Z= 831 that had [] enchantment(s) |  
[2024-03-31 13:21:20] [world] The Player <BTC> has dropped 5 of STONE at X= -3127, Y= 42, Z= 831 that had [] enchantment(s) |  
[2024-03-31 13:21:21] [world] The Player <BTC> has dropped 2 of DIRT at X= -3127, Y= 42, Z= 831 that had [] enchantment(s) |  
[2024-03-31 13:21:21] [world] The Player <BTC> has dropped 48 of COBBLESTONE at X= -3127, Y= 42, Z= 831 that had [] enchantment(s) |  
[2024-03-31 13:21:22] [world] The Player <BTC> has dropped 9 of FEATHER at X= -3127, Y= 42, Z= 831 that had [] enchantment(s) |  
[2024-03-31 13:21:23] [world] The Player <BTC> has dropped 3 of SEEDS at X= -3127, Y= 42, Z= 831 that had [] enchantment(s) |  
[2024-03-31 13:21:24] [world] The Player <BTC> has dropped 8 of BROWN MUSHROOM at X= -3127, Y= 42, Z= 831 that had [] enchantment(s) |  
[2024-03-31 13:21:24] [world] The Player <BTC> has dropped 1 of MINECART at X= -3127, Y= 42, Z= 831 that had [] enchantment(s) |  
[2024-03-31 13:21:25] [world] The Player <BTC> has dropped 2 of STRING at X= -3127, Y= 42, Z= 831 that had [] enchantment(s) |  
[2024-03-31 13:21:26] [world] The Player <BTC> has dropped 1 of BOW at X= -3127, Y= 42, Z= 831 that had [] enchantment(s) |  
[2024-03-31 13:21:43] [world] The Player <BTC> has dropped 1 of DIAMOND HOE at X= -3128, Y= 42, Z= 832 that had [Power 5, Sharpness 5, Efficiency 5, Punch 2, Unbreaking 3, Flame 1, Fortune 3, Infinite 1, Fire Aspect 2, Luck of the Sea 3, Lure 3] enchantment(s) | Thy clowns sickle.
[2024-03-31 13:22:29] [world] The Player <BTC> has dropped 34 of COOKED BEEF at X= -3129, Y= 42, Z= 833 that had [] enchantment(s) |  
[2024-03-31 13:22:38] [world] The Player <BTC> has dropped 13 of SUGAR CANE at X= -3130, Y= 42, Z= 833 that had [] enchantment(s) |  
[2024-03-31 13:22:47] [world] The Player <BTC> has dropped 10 of EMERALD at X= -3130, Y= 42, Z= 832 that had [] enchantment(s) |  
[2024-03-31 13:23:35] [world] The Player <Char> has dropped 1 of DIAMOND SWORD at X= -3130, Y= 42, Z= 832 that had [Feather Falling 4, Protection 4, Respiration 3, Aqua Affinity 1, Thorns 3, Depth Strider 3, Sharpness 5, Looting 3, Knockback 2, Fire Aspect 2] enchantment(s) | Blood of the Clown
[2024-03-31 13:24:40] [world] The Player <Char> has dropped 5 of STONE at X= -3126, Y= 42, Z= 831 that had [] enchantment(s) |  
[2024-03-31 13:24:41] [world] The Player <Char> has dropped 8 of WOOL at X= -3126, Y= 42, Z= 831 that had [] enchantment(s) |  
[2024-03-31 13:24:42] [world] The Player <Char> has dropped 1 of STONE at X= -3126, Y= 42, Z= 831 that had [] enchantment(s) |  
[2024-03-31 13:24:43] [world] The Player <Char> has dropped 3 of STONE at X= -3126, Y= 42, Z= 831 that had [] enchantment(s) |  
[2024-03-31 13:24:44] [world] The Player <Char> has dropped 51 of COBBLESTONE at X= -3126, Y= 42, Z= 831 that had [] enchantment(s) |  
[2024-03-31 13:24:45] [world] The Player <Char> has dropped 64 of COBBLESTONE at X= -3126, Y= 42, Z= 831 that had [] enchantment(s) |  
[2024-03-31 13:24:46] [world] The Player <Char> has dropped 1 of MINECART at X= -3126, Y= 42, Z= 831 that had [] enchantment(s) |  
[2024-03-31 13:24:47] [world] The Player <Char> has dropped 3 of POWERED RAIL at X= -3126, Y= 42, Z= 831 that had [] enchantment(s) |  
[2024-03-31 13:26:36] [world] The Player <BTC> has dropped 1 of DIAMOND SWORD at X= -599, Y= 69, Z= 265 that had [Feather Falling 4, Protection 4, Respiration 3, Aqua Affinity 1, Thorns 3, Depth Strider 3, Sharpness 5, Looting 3, Knockback 2, Fire Aspect 2] enchantment(s) | Blood of the Clown
[2024-03-31 13:26:44] [world] The Player <Tester> has dropped 16 of EGG at X= -557, Y= 60, Z= -121 that had [] enchantment(s) |  
[2024-03-31 13:29:26] [world] The Player <Char> has dropped 1 of GRASS at X= -571, Y= 66, Z= 241 that had [] enchantment(s) |  
[2024-03-31 13:30:38] [world] The Player <BTC> has dropped 1 of DIAMOND at X= -3129, Y= 42, Z= 832 that had [] enchantment(s) |  
[2024-03-31 13:30:38] [world] The Player <BTC> has dropped 1 of DIAMOND at X= -3129, Y= 42, Z= 832 that had [] enchantment(s) |  
[2024-03-31 13:30:38] [world] The Player <BTC> has dropped 1 of DIAMOND at X= -3129, Y= 42, Z= 832 that had [] enchantment(s) |  
[2024-03-31 13:30:38] [world] The Player <BTC> has dropped 1 of DIAMOND at X= -3129, Y= 42, Z= 832 that had [] enchantment(s) |  
[2024-03-31 13:33:37] [world] The Player <BTC> has dropped 2 of DIAMOND BLOCK at X= -3129, Y= 42, Z= 832 that had [] enchantment(s) |  
[2024-03-31 13:33:52] [world] The Player <BTC> has dropped 2 of DIAMOND BLOCK at X= -3129, Y= 42, Z= 832 that had [] enchantment(s) |  
[2024-03-31 13:34:42] [world] The Player <BTC> has dropped 1 of IRON INGOT at X= -3129, Y= 42, Z= 832 that had [] enchantment(s) |  
[2024-03-31 13:35:00] [world] The Player <BTC> has dropped 2 of DIAMOND BLOCK at X= -3129, Y= 42, Z= 832 that had [] enchantment(s) |  
[2024-03-31 13:35:30] [world] The Player <BTC> has dropped 2 of DIAMOND BLOCK at X= -3129, Y= 42, Z= 832 that had [] enchantment(s) |  
[2024-03-31 13:36:10] [world] The Player <BTC> has dropped 2 of DIAMOND BLOCK at X= -3128, Y= 42, Z= 832 that had [] enchantment(s) |  
[2024-03-31 13:36:56] [world] The Player <BTC> has dropped 2 of DIAMOND BLOCK at X= -3128, Y= 42, Z= 832 that had [] enchantment(s) |  
[2024-03-31 13:37:11] [world] The Player <BTC> has dropped 2 of DIAMOND BLOCK at X= -3129, Y= 42, Z= 833 that had [] enchantment(s) |  
[2024-03-31 13:37:22] [world] The Player <BTC> has dropped 2 of DIAMOND BLOCK at X= -3128, Y= 42, Z= 833 that had [] enchantment(s) |  
[2024-03-31 13:37:37] [world] The Player <BTC> has dropped 2 of DIAMOND BLOCK at X= -3128, Y= 42, Z= 833 that had [] enchantment(s) |  
[2024-03-31 13:38:33] [world] The Player <BTC> has dropped 2 of DIAMOND BLOCK at X= -3128, Y= 42, Z= 832 that had [] enchantment(s) |  
[2024-03-31 13:38:53] [world] The Player <BTC> has dropped 2 of DIAMOND BLOCK at X= -3128, Y= 42, Z= 832 that had [] enchantment(s) |  
[2024-03-31 13:40:19] [world] The Player <BTC> has dropped 1 of DIAMOND BLOCK at X= -3127, Y= 42, Z= 832 that had [] enchantment(s) |  
[2024-03-31 14:15:21] [world] The Player <BTC> has dropped 1 of BONE at X= -739, Y= 69, Z= -39 that had [] enchantment(s) |  
[2024-03-31 14:15:22] [world] The Player <BTC> has dropped 1 of SEEDS at X= -740, Y= 69, Z= -40 that had [] enchantment(s) |  
[2024-03-31 14:15:24] [world] The Player <BTC> has dropped 1 of ARROW at X= -740, Y= 69, Z= -40 that had [] enchantment(s) |  
[2024-03-31 14:44:30] [world_nether] The Player <GolemDaWanderer> has dropped 51 of NETHERRACK at X= -1135, Y= 119, Z= 534 that had [] enchantment(s) |  
[2024-03-31 14:46:40] [world_nether] The Player <GolemDaWanderer> has dropped 1 of BOW at X= -1200, Y= 49, Z= 521 that had [] enchantment(s) |  
[2024-03-31 14:46:41] [world_nether] The Player <GolemDaWanderer> has dropped 1 of BOW at X= -1200, Y= 49, Z= 521 that had [] enchantment(s) |  
[2024-03-31 14:46:42] [world_nether] The Player <GolemDaWanderer> has dropped 1 of BOW at X= -1200, Y= 49, Z= 521 that had [] enchantment(s) |  
[2024-03-31 14:46:42] [world_nether] The Player <GolemDaWanderer> has dropped 1 of BOW at X= -1200, Y= 49, Z= 521 that had [] enchantment(s) |  
[2024-03-31 14:46:42] [world_nether] The Player <GolemDaWanderer> has dropped 1 of BOW at X= -1200, Y= 49, Z= 521 that had [] enchantment(s) |  
[2024-03-31 14:46:43] [world_nether] The Player <GolemDaWanderer> has dropped 1 of BOW at X= -1200, Y= 49, Z= 521 that had [] enchantment(s) |  
[2024-03-31 14:46:43] [world_nether] The Player <GolemDaWanderer> has dropped 1 of BOW at X= -1200, Y= 49, Z= 521 that had [] enchantment(s) |  
[2024-03-31 14:46:43] [world_nether] The Player <GolemDaWanderer> has dropped 1 of BOW at X= -1200, Y= 49, Z= 521 that had [] enchantment(s) |  
[2024-03-31 14:46:44] [world_nether] The Player <GolemDaWanderer> has dropped 1 of BOW at X= -1200, Y= 49, Z= 521 that had [] enchantment(s) |  
[2024-03-31 14:46:48] [world_nether] The Player <GolemDaWanderer> has dropped 1 of BOW at X= -1202, Y= 49, Z= 518 that had [] enchantment(s) |  
[2024-03-31 14:46:49] [world_nether] The Player <GolemDaWanderer> has dropped 1 of BOW at X= -1202, Y= 49, Z= 518 that had [] enchantment(s) |  
[2024-03-31 14:46:49] [world_nether] The Player <GolemDaWanderer> has dropped 1 of BOW at X= -1202, Y= 49, Z= 518 that had [] enchantment(s) |  
[2024-03-31 14:46:49] [world_nether] The Player <GolemDaWanderer> has dropped 1 of BOW at X= -1202, Y= 49, Z= 518 that had [] enchantment(s) |  
[2024-03-31 14:46:50] [world_nether] The Player <GolemDaWanderer> has dropped 1 of BOW at X= -1202, Y= 49, Z= 518 that had [] enchantment(s) |  
[2024-03-31 14:46:50] [world_nether] The Player <GolemDaWanderer> has dropped 1 of BOW at X= -1202, Y= 49, Z= 518 that had [] enchantment(s) |  
[2024-03-31 14:46:50] [world_nether] The Player <GolemDaWanderer> has dropped 1 of BOW at X= -1202, Y= 49, Z= 518 that had [] enchantment(s) |  
[2024-03-31 14:46:51] [world_nether] The Player <GolemDaWanderer> has dropped 1 of BOW at X= -1202, Y= 49, Z= 518 that had [] enchantment(s) |  
[2024-03-31 14:46:52] [world_nether] The Player <GolemDaWanderer> has dropped 1 of LEATHER at X= -1202, Y= 49, Z= 518 that had [] enchantment(s) | In memoriam of Jimmy
[2024-03-31 14:47:00] [world_nether] The Player <GolemDaWanderer> has dropped 1 of BOW at X= -1201, Y= 49, Z= 520 that had [] enchantment(s) |  
[2024-03-31 14:47:01] [world_nether] The Player <GolemDaWanderer> has dropped 1 of BOW at X= -1201, Y= 49, Z= 520 that had [] enchantment(s) |  
[2024-03-31 14:47:01] [world_nether] The Player <GolemDaWanderer> has dropped 1 of BOW at X= -1201, Y= 49, Z= 520 that had [] enchantment(s) |  
[2024-03-31 14:47:02] [world_nether] The Player <GolemDaWanderer> has dropped 1 of BOW at X= -1201, Y= 49, Z= 520 that had [] enchantment(s) |  
[2024-03-31 14:47:03] [world_nether] The Player <GolemDaWanderer> has dropped 1 of ROTTEN FLESH at X= -1201, Y= 49, Z= 520 that had [] enchantment(s) |  
[2024-03-31 14:47:04] [world_nether] The Player <GolemDaWanderer> has dropped 1 of BOW at X= -1201, Y= 49, Z= 520 that had [] enchantment(s) |  
[2024-03-31 14:47:04] [world_nether] The Player <GolemDaWanderer> has dropped 1 of BOW at X= -1201, Y= 49, Z= 520 that had [] enchantment(s) |  
[2024-03-31 14:47:05] [world_nether] The Player <GolemDaWanderer> has dropped 1 of BOW at X= -1201, Y= 49, Z= 520 that had [] enchantment(s) |  
[2024-03-31 14:47:05] [world_nether] The Player <GolemDaWanderer> has dropped 1 of BOW at X= -1201, Y= 49, Z= 520 that had [] enchantment(s) |  
[2024-03-31 14:47:06] [world_nether] The Player <GolemDaWanderer> has dropped 1 of BOW at X= -1201, Y= 49, Z= 520 that had [] enchantment(s) |  
[2024-03-31 16:35:27] [world] The Player <BTC> has dropped 1 of BONE at X= -725, Y= 68, Z= 174 that had [] enchantment(s) |  
[2024-03-31 16:35:28] [world] The Player <BTC> has dropped 1 of BONE at X= -725, Y= 69, Z= 176 that had [] enchantment(s) |  
[2024-03-31 16:35:28] [world] The Player <BTC> has dropped 1 of BONE at X= -725, Y= 69, Z= 176 that had [] enchantment(s) |  
[2024-03-31 16:35:28] [world] The Player <BTC> has dropped 1 of BONE at X= -724, Y= 68, Z= 177 that had [] enchantment(s) |  
[2024-03-31 16:35:43] [world] The Player <BTC> has dropped 1 of SEEDS at X= -715, Y= 65, Z= 219 that had [] enchantment(s) |  
[2024-03-31 16:35:46] [world] The Player <BTC> has dropped 1 of SEEDS at X= -715, Y= 65, Z= 219 that had [] enchantment(s) |  
[2024-03-31 16:35:59] [world] The Player <BTC> has dropped 1 of SEEDS at X= -710, Y= 65, Z= 211 that had [] enchantment(s) |  
[2024-03-31 16:39:49] [world] The Player <BTC> has dropped 1 of MINECART at X= -560, Y= 64, Z= -78 that had [] enchantment(s) |  
[2024-03-31 16:41:51] [world] The Player <Tester> has dropped 1 of IRON BARDING at X= -546, Y= 65, Z= -75 that had [] enchantment(s) | §eAK-47§e ▪ «30»
[2024-03-31 16:43:45] [world] The Player <Tester> has dropped 1 of TORCH at X= -552, Y= 26, Z= -71 that had [] enchantment(s) |  
[2024-03-31 16:43:46] [world] The Player <Tester> has dropped 1 of TORCH at X= -552, Y= 26, Z= -71 that had [] enchantment(s) |  
[2024-03-31 16:43:48] [world] The Player <Tester> has dropped 1 of TORCH at X= -552, Y= 26, Z= -71 that had [] enchantment(s) |  
[2024-03-31 16:43:49] [world] The Player <Tester> has dropped 1 of TORCH at X= -552, Y= 26, Z= -71 that had [] enchantment(s) |  
[2024-03-31 16:43:52] [world] The Player <Tester> has dropped 63 of TORCH at X= -552, Y= 26, Z= -71 that had [] enchantment(s) |  
[2024-03-31 16:43:54] [world] The Player <Tester> has dropped 62 of TORCH at X= -552, Y= 26, Z= -71 that had [] enchantment(s) |  
[2024-03-31 16:43:55] [world] The Player <Tester> has dropped 29 of TORCH at X= -552, Y= 26, Z= -71 that had [] enchantment(s) |  
[2024-03-31 16:45:52] [world] The Player <BTC> has dropped 5 of REDSTONE at X= -558, Y= 11, Z= -75 that had [] enchantment(s) |  
[2024-03-31 16:45:54] [world] The Player <BTC> has dropped 64 of TORCH at X= -558, Y= 11, Z= -75 that had [] enchantment(s) |  
[2024-03-31 16:45:56] [world] The Player <BTC> has dropped 64 of TORCH at X= -558, Y= 11, Z= -75 that had [] enchantment(s) |  
[2024-03-31 16:45:57] [world] The Player <BTC> has dropped 3 of TORCH at X= -558, Y= 11, Z= -75 that had [] enchantment(s) |  
[2024-03-31 16:45:59] [world] The Player <BTC> has dropped 1 of IRON AXE at X= -558, Y= 11, Z= -75 that had [] enchantment(s) |  
[2024-03-31 16:46:02] [world] The Player <BTC> has dropped 2 of LEATHER at X= -558, Y= 11, Z= -75 that had [] enchantment(s) |  
[2024-03-31 16:50:00] [world] The Player <BTC> has dropped 1 of DIAMOND BLOCK at X= -550, Y= 4, Z= -87 that had [] enchantment(s) |  
[2024-03-31 16:50:00] [world] The Player <BTC> has dropped 64 of TORCH at X= -550, Y= 4, Z= -87 that had [] enchantment(s) |  
[2024-03-31 16:50:01] [world] The Player <BTC> has dropped 64 of TORCH at X= -550, Y= 4, Z= -87 that had [] enchantment(s) |  
[2024-03-31 16:50:02] [world] The Player <BTC> has dropped 64 of TORCH at X= -550, Y= 4, Z= -87 that had [] enchantment(s) |  
[2024-03-31 16:50:02] [world] The Player <BTC> has dropped 2 of DIAMOND at X= -550, Y= 4, Z= -87 that had [] enchantment(s) |  
[2024-03-31 16:50:03] [world] The Player <BTC> has dropped 64 of TORCH at X= -550, Y= 4, Z= -87 that had [] enchantment(s) |  
[2024-03-31 16:50:04] [world] The Player <BTC> has dropped 6 of TORCH at X= -550, Y= 4, Z= -87 that had [] enchantment(s) |  
[2024-03-31 16:50:04] [world] The Player <BTC> has dropped 64 of TORCH at X= -550, Y= 4, Z= -87 that had [] enchantment(s) |  
[2024-03-31 16:51:31] [world] The Player <BTC> has dropped 64 of TORCH at X= -546, Y= 3, Z= -84 that had [] enchantment(s) |  
[2024-03-31 16:51:32] [world] The Player <BTC> has dropped 64 of TORCH at X= -546, Y= 3, Z= -84 that had [] enchantment(s) |  
[2024-03-31 16:51:32] [world] The Player <BTC> has dropped 64 of TORCH at X= -546, Y= 3, Z= -84 that had [] enchantment(s) |  
[2024-03-31 16:51:32] [world] The Player <BTC> has dropped 64 of TORCH at X= -546, Y= 3, Z= -84 that had [] enchantment(s) |  
[2024-03-31 16:51:33] [world] The Player <BTC> has dropped 6 of TORCH at X= -546, Y= 3, Z= -84 that had [] enchantment(s) |  
[2024-03-31 16:51:34] [world] The Player <BTC> has dropped 64 of TORCH at X= -546, Y= 3, Z= -84 that had [] enchantment(s) |  
[2024-03-31 16:55:43] [world] The Player <Tester> has dropped 1 of GOLDEN APPLE at X= -550, Y= 9, Z= -96 that had [] enchantment(s) |  
[2024-03-31 16:57:15] [world] The Player <BTC> has dropped 64 of TORCH at X= -549, Y= 10, Z= -97 that had [] enchantment(s) |  
[2024-03-31 16:57:15] [world] The Player <BTC> has dropped 64 of TORCH at X= -549, Y= 10, Z= -97 that had [] enchantment(s) |  
[2024-03-31 16:57:15] [world] The Player <BTC> has dropped 64 of TORCH at X= -549, Y= 10, Z= -97 that had [] enchantment(s) |  
[2024-03-31 16:57:16] [world] The Player <BTC> has dropped 15 of TORCH at X= -549, Y= 10, Z= -97 that had [] enchantment(s) |  
[2024-03-31 16:57:16] [world] The Player <BTC> has dropped 48 of TORCH at X= -549, Y= 10, Z= -97 that had [] enchantment(s) |  
[2024-03-31 16:57:17] [world] The Player <BTC> has dropped 64 of TORCH at X= -549, Y= 10, Z= -97 that had [] enchantment(s) |  
[2024-03-31 16:57:17] [world] The Player <BTC> has dropped 64 of TORCH at X= -549, Y= 10, Z= -97 that had [] enchantment(s) |  
[2024-03-31 16:57:40] [world] The Player <Tester> has dropped 39 of TORCH at X= -549, Y= 10, Z= -100 that had [] enchantment(s) |  
[2024-03-31 16:57:49] [world] The Player <Tester> has dropped 64 of TORCH at X= -549, Y= 10, Z= -100 that had [] enchantment(s) |  
[2024-03-31 16:57:50] [world] The Player <Tester> has dropped 64 of TORCH at X= -549, Y= 10, Z= -100 that had [] enchantment(s) |  
[2024-03-31 16:57:55] [world] The Player <Tester> has dropped 64 of TORCH at X= -549, Y= 10, Z= -100 that had [] enchantment(s) |  
[2024-03-31 16:57:56] [world] The Player <Tester> has dropped 64 of TORCH at X= -549, Y= 10, Z= -100 that had [] enchantment(s) |  
[2024-03-31 16:57:58] [world] The Player <Tester> has dropped 1 of TORCH at X= -549, Y= 10, Z= -100 that had [] enchantment(s) |  
[2024-03-31 16:58:36] [world] The Player <Tester> has dropped 1 of BEDROCK at X= -549, Y= 9, Z= -100 that had [] enchantment(s) |  
[2024-03-31 16:59:55] [world] The Player <BTC> has dropped 2 of COAL at X= -563, Y= 65, Z= 220 that had [] enchantment(s) |  
[2024-03-31 16:59:55] [world] The Player <BTC> has dropped 2 of STONE at X= -563, Y= 65, Z= 220 that had [] enchantment(s) |  
[2024-03-31 16:59:56] [world] The Player <BTC> has dropped 64 of TORCH at X= -563, Y= 65, Z= 220 that had [] enchantment(s) |  
[2024-03-31 16:59:56] [world] The Player <BTC> has dropped 64 of TORCH at X= -563, Y= 65, Z= 220 that had [] enchantment(s) |  
[2024-03-31 16:59:57] [world] The Player <BTC> has dropped 40 of TORCH at X= -563, Y= 65, Z= 220 that had [] enchantment(s) |  
[2024-03-31 17:02:41] [world_nether] The Player <BTC> has dropped 1 of QUARTZ at X= -23, Y= 54, Z= -43 that had [] enchantment(s) |  
[2024-03-31 17:02:41] [world_nether] The Player <BTC> has dropped 1 of QUARTZ at X= -24, Y= 53, Z= -43 that had [] enchantment(s) |  
[2024-03-31 17:02:41] [world_nether] The Player <BTC> has dropped 1 of QUARTZ at X= -24, Y= 53, Z= -43 that had [] enchantment(s) |  
[2024-03-31 17:02:42] [world_nether] The Player <BTC> has dropped 1 of QUARTZ at X= -24, Y= 53, Z= -43 that had [] enchantment(s) |  
[2024-03-31 17:02:42] [world_nether] The Player <BTC> has dropped 1 of QUARTZ at X= -24, Y= 53, Z= -43 that had [] enchantment(s) |  
[2024-03-31 17:02:42] [world_nether] The Player <BTC> has dropped 1 of QUARTZ at X= -24, Y= 53, Z= -43 that had [] enchantment(s) |  
[2024-03-31 17:02:42] [world_nether] The Player <BTC> has dropped 1 of QUARTZ at X= -24, Y= 53, Z= -43 that had [] enchantment(s) |  
[2024-03-31 17:02:43] [world_nether] The Player <BTC> has dropped 1 of QUARTZ at X= -24, Y= 53, Z= -43 that had [] enchantment(s) |  
[2024-03-31 17:02:43] [world_nether] The Player <BTC> has dropped 1 of QUARTZ at X= -24, Y= 53, Z= -43 that had [] enchantment(s) |  
[2024-03-31 17:02:43] [world_nether] The Player <BTC> has dropped 1 of QUARTZ at X= -24, Y= 53, Z= -43 that had [] enchantment(s) |  
[2024-03-31 17:02:43] [world_nether] The Player <BTC> has dropped 1 of QUARTZ at X= -24, Y= 53, Z= -43 that had [] enchantment(s) |  
[2024-03-31 17:02:43] [world_nether] The Player <BTC> has dropped 1 of QUARTZ at X= -24, Y= 53, Z= -43 that had [] enchantment(s) |  
[2024-03-31 17:02:44] [world_nether] The Player <BTC> has dropped 1 of QUARTZ at X= -24, Y= 53, Z= -43 that had [] enchantment(s) |  
[2024-03-31 17:04:05] [world_nether] The Player <BTC> has dropped 5 of NETHERRACK at X= -84, Y= 35, Z= -36 that had [] enchantment(s) |  
[2024-03-31 17:04:07] [world_nether] The Player <BTC> has dropped 2 of GOLD NUGGET at X= -84, Y= 35, Z= -36 that had [] enchantment(s) |  
[2024-03-31 17:04:46] [world] The Player <Tester> has dropped 1 of LEATHER BOOTS at X= -10343, Y= 64, Z= 4020 that had [] enchantment(s) |  
[2024-03-31 17:10:11] [world] The Player <Tester> has dropped 1 of ENDER CHEST at X= -10341, Y= 64, Z= 4023 that had [] enchantment(s) |  
[2024-03-31 17:12:42] [world] The Player <BTC> has dropped 1 of DIAMOND BOOTS at X= -621, Y= 71, Z= 470 that had [Protection 1] enchantment(s) |  
[2024-03-31 17:12:43] [world] The Player <BTC> has dropped 1 of DIAMOND LEGGINGS at X= -621, Y= 71, Z= 470 that had [Protection 1] enchantment(s) |  
[2024-03-31 17:12:43] [world] The Player <BTC> has dropped 1 of DIAMOND CHESTPLATE at X= -621, Y= 71, Z= 470 that had [Protection 1] enchantment(s) |  
[2024-03-31 17:12:43] [world] The Player <BTC> has dropped 1 of DIAMOND HELMET at X= -621, Y= 71, Z= 470 that had [Projectile Protection 2] enchantment(s) |  
[2024-03-31 17:12:46] [world] The Player <BTC> has dropped 1 of DIAMOND PICKAXE at X= -621, Y= 71, Z= 470 that had [Efficiency 1, Unbreaking 1] enchantment(s) |  
[2024-03-31 17:13:24] [world] The Player <BTC> has dropped 1 of WOOD AXE at X= -621, Y= 70, Z= 471 that had [Efficiency 5, Unbreaking 3] enchantment(s) |  
[2024-03-31 17:13:40] [world] The Player <Tester> has dropped 1 of WOOD AXE at X= -624, Y= 70, Z= 472 that had [Efficiency 5, Unbreaking 3] enchantment(s) |  
[2024-03-31 17:14:24] [world] The Player <Tester> has dropped 1 of GOLDEN CARROT at X= -625, Y= 70, Z= 474 that had [] enchantment(s) |  
[2024-03-31 17:14:30] [world] The Player <BTC> has dropped 1 of GOLDEN CARROT at X= -619, Y= 70, Z= 471 that had [] enchantment(s) |  
[2024-03-31 17:14:53] [world] The Player <BTC> has dropped 1 of DIAMOND SWORD at X= -618, Y= 71, Z= 468 that had [Feather Falling 4, Protection 4, Respiration 3, Aqua Affinity 1, Thorns 3, Depth Strider 3, Sharpness 5, Looting 3, Knockback 2, Fire Aspect 2] enchantment(s) | Blood of the Clown
[2024-03-31 17:16:14] [world] The Player <Tester> has dropped 1 of LEATHER HELMET at X= -626, Y= 70, Z= 470 that had [Protection 4, Unbreaking 3] enchantment(s) |  
[2024-03-31 17:16:15] [world] The Player <Tester> has dropped 1 of LEATHER CHESTPLATE at X= -626, Y= 70, Z= 470 that had [Protection 4, Unbreaking 3] enchantment(s) |  
[2024-03-31 17:16:16] [world] The Player <Tester> has dropped 1 of LEATHER LEGGINGS at X= -626, Y= 70, Z= 470 that had [Protection 4, Unbreaking 3] enchantment(s) |  
[2024-03-31 17:16:17] [world] The Player <Tester> has dropped 1 of LEATHER BOOTS at X= -626, Y= 70, Z= 470 that had [Protection 4, Unbreaking 3] enchantment(s) |  
[2024-03-31 17:16:18] [world] The Player <Tester> has dropped 1 of WOOD SWORD at X= -626, Y= 70, Z= 470 that had [Sharpness 5, Unbreaking 3, Fire Aspect 1, Looting 2] enchantment(s) |  
[2024-03-31 17:16:19] [world] The Player <Tester> has dropped 1 of WOOD PICKAXE at X= -626, Y= 70, Z= 470 that had [Efficiency 5, Unbreaking 3, Fortune 3] enchantment(s) |  
[2024-03-31 17:16:21] [world] The Player <Tester> has dropped 1 of WOOD SPADE at X= -626, Y= 70, Z= 470 that had [Efficiency 5, Unbreaking 3] enchantment(s) |  
[2024-03-31 17:16:22] [world] The Player <Tester> has dropped 1 of WOOD AXE at X= -626, Y= 70, Z= 470 that had [Efficiency 5, Unbreaking 3] enchantment(s) |  
[2024-03-31 17:16:23] [world] The Player <Tester> has dropped 1 of WOOD HOE at X= -626, Y= 70, Z= 470 that had [Unbreaking 3] enchantment(s) |  
[2024-03-31 17:16:59] [world] The Player <Tester> has dropped 1 of DIAMOND SWORD at X= -623, Y= 70, Z= 467 that had [Protection 4, Sharpness 5, Feather Falling 4, Knockback 2, Fire Aspect 2, Respiration 3, Looting 3, Aqua Affinity 1, Thorns 3, Depth Strider 3] enchantment(s) | Blood of the Clown
[2024-03-31 17:18:25] [world] The Player <Char> has dropped 1 of ARROW at X= -623, Y= 74, Z= 454 that had [Fire Protection 4, Flame 1, Fire Aspect 2] enchantment(s) | Most fire Arrow
[2024-03-31 17:19:19] [world] The Player <BTC> has dropped 1 of ENDER CHEST at X= -625, Y= 69, Z= 462 that had [] enchantment(s) |  
[2024-03-31 17:19:23] [world] The Player <Tester> has dropped 1 of ENDER CHEST at X= -613, Y= 73, Z= 459 that had [] enchantment(s) |  
[2024-03-31 17:21:09] [world] The Player <BTC> has dropped 64 of BROWN MUSHROOM at X= -615, Y= 71, Z= 462 that had [] enchantment(s) |  
[2024-03-31 17:21:10] [world] The Player <BTC> has dropped 64 of BROWN MUSHROOM at X= -615, Y= 71, Z= 462 that had [] enchantment(s) |  
[2024-03-31 17:21:10] [world] The Player <BTC> has dropped 64 of BROWN MUSHROOM at X= -615, Y= 71, Z= 462 that had [] enchantment(s) |  
[2024-03-31 17:21:10] [world] The Player <BTC> has dropped 64 of BROWN MUSHROOM at X= -615, Y= 71, Z= 462 that had [] enchantment(s) |  
[2024-03-31 17:21:11] [world] The Player <BTC> has dropped 56 of BROWN MUSHROOM at X= -615, Y= 71, Z= 462 that had [] enchantment(s) |  
[2024-03-31 17:21:11] [world] The Player <BTC> has dropped 64 of BROWN MUSHROOM at X= -615, Y= 71, Z= 462 that had [] enchantment(s) |  
[2024-03-31 17:21:12] [world] The Player <BTC> has dropped 64 of BROWN MUSHROOM at X= -615, Y= 71, Z= 462 that had [] enchantment(s) |  
[2024-03-31 17:21:13] [world] The Player <BTC> has dropped 64 of BROWN MUSHROOM at X= -615, Y= 71, Z= 462 that had [] enchantment(s) |  
[2024-03-31 17:21:14] [world] The Player <BTC> has dropped 31 of SAND at X= -615, Y= 71, Z= 462 that had [] enchantment(s) |  
[2024-03-31 17:21:26] [world] The Player <Tester> has dropped 1 of FLINT AND STEEL at X= -618, Y= 71, Z= 474 that had [] enchantment(s) |  
[2024-03-31 17:22:46] [world] The Player <Tester> has dropped 1 of IRON BARDING at X= -621, Y= 71, Z= 466 that had [] enchantment(s) | §eAK-47§e ▫ «0»
[2024-03-31 17:24:09] [world] The Player <BTC> has dropped 1 of SULPHUR at X= -625, Y= 69, Z= 461 that had [] enchantment(s) |  
[2024-03-31 17:24:09] [world] The Player <BTC> has dropped 1 of SULPHUR at X= -625, Y= 69, Z= 461 that had [] enchantment(s) |  
[2024-03-31 17:27:33] [world] The Player <GolemDaWanderer> has dropped 1 of ROTTEN FLESH at X= -10447, Y= 65, Z= 4030 that had [] enchantment(s) |  
[2024-03-31 17:27:38] [world] The Player <GolemDaWanderer> has dropped 64 of NETHERRACK at X= -10447, Y= 65, Z= 4030 that had [] enchantment(s) |  
[2024-03-31 17:27:39] [world] The Player <GolemDaWanderer> has dropped 64 of NETHERRACK at X= -10447, Y= 65, Z= 4030 that had [] enchantment(s) |  
[2024-03-31 17:27:40] [world] The Player <GolemDaWanderer> has dropped 64 of NETHERRACK at X= -10447, Y= 65, Z= 4030 that had [] enchantment(s) |  
[2024-03-31 17:27:42] [world] The Player <GolemDaWanderer> has dropped 27 of NETHERRACK at X= -10447, Y= 65, Z= 4030 that had [] enchantment(s) |  
[2024-03-31 17:27:43] [world] The Player <GolemDaWanderer> has dropped 1 of MINECART at X= -10447, Y= 65, Z= 4030 that had [] enchantment(s) |  
[2024-03-31 17:27:44] [world] The Player <GolemDaWanderer> has dropped 1 of MINECART at X= -10447, Y= 65, Z= 4030 that had [] enchantment(s) |  
[2024-03-31 17:27:44] [world] The Player <GolemDaWanderer> has dropped 1 of MINECART at X= -10447, Y= 65, Z= 4030 that had [] enchantment(s) |  
[2024-03-31 17:27:45] [world] The Player <GolemDaWanderer> has dropped 1 of MINECART at X= -10447, Y= 65, Z= 4030 that had [] enchantment(s) |  
[2024-03-31 17:27:45] [world] The Player <GolemDaWanderer> has dropped 1 of MINECART at X= -10447, Y= 65, Z= 4030 that had [] enchantment(s) |  
[2024-03-31 17:27:45] [world] The Player <GolemDaWanderer> has dropped 1 of MINECART at X= -10447, Y= 65, Z= 4030 that had [] enchantment(s) |  
[2024-03-31 17:27:46] [world] The Player <GolemDaWanderer> has dropped 1 of TORCH at X= -10447, Y= 65, Z= 4030 that had [] enchantment(s) |  
[2024-03-31 17:27:47] [world] The Player <GolemDaWanderer> has dropped 42 of ARROW at X= -10447, Y= 65, Z= 4030 that had [] enchantment(s) |  
[2024-03-31 17:40:51] [world] The Player <Tester> has dropped 1 of MINECART at X= -10038, Y= 65, Z= 3763 that had [] enchantment(s) |  
[2024-03-31 17:41:27] [world] The Player <Tester> has dropped 1 of DIAMOND SWORD at X= -10036, Y= 66, Z= 3763 that had [Protection 4, Sharpness 5, Feather Falling 4, Knockback 2, Fire Aspect 2, Respiration 3, Looting 3, Aqua Affinity 1, Thorns 3, Depth Strider 3] enchantment(s) | Blood of the Clown
[2024-03-31 17:41:55] [world] The Player <Tester> has dropped 1 of ANVIL at X= -10031, Y= 66, Z= 3762 that had [] enchantment(s) |  
[2024-03-31 17:42:00] [world] The Player <GolemDaWanderer> has dropped 1 of WATER BUCKET at X= -10034, Y= 66, Z= 3763 that had [] enchantment(s) |  
[2024-03-31 17:42:00] [world] The Player <GolemDaWanderer> has dropped 1 of WATER BUCKET at X= -10034, Y= 66, Z= 3763 that had [] enchantment(s) |  
[2024-03-31 17:42:28] [world] The Player <Tester> has dropped 1 of DIAMOND SWORD at X= -10038, Y= 65, Z= 3760 that had [Protection 4, Sharpness 5, Feather Falling 4, Knockback 2, Fire Aspect 2, Respiration 3, Looting 3, Aqua Affinity 1, Thorns 3, Depth Strider 3] enchantment(s) | Gift.
[2024-03-31 17:49:14] [world] The Player <GolemDaWanderer> has dropped 1 of PRISMARINE CRYSTALS at X= -9973, Y= 14, Z= 3754 that had [] enchantment(s) |  
[2024-03-31 17:50:25] [world] The Player <Tester> has dropped 1 of DIAMOND AXE at X= -9974, Y= 14, Z= 3753 that had [Efficiency 5, Silk Touch 1, Unbreaking 3] enchantment(s) | Time to chop ur balls off
[2024-03-31 17:53:25] [world] The Player <GolemDaWanderer> has dropped 1 of DIAMOND AXE at X= -9972, Y= 15, Z= 3752 that had [Efficiency 5, Unbreaking 5, Fortune 5] enchantment(s) | Imma cut ur wood
[2024-03-31 17:53:48] [world] The Player <GolemDaWanderer> has dropped 1 of RAW FISH at X= -9973, Y= 15, Z= 3752 that had [] enchantment(s) |  
[2024-03-31 17:53:48] [world] The Player <GolemDaWanderer> has dropped 1 of RAW FISH at X= -9973, Y= 15, Z= 3752 that had [] enchantment(s) |  
[2024-03-31 17:53:48] [world] The Player <GolemDaWanderer> has dropped 1 of RAW FISH at X= -9973, Y= 15, Z= 3752 that had [] enchantment(s) |  
[2024-03-31 17:53:48] [world] The Player <GolemDaWanderer> has dropped 1 of RAW FISH at X= -9973, Y= 15, Z= 3752 that had [] enchantment(s) |  
[2024-03-31 17:53:49] [world] The Player <GolemDaWanderer> has dropped 1 of RAW FISH at X= -9973, Y= 15, Z= 3752 that had [] enchantment(s) |  
[2024-03-31 17:55:28] [world] The Player <Tester> has dropped 1 of DIAMOND AXE at X= -9972, Y= 15, Z= 3754 that had [Efficiency 5, Sharpness 5, Unbreaking 3, Fire Aspect 2] enchantment(s) | Golem's Dick
[2024-03-31 17:55:38] [world] The Player <Tester> has dropped 1 of DIAMOND AXE at X= -9972, Y= 15, Z= 3754 that had [Efficiency 5, Silk Touch 1, Unbreaking 3] enchantment(s) | Time to chop ur balls off
[2024-03-31 17:55:40] [world] The Player <GolemDaWanderer> has dropped 1 of DIAMOND AXE at X= -9972, Y= 15, Z= 3752 that had [Efficiency 5, Sharpness 5, Unbreaking 3, Fire Aspect 2] enchantment(s) | Golem's Dick
[2024-03-31 17:59:55] [world] The Player <GolemDaWanderer> has dropped 1 of DIAMOND SWORD at X= -9974, Y= 12, Z= 3752 that had [Protection 4, Sharpness 5, Feather Falling 4, Knockback 2, Fire Aspect 2, Respiration 3, Looting 3, Aqua Affinity 1, Thorns 3, Depth Strider 3] enchantment(s) | Gift.
[2024-03-31 18:47:35] [world] The Player <GolemDaWanderer> has dropped 1 of GLASS at X= -9504, Y= 87, Z= 3741 that had [] enchantment(s) |  
[2024-03-31 18:47:35] [world] The Player <GolemDaWanderer> has dropped 1 of GLASS at X= -9504, Y= 87, Z= 3741 that had [] enchantment(s) |  
[2024-03-31 18:47:35] [world] The Player <GolemDaWanderer> has dropped 1 of GLASS at X= -9504, Y= 87, Z= 3741 that had [] enchantment(s) |  
[2024-03-31 18:47:35] [world] The Player <GolemDaWanderer> has dropped 1 of GLASS at X= -9504, Y= 87, Z= 3741 that had [] enchantment(s) |  
[2024-03-31 18:47:35] [world] The Player <GolemDaWanderer> has dropped 1 of GLASS at X= -9504, Y= 87, Z= 3741 that had [] enchantment(s) |  
[2024-03-31 18:47:35] [world] The Player <GolemDaWanderer> has dropped 1 of GLASS at X= -9504, Y= 87, Z= 3741 that had [] enchantment(s) |  
[2024-03-31 18:47:35] [world] The Player <GolemDaWanderer> has dropped 1 of GHAST TEAR at X= -9504, Y= 87, Z= 3741 that had [] enchantment(s) |  
[2024-03-31 18:47:35] [world] The Player <GolemDaWanderer> has dropped 1 of GLASS at X= -9504, Y= 87, Z= 3741 that had [] enchantment(s) |  
[2024-03-31 18:48:11] [world] The Player <GolemDaWanderer> has dropped 1 of GLASS at X= -9504, Y= 87, Z= 3741 that had [] enchantment(s) |  
[2024-03-31 18:48:11] [world] The Player <GolemDaWanderer> has dropped 1 of GLASS at X= -9504, Y= 87, Z= 3741 that had [] enchantment(s) |  
[2024-03-31 18:48:11] [world] The Player <GolemDaWanderer> has dropped 1 of GLASS at X= -9504, Y= 87, Z= 3741 that had [] enchantment(s) |  
[2024-03-31 18:48:11] [world] The Player <GolemDaWanderer> has dropped 1 of GLASS at X= -9504, Y= 87, Z= 3741 that had [] enchantment(s) |  
[2024-03-31 18:48:11] [world] The Player <GolemDaWanderer> has dropped 1 of EYE OF ENDER at X= -9504, Y= 87, Z= 3741 that had [] enchantment(s) |  
[2024-03-31 18:48:11] [world] The Player <GolemDaWanderer> has dropped 1 of GLASS at X= -9504, Y= 87, Z= 3741 that had [] enchantment(s) |  
[2024-03-31 18:48:11] [world] The Player <GolemDaWanderer> has dropped 1 of GLASS at X= -9504, Y= 87, Z= 3741 that had [] enchantment(s) |  
[2024-03-31 18:48:11] [world] The Player <GolemDaWanderer> has dropped 1 of GHAST TEAR at X= -9504, Y= 87, Z= 3741 that had [] enchantment(s) |  
[2024-03-31 18:48:11] [world] The Player <GolemDaWanderer> has dropped 1 of GLASS at X= -9504, Y= 87, Z= 3741 that had [] enchantment(s) |  
[2024-03-31 18:48:16] [world] The Player <GolemDaWanderer> has dropped 1 of GHAST TEAR at X= -9505, Y= 88, Z= 3741 that had [] enchantment(s) |  
[2024-03-31 19:20:16] [world] The Player <GolemDaWanderer> has dropped 1 of STRING at X= -9356, Y= 65, Z= 3713 that had [] enchantment(s) |  
[2024-03-31 19:20:20] [world] The Player <GolemDaWanderer> has dropped 1 of STRING at X= -9350, Y= 64, Z= 3715 that had [] enchantment(s) |  
[2024-03-31 21:07:24] [world] The Player <GolemDaWanderer> has dropped 1 of BOW at X= -10301, Y= 36, Z= 4032 that had [] enchantment(s) |  
[2024-03-31 21:07:24] [world] The Player <GolemDaWanderer> has dropped 1 of BOW at X= -10301, Y= 36, Z= 4032 that had [] enchantment(s) |  
[2024-03-31 21:07:25] [world] The Player <GolemDaWanderer> has dropped 1 of BOW at X= -10301, Y= 36, Z= 4032 that had [] enchantment(s) |  
[2024-03-31 21:07:25] [world] The Player <GolemDaWanderer> has dropped 1 of BOW at X= -10301, Y= 36, Z= 4032 that had [] enchantment(s) |  
[2024-03-31 21:07:26] [world] The Player <GolemDaWanderer> has dropped 1 of BOW at X= -10301, Y= 36, Z= 4032 that had [] enchantment(s) |  
[2024-03-31 21:07:26] [world] The Player <GolemDaWanderer> has dropped 1 of BOW at X= -10301, Y= 36, Z= 4032 that had [] enchantment(s) |  
[2024-03-31 21:07:26] [world] The Player <GolemDaWanderer> has dropped 1 of BOW at X= -10301, Y= 36, Z= 4032 that had [] enchantment(s) |  
[2024-03-31 21:07:26] [world] The Player <GolemDaWanderer> has dropped 1 of BOW at X= -10301, Y= 36, Z= 4032 that had [] enchantment(s) |  
[2024-03-31 21:07:26] [world] The Player <GolemDaWanderer> has dropped 1 of BOW at X= -10301, Y= 36, Z= 4032 that had [] enchantment(s) |  
[2024-03-31 21:07:27] [world] The Player <GolemDaWanderer> has dropped 1 of BOW at X= -10301, Y= 36, Z= 4032 that had [] enchantment(s) |  
[2024-03-31 21:07:27] [world] The Player <GolemDaWanderer> has dropped 1 of BOW at X= -10301, Y= 36, Z= 4032 that had [] enchantment(s) |  
[2024-03-31 21:07:42] [world] The Player <GolemDaWanderer> has dropped 1 of BOW at X= -10300, Y= 36, Z= 4028 that had [] enchantment(s) |  
[2024-03-31 21:07:47] [world] The Player <GolemDaWanderer> has dropped 1 of BOW at X= -10298, Y= 36, Z= 4030 that had [] enchantment(s) |  
[2024-03-31 21:07:47] [world] The Player <GolemDaWanderer> has dropped 1 of BOW at X= -10298, Y= 36, Z= 4030 that had [] enchantment(s) |  
[2024-03-31 21:07:47] [world] The Player <GolemDaWanderer> has dropped 1 of BOW at X= -10298, Y= 36, Z= 4030 that had [] enchantment(s) |  
[2024-03-31 21:07:48] [world] The Player <GolemDaWanderer> has dropped 1 of BOW at X= -10298, Y= 36, Z= 4030 that had [] enchantment(s) |  
[2024-03-31 21:07:48] [world] The Player <GolemDaWanderer> has dropped 1 of BOW at X= -10298, Y= 36, Z= 4030 that had [] enchantment(s) |  
[2024-03-31 21:07:48] [world] The Player <GolemDaWanderer> has dropped 1 of BOW at X= -10298, Y= 36, Z= 4030 that had [] enchantment(s) |  
[2024-03-31 21:07:49] [world] The Player <GolemDaWanderer> has dropped 1 of BOW at X= -10298, Y= 36, Z= 4030 that had [] enchantment(s) |  
[2024-03-31 21:07:49] [world] The Player <GolemDaWanderer> has dropped 1 of BOW at X= -10298, Y= 36, Z= 4030 that had [] enchantment(s) |  
[2024-03-31 21:07:49] [world] The Player <GolemDaWanderer> has dropped 1 of BOW at X= -10298, Y= 36, Z= 4030 that had [] enchantment(s) |  
[2024-03-31 21:07:50] [world] The Player <GolemDaWanderer> has dropped 1 of BOW at X= -10298, Y= 36, Z= 4030 that had [] enchantment(s) |  
[2024-03-31 21:07:50] [world] The Player <GolemDaWanderer> has dropped 1 of BOW at X= -10298, Y= 36, Z= 4030 that had [] enchantment(s) |  
[2024-03-31 21:07:50] [world] The Player <GolemDaWanderer> has dropped 1 of BOW at X= -10298, Y= 36, Z= 4030 that had [] enchantment(s) |  
[2024-03-31 21:07:57] [world] The Player <GolemDaWanderer> has dropped 1 of BOW at X= -10298, Y= 36, Z= 4030 that had [] enchantment(s) |  
[2024-03-31 21:07:57] [world] The Player <GolemDaWanderer> has dropped 1 of BOW at X= -10298, Y= 36, Z= 4030 that had [] enchantment(s) |  
[2024-03-31 21:07:57] [world] The Player <GolemDaWanderer> has dropped 1 of BOW at X= -10298, Y= 36, Z= 4030 that had [] enchantment(s) |  
[2024-03-31 21:08:01] [world] The Player <GolemDaWanderer> has dropped 1 of BOW at X= -10298, Y= 36, Z= 4030 that had [] enchantment(s) |  
[2024-03-31 21:08:02] [world] The Player <GolemDaWanderer> has dropped 1 of BOW at X= -10298, Y= 36, Z= 4030 that had [] enchantment(s) |  
[2024-03-31 21:08:03] [world] The Player <GolemDaWanderer> has dropped 1 of BOW at X= -10298, Y= 36, Z= 4030 that had [] enchantment(s) |  
[2024-03-31 21:08:05] [world] The Player <GolemDaWanderer> has dropped 1 of BOW at X= -10297, Y= 36, Z= 4029 that had [] enchantment(s) |  
[2024-03-31 21:08:05] [world] The Player <GolemDaWanderer> has dropped 1 of BOW at X= -10297, Y= 36, Z= 4029 that had [] enchantment(s) |  
[2024-03-31 21:08:06] [world] The Player <GolemDaWanderer> has dropped 1 of BOW at X= -10297, Y= 36, Z= 4029 that had [] enchantment(s) |  
[2024-03-31 21:08:07] [world] The Player <GolemDaWanderer> has dropped 1 of BOW at X= -10297, Y= 36, Z= 4029 that had [] enchantment(s) |  
[2024-03-31 21:08:07] [world] The Player <GolemDaWanderer> has dropped 1 of BOW at X= -10297, Y= 36, Z= 4029 that had [] enchantment(s) |  
[2024-03-31 21:08:07] [world] The Player <GolemDaWanderer> has dropped 1 of BOW at X= -10297, Y= 36, Z= 4029 that had [] enchantment(s) |  
[2024-03-31 21:08:08] [world] The Player <GolemDaWanderer> has dropped 1 of BOW at X= -10297, Y= 36, Z= 4029 that had [] enchantment(s) |  
[2024-03-31 21:08:08] [world] The Player <GolemDaWanderer> has dropped 1 of BOW at X= -10297, Y= 36, Z= 4029 that had [] enchantment(s) |  
[2024-03-31 21:08:08] [world] The Player <GolemDaWanderer> has dropped 1 of BOW at X= -10297, Y= 36, Z= 4029 that had [] enchantment(s) |  
[2024-03-31 21:08:11] [world] The Player <GolemDaWanderer> has dropped 1 of BOW at X= -10296, Y= 36, Z= 4028 that had [] enchantment(s) |  
[2024-03-31 21:08:11] [world] The Player <GolemDaWanderer> has dropped 1 of BOW at X= -10296, Y= 36, Z= 4028 that had [] enchantment(s) |  
[2024-03-31 21:08:11] [world] The Player <GolemDaWanderer> has dropped 1 of BOW at X= -10296, Y= 36, Z= 4028 that had [] enchantment(s) |  
[2024-03-31 21:08:13] [world] The Player <GolemDaWanderer> has dropped 1 of BOW at X= -10296, Y= 36, Z= 4028 that had [] enchantment(s) |  
[2024-03-31 21:34:18] [world] The Player <GolemDaWanderer> has dropped 1 of BOW at X= -10301, Y= 34, Z= 4029 that had [] enchantment(s) |  
[2024-03-31 21:34:22] [world] The Player <GolemDaWanderer> has dropped 1 of BOW at X= -10301, Y= 31, Z= 4028 that had [] enchantment(s) |  
[2024-03-31 21:35:19] [world] The Player <GolemDaWanderer> has dropped 1 of SIGN at X= -10178, Y= 61, Z= 4119 that had [] enchantment(s) |  
