[2024-03-19 11:21:05] [world] The Player <qwerty> has emptied LAVA BUCKET at X= -492, Y= 79, Z= -444
[2024-03-19 11:21:54] [world] The Player <qwerty> has emptied LAVA BUCKET at X= -497, Y= 77, Z= -480
[2024-03-19 11:28:29] [world] The Player <TurtleDuck> has emptied LAVA BUCKET at X= -581, Y= 58, Z= 270
[2024-03-19 11:28:30] [world] The Player <TurtleDuck> has emptied LAVA BUCKET at X= -581, Y= 58, Z= 270
[2024-03-19 11:28:31] [world] The Player <TurtleDuck> has emptied LAVA BUCKET at X= -581, Y= 58, Z= 270
[2024-03-19 11:28:32] [world] The Player <TurtleDuck> has emptied LAVA BUCKET at X= -581, Y= 58, Z= 270
[2024-03-19 11:35:17] [world] The Player <TurtleDuck> has emptied LAVA BUCKET at X= -568, Y= 56, Z= 271
[2024-03-19 11:35:17] [world] The Player <TurtleDuck> has emptied LAVA BUCKET at X= -568, Y= 56, Z= 271
[2024-03-19 11:48:53] [world] The Player <sharky> has emptied LAVA BUCKET at X= -494, Y= 56, Z= -481
[2024-03-19 12:50:56] [world_nether] The Player <qwerty> has emptied LAVA BUCKET at X= -98, Y= 67, Z= -203
[2024-03-19 12:57:27] [world] The Player <Milk_Frog> has emptied WATER BUCKET at X= -562, Y= 70, Z= 283
[2024-03-19 12:57:28] [world] The Player <Milk_Frog> has emptied WATER BUCKET at X= -562, Y= 70, Z= 283
[2024-03-19 12:57:34] [world] The Player <Milk_Frog> has emptied WATER BUCKET at X= -562, Y= 68, Z= 282
[2024-03-19 13:49:56] [world] The Player <WienerDogFace> has emptied WATER BUCKET at X= -937, Y= 11, Z= 1601
[2024-03-19 13:51:09] [world_nether] The Player <qwerty> has emptied LAVA BUCKET at X= -145, Y= 70, Z= -84
[2024-03-19 14:36:16] [world] The Player <Rip_WillOfTheD> has emptied WATER BUCKET at X= -577, Y= 67, Z= 199
[2024-03-19 14:39:33] [world] The Player <Rip_WillOfTheD> has emptied WATER BUCKET at X= -589, Y= 71, Z= 137
[2024-03-19 14:39:33] [world] The Player <Rip_WillOfTheD> has emptied WATER BUCKET at X= -589, Y= 71, Z= 137
[2024-03-19 14:41:51] [world] The Player <Rip_WillOfTheD> has emptied WATER BUCKET at X= -579, Y= 71, Z= 199
[2024-03-19 14:42:45] [world] The Player <Rip_WillOfTheD> has emptied WATER BUCKET at X= -478, Y= 73, Z= 198
[2024-03-19 14:43:18] [world] The Player <Rip_WillOfTheD> has emptied WATER BUCKET at X= -458, Y= 70, Z= 196
[2024-03-19 14:43:20] [world] The Player <Rip_WillOfTheD> has emptied WATER BUCKET at X= -452, Y= 69, Z= 195
[2024-03-19 14:43:24] [world] The Player <Rip_WillOfTheD> has emptied WATER BUCKET at X= -449, Y= 66, Z= 196
[2024-03-19 14:56:26] [world] The Player <WienerDogFace> has emptied WATER BUCKET at X= -888, Y= 64, Z= 321
[2024-03-19 14:56:30] [world] The Player <WienerDogFace> has emptied WATER BUCKET at X= -888, Y= 64, Z= 321
[2024-03-19 15:07:43] [world] The Player <WienerDogFace> has emptied WATER BUCKET at X= 9959, Y= 69, Z= 1103
[2024-03-19 19:46:06] [world_the_end] The Player <NezukoChan> has emptied WATER BUCKET at X= 48, Y= 63, Z= 24
[2024-03-19 20:11:37] [world] The Player <TurtleDuck> has emptied LAVA BUCKET at X= -581, Y= 54, Z= 271
[2024-03-19 20:11:38] [world] The Player <TurtleDuck> has emptied LAVA BUCKET at X= -581, Y= 54, Z= 271
[2024-03-19 20:12:13] [world] The Player <TurtleDuck> has emptied LAVA BUCKET at X= -583, Y= 54, Z= 274
[2024-03-19 20:18:52] [world] The Player <TurtleDuck> has emptied LAVA BUCKET at X= -582, Y= 54, Z= 272
[2024-03-19 22:21:56] [world] The Player <NezukoChan> has emptied WATER BUCKET at X= -752, Y= 4, Z= 664
[2024-03-19 22:22:14] [world] The Player <NezukoChan> has emptied WATER BUCKET at X= -752, Y= 4, Z= 664
[2024-03-19 22:22:47] [world] The Player <NezukoChan> has emptied WATER BUCKET at X= -752, Y= 4, Z= 664
[2024-03-19 22:23:04] [world] The Player <NezukoChan> has emptied WATER BUCKET at X= -752, Y= 4, Z= 664
[2024-03-19 22:23:06] [world] The Player <NezukoChan> has emptied WATER BUCKET at X= -752, Y= 5, Z= 664
[2024-03-19 22:34:41] [world] The Player <Tester> has emptied WATER BUCKET at X= -10184, Y= 63, Z= 4110
[2024-03-19 22:39:01] [world] The Player <Tester> has emptied WATER BUCKET at X= -10218, Y= 66, Z= 4093
[2024-03-19 23:01:12] [world] The Player <Tester> has emptied WATER BUCKET at X= -10171, Y= 63, Z= 4112
[2024-03-19 23:01:13] [world] The Player <Tester> has emptied WATER BUCKET at X= -10171, Y= 63, Z= 4112
[2024-03-20 00:18:12] [world] The Player <NezukoChan> has emptied WATER BUCKET at X= -10186, Y= 63, Z= 4111
[2024-03-20 00:33:52] [world] The Player <Tester> has emptied LAVA BUCKET at X= -10172, Y= 63, Z= 4116
[2024-03-20 00:33:54] [world] The Player <Tester> has emptied LAVA BUCKET at X= -10172, Y= 63, Z= 4116
[2024-03-20 00:38:42] [world] The Player <TurtleDuck> has emptied LAVA BUCKET at X= -591, Y= 68, Z= 301
[2024-03-20 00:39:03] [world] The Player <TurtleDuck> has emptied LAVA BUCKET at X= -606, Y= 68, Z= 307
[2024-03-20 00:39:18] [world] The Player <TurtleDuck> has emptied LAVA BUCKET at X= -570, Y= 66, Z= 298
[2024-03-20 00:39:40] [world] The Player <TurtleDuck> has emptied LAVA BUCKET at X= -569, Y= 66, Z= 297
[2024-03-20 00:40:02] [world] The Player <TurtleDuck> has emptied LAVA BUCKET at X= -555, Y= 63, Z= 297
[2024-03-20 00:40:03] [world] The Player <TurtleDuck> has emptied LAVA BUCKET at X= -555, Y= 63, Z= 297
[2024-03-20 00:40:03] [world] The Player <TurtleDuck> has emptied LAVA BUCKET at X= -555, Y= 63, Z= 297
[2024-03-20 00:40:04] [world] The Player <TurtleDuck> has emptied LAVA BUCKET at X= -555, Y= 63, Z= 297
[2024-03-20 00:40:07] [world] The Player <TurtleDuck> has emptied LAVA BUCKET at X= -556, Y= 57, Z= 298
[2024-03-20 00:40:08] [world] The Player <TurtleDuck> has emptied LAVA BUCKET at X= -557, Y= 61, Z= 296
[2024-03-20 00:40:08] [world] The Player <TurtleDuck> has emptied LAVA BUCKET at X= -557, Y= 62, Z= 295
[2024-03-20 00:40:11] [world] The Player <TurtleDuck> has emptied LAVA BUCKET at X= -560, Y= 61, Z= 298
[2024-03-20 00:40:11] [world] The Player <TurtleDuck> has emptied LAVA BUCKET at X= -559, Y= 59, Z= 298
[2024-03-20 00:40:18] [world] The Player <TurtleDuck> has emptied LAVA BUCKET at X= -551, Y= 64, Z= 289
[2024-03-20 00:40:24] [world] The Player <TurtleDuck> has emptied LAVA BUCKET at X= -552, Y= 64, Z= 286
[2024-03-20 00:40:32] [world] The Player <TurtleDuck> has emptied LAVA BUCKET at X= -549, Y= 64, Z= 287
[2024-03-20 00:40:47] [world] The Player <TurtleDuck> has emptied LAVA BUCKET at X= -544, Y= 64, Z= 295
[2024-03-20 00:40:55] [world] The Player <TurtleDuck> has emptied LAVA BUCKET at X= -544, Y= 64, Z= 282
[2024-03-20 00:41:11] [world] The Player <TurtleDuck> has emptied LAVA BUCKET at X= -543, Y= 65, Z= 277
[2024-03-20 00:41:11] [world] The Player <TurtleDuck> has emptied LAVA BUCKET at X= -544, Y= 65, Z= 276
[2024-03-20 00:41:13] [world] The Player <TurtleDuck> has emptied LAVA BUCKET at X= -545, Y= 65, Z= 272
[2024-03-20 00:41:14] [world] The Player <TurtleDuck> has emptied LAVA BUCKET at X= -543, Y= 65, Z= 274
[2024-03-20 00:41:58] [world] The Player <TurtleDuck> has emptied LAVA BUCKET at X= -546, Y= 64, Z= 295
[2024-03-20 00:41:58] [world] The Player <TurtleDuck> has emptied LAVA BUCKET at X= -546, Y= 64, Z= 295
[2024-03-20 00:42:17] [world] The Player <TurtleDuck> has emptied LAVA BUCKET at X= -545, Y= 64, Z= 302
[2024-03-20 00:42:25] [world] The Player <TurtleDuck> has emptied LAVA BUCKET at X= -542, Y= 64, Z= 301
[2024-03-20 00:42:26] [world] The Player <TurtleDuck> has emptied LAVA BUCKET at X= -543, Y= 64, Z= 301
[2024-03-20 01:04:30] [world] The Player <astronomy> has emptied LAVA BUCKET at X= 1800, Y= 62, Z= 288
[2024-03-20 01:04:57] [world] The Player <astronomy> has emptied LAVA BUCKET at X= 1800, Y= 62, Z= 290
[2024-03-20 01:05:00] [world] The Player <astronomy> has emptied LAVA BUCKET at X= 1800, Y= 62, Z= 288
[2024-03-20 01:05:25] [world] The Player <astronomy> has emptied LAVA BUCKET at X= 1800, Y= 62, Z= 291
[2024-03-20 01:06:24] [world] The Player <astronomy> has emptied LAVA BUCKET at X= 1800, Y= 62, Z= 292
[2024-03-20 01:06:58] [world] The Player <astronomy> has emptied LAVA BUCKET at X= 1800, Y= 62, Z= 292
[2024-03-20 01:07:27] [world] The Player <NezukoChan> has emptied WATER BUCKET at X= 1800, Y= 62, Z= 291
[2024-03-20 01:07:59] [world] The Player <NezukoChan> has emptied WATER BUCKET at X= 1800, Y= 61, Z= 292
[2024-03-20 01:16:58] [world] The Player <NezukoChan> has emptied WATER BUCKET at X= -590, Y= 65, Z= 372
[2024-03-20 01:17:24] [world] The Player <NezukoChan> has emptied WATER BUCKET at X= -681, Y= 65, Z= 433
[2024-03-20 02:19:15] [world] The Player <astronomy> has emptied LAVA BUCKET at X= 1805, Y= 38, Z= 289
[2024-03-20 02:19:17] [world] The Player <astronomy> has emptied LAVA BUCKET at X= 1805, Y= 38, Z= 289
[2024-03-20 11:27:01] [world] The Player <sharky> has emptied LAVA BUCKET at X= -245, Y= 29, Z= -542
[2024-03-20 12:04:26] [world] The Player <Tester> has emptied WATER BUCKET at X= -2717, Y= 61, Z= 774
[2024-03-20 12:07:00] [world] The Player <Tester> has emptied LAVA BUCKET at X= -2717, Y= 68, Z= 769
[2024-03-20 12:07:02] [world] The Player <Tester> has emptied LAVA BUCKET at X= -2717, Y= 68, Z= 769
[2024-03-20 12:07:04] [world] The Player <Tester> has emptied LAVA BUCKET at X= -2716, Y= 68, Z= 768
[2024-03-20 12:07:07] [world] The Player <Tester> has emptied LAVA BUCKET at X= -2710, Y= 68, Z= 762
[2024-03-20 12:14:23] [world] The Player <Tester> has emptied LAVA BUCKET at X= -2810, Y= 24, Z= 620
[2024-03-20 12:14:26] [world] The Player <Tester> has emptied WATER BUCKET at X= -2810, Y= 24, Z= 620
[2024-03-20 12:15:02] [world] The Player <Tester> has emptied WATER BUCKET at X= -2829, Y= 11, Z= 628
[2024-03-20 12:17:17] [world] The Player <Tester> has emptied WATER BUCKET at X= -2822, Y= 12, Z= 619
[2024-03-20 12:17:19] [world] The Player <Tester> has emptied WATER BUCKET at X= -2822, Y= 11, Z= 621
[2024-03-20 12:17:20] [world] The Player <Tester> has emptied WATER BUCKET at X= -2822, Y= 11, Z= 621
[2024-03-20 12:17:22] [world] The Player <Tester> has emptied WATER BUCKET at X= -2822, Y= 11, Z= 621
[2024-03-20 12:17:23] [world] The Player <Tester> has emptied WATER BUCKET at X= -2821, Y= 11, Z= 620
[2024-03-20 12:17:30] [world] The Player <Tester> has emptied WATER BUCKET at X= -2820, Y= 11, Z= 619
[2024-03-20 12:17:51] [world] The Player <Tester> has emptied WATER BUCKET at X= -2809, Y= 12, Z= 608
[2024-03-20 12:17:52] [world] The Player <Tester> has emptied WATER BUCKET at X= -2809, Y= 12, Z= 608
[2024-03-20 12:17:53] [world] The Player <Tester> has emptied WATER BUCKET at X= -2809, Y= 12, Z= 608
[2024-03-20 12:21:03] [world] The Player <Tester> has emptied WATER BUCKET at X= -2807, Y= 10, Z= 624
[2024-03-20 12:21:26] [world] The Player <Tester> has emptied WATER BUCKET at X= -2807, Y= 10, Z= 624
[2024-03-20 12:21:29] [world] The Player <Tester> has emptied WATER BUCKET at X= -2807, Y= 11, Z= 624
[2024-03-20 12:21:30] [world] The Player <Tester> has emptied WATER BUCKET at X= -2807, Y= 11, Z= 623
[2024-03-20 12:21:32] [world] The Player <Tester> has emptied WATER BUCKET at X= -2807, Y= 11, Z= 624
[2024-03-20 12:21:34] [world] The Player <Tester> has emptied WATER BUCKET at X= -2807, Y= 11, Z= 624
[2024-03-20 12:22:34] [world] The Player <Tester> has emptied WATER BUCKET at X= -2788, Y= 11, Z= 628
[2024-03-20 12:22:37] [world] The Player <Tester> has emptied WATER BUCKET at X= -2789, Y= 11, Z= 629
[2024-03-20 12:22:58] [world] The Player <Tester> has emptied WATER BUCKET at X= -2792, Y= 11, Z= 634
[2024-03-20 12:23:01] [world] The Player <Tester> has emptied WATER BUCKET at X= -2796, Y= 11, Z= 635
[2024-03-20 12:23:25] [world] The Player <Tester> has emptied WATER BUCKET at X= -2806, Y= 11, Z= 636
[2024-03-20 12:23:29] [world] The Player <Tester> has emptied WATER BUCKET at X= -2812, Y= 11, Z= 635
[2024-03-20 12:30:03] [world] The Player <sharky> has emptied LAVA BUCKET at X= 47, Y= 75, Z= -693
[2024-03-20 12:30:05] [world] The Player <sharky> has emptied LAVA BUCKET at X= 47, Y= 75, Z= -693
[2024-03-20 12:30:08] [world] The Player <Tester> has emptied LAVA BUCKET at X= -2855, Y= 10, Z= 564
[2024-03-20 12:30:09] [world] The Player <Tester> has emptied LAVA BUCKET at X= -2855, Y= 10, Z= 564
[2024-03-20 12:39:35] [world_the_end] The Player <Tester> has emptied WATER BUCKET at X= -165, Y= 102, Z= 45
[2024-03-20 12:39:39] [world] The Player <NezukoChan> has emptied WATER BUCKET at X= -10183, Y= 63, Z= 4113
[2024-03-20 12:39:41] [world] The Player <NezukoChan> has emptied WATER BUCKET at X= -10185, Y= 63, Z= 4111
[2024-03-20 12:39:51] [world_the_end] The Player <Tester> has emptied WATER BUCKET at X= -161, Y= 101, Z= 30
[2024-03-20 12:39:55] [world_the_end] The Player <Tester> has emptied WATER BUCKET at X= -161, Y= 101, Z= 31
[2024-03-20 12:42:08] [world] The Player <sharky> has emptied LAVA BUCKET at X= -490, Y= 72, Z= -502
[2024-03-20 12:45:23] [world] The Player <sharky> has emptied WATER BUCKET at X= -503, Y= 80, Z= -439
[2024-03-20 12:45:25] [world] The Player <sharky> has emptied WATER BUCKET at X= -503, Y= 80, Z= -440
[2024-03-20 12:46:03] [world] The Player <sharky> has emptied WATER BUCKET at X= -500, Y= 79, Z= -431
[2024-03-20 12:46:05] [world] The Player <Tester> has emptied WATER BUCKET at X= -533, Y= 71, Z= 265
[2024-03-20 12:46:30] [world] The Player <sharky> has emptied LAVA BUCKET at X= -501, Y= 79, Z= -430
[2024-03-20 12:46:59] [world] The Player <sharky> has emptied WATER BUCKET at X= -502, Y= 79, Z= -431
[2024-03-20 12:51:43] [world] The Player <sharky> has emptied WATER BUCKET at X= -505, Y= 80, Z= -429
[2024-03-20 12:51:50] [world] The Player <sharky> has emptied WATER BUCKET at X= -495, Y= 79, Z= -425
[2024-03-20 12:55:17] [world] The Player <Tester> has emptied LAVA BUCKET at X= -10170, Y= 63, Z= 4117
[2024-03-20 13:44:18] [world] The Player <Tester> has emptied WATER BUCKET at X= -10418, Y= 72, Z= 3662
[2024-03-20 13:50:05] [world] The Player <Tester> has emptied WATER BUCKET at X= -10322, Y= 15, Z= 3654
[2024-03-20 13:50:58] [world] The Player <MrBlob2U> has emptied WATER BUCKET at X= -493, Y= 72, Z= -493
[2024-03-20 13:51:14] [world] The Player <MrBlob2U> has emptied WATER BUCKET at X= -491, Y= 73, Z= -496
[2024-03-20 13:51:18] [world] The Player <MrBlob2U> has emptied WATER BUCKET at X= -491, Y= 72, Z= -497
[2024-03-20 13:51:21] [world] The Player <MrBlob2U> has emptied WATER BUCKET at X= -491, Y= 73, Z= -497
[2024-03-20 13:51:23] [world] The Player <MrBlob2U> has emptied WATER BUCKET at X= -492, Y= 74, Z= -497
[2024-03-20 13:51:24] [world] The Player <MrBlob2U> has emptied WATER BUCKET at X= -492, Y= 73, Z= -497
[2024-03-20 13:51:24] [world] The Player <MrBlob2U> has emptied WATER BUCKET at X= -492, Y= 74, Z= -497
[2024-03-20 13:54:34] [world] The Player <Tester> has emptied LAVA BUCKET at X= -10298, Y= 16, Z= 3635
[2024-03-20 13:54:40] [world] The Player <Tester> has emptied LAVA BUCKET at X= -10296, Y= 17, Z= 3629
[2024-03-20 13:54:41] [world] The Player <Tester> has emptied LAVA BUCKET at X= -10297, Y= 18, Z= 3626
[2024-03-20 13:54:44] [world] The Player <Tester> has emptied LAVA BUCKET at X= -10302, Y= 19, Z= 3625
[2024-03-20 13:54:49] [world] The Player <Tester> has emptied LAVA BUCKET at X= -10304, Y= 19, Z= 3625
[2024-03-20 13:55:14] [world] The Player <Tester> has emptied LAVA BUCKET at X= -10309, Y= 21, Z= 3626
[2024-03-20 13:55:18] [world] The Player <Tester> has emptied WATER BUCKET at X= -10309, Y= 21, Z= 3625
[2024-03-20 13:55:30] [world] The Player <Tester> has emptied LAVA BUCKET at X= -10312, Y= 22, Z= 3628
[2024-03-20 14:01:08] [world] The Player <Tester> has emptied WATER BUCKET at X= -10299, Y= 11, Z= 3632
[2024-03-20 14:01:10] [world] The Player <Tester> has emptied WATER BUCKET at X= -10299, Y= 11, Z= 3631
[2024-03-20 14:01:12] [world] The Player <Tester> has emptied WATER BUCKET at X= -10298, Y= 11, Z= 3631
[2024-03-20 14:01:13] [world] The Player <Tester> has emptied WATER BUCKET at X= -10297, Y= 11, Z= 3632
[2024-03-20 14:01:17] [world] The Player <Tester> has emptied WATER BUCKET at X= -10294, Y= 11, Z= 3634
[2024-03-20 14:01:33] [world] The Player <qwerty> has emptied LAVA BUCKET at X= 9969, Y= 68, Z= 1120
[2024-03-20 14:02:43] [world] The Player <Tester> has emptied WATER BUCKET at X= -10328, Y= 18, Z= 3581
[2024-03-20 14:02:45] [world] The Player <Tester> has emptied WATER BUCKET at X= -10328, Y= 18, Z= 3581
[2024-03-20 14:02:47] [world] The Player <Tester> has emptied WATER BUCKET at X= -10331, Y= 18, Z= 3582
[2024-03-20 14:02:48] [world] The Player <Tester> has emptied WATER BUCKET at X= -10331, Y= 18, Z= 3582
[2024-03-20 14:03:35] [world] The Player <Tester> has emptied WATER BUCKET at X= -10349, Y= 11, Z= 3558
[2024-03-20 14:03:47] [world] The Player <Tester> has emptied WATER BUCKET at X= -10334, Y= 9, Z= 3561
[2024-03-20 14:03:50] [world] The Player <Tester> has emptied WATER BUCKET at X= -10334, Y= 11, Z= 3561
[2024-03-20 14:03:54] [world] The Player <Tester> has emptied WATER BUCKET at X= -10329, Y= 11, Z= 3561
[2024-03-20 14:04:39] [world] The Player <qwerty> has emptied LAVA BUCKET at X= 9985, Y= 70, Z= 1129
[2024-03-20 14:05:19] [world] The Player <Tester> has emptied WATER BUCKET at X= -10360, Y= 11, Z= 3565
[2024-03-20 14:05:21] [world] The Player <Tester> has emptied WATER BUCKET at X= -10359, Y= 11, Z= 3565
[2024-03-20 14:05:22] [world] The Player <Tester> has emptied WATER BUCKET at X= -10358, Y= 11, Z= 3565
[2024-03-20 14:05:24] [world] The Player <Tester> has emptied WATER BUCKET at X= -10358, Y= 11, Z= 3565
[2024-03-20 14:05:26] [world] The Player <Tester> has emptied WATER BUCKET at X= -10359, Y= 11, Z= 3566
[2024-03-20 14:05:27] [world] The Player <Tester> has emptied WATER BUCKET at X= -10359, Y= 11, Z= 3566
[2024-03-20 14:05:31] [world] The Player <Tester> has emptied WATER BUCKET at X= -10354, Y= 11, Z= 3569
[2024-03-20 14:05:37] [world] The Player <Tester> has emptied WATER BUCKET at X= -10348, Y= 11, Z= 3573
[2024-03-20 14:10:12] [world_nether] The Player <MrBlob2U> has emptied WATER BUCKET at X= -27, Y= 37, Z= -78
[2024-03-20 14:12:17] [world] The Player <Mudkips_Rule> has emptied WATER BUCKET at X= -1355, Y= 63, Z= -262
[2024-03-20 14:14:08] [world] The Player <Pog4lifepeople> has emptied WATER BUCKET at X= -501, Y= 48, Z= -470
[2024-03-20 14:14:49] [world] The Player <Rip_Dogwater> has emptied LAVA BUCKET at X= -468, Y= 67, Z= -617
[2024-03-20 14:15:09] [world] The Player <Pog4lifepeople> has emptied WATER BUCKET at X= -492, Y= 13, Z= -440
[2024-03-20 14:16:25] [world] The Player <Pog4lifepeople> has emptied LAVA BUCKET at X= -493, Y= 11, Z= -443
[2024-03-20 14:16:26] [world] The Player <Pog4lifepeople> has emptied LAVA BUCKET at X= -493, Y= 11, Z= -443
[2024-03-20 14:16:35] [world] The Player <Tester> has emptied WATER BUCKET at X= -453, Y= 3, Z= -618
[2024-03-20 14:16:53] [world] The Player <Pog4lifepeople> has emptied WATER BUCKET at X= -496, Y= 12, Z= -450
[2024-03-20 14:17:34] [world] The Player <qwerty> has emptied WATER BUCKET at X= -453, Y= 64, Z= -626
[2024-03-20 14:17:50] [world] The Player <qwerty> has emptied WATER BUCKET at X= -465, Y= 67, Z= -591
[2024-03-20 14:19:11] [world] The Player <Rip_Dogwater> has emptied WATER BUCKET at X= -453, Y= 3, Z= -618
[2024-03-20 14:19:27] [world] The Player <Rip_Dogwater> has emptied WATER BUCKET at X= -453, Y= 2, Z= -618
[2024-03-20 14:19:30] [world] The Player <Rip_Dogwater> has emptied WATER BUCKET at X= -453, Y= 4, Z= -618
[2024-03-20 14:19:41] [world] The Player <Rip_Dogwater> has emptied WATER BUCKET at X= -453, Y= 5, Z= -618
[2024-03-20 14:20:45] [world] The Player <qwerty> has emptied WATER BUCKET at X= -452, Y= 61, Z= -618
[2024-03-20 14:20:52] [world] The Player <Rip_Dogwater> has emptied WATER BUCKET at X= -453, Y= 48, Z= -618
[2024-03-20 14:21:04] [world] The Player <Rip_Dogwater> has emptied WATER BUCKET at X= -453, Y= 49, Z= -618
[2024-03-20 14:21:06] [world] The Player <Rip_Dogwater> has emptied WATER BUCKET at X= -453, Y= 49, Z= -618
[2024-03-20 14:21:07] [world] The Player <Rip_Dogwater> has emptied WATER BUCKET at X= -453, Y= 51, Z= -618
[2024-03-20 14:21:10] [world] The Player <Rip_Dogwater> has emptied WATER BUCKET at X= -453, Y= 50, Z= -618
[2024-03-20 14:21:17] [world] The Player <Rip_Dogwater> has emptied WATER BUCKET at X= -453, Y= 52, Z= -618
[2024-03-20 14:21:21] [world] The Player <Rip_Dogwater> has emptied WATER BUCKET at X= -453, Y= 52, Z= -618
[2024-03-20 14:21:23] [world] The Player <Rip_Dogwater> has emptied WATER BUCKET at X= -453, Y= 52, Z= -618
[2024-03-20 14:21:26] [world] The Player <Rip_Dogwater> has emptied WATER BUCKET at X= -453, Y= 52, Z= -618
[2024-03-20 14:21:27] [world] The Player <qwerty> has emptied WATER BUCKET at X= -453, Y= 53, Z= -618
[2024-03-20 14:21:29] [world] The Player <qwerty> has emptied WATER BUCKET at X= -453, Y= 54, Z= -618
[2024-03-20 14:21:33] [world] The Player <Rip_Dogwater> has emptied WATER BUCKET at X= -453, Y= 52, Z= -618
[2024-03-20 14:21:34] [world] The Player <qwerty> has emptied WATER BUCKET at X= -453, Y= 53, Z= -618
[2024-03-20 14:21:39] [world] The Player <Rip_Dogwater> has emptied WATER BUCKET at X= -453, Y= 53, Z= -618
[2024-03-20 14:21:40] [world] The Player <qwerty> has emptied WATER BUCKET at X= -453, Y= 52, Z= -618
[2024-03-20 14:21:40] [world] The Player <Rip_Dogwater> has emptied WATER BUCKET at X= -453, Y= 53, Z= -618
[2024-03-20 14:21:46] [world] The Player <Rip_Dogwater> has emptied WATER BUCKET at X= -453, Y= 57, Z= -618
[2024-03-20 14:21:48] [world] The Player <Rip_Dogwater> has emptied WATER BUCKET at X= -453, Y= 58, Z= -618
[2024-03-20 14:21:55] [world] The Player <Rip_Dogwater> has emptied WATER BUCKET at X= -453, Y= 58, Z= -618
[2024-03-20 14:22:00] [world] The Player <Rip_Dogwater> has emptied WATER BUCKET at X= -453, Y= 59, Z= -618
[2024-03-20 14:22:07] [world] The Player <qwerty> has emptied WATER BUCKET at X= -453, Y= 48, Z= -618
[2024-03-20 14:22:10] [world] The Player <qwerty> has emptied WATER BUCKET at X= -453, Y= 51, Z= -618
[2024-03-20 14:23:07] [world] The Player <qwerty> has emptied WATER BUCKET at X= -446, Y= 64, Z= -580
[2024-03-20 14:23:28] [world] The Player <sharky> has emptied WATER BUCKET at X= -279, Y= 67, Z= -657
[2024-03-20 14:23:47] [world] The Player <qwerty> has emptied WATER BUCKET at X= -485, Y= 72, Z= -497
[2024-03-20 14:26:12] [world] The Player <qwerty> has emptied WATER BUCKET at X= -675, Y= 51, Z= -599
[2024-03-20 14:28:03] [world] The Player <sharky> has emptied WATER BUCKET at X= -253, Y= 70, Z= -695
[2024-03-20 14:30:26] [world] The Player <WienerDogFace> has emptied WATER BUCKET at X= -449, Y= 12, Z= 1416
[2024-03-20 14:30:38] [world] The Player <character> has emptied LAVA BUCKET at X= -243, Y= 73, Z= -642
[2024-03-20 14:30:45] [world] The Player <WienerDogFace> has emptied WATER BUCKET at X= -449, Y= 11, Z= 1412
[2024-03-20 14:30:46] [world] The Player <character> has emptied LAVA BUCKET at X= -253, Y= 76, Z= -649
[2024-03-20 14:30:59] [world] The Player <WienerDogFace> has emptied WATER BUCKET at X= -449, Y= 10, Z= 1411
[2024-03-20 14:31:22] [world] The Player <WienerDogFace> has emptied WATER BUCKET at X= -449, Y= 10, Z= 1412
[2024-03-20 14:31:26] [world] The Player <character> has emptied LAVA BUCKET at X= -261, Y= 77, Z= -661
[2024-03-20 14:31:40] [world] The Player <WienerDogFace> has emptied WATER BUCKET at X= -444, Y= 12, Z= 1406
[2024-03-20 14:31:41] [world] The Player <WienerDogFace> has emptied WATER BUCKET at X= -444, Y= 13, Z= 1406
[2024-03-20 14:31:43] [world] The Player <WienerDogFace> has emptied WATER BUCKET at X= -444, Y= 12, Z= 1406
[2024-03-20 14:31:44] [world] The Player <WienerDogFace> has emptied WATER BUCKET at X= -444, Y= 12, Z= 1406
[2024-03-20 14:31:45] [world] The Player <WienerDogFace> has emptied WATER BUCKET at X= -444, Y= 13, Z= 1406
[2024-03-20 14:31:47] [world] The Player <WienerDogFace> has emptied WATER BUCKET at X= -444, Y= 12, Z= 1406
[2024-03-20 14:32:35] [world] The Player <qwerty> has emptied WATER BUCKET at X= -656, Y= 83, Z= -776
[2024-03-20 14:32:52] [world] The Player <qwerty> has emptied WATER BUCKET at X= -653, Y= 87, Z= -776
[2024-03-20 14:33:07] [world] The Player <qwerty> has emptied WATER BUCKET at X= -651, Y= 90, Z= -777
[2024-03-20 14:35:32] [world] The Player <Tester> has emptied WATER BUCKET at X= -10030, Y= 12, Z= 4081
[2024-03-20 14:39:44] [world] The Player <qwerty> has emptied WATER BUCKET at X= -657, Y= 88, Z= -775
[2024-03-20 14:39:54] [world] The Player <qwerty> has emptied WATER BUCKET at X= -656, Y= 87, Z= -775
[2024-03-20 14:43:26] [world_the_end] The Player <MrBlob2U> has emptied WATER BUCKET at X= -167, Y= 101, Z= 46
[2024-03-20 14:54:56] [world] The Player <qwerty> has emptied WATER BUCKET at X= -674, Y= 60, Z= -1349
[2024-03-20 14:55:28] [world] The Player <qwerty> has emptied WATER BUCKET at X= -674, Y= 60, Z= -1349
[2024-03-20 15:15:48] [world] The Player <qwerty> has emptied WATER BUCKET at X= -663, Y= 73, Z= -791
[2024-03-20 15:28:51] [world] The Player <qwerty> has emptied WATER BUCKET at X= -503, Y= 71, Z= 261
[2024-03-20 15:30:09] [world] The Player <MrBlob2U> has emptied WATER BUCKET at X= -614, Y= 47, Z= 205
[2024-03-20 15:31:43] [world] The Player <qwerty> has emptied WATER BUCKET at X= -499, Y= 76, Z= -479
[2024-03-20 15:31:56] [world] The Player <qwerty> has emptied WATER BUCKET at X= -499, Y= 76, Z= -479
[2024-03-20 15:32:09] [world] The Player <qwerty> has emptied WATER BUCKET at X= -492, Y= 77, Z= -481
[2024-03-20 15:33:43] [world] The Player <hexa> has emptied WATER BUCKET at X= -2269, Y= 28, Z= 1053
[2024-03-20 15:34:04] [world] The Player <hexa> has emptied WATER BUCKET at X= -2286, Y= 11, Z= 1059
[2024-03-20 15:34:08] [world] The Player <hexa> has emptied WATER BUCKET at X= -2288, Y= 11, Z= 1056
[2024-03-20 15:34:13] [world] The Player <hexa> has emptied WATER BUCKET at X= -2286, Y= 11, Z= 1049
[2024-03-20 15:34:20] [world] The Player <hexa> has emptied WATER BUCKET at X= -2284, Y= 11, Z= 1044
[2024-03-20 15:34:33] [world] The Player <hexa> has emptied WATER BUCKET at X= -2280, Y= 11, Z= 1043
[2024-03-20 15:34:51] [world] The Player <hexa> has emptied WATER BUCKET at X= -2276, Y= 11, Z= 1037
[2024-03-20 15:35:28] [world] The Player <hexa> has emptied WATER BUCKET at X= -2290, Y= 11, Z= 1063
[2024-03-20 15:35:32] [world] The Player <hexa> has emptied WATER BUCKET at X= -2292, Y= 11, Z= 1063
[2024-03-20 15:36:51] [world] The Player <hexa> has emptied WATER BUCKET at X= -2292, Y= 10, Z= 1061
[2024-03-20 15:36:59] [world] The Player <hexa> has emptied WATER BUCKET at X= -2297, Y= 11, Z= 1061
[2024-03-20 15:37:38] [world] The Player <hexa> has emptied WATER BUCKET at X= -2297, Y= 10, Z= 1062
[2024-03-20 15:39:59] [world] The Player <qwerty> has emptied LAVA BUCKET at X= -631, Y= 63, Z= -805
[2024-03-20 15:41:26] [world] The Player <hexa> has emptied WATER BUCKET at X= -2297, Y= 9, Z= 1061
[2024-03-20 15:41:43] [world] The Player <hexa> has emptied WATER BUCKET at X= -2297, Y= 9, Z= 1061
[2024-03-20 15:41:47] [world] The Player <hexa> has emptied WATER BUCKET at X= -2297, Y= 9, Z= 1061
[2024-03-20 15:42:03] [world] The Player <hexa> has emptied WATER BUCKET at X= -2288, Y= 12, Z= 1063
[2024-03-20 16:01:16] [world] The Player <hexa> has emptied WATER BUCKET at X= -2543, Y= 64, Z= 557
[2024-03-20 16:01:28] [world] The Player <hexa> has emptied LAVA BUCKET at X= -2541, Y= 64, Z= 557
[2024-03-20 16:01:43] [world] The Player <Pog4lifepeople> has emptied WATER BUCKET at X= -492, Y= 77, Z= -483
[2024-03-20 16:01:44] [world] The Player <Pog4lifepeople> has emptied WATER BUCKET at X= -492, Y= 77, Z= -483
[2024-03-20 16:03:33] [world] The Player <astronomy> has emptied LAVA BUCKET at X= 1804, Y= 38, Z= 290
[2024-03-20 16:03:35] [world] The Player <astronomy> has emptied LAVA BUCKET at X= 1804, Y= 38, Z= 290
[2024-03-20 16:04:18] [world_nether] The Player <Pog4lifepeople> has emptied WATER BUCKET at X= -69, Y= 72, Z= 22
[2024-03-20 16:05:20] [world] The Player <NezukoChan> has emptied WATER BUCKET at X= 1801, Y= 38, Z= 286
[2024-03-20 16:05:26] [world] The Player <NezukoChan> has emptied LAVA BUCKET at X= 1804, Y= 38, Z= 289
[2024-03-20 16:05:27] [world] The Player <NezukoChan> has emptied LAVA BUCKET at X= 1804, Y= 38, Z= 289
[2024-03-20 16:05:29] [world] The Player <astronomy> has emptied WATER BUCKET at X= 1804, Y= 38, Z= 290
[2024-03-20 16:05:37] [world] The Player <astronomy> has emptied WATER BUCKET at X= 1804, Y= 38, Z= 290
[2024-03-20 16:05:54] [world] The Player <NezukoChan> has emptied WATER BUCKET at X= 1805, Y= 38, Z= 289
[2024-03-20 16:06:06] [world] The Player <astronomy> has emptied WATER BUCKET at X= 1803, Y= 38, Z= 289
[2024-03-20 16:06:08] [world] The Player <astronomy> has emptied WATER BUCKET at X= 1803, Y= 38, Z= 289
[2024-03-20 16:46:10] [world] The Player <hexa> has emptied WATER BUCKET at X= -2529, Y= 68, Z= 583
[2024-03-20 16:46:16] [world] The Player <hexa> has emptied WATER BUCKET at X= -2528, Y= 68, Z= 581
[2024-03-20 16:46:20] [world] The Player <hexa> has emptied WATER BUCKET at X= -2529, Y= 68, Z= 581
[2024-03-20 16:46:38] [world] The Player <hexa> has emptied WATER BUCKET at X= -2528, Y= 63, Z= 574
[2024-03-20 16:46:39] [world] The Player <hexa> has emptied WATER BUCKET at X= -2528, Y= 63, Z= 574
