[2024-03-21 19:54:56] [world] The Player <Mudkips_Rule> has emptied WATER BUCKET at X= -1168, Y= 49, Z= -429
[2024-03-21 20:09:05] [world] The Player <Dave_TheCoolGuy> has emptied LAVA BUCKET at X= -693, Y= 71, Z= 303
[2024-03-21 20:22:25] [world] The Player <hi_> has emptied LAVA BUCKET at X= -1159, Y= 48, Z= -431
[2024-03-21 20:22:30] [world] The Player <hi_> has emptied LAVA BUCKET at X= -1158, Y= 48, Z= -432
[2024-03-21 20:22:31] [world] The Player <hi_> has emptied LAVA BUCKET at X= -1158, Y= 48, Z= -431
[2024-03-21 20:23:14] [world] The Player <Mudkips_Rule> has emptied LAVA BUCKET at X= -1160, Y= 48, Z= -434
[2024-03-21 20:26:07] [world] The Player <Mudkips_Rule> has emptied WATER BUCKET at X= -1169, Y= 49, Z= -441
[2024-03-21 21:41:19] [world] The Player <Tester> has emptied WATER BUCKET at X= -10190, Y= 62, Z= 4077
[2024-03-21 23:46:52] [world] The Player <NezukoChan> has emptied WATER BUCKET at X= 1842, Y= 11, Z= 187
[2024-03-21 23:48:33] [world] The Player <NezukoChan> has emptied WATER BUCKET at X= 1837, Y= 7, Z= 180
[2024-03-21 23:48:45] [world] The Player <NezukoChan> has emptied WATER BUCKET at X= 1837, Y= 8, Z= 180
[2024-03-21 23:51:32] [world] The Player <NezukoChan> has emptied WATER BUCKET at X= 1827, Y= 7, Z= 166
[2024-03-22 02:49:29] [world_the_end] The Player <Tester> has emptied WATER BUCKET at X= -167, Y= 102, Z= 46
[2024-03-22 02:49:34] [world_the_end] The Player <Tester> has emptied WATER BUCKET at X= -168, Y= 59, Z= 38
[2024-03-22 12:04:55] [world] The Player <NezukoChan> has emptied WATER BUCKET at X= -10180, Y= 64, Z= 4112
[2024-03-22 12:09:07] [world] The Player <NezukoChan> has emptied WATER BUCKET at X= -10181, Y= 60, Z= 4120
[2024-03-22 12:09:12] [world] The Player <NezukoChan> has emptied WATER BUCKET at X= -10181, Y= 60, Z= 4120
[2024-03-22 12:15:40] [world] The Player <NezukoChan> has emptied WATER BUCKET at X= -10183, Y= 60, Z= 4117
[2024-03-22 12:15:43] [world] The Player <NezukoChan> has emptied WATER BUCKET at X= -10183, Y= 60, Z= 4119
[2024-03-22 12:15:52] [world] The Player <NezukoChan> has emptied WATER BUCKET at X= -10183, Y= 60, Z= 4118
[2024-03-22 12:21:06] [world] The Player <Mudkips_Rule> has emptied LAVA BUCKET at X= -1169, Y= 49, Z= -441
[2024-03-22 12:26:30] [world] The Player <Tester> has emptied WATER BUCKET at X= 1000763, Y= 63, Z= 1000807
[2024-03-22 12:37:46] [world] The Player <hexa> has emptied WATER BUCKET at X= 1000060, Y= 22, Z= 999998
[2024-03-22 12:39:10] [world] The Player <Tester> has emptied WATER BUCKET at X= 1000060, Y= 4, Z= 999996
[2024-03-22 12:39:44] [world] The Player <Tester> has emptied WATER BUCKET at X= -10173, Y= 64, Z= 4119
[2024-03-22 12:45:09] [world] The Player <hexa> has emptied WATER BUCKET at X= 1000197, Y= 11, Z= 999996
[2024-03-22 12:45:13] [world] The Player <hexa> has emptied WATER BUCKET at X= 1000198, Y= 11, Z= 999994
[2024-03-22 12:45:17] [world] The Player <hexa> has emptied WATER BUCKET at X= 1000203, Y= 11, Z= 999993
[2024-03-22 12:45:39] [world] The Player <hexa> has emptied WATER BUCKET at X= 1000205, Y= 11, Z= 999995
[2024-03-22 12:46:04] [world] The Player <hexa> has emptied WATER BUCKET at X= 1000203, Y= 11, Z= 1000000
[2024-03-22 12:46:09] [world] The Player <hexa> has emptied WATER BUCKET at X= 1000206, Y= 11, Z= 999991
[2024-03-22 12:46:23] [world] The Player <hexa> has emptied WATER BUCKET at X= 1000208, Y= 11, Z= 1000006
[2024-03-22 12:46:32] [world] The Player <hexa> has emptied WATER BUCKET at X= 1000190, Y= 11, Z= 1000014
[2024-03-22 12:46:38] [world] The Player <hexa> has emptied WATER BUCKET at X= 1000190, Y= 11, Z= 1000014
[2024-03-22 12:46:43] [world] The Player <hexa> has emptied WATER BUCKET at X= 1000187, Y= 11, Z= 1000018
[2024-03-22 12:47:10] [world] The Player <hexa> has emptied WATER BUCKET at X= 1000178, Y= 11, Z= 1000027
[2024-03-22 12:47:51] [world] The Player <hexa> has emptied WATER BUCKET at X= 1000184, Y= 11, Z= 1000021
[2024-03-22 12:48:12] [world] The Player <hexa> has emptied WATER BUCKET at X= 1000153, Y= 17, Z= 1000038
[2024-03-22 12:48:19] [world] The Player <hexa> has emptied WATER BUCKET at X= 1000153, Y= 21, Z= 1000038
[2024-03-22 12:48:29] [world] The Player <hexa> has emptied WATER BUCKET at X= 1000160, Y= 16, Z= 1000033
[2024-03-22 12:48:37] [world] The Player <hexa> has emptied WATER BUCKET at X= 1000166, Y= 14, Z= 1000032
[2024-03-22 12:51:51] [world] The Player <hexa> has emptied WATER BUCKET at X= 1000220, Y= 11, Z= 1000062
[2024-03-22 12:52:02] [world] The Player <hexa> has emptied WATER BUCKET at X= 1000221, Y= 11, Z= 1000062
[2024-03-22 12:52:59] [world] The Player <NezukoChan> has emptied WATER BUCKET at X= -10175, Y= 64, Z= 4122
[2024-03-22 13:37:29] [world] The Player <Tester> has emptied WATER BUCKET at X= 50218, Y= 38, Z= 58339
[2024-03-22 13:40:07] [world] The Player <Tester> has emptied WATER BUCKET at X= 50269, Y= 36, Z= 58325
[2024-03-22 13:40:41] [world] The Player <Tester> has emptied WATER BUCKET at X= 50285, Y= 35, Z= 58344
[2024-03-22 13:50:38] [world] The Player <Tester> has emptied WATER BUCKET at X= -1537, Y= 50, Z= -118
[2024-03-22 14:06:35] [world] The Player <hexa> has emptied WATER BUCKET at X= -680, Y= 71, Z= 334
[2024-03-22 14:06:38] [world] The Player <hexa> has emptied WATER BUCKET at X= -680, Y= 71, Z= 331
[2024-03-22 14:06:52] [world] The Player <hexa> has emptied WATER BUCKET at X= -677, Y= 72, Z= 326
[2024-03-22 14:13:49] [world] The Player <hexa> has emptied WATER BUCKET at X= -602, Y= 68, Z= 345
[2024-03-22 14:14:30] [world] The Player <hexa> has emptied WATER BUCKET at X= -602, Y= 68, Z= 360
[2024-03-22 14:14:31] [world] The Player <hexa> has emptied WATER BUCKET at X= -602, Y= 68, Z= 361
[2024-03-22 14:15:13] [world] The Player <I_am_amazing> has emptied WATER BUCKET at X= -1352, Y= 5, Z= -361
[2024-03-22 14:17:04] [world] The Player <A_Random_Person> has emptied WATER BUCKET at X= -1540, Y= 50, Z= -117
[2024-03-22 14:17:06] [world] The Player <A_Random_Person> has emptied WATER BUCKET at X= -1540, Y= 50, Z= -117
[2024-03-22 14:19:34] [world] The Player <I_am_amazing> has emptied WATER BUCKET at X= 3000006, Y= 11, Z= 3000021
[2024-03-22 14:21:00] [world] The Player <I_am_amazing> has emptied WATER BUCKET at X= 3000007, Y= 11, Z= 3000027
[2024-03-22 14:21:27] [world] The Player <Mudkips_Rule> has emptied LAVA BUCKET at X= -1162, Y= 48, Z= -435
[2024-03-22 14:21:43] [world] The Player <I_am_amazing> has emptied WATER BUCKET at X= 3000003, Y= 17, Z= 3000031
[2024-03-22 14:21:57] [world] The Player <I_am_amazing> has emptied WATER BUCKET at X= 3000019, Y= 14, Z= 3000038
[2024-03-22 14:22:14] [world] The Player <Mudkips_Rule> has emptied LAVA BUCKET at X= -1163, Y= 48, Z= -435
[2024-03-22 14:22:43] [world] The Player <Pog4lifepeople> has emptied WATER BUCKET at X= 3000011, Y= 12, Z= 3000043
[2024-03-22 14:22:55] [world] The Player <Mudkips_Rule> has emptied LAVA BUCKET at X= -1163, Y= 48, Z= -435
[2024-03-22 14:22:58] [world] The Player <Pog4lifepeople> has emptied WATER BUCKET at X= 3000008, Y= 11, Z= 3000042
[2024-03-22 14:24:07] [world] The Player <I_am_amazing> has emptied WATER BUCKET at X= 3000019, Y= 14, Z= 3000038
[2024-03-22 14:24:10] [world] The Player <I_am_amazing> has emptied WATER BUCKET at X= 3000018, Y= 14, Z= 3000038
[2024-03-22 14:24:32] [world] The Player <Mudkips_Rule> has emptied LAVA BUCKET at X= -1159, Y= 48, Z= -435
[2024-03-22 14:25:59] [world] The Player <Pog4lifepeople> has emptied WATER BUCKET at X= 2999957, Y= 13, Z= 2999973
[2024-03-22 14:26:32] [world] The Player <Mudkips_Rule> has emptied WATER BUCKET at X= -1168, Y= 48, Z= -429
[2024-03-22 14:27:25] [world] The Player <Tester> has emptied WATER BUCKET at X= -1183, Y= 11, Z= -419
[2024-03-22 14:27:36] [world] The Player <I_am_amazing> has emptied WATER BUCKET at X= 2999956, Y= 11, Z= 2999974
[2024-03-22 14:27:50] [world] The Player <Pog4lifepeople> has emptied WATER BUCKET at X= 2999955, Y= 11, Z= 2999973
[2024-03-22 14:28:00] [world] The Player <I_am_amazing> has emptied WATER BUCKET at X= 2999956, Y= 10, Z= 2999974
[2024-03-22 14:28:07] [world] The Player <I_am_amazing> has emptied WATER BUCKET at X= 2999956, Y= 10, Z= 2999974
[2024-03-22 14:28:10] [world] The Player <I_am_amazing> has emptied WATER BUCKET at X= 2999956, Y= 10, Z= 2999974
[2024-03-22 14:28:15] [world] The Player <I_am_amazing> has emptied WATER BUCKET at X= 2999956, Y= 10, Z= 2999974
[2024-03-22 14:28:33] [world] The Player <Pog4lifepeople> has emptied WATER BUCKET at X= 2999957, Y= 13, Z= 2999973
[2024-03-22 14:28:34] [world] The Player <I_am_amazing> has emptied WATER BUCKET at X= 2999956, Y= 10, Z= 2999975
[2024-03-22 14:28:43] [world] The Player <I_am_amazing> has emptied WATER BUCKET at X= 2999955, Y= 10, Z= 2999974
[2024-03-22 14:28:43] [world_nether] The Player <hexa> has emptied WATER BUCKET at X= -136, Y= 68, Z= -90
[2024-03-22 14:28:56] [world] The Player <I_am_amazing> has emptied WATER BUCKET at X= 2999956, Y= 8, Z= 2999973
[2024-03-22 14:29:01] [world] The Player <I_am_amazing> has emptied WATER BUCKET at X= 2999956, Y= 10, Z= 2999975
[2024-03-22 14:29:05] [world] The Player <I_am_amazing> has emptied WATER BUCKET at X= 2999957, Y= 10, Z= 2999975
[2024-03-22 14:29:13] [world] The Player <I_am_amazing> has emptied WATER BUCKET at X= 2999957, Y= 11, Z= 2999975
[2024-03-22 14:30:58] [world] The Player <A_Random_Person> has emptied WATER BUCKET at X= -1562, Y= 71, Z= -117
[2024-03-22 14:30:59] [world] The Player <A_Random_Person> has emptied WATER BUCKET at X= -1562, Y= 69, Z= -117
[2024-03-22 14:32:25] [world] The Player <I_am_amazing> has emptied WATER BUCKET at X= 2999995, Y= 15, Z= 2999980
[2024-03-22 14:33:19] [world] The Player <I_am_amazing> has emptied WATER BUCKET at X= 3000022, Y= 16, Z= 2999974
[2024-03-22 14:35:28] [world] The Player <I_am_amazing> has emptied WATER BUCKET at X= -2999989, Y= 9, Z= -2999995
[2024-03-22 14:35:32] [world] The Player <Pog4lifepeople> has emptied WATER BUCKET at X= -2999990, Y= 9, Z= -2999996
[2024-03-22 14:35:43] [world] The Player <Pog4lifepeople> has emptied WATER BUCKET at X= -2999990, Y= 11, Z= -2999994
[2024-03-22 14:37:15] [world] The Player <Pog4lifepeople> has emptied WATER BUCKET at X= -2999942, Y= 16, Z= -3000019
[2024-03-22 14:38:40] [world] The Player <Pog4lifepeople> has emptied WATER BUCKET at X= -2999964, Y= 18, Z= -2999988
[2024-03-22 14:38:55] [world] The Player <A_Random_Person> has emptied WATER BUCKET at X= -1556, Y= 76, Z= -120
[2024-03-22 14:41:01] [world] The Player <Pog4lifepeople> has emptied WATER BUCKET at X= 999998, Y= 12, Z= 1000001
[2024-03-22 14:41:13] [world] The Player <A_Random_Person> has emptied WATER BUCKET at X= -1554, Y= 69, Z= -109
[2024-03-22 14:41:15] [world] The Player <I_am_amazing> has emptied WATER BUCKET at X= 999998, Y= 6, Z= 999998
[2024-03-22 14:41:25] [world] The Player <A_Random_Person> has emptied WATER BUCKET at X= -1537, Y= 69, Z= -110
[2024-03-22 14:43:58] [world] The Player <A_Random_Person> has emptied WATER BUCKET at X= -1556, Y= 76, Z= -121
[2024-03-22 14:43:58] [world] The Player <A_Random_Person> has emptied WATER BUCKET at X= -1556, Y= 76, Z= -121
[2024-03-22 14:44:00] [world] The Player <A_Random_Person> has emptied WATER BUCKET at X= -1556, Y= 76, Z= -121
[2024-03-22 14:44:07] [world] The Player <I_am_amazing> has emptied WATER BUCKET at X= 499999, Y= 10, Z= 500000
[2024-03-22 14:44:23] [world] The Player <I_am_amazing> has emptied WATER BUCKET at X= 499999, Y= 11, Z= 500004
[2024-03-22 14:44:28] [world] The Player <I_am_amazing> has emptied WATER BUCKET at X= 499999, Y= 11, Z= 500009
[2024-03-22 14:44:32] [world] The Player <I_am_amazing> has emptied WATER BUCKET at X= 499997, Y= 11, Z= 500015
[2024-03-22 15:26:34] [world_the_end] The Player <hexa> has emptied WATER BUCKET at X= -57, Y= 44, Z= 14
[2024-03-22 15:27:59] [world_the_end] The Player <hexa> has emptied WATER BUCKET at X= -46, Y= 38, Z= -5
[2024-03-22 15:33:35] [world] The Player <A_Random_Person> has emptied WATER BUCKET at X= -1556, Y= 76, Z= -125
[2024-03-22 15:33:36] [world] The Player <A_Random_Person> has emptied WATER BUCKET at X= -1557, Y= 76, Z= -124
[2024-03-22 15:36:19] [world] The Player <A_Random_Person> has emptied WATER BUCKET at X= -1552, Y= 76, Z= -120
[2024-03-22 15:36:20] [world] The Player <A_Random_Person> has emptied WATER BUCKET at X= -1552, Y= 76, Z= -119
[2024-03-22 15:36:59] [world] The Player <A_Random_Person> has emptied WATER BUCKET at X= -1560, Y= 78, Z= -122
[2024-03-22 15:37:00] [world] The Player <A_Random_Person> has emptied WATER BUCKET at X= -1560, Y= 78, Z= -122
[2024-03-22 15:37:07] [world] The Player <A_Random_Person> has emptied WATER BUCKET at X= -1559, Y= 78, Z= -126
[2024-03-22 15:37:15] [world] The Player <A_Random_Person> has emptied WATER BUCKET at X= -1558, Y= 77, Z= -127
[2024-03-22 15:37:18] [world] The Player <A_Random_Person> has emptied WATER BUCKET at X= -1561, Y= 76, Z= -120
[2024-03-22 15:37:29] [world] The Player <A_Random_Person> has emptied WATER BUCKET at X= -1563, Y= 77, Z= -121
[2024-03-22 15:37:34] [world] The Player <A_Random_Person> has emptied WATER BUCKET at X= -1557, Y= 76, Z= -114
[2024-03-22 15:37:55] [world] The Player <A_Random_Person> has emptied WATER BUCKET at X= -1558, Y= 78, Z= -124
[2024-03-22 15:37:56] [world] The Player <A_Random_Person> has emptied WATER BUCKET at X= -1558, Y= 78, Z= -124
[2024-03-22 15:38:03] [world] The Player <A_Random_Person> has emptied WATER BUCKET at X= -1558, Y= 78, Z= -126
[2024-03-22 15:38:03] [world] The Player <A_Random_Person> has emptied WATER BUCKET at X= -1558, Y= 78, Z= -126
[2024-03-22 15:38:16] [world] The Player <A_Random_Person> has emptied WATER BUCKET at X= -1559, Y= 77, Z= -125
[2024-03-22 15:38:16] [world] The Player <A_Random_Person> has emptied WATER BUCKET at X= -1559, Y= 77, Z= -125
[2024-03-22 15:38:23] [world] The Player <A_Random_Person> has emptied WATER BUCKET at X= -1558, Y= 78, Z= -125
[2024-03-22 15:38:28] [world] The Player <A_Random_Person> has emptied WATER BUCKET at X= -1557, Y= 76, Z= -112
[2024-03-22 15:43:08] [world] The Player <A_Random_Person> has emptied WATER BUCKET at X= -1564, Y= 76, Z= -119
[2024-03-22 15:47:02] [world] The Player <Pog4lifepeople> has emptied WATER BUCKET at X= 999998, Y= 3, Z= 999998
[2024-03-22 15:47:22] [world] The Player <Pog4lifepeople> has emptied WATER BUCKET at X= 999998, Y= 7, Z= 1000000
[2024-03-22 15:47:24] [world] The Player <Pog4lifepeople> has emptied WATER BUCKET at X= 999998, Y= 7, Z= 1000000
[2024-03-22 15:47:30] [world] The Player <Pog4lifepeople> has emptied WATER BUCKET at X= 999998, Y= 7, Z= 1000000
[2024-03-22 15:48:25] [world] The Player <Pog4lifepeople> has emptied WATER BUCKET at X= 1000001, Y= 11, Z= 999999
[2024-03-22 15:50:03] [world] The Player <A_Random_Person> has emptied WATER BUCKET at X= -1545, Y= 71, Z= -116
[2024-03-22 15:50:03] [world] The Player <A_Random_Person> has emptied WATER BUCKET at X= -1545, Y= 70, Z= -117
[2024-03-22 15:50:05] [world] The Player <Pog4lifepeople> has emptied WATER BUCKET at X= 1000001, Y= 16, Z= 999998
[2024-03-22 15:50:15] [world] The Player <hexa> has emptied WATER BUCKET at X= 1000062, Y= 48, Z= 1000012
[2024-03-22 15:50:16] [world] The Player <hexa> has emptied WATER BUCKET at X= 1000062, Y= 47, Z= 1000012
[2024-03-22 15:50:16] [world] The Player <hexa> has emptied WATER BUCKET at X= 1000062, Y= 47, Z= 1000012
[2024-03-22 15:50:17] [world] The Player <hexa> has emptied WATER BUCKET at X= 1000062, Y= 47, Z= 1000012
[2024-03-22 15:50:17] [world] The Player <hexa> has emptied WATER BUCKET at X= 1000062, Y= 47, Z= 1000012
[2024-03-22 15:50:17] [world] The Player <hexa> has emptied WATER BUCKET at X= 1000062, Y= 47, Z= 1000012
[2024-03-22 15:50:18] [world] The Player <hexa> has emptied WATER BUCKET at X= 1000062, Y= 47, Z= 1000012
[2024-03-22 15:50:18] [world] The Player <hexa> has emptied WATER BUCKET at X= 1000062, Y= 47, Z= 1000012
[2024-03-22 15:50:19] [world] The Player <hexa> has emptied WATER BUCKET at X= 1000062, Y= 47, Z= 1000012
[2024-03-22 15:50:19] [world] The Player <hexa> has emptied WATER BUCKET at X= 1000062, Y= 47, Z= 1000012
[2024-03-22 15:50:20] [world] The Player <hexa> has emptied WATER BUCKET at X= 1000062, Y= 47, Z= 1000012
[2024-03-22 15:50:20] [world] The Player <hexa> has emptied WATER BUCKET at X= 1000062, Y= 47, Z= 1000012
[2024-03-22 15:50:21] [world] The Player <hexa> has emptied WATER BUCKET at X= 1000062, Y= 47, Z= 1000012
[2024-03-22 15:50:21] [world] The Player <hexa> has emptied WATER BUCKET at X= 1000062, Y= 47, Z= 1000012
[2024-03-22 15:50:22] [world] The Player <hexa> has emptied WATER BUCKET at X= 1000062, Y= 47, Z= 1000012
[2024-03-22 15:50:22] [world] The Player <hexa> has emptied WATER BUCKET at X= 1000062, Y= 47, Z= 1000012
[2024-03-22 15:50:23] [world] The Player <hexa> has emptied WATER BUCKET at X= 1000062, Y= 47, Z= 1000012
[2024-03-22 15:50:23] [world] The Player <hexa> has emptied WATER BUCKET at X= 1000062, Y= 47, Z= 1000012
[2024-03-22 15:50:24] [world] The Player <hexa> has emptied WATER BUCKET at X= 1000062, Y= 47, Z= 1000012
[2024-03-22 15:50:24] [world] The Player <hexa> has emptied WATER BUCKET at X= 1000062, Y= 47, Z= 1000012
[2024-03-22 15:50:24] [world] The Player <hexa> has emptied WATER BUCKET at X= 1000062, Y= 47, Z= 1000012
[2024-03-22 15:50:25] [world] The Player <hexa> has emptied WATER BUCKET at X= 1000062, Y= 47, Z= 1000012
[2024-03-22 15:50:26] [world] The Player <hexa> has emptied WATER BUCKET at X= 1000062, Y= 47, Z= 1000012
[2024-03-22 15:50:26] [world] The Player <hexa> has emptied WATER BUCKET at X= 1000062, Y= 47, Z= 1000012
[2024-03-22 15:50:26] [world] The Player <hexa> has emptied WATER BUCKET at X= 1000062, Y= 47, Z= 1000012
[2024-03-22 15:50:27] [world] The Player <hexa> has emptied WATER BUCKET at X= 1000062, Y= 47, Z= 1000012
[2024-03-22 15:51:27] [world] The Player <Pog4lifepeople> has emptied WATER BUCKET at X= 1000001, Y= 62, Z= 999998
[2024-03-22 15:51:42] [world] The Player <Pog4lifepeople> has emptied WATER BUCKET at X= 1000001, Y= 69, Z= 1000004
[2024-03-22 15:53:39] [world] The Player <Pog4lifepeople> has emptied WATER BUCKET at X= 1000004, Y= 73, Z= 1000082
[2024-03-22 15:55:12] [world] The Player <Pog4lifepeople> has emptied LAVA BUCKET at X= 1000245, Y= 62, Z= 1000204
[2024-03-22 15:57:09] [world] The Player <hexa> has emptied WATER BUCKET at X= 1000062, Y= 20, Z= 1000000
[2024-03-22 15:57:42] [world] The Player <hexa> has emptied WATER BUCKET at X= 1000062, Y= 11, Z= 999991
[2024-03-22 15:57:44] [world] The Player <hexa> has emptied WATER BUCKET at X= 1000062, Y= 11, Z= 999991
[2024-03-22 16:07:35] [world] The Player <A_Random_Person> has emptied WATER BUCKET at X= -1559, Y= 78, Z= -122
[2024-03-22 16:07:37] [world] The Player <A_Random_Person> has emptied WATER BUCKET at X= -1559, Y= 78, Z= -122
[2024-03-22 16:07:42] [world] The Player <A_Random_Person> has emptied WATER BUCKET at X= -1559, Y= 78, Z= -122
[2024-03-22 16:07:44] [world] The Player <A_Random_Person> has emptied WATER BUCKET at X= -1559, Y= 78, Z= -122
[2024-03-22 16:07:46] [world] The Player <A_Random_Person> has emptied WATER BUCKET at X= -1559, Y= 78, Z= -122
[2024-03-22 16:10:07] [world_nether] The Player <NezukoChan> has emptied WATER BUCKET at X= -70, Y= 76, Z= 20
[2024-03-22 16:10:42] [world] The Player <Pog4lifepeople> has emptied LAVA BUCKET at X= -551, Y= 65, Z= 308
[2024-03-22 16:10:44] [world] The Player <Pog4lifepeople> has emptied LAVA BUCKET at X= -551, Y= 65, Z= 308
[2024-03-22 16:23:51] [world] The Player <A_Random_Person> has emptied WATER BUCKET at X= -1536, Y= 49, Z= -119
[2024-03-22 16:25:03] [world] The Player <I_am_amazing> has emptied WATER BUCKET at X= 40000, Y= 7, Z= 40000
[2024-03-22 16:25:38] [world] The Player <I_am_amazing> has emptied WATER BUCKET at X= 40000, Y= 7, Z= 40001
[2024-03-22 16:25:41] [world] The Player <I_am_amazing> has emptied WATER BUCKET at X= 40000, Y= 7, Z= 40001
[2024-03-22 16:25:58] [world] The Player <I_am_amazing> has emptied WATER BUCKET at X= 40004, Y= 9, Z= 39998
[2024-03-22 16:27:39] [world] The Player <Pog4lifepeople> has emptied LAVA BUCKET at X= 1000563, Y= 66, Z= 1000292
[2024-03-22 16:31:40] [world] The Player <I_am_amazing> has emptied WATER BUCKET at X= -1159, Y= 48, Z= -429
[2024-03-22 16:35:54] [world] The Player <I_am_amazing> has emptied WATER BUCKET at X= 1000058, Y= 14, Z= 999986
[2024-03-22 16:36:00] [world] The Player <I_am_amazing> has emptied WATER BUCKET at X= 1000058, Y= 14, Z= 999986
[2024-03-22 16:36:07] [world] The Player <I_am_amazing> has emptied WATER BUCKET at X= 1000059, Y= 14, Z= 999989
[2024-03-22 16:42:17] [world] The Player <hexa> has emptied WATER BUCKET at X= 1000119, Y= 64, Z= 1000001
[2024-03-22 16:43:01] [world] The Player <SPADE> has emptied WATER BUCKET at X= -646, Y= 50, Z= -777
[2024-03-22 16:43:04] [world] The Player <SPADE> has emptied WATER BUCKET at X= -646, Y= 50, Z= -779
[2024-03-22 17:11:59] [world] The Player <stealthassasin32> has emptied WATER BUCKET at X= -575, Y= 66, Z= 229
[2024-03-22 17:12:31] [world] The Player <Rip_WillOfTheD> has emptied WATER BUCKET at X= -586, Y= 68, Z= 191
[2024-03-22 17:12:33] [world] The Player <Rip_WillOfTheD> has emptied WATER BUCKET at X= -586, Y= 68, Z= 191
[2024-03-22 17:12:33] [world] The Player <Rip_WillOfTheD> has emptied WATER BUCKET at X= -586, Y= 68, Z= 191
[2024-03-22 17:12:34] [world] The Player <Rip_WillOfTheD> has emptied WATER BUCKET at X= -586, Y= 68, Z= 191
[2024-03-22 17:12:34] [world] The Player <Rip_WillOfTheD> has emptied WATER BUCKET at X= -586, Y= 68, Z= 191
[2024-03-22 17:12:35] [world] The Player <Rip_WillOfTheD> has emptied WATER BUCKET at X= -586, Y= 68, Z= 191
[2024-03-22 17:12:35] [world] The Player <Rip_WillOfTheD> has emptied WATER BUCKET at X= -586, Y= 68, Z= 191
[2024-03-22 17:12:35] [world] The Player <Rip_WillOfTheD> has emptied WATER BUCKET at X= -586, Y= 68, Z= 191
[2024-03-22 17:12:35] [world] The Player <Rip_WillOfTheD> has emptied WATER BUCKET at X= -586, Y= 68, Z= 191
[2024-03-22 17:12:36] [world] The Player <Rip_WillOfTheD> has emptied WATER BUCKET at X= -586, Y= 68, Z= 191
[2024-03-22 17:12:36] [world] The Player <Rip_WillOfTheD> has emptied WATER BUCKET at X= -586, Y= 68, Z= 191
[2024-03-22 17:12:36] [world] The Player <Rip_WillOfTheD> has emptied WATER BUCKET at X= -586, Y= 68, Z= 191
[2024-03-22 17:12:37] [world] The Player <Rip_WillOfTheD> has emptied WATER BUCKET at X= -586, Y= 68, Z= 191
[2024-03-22 17:12:37] [world] The Player <Rip_WillOfTheD> has emptied WATER BUCKET at X= -586, Y= 68, Z= 191
[2024-03-22 17:12:38] [world] The Player <Rip_WillOfTheD> has emptied WATER BUCKET at X= -586, Y= 68, Z= 191
[2024-03-22 17:12:39] [world] The Player <Rip_WillOfTheD> has emptied WATER BUCKET at X= -586, Y= 68, Z= 191
[2024-03-22 17:12:39] [world] The Player <Rip_WillOfTheD> has emptied WATER BUCKET at X= -586, Y= 68, Z= 191
[2024-03-22 17:12:40] [world] The Player <Rip_WillOfTheD> has emptied WATER BUCKET at X= -586, Y= 68, Z= 191
[2024-03-22 17:12:40] [world] The Player <Rip_WillOfTheD> has emptied WATER BUCKET at X= -586, Y= 68, Z= 191
[2024-03-22 17:12:40] [world] The Player <Rip_WillOfTheD> has emptied WATER BUCKET at X= -586, Y= 68, Z= 191
[2024-03-22 17:12:41] [world] The Player <Rip_WillOfTheD> has emptied WATER BUCKET at X= -586, Y= 68, Z= 191
[2024-03-22 17:12:41] [world] The Player <Rip_WillOfTheD> has emptied WATER BUCKET at X= -586, Y= 68, Z= 191
[2024-03-22 17:12:42] [world] The Player <Rip_WillOfTheD> has emptied WATER BUCKET at X= -586, Y= 68, Z= 191
[2024-03-22 17:12:42] [world] The Player <Rip_WillOfTheD> has emptied WATER BUCKET at X= -586, Y= 68, Z= 191
[2024-03-22 17:12:43] [world] The Player <Rip_WillOfTheD> has emptied WATER BUCKET at X= -586, Y= 68, Z= 191
[2024-03-22 17:12:43] [world] The Player <Rip_WillOfTheD> has emptied WATER BUCKET at X= -586, Y= 68, Z= 191
[2024-03-22 17:12:43] [world] The Player <Rip_WillOfTheD> has emptied WATER BUCKET at X= -586, Y= 68, Z= 191
[2024-03-22 17:12:44] [world] The Player <Rip_WillOfTheD> has emptied WATER BUCKET at X= -586, Y= 68, Z= 191
[2024-03-22 17:12:44] [world] The Player <Rip_WillOfTheD> has emptied WATER BUCKET at X= -586, Y= 68, Z= 191
[2024-03-22 17:12:44] [world] The Player <Rip_WillOfTheD> has emptied WATER BUCKET at X= -586, Y= 68, Z= 191
[2024-03-22 17:12:45] [world] The Player <Rip_WillOfTheD> has emptied WATER BUCKET at X= -586, Y= 68, Z= 191
[2024-03-22 17:12:45] [world] The Player <Rip_WillOfTheD> has emptied WATER BUCKET at X= -586, Y= 68, Z= 191
[2024-03-22 17:12:46] [world] The Player <Rip_WillOfTheD> has emptied WATER BUCKET at X= -586, Y= 68, Z= 191
[2024-03-22 17:12:46] [world] The Player <Rip_WillOfTheD> has emptied WATER BUCKET at X= -586, Y= 68, Z= 191
[2024-03-22 17:12:47] [world] The Player <Rip_WillOfTheD> has emptied WATER BUCKET at X= -586, Y= 68, Z= 191
[2024-03-22 17:18:38] [world] The Player <stealthassasin32> has emptied WATER BUCKET at X= 1000577, Y= 67, Z= 1000288
[2024-03-22 17:29:40] [world_nether] The Player <stealthassasin32> has emptied WATER BUCKET at X= -130, Y= 77, Z= 19
[2024-03-22 17:33:35] [world] The Player <stealthassasin32> has emptied WATER BUCKET at X= -646, Y= 50, Z= -777
[2024-03-22 17:33:38] [world] The Player <stealthassasin32> has emptied WATER BUCKET at X= -646, Y= 50, Z= -777
[2024-03-22 17:33:40] [world] The Player <stealthassasin32> has emptied WATER BUCKET at X= -646, Y= 51, Z= -777
[2024-03-22 17:33:41] [world] The Player <stealthassasin32> has emptied WATER BUCKET at X= -646, Y= 52, Z= -777
[2024-03-22 17:33:43] [world] The Player <stealthassasin32> has emptied WATER BUCKET at X= -646, Y= 53, Z= -777
[2024-03-22 17:33:49] [world] The Player <stealthassasin32> has emptied WATER BUCKET at X= -646, Y= 53, Z= -777
[2024-03-22 17:33:50] [world] The Player <stealthassasin32> has emptied WATER BUCKET at X= -646, Y= 54, Z= -777
[2024-03-22 17:33:51] [world] The Player <stealthassasin32> has emptied WATER BUCKET at X= -646, Y= 55, Z= -777
[2024-03-22 17:33:53] [world] The Player <stealthassasin32> has emptied WATER BUCKET at X= -646, Y= 57, Z= -777
[2024-03-22 17:33:55] [world] The Player <stealthassasin32> has emptied WATER BUCKET at X= -646, Y= 58, Z= -777
[2024-03-22 17:37:21] [world] The Player <stealthassasin32> has emptied WATER BUCKET at X= -662, Y= 75, Z= -779
[2024-03-22 17:37:22] [world] The Player <stealthassasin32> has emptied WATER BUCKET at X= -662, Y= 74, Z= -779
[2024-03-22 17:37:24] [world] The Player <stealthassasin32> has emptied WATER BUCKET at X= -662, Y= 74, Z= -779
[2024-03-22 17:37:39] [world] The Player <stealthassasin32> has emptied WATER BUCKET at X= -662, Y= 75, Z= -779
[2024-03-22 17:37:40] [world] The Player <stealthassasin32> has emptied WATER BUCKET at X= -662, Y= 75, Z= -779
[2024-03-22 17:37:46] [world] The Player <stealthassasin32> has emptied WATER BUCKET at X= -662, Y= 75, Z= -779
[2024-03-22 17:39:04] [world] The Player <I_am_amazing> has emptied WATER BUCKET at X= -601, Y= 65, Z= 375
[2024-03-22 17:39:12] [world] The Player <I_am_amazing> has emptied WATER BUCKET at X= -610, Y= 67, Z= 374
[2024-03-22 17:40:11] [world] The Player <SPADE> has emptied WATER BUCKET at X= -646, Y= 50, Z= -779
[2024-03-22 17:40:48] [world] The Player <I_am_amazing> has emptied WATER BUCKET at X= -716, Y= 71, Z= 340
[2024-03-22 17:41:15] [world] The Player <I_am_amazing> has emptied WATER BUCKET at X= -761, Y= 70, Z= 286
[2024-03-22 17:41:20] [world] The Player <I_am_amazing> has emptied WATER BUCKET at X= -762, Y= 70, Z= 286
[2024-03-22 17:45:32] [world] The Player <Pog4lifepeople> has emptied LAVA BUCKET at X= 1000548, Y= 64, Z= 1000294
[2024-03-22 17:45:48] [world] The Player <Pog4lifepeople> has emptied LAVA BUCKET at X= 1000553, Y= 64, Z= 1000282
[2024-03-22 17:57:21] [world] The Player <I_am_amazing> has emptied WATER BUCKET at X= -47, Y= 8, Z= -86
[2024-03-22 17:57:23] [world] The Player <I_am_amazing> has emptied WATER BUCKET at X= -47, Y= 8, Z= -86
[2024-03-22 18:03:20] [world] The Player <I_am_amazing> has emptied WATER BUCKET at X= -40, Y= 7, Z= -82
[2024-03-22 18:04:34] [world] The Player <I_am_amazing> has emptied WATER BUCKET at X= -50, Y= 7, Z= 400000
[2024-03-22 18:04:36] [world] The Player <I_am_amazing> has emptied WATER BUCKET at X= -50, Y= 6, Z= 399999
[2024-03-22 18:04:37] [world] The Player <I_am_amazing> has emptied LAVA BUCKET at X= -49, Y= 6, Z= 400000
[2024-03-22 18:04:42] [world] The Player <I_am_amazing> has emptied LAVA BUCKET at X= -49, Y= 6, Z= 400000
[2024-03-22 18:09:28] [world] The Player <I_am_amazing> has emptied LAVA BUCKET at X= -600006, Y= 18, Z= 4032
[2024-03-22 18:12:02] [world] The Player <I_am_amazing> has emptied WATER BUCKET at X= -600021, Y= 10, Z= 4037
[2024-03-22 18:12:08] [world] The Player <I_am_amazing> has emptied WATER BUCKET at X= -600022, Y= 11, Z= 4036
[2024-03-22 19:27:29] [world] The Player <digbick> has emptied WATER BUCKET at X= -701, Y= 93, Z= 305
[2024-03-22 20:25:02] [world] The Player <digbick> has emptied WATER BUCKET at X= -712, Y= 91, Z= 307
[2024-03-22 20:26:48] [world] The Player <digbick> has emptied WATER BUCKET at X= -711, Y= 91, Z= 306
[2024-03-22 20:30:15] [world] The Player <digbick> has emptied WATER BUCKET at X= -710, Y= 93, Z= 306
[2024-03-22 20:30:23] [world] The Player <digbick> has emptied WATER BUCKET at X= -712, Y= 91, Z= 306
[2024-03-22 20:31:33] [world] The Player <digbick> has emptied WATER BUCKET at X= -705, Y= 91, Z= 314
[2024-03-22 20:31:37] [world] The Player <digbick> has emptied WATER BUCKET at X= -705, Y= 91, Z= 315
[2024-03-22 20:33:20] [world] The Player <digbick> has emptied WATER BUCKET at X= -712, Y= 91, Z= 321
[2024-03-22 20:33:23] [world] The Player <digbick> has emptied WATER BUCKET at X= -712, Y= 91, Z= 321
[2024-03-22 20:36:09] [world] The Player <digbick> has emptied WATER BUCKET at X= -718, Y= 91, Z= 314
[2024-03-22 20:36:10] [world] The Player <digbick> has emptied WATER BUCKET at X= -718, Y= 91, Z= 314
[2024-03-22 20:40:44] [world] The Player <digbick> has emptied WATER BUCKET at X= -619, Y= 5, Z= 337
[2024-03-22 20:53:57] [world] The Player <digbick> has emptied WATER BUCKET at X= -703, Y= 93, Z= 314
[2024-03-22 20:54:03] [world] The Player <digbick> has emptied WATER BUCKET at X= -703, Y= 93, Z= 314
[2024-03-22 20:54:04] [world_the_end] The Player <Tester> has emptied WATER BUCKET at X= -176, Y= 100, Z= 30
[2024-03-22 20:54:11] [world] The Player <digbick> has emptied WATER BUCKET at X= -703, Y= 93, Z= 308
[2024-03-22 20:54:19] [world] The Player <digbick> has emptied WATER BUCKET at X= -703, Y= 93, Z= 314
[2024-03-22 20:54:20] [world] The Player <digbick> has emptied WATER BUCKET at X= -703, Y= 93, Z= 314
[2024-03-22 20:54:46] [world] The Player <digbick> has emptied WATER BUCKET at X= -703, Y= 93, Z= 314
[2024-03-22 20:55:36] [world_the_end] The Player <Tester> has emptied WATER BUCKET at X= -169, Y= 57, Z= 38
[2024-03-22 20:56:24] [world] The Player <digbick> has emptied WATER BUCKET at X= -702, Y= 93, Z= 307
[2024-03-22 20:56:30] [world] The Player <digbick> has emptied WATER BUCKET at X= -704, Y= 93, Z= 312
[2024-03-22 20:57:00] [world] The Player <digbick> has emptied WATER BUCKET at X= -702, Y= 96, Z= 304
[2024-03-22 20:57:31] [world] The Player <digbick> has emptied WATER BUCKET at X= -704, Y= 95, Z= 304
[2024-03-22 20:57:35] [world] The Player <digbick> has emptied WATER BUCKET at X= -703, Y= 95, Z= 304
[2024-03-22 20:57:59] [world] The Player <digbick> has emptied WATER BUCKET at X= -704, Y= 95, Z= 304
[2024-03-22 20:58:01] [world] The Player <digbick> has emptied WATER BUCKET at X= -704, Y= 95, Z= 304
[2024-03-22 20:58:04] [world_the_end] The Player <Tester> has emptied WATER BUCKET at X= -167, Y= 98, Z= 48
[2024-03-22 20:58:27] [world] The Player <digbick> has emptied WATER BUCKET at X= -702, Y= 93, Z= 314
[2024-03-22 20:58:28] [world] The Player <digbick> has emptied WATER BUCKET at X= -702, Y= 93, Z= 314
[2024-03-22 20:58:54] [world] The Player <digbick> has emptied WATER BUCKET at X= -703, Y= 93, Z= 314
[2024-03-22 20:58:56] [world] The Player <digbick> has emptied WATER BUCKET at X= -703, Y= 93, Z= 314
[2024-03-22 20:59:02] [world] The Player <digbick> has emptied WATER BUCKET at X= -703, Y= 93, Z= 313
[2024-03-22 21:00:28] [world_the_end] The Player <Tester> has emptied WATER BUCKET at X= -169, Y= 59, Z= 37
[2024-03-22 21:01:04] [world_the_end] The Player <Tester> has emptied WATER BUCKET at X= -166, Y= 60, Z= 42
[2024-03-22 22:07:19] [world_the_end] The Player <Marshtomp12345> has emptied WATER BUCKET at X= 44, Y= 4, Z= 138
[2024-03-22 23:32:46] [world] The Player <NezukoChan> has emptied WATER BUCKET at X= -1166, Y= 48, Z= -429
[2024-03-22 23:32:47] [world] The Player <NezukoChan> has emptied WATER BUCKET at X= -1166, Y= 48, Z= -429
[2024-03-23 00:27:22] [world] The Player <Heinrich_Himmler> has emptied LAVA BUCKET at X= -668, Y= 64, Z= 428
[2024-03-23 00:27:34] [world] The Player <Heinrich_Himmler> has emptied LAVA BUCKET at X= -677, Y= 64, Z= 432
[2024-03-23 00:27:39] [world] The Player <Heinrich_Himmler> has emptied LAVA BUCKET at X= -676, Y= 64, Z= 431
[2024-03-23 00:27:43] [world] The Player <Heinrich_Himmler> has emptied LAVA BUCKET at X= -677, Y= 64, Z= 432
[2024-03-23 00:27:55] [world_the_end] The Player <Heinrich_Himmler> has emptied LAVA BUCKET at X= 100, Y= 50, Z= 0
[2024-03-23 00:29:03] [world_nether] The Player <Heinrich_Himmler> has emptied LAVA BUCKET at X= -71, Y= 76, Z= 25
[2024-03-23 00:30:47] [world_the_end] The Player <Heinrich_Himmler> has emptied WATER BUCKET at X= -16, Y= 59, Z= -66
[2024-03-23 00:36:31] [world_the_end] The Player <Heinrich_Himmler> has emptied WATER BUCKET at X= -45, Y= 33, Z= -64
[2024-03-23 00:37:16] [world_the_end] The Player <Heinrich_Himmler> has emptied WATER BUCKET at X= -49, Y= 34, Z= -64
[2024-03-23 00:38:14] [world_the_end] The Player <Heinrich_Himmler> has emptied WATER BUCKET at X= -14, Y= 59, Z= -65
[2024-03-23 00:39:17] [world_the_end] The Player <Heinrich_Himmler> has emptied WATER BUCKET at X= 67, Y= 61, Z= 16
[2024-03-23 00:39:37] [world_the_end] The Player <Heinrich_Himmler> has emptied WATER BUCKET at X= -14, Y= 59, Z= -65
[2024-03-23 00:39:40] [world_the_end] The Player <Heinrich_Himmler> has emptied WATER BUCKET at X= -12, Y= 59, Z= -65
[2024-03-23 00:40:03] [world_the_end] The Player <Heinrich_Himmler> has emptied WATER BUCKET at X= -13, Y= 59, Z= -67
[2024-03-23 00:40:05] [world_the_end] The Player <Heinrich_Himmler> has emptied WATER BUCKET at X= -13, Y= 59, Z= -67
[2024-03-23 00:40:06] [world_the_end] The Player <Heinrich_Himmler> has emptied WATER BUCKET at X= -13, Y= 59, Z= -67
[2024-03-23 01:18:51] [world] The Player <Tester> has emptied WATER BUCKET at X= -1169, Y= 49, Z= -443
[2024-03-23 01:19:57] [world] The Player <Tester> has emptied WATER BUCKET at X= -1172, Y= 49, Z= -425
[2024-03-23 01:44:05] [world] The Player <NezukoChan> has emptied WATER BUCKET at X= -10177, Y= 64, Z= 4121
[2024-03-23 01:57:01] [world_the_end] The Player <Heinrich_Himmler> has emptied WATER BUCKET at X= -14, Y= 58, Z= -66
[2024-03-23 01:57:03] [world_the_end] The Player <Heinrich_Himmler> has emptied WATER BUCKET at X= -13, Y= 58, Z= -66
[2024-03-23 01:57:08] [world_the_end] The Player <Heinrich_Himmler> has emptied WATER BUCKET at X= -13, Y= 58, Z= -66
[2024-03-23 01:57:11] [world_the_end] The Player <Heinrich_Himmler> has emptied WATER BUCKET at X= -13, Y= 59, Z= -65
[2024-03-23 01:57:16] [world_the_end] The Player <Heinrich_Himmler> has emptied WATER BUCKET at X= -13, Y= 59, Z= -66
[2024-03-23 02:05:33] [world] The Player <Marshtomp12345> has emptied WATER BUCKET at X= -488, Y= 64, Z= 327
[2024-03-23 03:59:43] [world] The Player <digbick> has emptied WATER BUCKET at X= -703, Y= 93, Z= 314
[2024-03-23 03:59:51] [world] The Player <digbick> has emptied WATER BUCKET at X= -703, Y= 93, Z= 314
[2024-03-23 11:55:40] [world] The Player <NezukoChan> has emptied WATER BUCKET at X= -10143, Y= 38, Z= 4124
[2024-03-23 12:11:49] [world] The Player <NezukoChan> has emptied WATER BUCKET at X= -10149, Y= 11, Z= 4115
[2024-03-23 12:14:29] [world] The Player <NezukoChan> has emptied WATER BUCKET at X= -10220, Y= 11, Z= 4121
[2024-03-23 12:15:25] [world] The Player <NezukoChan> has emptied WATER BUCKET at X= -10207, Y= 11, Z= 4137
[2024-03-23 12:23:37] [world] The Player <NezukoChan> has emptied WATER BUCKET at X= -10236, Y= 11, Z= 4186
[2024-03-23 12:24:27] [world] The Player <NezukoChan> has emptied WATER BUCKET at X= -10236, Y= 5, Z= 4166
[2024-03-23 12:33:47] [world] The Player <NezukoChan> has emptied WATER BUCKET at X= -10157, Y= 63, Z= 4123
[2024-03-23 12:33:58] [world] The Player <NezukoChan> has emptied WATER BUCKET at X= -10157, Y= 63, Z= 4123
[2024-03-23 15:15:22] [world] The Player <character> has emptied WATER BUCKET at X= -365, Y= 11, Z= -69
[2024-03-23 15:45:57] [world] The Player <NezukoChan> has emptied WATER BUCKET at X= -10209, Y= 65, Z= 4157
[2024-03-23 15:46:04] [world] The Player <NezukoChan> has emptied WATER BUCKET at X= -10209, Y= 65, Z= 4155
[2024-03-23 15:46:07] [world] The Player <NezukoChan> has emptied WATER BUCKET at X= -10210, Y= 65, Z= 4156
[2024-03-23 15:46:10] [world] The Player <NezukoChan> has emptied WATER BUCKET at X= -10209, Y= 65, Z= 4155
[2024-03-23 15:52:43] [world] The Player <NezukoChan> has emptied WATER BUCKET at X= -10177, Y= 63, Z= 4113
[2024-03-23 17:46:22] [world] The Player <NezukoChan> has emptied WATER BUCKET at X= -5508, Y= 56, Z= 1682
[2024-03-23 17:46:26] [world] The Player <NezukoChan> has emptied WATER BUCKET at X= -5510, Y= 56, Z= 1685
[2024-03-23 17:46:27] [world] The Player <NezukoChan> has emptied WATER BUCKET at X= -5512, Y= 55, Z= 1685
[2024-03-23 17:46:30] [world] The Player <NezukoChan> has emptied WATER BUCKET at X= -5514, Y= 55, Z= 1683
[2024-03-23 17:46:31] [world] The Player <NezukoChan> has emptied WATER BUCKET at X= -5516, Y= 54, Z= 1681
[2024-03-23 17:46:33] [world] The Player <NezukoChan> has emptied WATER BUCKET at X= -5518, Y= 54, Z= 1680
[2024-03-23 17:47:59] [world] The Player <NezukoChan> has emptied WATER BUCKET at X= -5518, Y= 53, Z= 1685
[2024-03-23 17:48:01] [world] The Player <NezukoChan> has emptied WATER BUCKET at X= -5523, Y= 47, Z= 1687
[2024-03-23 17:48:09] [world] The Player <NezukoChan> has emptied WATER BUCKET at X= -5523, Y= 47, Z= 1687
[2024-03-23 17:54:52] [world] The Player <NezukoChan> has emptied WATER BUCKET at X= -5547, Y= 40, Z= 1676
[2024-03-23 17:54:55] [world] The Player <NezukoChan> has emptied WATER BUCKET at X= -5545, Y= 40, Z= 1676
[2024-03-23 17:54:58] [world] The Player <NezukoChan> has emptied WATER BUCKET at X= -5542, Y= 40, Z= 1674
[2024-03-23 17:56:53] [world] The Player <NezukoChan> has emptied WATER BUCKET at X= -5554, Y= 40, Z= 1651
[2024-03-23 17:57:02] [world] The Player <NezukoChan> has emptied WATER BUCKET at X= -5543, Y= 41, Z= 1652
[2024-03-23 17:57:09] [world] The Player <NezukoChan> has emptied WATER BUCKET at X= -5544, Y= 44, Z= 1664
[2024-03-23 17:57:20] [world] The Player <NezukoChan> has emptied WATER BUCKET at X= -5558, Y= 48, Z= 1669
[2024-03-23 17:57:22] [world] The Player <NezukoChan> has emptied WATER BUCKET at X= -5561, Y= 48, Z= 1668
[2024-03-23 17:58:58] [world] The Player <NezukoChan> has emptied WATER BUCKET at X= -5564, Y= 44, Z= 1663
[2024-03-23 17:59:02] [world] The Player <NezukoChan> has emptied WATER BUCKET at X= -5561, Y= 40, Z= 1664
[2024-03-23 17:59:06] [world] The Player <NezukoChan> has emptied WATER BUCKET at X= -5565, Y= 40, Z= 1668
[2024-03-23 17:59:18] [world] The Player <NezukoChan> has emptied WATER BUCKET at X= -5573, Y= 40, Z= 1684
[2024-03-23 18:00:36] [world] The Player <NezukoChan> has emptied WATER BUCKET at X= -5569, Y= 40, Z= 1681
[2024-03-23 18:00:39] [world] The Player <NezukoChan> has emptied WATER BUCKET at X= -5569, Y= 40, Z= 1681
[2024-03-23 18:00:42] [world] The Player <NezukoChan> has emptied WATER BUCKET at X= -5569, Y= 40, Z= 1681
[2024-03-23 18:03:01] [world] The Player <NezukoChan> has emptied WATER BUCKET at X= -5577, Y= 44, Z= 1665
[2024-03-23 18:09:19] [world] The Player <NezukoChan> has emptied WATER BUCKET at X= -10178, Y= 62, Z= 4085
[2024-03-23 18:09:44] [world] The Player <NezukoChan> has emptied WATER BUCKET at X= -10172, Y= 60, Z= 4089
[2024-03-23 18:09:50] [world] The Player <NezukoChan> has emptied WATER BUCKET at X= -10174, Y= 62, Z= 4088
[2024-03-23 18:09:53] [world] The Player <NezukoChan> has emptied WATER BUCKET at X= -10176, Y= 62, Z= 4087
[2024-03-23 18:09:59] [world] The Player <NezukoChan> has emptied WATER BUCKET at X= -10172, Y= 62, Z= 4088
[2024-03-23 18:10:00] [world] The Player <NezukoChan> has emptied WATER BUCKET at X= -10172, Y= 62, Z= 4088
[2024-03-23 18:10:05] [world] The Player <NezukoChan> has emptied WATER BUCKET at X= -10172, Y= 62, Z= 4088
[2024-03-23 18:10:07] [world] The Player <NezukoChan> has emptied WATER BUCKET at X= -10172, Y= 62, Z= 4088
[2024-03-23 18:10:11] [world] The Player <NezukoChan> has emptied WATER BUCKET at X= -10173, Y= 62, Z= 4088
[2024-03-23 18:12:11] [world] The Player <NezukoChan> has emptied WATER BUCKET at X= -10197, Y= 59, Z= 4041
[2024-03-23 18:20:03] [world] The Player <NezukoChan> has emptied WATER BUCKET at X= -10342, Y= 48, Z= 4549
[2024-03-23 18:20:11] [world] The Player <NezukoChan> has emptied WATER BUCKET at X= -10347, Y= 48, Z= 4546
[2024-03-23 18:20:34] [world] The Player <NezukoChan> has emptied WATER BUCKET at X= -10329, Y= 50, Z= 4559
[2024-03-23 18:20:34] [world] The Player <NezukoChan> has emptied WATER BUCKET at X= -10329, Y= 50, Z= 4559
[2024-03-23 19:01:13] [world] The Player <Marshtomp12345> has emptied WATER BUCKET at X= -1165, Y= 5, Z= -203
[2024-03-23 19:03:02] [world] The Player <Tester> has emptied WATER BUCKET at X= 500041, Y= 11, Z= 48395
[2024-03-23 19:03:31] [world] The Player <Tester> has emptied WATER BUCKET at X= 500051, Y= 11, Z= 48395
[2024-03-23 19:04:33] [world] The Player <Tester> has emptied WATER BUCKET at X= 500061, Y= 11, Z= 48406
[2024-03-23 23:02:43] [world] The Player <NezukoChan> has emptied WATER BUCKET at X= -10225, Y= 65, Z= 4131
[2024-03-23 23:03:34] [world] The Player <NezukoChan> has emptied WATER BUCKET at X= -10223, Y= 70, Z= 4141
[2024-03-23 23:29:25] [world] The Player <NezukoChan> has emptied WATER BUCKET at X= -10220, Y= 66, Z= 4139
[2024-03-23 23:31:28] [world] The Player <Tester> has emptied WATER BUCKET at X= -10225, Y= 69, Z= 4144
[2024-03-23 23:41:17] [world_the_end] The Player <Heinrich_Himmler> has emptied WATER BUCKET at X= -13, Y= 59, Z= -66
[2024-03-23 23:41:19] [world_the_end] The Player <Heinrich_Himmler> has emptied WATER BUCKET at X= -12, Y= 59, Z= -66
[2024-03-23 23:51:09] [world] The Player <Tester> has emptied WATER BUCKET at X= -10161, Y= 62, Z= 4098
[2024-03-23 23:53:08] [world] The Player <Tester> has emptied WATER BUCKET at X= -10172, Y= 61, Z= 4089
[2024-03-24 00:37:04] [world] The Player <Tester> has emptied WATER BUCKET at X= -563, Y= 66, Z= 294
[2024-03-24 01:31:15] [world] The Player <Tester> has emptied WATER BUCKET at X= -10080, Y= 18, Z= 4168
[2024-03-24 01:31:43] [world] The Player <Tester> has emptied WATER BUCKET at X= -10076, Y= 16, Z= 4124
[2024-03-24 01:34:09] [world] The Player <Tester> has emptied WATER BUCKET at X= -10091, Y= 18, Z= 4094
[2024-03-24 01:34:13] [world] The Player <Tester> has emptied WATER BUCKET at X= -10090, Y= 17, Z= 4089
[2024-03-24 01:34:16] [world] The Player <Tester> has emptied WATER BUCKET at X= -10090, Y= 17, Z= 4088
[2024-03-24 01:38:09] [world] The Player <Tester> has emptied WATER BUCKET at X= -10069, Y= 12, Z= 4033
[2024-03-24 01:38:18] [world] The Player <Tester> has emptied WATER BUCKET at X= -10070, Y= 11, Z= 4031
[2024-03-24 01:39:00] [world] The Player <Tester> has emptied WATER BUCKET at X= -10068, Y= 11, Z= 4026
[2024-03-24 01:39:01] [world] The Player <Tester> has emptied WATER BUCKET at X= -10068, Y= 11, Z= 4026
[2024-03-24 01:39:05] [world] The Player <Tester> has emptied WATER BUCKET at X= -10064, Y= 11, Z= 4026
[2024-03-24 01:39:14] [world] The Player <Tester> has emptied WATER BUCKET at X= -10063, Y= 11, Z= 4023
[2024-03-24 01:39:34] [world] The Player <Tester> has emptied WATER BUCKET at X= -10063, Y= 11, Z= 4019
[2024-03-24 01:39:57] [world] The Player <Tester> has emptied WATER BUCKET at X= -10047, Y= 11, Z= 4027
[2024-03-24 01:40:03] [world] The Player <Tester> has emptied WATER BUCKET at X= -10051, Y= 11, Z= 4032
[2024-03-24 01:40:05] [world] The Player <Tester> has emptied WATER BUCKET at X= -10050, Y= 11, Z= 4033
[2024-03-24 01:40:06] [world] The Player <Tester> has emptied WATER BUCKET at X= -10050, Y= 11, Z= 4033
[2024-03-24 01:40:19] [world] The Player <Tester> has emptied WATER BUCKET at X= -10051, Y= 11, Z= 4039
[2024-03-24 01:40:55] [world] The Player <Tester> has emptied WATER BUCKET at X= -10057, Y= 11, Z= 4041
[2024-03-24 01:40:58] [world] The Player <Tester> has emptied WATER BUCKET at X= -10062, Y= 11, Z= 4040
[2024-03-24 01:42:01] [world] The Player <Tester> has emptied WATER BUCKET at X= -10015, Y= 13, Z= 4033
[2024-03-24 01:42:02] [world] The Player <Tester> has emptied WATER BUCKET at X= -10015, Y= 13, Z= 4033
[2024-03-24 01:42:14] [world] The Player <Tester> has emptied WATER BUCKET at X= -10008, Y= 11, Z= 4032
[2024-03-24 01:42:21] [world] The Player <Tester> has emptied WATER BUCKET at X= -10003, Y= 11, Z= 4038
[2024-03-24 01:42:32] [world] The Player <Tester> has emptied WATER BUCKET at X= -9993, Y= 11, Z= 4037
[2024-03-24 01:42:36] [world] The Player <Tester> has emptied WATER BUCKET at X= -9989, Y= 11, Z= 4033
[2024-03-24 01:43:33] [world] The Player <Tester> has emptied WATER BUCKET at X= -9986, Y= 11, Z= 4025
[2024-03-24 01:43:34] [world] The Player <Tester> has emptied WATER BUCKET at X= -9987, Y= 11, Z= 4026
[2024-03-24 01:43:43] [world] The Player <Tester> has emptied WATER BUCKET at X= -9984, Y= 11, Z= 4020
[2024-03-24 01:44:00] [world] The Player <Tester> has emptied WATER BUCKET at X= -9979, Y= 16, Z= 4043
[2024-03-24 01:44:45] [world] The Player <Tester> has emptied WATER BUCKET at X= -10000, Y= 11, Z= 4041
[2024-03-24 01:45:13] [world] The Player <Tester> has emptied WATER BUCKET at X= -9956, Y= 20, Z= 4068
[2024-03-24 01:49:25] [world] The Player <Tester> has emptied WATER BUCKET at X= -9926, Y= 29, Z= 4119
[2024-03-24 01:49:25] [world] The Player <Tester> has emptied WATER BUCKET at X= -9926, Y= 29, Z= 4119
[2024-03-24 01:49:26] [world] The Player <Tester> has emptied WATER BUCKET at X= -9926, Y= 29, Z= 4119
[2024-03-24 01:49:26] [world] The Player <Tester> has emptied WATER BUCKET at X= -9925, Y= 29, Z= 4119
[2024-03-24 01:49:27] [world] The Player <Tester> has emptied WATER BUCKET at X= -9925, Y= 29, Z= 4120
[2024-03-24 01:49:29] [world] The Player <Tester> has emptied WATER BUCKET at X= -9923, Y= 29, Z= 4120
[2024-03-24 01:49:29] [world] The Player <Tester> has emptied WATER BUCKET at X= -9923, Y= 29, Z= 4120
[2024-03-24 01:49:40] [world] The Player <Tester> has emptied WATER BUCKET at X= -9920, Y= 29, Z= 4118
[2024-03-24 02:16:58] [world] The Player <Tester> has emptied WATER BUCKET at X= -9962, Y= 28, Z= 4101
[2024-03-24 12:51:52] [world] The Player <Tester> has emptied WATER BUCKET at X= -10172, Y= 63, Z= 4075
[2024-03-24 12:52:43] [world] The Player <Tester> has emptied WATER BUCKET at X= -10171, Y= 62, Z= 4073
[2024-03-24 12:52:46] [world] The Player <Tester> has emptied WATER BUCKET at X= -10171, Y= 62, Z= 4074
[2024-03-24 12:52:49] [world] The Player <Tester> has emptied WATER BUCKET at X= -10170, Y= 63, Z= 4076
[2024-03-24 12:52:51] [world] The Player <Tester> has emptied WATER BUCKET at X= -10170, Y= 63, Z= 4076
[2024-03-24 12:52:56] [world] The Player <Tester> has emptied WATER BUCKET at X= -10171, Y= 63, Z= 4074
[2024-03-24 12:52:59] [world] The Player <Tester> has emptied WATER BUCKET at X= -10171, Y= 63, Z= 4073
[2024-03-24 12:53:01] [world] The Player <Tester> has emptied WATER BUCKET at X= -10171, Y= 63, Z= 4073
[2024-03-24 12:53:05] [world] The Player <Tester> has emptied WATER BUCKET at X= -10171, Y= 63, Z= 4071
[2024-03-24 12:53:06] [world] The Player <Tester> has emptied WATER BUCKET at X= -10171, Y= 63, Z= 4071
[2024-03-24 12:56:04] [world] The Player <Tester> has emptied WATER BUCKET at X= -10165, Y= 65, Z= 4049
[2024-03-24 12:56:07] [world] The Player <Tester> has emptied WATER BUCKET at X= -10165, Y= 65, Z= 4049
[2024-03-24 12:56:09] [world] The Player <Tester> has emptied WATER BUCKET at X= -10166, Y= 65, Z= 4049
[2024-03-24 12:56:13] [world] The Player <Tester> has emptied WATER BUCKET at X= -10166, Y= 65, Z= 4049
[2024-03-24 12:56:18] [world] The Player <Tester> has emptied WATER BUCKET at X= -10168, Y= 65, Z= 4049
[2024-03-24 12:56:20] [world] The Player <Tester> has emptied WATER BUCKET at X= -10168, Y= 65, Z= 4050
[2024-03-24 12:56:24] [world] The Player <Tester> has emptied WATER BUCKET at X= -10164, Y= 65, Z= 4049
[2024-03-24 12:56:27] [world] The Player <Tester> has emptied WATER BUCKET at X= -10162, Y= 65, Z= 4049
[2024-03-24 12:57:29] [world] The Player <Tester> has emptied WATER BUCKET at X= -10235, Y= 63, Z= 4014
[2024-03-24 12:57:33] [world] The Player <Tester> has emptied WATER BUCKET at X= -10236, Y= 63, Z= 4015
[2024-03-24 13:06:02] [world] The Player <SPADE> has emptied WATER BUCKET at X= -673, Y= 72, Z= -793
[2024-03-24 13:06:05] [world] The Player <SPADE> has emptied WATER BUCKET at X= -674, Y= 70, Z= -793
[2024-03-24 13:08:04] [world] The Player <Tester> has emptied WATER BUCKET at X= -10176, Y= 62, Z= 4070
[2024-03-24 13:08:07] [world] The Player <Tester> has emptied WATER BUCKET at X= -10173, Y= 63, Z= 4071
[2024-03-24 13:08:09] [world] The Player <Tester> has emptied WATER BUCKET at X= -10173, Y= 63, Z= 4073
[2024-03-24 13:08:14] [world] The Player <Tester> has emptied WATER BUCKET at X= -10173, Y= 63, Z= 4071
[2024-03-24 13:08:18] [world] The Player <Tester> has emptied WATER BUCKET at X= -10175, Y= 62, Z= 4072
[2024-03-24 13:08:23] [world] The Player <Tester> has emptied WATER BUCKET at X= -10177, Y= 62, Z= 4071
[2024-03-24 13:08:26] [world] The Player <Tester> has emptied WATER BUCKET at X= -10179, Y= 62, Z= 4071
[2024-03-24 13:08:29] [world] The Player <Tester> has emptied WATER BUCKET at X= -10181, Y= 62, Z= 4071
[2024-03-24 13:08:32] [world] The Player <Tester> has emptied WATER BUCKET at X= -10183, Y= 62, Z= 4071
[2024-03-24 13:08:34] [world] The Player <Tester> has emptied WATER BUCKET at X= -10184, Y= 62, Z= 4071
[2024-03-24 13:08:36] [world] The Player <Tester> has emptied WATER BUCKET at X= -10187, Y= 62, Z= 4070
[2024-03-24 13:08:40] [world] The Player <Tester> has emptied WATER BUCKET at X= -10187, Y= 62, Z= 4067
[2024-03-24 13:08:43] [world] The Player <Tester> has emptied WATER BUCKET at X= -10187, Y= 62, Z= 4067
[2024-03-24 13:08:45] [world] The Player <Tester> has emptied WATER BUCKET at X= -10187, Y= 62, Z= 4065
[2024-03-24 13:08:48] [world] The Player <Tester> has emptied WATER BUCKET at X= -10187, Y= 62, Z= 4064
[2024-03-24 13:08:50] [world] The Player <Tester> has emptied WATER BUCKET at X= -10187, Y= 62, Z= 4062
[2024-03-24 13:08:54] [world] The Player <Tester> has emptied WATER BUCKET at X= -10187, Y= 62, Z= 4062
[2024-03-24 13:08:57] [world] The Player <Tester> has emptied WATER BUCKET at X= -10187, Y= 62, Z= 4061
[2024-03-24 13:09:00] [world] The Player <Tester> has emptied WATER BUCKET at X= -10187, Y= 62, Z= 4060
[2024-03-24 13:09:03] [world] The Player <Tester> has emptied WATER BUCKET at X= -10187, Y= 62, Z= 4058
[2024-03-24 13:09:06] [world] The Player <Tester> has emptied WATER BUCKET at X= -10187, Y= 62, Z= 4057
[2024-03-24 13:09:08] [world] The Player <Tester> has emptied WATER BUCKET at X= -10187, Y= 62, Z= 4056
[2024-03-24 13:09:12] [world] The Player <Tester> has emptied WATER BUCKET at X= -10187, Y= 62, Z= 4053
[2024-03-24 13:09:14] [world] The Player <Tester> has emptied WATER BUCKET at X= -10187, Y= 62, Z= 4052
[2024-03-24 13:09:16] [world] The Player <Tester> has emptied WATER BUCKET at X= -10187, Y= 62, Z= 4051
[2024-03-24 13:09:18] [world] The Player <Tester> has emptied WATER BUCKET at X= -10187, Y= 62, Z= 4050
[2024-03-24 13:09:20] [world] The Player <Tester> has emptied WATER BUCKET at X= -10187, Y= 62, Z= 4049
[2024-03-24 13:09:23] [world] The Player <Tester> has emptied WATER BUCKET at X= -10187, Y= 62, Z= 4048
[2024-03-24 13:09:26] [world] The Player <Tester> has emptied WATER BUCKET at X= -10187, Y= 62, Z= 4047
[2024-03-24 13:09:28] [world] The Player <Tester> has emptied WATER BUCKET at X= -10187, Y= 62, Z= 4045
[2024-03-24 13:09:31] [world] The Player <Tester> has emptied WATER BUCKET at X= -10187, Y= 62, Z= 4043
[2024-03-24 13:09:33] [world] The Player <Tester> has emptied WATER BUCKET at X= -10187, Y= 62, Z= 4043
[2024-03-24 13:09:36] [world] The Player <Tester> has emptied WATER BUCKET at X= -10187, Y= 62, Z= 4041
[2024-03-24 13:09:39] [world] The Player <Tester> has emptied WATER BUCKET at X= -10187, Y= 62, Z= 4039
[2024-03-24 13:09:41] [world] The Player <Tester> has emptied WATER BUCKET at X= -10187, Y= 62, Z= 4038
[2024-03-24 13:09:43] [world] The Player <Tester> has emptied WATER BUCKET at X= -10187, Y= 62, Z= 4037
[2024-03-24 13:09:46] [world] The Player <Tester> has emptied WATER BUCKET at X= -10188, Y= 62, Z= 4036
[2024-03-24 13:09:48] [world] The Player <Tester> has emptied WATER BUCKET at X= -10190, Y= 62, Z= 4036
[2024-03-24 13:09:51] [world] The Player <Tester> has emptied WATER BUCKET at X= -10190, Y= 62, Z= 4036
[2024-03-24 13:09:54] [world] The Player <Tester> has emptied WATER BUCKET at X= -10192, Y= 62, Z= 4036
[2024-03-24 13:09:56] [world] The Player <Tester> has emptied WATER BUCKET at X= -10194, Y= 62, Z= 4036
[2024-03-24 13:09:58] [world] The Player <Tester> has emptied WATER BUCKET at X= -10197, Y= 62, Z= 4036
[2024-03-24 13:10:00] [world] The Player <Tester> has emptied WATER BUCKET at X= -10199, Y= 62, Z= 4036
[2024-03-24 13:10:02] [world] The Player <Tester> has emptied WATER BUCKET at X= -10198, Y= 62, Z= 4036
[2024-03-24 13:10:04] [world] The Player <Tester> has emptied WATER BUCKET at X= -10198, Y= 62, Z= 4036
[2024-03-24 13:10:07] [world] The Player <Tester> has emptied WATER BUCKET at X= -10199, Y= 62, Z= 4036
[2024-03-24 13:10:10] [world] The Player <Tester> has emptied WATER BUCKET at X= -10201, Y= 62, Z= 4036
[2024-03-24 13:10:13] [world] The Player <Tester> has emptied WATER BUCKET at X= -10203, Y= 62, Z= 4036
[2024-03-24 13:10:15] [world] The Player <Tester> has emptied WATER BUCKET at X= -10206, Y= 62, Z= 4036
[2024-03-24 13:10:17] [world] The Player <Tester> has emptied WATER BUCKET at X= -10208, Y= 62, Z= 4036
[2024-03-24 13:10:20] [world] The Player <Tester> has emptied WATER BUCKET at X= -10209, Y= 62, Z= 4036
[2024-03-24 13:10:23] [world] The Player <Tester> has emptied WATER BUCKET at X= -10211, Y= 62, Z= 4036
[2024-03-24 13:10:26] [world] The Player <Tester> has emptied WATER BUCKET at X= -10214, Y= 62, Z= 4036
[2024-03-24 13:10:29] [world] The Player <Tester> has emptied WATER BUCKET at X= -10216, Y= 62, Z= 4036
[2024-03-24 13:10:31] [world] The Player <Tester> has emptied WATER BUCKET at X= -10219, Y= 62, Z= 4036
[2024-03-24 13:10:33] [world] The Player <Tester> has emptied WATER BUCKET at X= -10219, Y= 62, Z= 4036
[2024-03-24 13:10:35] [world] The Player <Tester> has emptied WATER BUCKET at X= -10221, Y= 62, Z= 4036
[2024-03-24 13:10:37] [world] The Player <Tester> has emptied WATER BUCKET at X= -10221, Y= 62, Z= 4036
[2024-03-24 13:18:22] [world] The Player <Tester> has emptied WATER BUCKET at X= -10187, Y= 62, Z= 4060
[2024-03-24 13:20:00] [world] The Player <Tester> has emptied WATER BUCKET at X= -10239, Y= 63, Z= 4046
[2024-03-24 13:20:03] [world] The Player <Tester> has emptied WATER BUCKET at X= -10240, Y= 63, Z= 4045
[2024-03-24 13:20:05] [world] The Player <Tester> has emptied WATER BUCKET at X= -10240, Y= 63, Z= 4045
[2024-03-24 13:20:08] [world] The Player <Tester> has emptied WATER BUCKET at X= -10238, Y= 62, Z= 4044
[2024-03-24 13:29:35] [world] The Player <SPADE> has emptied WATER BUCKET at X= -662, Y= 92, Z= -783
[2024-03-24 15:01:13] [world] The Player <Tester> has emptied WATER BUCKET at X= -10209, Y= 62, Z= 3947
[2024-03-24 15:01:23] [world] The Player <Tester> has emptied WATER BUCKET at X= -10209, Y= 62, Z= 3939
[2024-03-24 15:01:26] [world] The Player <Tester> has emptied WATER BUCKET at X= -10208, Y= 62, Z= 3938
[2024-03-24 15:01:36] [world] The Player <Tester> has emptied WATER BUCKET at X= -10210, Y= 62, Z= 3940
[2024-03-24 15:01:41] [world] The Player <Tester> has emptied WATER BUCKET at X= -10210, Y= 62, Z= 3945
[2024-03-24 15:01:43] [world] The Player <Tester> has emptied WATER BUCKET at X= -10209, Y= 62, Z= 3946
[2024-03-24 15:01:46] [world] The Player <Tester> has emptied WATER BUCKET at X= -10209, Y= 62, Z= 3945
[2024-03-24 15:01:50] [world] The Player <Tester> has emptied WATER BUCKET at X= -10210, Y= 62, Z= 3948
[2024-03-24 15:01:52] [world] The Player <Tester> has emptied WATER BUCKET at X= -10210, Y= 62, Z= 3949
[2024-03-24 15:01:55] [world] The Player <Tester> has emptied WATER BUCKET at X= -10209, Y= 62, Z= 3951
[2024-03-24 15:02:02] [world] The Player <Tester> has emptied WATER BUCKET at X= -10210, Y= 62, Z= 3969
[2024-03-24 15:02:11] [world] The Player <Tester> has emptied WATER BUCKET at X= -10212, Y= 63, Z= 3988
[2024-03-24 15:02:14] [world] The Player <Tester> has emptied WATER BUCKET at X= -10212, Y= 63, Z= 3987
[2024-03-24 15:02:17] [world] The Player <Tester> has emptied WATER BUCKET at X= -10212, Y= 63, Z= 3985
[2024-03-24 15:02:23] [world] The Player <Tester> has emptied WATER BUCKET at X= -10210, Y= 62, Z= 3962
[2024-03-24 15:02:33] [world] The Player <Tester> has emptied WATER BUCKET at X= -10212, Y= 63, Z= 3983
[2024-03-24 15:02:36] [world] The Player <Tester> has emptied WATER BUCKET at X= -10212, Y= 63, Z= 3982
[2024-03-24 15:02:39] [world] The Player <Tester> has emptied WATER BUCKET at X= -10212, Y= 63, Z= 3979
[2024-03-24 15:02:41] [world] The Player <Tester> has emptied WATER BUCKET at X= -10212, Y= 63, Z= 3979
[2024-03-24 15:02:45] [world] The Player <Tester> has emptied WATER BUCKET at X= -10211, Y= 63, Z= 3983
[2024-03-24 15:02:47] [world] The Player <Tester> has emptied WATER BUCKET at X= -10211, Y= 63, Z= 3983
[2024-03-24 15:02:51] [world] The Player <Tester> has emptied WATER BUCKET at X= -10211, Y= 62, Z= 3977
[2024-03-24 15:02:53] [world] The Player <Tester> has emptied WATER BUCKET at X= -10211, Y= 62, Z= 3976
[2024-03-24 15:02:55] [world] The Player <Tester> has emptied WATER BUCKET at X= -10211, Y= 62, Z= 3974
[2024-03-24 15:02:56] [world] The Player <Tester> has emptied WATER BUCKET at X= -10211, Y= 62, Z= 3974
[2024-03-24 15:02:58] [world] The Player <Tester> has emptied WATER BUCKET at X= -10211, Y= 62, Z= 3971
[2024-03-24 15:03:09] [world] The Player <Tester> has emptied WATER BUCKET at X= -10211, Y= 62, Z= 3967
[2024-03-24 15:03:12] [world] The Player <Tester> has emptied WATER BUCKET at X= -10211, Y= 62, Z= 3965
[2024-03-24 15:03:14] [world] The Player <Tester> has emptied WATER BUCKET at X= -10211, Y= 62, Z= 3966
[2024-03-24 15:03:18] [world] The Player <Tester> has emptied WATER BUCKET at X= -10211, Y= 62, Z= 3960
[2024-03-24 15:03:23] [world] The Player <Tester> has emptied WATER BUCKET at X= -10211, Y= 62, Z= 3961
[2024-03-24 15:03:25] [world] The Player <Tester> has emptied WATER BUCKET at X= -10211, Y= 62, Z= 3959
[2024-03-24 15:03:28] [world] The Player <Tester> has emptied WATER BUCKET at X= -10211, Y= 62, Z= 3958
[2024-03-24 15:03:31] [world] The Player <Tester> has emptied WATER BUCKET at X= -10211, Y= 62, Z= 3954
[2024-03-24 15:03:35] [world] The Player <Tester> has emptied WATER BUCKET at X= -10211, Y= 62, Z= 3954
[2024-03-24 15:04:28] [world] The Player <Tester> has emptied WATER BUCKET at X= -10219, Y= 63, Z= 3992
[2024-03-24 15:04:30] [world] The Player <Tester> has emptied WATER BUCKET at X= -10219, Y= 63, Z= 3992
[2024-03-24 15:17:12] [world_the_end] The Player <Heinrich_Himmler> has emptied WATER BUCKET at X= -15, Y= 58, Z= -66
[2024-03-24 15:17:15] [world_the_end] The Player <Heinrich_Himmler> has emptied WATER BUCKET at X= -13, Y= 59, Z= -65
[2024-03-24 15:17:18] [world_the_end] The Player <Heinrich_Himmler> has emptied WATER BUCKET at X= -14, Y= 59, Z= -65
[2024-03-24 15:17:21] [world_the_end] The Player <Heinrich_Himmler> has emptied WATER BUCKET at X= -14, Y= 59, Z= -65
[2024-03-24 15:17:23] [world_the_end] The Player <Heinrich_Himmler> has emptied WATER BUCKET at X= -14, Y= 59, Z= -65
[2024-03-24 15:17:25] [world_the_end] The Player <Heinrich_Himmler> has emptied WATER BUCKET at X= -14, Y= 59, Z= -65
[2024-03-24 15:17:27] [world_the_end] The Player <Heinrich_Himmler> has emptied WATER BUCKET at X= -14, Y= 59, Z= -65
[2024-03-24 15:17:29] [world_the_end] The Player <Heinrich_Himmler> has emptied WATER BUCKET at X= -13, Y= 59, Z= -65
[2024-03-24 15:51:22] [world_the_end] The Player <Tester> has emptied WATER BUCKET at X= -19, Y= 58, Z= -53
[2024-03-24 17:42:13] [world] The Player <Tester> has emptied WATER BUCKET at X= -10298, Y= 35, Z= 4028
[2024-03-24 17:42:15] [world] The Player <Tester> has emptied WATER BUCKET at X= -10298, Y= 35, Z= 4028
[2024-03-24 17:45:54] [world] The Player <Tester> has emptied WATER BUCKET at X= -10297, Y= 48, Z= 4029
[2024-03-24 17:45:55] [world] The Player <Tester> has emptied WATER BUCKET at X= -10297, Y= 48, Z= 4029
[2024-03-24 17:51:12] [world] The Player <Tester> has emptied WATER BUCKET at X= -10299, Y= 48, Z= 4029
[2024-03-24 17:51:16] [world] The Player <Tester> has emptied WATER BUCKET at X= -10299, Y= 48, Z= 4030
[2024-03-24 17:51:19] [world] The Player <Tester> has emptied WATER BUCKET at X= -10299, Y= 48, Z= 4030
[2024-03-24 17:52:25] [world] The Player <Tester> has emptied WATER BUCKET at X= -10300, Y= 48, Z= 4029
[2024-03-24 17:52:27] [world] The Player <Tester> has emptied WATER BUCKET at X= -10298, Y= 48, Z= 4031
[2024-03-24 17:52:40] [world] The Player <Tester> has emptied WATER BUCKET at X= -10300, Y= 48, Z= 4030
[2024-03-24 17:52:42] [world] The Player <Tester> has emptied WATER BUCKET at X= -10298, Y= 48, Z= 4029
[2024-03-24 17:57:06] [world] The Player <Tester> has emptied WATER BUCKET at X= -10297, Y= 48, Z= 4030
[2024-03-24 17:57:07] [world] The Player <Tester> has emptied WATER BUCKET at X= -10297, Y= 48, Z= 4030
[2024-03-24 18:02:12] [world] The Player <Tester> has emptied WATER BUCKET at X= -10295, Y= 49, Z= 4029
[2024-03-24 18:02:14] [world] The Player <Tester> has emptied WATER BUCKET at X= -10295, Y= 49, Z= 4029
[2024-03-24 18:02:17] [world] The Player <Tester> has emptied WATER BUCKET at X= -10297, Y= 48, Z= 4029
[2024-03-24 18:02:30] [world] The Player <Tester> has emptied WATER BUCKET at X= -10302, Y= 48, Z= 4030
[2024-03-24 18:02:43] [world] The Player <Tester> has emptied WATER BUCKET at X= -10299, Y= 48, Z= 4032
[2024-03-24 18:02:45] [world] The Player <Tester> has emptied WATER BUCKET at X= -10298, Y= 48, Z= 4031
[2024-03-24 18:11:51] [world] The Player <Tester> has emptied WATER BUCKET at X= -10295, Y= 49, Z= 4030
[2024-03-24 18:11:56] [world] The Player <Tester> has emptied WATER BUCKET at X= -10296, Y= 49, Z= 4030
[2024-03-24 18:11:59] [world] The Player <Tester> has emptied WATER BUCKET at X= -10295, Y= 49, Z= 4030
[2024-03-24 18:12:03] [world] The Player <Tester> has emptied WATER BUCKET at X= -10298, Y= 48, Z= 4029
[2024-03-24 18:49:51] [world] The Player <Tester> has emptied WATER BUCKET at X= -10299, Y= 49, Z= 4025
[2024-03-24 18:49:53] [world] The Player <Tester> has emptied WATER BUCKET at X= -10299, Y= 49, Z= 4025
[2024-03-24 18:49:57] [world] The Player <Tester> has emptied WATER BUCKET at X= -10297, Y= 48, Z= 4027
[2024-03-24 18:50:01] [world] The Player <Tester> has emptied WATER BUCKET at X= -10297, Y= 48, Z= 4033
[2024-03-24 18:50:07] [world] The Player <Tester> has emptied WATER BUCKET at X= -10302, Y= 48, Z= 4027
[2024-03-24 18:50:11] [world] The Player <Tester> has emptied WATER BUCKET at X= -10301, Y= 48, Z= 4032
[2024-03-24 18:52:06] [world] The Player <Tester> has emptied WATER BUCKET at X= -10299, Y= 26, Z= 4030
[2024-03-24 20:07:42] [world] The Player <Tester> has emptied WATER BUCKET at X= -10299, Y= 35, Z= 4026
[2024-03-24 20:21:49] [world] The Player <Tester> has emptied WATER BUCKET at X= -10297, Y= 35, Z= 4029
[2024-03-24 20:47:09] [world] The Player <GolemDaWanderer> has emptied LAVA BUCKET at X= -10298, Y= 35, Z= 4027
[2024-03-24 20:47:14] [world] The Player <Tester> has emptied WATER BUCKET at X= -10298, Y= 35, Z= 4027
[2024-03-24 20:47:16] [world] The Player <GolemDaWanderer> has emptied LAVA BUCKET at X= -10299, Y= 36, Z= 4027
[2024-03-24 20:50:34] [world] The Player <GolemDaWanderer> has emptied LAVA BUCKET at X= -10299, Y= 35, Z= 4028
[2024-03-24 20:50:35] [world] The Player <GolemDaWanderer> has emptied LAVA BUCKET at X= -10297, Y= 35, Z= 4029
[2024-03-24 20:50:37] [world] The Player <GolemDaWanderer> has emptied LAVA BUCKET at X= -10300, Y= 35, Z= 4028
[2024-03-24 20:50:39] [world] The Player <GolemDaWanderer> has emptied LAVA BUCKET at X= -10299, Y= 35, Z= 4028
[2024-03-24 20:50:39] [world] The Player <GolemDaWanderer> has emptied LAVA BUCKET at X= -10299, Y= 35, Z= 4028
[2024-03-24 20:51:43] [world] The Player <GolemDaWanderer> has emptied LAVA BUCKET at X= -10293, Y= 35, Z= 4029
[2024-03-24 20:51:50] [world] The Player <GolemDaWanderer> has emptied LAVA BUCKET at X= -10291, Y= 35, Z= 4030
[2024-03-24 20:56:55] [world] The Player <GolemDaWanderer> has emptied LAVA BUCKET at X= -10297, Y= 35, Z= 4028
[2024-03-24 20:56:56] [world] The Player <GolemDaWanderer> has emptied LAVA BUCKET at X= -10297, Y= 35, Z= 4028
