[2024-03-25 22:40:54] [world] The Player <Marshtomp17> has placed a sign at X= -581, Y= 78, Z= 248 with Marshtomp17, 1, B:10 S:1, Strength Potion
[2024-03-25 22:53:39] [world] The Player <Marshtomp17> has placed a sign at X= -580, Y= 79, Z= 253 with Ask Mudkips_Rule, or Marshtomp17 , if you want, custom potions
[2024-03-25 22:55:07] [world] The Player <Marshtomp17> has placed a sign at X= -581, Y= 78, Z= 246 with Marshtomp17, 1, B:4 S:0.4, Speed Potion
[2024-03-25 22:56:11] [world] The Player <Marshtomp17> has placed a sign at X= -574, Y= 79, Z= 253 with Store in, progress, getting the, potions soon
[2024-03-26 00:43:49] [world] The Player <hexa> has placed a sign at X= 1000063, Y= 59, Z= 1000009 with  , , , 
[2024-03-26 00:43:52] [world] The Player <hexa> has placed a sign at X= 1000062, Y= 59, Z= 1000009 with , , , 
[2024-03-26 00:45:34] [world] The Player <Marshtomp17> has placed a sign at X= -581, Y= 78, Z= 248 with Marshtomp17, 1, B 10: S 1, Potion
[2024-03-26 00:46:46] [world] The Player <Marshtomp17> has placed a sign at X= -581, Y= 78, Z= 246 with Marshtomp17, 1, B 4: S 0.4, Potion
[2024-03-26 00:47:00] [world] The Player <Marshtomp17> has placed a sign at X= -582, Y= 79, Z= 248 with Strength Potions, , , 
[2024-03-26 00:47:09] [world] The Player <Marshtomp17> has placed a sign at X= -582, Y= 79, Z= 246 with Speed Potions, , , 
[2024-03-26 00:55:46] [world] The Player <Marshtomp17> has placed a sign at X= -581, Y= 78, Z= 248 with Marshtomp17, 1, B 10: S 1, Strength 2
[2024-03-26 00:56:14] [world] The Player <Marshtomp17> has placed a sign at X= -581, Y= 78, Z= 248 with Marshtomp17, 1, B 10: S 1, Potion
[2024-03-26 01:38:57] [world] The Player <Marshtomp17> has placed a sign at X= -581, Y= 78, Z= 245 with Marshtomp17, 1, B 5: S 0.5, Instant health 
[2024-03-26 01:39:37] [world] The Player <Marshtomp17> has placed a sign at X= -581, Y= 78, Z= 245 with Marshtomp17, 1, B 5: S 0.5, Potion
[2024-03-26 01:40:02] [world] The Player <Marshtomp17> has placed a sign at X= -581, Y= 79, Z= 244 with Instant health , potions, , 
[2024-03-26 01:41:14] [world] The Player <Marshtomp17> has placed a sign at X= -575, Y= 79, Z= 244 with If you bring me , 30 fermented , spider eyes you , get 10 custom 
[2024-03-26 01:42:44] [world] The Player <Marshtomp17> has placed a sign at X= -574, Y= 79, Z= 244 with Potions for free, and a 10% , discount on all , items sold here
[2024-03-26 01:43:31] [world] The Player <Marshtomp17> has placed a sign at X= -575, Y= 79, Z= 244 with If you bring me , 64 fermented , spider eyes you, get 10 custom
[2024-03-26 01:44:11] [world] The Player <Marshtomp17> has placed a sign at X= -573, Y= 79, Z= 244 with Deal Until , April 5th, , 
[2024-03-26 01:45:09] [world] The Player <Marshtomp17> has placed a sign at X= -581, Y= 79, Z= 253 with At this moment, due to a , shortage of , materials we
[2024-03-26 01:45:30] [world] The Player <Marshtomp17> has placed a sign at X= -582, Y= 79, Z= 253 with Cannot make , invis or instant , damage, 
[2024-03-26 21:01:02] [world] The Player <GolemDaWanderer> has placed a sign at X= -580, Y= 88, Z= 259 with , , , 
[2024-03-26 21:01:04] [world] The Player <GolemDaWanderer> has placed a sign at X= -580, Y= 88, Z= 257 with , , , 
[2024-03-26 21:01:06] [world] The Player <GolemDaWanderer> has placed a sign at X= -580, Y= 88, Z= 255 with , , , 
[2024-03-26 21:01:08] [world] The Player <GolemDaWanderer> has placed a sign at X= -580, Y= 88, Z= 253 with , , , 
[2024-03-26 21:01:10] [world] The Player <GolemDaWanderer> has placed a sign at X= -580, Y= 88, Z= 251 with , , , 
[2024-03-26 21:01:12] [world] The Player <GolemDaWanderer> has placed a sign at X= -580, Y= 88, Z= 249 with , , , 
[2024-03-26 21:01:14] [world] The Player <GolemDaWanderer> has placed a sign at X= -580, Y= 88, Z= 247 with , , , 
[2024-03-26 21:01:16] [world] The Player <GolemDaWanderer> has placed a sign at X= -580, Y= 88, Z= 245 with , , , 
[2024-03-26 21:01:18] [world] The Player <GolemDaWanderer> has placed a sign at X= -580, Y= 88, Z= 243 with , , , 
[2024-03-26 21:01:32] [world] The Player <GolemDaWanderer> has placed a sign at X= -580, Y= 89, Z= 255 with , , , 
[2024-03-26 21:01:34] [world] The Player <GolemDaWanderer> has placed a sign at X= -580, Y= 89, Z= 257 with , , , 
[2024-03-26 21:01:36] [world] The Player <GolemDaWanderer> has placed a sign at X= -580, Y= 89, Z= 259 with , , , 
[2024-03-26 21:03:35] [world] The Player <GolemDaWanderer> has placed a sign at X= -580, Y= 89, Z= 259 with GolemDaWanderer, 1, B 2000 S 2000, Skelly head
[2024-03-26 21:04:17] [world] The Player <GolemDaWanderer> has placed a sign at X= -580, Y= 89, Z= 259 with GolemDaWanderer, 1, B 100, Skull Item
[2024-03-26 21:05:13] [world] The Player <GolemDaWanderer> has placed a sign at X= -580, Y= 89, Z= 259 with GolemDaWanderer, 1, B 3000 S 10, Skull item
[2024-03-26 21:05:47] [world] The Player <GolemDaWanderer> has placed a sign at X= -580, Y= 89, Z= 259 with GolemDaWanderer, 1, B 1000, Water Bucket
[2024-03-26 21:08:07] [world] The Player <GolemDaWanderer> has placed a sign at X= -580, Y= 89, Z= 259 with GolemDaWanderer, 10, , 
[2024-03-26 21:11:09] [world] The Player <GolemDaWanderer> has placed a sign at X= -580, Y= 89, Z= 259 with GolemDaWanderer, 1, B 100, Diamond
