[2024-03-17 22:32:00] The Player <Milk_Frog> has joined on 2024-03-14 18:39:03
[2024-03-17 22:32:00] The Player <Char> has joined on 2024-03-11 13:47:05
[2024-03-17 22:32:00] The Player <TurtleDuck> has joined on 2024-03-16 18:44:58
[2024-03-17 22:32:00] The Player <Heinrich_Himmler> has joined on 2024-03-16 16:30:57
[2024-03-17 22:32:00] The Player <bagelz> has joined on 2024-03-11 19:08:11
[2024-03-17 22:32:05] The Player <Milk_Frog> has joined on 2024-03-14 18:39:03
[2024-03-17 22:32:05] The Player <Char> has joined on 2024-03-11 13:47:05
[2024-03-17 22:32:05] The Player <Heinrich_Himmler> has joined on 2024-03-16 16:30:57
[2024-03-17 22:32:05] The Player <bagelz> has joined on 2024-03-11 19:08:11
[2024-03-17 22:32:05] The Player <TurtleDuck> has joined on 2024-03-16 18:44:58
[2024-03-17 22:35:37] The Player <Milk_Frog> has joined on 2024-03-14 18:39:03
[2024-03-17 22:35:37] The Player <Char> has joined on 2024-03-11 13:47:05
[2024-03-17 22:35:37] The Player <bagelz> has joined on 2024-03-11 19:08:11
[2024-03-17 22:35:37] The Player <TurtleDuck> has joined on 2024-03-16 18:44:58
[2024-03-17 22:35:37] The Player <Heinrich_Himmler> has joined on 2024-03-16 16:30:57
[2024-03-17 22:35:37] The Player <Tester> has joined on 2024-03-11 19:31:04
[2024-03-17 22:38:38] The Player <Milk_Frog> has joined on 2024-03-14 18:39:03
[2024-03-17 22:38:38] The Player <Char> has joined on 2024-03-11 13:47:05
[2024-03-17 22:38:38] The Player <TurtleDuck> has joined on 2024-03-16 18:44:58
[2024-03-17 22:38:38] The Player <Tester> has joined on 2024-03-11 19:31:04
[2024-03-17 22:38:38] The Player <Heinrich_Himmler> has joined on 2024-03-16 16:30:57
[2024-03-17 22:38:38] The Player <bagelz> has joined on 2024-03-11 19:08:11
[2024-03-17 22:38:38] The Player <Brycethelegend> has joined on 2024-03-11 14:00:18
[2024-03-17 22:45:30] The Player <Milk_Frog> has joined on 2024-03-14 18:39:03
[2024-03-17 22:45:30] The Player <Char> has joined on 2024-03-11 13:47:05
[2024-03-17 22:45:30] The Player <TurtleDuck> has joined on 2024-03-16 18:44:58
[2024-03-17 22:45:30] The Player <bagelz> has joined on 2024-03-11 19:08:11
[2024-03-17 22:45:30] The Player <Brycethelegend> has joined on 2024-03-11 14:00:18
[2024-03-17 22:45:30] The Player <Tester> has joined on 2024-03-11 19:31:04
[2024-03-17 22:45:30] The Player <Heinrich_Himmler> has joined on 2024-03-16 16:30:57
[2024-03-17 22:45:30] The Player <NezukoChan> has joined on 2024-03-11 18:51:41
[2024-03-17 22:50:49] The Player <Milk_Frog> has joined on 2024-03-14 18:39:03
[2024-03-17 22:50:49] The Player <TurtleDuck> has joined on 2024-03-16 18:44:58
[2024-03-17 22:50:49] The Player <bagelz> has joined on 2024-03-11 19:08:11
[2024-03-17 22:50:49] The Player <Char> has joined on 2024-03-11 13:47:05
[2024-03-17 22:50:49] The Player <NezukoChan> has joined on 2024-03-11 18:51:41
[2024-03-17 22:50:49] The Player <Brycethelegend> has joined on 2024-03-11 14:00:18
[2024-03-17 22:50:49] The Player <Tester> has joined on 2024-03-11 19:31:04
[2024-03-17 22:50:49] The Player <Heinrich_Himmler> has joined on 2024-03-16 16:30:57
[2024-03-17 23:03:22] The Player <TurtleDuck> has joined on 2024-03-16 18:44:58
[2024-03-17 23:03:22] The Player <bagelz> has joined on 2024-03-11 19:08:11
[2024-03-17 23:03:22] The Player <Char> has joined on 2024-03-11 13:47:05
[2024-03-17 23:03:22] The Player <Tester> has joined on 2024-03-11 19:31:04
[2024-03-17 23:03:22] The Player <NezukoChan> has joined on 2024-03-11 18:51:41
[2024-03-17 23:03:22] The Player <Brycethelegend> has joined on 2024-03-11 14:00:18
[2024-03-17 23:03:22] The Player <Milk_Frog> has joined on 2024-03-14 18:39:03
[2024-03-17 23:07:10] The Player <TurtleDuck> has joined on 2024-03-16 18:44:58
[2024-03-17 23:07:10] The Player <bagelz> has joined on 2024-03-11 19:08:11
[2024-03-17 23:07:10] The Player <NezukoChan> has joined on 2024-03-11 18:51:41
[2024-03-17 23:07:10] The Player <Milk_Frog> has joined on 2024-03-14 18:39:03
[2024-03-17 23:07:10] The Player <Char> has joined on 2024-03-11 13:47:05
[2024-03-17 23:07:10] The Player <Brycethelegend> has joined on 2024-03-11 14:00:18
[2024-03-17 23:07:10] The Player <Tester> has joined on 2024-03-11 19:31:04
[2024-03-17 23:07:10] The Player <Koi> has joined on 2024-03-11 13:55:40
[2024-03-17 23:11:40] The Player <Char> has joined on 2024-03-11 13:47:05
[2024-03-17 23:20:31] The Player <Milk_Frog> has joined on 2024-03-14 18:39:03
[2024-03-17 23:20:31] The Player <TurtleDuck> has joined on 2024-03-16 18:44:58
[2024-03-17 23:20:31] The Player <Brycethelegend> has joined on 2024-03-11 14:00:18
[2024-03-17 23:20:31] The Player <NezukoChan> has joined on 2024-03-11 18:51:41
[2024-03-17 23:20:31] The Player <idkwhattoputhere> has joined on 2024-03-16 14:30:30
[2024-03-17 23:28:13] The Player <NezukoChan> has joined on 2024-03-11 18:51:41
[2024-03-17 23:28:13] The Player <Milk_Frog_> has joined on 2024-03-16 13:12:18
[2024-03-17 23:45:25] The Player <bagelz> has joined on 2024-03-11 19:08:11
[2024-03-17 23:45:25] The Player <NezukoChan> has joined on 2024-03-11 18:51:41
[2024-03-17 23:45:25] The Player <Tester_> has joined on 2024-03-11 21:29:59
[2024-03-18 01:17:59] The Player <Heinrich_Himmler> has joined on 2024-03-16 16:30:57
[2024-03-18 01:17:59] The Player <TurtleDuckh__uwb> has joined on 2024-03-18 01:17:59
