[2024-03-18 10:35:19] The Player <sharky> has joined on 2024-03-14 13:17:07
[2024-03-18 11:04:52] The Player <qwerty> has joined on 2024-03-13 13:57:24
[2024-03-18 11:11:10] The Player <qwerty> has joined on 2024-03-13 13:57:24
[2024-03-18 11:11:10] The Player <Mudkips_Rule> has joined on 2024-03-11 13:55:15
[2024-03-18 11:11:32] The Player <qwerty> has joined on 2024-03-13 13:57:24
[2024-03-18 11:11:32] The Player <Mudkips_Rule> has joined on 2024-03-11 13:55:15
[2024-03-18 11:11:32] The Player <Rip_Dogwater> has joined on 2024-03-12 20:29:21
[2024-03-18 11:19:49] The Player <qwerty> has joined on 2024-03-13 13:57:24
[2024-03-18 11:19:49] The Player <Mudkips_Rule> has joined on 2024-03-11 13:55:15
[2024-03-18 11:19:49] The Player <sharky> has joined on 2024-03-14 13:17:07
[2024-03-18 11:19:49] The Player <BigDickRandy> has joined on 2024-03-11 13:57:36
[2024-03-18 11:25:43] The Player <sharky> has joined on 2024-03-14 13:17:07
[2024-03-18 11:25:43] The Player <BigDickRandy> has joined on 2024-03-11 13:57:36
[2024-03-18 11:25:43] The Player <Rip_Dogwater> has joined on 2024-03-12 20:29:21
[2024-03-18 11:25:43] The Player <VeerIsKKK> has joined on 2024-03-11 14:11:23
[2024-03-18 11:30:12] The Player <sharky> has joined on 2024-03-14 13:17:07
[2024-03-18 11:30:12] The Player <BigDickRandy> has joined on 2024-03-11 13:57:36
[2024-03-18 11:30:12] The Player <The_Amazing_Yao> has joined on 2024-03-12 14:10:22
[2024-03-18 11:30:36] The Player <sharky> has joined on 2024-03-14 13:17:07
[2024-03-18 11:30:36] The Player <BigDickRandy> has joined on 2024-03-11 13:57:36
[2024-03-18 11:30:36] The Player <The_Amazing_Yao> has joined on 2024-03-12 14:10:22
[2024-03-18 11:30:36] The Player <proman50> has joined on 2024-03-13 14:38:03
[2024-03-18 11:41:42] The Player <sharky> has joined on 2024-03-14 13:17:07
[2024-03-18 11:41:42] The Player <Corner1> has joined on 2024-03-11 13:55:32
[2024-03-18 11:57:43] The Player <Corner1> has joined on 2024-03-11 13:55:32
[2024-03-18 11:57:43] The Player <character> has joined on 2024-03-13 13:53:44
[2024-03-18 12:04:26] The Player <Corner1> has joined on 2024-03-11 13:55:32
[2024-03-18 12:04:26] The Player <character> has joined on 2024-03-13 13:53:44
[2024-03-18 12:04:26] The Player <Brycethelegend> has joined on 2024-03-11 14:00:18
[2024-03-18 12:04:26] The Player <MrBlob2U> has joined on 2024-03-11 13:58:43
[2024-03-18 12:06:03] The Player <Corner1> has joined on 2024-03-11 13:55:32
[2024-03-18 12:06:03] The Player <character> has joined on 2024-03-13 13:53:44
[2024-03-18 12:06:03] The Player <Brycethelegend> has joined on 2024-03-11 14:00:18
[2024-03-18 12:06:03] The Player <MrBlob2U> has joined on 2024-03-11 13:58:43
[2024-03-18 12:06:03] The Player <Sword4001> has joined on 2024-03-12 16:25:18
[2024-03-18 12:24:43] The Player <Milk_Frog> has joined on 2024-03-14 18:39:03
[2024-03-18 12:24:43] The Player <NezukoChan> has joined on 2024-03-11 18:51:41
[2024-03-18 12:24:43] The Player <Brycethelegend> has joined on 2024-03-11 14:00:18
[2024-03-18 12:24:43] The Player <theproman3387> has joined on 2024-03-12 15:52:40
[2024-03-18 12:59:41] The Player <Tester> has joined on 2024-03-11 19:31:04
[2024-03-18 12:59:41] The Player <Brycethelegend> has joined on 2024-03-11 14:00:18
[2024-03-18 12:59:41] The Player <Char> has joined on 2024-03-11 13:47:05
[2024-03-18 12:59:41] The Player <kirbo> has joined on 2024-03-13 13:25:06
[2024-03-18 13:01:08] The Player <Tester> has joined on 2024-03-11 19:31:04
[2024-03-18 13:01:08] The Player <Brycethelegend> has joined on 2024-03-11 14:00:18
[2024-03-18 13:01:08] The Player <WienerDogFace> has joined on 2024-03-11 13:58:39
[2024-03-18 13:46:47] The Player <WienerDogFace> has joined on 2024-03-11 13:58:39
[2024-03-18 13:46:47] The Player <Tester> has joined on 2024-03-11 19:31:04
[2024-03-18 13:46:47] The Player <Koi> has joined on 2024-03-11 13:55:40
[2024-03-18 13:46:47] The Player <Rip_Dogwater> has joined on 2024-03-12 20:29:21
[2024-03-18 13:46:47] The Player <A_Random_Person> has joined on 2024-03-11 13:58:36
[2024-03-18 13:48:52] The Player <Tester> has joined on 2024-03-11 19:31:04
[2024-03-18 13:48:52] The Player <Koi> has joined on 2024-03-11 13:55:40
[2024-03-18 13:48:52] The Player <Rip_Dogwater> has joined on 2024-03-12 20:29:21
[2024-03-18 13:48:52] The Player <A_Random_Person> has joined on 2024-03-11 13:58:36
[2024-03-18 13:48:52] The Player <Sword4001> has joined on 2024-03-12 16:25:18
[2024-03-18 13:48:52] The Player <Mudkips_Rule> has joined on 2024-03-11 13:55:15
[2024-03-18 13:48:52] The Player <sharky> has joined on 2024-03-14 13:17:07
[2024-03-18 13:48:52] The Player <The_Amazing_Yao> has joined on 2024-03-12 14:10:22
[2024-03-18 13:48:52] The Player <qwerty> has joined on 2024-03-13 13:57:24
[2024-03-18 13:48:52] The Player <MrBlob2U> has joined on 2024-03-11 13:58:43
[2024-03-18 13:48:52] The Player <Corner1> has joined on 2024-03-11 13:55:32
[2024-03-18 13:48:52] The Player <somebody139> has joined on 2024-03-18 13:48:52
[2024-03-18 13:52:47] The Player <Sword4001> has joined on 2024-03-12 16:25:18
[2024-03-18 13:52:47] The Player <Corner1> has joined on 2024-03-11 13:55:32
[2024-03-18 13:52:47] The Player <Rip_Dogwater> has joined on 2024-03-12 20:29:21
[2024-03-18 13:52:47] The Player <Tester> has joined on 2024-03-11 19:31:04
[2024-03-18 13:52:47] The Player <A_Random_Person> has joined on 2024-03-11 13:58:36
[2024-03-18 13:52:47] The Player <Mudkips_Rule> has joined on 2024-03-11 13:55:15
[2024-03-18 13:52:47] The Player <Brycethelegend> has joined on 2024-03-11 14:00:18
[2024-03-18 13:52:47] The Player <Koi> has joined on 2024-03-11 13:55:40
[2024-03-18 13:52:47] The Player <VeerIsKKK> has joined on 2024-03-11 14:11:23
[2024-03-18 13:52:47] The Player <hi_> has joined on 2024-03-12 18:47:01
[2024-03-18 13:53:07] The Player <Sword4001> has joined on 2024-03-12 16:25:18
[2024-03-18 13:53:07] The Player <Corner1> has joined on 2024-03-11 13:55:32
[2024-03-18 13:53:07] The Player <Rip_Dogwater> has joined on 2024-03-12 20:29:21
[2024-03-18 13:53:07] The Player <Tester> has joined on 2024-03-11 19:31:04
[2024-03-18 13:53:07] The Player <A_Random_Person> has joined on 2024-03-11 13:58:36
[2024-03-18 13:53:07] The Player <Mudkips_Rule> has joined on 2024-03-11 13:55:15
[2024-03-18 13:53:07] The Player <Brycethelegend> has joined on 2024-03-11 14:00:18
[2024-03-18 13:53:07] The Player <Koi> has joined on 2024-03-11 13:55:40
[2024-03-18 13:53:07] The Player <VeerIsKKK> has joined on 2024-03-11 14:11:23
[2024-03-18 13:53:07] The Player <hi_> has joined on 2024-03-12 18:47:01
[2024-03-18 13:53:07] The Player <character> has joined on 2024-03-13 13:53:44
[2024-03-18 13:53:07] The Player <qwerty> has joined on 2024-03-13 13:57:24
[2024-03-18 13:53:07] The Player <sharky> has joined on 2024-03-14 13:17:07
[2024-03-18 13:53:07] The Player <digbick> has joined on 2024-03-13 12:35:19
[2024-03-18 13:53:33] The Player <Sword4001> has joined on 2024-03-12 16:25:18
[2024-03-18 13:53:33] The Player <Corner1> has joined on 2024-03-11 13:55:32
[2024-03-18 13:53:33] The Player <Rip_Dogwater> has joined on 2024-03-12 20:29:21
[2024-03-18 13:53:33] The Player <Tester> has joined on 2024-03-11 19:31:04
[2024-03-18 13:53:33] The Player <A_Random_Person> has joined on 2024-03-11 13:58:36
[2024-03-18 13:53:33] The Player <Mudkips_Rule> has joined on 2024-03-11 13:55:15
[2024-03-18 13:53:33] The Player <Brycethelegend> has joined on 2024-03-11 14:00:18
[2024-03-18 13:53:33] The Player <Koi> has joined on 2024-03-11 13:55:40
[2024-03-18 13:53:33] The Player <VeerIsKKK> has joined on 2024-03-11 14:11:23
[2024-03-18 13:53:33] The Player <hi_> has joined on 2024-03-12 18:47:01
[2024-03-18 13:53:33] The Player <character> has joined on 2024-03-13 13:53:44
[2024-03-18 13:53:33] The Player <sharky> has joined on 2024-03-14 13:17:07
[2024-03-18 13:53:33] The Player <digbick> has joined on 2024-03-13 12:35:19
[2024-03-18 13:53:33] The Player <Char> has joined on 2024-03-11 13:47:05
[2024-03-18 13:53:33] The Player <WienerDogFace> has joined on 2024-03-11 13:58:39
[2024-03-18 13:53:33] The Player <Gakzilla> has joined on 2024-03-11 13:56:24
[2024-03-18 13:54:56] The Player <Sword4001> has joined on 2024-03-12 16:25:18
[2024-03-18 13:54:56] The Player <Corner1> has joined on 2024-03-11 13:55:32
[2024-03-18 13:54:56] The Player <Rip_Dogwater> has joined on 2024-03-12 20:29:21
[2024-03-18 13:54:56] The Player <Tester> has joined on 2024-03-11 19:31:04
[2024-03-18 13:54:56] The Player <A_Random_Person> has joined on 2024-03-11 13:58:36
[2024-03-18 13:54:56] The Player <Mudkips_Rule> has joined on 2024-03-11 13:55:15
[2024-03-18 13:54:56] The Player <Koi> has joined on 2024-03-11 13:55:40
[2024-03-18 13:54:56] The Player <VeerIsKKK> has joined on 2024-03-11 14:11:23
[2024-03-18 13:54:56] The Player <hi_> has joined on 2024-03-12 18:47:01
[2024-03-18 13:54:56] The Player <sharky> has joined on 2024-03-14 13:17:07
[2024-03-18 13:54:56] The Player <WienerDogFace> has joined on 2024-03-11 13:58:39
[2024-03-18 13:54:56] The Player <somebody139> has joined on 2024-03-18 13:48:52
[2024-03-18 13:54:56] The Player <Brycethelegend> has joined on 2024-03-11 14:00:18
[2024-03-18 13:54:56] The Player <Gakzilla> has joined on 2024-03-11 13:56:24
[2024-03-18 13:54:56] The Player <character> has joined on 2024-03-13 13:53:44
[2024-03-18 13:54:56] The Player <I_am_amazing> has joined on 2024-03-11 17:46:49
[2024-03-18 13:55:06] The Player <Sword4001> has joined on 2024-03-12 16:25:18
[2024-03-18 13:55:06] The Player <Corner1> has joined on 2024-03-11 13:55:32
[2024-03-18 13:55:06] The Player <Rip_Dogwater> has joined on 2024-03-12 20:29:21
[2024-03-18 13:55:06] The Player <Tester> has joined on 2024-03-11 19:31:04
[2024-03-18 13:55:06] The Player <A_Random_Person> has joined on 2024-03-11 13:58:36
[2024-03-18 13:55:06] The Player <Mudkips_Rule> has joined on 2024-03-11 13:55:15
[2024-03-18 13:55:06] The Player <Koi> has joined on 2024-03-11 13:55:40
[2024-03-18 13:55:06] The Player <VeerIsKKK> has joined on 2024-03-11 14:11:23
[2024-03-18 13:55:06] The Player <hi_> has joined on 2024-03-12 18:47:01
[2024-03-18 13:55:06] The Player <sharky> has joined on 2024-03-14 13:17:07
[2024-03-18 13:55:06] The Player <WienerDogFace> has joined on 2024-03-11 13:58:39
[2024-03-18 13:55:06] The Player <somebody139> has joined on 2024-03-18 13:48:52
[2024-03-18 13:55:06] The Player <Brycethelegend> has joined on 2024-03-11 14:00:18
[2024-03-18 13:55:06] The Player <Gakzilla> has joined on 2024-03-11 13:56:24
[2024-03-18 13:55:06] The Player <character> has joined on 2024-03-13 13:53:44
[2024-03-18 13:55:06] The Player <I_am_amazing> has joined on 2024-03-11 17:46:49
[2024-03-18 13:55:06] The Player <Dio> has joined on 2024-03-15 16:03:45
[2024-03-18 13:56:57] The Player <Corner1> has joined on 2024-03-11 13:55:32
[2024-03-18 13:56:57] The Player <A_Random_Person> has joined on 2024-03-11 13:58:36
[2024-03-18 13:56:57] The Player <Mudkips_Rule> has joined on 2024-03-11 13:55:15
[2024-03-18 13:56:57] The Player <Koi> has joined on 2024-03-11 13:55:40
[2024-03-18 13:56:57] The Player <sharky> has joined on 2024-03-14 13:17:07
[2024-03-18 13:56:57] The Player <Brycethelegend> has joined on 2024-03-11 14:00:18
[2024-03-18 13:56:57] The Player <Gakzilla> has joined on 2024-03-11 13:56:24
[2024-03-18 13:56:57] The Player <character> has joined on 2024-03-13 13:53:44
[2024-03-18 13:56:57] The Player <I_am_amazing> has joined on 2024-03-11 17:46:49
[2024-03-18 13:56:57] The Player <somebody139> has joined on 2024-03-18 13:48:52
[2024-03-18 13:56:57] The Player <Sword4001> has joined on 2024-03-12 16:25:18
[2024-03-18 13:56:57] The Player <WienerDogFace> has joined on 2024-03-11 13:58:39
[2024-03-18 13:56:57] The Player <VeerIsKKK> has joined on 2024-03-11 14:11:23
[2024-03-18 13:56:57] The Player <Pog4lifepeople> has joined on 2024-03-11 14:22:04
[2024-03-18 14:04:00] The Player <A_Random_Person> has joined on 2024-03-11 13:58:36
[2024-03-18 14:04:00] The Player <character> has joined on 2024-03-13 13:53:44
[2024-03-18 14:04:00] The Player <I_am_amazing> has joined on 2024-03-11 17:46:49
[2024-03-18 14:04:00] The Player <Tester> has joined on 2024-03-11 19:31:04
[2024-03-18 14:04:00] The Player <WienerDogFace> has joined on 2024-03-11 13:58:39
[2024-03-18 14:04:00] The Player <Brycethelegend> has joined on 2024-03-11 14:00:18
[2024-03-18 14:04:00] The Player <Mudkips_Rule> has joined on 2024-03-11 13:55:15
[2024-03-18 14:04:00] The Player <sharky> has joined on 2024-03-14 13:17:07
[2024-03-18 14:04:00] The Player <digbick> has joined on 2024-03-13 12:35:19
[2024-03-18 14:04:00] The Player <VeerIsKKK> has joined on 2024-03-11 14:11:23
[2024-03-18 14:04:00] The Player <somebody139> has joined on 2024-03-18 13:48:52
[2024-03-18 14:04:00] The Player <Biggie_Vinny> has joined on 2024-03-13 17:20:43
[2024-03-18 14:08:43] The Player <A_Random_Person> has joined on 2024-03-11 13:58:36
[2024-03-18 14:08:43] The Player <character> has joined on 2024-03-13 13:53:44
[2024-03-18 14:08:43] The Player <I_am_amazing> has joined on 2024-03-11 17:46:49
[2024-03-18 14:08:43] The Player <sharky> has joined on 2024-03-14 13:17:07
[2024-03-18 14:08:43] The Player <MrBlob2U> has joined on 2024-03-11 13:58:43
[2024-03-18 14:08:43] The Player <somebody139> has joined on 2024-03-18 13:48:52
[2024-03-18 14:08:43] The Player <Corner1> has joined on 2024-03-11 13:55:32
[2024-03-18 14:08:43] The Player <Brycethelegend> has joined on 2024-03-11 14:00:18
[2024-03-18 14:08:43] The Player <Tester> has joined on 2024-03-11 19:31:04
[2024-03-18 14:08:43] The Player <Dave_TheCoolguy_> has joined on 2024-03-15 11:23:25
[2024-03-18 14:11:06] The Player <character> has joined on 2024-03-13 13:53:44
[2024-03-18 14:11:06] The Player <I_am_amazing> has joined on 2024-03-11 17:46:49
[2024-03-18 14:11:06] The Player <sharky> has joined on 2024-03-14 13:17:07
[2024-03-18 14:11:06] The Player <MrBlob2U> has joined on 2024-03-11 13:58:43
[2024-03-18 14:11:06] The Player <somebody139> has joined on 2024-03-18 13:48:52
[2024-03-18 14:11:06] The Player <Dave_TheCoolguy_> has joined on 2024-03-15 11:23:25
[2024-03-18 14:11:06] The Player <The_Amazing_Yao> has joined on 2024-03-12 14:10:22
[2024-03-18 14:11:06] The Player <Brycethelegend> has joined on 2024-03-11 14:00:18
[2024-03-18 14:11:06] The Player <WienerDogFace> has joined on 2024-03-11 13:58:39
[2024-03-18 14:11:06] The Player <Rip_Dogwater> has joined on 2024-03-12 20:29:21
[2024-03-18 14:11:06] The Player <proman50_> has joined on 2024-03-18 14:11:06
[2024-03-18 14:11:46] The Player <character> has joined on 2024-03-13 13:53:44
[2024-03-18 14:11:46] The Player <I_am_amazing> has joined on 2024-03-11 17:46:49
[2024-03-18 14:11:46] The Player <sharky> has joined on 2024-03-14 13:17:07
[2024-03-18 14:11:46] The Player <MrBlob2U> has joined on 2024-03-11 13:58:43
[2024-03-18 14:11:46] The Player <somebody139> has joined on 2024-03-18 13:48:52
[2024-03-18 14:11:46] The Player <Dave_TheCoolguy_> has joined on 2024-03-15 11:23:25
[2024-03-18 14:11:46] The Player <Brycethelegend> has joined on 2024-03-11 14:00:18
[2024-03-18 14:11:46] The Player <WienerDogFace> has joined on 2024-03-11 13:58:39
[2024-03-18 14:11:46] The Player <proman50_> has joined on 2024-03-18 14:11:06
[2024-03-18 14:11:46] The Player <The_Amazing_Yao> has joined on 2024-03-12 14:10:22
[2024-03-18 14:11:46] The Player <MonkeyTrainer> has joined on 2024-03-14 15:52:28
[2024-03-18 14:41:28] The Player <MrBlob2U> has joined on 2024-03-11 13:58:43
[2024-03-18 14:41:28] The Player <proman50> has joined on 2024-03-13 14:38:03
[2024-03-18 14:41:28] The Player <character> has joined on 2024-03-13 13:53:44
[2024-03-18 14:41:28] The Player <Dave_TheCoolguy_> has joined on 2024-03-15 11:23:25
[2024-03-18 14:41:28] The Player <Koi> has joined on 2024-03-11 13:55:40
[2024-03-18 14:41:28] The Player <MonkeyTrainer> has joined on 2024-03-14 15:52:28
[2024-03-18 14:41:28] The Player <The_Amazing_Yao> has joined on 2024-03-12 14:10:22
[2024-03-18 14:41:28] The Player <Tester> has joined on 2024-03-11 19:31:04
[2024-03-18 14:41:28] The Player <WienerDogFace> has joined on 2024-03-11 13:58:39
[2024-03-18 14:41:28] The Player <Mudkips_Rule> has joined on 2024-03-11 13:55:15
[2024-03-18 14:41:28] The Player <Rip_Dogwater> has joined on 2024-03-12 20:29:21
[2024-03-18 14:41:28] The Player <VeerIsKKK> has joined on 2024-03-11 14:11:23
[2024-03-18 14:41:28] The Player <qweqazz> has joined on 2024-03-18 14:41:28
[2024-03-18 14:48:38] The Player <Brycethelegend> has joined on 2024-03-11 14:00:18
[2024-03-18 14:48:38] The Player <digbick> has joined on 2024-03-13 12:35:19
[2024-03-18 14:48:38] The Player <MR_PASTOR_GOD> has joined on 2024-03-18 14:48:38
[2024-03-18 15:05:49] The Player <Rip_Dogwater> has joined on 2024-03-12 20:29:21
[2024-03-18 15:05:49] The Player <qwerty> has joined on 2024-03-13 13:57:24
[2024-03-18 15:05:49] The Player <hexa> has joined on 2024-03-18 15:05:49
[2024-03-18 15:37:52] The Player <qwerty> has joined on 2024-03-13 13:57:24
[2024-03-18 15:37:52] The Player <character> has joined on 2024-03-13 13:53:44
[2024-03-18 15:37:52] The Player <MrBlob2U> has joined on 2024-03-11 13:58:43
[2024-03-18 15:37:52] The Player <Milk_Frog> has joined on 2024-03-14 18:39:03
[2024-03-18 15:37:52] The Player <Tester> has joined on 2024-03-11 19:31:04
[2024-03-18 15:37:52] The Player <A_Random_Person> has joined on 2024-03-11 13:58:36
[2024-03-18 15:37:52] The Player <Char> has joined on 2024-03-11 13:47:05
[2024-03-18 15:37:52] The Player <Uwupapa> has joined on 2024-03-12 13:58:21
[2024-03-18 15:52:59] The Player <A_Random_Person> has joined on 2024-03-11 13:58:36
[2024-03-18 15:52:59] The Player <qwerty> has joined on 2024-03-13 13:57:24
[2024-03-18 15:52:59] The Player <Rip_Dogwater> has joined on 2024-03-12 20:29:21
[2024-03-18 15:52:59] The Player <WienerDogFace> has joined on 2024-03-11 13:58:39
[2024-03-18 15:52:59] The Player <Milk_Frog> has joined on 2024-03-14 18:39:03
[2024-03-18 15:52:59] The Player <General_Rihan> has joined on 2024-03-11 15:08:52
[2024-03-18 16:06:39] The Player <WienerDogFace> has joined on 2024-03-11 13:58:39
[2024-03-18 16:06:39] The Player <Milk_Frog> has joined on 2024-03-14 18:39:03
[2024-03-18 16:06:39] The Player <NezukoChan> has joined on 2024-03-11 18:51:41
[2024-03-18 16:06:39] The Player <Mudkips_Rule> has joined on 2024-03-11 13:55:15
[2024-03-18 16:06:39] The Player <hexa> has joined on 2024-03-18 15:05:49
[2024-03-18 16:06:39] The Player <Rip_WillOfTheD> has joined on 2024-03-11 14:15:04
[2024-03-18 22:42:28] The Player <NezukoChan> has joined on 2024-03-11 18:51:41
[2024-03-18 22:42:28] The Player <Tester> has joined on 2024-03-11 19:31:04
[2024-03-18 22:42:28] The Player <TurtleDuck> has joined on 2024-03-16 18:44:58
[2024-03-18 22:42:28] The Player <astronomy> has joined on 2024-03-18 22:42:28
