[2024-03-19 12:20:29] The Player <qwerty> has joined on 2024-03-13 13:57:24
[2024-03-19 12:20:29] The Player <I_am_amazing> has joined on 2024-03-11 17:46:49
[2024-03-19 12:20:29] The Player <sharky> has joined on 2024-03-14 13:17:07
[2024-03-19 12:20:29] The Player <YiggDarvler279> has joined on 2024-03-19 12:20:29
[2024-03-19 12:24:25] The Player <I_am_amazing> has joined on 2024-03-11 17:46:49
[2024-03-19 12:24:25] The Player <WienerDogFace> has joined on 2024-03-11 13:58:39
[2024-03-19 12:24:25] The Player <Get_dick_slapped> has joined on 2024-03-19 12:24:25
[2024-03-19 12:27:00] The Player <WienerDogFace> has joined on 2024-03-11 13:58:39
[2024-03-19 12:27:00] The Player <qwerty> has joined on 2024-03-13 13:57:24
[2024-03-19 12:27:00] The Player <sharky> has joined on 2024-03-14 13:17:07
[2024-03-19 12:27:00] The Player <Get_dick_slapped> has joined on 2024-03-19 12:24:25
[2024-03-19 12:27:00] The Player <I_am_amazing> has joined on 2024-03-11 17:46:49
[2024-03-19 12:27:00] The Player <Dave_TheCoolGuy> has joined on 2024-03-19 12:26:59
[2024-03-19 12:38:59] The Player <Milk_Frog> has joined on 2024-03-14 18:39:03
[2024-03-19 12:38:59] The Player <Get_dick_slapped> has joined on 2024-03-19 12:24:25
[2024-03-19 12:38:59] The Player <WienerDogFace> has joined on 2024-03-11 13:58:39
[2024-03-19 12:38:59] The Player <Dave_TheCoolGuy> has joined on 2024-03-19 12:26:59
[2024-03-19 12:38:59] The Player <sharky> has joined on 2024-03-14 13:17:07
[2024-03-19 12:38:59] The Player <VoolVigg648hb> has joined on 2024-03-19 12:38:58
[2024-03-19 12:40:34] The Player <Milk_Frog> has joined on 2024-03-14 18:39:03
[2024-03-19 12:40:34] The Player <Get_dick_slapped> has joined on 2024-03-19 12:24:25
[2024-03-19 12:40:34] The Player <Dave_TheCoolGuy> has joined on 2024-03-19 12:26:59
[2024-03-19 12:40:34] The Player <sharky> has joined on 2024-03-14 13:17:07
[2024-03-19 12:40:34] The Player <VoolVigg648hb> has joined on 2024-03-19 12:38:58
[2024-03-19 12:40:34] The Player <WienerDogFace> has joined on 2024-03-11 13:58:39
[2024-03-19 12:40:34] The Player <dhar> has joined on 2024-03-14 17:08:48
[2024-03-19 13:58:55] The Player <qwerty> has joined on 2024-03-13 13:57:24
[2024-03-19 13:58:55] The Player <MrBlob2U> has joined on 2024-03-11 13:58:43
[2024-03-19 13:58:55] The Player <A_Random_Doggo> has joined on 2024-03-19 13:58:55
[2024-03-19 13:59:05] The Player <qwerty> has joined on 2024-03-13 13:57:24
[2024-03-19 13:59:05] The Player <MrBlob2U> has joined on 2024-03-11 13:58:43
[2024-03-19 13:59:05] The Player <A_Random_Doggo> has joined on 2024-03-19 13:58:55
[2024-03-19 13:59:05] The Player <somebody139> has joined on 2024-03-18 13:48:52
[2024-03-19 13:59:05] The Player <sharky> has joined on 2024-03-14 13:17:07
[2024-03-19 13:59:05] The Player <WienerDogFace> has joined on 2024-03-11 13:58:39
[2024-03-19 13:59:05] The Player <Rip_Dogwater> has joined on 2024-03-12 20:29:21
[2024-03-19 13:59:05] The Player <YiggYeeish194> has joined on 2024-03-19 13:59:05
[2024-03-19 13:59:30] The Player <MrBlob2U> has joined on 2024-03-11 13:58:43
[2024-03-19 13:59:30] The Player <A_Random_Doggo> has joined on 2024-03-19 13:58:55
[2024-03-19 13:59:30] The Player <sharky> has joined on 2024-03-14 13:17:07
[2024-03-19 13:59:30] The Player <WienerDogFace> has joined on 2024-03-11 13:58:39
[2024-03-19 13:59:30] The Player <Rip_Dogwater> has joined on 2024-03-12 20:29:21
[2024-03-19 13:59:30] The Player <YiggYeeish194> has joined on 2024-03-19 13:59:05
[2024-03-19 13:59:30] The Player <hi_> has joined on 2024-03-12 18:47:01
[2024-03-19 13:59:30] The Player <VeerIsKKK> has joined on 2024-03-11 14:11:23
[2024-03-19 13:59:30] The Player <Milk_Frog> has joined on 2024-03-14 18:39:03
[2024-03-19 13:59:30] The Player <qwerty> has joined on 2024-03-13 13:57:24
[2024-03-19 13:59:30] The Player <minigamer> has joined on 2024-03-12 13:59:07
[2024-03-19 14:00:24] The Player <MrBlob2U> has joined on 2024-03-11 13:58:43
[2024-03-19 14:00:24] The Player <A_Random_Doggo> has joined on 2024-03-19 13:58:55
[2024-03-19 14:00:24] The Player <sharky> has joined on 2024-03-14 13:17:07
[2024-03-19 14:00:24] The Player <WienerDogFace> has joined on 2024-03-11 13:58:39
[2024-03-19 14:00:24] The Player <hi_> has joined on 2024-03-12 18:47:01
[2024-03-19 14:00:24] The Player <Milk_Frog> has joined on 2024-03-14 18:39:03
[2024-03-19 14:00:24] The Player <qwerty> has joined on 2024-03-13 13:57:24
[2024-03-19 14:00:24] The Player <Rip_Dogwater> has joined on 2024-03-12 20:29:21
[2024-03-19 14:00:24] The Player <somebody139> has joined on 2024-03-18 13:48:52
[2024-03-19 14:00:24] The Player <Gakzilla> has joined on 2024-03-11 13:56:24
[2024-03-19 14:00:24] The Player <minigamer> has joined on 2024-03-12 13:59:07
[2024-03-19 14:00:24] The Player <TheAmazingYao> has joined on 2024-03-19 14:00:24
[2024-03-19 14:11:15] The Player <Milk_Frog> has joined on 2024-03-14 18:39:03
[2024-03-19 14:11:15] The Player <WienerDogFace> has joined on 2024-03-11 13:58:39
[2024-03-19 14:11:15] The Player <qwerty> has joined on 2024-03-13 13:57:24
[2024-03-19 14:11:15] The Player <Dave_TheCoolGuy> has joined on 2024-03-19 12:26:59
[2024-03-19 14:11:15] The Player <sharky> has joined on 2024-03-14 13:17:07
[2024-03-19 14:11:15] The Player <dick_slap> has joined on 2024-03-19 14:11:13
[2024-03-19 21:53:47] The Player <YeeYee150> has joined on 2024-03-19 21:53:47
[2024-03-20 01:34:09] The Player <astronomy> has joined on 2024-03-18 22:42:28
[2024-03-20 01:34:09] The Player <_hexa> has joined on 2024-03-20 01:34:09
[2024-03-20 10:10:00] The Player <GolemDaWanderer> has joined on 2024-03-11 18:42:56
[2024-03-20 12:18:28] The Player <digbick> has joined on 2024-03-13 12:35:19
[2024-03-20 12:18:28] The Player <hexa> has joined on 2024-03-18 15:05:49
[2024-03-20 12:18:28] The Player <Tester> has joined on 2024-03-11 19:31:04
[2024-03-20 12:18:28] The Player <Milk_Frog> has joined on 2024-03-14 18:39:03
[2024-03-20 12:18:28] The Player <NeuzkoChan> has joined on 2024-03-20 12:18:28
[2024-03-20 12:29:03] The Player <digbick> has joined on 2024-03-13 12:35:19
[2024-03-20 12:29:03] The Player <hexa> has joined on 2024-03-18 15:05:49
[2024-03-20 12:29:03] The Player <Tester> has joined on 2024-03-11 19:31:04
[2024-03-20 12:29:03] The Player <astronomy> has joined on 2024-03-18 22:42:28
[2024-03-20 12:29:03] The Player <sharky> has joined on 2024-03-14 13:17:07
[2024-03-20 12:29:03] The Player <NezukoChan> has joined on 2024-03-11 18:51:41
[2024-03-20 12:29:03] The Player <suhirat> has joined on 2024-03-20 12:29:03
[2024-03-20 12:52:52] The Player <NezukoChan> has joined on 2024-03-11 18:51:41
[2024-03-20 12:52:52] The Player <Tester> has joined on 2024-03-11 19:31:04
[2024-03-20 12:52:52] The Player <sharky> has joined on 2024-03-14 13:17:07
[2024-03-20 12:52:52] The Player <hexa> has joined on 2024-03-18 15:05:49
[2024-03-20 12:52:52] The Player <digbick> has joined on 2024-03-13 12:35:19
[2024-03-20 12:52:52] The Player <suhiratn_> has joined on 2024-03-20 12:52:52
[2024-03-20 12:53:57] The Player <NezukoChan> has joined on 2024-03-11 18:51:41
[2024-03-20 12:53:57] The Player <Tester> has joined on 2024-03-11 19:31:04
[2024-03-20 12:53:57] The Player <hexa> has joined on 2024-03-18 15:05:49
[2024-03-20 12:53:57] The Player <suhiratn_> has joined on 2024-03-20 12:52:52
[2024-03-20 12:53:57] The Player <digbick> has joined on 2024-03-13 12:35:19
[2024-03-20 12:53:57] The Player <ananogre> has joined on 2024-03-20 12:53:57
[2024-03-20 13:53:43] The Player <Tester> has joined on 2024-03-11 19:31:04
[2024-03-20 13:53:43] The Player <digbick> has joined on 2024-03-13 12:35:19
[2024-03-20 13:53:43] The Player <hexa> has joined on 2024-03-18 15:05:49
[2024-03-20 13:53:43] The Player <Sword4001> has joined on 2024-03-12 16:25:18
[2024-03-20 13:53:43] The Player <Mudkips_Rule> has joined on 2024-03-11 13:55:15
[2024-03-20 13:53:43] The Player <Corner1> has joined on 2024-03-11 13:55:32
[2024-03-20 13:53:43] The Player <MrBlob2U> has joined on 2024-03-11 13:58:43
[2024-03-20 13:53:43] The Player <I_am_amazing> has joined on 2024-03-11 17:46:49
[2024-03-20 13:53:43] The Player <kumquat> has joined on 2024-03-20 13:53:43
[2024-03-20 13:55:35] The Player <Tester> has joined on 2024-03-11 19:31:04
[2024-03-20 13:55:35] The Player <digbick> has joined on 2024-03-13 12:35:19
[2024-03-20 13:55:35] The Player <hexa> has joined on 2024-03-18 15:05:49
[2024-03-20 13:55:35] The Player <Sword4001> has joined on 2024-03-12 16:25:18
[2024-03-20 13:55:35] The Player <Mudkips_Rule> has joined on 2024-03-11 13:55:15
[2024-03-20 13:55:35] The Player <Corner1> has joined on 2024-03-11 13:55:32
[2024-03-20 13:55:35] The Player <I_am_amazing> has joined on 2024-03-11 17:46:49
[2024-03-20 13:55:35] The Player <kumquat> has joined on 2024-03-20 13:53:43
[2024-03-20 13:55:35] The Player <sharky> has joined on 2024-03-14 13:17:07
[2024-03-20 13:55:35] The Player <character> has joined on 2024-03-13 13:53:44
[2024-03-20 13:55:35] The Player <qwerty> has joined on 2024-03-13 13:57:24
[2024-03-20 13:55:35] The Player <Gakzilla> has joined on 2024-03-11 13:56:24
[2024-03-20 13:55:35] The Player <MrBlob2U> has joined on 2024-03-11 13:58:43
[2024-03-20 13:55:35] The Player <somebody139> has joined on 2024-03-18 13:48:52
[2024-03-20 13:55:35] The Player <Brycethelegend> has joined on 2024-03-11 14:00:18
[2024-03-20 13:55:35] The Player <NezukoChan> has joined on 2024-03-11 18:51:41
[2024-03-20 13:55:35] The Player <VeerIsKKK> has joined on 2024-03-11 14:11:23
[2024-03-20 13:55:35] The Player <ESPN_creator> has joined on 2024-03-20 13:55:35
[2024-03-20 13:56:07] The Player <Tester> has joined on 2024-03-11 19:31:04
[2024-03-20 13:56:07] The Player <hexa> has joined on 2024-03-18 15:05:49
[2024-03-20 13:56:07] The Player <Sword4001> has joined on 2024-03-12 16:25:18
[2024-03-20 13:56:07] The Player <Mudkips_Rule> has joined on 2024-03-11 13:55:15
[2024-03-20 13:56:07] The Player <Corner1> has joined on 2024-03-11 13:55:32
[2024-03-20 13:56:07] The Player <I_am_amazing> has joined on 2024-03-11 17:46:49
[2024-03-20 13:56:07] The Player <kumquat> has joined on 2024-03-20 13:53:43
[2024-03-20 13:56:07] The Player <sharky> has joined on 2024-03-14 13:17:07
[2024-03-20 13:56:07] The Player <character> has joined on 2024-03-13 13:53:44
[2024-03-20 13:56:07] The Player <qwerty> has joined on 2024-03-13 13:57:24
[2024-03-20 13:56:07] The Player <Gakzilla> has joined on 2024-03-11 13:56:24
[2024-03-20 13:56:07] The Player <MrBlob2U> has joined on 2024-03-11 13:58:43
[2024-03-20 13:56:07] The Player <somebody139> has joined on 2024-03-18 13:48:52
[2024-03-20 13:56:07] The Player <NezukoChan> has joined on 2024-03-11 18:51:41
[2024-03-20 13:56:07] The Player <VeerIsKKK> has joined on 2024-03-11 14:11:23
[2024-03-20 13:56:07] The Player <ESPN_creator> has joined on 2024-03-20 13:55:35
[2024-03-20 13:56:07] The Player <Brycethelegend> has joined on 2024-03-11 14:00:18
[2024-03-20 13:56:07] The Player <digbick> has joined on 2024-03-13 12:35:19
[2024-03-20 13:56:07] The Player <astronomy_> has joined on 2024-03-20 13:56:07
[2024-03-20 14:01:08] The Player <Mudkips_Rule> has joined on 2024-03-11 13:55:15
[2024-03-20 14:01:08] The Player <Corner1> has joined on 2024-03-11 13:55:32
[2024-03-20 14:01:08] The Player <I_am_amazing> has joined on 2024-03-11 17:46:49
[2024-03-20 14:01:08] The Player <sharky> has joined on 2024-03-14 13:17:07
[2024-03-20 14:01:08] The Player <character> has joined on 2024-03-13 13:53:44
[2024-03-20 14:01:08] The Player <qwerty> has joined on 2024-03-13 13:57:24
[2024-03-20 14:01:08] The Player <NezukoChan> has joined on 2024-03-11 18:51:41
[2024-03-20 14:01:08] The Player <VeerIsKKK> has joined on 2024-03-11 14:11:23
[2024-03-20 14:01:08] The Player <ESPN_creator> has joined on 2024-03-20 13:55:35
[2024-03-20 14:01:08] The Player <Tester> has joined on 2024-03-11 19:31:04
[2024-03-20 14:01:08] The Player <astronomy> has joined on 2024-03-18 22:42:28
[2024-03-20 14:01:08] The Player <WienerDogFace> has joined on 2024-03-11 13:58:39
[2024-03-20 14:01:08] The Player <kumquat> has joined on 2024-03-20 13:53:43
[2024-03-20 14:01:08] The Player <hexa> has joined on 2024-03-18 15:05:49
[2024-03-20 14:01:08] The Player <A_Random_Person> has joined on 2024-03-11 13:58:36
[2024-03-20 14:01:08] The Player <Sword4001> has joined on 2024-03-12 16:25:18
[2024-03-20 14:01:08] The Player <Brycethelegend> has joined on 2024-03-11 14:00:18
[2024-03-20 14:01:08] The Player <Rip_Dogwater> has joined on 2024-03-12 20:29:21
[2024-03-20 14:01:08] The Player <digbick> has joined on 2024-03-13 12:35:19
[2024-03-20 14:01:08] The Player <MrBlob2U> has joined on 2024-03-11 13:58:43
[2024-03-20 14:01:08] The Player <somebody139> has joined on 2024-03-18 13:48:52
[2024-03-20 14:01:08] The Player <Pog4lifepeople> has joined on 2024-03-11 14:22:04
[2024-03-20 14:01:08] The Player <MashedProTatoes> has joined on 2024-03-11 17:45:25
[2024-03-20 14:07:48] The Player <character> has joined on 2024-03-13 13:53:44
[2024-03-20 14:07:48] The Player <Tester> has joined on 2024-03-11 19:31:04
[2024-03-20 14:07:48] The Player <hexa> has joined on 2024-03-18 15:05:49
[2024-03-20 14:07:48] The Player <digbick> has joined on 2024-03-13 12:35:19
[2024-03-20 14:07:48] The Player <Rip_Dogwater> has joined on 2024-03-12 20:29:21
[2024-03-20 14:07:48] The Player <Corner1> has joined on 2024-03-11 13:55:32
[2024-03-20 14:07:48] The Player <I_am_amazing> has joined on 2024-03-11 17:46:49
[2024-03-20 14:07:48] The Player <VeerIsKKK> has joined on 2024-03-11 14:11:23
[2024-03-20 14:07:48] The Player <Brycethelegend> has joined on 2024-03-11 14:00:18
[2024-03-20 14:07:48] The Player <qwerty> has joined on 2024-03-13 13:57:24
[2024-03-20 14:07:48] The Player <MrBlob2U> has joined on 2024-03-11 13:58:43
[2024-03-20 14:07:48] The Player <DeevVigg823> has joined on 2024-03-20 14:07:48
[2024-03-20 14:18:20] The Player <Corner1> has joined on 2024-03-11 13:55:32
[2024-03-20 14:18:20] The Player <digbick> has joined on 2024-03-13 12:35:19
[2024-03-20 14:18:20] The Player <Mudkips_Rule> has joined on 2024-03-11 13:55:15
[2024-03-20 14:18:20] The Player <Tester> has joined on 2024-03-11 19:31:04
[2024-03-20 14:18:20] The Player <sharky> has joined on 2024-03-14 13:17:07
[2024-03-20 14:18:20] The Player <Dave_TheCoolGuy> has joined on 2024-03-19 12:26:59
[2024-03-20 14:18:20] The Player <proman50> has joined on 2024-03-13 14:38:03
[2024-03-20 14:18:20] The Player <character> has joined on 2024-03-13 13:53:44
[2024-03-20 14:18:20] The Player <Pog4lifepeople> has joined on 2024-03-11 14:22:04
[2024-03-20 14:18:20] The Player <Brycethelegend> has joined on 2024-03-11 14:00:18
[2024-03-20 14:18:20] The Player <astronomy> has joined on 2024-03-18 22:42:28
[2024-03-20 14:18:20] The Player <hexa> has joined on 2024-03-18 15:05:49
[2024-03-20 14:18:20] The Player <I_am_amazing> has joined on 2024-03-11 17:46:49
[2024-03-20 14:18:20] The Player <MrBlob2U> has joined on 2024-03-11 13:58:43
[2024-03-20 14:18:20] The Player <Rip_Dogwater> has joined on 2024-03-12 20:29:21
[2024-03-20 14:18:20] The Player <qwerty> has joined on 2024-03-13 13:57:24
[2024-03-20 14:18:20] The Player <shaved_monkey> has joined on 2024-03-20 14:18:20
[2024-03-20 14:30:32] The Player <digbick> has joined on 2024-03-13 12:35:19
[2024-03-20 14:30:32] The Player <Dave_TheCoolGuy> has joined on 2024-03-19 12:26:59
[2024-03-20 14:30:32] The Player <Rip_Dogwater> has joined on 2024-03-12 20:29:21
[2024-03-20 14:30:32] The Player <Brycethelegend> has joined on 2024-03-11 14:00:18
[2024-03-20 14:30:32] The Player <qwerty> has joined on 2024-03-13 13:57:24
[2024-03-20 14:30:32] The Player <sharky> has joined on 2024-03-14 13:17:07
[2024-03-20 14:30:32] The Player <Tester> has joined on 2024-03-11 19:31:04
[2024-03-20 14:30:32] The Player <Mudkips_Rule> has joined on 2024-03-11 13:55:15
[2024-03-20 14:30:32] The Player <proman50> has joined on 2024-03-13 14:38:03
[2024-03-20 14:30:32] The Player <MrBlob2U> has joined on 2024-03-11 13:58:43
[2024-03-20 14:30:32] The Player <GolemDaWanderer> has joined on 2024-03-11 18:42:56
[2024-03-20 14:30:32] The Player <Corner1> has joined on 2024-03-11 13:55:32
[2024-03-20 14:30:32] The Player <character> has joined on 2024-03-13 13:53:44
[2024-03-20 14:30:32] The Player <shaved_monkey> has joined on 2024-03-20 14:18:20
[2024-03-20 14:30:32] The Player <WienerDogFace> has joined on 2024-03-11 13:58:39
[2024-03-20 14:30:32] The Player <astronomy> has joined on 2024-03-18 22:42:28
[2024-03-20 14:30:32] The Player <FungalMonkey> has joined on 2024-03-20 14:30:32
[2024-03-20 16:14:13] The Player <qwerty> has joined on 2024-03-13 13:57:24
[2024-03-20 16:14:13] The Player <sharky> has joined on 2024-03-14 13:17:07
[2024-03-20 16:14:13] The Player <hexa> has joined on 2024-03-18 15:05:49
[2024-03-20 16:14:13] The Player <Rip_Dogwater> has joined on 2024-03-12 20:29:21
[2024-03-20 16:14:13] The Player <Mudkips_Rule> has joined on 2024-03-11 13:55:15
[2024-03-20 16:14:13] The Player <A_Random_Person> has joined on 2024-03-11 13:58:36
[2024-03-20 16:14:13] The Player <EaglYeer137> has joined on 2024-03-20 16:14:13
[2024-03-20 16:19:58] The Player <qwerty> has joined on 2024-03-13 13:57:24
[2024-03-20 16:19:58] The Player <Rip_Dogwater> has joined on 2024-03-12 20:29:21
[2024-03-20 16:19:58] The Player <hexa> has joined on 2024-03-18 15:05:49
[2024-03-20 16:19:58] The Player <Ters> has joined on 2024-03-20 16:19:58
[2024-03-20 16:36:54] The Player <qwerty> has joined on 2024-03-13 13:57:24
[2024-03-20 16:36:54] The Player <hexa> has joined on 2024-03-18 15:05:49
[2024-03-20 16:36:54] The Player <Rip_Dogwater> has joined on 2024-03-12 20:29:21
[2024-03-20 16:36:54] The Player <A_Random_Person> has joined on 2024-03-11 13:58:36
[2024-03-20 16:36:54] The Player <Jojo> has joined on 2024-03-20 16:36:54
[2024-03-20 16:39:53] The Player <qwerty> has joined on 2024-03-13 13:57:24
[2024-03-20 16:39:53] The Player <hexa> has joined on 2024-03-18 15:05:49
[2024-03-20 16:39:53] The Player <Jojo> has joined on 2024-03-20 16:36:54
[2024-03-20 16:39:53] The Player <A_Random_Person> has joined on 2024-03-11 13:58:36
[2024-03-20 16:39:53] The Player <Corner1> has joined on 2024-03-11 13:55:32
[2024-03-20 16:39:53] The Player <Ters> has joined on 2024-03-20 16:19:58
[2024-03-20 16:39:53] The Player <LOL> has joined on 2024-03-20 16:39:53
[2024-03-20 16:40:45] The Player <qwerty> has joined on 2024-03-13 13:57:24
[2024-03-20 16:40:45] The Player <hexa> has joined on 2024-03-18 15:05:49
[2024-03-20 16:40:45] The Player <A_Random_Person> has joined on 2024-03-11 13:58:36
[2024-03-20 16:40:45] The Player <Corner1> has joined on 2024-03-11 13:55:32
[2024-03-20 16:40:45] The Player <LOL> has joined on 2024-03-20 16:39:53
[2024-03-20 16:40:45] The Player <Koi> has joined on 2024-03-11 13:55:40
[2024-03-20 16:40:45] The Player <sharky> has joined on 2024-03-14 13:17:07
[2024-03-20 16:40:45] The Player <Gorino_Giovanna> has joined on 2024-03-20 16:40:45
[2024-03-20 16:51:23] The Player <Charmunk> has joined on 2024-03-11 13:36:50
[2024-03-20 16:51:32] The Player <Charmunk> has joined on 2024-03-11 13:36:50
[2024-03-20 16:51:32] The Player <Rip_Slayer_> has joined on 2024-03-20 16:51:32
[2024-03-20 16:51:50] The Player <Rip_Slayer_> has joined on 2024-03-20 16:51:32
[2024-03-20 16:51:50] The Player <digbickb> has joined on 2024-03-20 16:51:50
[2024-03-20 16:51:58] The Player <Rip_Slayer_> has joined on 2024-03-20 16:51:32
[2024-03-20 16:51:58] The Player <digbickb> has joined on 2024-03-20 16:51:50
[2024-03-20 16:51:58] The Player <Tester> has joined on 2024-03-11 19:31:04
[2024-03-20 16:51:58] The Player <CharFake> has joined on 2024-03-20 16:51:58
[2024-03-20 16:56:20] The Player <Tester> has joined on 2024-03-11 19:31:04
[2024-03-20 16:56:20] The Player <Brycethelegend> has joined on 2024-03-11 14:00:18
[2024-03-20 16:56:20] The Player <Clownpierce> has joined on 2024-03-20 16:56:20
[2024-03-20 17:03:34] The Player <Clownpierce> has joined on 2024-03-20 16:56:20
[2024-03-20 17:03:34] The Player <Brycethelegend> has joined on 2024-03-11 14:00:18
[2024-03-20 17:03:34] The Player <ronaldo> has joined on 2024-03-20 17:03:34
[2024-03-20 17:17:31] The Player <Clownpierce> has joined on 2024-03-20 16:56:20
[2024-03-20 17:17:31] The Player <ronaldo> has joined on 2024-03-20 17:03:34
[2024-03-20 17:17:31] The Player <hola> has joined on 2024-03-20 17:17:31
