[2024-03-20 20:40:02] The Player <astronomy> has joined on 2024-03-18 22:42:28
[2024-03-20 20:40:02] The Player <NezukoChan> has joined on 2024-03-11 18:51:41
[2024-03-20 20:40:02] The Player <Tester> has joined on 2024-03-11 19:31:04
[2024-03-20 20:40:02] The Player <Char> has joined on 2024-03-11 13:47:05
[2024-03-20 20:40:02] The Player <A_Random_Person> has joined on 2024-03-11 13:58:36
[2024-03-20 20:40:02] The Player <theproman3387> has joined on 2024-03-12 15:52:40
[2024-03-20 20:40:02] The Player <Corner1> has joined on 2024-03-11 13:55:32
[2024-03-20 20:40:02] The Player <I_am_amazing> has joined on 2024-03-11 17:46:49
[2024-03-20 20:40:02] The Player <Mudkips_Rule> has joined on 2024-03-11 13:55:15
[2024-03-20 20:40:02] The Player <hexa> has joined on 2024-03-18 15:05:49
[2024-03-20 20:40:02] The Player <VeerIsKKK_> has joined on 2024-03-20 20:40:02
[2024-03-20 22:03:39] The Player <A_Random_Person> has joined on 2024-03-11 13:58:36
[2024-03-20 22:03:39] The Player <astronomy> has joined on 2024-03-18 22:42:28
[2024-03-20 22:03:39] The Player <Tester> has joined on 2024-03-11 19:31:04
[2024-03-20 22:03:39] The Player <Milk_Frog> has joined on 2024-03-14 18:39:03
[2024-03-20 22:03:39] The Player <hexa> has joined on 2024-03-18 15:05:49
[2024-03-20 22:03:39] The Player <henryericaiden> has joined on 2024-03-11 13:37:30
[2024-03-20 22:14:54] The Player <A_Random_Person> has joined on 2024-03-11 13:58:36
[2024-03-20 22:14:54] The Player <Tester> has joined on 2024-03-11 19:31:04
[2024-03-20 22:14:54] The Player <astronomy> has joined on 2024-03-18 22:42:28
[2024-03-20 22:14:54] The Player <Milk_Frog> has joined on 2024-03-14 18:39:03
[2024-03-20 22:14:54] The Player <NezukChan> has joined on 2024-03-20 22:14:54
[2024-03-21 11:09:40] The Player <qwerty> has joined on 2024-03-13 13:57:24
[2024-03-21 11:09:40] The Player <ACE> has joined on 2024-03-21 11:09:40
[2024-03-21 11:23:29] The Player <Clownpierce> has joined on 2024-03-20 16:56:20
[2024-03-21 11:23:29] The Player <Mudkips_Rule> has joined on 2024-03-11 13:55:15
[2024-03-21 11:23:29] The Player <ACE> has joined on 2024-03-21 11:09:40
[2024-03-21 11:23:29] The Player <qwerty> has joined on 2024-03-13 13:57:24
[2024-03-21 11:23:29] The Player <Sword4001> has joined on 2024-03-12 16:25:18
[2024-03-21 11:23:29] The Player <Helper> has joined on 2024-03-14 11:55:16
[2024-03-21 12:07:53] The Player <Tester> has joined on 2024-03-11 19:31:04
[2024-03-21 12:07:53] The Player <WienerDogFace> has joined on 2024-03-11 13:58:39
[2024-03-21 12:07:53] The Player <ACE> has joined on 2024-03-21 11:09:40
[2024-03-21 12:07:53] The Player <dick_slap> has joined on 2024-03-19 14:11:13
[2024-03-21 12:07:53] The Player <VeerIsKKK> has joined on 2024-03-11 14:11:23
[2024-03-21 12:07:53] The Player <somebody139> has joined on 2024-03-18 13:48:52
[2024-03-21 12:07:53] The Player <A_Random_Person> has joined on 2024-03-11 13:58:36
[2024-03-21 12:07:53] The Player <character> has joined on 2024-03-13 13:53:44
[2024-03-21 12:07:53] The Player <Bobuz> has joined on 2024-03-13 12:44:59
[2024-03-21 12:09:44] The Player <Tester> has joined on 2024-03-11 19:31:04
[2024-03-21 12:09:44] The Player <WienerDogFace> has joined on 2024-03-11 13:58:39
[2024-03-21 12:09:44] The Player <ACE> has joined on 2024-03-21 11:09:40
[2024-03-21 12:09:44] The Player <dick_slap> has joined on 2024-03-19 14:11:13
[2024-03-21 12:09:44] The Player <VeerIsKKK> has joined on 2024-03-11 14:11:23
[2024-03-21 12:09:44] The Player <somebody139> has joined on 2024-03-18 13:48:52
[2024-03-21 12:09:44] The Player <character> has joined on 2024-03-13 13:53:44
[2024-03-21 12:09:44] The Player <Bobuz> has joined on 2024-03-13 12:44:59
[2024-03-21 12:09:44] The Player <A_Random_Person> has joined on 2024-03-11 13:58:36
[2024-03-21 12:09:44] The Player <PenguinBoi> has joined on 2024-03-21 12:09:44
[2024-03-21 12:49:15] The Player <A_Random_Person> has joined on 2024-03-11 13:58:36
[2024-03-21 12:49:15] The Player <I_am_amazing> has joined on 2024-03-11 17:46:49
[2024-03-21 12:49:15] The Player <Char> has joined on 2024-03-11 13:47:05
[2024-03-21 12:49:15] The Player <dick_slap> has joined on 2024-03-19 14:11:13
[2024-03-21 12:49:15] The Player <digbick> has joined on 2024-03-13 12:35:19
[2024-03-21 12:49:15] The Player <PenguinBoi> has joined on 2024-03-21 12:09:44
[2024-03-21 12:49:15] The Player <Bobuz> has joined on 2024-03-13 12:44:59
[2024-03-21 12:49:15] The Player <General_Rihan> has joined on 2024-03-11 15:08:52
[2024-03-21 12:49:15] The Player <WienerDogFace> has joined on 2024-03-11 13:58:39
[2024-03-21 12:49:15] The Player <hi_> has joined on 2024-03-12 18:47:01
[2024-03-21 12:49:15] The Player <Tester> has joined on 2024-03-11 19:31:04
[2024-03-21 12:49:15] The Player <NezukoChan> has joined on 2024-03-11 18:51:41
[2024-03-21 12:49:15] The Player <dhar> has joined on 2024-03-14 17:08:48
[2024-03-21 12:49:15] The Player <Dave_TheCoolGuy> has joined on 2024-03-19 12:26:59
[2024-03-21 12:49:15] The Player <character> has joined on 2024-03-13 13:53:44
[2024-03-21 12:49:15] The Player <ACEs> has joined on 2024-03-21 12:49:15
[2024-03-21 13:47:58] The Player <hexa> has joined on 2024-03-18 15:05:49
[2024-03-21 13:47:58] The Player <Tester> has joined on 2024-03-11 19:31:04
[2024-03-21 13:47:58] The Player <I_am_amazing> has joined on 2024-03-11 17:46:49
[2024-03-21 13:47:58] The Player <digbick> has joined on 2024-03-13 12:35:19
[2024-03-21 13:47:58] The Player <WienerDogFace> has joined on 2024-03-11 13:58:39
[2024-03-21 13:47:58] The Player <Sword4001> has joined on 2024-03-12 16:25:18
[2024-03-21 13:47:58] The Player <Clownpierce> has joined on 2024-03-20 16:56:20
[2024-03-21 13:47:58] The Player <Brycethelegend_> has joined on 2024-03-11 21:12:33
[2024-03-21 13:55:02] The Player <digbick> has joined on 2024-03-13 12:35:19
[2024-03-21 13:55:02] The Player <Sword4001> has joined on 2024-03-12 16:25:18
[2024-03-21 13:55:02] The Player <Corner1> has joined on 2024-03-11 13:55:32
[2024-03-21 13:55:02] The Player <astronomy> has joined on 2024-03-18 22:42:28
[2024-03-21 13:55:02] The Player <I_am_amazing> has joined on 2024-03-11 17:46:49
[2024-03-21 13:55:02] The Player <Clownpierce> has joined on 2024-03-20 16:56:20
[2024-03-21 13:55:02] The Player <A_Random_Person> has joined on 2024-03-11 13:58:36
[2024-03-21 13:55:02] The Player <hexa> has joined on 2024-03-18 15:05:49
[2024-03-21 13:55:02] The Player <Brycethelegend_> has joined on 2024-03-11 21:12:33
[2024-03-21 13:55:02] The Player <Helper> has joined on 2024-03-14 11:55:16
[2024-03-21 13:55:02] The Player <qwerty> has joined on 2024-03-13 13:57:24
[2024-03-21 13:55:02] The Player <theproman3387> has joined on 2024-03-12 15:52:40
[2024-03-21 13:55:02] The Player <NezukoChan> has joined on 2024-03-11 18:51:41
[2024-03-21 13:55:02] The Player <Tester> has joined on 2024-03-11 19:31:04
[2024-03-21 13:55:02] The Player <Autistic_Man> has joined on 2024-03-21 13:55:02
