[2024-03-22 14:14:42] The Player <character> has joined on 2024-03-13 13:53:44
[2024-03-22 14:14:42] The Player <A_Random_Person> has joined on 2024-03-11 13:58:36
[2024-03-22 14:14:42] The Player <hexa> has joined on 2024-03-18 15:05:49
[2024-03-22 14:14:42] The Player <Autistic_Man> has joined on 2024-03-21 13:55:02
[2024-03-22 14:14:42] The Player <Mudkips_Rule> has joined on 2024-03-11 13:55:15
[2024-03-22 14:14:42] The Player <Heinrich_Himmler> has joined on 2024-03-16 16:30:57
[2024-03-22 14:14:42] The Player <digbick> has joined on 2024-03-13 12:35:19
[2024-03-22 14:14:42] The Player <MrBlob2U> has joined on 2024-03-11 13:58:43
[2024-03-22 14:14:42] The Player <I_am_amazing> has joined on 2024-03-11 17:46:49
[2024-03-22 14:14:42] The Player <proman50> has joined on 2024-03-13 14:38:03
[2024-03-22 14:14:42] The Player <Clownpierce> has joined on 2024-03-20 16:56:20
[2024-03-22 14:14:42] The Player <Milk_Frog> has joined on 2024-03-14 18:39:03
[2024-03-22 14:14:42] The Player <Pog4lifepeople> has joined on 2024-03-11 14:22:04
[2024-03-22 14:14:42] The Player <stealthassasin32> has joined on 2024-03-22 14:14:42
[2024-03-22 14:23:04] The Player <A_Random_Person> has joined on 2024-03-11 13:58:36
[2024-03-22 14:23:04] The Player <Autistic_Man> has joined on 2024-03-21 13:55:02
[2024-03-22 14:23:04] The Player <Mudkips_Rule> has joined on 2024-03-11 13:55:15
[2024-03-22 14:23:04] The Player <digbick> has joined on 2024-03-13 12:35:19
[2024-03-22 14:23:04] The Player <proman50> has joined on 2024-03-13 14:38:03
[2024-03-22 14:23:04] The Player <Clownpierce> has joined on 2024-03-20 16:56:20
[2024-03-22 14:23:04] The Player <Pog4lifepeople> has joined on 2024-03-11 14:22:04
[2024-03-22 14:23:04] The Player <stealthassasin32> has joined on 2024-03-22 14:14:42
[2024-03-22 14:23:04] The Player <character> has joined on 2024-03-13 13:53:44
[2024-03-22 14:23:04] The Player <MrBlob2U> has joined on 2024-03-11 13:58:43
[2024-03-22 14:23:04] The Player <EugeneDiggamore> has joined on 2024-03-22 14:23:04
[2024-03-22 14:23:57] The Player <A_Random_Person> has joined on 2024-03-11 13:58:36
[2024-03-22 14:23:57] The Player <Autistic_Man> has joined on 2024-03-21 13:55:02
[2024-03-22 14:23:57] The Player <Mudkips_Rule> has joined on 2024-03-11 13:55:15
[2024-03-22 14:23:57] The Player <digbick> has joined on 2024-03-13 12:35:19
[2024-03-22 14:23:57] The Player <Clownpierce> has joined on 2024-03-20 16:56:20
[2024-03-22 14:23:57] The Player <Pog4lifepeople> has joined on 2024-03-11 14:22:04
[2024-03-22 14:23:57] The Player <stealthassasin32> has joined on 2024-03-22 14:14:42
[2024-03-22 14:23:57] The Player <character> has joined on 2024-03-13 13:53:44
[2024-03-22 14:23:57] The Player <MrBlob2U> has joined on 2024-03-11 13:58:43
[2024-03-22 14:23:57] The Player <EugeneDiggamore> has joined on 2024-03-22 14:23:04
[2024-03-22 14:23:57] The Player <I_am_amazing> has joined on 2024-03-11 17:46:49
[2024-03-22 14:23:57] The Player <proman50> has joined on 2024-03-13 14:38:03
[2024-03-22 14:23:57] The Player <EaglYee212> has joined on 2024-03-22 14:23:57
[2024-03-22 15:43:53] The Player <A_Random_Person> has joined on 2024-03-11 13:58:36
[2024-03-22 15:43:53] The Player <Mudkips_Rule> has joined on 2024-03-11 13:55:15
[2024-03-22 15:43:53] The Player <hexa> has joined on 2024-03-18 15:05:49
[2024-03-22 15:43:53] The Player <digbick> has joined on 2024-03-13 12:35:19
[2024-03-22 15:43:53] The Player <DeevYeeg138> has joined on 2024-03-22 15:43:53
[2024-03-22 15:44:31] The Player <A_Random_Person> has joined on 2024-03-11 13:58:36
[2024-03-22 15:44:31] The Player <Mudkips_Rule> has joined on 2024-03-11 13:55:15
[2024-03-22 15:44:31] The Player <hexa> has joined on 2024-03-18 15:05:49
[2024-03-22 15:44:31] The Player <digbick> has joined on 2024-03-13 12:35:19
[2024-03-22 15:44:31] The Player <okkarim> has joined on 2024-03-22 15:44:31
[2024-03-22 15:54:03] The Player <A_Random_Person> has joined on 2024-03-11 13:58:36
[2024-03-22 15:54:03] The Player <Mudkips_Rule> has joined on 2024-03-11 13:55:15
[2024-03-22 15:54:03] The Player <digbick> has joined on 2024-03-13 12:35:19
[2024-03-22 15:54:03] The Player <Pog4lifepeople> has joined on 2024-03-11 14:22:04
[2024-03-22 15:54:03] The Player <qwerty> has joined on 2024-03-13 13:57:24
[2024-03-22 15:54:03] The Player <NezukoChan> has joined on 2024-03-11 18:51:41
[2024-03-22 15:54:03] The Player <SPADE> has joined on 2024-03-22 15:54:03
[2024-03-22 19:59:26] The Player <Dave_TheCoolGuy> has joined on 2024-03-19 12:26:59
[2024-03-22 19:59:26] The Player <digbick> has joined on 2024-03-13 12:35:19
[2024-03-22 19:59:26] The Player <virt360> has joined on 2024-03-22 19:59:26
[2024-03-22 21:36:42] The Player <Mudkips_Rule> has joined on 2024-03-11 13:55:15
[2024-03-22 21:36:42] The Player <Marshtomp12345> has joined on 2024-03-22 21:36:42
[2024-03-22 21:41:58] The Player <Mudkips_Rule> has joined on 2024-03-11 13:55:15
[2024-03-22 21:41:58] The Player <Marshtomp12345> has joined on 2024-03-22 21:36:42
[2024-03-22 21:41:58] The Player <Kidden> has joined on 2024-03-22 21:41:58
[2024-03-22 21:53:37] The Player <Mudkips_Rule> has joined on 2024-03-11 13:55:15
[2024-03-22 21:53:37] The Player <Marshtomp12345> has joined on 2024-03-22 21:36:42
[2024-03-22 21:53:37] The Player <Heinrich_Himmler> has joined on 2024-03-16 16:30:57
[2024-03-22 21:53:37] The Player <caiden> has joined on 2024-03-22 21:53:37
[2024-03-23 12:34:18] The Player <NezukoChan> has joined on 2024-03-11 18:51:41
[2024-03-23 12:34:18] The Player <Tester> has joined on 2024-03-11 19:31:04
[2024-03-23 12:34:18] The Player <caeso> has joined on 2024-03-23 12:34:18
[2024-03-23 19:42:38] The Player <Milk_Frog> has joined on 2024-03-14 18:39:03
[2024-03-23 19:42:38] The Player <Mudkips_Rule> has joined on 2024-03-11 13:55:15
[2024-03-23 19:42:38] The Player <NezukoChan> has joined on 2024-03-11 18:51:41
[2024-03-23 19:42:38] The Player <Marshtomp17> has joined on 2024-03-23 19:42:38
[2024-03-24 14:38:53] The Player <Heinrich_Himmler> has joined on 2024-03-16 16:30:57
[2024-03-24 14:38:53] The Player <Milk_Frogw> has joined on 2024-03-24 14:38:53
[2024-03-24 16:39:11] The Player <GolemDaWanderer> has joined on 2024-03-11 18:42:56
[2024-03-24 16:39:11] The Player <YeegDarver841> has joined on 2024-03-24 16:39:11
[2024-03-24 18:52:25] The Player <GolemDaWanderer> has joined on 2024-03-11 18:42:56
[2024-03-24 18:52:25] The Player <Tester> has joined on 2024-03-11 19:31:04
[2024-03-24 18:52:25] The Player <xcpc> has joined on 2024-03-24 18:52:25
