[2024-03-20 19:09:49] [world] The Player <Char> has entered a Wrong Password
[2024-03-20 21:16:34] [world] The Player <A_Random_Person> has entered a Wrong Password
[2024-03-20 21:48:18] [world] The Player <NezukoChan> has entered a Wrong Password
[2024-03-20 21:48:39] [world] The Player <A_Random_Person> has entered a Wrong Password
[2024-03-20 21:54:11] [world] The Player <astronomy> has entered a Wrong Password
[2024-03-20 22:04:33] [world] The Player <idkwhattoputhere> has entered a Wrong Password
[2024-03-20 22:06:26] [world] The Player <idkwhattoputhere> has entered a Wrong Password
[2024-03-20 22:09:36] [world] The Player <NezukoChan> has entered a Wrong Password
[2024-03-20 22:32:15] [world] The Player <NezukoChan> has entered a Wrong Password
[2024-03-20 23:18:50] [world] The Player <NezukoChan> has entered a Wrong Password
[2024-03-20 23:18:56] [world] The Player <NezukoChan> has entered a Wrong Password
[2024-03-21 00:02:57] [world] The Player <NezukoChan> has entered a Wrong Password
[2024-03-21 00:31:11] [world] The Player <NezukoChan> has entered a Wrong Password
[2024-03-21 00:46:49] [world_nether] The Player <Rip_WillOfTheD> has entered a Wrong Password
[2024-03-21 01:06:20] [world] The Player <NezukoChan> has entered a Wrong Password
[2024-03-21 01:06:44] [world] The Player <NezukoChan> has entered a Wrong Password
[2024-03-21 11:52:32] [world] The Player <dick_slap> has entered a Wrong Password
[2024-03-21 11:53:30] [world] The Player <hexa> has entered a Wrong Password
[2024-03-21 11:54:09] [world] The Player <dick_slap> has entered a Wrong Password
[2024-03-21 12:25:27] [world_the_end] The Player <hi_> has entered a Wrong Password
[2024-03-21 12:38:14] [world] The Player <NezukoChan> has entered a Wrong Password
[2024-03-21 13:54:08] [world] The Player <NezukoChan> has entered a Wrong Password
[2024-03-21 13:55:43] [world] The Player <astronomy> has entered a Wrong Password
[2024-03-21 13:55:53] [world_the_end] The Player <theproman3387> has entered a Wrong Password
[2024-03-21 14:03:18] [world] The Player <hi_> has entered a Wrong Password
[2024-03-21 14:03:48] [world] The Player <NezukoChan> has entered a Wrong Password
[2024-03-21 14:04:21] [world] The Player <NezukoChan> has entered a Wrong Password
[2024-03-21 18:45:17] [world] The Player <NezukoChan> has entered a Wrong Password
[2024-03-21 19:36:55] [world] The Player <NezukoChan> has entered a Wrong Password
