[2024-03-21 19:44:30] [world] The Player <NezukoChan> has entered a Wrong Password
[2024-03-21 19:54:47] [world] The Player <NezukoChan> has entered a Wrong Password
[2024-03-21 20:12:11] [world] The Player <NezukoChan> has entered a Wrong Password
[2024-03-21 22:21:01] [world] The Player <NezukoChan> has entered a Wrong Password
[2024-03-21 23:41:25] [world] The Player <NezukoChan> has entered a Wrong Password
[2024-03-22 12:12:18] [world] The Player <NezukoChan> has entered a Wrong Password
[2024-03-22 12:50:59] [world] The Player <NezukoChan> has entered a Wrong Password
[2024-03-22 13:50:18] [world] The Player <Autistic_Man> has entered a Wrong Password
[2024-03-22 14:31:17] [world] The Player <EaglYee212> has entered a Wrong Password
[2024-03-22 14:31:42] [world] The Player <EaglYee212> has entered a Wrong Password
[2024-03-22 14:50:32] [world] The Player <NezukoChan> has entered a Wrong Password
[2024-03-22 16:08:19] [world_nether] The Player <NezukoChan> has entered a Wrong Password
[2024-03-22 16:08:32] [world_nether] The Player <NezukoChan> has entered a Wrong Password
[2024-03-22 16:51:23] [world] The Player <Tester> has entered a Wrong Password
[2024-03-22 18:03:03] [world] The Player <Rip_WillOfTheD> has entered a Wrong Password
[2024-03-22 18:03:18] [world] The Player <Rip_WillOfTheD> has entered a Wrong Password
[2024-03-22 18:55:05] [world] The Player <NezukoChan> has entered a Wrong Password
[2024-03-22 20:16:57] [world] The Player <Clownpierce> has entered a Wrong Password
[2024-03-23 18:44:43] [world] The Player <Marshtomp12345> has entered a Wrong Password
[2024-03-23 22:08:08] [world] The Player <NezukoChan> has entered a Wrong Password
[2024-03-24 18:37:12] [world] The Player <Tester> has entered a Wrong Password
[2024-03-24 18:49:26] [world] The Player <Tester> has entered a Wrong Password
