[2024-03-18 12:12:03] [world] The Player <Brycethelegend> has used an enchantment table that's located at X= -576, Y= 68, Z= 247 to enchant FISHING_ROD with [] enchantment(s) which cost 2 xp level
[2024-03-18 12:12:04] [world] The Player <Brycethelegend> has used an enchantment table that's located at X= -576, Y= 68, Z= 247 to enchant FISHING_ROD with [] enchantment(s) which cost 2 xp level
[2024-03-18 12:12:04] [world] The Player <Brycethelegend> has used an enchantment table that's located at X= -576, Y= 68, Z= 247 to enchant FISHING_ROD with [] enchantment(s) which cost 2 xp level
[2024-03-18 12:12:06] [world] The Player <Brycethelegend> has used an enchantment table that's located at X= -576, Y= 68, Z= 247 to enchant FISHING_ROD with [] enchantment(s) which cost 2 xp level
[2024-03-18 12:12:07] [world] The Player <Brycethelegend> has used an enchantment table that's located at X= -576, Y= 68, Z= 247 to enchant FISHING_ROD with [] enchantment(s) which cost 2 xp level
[2024-03-18 12:12:07] [world] The Player <Brycethelegend> has used an enchantment table that's located at X= -576, Y= 68, Z= 247 to enchant FISHING_ROD with [] enchantment(s) which cost 2 xp level
[2024-03-18 12:12:08] [world] The Player <Brycethelegend> has used an enchantment table that's located at X= -576, Y= 68, Z= 247 to enchant FISHING_ROD with [] enchantment(s) which cost 2 xp level
[2024-03-18 12:12:08] [world] The Player <Brycethelegend> has used an enchantment table that's located at X= -576, Y= 68, Z= 247 to enchant FISHING_ROD with [] enchantment(s) which cost 2 xp level
[2024-03-18 12:12:11] [world] The Player <Brycethelegend> has used an enchantment table that's located at X= -576, Y= 68, Z= 247 to enchant FISHING_ROD with [] enchantment(s) which cost 2 xp level
[2024-03-18 12:12:12] [world] The Player <Brycethelegend> has used an enchantment table that's located at X= -576, Y= 68, Z= 247 to enchant FISHING_ROD with [] enchantment(s) which cost 2 xp level
[2024-03-18 12:12:12] [world] The Player <Brycethelegend> has used an enchantment table that's located at X= -576, Y= 68, Z= 247 to enchant FISHING_ROD with [] enchantment(s) which cost 2 xp level
[2024-03-18 12:12:12] [world] The Player <Brycethelegend> has used an enchantment table that's located at X= -576, Y= 68, Z= 247 to enchant FISHING_ROD with [] enchantment(s) which cost 2 xp level
[2024-03-18 12:12:12] [world] The Player <Brycethelegend> has used an enchantment table that's located at X= -576, Y= 68, Z= 247 to enchant FISHING_ROD with [] enchantment(s) which cost 2 xp level
[2024-03-18 12:12:12] [world] The Player <Brycethelegend> has used an enchantment table that's located at X= -576, Y= 68, Z= 247 to enchant FISHING_ROD with [] enchantment(s) which cost 2 xp level
[2024-03-18 12:12:13] [world] The Player <Brycethelegend> has used an enchantment table that's located at X= -576, Y= 68, Z= 247 to enchant FISHING_ROD with [] enchantment(s) which cost 2 xp level
[2024-03-18 13:08:31] [world] The Player <VeerIsKKK> has used an enchantment table that's located at X= -577, Y= 68, Z= 250 to enchant DIAMOND_BOOTS with [Protection 2] enchantment(s) which cost 11 xp level
[2024-03-18 13:57:26] [world] The Player <I_am_amazing> has used an enchantment table that's located at X= -579, Y= 68, Z= 247 to enchant IRON_PICKAXE with [Efficiency 3, Silk Touch 1] enchantment(s) which cost 30 xp level
[2024-03-18 13:57:31] [world] The Player <I_am_amazing> has used an enchantment table that's located at X= -579, Y= 68, Z= 247 to enchant IRON_PICKAXE with [Efficiency 4] enchantment(s) which cost 30 xp level
[2024-03-18 14:02:28] [world] The Player <I_am_amazing> has used an enchantment table that's located at X= -579, Y= 68, Z= 246 to enchant IRON_PICKAXE with [Efficiency 4, Silk Touch 1] enchantment(s) which cost 30 xp level
[2024-03-18 14:02:31] [world] The Player <I_am_amazing> has used an enchantment table that's located at X= -579, Y= 68, Z= 246 to enchant IRON_PICKAXE with [Efficiency 4, Silk Touch 1] enchantment(s) which cost 30 xp level
[2024-03-18 14:15:26] [world] The Player <MrBlob2U> has used an enchantment table that's located at X= -577, Y= 68, Z= 248 to enchant DIAMOND_PICKAXE with [Efficiency 4, Unbreaking 3] enchantment(s) which cost 30 xp level
[2024-03-18 14:21:20] [world] The Player <character> has used an enchantment table that's located at X= -577, Y= 68, Z= 249 to enchant DIAMOND_CHESTPLATE with [Unbreaking 2] enchantment(s) which cost 16 xp level
[2024-03-18 14:21:48] [world] The Player <character> has used an enchantment table that's located at X= -577, Y= 68, Z= 249 to enchant IRON_LEGGINGS with [Protection 2] enchantment(s) which cost 7 xp level
[2024-03-18 14:22:49] [world] The Player <character> has used an enchantment table that's located at X= -578, Y= 68, Z= 248 to enchant IRON_BOOTS with [Fire Protection 2, Unbreaking 2] enchantment(s) which cost 17 xp level
[2024-03-18 14:23:46] [world] The Player <Brycethelegend> has used an enchantment table that's located at X= -577, Y= 68, Z= 249 to enchant BOW with [Power 2, Unbreaking 2] enchantment(s) which cost 17 xp level
[2024-03-18 15:25:37] [world] The Player <qwerty> has used an enchantment table that's located at X= -577, Y= 68, Z= 249 to enchant BOOK with [Protection 2] enchantment(s) which cost 14 xp level
[2024-03-18 15:26:12] [world] The Player <qwerty> has used an enchantment table that's located at X= -578, Y= 68, Z= 249 to enchant DIAMOND_HELMET with [Protection 2] enchantment(s) which cost 16 xp level
[2024-03-18 15:31:01] [world] The Player <MrBlob2U> has used an enchantment table that's located at X= -1355, Y= 63, Z= -262 to enchant BOOK with [Power 1] enchantment(s) which cost 9 xp level
[2024-03-18 15:34:13] [world] The Player <qwerty> has used an enchantment table that's located at X= -577, Y= 68, Z= 249 to enchant BOOK with [Protection 1] enchantment(s) which cost 7 xp level
[2024-03-18 15:34:22] [world] The Player <qwerty> has used an enchantment table that's located at X= -577, Y= 68, Z= 249 to enchant BOOK with [Efficiency 2] enchantment(s) which cost 15 xp level
[2024-03-18 15:34:30] [world] The Player <qwerty> has used an enchantment table that's located at X= -577, Y= 68, Z= 249 to enchant BOOK with [Sharpness 1] enchantment(s) which cost 7 xp level
[2024-03-18 15:34:45] [world] The Player <qwerty> has used an enchantment table that's located at X= -577, Y= 68, Z= 249 to enchant BOOK with [Power 1] enchantment(s) which cost 8 xp level
[2024-03-18 15:38:56] [world] The Player <qwerty> has used an enchantment table that's located at X= -577, Y= 68, Z= 248 to enchant BOOK with [Projectile Protection 2] enchantment(s) which cost 14 xp level
[2024-03-18 15:39:08] [world] The Player <qwerty> has used an enchantment table that's located at X= -577, Y= 68, Z= 248 to enchant GOLD_SWORD with [Sharpness 1] enchantment(s) which cost 5 xp level
[2024-03-18 15:39:12] [world] The Player <qwerty> has used an enchantment table that's located at X= -577, Y= 68, Z= 248 to enchant BOOK with [Fire Protection 1] enchantment(s) which cost 14 xp level
[2024-03-18 19:25:14] [world] The Player <Sword4001> has used an enchantment table that's located at X= -577, Y= 68, Z= 250 to enchant IRON_HELMET with [Protection 1] enchantment(s) which cost 4 xp level
