[2024-03-19 11:24:38] [world] The Player <Rip_Dogwater> has used an enchantment table that's located at X= -10157, Y= 63, Z= 4116 to enchant BOOK with [Smite 4] enchantment(s) which cost 30 xp level
[2024-03-19 11:24:50] [world] The Player <Rip_Dogwater> has used an enchantment table that's located at X= -10157, Y= 63, Z= 4116 to enchant BOOK with [Luck of the Sea 3] enchantment(s) which cost 30 xp level
[2024-03-19 11:24:59] [world] The Player <Rip_Dogwater> has used an enchantment table that's located at X= -10157, Y= 63, Z= 4116 to enchant BOOK with [Respiration 3, Feather Falling 4] enchantment(s) which cost 30 xp level
[2024-03-19 11:25:14] [world] The Player <Rip_Dogwater> has used an enchantment table that's located at X= -10157, Y= 63, Z= 4116 to enchant BOOK with [Knockback 1] enchantment(s) which cost 7 xp level
[2024-03-19 11:42:25] [world] The Player <Mudkips_Rule> has used an enchantment table that's located at X= -1356, Y= 63, Z= -263 to enchant IRON_PICKAXE with [Efficiency 2] enchantment(s) which cost 7 xp level
[2024-03-19 11:42:38] [world] The Player <Mudkips_Rule> has used an enchantment table that's located at X= -1356, Y= 63, Z= -263 to enchant IRON_AXE with [Efficiency 1, Unbreaking 1] enchantment(s) which cost 4 xp level
[2024-03-19 11:43:13] [world] The Player <Mudkips_Rule> has used an enchantment table that's located at X= -1355, Y= 63, Z= -262 to enchant BOOK with [Efficiency 1] enchantment(s) which cost 3 xp level
[2024-03-19 11:43:25] [world] The Player <Mudkips_Rule> has used an enchantment table that's located at X= -1355, Y= 63, Z= -262 to enchant BOOK with [Protection 1] enchantment(s) which cost 5 xp level
[2024-03-19 11:43:36] [world] The Player <Mudkips_Rule> has used an enchantment table that's located at X= -1355, Y= 63, Z= -262 to enchant BOOK with [Protection 1] enchantment(s) which cost 8 xp level
[2024-03-19 11:43:46] [world] The Player <Mudkips_Rule> has used an enchantment table that's located at X= -1355, Y= 63, Z= -262 to enchant BOOK with [Sharpness 1] enchantment(s) which cost 8 xp level
[2024-03-19 11:43:55] [world] The Player <Mudkips_Rule> has used an enchantment table that's located at X= -1355, Y= 63, Z= -262 to enchant BOOK with [Protection 1] enchantment(s) which cost 5 xp level
[2024-03-19 11:44:10] [world] The Player <Mudkips_Rule> has used an enchantment table that's located at X= -1355, Y= 63, Z= -262 to enchant BOOK with [Protection 1] enchantment(s) which cost 5 xp level
[2024-03-19 11:44:21] [world] The Player <Mudkips_Rule> has used an enchantment table that's located at X= -1355, Y= 63, Z= -262 to enchant BOOK with [Efficiency 1] enchantment(s) which cost 7 xp level
[2024-03-19 12:30:05] [world] The Player <sharky> has used an enchantment table that's located at X= -577, Y= 68, Z= 249 to enchant DIAMOND_PICKAXE with [Unbreaking 1] enchantment(s) which cost 6 xp level
[2024-03-19 14:02:26] [world] The Player <MrBlob2U> has used an enchantment table that's located at X= -577, Y= 68, Z= 248 to enchant DIAMOND_BOOTS with [Protection 4, Unbreaking 3] enchantment(s) which cost 30 xp level
[2024-03-19 14:37:58] [world] The Player <Rip_Dogwater> has used an enchantment table that's located at X= -10157, Y= 63, Z= 4116 to enchant DIAMOND_CHESTPLATE with [Projectile Protection 4, Unbreaking 3] enchantment(s) which cost 30 xp level
[2024-03-20 14:04:55] [world] The Player <MrBlob2U> has used an enchantment table that's located at X= -577, Y= 68, Z= 248 to enchant DIAMOND_CHESTPLATE with [Unbreaking 3] enchantment(s) which cost 30 xp level
[2024-03-20 14:15:10] [world] The Player <hexa> has used an enchantment table that's located at X= -576, Y= 68, Z= 249 to enchant DIAMOND_PICKAXE with [Efficiency 2, Unbreaking 1] enchantment(s) which cost 9 xp level
[2024-03-20 14:17:17] [world] The Player <VeerIsKKK> has used an enchantment table that's located at X= -576, Y= 68, Z= 248 to enchant DIAMOND_HELMET with [Projectile Protection 1, Unbreaking 1] enchantment(s) which cost 4 xp level
[2024-03-20 14:18:18] [world] The Player <I_am_amazing> has used an enchantment table that's located at X= -579, Y= 68, Z= 247 to enchant DIAMOND_HELMET with [Protection 3, Respiration 3] enchantment(s) which cost 30 xp level
[2024-03-20 14:18:31] [world] The Player <I_am_amazing> has used an enchantment table that's located at X= -579, Y= 68, Z= 247 to enchant DIAMOND_LEGGINGS with [Protection 3] enchantment(s) which cost 30 xp level
[2024-03-20 14:18:37] [world] The Player <I_am_amazing> has used an enchantment table that's located at X= -579, Y= 68, Z= 247 to enchant DIAMOND_CHESTPLATE with [Fire Protection 3, Unbreaking 3] enchantment(s) which cost 30 xp level
[2024-03-20 14:18:44] [world] The Player <I_am_amazing> has used an enchantment table that's located at X= -579, Y= 68, Z= 247 to enchant DIAMOND_BOOTS with [Feather Falling 4, Blast Protection 4] enchantment(s) which cost 30 xp level
[2024-03-20 14:19:38] [world] The Player <MrBlob2U> has used an enchantment table that's located at X= -577, Y= 68, Z= 248 to enchant BOW with [Power 3] enchantment(s) which cost 30 xp level
[2024-03-20 14:28:08] [world] The Player <I_am_amazing> has used an enchantment table that's located at X= -577, Y= 68, Z= 249 to enchant DIAMOND_AXE with [Unbreaking 3] enchantment(s) which cost 30 xp level
[2024-03-20 14:28:15] [world] The Player <I_am_amazing> has used an enchantment table that's located at X= -577, Y= 68, Z= 249 to enchant BOW with [Unbreaking 3, Flame 1] enchantment(s) which cost 30 xp level
[2024-03-20 14:53:09] [world] The Player <Rip_Dogwater> has used an enchantment table that's located at X= -10155, Y= 63, Z= 4116 to enchant DIAMOND_PICKAXE with [Efficiency 4, Unbreaking 3, Fortune 3] enchantment(s) which cost 30 xp level
[2024-03-20 14:54:23] [world] The Player <Rip_Dogwater> has used an enchantment table that's located at X= -10156, Y= 63, Z= 4116 to enchant DIAMOND_AXE with [Efficiency 4, Unbreaking 3] enchantment(s) which cost 30 xp level
[2024-03-20 15:39:29] [world] The Player <MrBlob2U> has used an enchantment table that's located at X= -1355, Y= 63, Z= -262 to enchant BOOK with [Unbreaking 3] enchantment(s) which cost 30 xp level
[2024-03-20 15:49:10] [world] The Player <qwerty> has used an enchantment table that's located at X= -577, Y= 68, Z= 249 to enchant GOLD_SWORD with [Sharpness 2, Unbreaking 2] enchantment(s) which cost 9 xp level
[2024-03-20 16:10:39] [world] The Player <Mudkips_Rule> has used an enchantment table that's located at X= -1356, Y= 63, Z= -262 to enchant DIAMOND_SWORD with [Fire Aspect 2] enchantment(s) which cost 30 xp level
[2024-03-20 16:12:31] [world] The Player <qwerty> has used an enchantment table that's located at X= -577, Y= 68, Z= 249 to enchant BOOK with [Power 2] enchantment(s) which cost 13 xp level
[2024-03-20 16:12:37] [world] The Player <qwerty> has used an enchantment table that's located at X= -577, Y= 68, Z= 249 to enchant BOOK with [Protection 1] enchantment(s) which cost 4 xp level
[2024-03-20 16:12:47] [world] The Player <qwerty> has used an enchantment table that's located at X= -577, Y= 68, Z= 249 to enchant BOOK with [Protection 1] enchantment(s) which cost 7 xp level
[2024-03-20 16:12:53] [world] The Player <qwerty> has used an enchantment table that's located at X= -577, Y= 68, Z= 249 to enchant BOOK with [Protection 1] enchantment(s) which cost 5 xp level
[2024-03-20 16:28:05] [world] The Player <hexa> has used an enchantment table that's located at X= -577, Y= 68, Z= 250 to enchant DIAMOND_AXE with [Unbreaking 1] enchantment(s) which cost 8 xp level
