[2024-03-20 19:29:39] [world] The Player <I_am_amazing> has used an enchantment table that's located at X= -1355, Y= 63, Z= -262 to enchant IRON_PICKAXE with [Unbreaking 3, Fortune 3] enchantment(s) which cost 30 xp level
[2024-03-20 19:30:26] [world] The Player <I_am_amazing> has used an enchantment table that's located at X= -1355, Y= 63, Z= -262 to enchant IRON_PICKAXE with [Unbreaking 3] enchantment(s) which cost 30 xp level
[2024-03-20 19:30:51] [world] The Player <I_am_amazing> has used an enchantment table that's located at X= -1355, Y= 63, Z= -262 to enchant DIAMOND_CHESTPLATE with [Protection 4, Thorns 2] enchantment(s) which cost 30 xp level
[2024-03-20 19:31:15] [world] The Player <I_am_amazing> has used an enchantment table that's located at X= -1355, Y= 63, Z= -262 to enchant IRON_PICKAXE with [Efficiency 4, Silk Touch 1, Unbreaking 3] enchantment(s) which cost 30 xp level
[2024-03-20 19:31:48] [world] The Player <I_am_amazing> has used an enchantment table that's located at X= -1355, Y= 63, Z= -262 to enchant IRON_PICKAXE with [Unbreaking 3] enchantment(s) which cost 30 xp level
[2024-03-20 19:31:52] [world] The Player <I_am_amazing> has used an enchantment table that's located at X= -1355, Y= 63, Z= -262 to enchant DIAMOND_SWORD with [Sharpness 4, Knockback 2] enchantment(s) which cost 30 xp level
[2024-03-20 19:36:32] [world] The Player <I_am_amazing> has used an enchantment table that's located at X= -1355, Y= 63, Z= -262 to enchant IRON_BOOTS with [Protection 4, Unbreaking 3] enchantment(s) which cost 30 xp level
[2024-03-20 19:36:35] [world] The Player <I_am_amazing> has used an enchantment table that's located at X= -1355, Y= 63, Z= -262 to enchant IRON_CHESTPLATE with [Protection 3, Unbreaking 3] enchantment(s) which cost 30 xp level
[2024-03-20 19:37:05] [world] The Player <I_am_amazing> has used an enchantment table that's located at X= -1355, Y= 63, Z= -262 to enchant IRON_LEGGINGS with [Fire Protection 4, Unbreaking 3] enchantment(s) which cost 30 xp level
[2024-03-20 19:38:21] [world] The Player <I_am_amazing> has used an enchantment table that's located at X= -1355, Y= 63, Z= -262 to enchant IRON_HELMET with [Protection 3] enchantment(s) which cost 30 xp level
[2024-03-20 19:39:39] [world] The Player <I_am_amazing> has used an enchantment table that's located at X= -1355, Y= 63, Z= -262 to enchant DIAMOND_PICKAXE with [Efficiency 4, Unbreaking 3, Fortune 3] enchantment(s) which cost 30 xp level
[2024-03-20 19:43:50] [world] The Player <I_am_amazing> has used an enchantment table that's located at X= -1355, Y= 63, Z= -261 to enchant IRON_AXE with [Unbreaking 3, Fortune 3] enchantment(s) which cost 30 xp level
[2024-03-20 19:44:06] [world] The Player <I_am_amazing> has used an enchantment table that's located at X= -1355, Y= 63, Z= -262 to enchant BOOK with [Sharpness 3] enchantment(s) which cost 30 xp level
[2024-03-20 19:45:04] [world] The Player <I_am_amazing> has used an enchantment table that's located at X= -1355, Y= 63, Z= -262 to enchant BOOK with [Sharpness 3] enchantment(s) which cost 30 xp level
[2024-03-20 19:45:09] [world] The Player <I_am_amazing> has used an enchantment table that's located at X= -1355, Y= 63, Z= -262 to enchant DIAMOND_HELMET with [Protection 4, Unbreaking 3, Respiration 3] enchantment(s) which cost 30 xp level
[2024-03-20 19:45:37] [world] The Player <I_am_amazing> has used an enchantment table that's located at X= -1355, Y= 63, Z= -262 to enchant BOOK with [Efficiency 1] enchantment(s) which cost 8 xp level
[2024-03-20 19:45:49] [world] The Player <I_am_amazing> has used an enchantment table that's located at X= -1355, Y= 63, Z= -262 to enchant BOOK with [Efficiency 3] enchantment(s) which cost 30 xp level
[2024-03-20 19:46:43] [world] The Player <I_am_amazing> has used an enchantment table that's located at X= -1355, Y= 63, Z= -262 to enchant BOOK with [Efficiency 3, Protection 3] enchantment(s) which cost 30 xp level
[2024-03-20 19:46:55] [world] The Player <I_am_amazing> has used an enchantment table that's located at X= -1355, Y= 63, Z= -262 to enchant IRON_BOOTS with [Protection 4, Unbreaking 3] enchantment(s) which cost 30 xp level
[2024-03-20 19:47:13] [world] The Player <I_am_amazing> has used an enchantment table that's located at X= -1355, Y= 63, Z= -262 to enchant BOOK with [Projectile Protection 4, Aqua Affinity 1] enchantment(s) which cost 30 xp level
[2024-03-20 19:47:24] [world] The Player <I_am_amazing> has used an enchantment table that's located at X= -1355, Y= 63, Z= -262 to enchant BOOK with [Respiration 3] enchantment(s) which cost 30 xp level
[2024-03-20 19:47:34] [world] The Player <I_am_amazing> has used an enchantment table that's located at X= -1355, Y= 63, Z= -262 to enchant BOOK with [Fortune 2] enchantment(s) which cost 30 xp level
[2024-03-20 20:15:17] [world] The Player <I_am_amazing> has used an enchantment table that's located at X= -1356, Y= 63, Z= -261 to enchant BOOK with [Infinite 1] enchantment(s) which cost 30 xp level
[2024-03-20 20:15:49] [world] The Player <I_am_amazing> has used an enchantment table that's located at X= -1355, Y= 63, Z= -262 to enchant BOOK with [Sharpness 3, Knockback 2] enchantment(s) which cost 30 xp level
[2024-03-20 20:15:56] [world] The Player <I_am_amazing> has used an enchantment table that's located at X= -1355, Y= 63, Z= -262 to enchant BOOK with [Fire Aspect 1, Silk Touch 1] enchantment(s) which cost 30 xp level
[2024-03-20 20:16:06] [world] The Player <I_am_amazing> has used an enchantment table that's located at X= -1355, Y= 63, Z= -262 to enchant BOOK with [Efficiency 4] enchantment(s) which cost 30 xp level
[2024-03-20 20:16:25] [world] The Player <I_am_amazing> has used an enchantment table that's located at X= -1355, Y= 63, Z= -263 to enchant DIAMOND_BOOTS with [Protection 4, Depth Strider 3, Unbreaking 3] enchantment(s) which cost 30 xp level
[2024-03-20 20:16:36] [world] The Player <I_am_amazing> has used an enchantment table that's located at X= -1355, Y= 63, Z= -263 to enchant BOOK with [Sharpness 3] enchantment(s) which cost 30 xp level
[2024-03-20 20:16:43] [world] The Player <I_am_amazing> has used an enchantment table that's located at X= -1355, Y= 63, Z= -263 to enchant BOOK with [Fortune 2] enchantment(s) which cost 30 xp level
[2024-03-20 20:16:48] [world] The Player <I_am_amazing> has used an enchantment table that's located at X= -1355, Y= 63, Z= -263 to enchant DIAMOND_SWORD with [Fire Aspect 2, Looting 3] enchantment(s) which cost 30 xp level
[2024-03-20 20:19:16] [world] The Player <I_am_amazing> has used an enchantment table that's located at X= -1355, Y= 63, Z= -262 to enchant DIAMOND_CHESTPLATE with [Fire Protection 3, Unbreaking 3] enchantment(s) which cost 30 xp level
[2024-03-20 20:20:25] [world] The Player <I_am_amazing> has used an enchantment table that's located at X= -1355, Y= 63, Z= -262 to enchant BOOK with [Blast Protection 4] enchantment(s) which cost 30 xp level
[2024-03-20 20:20:33] [world] The Player <I_am_amazing> has used an enchantment table that's located at X= -1355, Y= 63, Z= -262 to enchant DIAMOND_CHESTPLATE with [Protection 3, Unbreaking 3] enchantment(s) which cost 30 xp level
[2024-03-20 20:21:49] [world] The Player <I_am_amazing> has used an enchantment table that's located at X= -1355, Y= 63, Z= -262 to enchant BOOK with [Protection 3] enchantment(s) which cost 30 xp level
[2024-03-20 20:21:52] [world] The Player <I_am_amazing> has used an enchantment table that's located at X= -1355, Y= 63, Z= -262 to enchant DIAMOND_CHESTPLATE with [Protection 4] enchantment(s) which cost 30 xp level
[2024-03-20 20:22:15] [world] The Player <I_am_amazing> has used an enchantment table that's located at X= -1355, Y= 63, Z= -263 to enchant BOOK with [Power 4] enchantment(s) which cost 30 xp level
[2024-03-20 20:22:24] [world] The Player <I_am_amazing> has used an enchantment table that's located at X= -1355, Y= 63, Z= -263 to enchant BOOK with [Power 4] enchantment(s) which cost 30 xp level
[2024-03-20 20:22:31] [world] The Player <I_am_amazing> has used an enchantment table that's located at X= -1355, Y= 63, Z= -263 to enchant BOOK with [Efficiency 3, Lure 2] enchantment(s) which cost 30 xp level
[2024-03-20 20:22:37] [world] The Player <I_am_amazing> has used an enchantment table that's located at X= -1355, Y= 63, Z= -263 to enchant BOOK with [Sharpness 3, Protection 3] enchantment(s) which cost 30 xp level
[2024-03-20 20:22:41] [world] The Player <I_am_amazing> has used an enchantment table that's located at X= -1355, Y= 63, Z= -263 to enchant BOOK with [Power 3] enchantment(s) which cost 30 xp level
[2024-03-20 20:22:45] [world] The Player <I_am_amazing> has used an enchantment table that's located at X= -1355, Y= 63, Z= -263 to enchant BOOK with [Depth Strider 3] enchantment(s) which cost 30 xp level
[2024-03-20 20:28:10] [world] The Player <I_am_amazing> has used an enchantment table that's located at X= -1355, Y= 63, Z= -262 to enchant DIAMOND_LEGGINGS with [Unbreaking 3, Blast Protection 4] enchantment(s) which cost 30 xp level
[2024-03-20 20:30:41] [world] The Player <I_am_amazing> has used an enchantment table that's located at X= -1355, Y= 63, Z= -262 to enchant BOOK with [Sharpness 3] enchantment(s) which cost 30 xp level
[2024-03-20 20:30:50] [world] The Player <I_am_amazing> has used an enchantment table that's located at X= -1355, Y= 63, Z= -262 to enchant BOOK with [Unbreaking 3, Infinite 1] enchantment(s) which cost 30 xp level
[2024-03-20 20:31:03] [world] The Player <I_am_amazing> has used an enchantment table that's located at X= -1355, Y= 63, Z= -262 to enchant BOOK with [Sharpness 1] enchantment(s) which cost 6 xp level
[2024-03-20 20:31:09] [world] The Player <I_am_amazing> has used an enchantment table that's located at X= -1355, Y= 63, Z= -262 to enchant BOOK with [Protection 2] enchantment(s) which cost 12 xp level
[2024-03-20 20:31:16] [world] The Player <I_am_amazing> has used an enchantment table that's located at X= -1355, Y= 63, Z= -262 to enchant BOOK with [Protection 3] enchantment(s) which cost 30 xp level
[2024-03-20 20:33:03] [world] The Player <I_am_amazing> has used an enchantment table that's located at X= -1355, Y= 63, Z= -263 to enchant BOOK with [Efficiency 3, Unbreaking 3] enchantment(s) which cost 30 xp level
[2024-03-20 20:33:11] [world] The Player <I_am_amazing> has used an enchantment table that's located at X= -1355, Y= 63, Z= -263 to enchant BOOK with [Protection 2] enchantment(s) which cost 17 xp level
[2024-03-20 20:33:19] [world] The Player <I_am_amazing> has used an enchantment table that's located at X= -1355, Y= 63, Z= -263 to enchant BOOK with [Protection 3, Efficiency 4] enchantment(s) which cost 30 xp level
[2024-03-20 20:33:32] [world] The Player <I_am_amazing> has used an enchantment table that's located at X= -1355, Y= 63, Z= -263 to enchant BOW with [Flame 1] enchantment(s) which cost 30 xp level
[2024-03-20 20:34:30] [world] The Player <I_am_amazing> has used an enchantment table that's located at X= -1355, Y= 63, Z= -262 to enchant BOOK with [Feather Falling 4] enchantment(s) which cost 30 xp level
[2024-03-20 20:34:38] [world] The Player <I_am_amazing> has used an enchantment table that's located at X= -1355, Y= 63, Z= -262 to enchant BOOK with [Power 3, Infinite 1] enchantment(s) which cost 30 xp level
[2024-03-20 20:34:49] [world] The Player <I_am_amazing> has used an enchantment table that's located at X= -1355, Y= 63, Z= -262 to enchant BOOK with [Feather Falling 4] enchantment(s) which cost 30 xp level
[2024-03-20 20:34:55] [world] The Player <I_am_amazing> has used an enchantment table that's located at X= -1355, Y= 63, Z= -262 to enchant BOOK with [Projectile Protection 4] enchantment(s) which cost 30 xp level
[2024-03-20 22:33:53] [world] The Player <A_Random_Person> has used an enchantment table that's located at X= -577, Y= 68, Z= 248 to enchant IRON_PICKAXE with [Efficiency 2] enchantment(s) which cost 9 xp level
[2024-03-21 01:04:51] [world] The Player <A_Random_Person> has used an enchantment table that's located at X= -576, Y= 68, Z= 248 to enchant IRON_SWORD with [Sharpness 1, Unbreaking 1] enchantment(s) which cost 4 xp level
[2024-03-21 11:21:13] [world] The Player <Mudkips_Rule> has used an enchantment table that's located at X= -1355, Y= 63, Z= -263 to enchant IRON_HELMET with [Protection 3, Unbreaking 3, Respiration 3] enchantment(s) which cost 30 xp level
[2024-03-21 12:52:14] [world] The Player <NezukoChan> has used an enchantment table that's located at X= -10157, Y= 63, Z= 4116 to enchant DIAMOND_HELMET with [Protection 1] enchantment(s) which cost 3 xp level
[2024-03-21 12:55:18] [world] The Player <NezukoChan> has used an enchantment table that's located at X= -10155, Y= 63, Z= 4115 to enchant DIAMOND_CHESTPLATE with [Protection 2] enchantment(s) which cost 14 xp level
[2024-03-21 13:48:29] [world] The Player <hexa> has used an enchantment table that's located at X= -577, Y= 68, Z= 248 to enchant BOW with [Power 4] enchantment(s) which cost 30 xp level
[2024-03-21 13:54:34] [world] The Player <NezukoChan> has used an enchantment table that's located at X= -10156, Y= 63, Z= 4116 to enchant DIAMOND_LEGGINGS with [Protection 2] enchantment(s) which cost 7 xp level
