[2024-03-21 21:57:47] [world] The Player <Tester> has used an enchantment table that's located at X= -10156, Y= 63, Z= 4116 to enchant FISHING_ROD with [Unbreaking 2] enchantment(s) which cost 17 xp level
[2024-03-21 21:59:40] [world] The Player <Tester> has used an enchantment table that's located at X= -10157, Y= 63, Z= 4116 to enchant FISHING_ROD with [Lure 1] enchantment(s) which cost 14 xp level
[2024-03-21 22:06:32] [world] The Player <Tester> has used an enchantment table that's located at X= -10155, Y= 63, Z= 4116 to enchant FISHING_ROD with [Lure 1] enchantment(s) which cost 19 xp level
[2024-03-21 22:11:57] [world] The Player <astronomy> has used an enchantment table that's located at X= -10155, Y= 63, Z= 4116 to enchant FISHING_ROD with [Unbreaking 3] enchantment(s) which cost 21 xp level
[2024-03-22 06:35:07] [world] The Player <astronomy> has used an enchantment table that's located at X= -10157, Y= 63, Z= 4116 to enchant IRON_CHESTPLATE with [Protection 1] enchantment(s) which cost 8 xp level
[2024-03-22 06:35:16] [world] The Player <astronomy> has used an enchantment table that's located at X= -10157, Y= 63, Z= 4116 to enchant IRON_HELMET with [Protection 1] enchantment(s) which cost 6 xp level
[2024-03-22 06:35:23] [world] The Player <astronomy> has used an enchantment table that's located at X= -10157, Y= 63, Z= 4116 to enchant IRON_LEGGINGS with [Unbreaking 2] enchantment(s) which cost 11 xp level
[2024-03-22 06:35:31] [world] The Player <astronomy> has used an enchantment table that's located at X= -10157, Y= 63, Z= 4116 to enchant IRON_BOOTS with [Feather Falling 2] enchantment(s) which cost 9 xp level
[2024-03-22 06:35:58] [world] The Player <astronomy> has used an enchantment table that's located at X= -10157, Y= 63, Z= 4116 to enchant IRON_PICKAXE with [Unbreaking 2] enchantment(s) which cost 9 xp level
[2024-03-22 06:36:06] [world] The Player <astronomy> has used an enchantment table that's located at X= -10157, Y= 63, Z= 4116 to enchant IRON_SWORD with [Sharpness 2, Knockback 1] enchantment(s) which cost 9 xp level
[2024-03-22 06:36:17] [world] The Player <astronomy> has used an enchantment table that's located at X= -10157, Y= 63, Z= 4116 to enchant BOW with [Power 1] enchantment(s) which cost 7 xp level
[2024-03-22 06:36:31] [world] The Player <astronomy> has used an enchantment table that's located at X= -10157, Y= 63, Z= 4116 to enchant IRON_AXE with [Efficiency 2, Unbreaking 2] enchantment(s) which cost 8 xp level
[2024-03-22 13:39:44] [world] The Player <hexa> has used an enchantment table that's located at X= -577, Y= 68, Z= 247 to enchant DIAMOND_CHESTPLATE with [Projectile Protection 4, Unbreaking 3] enchantment(s) which cost 30 xp level
[2024-03-22 13:39:54] [world] The Player <hexa> has used an enchantment table that's located at X= -577, Y= 68, Z= 247 to enchant DIAMOND_LEGGINGS with [Protection 2] enchantment(s) which cost 14 xp level
[2024-03-22 13:39:59] [world] The Player <hexa> has used an enchantment table that's located at X= -577, Y= 68, Z= 247 to enchant DIAMOND_BOOTS with [Protection 2] enchantment(s) which cost 7 xp level
[2024-03-22 13:40:03] [world] The Player <hexa> has used an enchantment table that's located at X= -577, Y= 68, Z= 247 to enchant DIAMOND_HELMET with [Protection 2, Aqua Affinity 1] enchantment(s) which cost 13 xp level
[2024-03-22 13:45:36] [world] The Player <I_am_amazing> has used an enchantment table that's located at X= -577, Y= 68, Z= 248 to enchant DIAMOND_CHESTPLATE with [Protection 3] enchantment(s) which cost 30 xp level
[2024-03-22 13:45:44] [world] The Player <I_am_amazing> has used an enchantment table that's located at X= -577, Y= 68, Z= 248 to enchant BOW with [Power 4, Unbreaking 3] enchantment(s) which cost 30 xp level
[2024-03-22 13:46:55] [world] The Player <I_am_amazing> has used an enchantment table that's located at X= -577, Y= 68, Z= 248 to enchant DIAMOND_BOOTS with [Protection 4, Unbreaking 3] enchantment(s) which cost 30 xp level
[2024-03-22 13:47:00] [world] The Player <I_am_amazing> has used an enchantment table that's located at X= -577, Y= 68, Z= 248 to enchant DIAMOND_HELMET with [Protection 3] enchantment(s) which cost 30 xp level
[2024-03-22 13:47:03] [world] The Player <I_am_amazing> has used an enchantment table that's located at X= -577, Y= 68, Z= 248 to enchant DIAMOND_LEGGINGS with [Unbreaking 3] enchantment(s) which cost 30 xp level
[2024-03-22 14:00:28] [world] The Player <I_am_amazing> has used an enchantment table that's located at X= -1355, Y= 63, Z= -262 to enchant IRON_AXE with [Efficiency 4, Silk Touch 1, Unbreaking 3] enchantment(s) which cost 30 xp level
[2024-03-22 14:01:34] [world] The Player <I_am_amazing> has used an enchantment table that's located at X= -1355, Y= 62, Z= -263 to enchant DIAMOND_SPADE with [Efficiency 4, Unbreaking 3, Fortune 3] enchantment(s) which cost 30 xp level
[2024-03-22 14:01:53] [world] The Player <I_am_amazing> has used an enchantment table that's located at X= -1355, Y= 63, Z= -263 to enchant IRON_BOOTS with [Protection 4, Depth Strider 3, Unbreaking 3] enchantment(s) which cost 30 xp level
[2024-03-22 14:02:09] [world] The Player <I_am_amazing> has used an enchantment table that's located at X= -1355, Y= 63, Z= -262 to enchant IRON_CHESTPLATE with [Unbreaking 3] enchantment(s) which cost 30 xp level
[2024-03-22 14:02:51] [world] The Player <I_am_amazing> has used an enchantment table that's located at X= -1355, Y= 63, Z= -261 to enchant IRON_LEGGINGS with [Fire Protection 3, Unbreaking 3] enchantment(s) which cost 30 xp level
[2024-03-22 14:04:52] [world] The Player <I_am_amazing> has used an enchantment table that's located at X= -1355, Y= 63, Z= -261 to enchant IRON_PICKAXE with [Fortune 3] enchantment(s) which cost 30 xp level
[2024-03-22 14:04:56] [world] The Player <I_am_amazing> has used an enchantment table that's located at X= -1355, Y= 63, Z= -261 to enchant IRON_LEGGINGS with [Protection 4, Unbreaking 3] enchantment(s) which cost 30 xp level
[2024-03-22 14:05:00] [world] The Player <I_am_amazing> has used an enchantment table that's located at X= -1355, Y= 63, Z= -261 to enchant IRON_CHESTPLATE with [Protection 3, Unbreaking 3] enchantment(s) which cost 30 xp level
[2024-03-22 14:05:04] [world] The Player <I_am_amazing> has used an enchantment table that's located at X= -1355, Y= 63, Z= -261 to enchant IRON_HELMET with [Respiration 3, Unbreaking 3] enchantment(s) which cost 30 xp level
[2024-03-22 14:08:22] [world] The Player <I_am_amazing> has used an enchantment table that's located at X= -1355, Y= 63, Z= -262 to enchant IRON_PICKAXE with [Efficiency 4, Fortune 3] enchantment(s) which cost 30 xp level
[2024-03-22 14:10:03] [world] The Player <I_am_amazing> has used an enchantment table that's located at X= -1355, Y= 63, Z= -261 to enchant IRON_PICKAXE with [Efficiency 4] enchantment(s) which cost 30 xp level
[2024-03-22 14:10:09] [world] The Player <I_am_amazing> has used an enchantment table that's located at X= -1355, Y= 63, Z= -261 to enchant IRON_HELMET with [Protection 4, Unbreaking 3, Respiration 3] enchantment(s) which cost 30 xp level
[2024-03-22 14:25:31] [world] The Player <MrBlob2U> has used an enchantment table that's located at X= -1355, Y= 63, Z= -262 to enchant DIAMOND_PICKAXE with [Efficiency 4, Unbreaking 3, Fortune 2] enchantment(s) which cost 30 xp level
[2024-03-22 14:38:50] [world] The Player <MrBlob2U> has used an enchantment table that's located at X= -1355, Y= 63, Z= -260 to enchant DIAMOND_SWORD with [Bane of Arthropods 4, Unbreaking 3] enchantment(s) which cost 30 xp level
[2024-03-22 14:39:37] [world] The Player <MrBlob2U> has used an enchantment table that's located at X= -577, Y= 68, Z= 249 to enchant BOOK with [Sharpness 2] enchantment(s) which cost 17 xp level
[2024-03-22 15:38:06] [world] The Player <MrBlob2U> has used an enchantment table that's located at X= -577, Y= 68, Z= 248 to enchant FISHING_ROD with [Unbreaking 1] enchantment(s) which cost 6 xp level
[2024-03-22 15:38:17] [world] The Player <MrBlob2U> has used an enchantment table that's located at X= -577, Y= 68, Z= 248 to enchant BOOK with [Bane of Arthropods 1] enchantment(s) which cost 7 xp level
[2024-03-22 15:38:51] [world] The Player <hexa> has used an enchantment table that's located at X= -577, Y= 68, Z= 249 to enchant FISHING_ROD with [Unbreaking 2] enchantment(s) which cost 15 xp level
[2024-03-22 17:34:11] [world] The Player <VeerIsKKK> has used an enchantment table that's located at X= -577, Y= 68, Z= 249 to enchant DIAMOND_SWORD with [Sharpness 1, Unbreaking 1, Knockback 1] enchantment(s) which cost 6 xp level
[2024-03-22 18:50:45] [world] The Player <qwerty> has used an enchantment table that's located at X= -577, Y= 68, Z= 248 to enchant BOOK with [Protection 1] enchantment(s) which cost 8 xp level
[2024-03-22 18:50:49] [world] The Player <qwerty> has used an enchantment table that's located at X= -577, Y= 68, Z= 248 to enchant BOOK with [Knockback 1] enchantment(s) which cost 5 xp level
[2024-03-22 18:50:53] [world] The Player <qwerty> has used an enchantment table that's located at X= -577, Y= 68, Z= 248 to enchant BOOK with [Power 2] enchantment(s) which cost 12 xp level
[2024-03-22 18:51:10] [world] The Player <qwerty> has used an enchantment table that's located at X= -577, Y= 68, Z= 248 to enchant BOOK with [Sharpness 1] enchantment(s) which cost 4 xp level
[2024-03-22 18:58:30] [world] The Player <qwerty> has used an enchantment table that's located at X= -577, Y= 68, Z= 248 to enchant BOOK with [Feather Falling 3] enchantment(s) which cost 18 xp level
[2024-03-22 18:58:39] [world] The Player <qwerty> has used an enchantment table that's located at X= -577, Y= 68, Z= 248 to enchant BOOK with [Projectile Protection 1] enchantment(s) which cost 7 xp level
[2024-03-22 18:58:44] [world] The Player <qwerty> has used an enchantment table that's located at X= -577, Y= 68, Z= 248 to enchant BOOK with [Power 1] enchantment(s) which cost 4 xp level
[2024-03-22 18:58:52] [world] The Player <qwerty> has used an enchantment table that's located at X= -577, Y= 68, Z= 248 to enchant BOOK with [Protection 1] enchantment(s) which cost 4 xp level
[2024-03-22 18:58:55] [world] The Player <qwerty> has used an enchantment table that's located at X= -577, Y= 68, Z= 248 to enchant BOOK with [Feather Falling 1] enchantment(s) which cost 4 xp level
[2024-03-22 18:59:02] [world] The Player <qwerty> has used an enchantment table that's located at X= -577, Y= 68, Z= 248 to enchant BOOK with [Power 2] enchantment(s) which cost 9 xp level
[2024-03-22 18:59:10] [world] The Player <qwerty> has used an enchantment table that's located at X= -577, Y= 68, Z= 248 to enchant BOOK with [Protection 1] enchantment(s) which cost 8 xp level
[2024-03-22 18:59:21] [world] The Player <qwerty> has used an enchantment table that's located at X= -577, Y= 68, Z= 248 to enchant BOOK with [Efficiency 1] enchantment(s) which cost 7 xp level
[2024-03-22 18:59:25] [world] The Player <qwerty> has used an enchantment table that's located at X= -577, Y= 68, Z= 248 to enchant BOOK with [Smite 1] enchantment(s) which cost 6 xp level
[2024-03-22 18:59:33] [world] The Player <qwerty> has used an enchantment table that's located at X= -577, Y= 68, Z= 248 to enchant BOOK with [Protection 1] enchantment(s) which cost 6 xp level
[2024-03-22 21:59:19] [world] The Player <Mudkips_Rule> has used an enchantment table that's located at X= -1356, Y= 63, Z= -263 to enchant IRON_SWORD with [Sharpness 3, Knockback 2, Fire Aspect 2] enchantment(s) which cost 30 xp level
[2024-03-23 01:47:49] [world] The Player <Mudkips_Rule> has used an enchantment table that's located at X= -1356, Y= 63, Z= -263 to enchant DIAMOND_PICKAXE with [Unbreaking 3, Fortune 2] enchantment(s) which cost 30 xp level
[2024-03-23 01:48:00] [world] The Player <Mudkips_Rule> has used an enchantment table that's located at X= -1356, Y= 63, Z= -263 to enchant DIAMOND_AXE with [Efficiency 2] enchantment(s) which cost 9 xp level
[2024-03-23 14:00:01] [world] The Player <Mudkips_Rule> has used an enchantment table that's located at X= -1355, Y= 63, Z= -262 to enchant DIAMOND_HELMET with [Aqua Affinity 1] enchantment(s) which cost 6 xp level
[2024-03-23 14:03:40] [world] The Player <Mudkips_Rule> has used an enchantment table that's located at X= -1355, Y= 63, Z= -262 to enchant DIAMOND_CHESTPLATE with [Thorns 1] enchantment(s) which cost 15 xp level
[2024-03-23 14:04:43] [world] The Player <Mudkips_Rule> has used an enchantment table that's located at X= -1355, Y= 62, Z= -263 to enchant DIAMOND_AXE with [Efficiency 2, Unbreaking 2] enchantment(s) which cost 11 xp level
[2024-03-23 14:04:50] [world] The Player <Mudkips_Rule> has used an enchantment table that's located at X= -1355, Y= 62, Z= -263 to enchant DIAMOND_LEGGINGS with [Unbreaking 1] enchantment(s) which cost 5 xp level
